[0.179s] Invoking command in '/home/atharva/Learning_ROS2/ros2_ws/build/mae547_bringup': CMAKE_PREFIX_PATH=/home/atharva/Learning_ROS2/ros2_ws/install/my_robot_description:/home/atharva/Learning_ROS2/ros2_ws/install/radio_station_bringup:/home/atharva/Learning_ROS2/ros2_ws/install/my_robot_interfaces:/home/atharva/Learning_ROS2/ros2_ws/install/my_robot_bringup:/home/atharva/Learning_ROS2/ros2_ws/install/mae547_bringup:/home/atharva/Learning_ROS2/ros2_ws/install/mae_547:/home/atharva/Learning_ROS2/ros2_ws/install/launches:/home/atharva/Learning_ROS2/ros2_ws/install/autocar_nav:/home/atharva/Learning_ROS2/ros2_ws/install/autocar_msgs:/home/atharva/Learning_ROS2/ros2_ws/install/autocar_map:/home/atharva/Learning_ROS2/ros2_ws/install/autocar_gazebo:/home/atharva/Learning_ROS2/ros2_ws/install/autocar_description:/home/atharva/Learning_ROS2/ros2_ws/install/turtlesim_catch_em_all:/home/atharva/Learning_ROS2/ros2_ws/install/my_py_pkg:/opt/ros/humble /usr/bin/cmake --build /home/atharva/Learning_ROS2/ros2_ws/build/mae547_bringup -- -j32 -l32
[0.268s] Invoked command in '/home/atharva/Learning_ROS2/ros2_ws/build/mae547_bringup' returned '0': CMAKE_PREFIX_PATH=/home/atharva/Learning_ROS2/ros2_ws/install/my_robot_description:/home/atharva/Learning_ROS2/ros2_ws/install/radio_station_bringup:/home/atharva/Learning_ROS2/ros2_ws/install/my_robot_interfaces:/home/atharva/Learning_ROS2/ros2_ws/install/my_robot_bringup:/home/atharva/Learning_ROS2/ros2_ws/install/mae547_bringup:/home/atharva/Learning_ROS2/ros2_ws/install/mae_547:/home/atharva/Learning_ROS2/ros2_ws/install/launches:/home/atharva/Learning_ROS2/ros2_ws/install/autocar_nav:/home/atharva/Learning_ROS2/ros2_ws/install/autocar_msgs:/home/atharva/Learning_ROS2/ros2_ws/install/autocar_map:/home/atharva/Learning_ROS2/ros2_ws/install/autocar_gazebo:/home/atharva/Learning_ROS2/ros2_ws/install/autocar_description:/home/atharva/Learning_ROS2/ros2_ws/install/turtlesim_catch_em_all:/home/atharva/Learning_ROS2/ros2_ws/install/my_py_pkg:/opt/ros/humble /usr/bin/cmake --build /home/atharva/Learning_ROS2/ros2_ws/build/mae547_bringup -- -j32 -l32
[0.282s] Invoking command in '/home/atharva/Learning_ROS2/ros2_ws/build/mae547_bringup': CMAKE_PREFIX_PATH=/home/atharva/Learning_ROS2/ros2_ws/install/my_robot_description:/home/atharva/Learning_ROS2/ros2_ws/install/radio_station_bringup:/home/atharva/Learning_ROS2/ros2_ws/install/my_robot_interfaces:/home/atharva/Learning_ROS2/ros2_ws/install/my_robot_bringup:/home/atharva/Learning_ROS2/ros2_ws/install/mae547_bringup:/home/atharva/Learning_ROS2/ros2_ws/install/mae_547:/home/atharva/Learning_ROS2/ros2_ws/install/launches:/home/atharva/Learning_ROS2/ros2_ws/install/autocar_nav:/home/atharva/Learning_ROS2/ros2_ws/install/autocar_msgs:/home/atharva/Learning_ROS2/ros2_ws/install/autocar_map:/home/atharva/Learning_ROS2/ros2_ws/install/autocar_gazebo:/home/atharva/Learning_ROS2/ros2_ws/install/autocar_description:/home/atharva/Learning_ROS2/ros2_ws/install/turtlesim_catch_em_all:/home/atharva/Learning_ROS2/ros2_ws/install/my_py_pkg:/opt/ros/humble /usr/bin/cmake --install /home/atharva/Learning_ROS2/ros2_ws/build/mae547_bringup
[0.284s] -- Install configuration: ""
[0.284s] -- Up-to-date: /home/atharva/Learning_ROS2/ros2_ws/install/mae547_bringup/share/mae547_bringup/launch
[0.284s] -- Up-to-date: /home/atharva/Learning_ROS2/ros2_ws/install/mae547_bringup/share/mae547_bringup/launch/mae_547_gazebo.launch.xml
[0.284s] -- Up-to-date: /home/atharva/Learning_ROS2/ros2_ws/install/mae547_bringup/share/mae547_bringup/rviz
[0.284s] -- Up-to-date: /home/atharva/Learning_ROS2/ros2_ws/install/mae547_bringup/share/mae547_bringup/rviz/urdf_config.rviz
[0.284s] -- Up-to-date: /home/atharva/Learning_ROS2/ros2_ws/install/mae547_bringup/share/ament_index/resource_index/package_run_dependencies/mae547_bringup
[0.284s] -- Up-to-date: /home/atharva/Learning_ROS2/ros2_ws/install/mae547_bringup/share/ament_index/resource_index/parent_prefix_path/mae547_bringup
[0.284s] -- Up-to-date: /home/atharva/Learning_ROS2/ros2_ws/install/mae547_bringup/share/mae547_bringup/environment/ament_prefix_path.sh
[0.285s] -- Up-to-date: /home/atharva/Learning_ROS2/ros2_ws/install/mae547_bringup/share/mae547_bringup/environment/ament_prefix_path.dsv
[0.285s] -- Up-to-date: /home/atharva/Learning_ROS2/ros2_ws/install/mae547_bringup/share/mae547_bringup/environment/path.sh
[0.285s] -- Up-to-date: /home/atharva/Learning_ROS2/ros2_ws/install/mae547_bringup/share/mae547_bringup/environment/path.dsv
[0.285s] -- Up-to-date: /home/atharva/Learning_ROS2/ros2_ws/install/mae547_bringup/share/mae547_bringup/local_setup.bash
[0.285s] -- Up-to-date: /home/atharva/Learning_ROS2/ros2_ws/install/mae547_bringup/share/mae547_bringup/local_setup.sh
[0.285s] -- Up-to-date: /home/atharva/Learning_ROS2/ros2_ws/install/mae547_bringup/share/mae547_bringup/local_setup.zsh
[0.285s] -- Up-to-date: /home/atharva/Learning_ROS2/ros2_ws/install/mae547_bringup/share/mae547_bringup/local_setup.dsv
[0.285s] -- Installing: /home/atharva/Learning_ROS2/ros2_ws/install/mae547_bringup/share/mae547_bringup/package.dsv
[0.286s] -- Up-to-date: /home/atharva/Learning_ROS2/ros2_ws/install/mae547_bringup/share/ament_index/resource_index/packages/mae547_bringup
[0.286s] -- Up-to-date: /home/atharva/Learning_ROS2/ros2_ws/install/mae547_bringup/share/mae547_bringup/cmake/mae547_bringupConfig.cmake
[0.286s] -- Up-to-date: /home/atharva/Learning_ROS2/ros2_ws/install/mae547_bringup/share/mae547_bringup/cmake/mae547_bringupConfig-version.cmake
[0.286s] -- Up-to-date: /home/atharva/Learning_ROS2/ros2_ws/install/mae547_bringup/share/mae547_bringup/package.xml
[0.286s] Invoked command in '/home/atharva/Learning_ROS2/ros2_ws/build/mae547_bringup' returned '0': CMAKE_PREFIX_PATH=/home/atharva/Learning_ROS2/ros2_ws/install/my_robot_description:/home/atharva/Learning_ROS2/ros2_ws/install/radio_station_bringup:/home/atharva/Learning_ROS2/ros2_ws/install/my_robot_interfaces:/home/atharva/Learning_ROS2/ros2_ws/install/my_robot_bringup:/home/atharva/Learning_ROS2/ros2_ws/install/mae547_bringup:/home/atharva/Learning_ROS2/ros2_ws/install/mae_547:/home/atharva/Learning_ROS2/ros2_ws/install/launches:/home/atharva/Learning_ROS2/ros2_ws/install/autocar_nav:/home/atharva/Learning_ROS2/ros2_ws/install/autocar_msgs:/home/atharva/Learning_ROS2/ros2_ws/install/autocar_map:/home/atharva/Learning_ROS2/ros2_ws/install/autocar_gazebo:/home/atharva/Learning_ROS2/ros2_ws/install/autocar_description:/home/atharva/Learning_ROS2/ros2_ws/install/turtlesim_catch_em_all:/home/atharva/Learning_ROS2/ros2_ws/install/my_py_pkg:/opt/ros/humble /usr/bin/cmake --install /home/atharva/Learning_ROS2/ros2_ws/build/mae547_bringup
