[0.115s] Invoking command in '/home/atharva/Learning_ROS2/ros2_ws/build/radio_station_bringup': AMENT_PREFIX_PATH=/home/atharva/Learning_ROS2/ros2_ws/install/my_py_pkg:/home/atharva/Learning_ROS2/ros2_ws/install/my_robot_interfaces:${AMENT_PREFIX_PATH} CMAKE_PREFIX_PATH=/home/atharva/Learning_ROS2/ros2_ws/install/my_robot_interfaces:/home/atharva/Learning_ROS2/ros2_ws/install/my_robot_gazebo_bringup:/home/atharva/Learning_ROS2/ros2_ws/install/my_robot_description:/home/atharva/ros2_ws/install/my_robot_gazebo_bringup:/home/atharva/ros2_ws/install/my_robot_description:/opt/ros/humble LD_LIBRARY_PATH=/home/atharva/Learning_ROS2/ros2_ws/install/my_robot_interfaces/lib:${LD_LIBRARY_PATH} PYTHONPATH=/home/atharva/Learning_ROS2/ros2_ws/install/my_py_pkg/lib/python3.10/site-packages:/home/atharva/Learning_ROS2/ros2_ws/install/my_robot_interfaces/local/lib/python3.10/dist-packages:${PYTHONPATH} /usr/bin/cmake /home/atharva/Learning_ROS2/ros2_ws/src/radio_station_bringup -DCMAKE_INSTALL_PREFIX=/home/atharva/Learning_ROS2/ros2_ws/install/radio_station_bringup
[0.182s] -- The C compiler identification is GNU 11.4.0
[0.250s] -- The CXX compiler identification is GNU 11.4.0
[0.258s] -- Detecting C compiler ABI info
[0.337s] -- Detecting C compiler ABI info - done
[0.346s] -- Check for working C compiler: /usr/bin/cc - skipped
[0.346s] -- Detecting C compile features
[0.347s] -- Detecting C compile features - done
[0.350s] -- Detecting CXX compiler ABI info
[0.443s] -- Detecting CXX compiler ABI info - done
[0.460s] -- Check for working CXX compiler: /usr/bin/c++ - skipped
[0.460s] -- Detecting CXX compile features
[0.461s] -- Detecting CXX compile features - done
[0.467s] -- Found ament_cmake: 1.3.5 (/opt/ros/humble/share/ament_cmake/cmake)
[0.682s] -- Found Python3: /usr/bin/python3.10 (found version "3.10.12") found components: Interpreter 
[0.869s] -- Configuring done
[0.872s] -- Generating done
[0.873s] -- Build files have been written to: /home/atharva/Learning_ROS2/ros2_ws/build/radio_station_bringup
[0.878s] Invoked command in '/home/atharva/Learning_ROS2/ros2_ws/build/radio_station_bringup' returned '0': AMENT_PREFIX_PATH=/home/atharva/Learning_ROS2/ros2_ws/install/my_py_pkg:/home/atharva/Learning_ROS2/ros2_ws/install/my_robot_interfaces:${AMENT_PREFIX_PATH} CMAKE_PREFIX_PATH=/home/atharva/Learning_ROS2/ros2_ws/install/my_robot_interfaces:/home/atharva/Learning_ROS2/ros2_ws/install/my_robot_gazebo_bringup:/home/atharva/Learning_ROS2/ros2_ws/install/my_robot_description:/home/atharva/ros2_ws/install/my_robot_gazebo_bringup:/home/atharva/ros2_ws/install/my_robot_description:/opt/ros/humble LD_LIBRARY_PATH=/home/atharva/Learning_ROS2/ros2_ws/install/my_robot_interfaces/lib:${LD_LIBRARY_PATH} PYTHONPATH=/home/atharva/Learning_ROS2/ros2_ws/install/my_py_pkg/lib/python3.10/site-packages:/home/atharva/Learning_ROS2/ros2_ws/install/my_robot_interfaces/local/lib/python3.10/dist-packages:${PYTHONPATH} /usr/bin/cmake /home/atharva/Learning_ROS2/ros2_ws/src/radio_station_bringup -DCMAKE_INSTALL_PREFIX=/home/atharva/Learning_ROS2/ros2_ws/install/radio_station_bringup
[0.880s] Invoking command in '/home/atharva/Learning_ROS2/ros2_ws/build/radio_station_bringup': AMENT_PREFIX_PATH=/home/atharva/Learning_ROS2/ros2_ws/install/my_py_pkg:/home/atharva/Learning_ROS2/ros2_ws/install/my_robot_interfaces:${AMENT_PREFIX_PATH} CMAKE_PREFIX_PATH=/home/atharva/Learning_ROS2/ros2_ws/install/my_robot_interfaces:/home/atharva/Learning_ROS2/ros2_ws/install/my_robot_gazebo_bringup:/home/atharva/Learning_ROS2/ros2_ws/install/my_robot_description:/home/atharva/ros2_ws/install/my_robot_gazebo_bringup:/home/atharva/ros2_ws/install/my_robot_description:/opt/ros/humble LD_LIBRARY_PATH=/home/atharva/Learning_ROS2/ros2_ws/install/my_robot_interfaces/lib:${LD_LIBRARY_PATH} PYTHONPATH=/home/atharva/Learning_ROS2/ros2_ws/install/my_py_pkg/lib/python3.10/site-packages:/home/atharva/Learning_ROS2/ros2_ws/install/my_robot_interfaces/local/lib/python3.10/dist-packages:${PYTHONPATH} /usr/bin/cmake --build /home/atharva/Learning_ROS2/ros2_ws/build/radio_station_bringup -- -j4 -l4
[0.922s] Invoked command in '/home/atharva/Learning_ROS2/ros2_ws/build/radio_station_bringup' returned '0': AMENT_PREFIX_PATH=/home/atharva/Learning_ROS2/ros2_ws/install/my_py_pkg:/home/atharva/Learning_ROS2/ros2_ws/install/my_robot_interfaces:${AMENT_PREFIX_PATH} CMAKE_PREFIX_PATH=/home/atharva/Learning_ROS2/ros2_ws/install/my_robot_interfaces:/home/atharva/Learning_ROS2/ros2_ws/install/my_robot_gazebo_bringup:/home/atharva/Learning_ROS2/ros2_ws/install/my_robot_description:/home/atharva/ros2_ws/install/my_robot_gazebo_bringup:/home/atharva/ros2_ws/install/my_robot_description:/opt/ros/humble LD_LIBRARY_PATH=/home/atharva/Learning_ROS2/ros2_ws/install/my_robot_interfaces/lib:${LD_LIBRARY_PATH} PYTHONPATH=/home/atharva/Learning_ROS2/ros2_ws/install/my_py_pkg/lib/python3.10/site-packages:/home/atharva/Learning_ROS2/ros2_ws/install/my_robot_interfaces/local/lib/python3.10/dist-packages:${PYTHONPATH} /usr/bin/cmake --build /home/atharva/Learning_ROS2/ros2_ws/build/radio_station_bringup -- -j4 -l4
[0.946s] Invoking command in '/home/atharva/Learning_ROS2/ros2_ws/build/radio_station_bringup': AMENT_PREFIX_PATH=/home/atharva/Learning_ROS2/ros2_ws/install/my_py_pkg:/home/atharva/Learning_ROS2/ros2_ws/install/my_robot_interfaces:${AMENT_PREFIX_PATH} CMAKE_PREFIX_PATH=/home/atharva/Learning_ROS2/ros2_ws/install/my_robot_interfaces:/home/atharva/Learning_ROS2/ros2_ws/install/my_robot_gazebo_bringup:/home/atharva/Learning_ROS2/ros2_ws/install/my_robot_description:/home/atharva/ros2_ws/install/my_robot_gazebo_bringup:/home/atharva/ros2_ws/install/my_robot_description:/opt/ros/humble LD_LIBRARY_PATH=/home/atharva/Learning_ROS2/ros2_ws/install/my_robot_interfaces/lib:${LD_LIBRARY_PATH} PYTHONPATH=/home/atharva/Learning_ROS2/ros2_ws/install/my_py_pkg/lib/python3.10/site-packages:/home/atharva/Learning_ROS2/ros2_ws/install/my_robot_interfaces/local/lib/python3.10/dist-packages:${PYTHONPATH} /usr/bin/cmake --install /home/atharva/Learning_ROS2/ros2_ws/build/radio_station_bringup
[0.956s] -- Install configuration: ""
[0.957s] -- Installing: /home/atharva/Learning_ROS2/ros2_ws/install/radio_station_bringup/share/radio_station_bringup/launch
[0.957s] -- Installing: /home/atharva/Learning_ROS2/ros2_ws/install/radio_station_bringup/share/radio_station_bringup/launch/radio_station_app.launch.py
[0.957s] -- Installing: /home/atharva/Learning_ROS2/ros2_ws/install/radio_station_bringup/share/ament_index/resource_index/package_run_dependencies/radio_station_bringup
[0.957s] -- Installing: /home/atharva/Learning_ROS2/ros2_ws/install/radio_station_bringup/share/ament_index/resource_index/parent_prefix_path/radio_station_bringup
[0.957s] -- Installing: /home/atharva/Learning_ROS2/ros2_ws/install/radio_station_bringup/share/radio_station_bringup/environment/ament_prefix_path.sh
[0.958s] -- Installing: /home/atharva/Learning_ROS2/ros2_ws/install/radio_station_bringup/share/radio_station_bringup/environment/ament_prefix_path.dsv
[0.958s] -- Installing: /home/atharva/Learning_ROS2/ros2_ws/install/radio_station_bringup/share/radio_station_bringup/environment/path.sh
[0.958s] -- Installing: /home/atharva/Learning_ROS2/ros2_ws/install/radio_station_bringup/share/radio_station_bringup/environment/path.dsv
[0.959s] -- Installing: /home/atharva/Learning_ROS2/ros2_ws/install/radio_station_bringup/share/radio_station_bringup/local_setup.bash
[0.959s] -- Installing: /home/atharva/Learning_ROS2/ros2_ws/install/radio_station_bringup/share/radio_station_bringup/local_setup.sh
[0.960s] -- Installing: /home/atharva/Learning_ROS2/ros2_ws/install/radio_station_bringup/share/radio_station_bringup/local_setup.zsh
[0.960s] -- Installing: /home/atharva/Learning_ROS2/ros2_ws/install/radio_station_bringup/share/radio_station_bringup/local_setup.dsv
[0.961s] -- Installing: /home/atharva/Learning_ROS2/ros2_ws/install/radio_station_bringup/share/radio_station_bringup/package.dsv
[0.961s] -- Installing: /home/atharva/Learning_ROS2/ros2_ws/install/radio_station_bringup/share/ament_index/resource_index/packages/radio_station_bringup
[0.961s] -- Installing: /home/atharva/Learning_ROS2/ros2_ws/install/radio_station_bringup/share/radio_station_bringup/cmake/radio_station_bringupConfig.cmake
[0.962s] -- Installing: /home/atharva/Learning_ROS2/ros2_ws/install/radio_station_bringup/share/radio_station_bringup/cmake/radio_station_bringupConfig-version.cmake
[0.963s] -- Installing: /home/atharva/Learning_ROS2/ros2_ws/install/radio_station_bringup/share/radio_station_bringup/package.xml
[0.966s] Invoked command in '/home/atharva/Learning_ROS2/ros2_ws/build/radio_station_bringup' returned '0': AMENT_PREFIX_PATH=/home/atharva/Learning_ROS2/ros2_ws/install/my_py_pkg:/home/atharva/Learning_ROS2/ros2_ws/install/my_robot_interfaces:${AMENT_PREFIX_PATH} CMAKE_PREFIX_PATH=/home/atharva/Learning_ROS2/ros2_ws/install/my_robot_interfaces:/home/atharva/Learning_ROS2/ros2_ws/install/my_robot_gazebo_bringup:/home/atharva/Learning_ROS2/ros2_ws/install/my_robot_description:/home/atharva/ros2_ws/install/my_robot_gazebo_bringup:/home/atharva/ros2_ws/install/my_robot_description:/opt/ros/humble LD_LIBRARY_PATH=/home/atharva/Learning_ROS2/ros2_ws/install/my_robot_interfaces/lib:${LD_LIBRARY_PATH} PYTHONPATH=/home/atharva/Learning_ROS2/ros2_ws/install/my_py_pkg/lib/python3.10/site-packages:/home/atharva/Learning_ROS2/ros2_ws/install/my_robot_interfaces/local/lib/python3.10/dist-packages:${PYTHONPATH} /usr/bin/cmake --install /home/atharva/Learning_ROS2/ros2_ws/build/radio_station_bringup
