[0.143s] Invoking command in '/home/atharva/Learning_ROS2/ros2_ws/build/autocar_msgs': CMAKE_PREFIX_PATH=${CMAKE_PREFIX_PATH}:/home/atharva/Learning_ROS2/ros2_ws/install/turtlesim_catch_em_all:/home/atharva/Learning_ROS2/ros2_ws/install/my_py_pkg:/opt/ros/humble /usr/bin/cmake /home/atharva/Learning_ROS2/ros2_ws/src/autocar/autocar_msgs -DCMAKE_INSTALL_PREFIX=/home/atharva/Learning_ROS2/ros2_ws/install/autocar_msgs
[0.237s] -- The C compiler identification is GNU 11.4.0
[0.287s] -- The CXX compiler identification is GNU 11.4.0
[0.291s] -- Detecting C compiler ABI info
[0.329s] -- Detecting C compiler ABI info - done
[0.333s] -- Check for working C compiler: /usr/bin/cc - skipped
[0.333s] -- Detecting C compile features
[0.334s] -- Detecting C compile features - done
[0.335s] -- Detecting CXX compiler ABI info
[0.379s] -- Detecting CXX compiler ABI info - done
[0.385s] -- Check for working CXX compiler: /usr/bin/c++ - skipped
[0.385s] -- Detecting CXX compile features
[0.386s] -- Detecting CXX compile features - done
[0.388s] -- Found ament_cmake: 1.3.6 (/opt/ros/humble/share/ament_cmake/cmake)
[0.485s] -- Found Python3: /usr/bin/python3.10 (found version "3.10.12") found components: Interpreter 
[0.528s] -- Found geometry_msgs: 4.2.3 (/opt/ros/humble/share/geometry_msgs/cmake)
[0.565s] -- Found rosidl_generator_c: 3.1.5 (/opt/ros/humble/share/rosidl_generator_c/cmake)
[0.568s] -- Found rosidl_adapter: 3.1.5 (/opt/ros/humble/share/rosidl_adapter/cmake)
[0.572s] -- Found rosidl_generator_cpp: 3.1.5 (/opt/ros/humble/share/rosidl_generator_cpp/cmake)
[0.584s] -- Using all available rosidl_typesupport_c: rosidl_typesupport_fastrtps_c;rosidl_typesupport_introspection_c
[0.594s] -- Using all available rosidl_typesupport_cpp: rosidl_typesupport_fastrtps_cpp;rosidl_typesupport_introspection_cpp
[0.660s] -- Found rosidl_default_generators: 1.2.0 (/opt/ros/humble/share/rosidl_default_generators/cmake)
[0.808s] -- Found ament_cmake_ros: 0.10.0 (/opt/ros/humble/share/ament_cmake_ros/cmake)
[1.020s] -- Using all available rosidl_typesupport_c: rosidl_typesupport_fastrtps_c;rosidl_typesupport_introspection_c
[1.105s] -- Using all available rosidl_typesupport_cpp: rosidl_typesupport_fastrtps_cpp;rosidl_typesupport_introspection_cpp
[1.118s] -- Found PythonInterp: /usr/bin/python3 (found suitable version "3.10.12", minimum required is "3.6") 
[1.118s] -- Found python_cmake_module: 0.10.0 (/opt/ros/humble/share/python_cmake_module/cmake)
[1.135s] -- Found PythonLibs: /usr/lib/x86_64-linux-gnu/libpython3.10.so (found suitable version "3.10.12", minimum required is "3.5") 
[1.135s] -- Using PYTHON_EXECUTABLE: /usr/bin/python3
[1.135s] -- Using PYTHON_INCLUDE_DIRS: /usr/include/python3.10
[1.135s] -- Using PYTHON_LIBRARIES: /usr/lib/x86_64-linux-gnu/libpython3.10.so
[1.148s] -- Found PythonExtra: .so  
[1.182s] -- Found ament_lint_auto: 0.12.9 (/opt/ros/humble/share/ament_lint_auto/cmake)
[1.193s] -- Added test 'copyright' to check source files copyright and LICENSE
[1.194s] -- Added test 'lint_cmake' to check CMake code style
[1.194s] -- Added test 'xmllint' to check XML markup files
[1.195s] -- Configuring done
[1.213s] -- Generating done
[1.214s] -- Build files have been written to: /home/atharva/Learning_ROS2/ros2_ws/build/autocar_msgs
[1.268s] Invoked command in '/home/atharva/Learning_ROS2/ros2_ws/build/autocar_msgs' returned '0': CMAKE_PREFIX_PATH=${CMAKE_PREFIX_PATH}:/home/atharva/Learning_ROS2/ros2_ws/install/turtlesim_catch_em_all:/home/atharva/Learning_ROS2/ros2_ws/install/my_py_pkg:/opt/ros/humble /usr/bin/cmake /home/atharva/Learning_ROS2/ros2_ws/src/autocar/autocar_msgs -DCMAKE_INSTALL_PREFIX=/home/atharva/Learning_ROS2/ros2_ws/install/autocar_msgs
[1.269s] Invoking command in '/home/atharva/Learning_ROS2/ros2_ws/build/autocar_msgs': CMAKE_PREFIX_PATH=${CMAKE_PREFIX_PATH}:/home/atharva/Learning_ROS2/ros2_ws/install/turtlesim_catch_em_all:/home/atharva/Learning_ROS2/ros2_ws/install/my_py_pkg:/opt/ros/humble /usr/bin/cmake --build /home/atharva/Learning_ROS2/ros2_ws/build/autocar_msgs -- -j32 -l32
[1.290s] [  2%] [34m[1mGenerating C code for ROS interfaces[0m
[1.294s] [  4%] [34m[1mGenerating C++ code for ROS interfaces[0m
[1.298s] [  4%] Built target ament_cmake_python_copy_autocar_msgs
[1.431s] running egg_info
[1.431s] creating autocar_msgs.egg-info
[1.431s] writing autocar_msgs.egg-info/PKG-INFO
[1.431s] writing dependency_links to autocar_msgs.egg-info/dependency_links.txt
[1.431s] writing top-level names to autocar_msgs.egg-info/top_level.txt
[1.431s] writing manifest file 'autocar_msgs.egg-info/SOURCES.txt'
[1.432s] reading manifest file 'autocar_msgs.egg-info/SOURCES.txt'
[1.432s] writing manifest file 'autocar_msgs.egg-info/SOURCES.txt'
[1.447s] [  4%] Built target ament_cmake_python_build_autocar_msgs_egg
[1.464s] [  4%] Built target autocar_msgs__cpp
[1.469s] [  6%] [34m[1mGenerating C++ type support dispatch for ROS interfaces[0m
[1.469s] [  8%] [34m[1mGenerating C++ type support for eProsima Fast-RTPS[0m
[1.469s] [ 10%] [34m[1mGenerating C++ introspection for ROS interfaces[0m
[1.475s] [ 12%] [32mBuilding C object CMakeFiles/autocar_msgs__rosidl_generator_c.dir/rosidl_generator_c/autocar_msgs/msg/detail/twist2_d__functions.c.o[0m
[1.476s] [ 14%] [32mBuilding C object CMakeFiles/autocar_msgs__rosidl_generator_c.dir/rosidl_generator_c/autocar_msgs/msg/detail/path2_d__functions.c.o[0m
[1.476s] [ 17%] [32mBuilding C object CMakeFiles/autocar_msgs__rosidl_generator_c.dir/rosidl_generator_c/autocar_msgs/msg/detail/state2_d__functions.c.o[0m
[1.513s] [ 19%] [32m[1mLinking C shared library libautocar_msgs__rosidl_generator_c.so[0m
[1.534s] [ 19%] Built target autocar_msgs__rosidl_generator_c
[1.540s] [ 21%] [34m[1mGenerating C type support for eProsima Fast-RTPS[0m
[1.543s] [ 25%] [34m[1mGenerating C introspection for ROS interfaces[0m
[1.543s] [ 25%] [34m[1mGenerating C type support dispatch for ROS interfaces[0m
[1.614s] [ 27%] [32mBuilding CXX object CMakeFiles/autocar_msgs__rosidl_typesupport_cpp.dir/rosidl_typesupport_cpp/autocar_msgs/msg/twist2_d__type_support.cpp.o[0m
[1.614s] [ 29%] [32mBuilding CXX object CMakeFiles/autocar_msgs__rosidl_typesupport_cpp.dir/rosidl_typesupport_cpp/autocar_msgs/msg/state2_d__type_support.cpp.o[0m
[1.615s] [ 31%] [32mBuilding CXX object CMakeFiles/autocar_msgs__rosidl_typesupport_cpp.dir/rosidl_typesupport_cpp/autocar_msgs/msg/path2_d__type_support.cpp.o[0m
[1.627s] [ 34%] [32mBuilding CXX object CMakeFiles/autocar_msgs__rosidl_typesupport_introspection_cpp.dir/rosidl_typesupport_introspection_cpp/autocar_msgs/msg/detail/state2_d__type_support.cpp.o[0m
[1.628s] [ 36%] [32mBuilding CXX object CMakeFiles/autocar_msgs__rosidl_typesupport_introspection_cpp.dir/rosidl_typesupport_introspection_cpp/autocar_msgs/msg/detail/path2_d__type_support.cpp.o[0m
[1.628s] [ 38%] [32mBuilding CXX object CMakeFiles/autocar_msgs__rosidl_typesupport_introspection_cpp.dir/rosidl_typesupport_introspection_cpp/autocar_msgs/msg/detail/twist2_d__type_support.cpp.o[0m
[1.759s] [ 42%] [32mBuilding CXX object CMakeFiles/autocar_msgs__rosidl_typesupport_fastrtps_cpp.dir/rosidl_typesupport_fastrtps_cpp/autocar_msgs/msg/detail/dds_fastrtps/state2_d__type_support.cpp.o[0m
[1.759s] [ 42%] [32mBuilding CXX object CMakeFiles/autocar_msgs__rosidl_typesupport_fastrtps_cpp.dir/rosidl_typesupport_fastrtps_cpp/autocar_msgs/msg/detail/dds_fastrtps/twist2_d__type_support.cpp.o[0m
[1.759s] [ 44%] [32mBuilding CXX object CMakeFiles/autocar_msgs__rosidl_typesupport_fastrtps_cpp.dir/rosidl_typesupport_fastrtps_cpp/autocar_msgs/msg/detail/dds_fastrtps/path2_d__type_support.cpp.o[0m
[1.799s] [ 46%] [32mBuilding CXX object CMakeFiles/autocar_msgs__rosidl_typesupport_fastrtps_c.dir/rosidl_typesupport_fastrtps_c/autocar_msgs/msg/detail/path2_d__type_support_c.cpp.o[0m
[1.803s] [ 48%] [32mBuilding CXX object CMakeFiles/autocar_msgs__rosidl_typesupport_fastrtps_c.dir/rosidl_typesupport_fastrtps_c/autocar_msgs/msg/detail/state2_d__type_support_c.cpp.o[0m
[1.809s] [ 51%] [32mBuilding CXX object CMakeFiles/autocar_msgs__rosidl_typesupport_fastrtps_c.dir/rosidl_typesupport_fastrtps_c/autocar_msgs/msg/detail/twist2_d__type_support_c.cpp.o[0m
[1.815s] [ 53%] [32mBuilding CXX object CMakeFiles/autocar_msgs__rosidl_typesupport_c.dir/rosidl_typesupport_c/autocar_msgs/msg/path2_d__type_support.cpp.o[0m
[1.822s] [ 55%] [32mBuilding CXX object CMakeFiles/autocar_msgs__rosidl_typesupport_c.dir/rosidl_typesupport_c/autocar_msgs/msg/state2_d__type_support.cpp.o[0m
[1.828s] [ 57%] [32mBuilding CXX object CMakeFiles/autocar_msgs__rosidl_typesupport_c.dir/rosidl_typesupport_c/autocar_msgs/msg/twist2_d__type_support.cpp.o[0m
[1.844s] [ 59%] [32mBuilding C object CMakeFiles/autocar_msgs__rosidl_typesupport_introspection_c.dir/rosidl_typesupport_introspection_c/autocar_msgs/msg/detail/path2_d__type_support.c.o[0m
[1.849s] [ 61%] [32mBuilding C object CMakeFiles/autocar_msgs__rosidl_typesupport_introspection_c.dir/rosidl_typesupport_introspection_c/autocar_msgs/msg/detail/state2_d__type_support.c.o[0m
[1.859s] [ 63%] [32mBuilding C object CMakeFiles/autocar_msgs__rosidl_typesupport_introspection_c.dir/rosidl_typesupport_introspection_c/autocar_msgs/msg/detail/twist2_d__type_support.c.o[0m
[1.878s] [ 65%] [32m[1mLinking CXX shared library libautocar_msgs__rosidl_typesupport_c.so[0m
[1.893s] [ 68%] [32m[1mLinking C shared library libautocar_msgs__rosidl_typesupport_introspection_c.so[0m
[1.908s] [ 70%] [32m[1mLinking CXX shared library libautocar_msgs__rosidl_typesupport_cpp.so[0m
[1.930s] [ 70%] Built target autocar_msgs__rosidl_typesupport_introspection_c
[1.930s] [ 70%] Built target autocar_msgs__rosidl_typesupport_c
[1.947s] [ 70%] Built target autocar_msgs__rosidl_typesupport_cpp
[2.029s] [ 72%] [32m[1mLinking CXX shared library libautocar_msgs__rosidl_typesupport_introspection_cpp.so[0m
[2.069s] [ 72%] Built target autocar_msgs__rosidl_typesupport_introspection_cpp
[2.084s] [ 74%] [32m[1mLinking CXX shared library libautocar_msgs__rosidl_typesupport_fastrtps_c.so[0m
[2.123s] [ 74%] Built target autocar_msgs__rosidl_typesupport_fastrtps_c
[2.130s] [ 76%] [32m[1mLinking CXX shared library libautocar_msgs__rosidl_typesupport_fastrtps_cpp.so[0m
[2.166s] [ 76%] Built target autocar_msgs__rosidl_typesupport_fastrtps_cpp
[2.176s] [ 76%] Built target autocar_msgs
[2.186s] [ 78%] [34m[1mGenerating Python code for ROS interfaces[0m
[2.393s] [ 78%] Built target autocar_msgs__py
[2.403s] [ 80%] [32mBuilding C object CMakeFiles/autocar_msgs__rosidl_generator_py.dir/rosidl_generator_py/autocar_msgs/msg/_path2_d_s.c.o[0m
[2.403s] [ 82%] [32mBuilding C object CMakeFiles/autocar_msgs__rosidl_generator_py.dir/rosidl_generator_py/autocar_msgs/msg/_state2_d_s.c.o[0m
[2.404s] [ 85%] [32mBuilding C object CMakeFiles/autocar_msgs__rosidl_generator_py.dir/rosidl_generator_py/autocar_msgs/msg/_twist2_d_s.c.o[0m
[2.467s] [ 87%] [32m[1mLinking C shared library rosidl_generator_py/autocar_msgs/libautocar_msgs__rosidl_generator_py.so[0m
[2.488s] [ 87%] Built target autocar_msgs__rosidl_generator_py
[2.498s] [ 89%] [32mBuilding C object CMakeFiles/autocar_msgs__rosidl_typesupport_fastrtps_c__pyext.dir/rosidl_generator_py/autocar_msgs/_autocar_msgs_s.ep.rosidl_typesupport_fastrtps_c.c.o[0m
[2.498s] [ 91%] [32mBuilding C object CMakeFiles/autocar_msgs__rosidl_typesupport_introspection_c__pyext.dir/rosidl_generator_py/autocar_msgs/_autocar_msgs_s.ep.rosidl_typesupport_introspection_c.c.o[0m
[2.498s] [ 93%] [32mBuilding C object CMakeFiles/autocar_msgs__rosidl_typesupport_c__pyext.dir/rosidl_generator_py/autocar_msgs/_autocar_msgs_s.ep.rosidl_typesupport_c.c.o[0m
[2.548s] [100%] [32m[1mLinking C shared library rosidl_generator_py/autocar_msgs/autocar_msgs_s__rosidl_typesupport_introspection_c.cpython-310-x86_64-linux-gnu.so[0m
[2.548s] [100%] [32m[1mLinking C shared library rosidl_generator_py/autocar_msgs/autocar_msgs_s__rosidl_typesupport_c.cpython-310-x86_64-linux-gnu.so[0m
[2.548s] [100%] [32m[1mLinking C shared library rosidl_generator_py/autocar_msgs/autocar_msgs_s__rosidl_typesupport_fastrtps_c.cpython-310-x86_64-linux-gnu.so[0m
[2.567s] [100%] Built target autocar_msgs__rosidl_typesupport_c__pyext
[2.568s] [100%] Built target autocar_msgs__rosidl_typesupport_fastrtps_c__pyext
[2.568s] [100%] Built target autocar_msgs__rosidl_typesupport_introspection_c__pyext
[2.574s] Invoked command in '/home/atharva/Learning_ROS2/ros2_ws/build/autocar_msgs' returned '0': CMAKE_PREFIX_PATH=${CMAKE_PREFIX_PATH}:/home/atharva/Learning_ROS2/ros2_ws/install/turtlesim_catch_em_all:/home/atharva/Learning_ROS2/ros2_ws/install/my_py_pkg:/opt/ros/humble /usr/bin/cmake --build /home/atharva/Learning_ROS2/ros2_ws/build/autocar_msgs -- -j32 -l32
[2.612s] Invoking command in '/home/atharva/Learning_ROS2/ros2_ws/build/autocar_msgs': CMAKE_PREFIX_PATH=${CMAKE_PREFIX_PATH}:/home/atharva/Learning_ROS2/ros2_ws/install/turtlesim_catch_em_all:/home/atharva/Learning_ROS2/ros2_ws/install/my_py_pkg:/opt/ros/humble /usr/bin/cmake --install /home/atharva/Learning_ROS2/ros2_ws/build/autocar_msgs
[2.617s] -- Install configuration: ""
[2.617s] -- Installing: /home/atharva/Learning_ROS2/ros2_ws/install/autocar_msgs/share/ament_index/resource_index/rosidl_interfaces/autocar_msgs
[2.617s] -- Installing: /home/atharva/Learning_ROS2/ros2_ws/install/autocar_msgs/include/autocar_msgs/autocar_msgs
[2.617s] -- Installing: /home/atharva/Learning_ROS2/ros2_ws/install/autocar_msgs/include/autocar_msgs/autocar_msgs/msg
[2.617s] -- Installing: /home/atharva/Learning_ROS2/ros2_ws/install/autocar_msgs/include/autocar_msgs/autocar_msgs/msg/twist2_d.h
[2.617s] -- Installing: /home/atharva/Learning_ROS2/ros2_ws/install/autocar_msgs/include/autocar_msgs/autocar_msgs/msg/detail
[2.617s] -- Installing: /home/atharva/Learning_ROS2/ros2_ws/install/autocar_msgs/include/autocar_msgs/autocar_msgs/msg/detail/state2_d__struct.h
[2.617s] -- Installing: /home/atharva/Learning_ROS2/ros2_ws/install/autocar_msgs/include/autocar_msgs/autocar_msgs/msg/detail/twist2_d__type_support.h
[2.617s] -- Installing: /home/atharva/Learning_ROS2/ros2_ws/install/autocar_msgs/include/autocar_msgs/autocar_msgs/msg/detail/path2_d__type_support.h
[2.617s] -- Installing: /home/atharva/Learning_ROS2/ros2_ws/install/autocar_msgs/include/autocar_msgs/autocar_msgs/msg/detail/path2_d__functions.h
[2.617s] -- Installing: /home/atharva/Learning_ROS2/ros2_ws/install/autocar_msgs/include/autocar_msgs/autocar_msgs/msg/detail/twist2_d__struct.h
[2.617s] -- Installing: /home/atharva/Learning_ROS2/ros2_ws/install/autocar_msgs/include/autocar_msgs/autocar_msgs/msg/detail/twist2_d__functions.h
[2.617s] -- Installing: /home/atharva/Learning_ROS2/ros2_ws/install/autocar_msgs/include/autocar_msgs/autocar_msgs/msg/detail/state2_d__type_support.h
[2.617s] -- Installing: /home/atharva/Learning_ROS2/ros2_ws/install/autocar_msgs/include/autocar_msgs/autocar_msgs/msg/detail/state2_d__functions.h
[2.617s] -- Installing: /home/atharva/Learning_ROS2/ros2_ws/install/autocar_msgs/include/autocar_msgs/autocar_msgs/msg/detail/path2_d__struct.h
[2.617s] -- Installing: /home/atharva/Learning_ROS2/ros2_ws/install/autocar_msgs/include/autocar_msgs/autocar_msgs/msg/detail/path2_d__functions.c
[2.618s] -- Installing: /home/atharva/Learning_ROS2/ros2_ws/install/autocar_msgs/include/autocar_msgs/autocar_msgs/msg/detail/twist2_d__functions.c
[2.618s] -- Installing: /home/atharva/Learning_ROS2/ros2_ws/install/autocar_msgs/include/autocar_msgs/autocar_msgs/msg/detail/state2_d__functions.c
[2.618s] -- Installing: /home/atharva/Learning_ROS2/ros2_ws/install/autocar_msgs/include/autocar_msgs/autocar_msgs/msg/rosidl_generator_c__visibility_control.h
[2.618s] -- Installing: /home/atharva/Learning_ROS2/ros2_ws/install/autocar_msgs/include/autocar_msgs/autocar_msgs/msg/path2_d.h
[2.618s] -- Installing: /home/atharva/Learning_ROS2/ros2_ws/install/autocar_msgs/include/autocar_msgs/autocar_msgs/msg/state2_d.h
[2.618s] -- Installing: /home/atharva/Learning_ROS2/ros2_ws/install/autocar_msgs/share/autocar_msgs/environment/library_path.sh
[2.618s] -- Installing: /home/atharva/Learning_ROS2/ros2_ws/install/autocar_msgs/share/autocar_msgs/environment/library_path.dsv
[2.618s] -- Installing: /home/atharva/Learning_ROS2/ros2_ws/install/autocar_msgs/lib/libautocar_msgs__rosidl_generator_c.so
[2.618s] -- Set runtime path of "/home/atharva/Learning_ROS2/ros2_ws/install/autocar_msgs/lib/libautocar_msgs__rosidl_generator_c.so" to ""
[2.618s] -- Up-to-date: /home/atharva/Learning_ROS2/ros2_ws/install/autocar_msgs/include/autocar_msgs/autocar_msgs
[2.618s] -- Up-to-date: /home/atharva/Learning_ROS2/ros2_ws/install/autocar_msgs/include/autocar_msgs/autocar_msgs/msg
[2.618s] -- Up-to-date: /home/atharva/Learning_ROS2/ros2_ws/install/autocar_msgs/include/autocar_msgs/autocar_msgs/msg/detail
[2.618s] -- Installing: /home/atharva/Learning_ROS2/ros2_ws/install/autocar_msgs/include/autocar_msgs/autocar_msgs/msg/detail/state2_d__rosidl_typesupport_fastrtps_c.h
[2.618s] -- Installing: /home/atharva/Learning_ROS2/ros2_ws/install/autocar_msgs/include/autocar_msgs/autocar_msgs/msg/detail/twist2_d__rosidl_typesupport_fastrtps_c.h
[2.618s] -- Installing: /home/atharva/Learning_ROS2/ros2_ws/install/autocar_msgs/include/autocar_msgs/autocar_msgs/msg/detail/path2_d__rosidl_typesupport_fastrtps_c.h
[2.618s] -- Installing: /home/atharva/Learning_ROS2/ros2_ws/install/autocar_msgs/include/autocar_msgs/autocar_msgs/msg/rosidl_typesupport_fastrtps_c__visibility_control.h
[2.618s] -- Installing: /home/atharva/Learning_ROS2/ros2_ws/install/autocar_msgs/lib/libautocar_msgs__rosidl_typesupport_fastrtps_c.so
[2.618s] -- Set runtime path of "/home/atharva/Learning_ROS2/ros2_ws/install/autocar_msgs/lib/libautocar_msgs__rosidl_typesupport_fastrtps_c.so" to ""
[2.618s] -- Up-to-date: /home/atharva/Learning_ROS2/ros2_ws/install/autocar_msgs/include/autocar_msgs/autocar_msgs
[2.618s] -- Up-to-date: /home/atharva/Learning_ROS2/ros2_ws/install/autocar_msgs/include/autocar_msgs/autocar_msgs/msg
[2.618s] -- Installing: /home/atharva/Learning_ROS2/ros2_ws/install/autocar_msgs/include/autocar_msgs/autocar_msgs/msg/path2_d.hpp
[2.618s] -- Up-to-date: /home/atharva/Learning_ROS2/ros2_ws/install/autocar_msgs/include/autocar_msgs/autocar_msgs/msg/detail
[2.618s] -- Installing: /home/atharva/Learning_ROS2/ros2_ws/install/autocar_msgs/include/autocar_msgs/autocar_msgs/msg/detail/path2_d__struct.hpp
[2.618s] -- Installing: /home/atharva/Learning_ROS2/ros2_ws/install/autocar_msgs/include/autocar_msgs/autocar_msgs/msg/detail/state2_d__struct.hpp
[2.618s] -- Installing: /home/atharva/Learning_ROS2/ros2_ws/install/autocar_msgs/include/autocar_msgs/autocar_msgs/msg/detail/state2_d__traits.hpp
[2.619s] -- Installing: /home/atharva/Learning_ROS2/ros2_ws/install/autocar_msgs/include/autocar_msgs/autocar_msgs/msg/detail/path2_d__traits.hpp
[2.619s] -- Installing: /home/atharva/Learning_ROS2/ros2_ws/install/autocar_msgs/include/autocar_msgs/autocar_msgs/msg/detail/state2_d__builder.hpp
[2.619s] -- Installing: /home/atharva/Learning_ROS2/ros2_ws/install/autocar_msgs/include/autocar_msgs/autocar_msgs/msg/detail/path2_d__builder.hpp
[2.619s] -- Installing: /home/atharva/Learning_ROS2/ros2_ws/install/autocar_msgs/include/autocar_msgs/autocar_msgs/msg/detail/twist2_d__struct.hpp
[2.619s] -- Installing: /home/atharva/Learning_ROS2/ros2_ws/install/autocar_msgs/include/autocar_msgs/autocar_msgs/msg/detail/twist2_d__traits.hpp
[2.619s] -- Installing: /home/atharva/Learning_ROS2/ros2_ws/install/autocar_msgs/include/autocar_msgs/autocar_msgs/msg/detail/twist2_d__builder.hpp
[2.619s] -- Installing: /home/atharva/Learning_ROS2/ros2_ws/install/autocar_msgs/include/autocar_msgs/autocar_msgs/msg/twist2_d.hpp
[2.619s] -- Installing: /home/atharva/Learning_ROS2/ros2_ws/install/autocar_msgs/include/autocar_msgs/autocar_msgs/msg/state2_d.hpp
[2.619s] -- Up-to-date: /home/atharva/Learning_ROS2/ros2_ws/install/autocar_msgs/include/autocar_msgs/autocar_msgs
[2.619s] -- Up-to-date: /home/atharva/Learning_ROS2/ros2_ws/install/autocar_msgs/include/autocar_msgs/autocar_msgs/msg
[2.619s] -- Installing: /home/atharva/Learning_ROS2/ros2_ws/install/autocar_msgs/include/autocar_msgs/autocar_msgs/msg/rosidl_typesupport_fastrtps_cpp__visibility_control.h
[2.619s] -- Up-to-date: /home/atharva/Learning_ROS2/ros2_ws/install/autocar_msgs/include/autocar_msgs/autocar_msgs/msg/detail
[2.619s] -- Installing: /home/atharva/Learning_ROS2/ros2_ws/install/autocar_msgs/include/autocar_msgs/autocar_msgs/msg/detail/path2_d__rosidl_typesupport_fastrtps_cpp.hpp
[2.619s] -- Installing: /home/atharva/Learning_ROS2/ros2_ws/install/autocar_msgs/include/autocar_msgs/autocar_msgs/msg/detail/twist2_d__rosidl_typesupport_fastrtps_cpp.hpp
[2.619s] -- Installing: /home/atharva/Learning_ROS2/ros2_ws/install/autocar_msgs/include/autocar_msgs/autocar_msgs/msg/detail/dds_fastrtps
[2.619s] -- Installing: /home/atharva/Learning_ROS2/ros2_ws/install/autocar_msgs/include/autocar_msgs/autocar_msgs/msg/detail/state2_d__rosidl_typesupport_fastrtps_cpp.hpp
[2.619s] -- Installing: /home/atharva/Learning_ROS2/ros2_ws/install/autocar_msgs/lib/libautocar_msgs__rosidl_typesupport_fastrtps_cpp.so
[2.620s] -- Set runtime path of "/home/atharva/Learning_ROS2/ros2_ws/install/autocar_msgs/lib/libautocar_msgs__rosidl_typesupport_fastrtps_cpp.so" to ""
[2.620s] -- Up-to-date: /home/atharva/Learning_ROS2/ros2_ws/install/autocar_msgs/include/autocar_msgs/autocar_msgs
[2.620s] -- Up-to-date: /home/atharva/Learning_ROS2/ros2_ws/install/autocar_msgs/include/autocar_msgs/autocar_msgs/msg
[2.620s] -- Up-to-date: /home/atharva/Learning_ROS2/ros2_ws/install/autocar_msgs/include/autocar_msgs/autocar_msgs/msg/detail
[2.620s] -- Installing: /home/atharva/Learning_ROS2/ros2_ws/install/autocar_msgs/include/autocar_msgs/autocar_msgs/msg/detail/path2_d__rosidl_typesupport_introspection_c.h
[2.620s] -- Installing: /home/atharva/Learning_ROS2/ros2_ws/install/autocar_msgs/include/autocar_msgs/autocar_msgs/msg/detail/twist2_d__rosidl_typesupport_introspection_c.h
[2.620s] -- Installing: /home/atharva/Learning_ROS2/ros2_ws/install/autocar_msgs/include/autocar_msgs/autocar_msgs/msg/detail/state2_d__rosidl_typesupport_introspection_c.h
[2.620s] -- Installing: /home/atharva/Learning_ROS2/ros2_ws/install/autocar_msgs/include/autocar_msgs/autocar_msgs/msg/detail/state2_d__type_support.c
[2.620s] -- Installing: /home/atharva/Learning_ROS2/ros2_ws/install/autocar_msgs/include/autocar_msgs/autocar_msgs/msg/detail/twist2_d__type_support.c
[2.620s] -- Installing: /home/atharva/Learning_ROS2/ros2_ws/install/autocar_msgs/include/autocar_msgs/autocar_msgs/msg/detail/path2_d__type_support.c
[2.620s] -- Installing: /home/atharva/Learning_ROS2/ros2_ws/install/autocar_msgs/include/autocar_msgs/autocar_msgs/msg/rosidl_typesupport_introspection_c__visibility_control.h
[2.620s] -- Installing: /home/atharva/Learning_ROS2/ros2_ws/install/autocar_msgs/lib/libautocar_msgs__rosidl_typesupport_introspection_c.so
[2.620s] -- Set runtime path of "/home/atharva/Learning_ROS2/ros2_ws/install/autocar_msgs/lib/libautocar_msgs__rosidl_typesupport_introspection_c.so" to ""
[2.620s] -- Installing: /home/atharva/Learning_ROS2/ros2_ws/install/autocar_msgs/lib/libautocar_msgs__rosidl_typesupport_c.so
[2.620s] -- Set runtime path of "/home/atharva/Learning_ROS2/ros2_ws/install/autocar_msgs/lib/libautocar_msgs__rosidl_typesupport_c.so" to ""
[2.621s] -- Up-to-date: /home/atharva/Learning_ROS2/ros2_ws/install/autocar_msgs/include/autocar_msgs/autocar_msgs
[2.621s] -- Up-to-date: /home/atharva/Learning_ROS2/ros2_ws/install/autocar_msgs/include/autocar_msgs/autocar_msgs/msg
[2.621s] -- Up-to-date: /home/atharva/Learning_ROS2/ros2_ws/install/autocar_msgs/include/autocar_msgs/autocar_msgs/msg/detail
[2.621s] -- Installing: /home/atharva/Learning_ROS2/ros2_ws/install/autocar_msgs/include/autocar_msgs/autocar_msgs/msg/detail/twist2_d__type_support.cpp
[2.621s] -- Installing: /home/atharva/Learning_ROS2/ros2_ws/install/autocar_msgs/include/autocar_msgs/autocar_msgs/msg/detail/path2_d__type_support.cpp
[2.621s] -- Installing: /home/atharva/Learning_ROS2/ros2_ws/install/autocar_msgs/include/autocar_msgs/autocar_msgs/msg/detail/twist2_d__rosidl_typesupport_introspection_cpp.hpp
[2.621s] -- Installing: /home/atharva/Learning_ROS2/ros2_ws/install/autocar_msgs/include/autocar_msgs/autocar_msgs/msg/detail/state2_d__type_support.cpp
[2.621s] -- Installing: /home/atharva/Learning_ROS2/ros2_ws/install/autocar_msgs/include/autocar_msgs/autocar_msgs/msg/detail/state2_d__rosidl_typesupport_introspection_cpp.hpp
[2.621s] -- Installing: /home/atharva/Learning_ROS2/ros2_ws/install/autocar_msgs/include/autocar_msgs/autocar_msgs/msg/detail/path2_d__rosidl_typesupport_introspection_cpp.hpp
[2.621s] -- Installing: /home/atharva/Learning_ROS2/ros2_ws/install/autocar_msgs/lib/libautocar_msgs__rosidl_typesupport_introspection_cpp.so
[2.621s] -- Set runtime path of "/home/atharva/Learning_ROS2/ros2_ws/install/autocar_msgs/lib/libautocar_msgs__rosidl_typesupport_introspection_cpp.so" to ""
[2.621s] -- Installing: /home/atharva/Learning_ROS2/ros2_ws/install/autocar_msgs/lib/libautocar_msgs__rosidl_typesupport_cpp.so
[2.621s] -- Set runtime path of "/home/atharva/Learning_ROS2/ros2_ws/install/autocar_msgs/lib/libautocar_msgs__rosidl_typesupport_cpp.so" to ""
[2.621s] -- Installing: /home/atharva/Learning_ROS2/ros2_ws/install/autocar_msgs/share/autocar_msgs/environment/pythonpath.sh
[2.621s] -- Installing: /home/atharva/Learning_ROS2/ros2_ws/install/autocar_msgs/share/autocar_msgs/environment/pythonpath.dsv
[2.622s] -- Installing: /home/atharva/Learning_ROS2/ros2_ws/install/autocar_msgs/local/lib/python3.10/dist-packages/autocar_msgs-0.0.0-py3.10.egg-info
[2.622s] -- Installing: /home/atharva/Learning_ROS2/ros2_ws/install/autocar_msgs/local/lib/python3.10/dist-packages/autocar_msgs-0.0.0-py3.10.egg-info/PKG-INFO
[2.622s] -- Installing: /home/atharva/Learning_ROS2/ros2_ws/install/autocar_msgs/local/lib/python3.10/dist-packages/autocar_msgs-0.0.0-py3.10.egg-info/top_level.txt
[2.622s] -- Installing: /home/atharva/Learning_ROS2/ros2_ws/install/autocar_msgs/local/lib/python3.10/dist-packages/autocar_msgs-0.0.0-py3.10.egg-info/SOURCES.txt
[2.622s] -- Installing: /home/atharva/Learning_ROS2/ros2_ws/install/autocar_msgs/local/lib/python3.10/dist-packages/autocar_msgs-0.0.0-py3.10.egg-info/dependency_links.txt
[2.622s] -- Installing: /home/atharva/Learning_ROS2/ros2_ws/install/autocar_msgs/local/lib/python3.10/dist-packages/autocar_msgs
[2.622s] -- Installing: /home/atharva/Learning_ROS2/ros2_ws/install/autocar_msgs/local/lib/python3.10/dist-packages/autocar_msgs/__init__.py
[2.622s] -- Installing: /home/atharva/Learning_ROS2/ros2_ws/install/autocar_msgs/local/lib/python3.10/dist-packages/autocar_msgs/_autocar_msgs_s.ep.rosidl_typesupport_fastrtps_c.c
[2.622s] -- Installing: /home/atharva/Learning_ROS2/ros2_ws/install/autocar_msgs/local/lib/python3.10/dist-packages/autocar_msgs/autocar_msgs_s__rosidl_typesupport_introspection_c.cpython-310-x86_64-linux-gnu.so
[2.622s] -- Installing: /home/atharva/Learning_ROS2/ros2_ws/install/autocar_msgs/local/lib/python3.10/dist-packages/autocar_msgs/autocar_msgs_s__rosidl_typesupport_fastrtps_c.cpython-310-x86_64-linux-gnu.so
[2.622s] -- Installing: /home/atharva/Learning_ROS2/ros2_ws/install/autocar_msgs/local/lib/python3.10/dist-packages/autocar_msgs/autocar_msgs_s__rosidl_typesupport_c.cpython-310-x86_64-linux-gnu.so
[2.622s] -- Installing: /home/atharva/Learning_ROS2/ros2_ws/install/autocar_msgs/local/lib/python3.10/dist-packages/autocar_msgs/_autocar_msgs_s.ep.rosidl_typesupport_c.c
[2.622s] -- Installing: /home/atharva/Learning_ROS2/ros2_ws/install/autocar_msgs/local/lib/python3.10/dist-packages/autocar_msgs/msg
[2.622s] -- Installing: /home/atharva/Learning_ROS2/ros2_ws/install/autocar_msgs/local/lib/python3.10/dist-packages/autocar_msgs/msg/__init__.py
[2.622s] -- Installing: /home/atharva/Learning_ROS2/ros2_ws/install/autocar_msgs/local/lib/python3.10/dist-packages/autocar_msgs/msg/_state2_d.py
[2.622s] -- Installing: /home/atharva/Learning_ROS2/ros2_ws/install/autocar_msgs/local/lib/python3.10/dist-packages/autocar_msgs/msg/_twist2_d_s.c
[2.622s] -- Installing: /home/atharva/Learning_ROS2/ros2_ws/install/autocar_msgs/local/lib/python3.10/dist-packages/autocar_msgs/msg/_path2_d_s.c
[2.622s] -- Installing: /home/atharva/Learning_ROS2/ros2_ws/install/autocar_msgs/local/lib/python3.10/dist-packages/autocar_msgs/msg/_twist2_d.py
[2.622s] -- Installing: /home/atharva/Learning_ROS2/ros2_ws/install/autocar_msgs/local/lib/python3.10/dist-packages/autocar_msgs/msg/_state2_d_s.c
[2.622s] -- Installing: /home/atharva/Learning_ROS2/ros2_ws/install/autocar_msgs/local/lib/python3.10/dist-packages/autocar_msgs/msg/_path2_d.py
[2.622s] -- Installing: /home/atharva/Learning_ROS2/ros2_ws/install/autocar_msgs/local/lib/python3.10/dist-packages/autocar_msgs/_autocar_msgs_s.ep.rosidl_typesupport_introspection_c.c
[2.622s] -- Installing: /home/atharva/Learning_ROS2/ros2_ws/install/autocar_msgs/local/lib/python3.10/dist-packages/autocar_msgs/libautocar_msgs__rosidl_generator_py.so
[2.639s] Listing '/home/atharva/Learning_ROS2/ros2_ws/install/autocar_msgs/local/lib/python3.10/dist-packages/autocar_msgs'...
[2.639s] Compiling '/home/atharva/Learning_ROS2/ros2_ws/install/autocar_msgs/local/lib/python3.10/dist-packages/autocar_msgs/__init__.py'...
[2.639s] Listing '/home/atharva/Learning_ROS2/ros2_ws/install/autocar_msgs/local/lib/python3.10/dist-packages/autocar_msgs/msg'...
[2.639s] Compiling '/home/atharva/Learning_ROS2/ros2_ws/install/autocar_msgs/local/lib/python3.10/dist-packages/autocar_msgs/msg/__init__.py'...
[2.639s] Compiling '/home/atharva/Learning_ROS2/ros2_ws/install/autocar_msgs/local/lib/python3.10/dist-packages/autocar_msgs/msg/_path2_d.py'...
[2.639s] Compiling '/home/atharva/Learning_ROS2/ros2_ws/install/autocar_msgs/local/lib/python3.10/dist-packages/autocar_msgs/msg/_state2_d.py'...
[2.639s] Compiling '/home/atharva/Learning_ROS2/ros2_ws/install/autocar_msgs/local/lib/python3.10/dist-packages/autocar_msgs/msg/_twist2_d.py'...
[2.641s] -- Installing: /home/atharva/Learning_ROS2/ros2_ws/install/autocar_msgs/local/lib/python3.10/dist-packages/autocar_msgs/autocar_msgs_s__rosidl_typesupport_fastrtps_c.cpython-310-x86_64-linux-gnu.so
[2.642s] -- Set runtime path of "/home/atharva/Learning_ROS2/ros2_ws/install/autocar_msgs/local/lib/python3.10/dist-packages/autocar_msgs/autocar_msgs_s__rosidl_typesupport_fastrtps_c.cpython-310-x86_64-linux-gnu.so" to ""
[2.642s] -- Installing: /home/atharva/Learning_ROS2/ros2_ws/install/autocar_msgs/local/lib/python3.10/dist-packages/autocar_msgs/autocar_msgs_s__rosidl_typesupport_introspection_c.cpython-310-x86_64-linux-gnu.so
[2.643s] -- Set runtime path of "/home/atharva/Learning_ROS2/ros2_ws/install/autocar_msgs/local/lib/python3.10/dist-packages/autocar_msgs/autocar_msgs_s__rosidl_typesupport_introspection_c.cpython-310-x86_64-linux-gnu.so" to ""
[2.643s] -- Installing: /home/atharva/Learning_ROS2/ros2_ws/install/autocar_msgs/local/lib/python3.10/dist-packages/autocar_msgs/autocar_msgs_s__rosidl_typesupport_c.cpython-310-x86_64-linux-gnu.so
[2.643s] -- Set runtime path of "/home/atharva/Learning_ROS2/ros2_ws/install/autocar_msgs/local/lib/python3.10/dist-packages/autocar_msgs/autocar_msgs_s__rosidl_typesupport_c.cpython-310-x86_64-linux-gnu.so" to ""
[2.643s] -- Installing: /home/atharva/Learning_ROS2/ros2_ws/install/autocar_msgs/lib/libautocar_msgs__rosidl_generator_py.so
[2.643s] -- Set runtime path of "/home/atharva/Learning_ROS2/ros2_ws/install/autocar_msgs/lib/libautocar_msgs__rosidl_generator_py.so" to ""
[2.643s] -- Installing: /home/atharva/Learning_ROS2/ros2_ws/install/autocar_msgs/share/autocar_msgs/msg/Path2D.idl
[2.643s] -- Installing: /home/atharva/Learning_ROS2/ros2_ws/install/autocar_msgs/share/autocar_msgs/msg/State2D.idl
[2.643s] -- Installing: /home/atharva/Learning_ROS2/ros2_ws/install/autocar_msgs/share/autocar_msgs/msg/Twist2D.idl
[2.643s] -- Installing: /home/atharva/Learning_ROS2/ros2_ws/install/autocar_msgs/share/autocar_msgs/msg/Path2D.msg
[2.643s] -- Installing: /home/atharva/Learning_ROS2/ros2_ws/install/autocar_msgs/share/autocar_msgs/msg/State2D.msg
[2.643s] -- Installing: /home/atharva/Learning_ROS2/ros2_ws/install/autocar_msgs/share/autocar_msgs/msg/Twist2D.msg
[2.643s] -- Installing: /home/atharva/Learning_ROS2/ros2_ws/install/autocar_msgs/share/ament_index/resource_index/package_run_dependencies/autocar_msgs
[2.643s] -- Installing: /home/atharva/Learning_ROS2/ros2_ws/install/autocar_msgs/share/ament_index/resource_index/parent_prefix_path/autocar_msgs
[2.643s] -- Installing: /home/atharva/Learning_ROS2/ros2_ws/install/autocar_msgs/share/autocar_msgs/environment/ament_prefix_path.sh
[2.643s] -- Installing: /home/atharva/Learning_ROS2/ros2_ws/install/autocar_msgs/share/autocar_msgs/environment/ament_prefix_path.dsv
[2.643s] -- Installing: /home/atharva/Learning_ROS2/ros2_ws/install/autocar_msgs/share/autocar_msgs/environment/path.sh
[2.643s] -- Installing: /home/atharva/Learning_ROS2/ros2_ws/install/autocar_msgs/share/autocar_msgs/environment/path.dsv
[2.643s] -- Installing: /home/atharva/Learning_ROS2/ros2_ws/install/autocar_msgs/share/autocar_msgs/local_setup.bash
[2.644s] -- Installing: /home/atharva/Learning_ROS2/ros2_ws/install/autocar_msgs/share/autocar_msgs/local_setup.sh
[2.644s] -- Installing: /home/atharva/Learning_ROS2/ros2_ws/install/autocar_msgs/share/autocar_msgs/local_setup.zsh
[2.644s] -- Installing: /home/atharva/Learning_ROS2/ros2_ws/install/autocar_msgs/share/autocar_msgs/local_setup.dsv
[2.644s] -- Installing: /home/atharva/Learning_ROS2/ros2_ws/install/autocar_msgs/share/autocar_msgs/package.dsv
[2.644s] -- Installing: /home/atharva/Learning_ROS2/ros2_ws/install/autocar_msgs/share/ament_index/resource_index/packages/autocar_msgs
[2.644s] -- Installing: /home/atharva/Learning_ROS2/ros2_ws/install/autocar_msgs/share/autocar_msgs/cmake/export_autocar_msgs__rosidl_generator_cExport.cmake
[2.644s] -- Installing: /home/atharva/Learning_ROS2/ros2_ws/install/autocar_msgs/share/autocar_msgs/cmake/export_autocar_msgs__rosidl_generator_cExport-noconfig.cmake
[2.644s] -- Installing: /home/atharva/Learning_ROS2/ros2_ws/install/autocar_msgs/share/autocar_msgs/cmake/export_autocar_msgs__rosidl_typesupport_fastrtps_cExport.cmake
[2.644s] -- Installing: /home/atharva/Learning_ROS2/ros2_ws/install/autocar_msgs/share/autocar_msgs/cmake/export_autocar_msgs__rosidl_typesupport_fastrtps_cExport-noconfig.cmake
[2.644s] -- Installing: /home/atharva/Learning_ROS2/ros2_ws/install/autocar_msgs/share/autocar_msgs/cmake/export_autocar_msgs__rosidl_generator_cppExport.cmake
[2.644s] -- Installing: /home/atharva/Learning_ROS2/ros2_ws/install/autocar_msgs/share/autocar_msgs/cmake/export_autocar_msgs__rosidl_typesupport_fastrtps_cppExport.cmake
[2.644s] -- Installing: /home/atharva/Learning_ROS2/ros2_ws/install/autocar_msgs/share/autocar_msgs/cmake/export_autocar_msgs__rosidl_typesupport_fastrtps_cppExport-noconfig.cmake
[2.644s] -- Installing: /home/atharva/Learning_ROS2/ros2_ws/install/autocar_msgs/share/autocar_msgs/cmake/autocar_msgs__rosidl_typesupport_introspection_cExport.cmake
[2.644s] -- Installing: /home/atharva/Learning_ROS2/ros2_ws/install/autocar_msgs/share/autocar_msgs/cmake/autocar_msgs__rosidl_typesupport_introspection_cExport-noconfig.cmake
[2.644s] -- Installing: /home/atharva/Learning_ROS2/ros2_ws/install/autocar_msgs/share/autocar_msgs/cmake/autocar_msgs__rosidl_typesupport_cExport.cmake
[2.644s] -- Installing: /home/atharva/Learning_ROS2/ros2_ws/install/autocar_msgs/share/autocar_msgs/cmake/autocar_msgs__rosidl_typesupport_cExport-noconfig.cmake
[2.644s] -- Installing: /home/atharva/Learning_ROS2/ros2_ws/install/autocar_msgs/share/autocar_msgs/cmake/autocar_msgs__rosidl_typesupport_introspection_cppExport.cmake
[2.644s] -- Installing: /home/atharva/Learning_ROS2/ros2_ws/install/autocar_msgs/share/autocar_msgs/cmake/autocar_msgs__rosidl_typesupport_introspection_cppExport-noconfig.cmake
[2.644s] -- Installing: /home/atharva/Learning_ROS2/ros2_ws/install/autocar_msgs/share/autocar_msgs/cmake/autocar_msgs__rosidl_typesupport_cppExport.cmake
[2.644s] -- Installing: /home/atharva/Learning_ROS2/ros2_ws/install/autocar_msgs/share/autocar_msgs/cmake/autocar_msgs__rosidl_typesupport_cppExport-noconfig.cmake
[2.644s] -- Installing: /home/atharva/Learning_ROS2/ros2_ws/install/autocar_msgs/share/autocar_msgs/cmake/export_autocar_msgs__rosidl_generator_pyExport.cmake
[2.644s] -- Installing: /home/atharva/Learning_ROS2/ros2_ws/install/autocar_msgs/share/autocar_msgs/cmake/export_autocar_msgs__rosidl_generator_pyExport-noconfig.cmake
[2.644s] -- Installing: /home/atharva/Learning_ROS2/ros2_ws/install/autocar_msgs/share/autocar_msgs/cmake/rosidl_cmake-extras.cmake
[2.644s] -- Installing: /home/atharva/Learning_ROS2/ros2_ws/install/autocar_msgs/share/autocar_msgs/cmake/ament_cmake_export_dependencies-extras.cmake
[2.644s] -- Installing: /home/atharva/Learning_ROS2/ros2_ws/install/autocar_msgs/share/autocar_msgs/cmake/ament_cmake_export_include_directories-extras.cmake
[2.644s] -- Installing: /home/atharva/Learning_ROS2/ros2_ws/install/autocar_msgs/share/autocar_msgs/cmake/ament_cmake_export_libraries-extras.cmake
[2.644s] -- Installing: /home/atharva/Learning_ROS2/ros2_ws/install/autocar_msgs/share/autocar_msgs/cmake/ament_cmake_export_targets-extras.cmake
[2.644s] -- Installing: /home/atharva/Learning_ROS2/ros2_ws/install/autocar_msgs/share/autocar_msgs/cmake/rosidl_cmake_export_typesupport_targets-extras.cmake
[2.644s] -- Installing: /home/atharva/Learning_ROS2/ros2_ws/install/autocar_msgs/share/autocar_msgs/cmake/rosidl_cmake_export_typesupport_libraries-extras.cmake
[2.644s] -- Installing: /home/atharva/Learning_ROS2/ros2_ws/install/autocar_msgs/share/autocar_msgs/cmake/autocar_msgsConfig.cmake
[2.644s] -- Installing: /home/atharva/Learning_ROS2/ros2_ws/install/autocar_msgs/share/autocar_msgs/cmake/autocar_msgsConfig-version.cmake
[2.644s] -- Installing: /home/atharva/Learning_ROS2/ros2_ws/install/autocar_msgs/share/autocar_msgs/package.xml
[2.646s] Invoked command in '/home/atharva/Learning_ROS2/ros2_ws/build/autocar_msgs' returned '0': CMAKE_PREFIX_PATH=${CMAKE_PREFIX_PATH}:/home/atharva/Learning_ROS2/ros2_ws/install/turtlesim_catch_em_all:/home/atharva/Learning_ROS2/ros2_ws/install/my_py_pkg:/opt/ros/humble /usr/bin/cmake --install /home/atharva/Learning_ROS2/ros2_ws/build/autocar_msgs
