[2.552s] Invoking command in '/home/atharva/Learning_ROS2/build/my_py_pkg': AMENT_PREFIX_PATH=/home/atharva/Learning_ROS2/install/my_robot_interfaces:${AMENT_PREFIX_PATH} CMAKE_PREFIX_PATH=/home/atharva/Learning_ROS2/install/my_robot_interfaces:${CMAKE_PREFIX_PATH} LD_LIBRARY_PATH=/home/atharva/Learning_ROS2/install/my_robot_interfaces/lib:${LD_LIBRARY_PATH} PYTHONPATH=/home/atharva/Learning_ROS2/build/my_py_pkg/prefix_override:/home/atharva/Learning_ROS2/install/my_py_pkg/lib/python3.10/site-packages:/home/atharva/Learning_ROS2/install/my_robot_interfaces/local/lib/python3.10/dist-packages:${PYTHONPATH} /usr/bin/python3 setup.py develop --editable --build-directory /home/atharva/Learning_ROS2/build/my_py_pkg/build --no-deps install_data
[3.444s] running develop
[3.956s] running egg_info
[3.958s] writing my_py_pkg.egg-info/PKG-INFO
[3.965s] writing dependency_links to my_py_pkg.egg-info/dependency_links.txt
[3.966s] writing entry points to my_py_pkg.egg-info/entry_points.txt
[3.967s] writing requirements to my_py_pkg.egg-info/requires.txt
[3.968s] writing top-level names to my_py_pkg.egg-info/top_level.txt
[3.969s] reading manifest file 'my_py_pkg.egg-info/SOURCES.txt'
[3.980s] writing manifest file 'my_py_pkg.egg-info/SOURCES.txt'
[3.981s] running build_ext
[3.981s] Creating /home/atharva/Learning_ROS2/install/my_py_pkg/lib/python3.10/site-packages/my-py-pkg.egg-link (link to .)
[3.982s] Installing add_two_ints_client script to /home/atharva/Learning_ROS2/install/my_py_pkg/lib/my_py_pkg
[3.982s] Installing add_two_ints_client_no_oop script to /home/atharva/Learning_ROS2/install/my_py_pkg/lib/my_py_pkg
[3.982s] Installing add_two_ints_server script to /home/atharva/Learning_ROS2/install/my_py_pkg/lib/my_py_pkg
[3.982s] Installing battery script to /home/atharva/Learning_ROS2/install/my_py_pkg/lib/my_py_pkg
[3.984s] Installing hw_status_publisher script to /home/atharva/Learning_ROS2/install/my_py_pkg/lib/my_py_pkg
[3.984s] Installing led_panel script to /home/atharva/Learning_ROS2/install/my_py_pkg/lib/my_py_pkg
[3.984s] Installing number_counter script to /home/atharva/Learning_ROS2/install/my_py_pkg/lib/my_py_pkg
[3.984s] Installing number_counter_reset script to /home/atharva/Learning_ROS2/install/my_py_pkg/lib/my_py_pkg
[3.984s] Installing number_counter_server script to /home/atharva/Learning_ROS2/install/my_py_pkg/lib/my_py_pkg
[3.984s] Installing number_publisher script to /home/atharva/Learning_ROS2/install/my_py_pkg/lib/my_py_pkg
[3.985s] Installing py_node script to /home/atharva/Learning_ROS2/install/my_py_pkg/lib/my_py_pkg
[3.985s] Installing rectangle_area_client script to /home/atharva/Learning_ROS2/install/my_py_pkg/lib/my_py_pkg
[3.985s] Installing rectangle_area_server script to /home/atharva/Learning_ROS2/install/my_py_pkg/lib/my_py_pkg
[3.985s] Installing robot_news_station script to /home/atharva/Learning_ROS2/install/my_py_pkg/lib/my_py_pkg
[3.985s] Installing smartphone script to /home/atharva/Learning_ROS2/install/my_py_pkg/lib/my_py_pkg
[3.985s] 
[3.985s] Installed /home/atharva/Learning_ROS2/build/my_py_pkg
[3.986s] running install_data
[4.187s] Invoked command in '/home/atharva/Learning_ROS2/build/my_py_pkg' returned '0': AMENT_PREFIX_PATH=/home/atharva/Learning_ROS2/install/my_robot_interfaces:${AMENT_PREFIX_PATH} CMAKE_PREFIX_PATH=/home/atharva/Learning_ROS2/install/my_robot_interfaces:${CMAKE_PREFIX_PATH} LD_LIBRARY_PATH=/home/atharva/Learning_ROS2/install/my_robot_interfaces/lib:${LD_LIBRARY_PATH} PYTHONPATH=/home/atharva/Learning_ROS2/build/my_py_pkg/prefix_override:/home/atharva/Learning_ROS2/install/my_py_pkg/lib/python3.10/site-packages:/home/atharva/Learning_ROS2/install/my_robot_interfaces/local/lib/python3.10/dist-packages:${PYTHONPATH} /usr/bin/python3 setup.py develop --editable --build-directory /home/atharva/Learning_ROS2/build/my_py_pkg/build --no-deps install_data
