[0.076s] Invoking command in '/home/atharva/Learning_ROS2/ros2_ws/build/autocar_map': CMAKE_PREFIX_PATH=${CMAKE_PREFIX_PATH}:/home/atharva/Learning_ROS2/ros2_ws/install/turtlesim_catch_em_all:/home/atharva/Learning_ROS2/ros2_ws/install/my_py_pkg:/opt/ros/humble /usr/bin/cmake /home/atharva/Learning_ROS2/ros2_ws/src/autocar/autocar_map -DCMAKE_INSTALL_PREFIX=/home/atharva/Learning_ROS2/ros2_ws/install/autocar_map
[0.167s] -- The C compiler identification is GNU 11.4.0
[0.216s] -- The CXX compiler identification is GNU 11.4.0
[0.220s] -- Detecting C compiler ABI info
[0.259s] -- Detecting C compiler ABI info - done
[0.265s] -- Check for working C compiler: /usr/bin/cc - skipped
[0.265s] -- Detecting C compile features
[0.265s] -- Detecting C compile features - done
[0.266s] -- Detecting CXX compiler ABI info
[0.310s] -- Detecting CXX compiler ABI info - done
[0.315s] -- Check for working CXX compiler: /usr/bin/c++ - skipped
[0.315s] -- Detecting CXX compile features
[0.315s] -- Detecting CXX compile features - done
[0.316s] -- Found ament_cmake: 1.3.6 (/opt/ros/humble/share/ament_cmake/cmake)
[0.413s] -- Found Python3: /usr/bin/python3.10 (found version "3.10.12") found components: Interpreter 
[0.458s] -- Found rclcpp: 16.0.7 (/opt/ros/humble/share/rclcpp/cmake)
[0.496s] -- Found rosidl_generator_c: 3.1.5 (/opt/ros/humble/share/rosidl_generator_c/cmake)
[0.498s] -- Found rosidl_adapter: 3.1.5 (/opt/ros/humble/share/rosidl_adapter/cmake)
[0.503s] -- Found rosidl_generator_cpp: 3.1.5 (/opt/ros/humble/share/rosidl_generator_cpp/cmake)
[0.514s] -- Using all available rosidl_typesupport_c: rosidl_typesupport_fastrtps_c;rosidl_typesupport_introspection_c
[0.523s] -- Using all available rosidl_typesupport_cpp: rosidl_typesupport_fastrtps_cpp;rosidl_typesupport_introspection_cpp
[0.566s] -- Found rmw_implementation_cmake: 6.1.1 (/opt/ros/humble/share/rmw_implementation_cmake/cmake)
[0.568s] -- Found rmw_fastrtps_cpp: 6.2.5 (/opt/ros/humble/share/rmw_fastrtps_cpp/cmake)
[0.621s] -- Found OpenSSL: /usr/lib/x86_64-linux-gnu/libcrypto.so (found version "3.0.2")  
[0.635s] -- Found FastRTPS: /opt/ros/humble/include  
[0.658s] -- Using RMW implementation 'rmw_fastrtps_cpp' as default
[0.666s] -- Looking for pthread.h
[0.705s] -- Looking for pthread.h - found
[0.706s] -- Performing Test CMAKE_HAVE_LIBC_PTHREAD
[0.743s] -- Performing Test CMAKE_HAVE_LIBC_PTHREAD - Success
[0.743s] -- Found Threads: TRUE  
[0.835s] -- Found nav_msgs: 4.2.3 (/opt/ros/humble/share/nav_msgs/cmake)
[0.906s] -- Found tf2: 0.25.5 (/opt/ros/humble/share/tf2/cmake)
[0.914s] -- Found tf2_ros: 0.25.5 (/opt/ros/humble/share/tf2_ros/cmake)
[1.119s] -- Found sensor_msgs: 4.2.3 (/opt/ros/humble/share/sensor_msgs/cmake)
[1.207s] -- Configuring done
[1.216s] -- Generating done
[1.216s] -- Build files have been written to: /home/atharva/Learning_ROS2/ros2_ws/build/autocar_map
[1.238s] Invoked command in '/home/atharva/Learning_ROS2/ros2_ws/build/autocar_map' returned '0': CMAKE_PREFIX_PATH=${CMAKE_PREFIX_PATH}:/home/atharva/Learning_ROS2/ros2_ws/install/turtlesim_catch_em_all:/home/atharva/Learning_ROS2/ros2_ws/install/my_py_pkg:/opt/ros/humble /usr/bin/cmake /home/atharva/Learning_ROS2/ros2_ws/src/autocar/autocar_map -DCMAKE_INSTALL_PREFIX=/home/atharva/Learning_ROS2/ros2_ws/install/autocar_map
[1.238s] Invoking command in '/home/atharva/Learning_ROS2/ros2_ws/build/autocar_map': CMAKE_PREFIX_PATH=${CMAKE_PREFIX_PATH}:/home/atharva/Learning_ROS2/ros2_ws/install/turtlesim_catch_em_all:/home/atharva/Learning_ROS2/ros2_ws/install/my_py_pkg:/opt/ros/humble /usr/bin/cmake --build /home/atharva/Learning_ROS2/ros2_ws/build/autocar_map -- -j32 -l32
[1.269s] [ 50%] [32mBuilding CXX object CMakeFiles/bof.dir/src/bof.cpp.o[0m
[7.130s] [100%] [32m[1mLinking CXX executable bof[0m
[7.439s] [100%] Built target bof
[7.445s] Invoked command in '/home/atharva/Learning_ROS2/ros2_ws/build/autocar_map' returned '0': CMAKE_PREFIX_PATH=${CMAKE_PREFIX_PATH}:/home/atharva/Learning_ROS2/ros2_ws/install/turtlesim_catch_em_all:/home/atharva/Learning_ROS2/ros2_ws/install/my_py_pkg:/opt/ros/humble /usr/bin/cmake --build /home/atharva/Learning_ROS2/ros2_ws/build/autocar_map -- -j32 -l32
[7.458s] Invoking command in '/home/atharva/Learning_ROS2/ros2_ws/build/autocar_map': CMAKE_PREFIX_PATH=${CMAKE_PREFIX_PATH}:/home/atharva/Learning_ROS2/ros2_ws/install/turtlesim_catch_em_all:/home/atharva/Learning_ROS2/ros2_ws/install/my_py_pkg:/opt/ros/humble /usr/bin/cmake --install /home/atharva/Learning_ROS2/ros2_ws/build/autocar_map
[7.461s] -- Install configuration: ""
[7.461s] -- Installing: /home/atharva/Learning_ROS2/ros2_ws/install/autocar_map/lib/autocar_map/bof
[7.463s] -- Set runtime path of "/home/atharva/Learning_ROS2/ros2_ws/install/autocar_map/lib/autocar_map/bof" to ""
[7.464s] -- Installing: /home/atharva/Learning_ROS2/ros2_ws/install/autocar_map/share/ament_index/resource_index/package_run_dependencies/autocar_map
[7.464s] -- Installing: /home/atharva/Learning_ROS2/ros2_ws/install/autocar_map/share/ament_index/resource_index/parent_prefix_path/autocar_map
[7.464s] -- Installing: /home/atharva/Learning_ROS2/ros2_ws/install/autocar_map/share/autocar_map/environment/ament_prefix_path.sh
[7.464s] -- Installing: /home/atharva/Learning_ROS2/ros2_ws/install/autocar_map/share/autocar_map/environment/ament_prefix_path.dsv
[7.464s] -- Installing: /home/atharva/Learning_ROS2/ros2_ws/install/autocar_map/share/autocar_map/environment/path.sh
[7.464s] -- Installing: /home/atharva/Learning_ROS2/ros2_ws/install/autocar_map/share/autocar_map/environment/path.dsv
[7.464s] -- Installing: /home/atharva/Learning_ROS2/ros2_ws/install/autocar_map/share/autocar_map/local_setup.bash
[7.464s] -- Installing: /home/atharva/Learning_ROS2/ros2_ws/install/autocar_map/share/autocar_map/local_setup.sh
[7.464s] -- Installing: /home/atharva/Learning_ROS2/ros2_ws/install/autocar_map/share/autocar_map/local_setup.zsh
[7.464s] -- Installing: /home/atharva/Learning_ROS2/ros2_ws/install/autocar_map/share/autocar_map/local_setup.dsv
[7.464s] -- Installing: /home/atharva/Learning_ROS2/ros2_ws/install/autocar_map/share/autocar_map/package.dsv
[7.464s] -- Installing: /home/atharva/Learning_ROS2/ros2_ws/install/autocar_map/share/ament_index/resource_index/packages/autocar_map
[7.464s] -- Installing: /home/atharva/Learning_ROS2/ros2_ws/install/autocar_map/share/autocar_map/cmake/autocar_mapConfig.cmake
[7.464s] -- Installing: /home/atharva/Learning_ROS2/ros2_ws/install/autocar_map/share/autocar_map/cmake/autocar_mapConfig-version.cmake
[7.464s] -- Installing: /home/atharva/Learning_ROS2/ros2_ws/install/autocar_map/share/autocar_map/package.xml
[7.465s] Invoked command in '/home/atharva/Learning_ROS2/ros2_ws/build/autocar_map' returned '0': CMAKE_PREFIX_PATH=${CMAKE_PREFIX_PATH}:/home/atharva/Learning_ROS2/ros2_ws/install/turtlesim_catch_em_all:/home/atharva/Learning_ROS2/ros2_ws/install/my_py_pkg:/opt/ros/humble /usr/bin/cmake --install /home/atharva/Learning_ROS2/ros2_ws/build/autocar_map
