[0.089s] Invoking command in '/home/atharva/Learning_ROS2/ros2_ws/build/autocar_description': CMAKE_PREFIX_PATH=${CMAKE_PREFIX_PATH}:/home/atharva/Learning_ROS2/ros2_ws/install/turtlesim_catch_em_all:/home/atharva/Learning_ROS2/ros2_ws/install/my_py_pkg:/opt/ros/humble /usr/bin/cmake /home/atharva/Learning_ROS2/ros2_ws/src/autocar/autocar_description -DCMAKE_INSTALL_PREFIX=/home/atharva/Learning_ROS2/ros2_ws/install/autocar_description
[0.094s] -- Found ament_cmake: 1.3.6 (/opt/ros/humble/share/ament_cmake/cmake)
[0.166s] -- Found ament_lint_auto: 0.12.9 (/opt/ros/humble/share/ament_lint_auto/cmake)
[0.208s] -- Configuring done
[0.209s] -- Generating done
[0.209s] -- Build files have been written to: /home/atharva/Learning_ROS2/ros2_ws/build/autocar_description
[0.291s] Invoked command in '/home/atharva/Learning_ROS2/ros2_ws/build/autocar_description' returned '0': CMAKE_PREFIX_PATH=${CMAKE_PREFIX_PATH}:/home/atharva/Learning_ROS2/ros2_ws/install/turtlesim_catch_em_all:/home/atharva/Learning_ROS2/ros2_ws/install/my_py_pkg:/opt/ros/humble /usr/bin/cmake /home/atharva/Learning_ROS2/ros2_ws/src/autocar/autocar_description -DCMAKE_INSTALL_PREFIX=/home/atharva/Learning_ROS2/ros2_ws/install/autocar_description
[0.291s] Invoking command in '/home/atharva/Learning_ROS2/ros2_ws/build/autocar_description': CMAKE_PREFIX_PATH=${CMAKE_PREFIX_PATH}:/home/atharva/Learning_ROS2/ros2_ws/install/turtlesim_catch_em_all:/home/atharva/Learning_ROS2/ros2_ws/install/my_py_pkg:/opt/ros/humble /usr/bin/cmake --build /home/atharva/Learning_ROS2/ros2_ws/build/autocar_description -- -j32 -l32
[0.324s] Invoked command in '/home/atharva/Learning_ROS2/ros2_ws/build/autocar_description' returned '0': CMAKE_PREFIX_PATH=${CMAKE_PREFIX_PATH}:/home/atharva/Learning_ROS2/ros2_ws/install/turtlesim_catch_em_all:/home/atharva/Learning_ROS2/ros2_ws/install/my_py_pkg:/opt/ros/humble /usr/bin/cmake --build /home/atharva/Learning_ROS2/ros2_ws/build/autocar_description -- -j32 -l32
[0.353s] Invoking command in '/home/atharva/Learning_ROS2/ros2_ws/build/autocar_description': CMAKE_PREFIX_PATH=${CMAKE_PREFIX_PATH}:/home/atharva/Learning_ROS2/ros2_ws/install/turtlesim_catch_em_all:/home/atharva/Learning_ROS2/ros2_ws/install/my_py_pkg:/opt/ros/humble /usr/bin/cmake --install /home/atharva/Learning_ROS2/ros2_ws/build/autocar_description
[0.356s] -- Install configuration: ""
[0.365s] -- Installing: /home/atharva/Learning_ROS2/ros2_ws/install/autocar_description/share/autocar_description//meshes
[0.365s] -- Installing: /home/atharva/Learning_ROS2/ros2_ws/install/autocar_description/share/autocar_description//meshes/spoiler.stl
[0.365s] -- Installing: /home/atharva/Learning_ROS2/ros2_ws/install/autocar_description/share/autocar_description//meshes/fr_1.stl
[0.365s] -- Installing: /home/atharva/Learning_ROS2/ros2_ws/install/autocar_description/share/autocar_description//meshes/bl_1.stl
[0.366s] -- Installing: /home/atharva/Learning_ROS2/ros2_ws/install/autocar_description/share/autocar_description//meshes/br_1.stl
[0.366s] -- Installing: /home/atharva/Learning_ROS2/ros2_ws/install/autocar_description/share/autocar_description//meshes/tire.dae
[0.366s] -- Installing: /home/atharva/Learning_ROS2/ros2_ws/install/autocar_description/share/autocar_description//meshes/hokuyo.dae
[0.367s] -- Installing: /home/atharva/Learning_ROS2/ros2_ws/install/autocar_description/share/autocar_description//meshes/lds.dae
[0.367s] -- Installing: /home/atharva/Learning_ROS2/ros2_ws/install/autocar_description/share/autocar_description//meshes/chassis_link.stl
[0.375s] -- Installing: /home/atharva/Learning_ROS2/ros2_ws/install/autocar_description/share/autocar_description//meshes/fl_1.stl
[0.375s] -- Installing: /home/atharva/Learning_ROS2/ros2_ws/install/autocar_description/share/autocar_description//urdf
[0.375s] -- Installing: /home/atharva/Learning_ROS2/ros2_ws/install/autocar_description/share/autocar_description//urdf/autocar.xacro
[0.375s] -- Installing: /home/atharva/Learning_ROS2/ros2_ws/install/autocar_description/share/autocar_description//rviz
[0.375s] -- Installing: /home/atharva/Learning_ROS2/ros2_ws/install/autocar_description/share/autocar_description//rviz/view.rviz
[0.376s] -- Installing: /home/atharva/Learning_ROS2/ros2_ws/install/autocar_description/share/ament_index/resource_index/package_run_dependencies/autocar_description
[0.377s] -- Installing: /home/atharva/Learning_ROS2/ros2_ws/install/autocar_description/share/ament_index/resource_index/parent_prefix_path/autocar_description
[0.377s] -- Installing: /home/atharva/Learning_ROS2/ros2_ws/install/autocar_description/share/autocar_description/environment/ament_prefix_path.sh
[0.377s] -- Installing: /home/atharva/Learning_ROS2/ros2_ws/install/autocar_description/share/autocar_description/environment/ament_prefix_path.dsv
[0.377s] -- Installing: /home/atharva/Learning_ROS2/ros2_ws/install/autocar_description/share/autocar_description/environment/path.sh
[0.377s] -- Installing: /home/atharva/Learning_ROS2/ros2_ws/install/autocar_description/share/autocar_description/environment/path.dsv
[0.377s] -- Installing: /home/atharva/Learning_ROS2/ros2_ws/install/autocar_description/share/autocar_description/local_setup.bash
[0.377s] -- Installing: /home/atharva/Learning_ROS2/ros2_ws/install/autocar_description/share/autocar_description/local_setup.sh
[0.377s] -- Installing: /home/atharva/Learning_ROS2/ros2_ws/install/autocar_description/share/autocar_description/local_setup.zsh
[0.377s] -- Installing: /home/atharva/Learning_ROS2/ros2_ws/install/autocar_description/share/autocar_description/local_setup.dsv
[0.378s] -- Installing: /home/atharva/Learning_ROS2/ros2_ws/install/autocar_description/share/autocar_description/package.dsv
[0.378s] -- Installing: /home/atharva/Learning_ROS2/ros2_ws/install/autocar_description/share/ament_index/resource_index/packages/autocar_description
[0.378s] -- Installing: /home/atharva/Learning_ROS2/ros2_ws/install/autocar_description/share/autocar_description/cmake/autocar_descriptionConfig.cmake
[0.380s] -- Installing: /home/atharva/Learning_ROS2/ros2_ws/install/autocar_description/share/autocar_description/cmake/autocar_descriptionConfig-version.cmake
[0.380s] -- Installing: /home/atharva/Learning_ROS2/ros2_ws/install/autocar_description/share/autocar_description/package.xml
[0.481s] Invoked command in '/home/atharva/Learning_ROS2/ros2_ws/build/autocar_description' returned '0': CMAKE_PREFIX_PATH=${CMAKE_PREFIX_PATH}:/home/atharva/Learning_ROS2/ros2_ws/install/turtlesim_catch_em_all:/home/atharva/Learning_ROS2/ros2_ws/install/my_py_pkg:/opt/ros/humble /usr/bin/cmake --install /home/atharva/Learning_ROS2/ros2_ws/build/autocar_description
