[2.302s] Invoking command in '/home/atharva/Learning_ROS2/build/my_py_pkg': AMENT_PREFIX_PATH=/home/atharva/Learning_ROS2/install/my_robot_interfaces:${AMENT_PREFIX_PATH} CMAKE_PREFIX_PATH=/home/atharva/Learning_ROS2/install/my_robot_interfaces:${CMAKE_PREFIX_PATH} LD_LIBRARY_PATH=/home/atharva/Learning_ROS2/install/my_robot_interfaces/lib:${LD_LIBRARY_PATH} PYTHONPATH=/home/atharva/Learning_ROS2/build/my_py_pkg/prefix_override:/home/atharva/Learning_ROS2/install/my_py_pkg/lib/python3.10/site-packages:/home/atharva/Learning_ROS2/install/my_robot_interfaces/local/lib/python3.10/dist-packages:${PYTHONPATH} /usr/bin/python3 setup.py develop --editable --build-directory /home/atharva/Learning_ROS2/build/my_py_pkg/build --no-deps install_data
[2.914s] running develop
[3.282s] running egg_info
[3.283s] writing my_py_pkg.egg-info/PKG-INFO
[3.283s] writing dependency_links to my_py_pkg.egg-info/dependency_links.txt
[3.283s] writing entry points to my_py_pkg.egg-info/entry_points.txt
[3.284s] writing requirements to my_py_pkg.egg-info/requires.txt
[3.284s] writing top-level names to my_py_pkg.egg-info/top_level.txt
[3.292s] reading manifest file 'my_py_pkg.egg-info/SOURCES.txt'
[3.293s] writing manifest file 'my_py_pkg.egg-info/SOURCES.txt'
[3.296s] running build_ext
[3.300s] Creating /home/atharva/Learning_ROS2/install/my_py_pkg/lib/python3.10/site-packages/my-py-pkg.egg-link (link to .)
[3.300s] Installing add_two_ints_client script to /home/atharva/Learning_ROS2/install/my_py_pkg/lib/my_py_pkg
[3.301s] Installing add_two_ints_client_no_oop script to /home/atharva/Learning_ROS2/install/my_py_pkg/lib/my_py_pkg
[3.301s] Installing add_two_ints_server script to /home/atharva/Learning_ROS2/install/my_py_pkg/lib/my_py_pkg
[3.301s] Installing battery script to /home/atharva/Learning_ROS2/install/my_py_pkg/lib/my_py_pkg
[3.302s] Installing hw_status_publisher script to /home/atharva/Learning_ROS2/install/my_py_pkg/lib/my_py_pkg
[3.302s] Installing led_panel script to /home/atharva/Learning_ROS2/install/my_py_pkg/lib/my_py_pkg
[3.302s] Installing number_counter script to /home/atharva/Learning_ROS2/install/my_py_pkg/lib/my_py_pkg
[3.302s] Installing number_counter_reset script to /home/atharva/Learning_ROS2/install/my_py_pkg/lib/my_py_pkg
[3.303s] Installing number_counter_server script to /home/atharva/Learning_ROS2/install/my_py_pkg/lib/my_py_pkg
[3.303s] Installing number_publisher script to /home/atharva/Learning_ROS2/install/my_py_pkg/lib/my_py_pkg
[3.303s] Installing py_node script to /home/atharva/Learning_ROS2/install/my_py_pkg/lib/my_py_pkg
[3.303s] Installing rectangle_area_client script to /home/atharva/Learning_ROS2/install/my_py_pkg/lib/my_py_pkg
[3.303s] Installing rectangle_area_server script to /home/atharva/Learning_ROS2/install/my_py_pkg/lib/my_py_pkg
[3.303s] Installing robot_news_station script to /home/atharva/Learning_ROS2/install/my_py_pkg/lib/my_py_pkg
[3.303s] Installing smartphone script to /home/atharva/Learning_ROS2/install/my_py_pkg/lib/my_py_pkg
[3.303s] 
[3.304s] Installed /home/atharva/Learning_ROS2/build/my_py_pkg
[3.304s] running install_data
[3.441s] Invoked command in '/home/atharva/Learning_ROS2/build/my_py_pkg' returned '0': AMENT_PREFIX_PATH=/home/atharva/Learning_ROS2/install/my_robot_interfaces:${AMENT_PREFIX_PATH} CMAKE_PREFIX_PATH=/home/atharva/Learning_ROS2/install/my_robot_interfaces:${CMAKE_PREFIX_PATH} LD_LIBRARY_PATH=/home/atharva/Learning_ROS2/install/my_robot_interfaces/lib:${LD_LIBRARY_PATH} PYTHONPATH=/home/atharva/Learning_ROS2/build/my_py_pkg/prefix_override:/home/atharva/Learning_ROS2/install/my_py_pkg/lib/python3.10/site-packages:/home/atharva/Learning_ROS2/install/my_robot_interfaces/local/lib/python3.10/dist-packages:${PYTHONPATH} /usr/bin/python3 setup.py develop --editable --build-directory /home/atharva/Learning_ROS2/build/my_py_pkg/build --no-deps install_data
