[0.584s] Invoking command in '/home/atharva/Learning_ROS2/ros2_ws/src/my_py_pkg': CMAKE_PREFIX_PATH=/home/atharva/Learning_ROS2/ros2_ws/install/my_robot_interfaces:/home/atharva/Learning_ROS2/ros2_ws/install/radio_station_bringup:/home/atharva/Learning_ROS2/ros2_ws/install/my_robot_bringup:/home/atharva/Learning_ROS2/ros2_ws/install/mae547_bringup:/home/atharva/Learning_ROS2/ros2_ws/install/my_robot_description:/home/atharva/Learning_ROS2/ros2_ws/install/mae_547:/home/atharva/Learning_ROS2/ros2_ws/install/launches:/home/atharva/Learning_ROS2/ros2_ws/install/autocar_nav:/home/atharva/Learning_ROS2/ros2_ws/install/autocar_msgs:/home/atharva/Learning_ROS2/ros2_ws/install/autocar_map:/home/atharva/Learning_ROS2/ros2_ws/install/autocar_gazebo:/home/atharva/Learning_ROS2/ros2_ws/install/autocar_description LD_LIBRARY_PATH=/home/atharva/Learning_ROS2/ros2_ws/install/my_robot_interfaces/lib:/home/atharva/Learning_ROS2/ros2_ws/install/autocar_msgs/lib:/usr/lib/x86_64-linux-gnu/gazebo-11/plugins:/opt/ros/humble/opt/rviz_ogre_vendor/lib:/opt/ros/humble/lib/x86_64-linux-gnu:/opt/ros/humble/lib:/usr/lib/x86_64-linux-gnu/gazebo-11/plugins PYTHONPATH=/home/atharva/Learning_ROS2/ros2_ws/build/my_py_pkg/prefix_override:/home/atharva/Learning_ROS2/ros2_ws/install/my_py_pkg/lib/python3.10/site-packages:${PYTHONPATH} /usr/bin/python3 setup.py egg_info --egg-base ../../build/my_py_pkg build --build-base /home/atharva/Learning_ROS2/ros2_ws/build/my_py_pkg/build install --record /home/atharva/Learning_ROS2/ros2_ws/build/my_py_pkg/install.log --single-version-externally-managed
[0.695s] running egg_info
[0.695s] creating ../../build/my_py_pkg/my_py_pkg.egg-info
[0.695s] writing ../../build/my_py_pkg/my_py_pkg.egg-info/PKG-INFO
[0.695s] writing dependency_links to ../../build/my_py_pkg/my_py_pkg.egg-info/dependency_links.txt
[0.695s] writing entry points to ../../build/my_py_pkg/my_py_pkg.egg-info/entry_points.txt
[0.695s] writing requirements to ../../build/my_py_pkg/my_py_pkg.egg-info/requires.txt
[0.695s] writing top-level names to ../../build/my_py_pkg/my_py_pkg.egg-info/top_level.txt
[0.696s] writing manifest file '../../build/my_py_pkg/my_py_pkg.egg-info/SOURCES.txt'
[0.696s] reading manifest file '../../build/my_py_pkg/my_py_pkg.egg-info/SOURCES.txt'
[0.696s] adding license file 'LICENSE'
[0.696s] writing manifest file '../../build/my_py_pkg/my_py_pkg.egg-info/SOURCES.txt'
[0.696s] running build
[0.696s] running build_py
[0.696s] creating /home/atharva/Learning_ROS2/ros2_ws/build/my_py_pkg/build
[0.696s] creating /home/atharva/Learning_ROS2/ros2_ws/build/my_py_pkg/build/lib
[0.696s] creating /home/atharva/Learning_ROS2/ros2_ws/build/my_py_pkg/build/lib/my_py_pkg
[0.696s] copying my_py_pkg/add_two_ints_server.py -> /home/atharva/Learning_ROS2/ros2_ws/build/my_py_pkg/build/lib/my_py_pkg
[0.697s] copying my_py_pkg/__init__.py -> /home/atharva/Learning_ROS2/ros2_ws/build/my_py_pkg/build/lib/my_py_pkg
[0.697s] copying my_py_pkg/add_two_ints_client.py -> /home/atharva/Learning_ROS2/ros2_ws/build/my_py_pkg/build/lib/my_py_pkg
[0.697s] copying my_py_pkg/robot_news_station.py -> /home/atharva/Learning_ROS2/ros2_ws/build/my_py_pkg/build/lib/my_py_pkg
[0.697s] copying my_py_pkg/number_publisher.py -> /home/atharva/Learning_ROS2/ros2_ws/build/my_py_pkg/build/lib/my_py_pkg
[0.697s] copying my_py_pkg/rectangle_area_client.py -> /home/atharva/Learning_ROS2/ros2_ws/build/my_py_pkg/build/lib/my_py_pkg
[0.697s] copying my_py_pkg/my_first_node.py -> /home/atharva/Learning_ROS2/ros2_ws/build/my_py_pkg/build/lib/my_py_pkg
[0.697s] copying my_py_pkg/rectangle_area_server.py -> /home/atharva/Learning_ROS2/ros2_ws/build/my_py_pkg/build/lib/my_py_pkg
[0.697s] copying my_py_pkg/battery.py -> /home/atharva/Learning_ROS2/ros2_ws/build/my_py_pkg/build/lib/my_py_pkg
[0.697s] copying my_py_pkg/number_counter_reset.py -> /home/atharva/Learning_ROS2/ros2_ws/build/my_py_pkg/build/lib/my_py_pkg
[0.697s] copying my_py_pkg/number_counter_server.py -> /home/atharva/Learning_ROS2/ros2_ws/build/my_py_pkg/build/lib/my_py_pkg
[0.697s] copying my_py_pkg/number_counter.py -> /home/atharva/Learning_ROS2/ros2_ws/build/my_py_pkg/build/lib/my_py_pkg
[0.697s] copying my_py_pkg/add_two_ints_client_no_oop.py -> /home/atharva/Learning_ROS2/ros2_ws/build/my_py_pkg/build/lib/my_py_pkg
[0.697s] copying my_py_pkg/hw_status_publisher.py -> /home/atharva/Learning_ROS2/ros2_ws/build/my_py_pkg/build/lib/my_py_pkg
[0.697s] copying my_py_pkg/python_template.py -> /home/atharva/Learning_ROS2/ros2_ws/build/my_py_pkg/build/lib/my_py_pkg
[0.697s] copying my_py_pkg/led_panel.py -> /home/atharva/Learning_ROS2/ros2_ws/build/my_py_pkg/build/lib/my_py_pkg
[0.697s] copying my_py_pkg/smartphone.py -> /home/atharva/Learning_ROS2/ros2_ws/build/my_py_pkg/build/lib/my_py_pkg
[0.697s] running install
[0.697s] running install_lib
[0.697s] creating /home/atharva/Learning_ROS2/ros2_ws/install/my_py_pkg/lib/python3.10/site-packages/my_py_pkg
[0.697s] copying /home/atharva/Learning_ROS2/ros2_ws/build/my_py_pkg/build/lib/my_py_pkg/add_two_ints_server.py -> /home/atharva/Learning_ROS2/ros2_ws/install/my_py_pkg/lib/python3.10/site-packages/my_py_pkg
[0.697s] copying /home/atharva/Learning_ROS2/ros2_ws/build/my_py_pkg/build/lib/my_py_pkg/__init__.py -> /home/atharva/Learning_ROS2/ros2_ws/install/my_py_pkg/lib/python3.10/site-packages/my_py_pkg
[0.697s] copying /home/atharva/Learning_ROS2/ros2_ws/build/my_py_pkg/build/lib/my_py_pkg/add_two_ints_client.py -> /home/atharva/Learning_ROS2/ros2_ws/install/my_py_pkg/lib/python3.10/site-packages/my_py_pkg
[0.697s] copying /home/atharva/Learning_ROS2/ros2_ws/build/my_py_pkg/build/lib/my_py_pkg/robot_news_station.py -> /home/atharva/Learning_ROS2/ros2_ws/install/my_py_pkg/lib/python3.10/site-packages/my_py_pkg
[0.697s] copying /home/atharva/Learning_ROS2/ros2_ws/build/my_py_pkg/build/lib/my_py_pkg/number_publisher.py -> /home/atharva/Learning_ROS2/ros2_ws/install/my_py_pkg/lib/python3.10/site-packages/my_py_pkg
[0.698s] copying /home/atharva/Learning_ROS2/ros2_ws/build/my_py_pkg/build/lib/my_py_pkg/rectangle_area_client.py -> /home/atharva/Learning_ROS2/ros2_ws/install/my_py_pkg/lib/python3.10/site-packages/my_py_pkg
[0.698s] copying /home/atharva/Learning_ROS2/ros2_ws/build/my_py_pkg/build/lib/my_py_pkg/my_first_node.py -> /home/atharva/Learning_ROS2/ros2_ws/install/my_py_pkg/lib/python3.10/site-packages/my_py_pkg
[0.698s] copying /home/atharva/Learning_ROS2/ros2_ws/build/my_py_pkg/build/lib/my_py_pkg/rectangle_area_server.py -> /home/atharva/Learning_ROS2/ros2_ws/install/my_py_pkg/lib/python3.10/site-packages/my_py_pkg
[0.698s] copying /home/atharva/Learning_ROS2/ros2_ws/build/my_py_pkg/build/lib/my_py_pkg/battery.py -> /home/atharva/Learning_ROS2/ros2_ws/install/my_py_pkg/lib/python3.10/site-packages/my_py_pkg
[0.698s] copying /home/atharva/Learning_ROS2/ros2_ws/build/my_py_pkg/build/lib/my_py_pkg/number_counter_reset.py -> /home/atharva/Learning_ROS2/ros2_ws/install/my_py_pkg/lib/python3.10/site-packages/my_py_pkg
[0.698s] copying /home/atharva/Learning_ROS2/ros2_ws/build/my_py_pkg/build/lib/my_py_pkg/number_counter_server.py -> /home/atharva/Learning_ROS2/ros2_ws/install/my_py_pkg/lib/python3.10/site-packages/my_py_pkg
[0.698s] copying /home/atharva/Learning_ROS2/ros2_ws/build/my_py_pkg/build/lib/my_py_pkg/number_counter.py -> /home/atharva/Learning_ROS2/ros2_ws/install/my_py_pkg/lib/python3.10/site-packages/my_py_pkg
[0.698s] copying /home/atharva/Learning_ROS2/ros2_ws/build/my_py_pkg/build/lib/my_py_pkg/add_two_ints_client_no_oop.py -> /home/atharva/Learning_ROS2/ros2_ws/install/my_py_pkg/lib/python3.10/site-packages/my_py_pkg
[0.698s] copying /home/atharva/Learning_ROS2/ros2_ws/build/my_py_pkg/build/lib/my_py_pkg/hw_status_publisher.py -> /home/atharva/Learning_ROS2/ros2_ws/install/my_py_pkg/lib/python3.10/site-packages/my_py_pkg
[0.698s] copying /home/atharva/Learning_ROS2/ros2_ws/build/my_py_pkg/build/lib/my_py_pkg/python_template.py -> /home/atharva/Learning_ROS2/ros2_ws/install/my_py_pkg/lib/python3.10/site-packages/my_py_pkg
[0.698s] copying /home/atharva/Learning_ROS2/ros2_ws/build/my_py_pkg/build/lib/my_py_pkg/led_panel.py -> /home/atharva/Learning_ROS2/ros2_ws/install/my_py_pkg/lib/python3.10/site-packages/my_py_pkg
[0.698s] copying /home/atharva/Learning_ROS2/ros2_ws/build/my_py_pkg/build/lib/my_py_pkg/smartphone.py -> /home/atharva/Learning_ROS2/ros2_ws/install/my_py_pkg/lib/python3.10/site-packages/my_py_pkg
[0.698s] byte-compiling /home/atharva/Learning_ROS2/ros2_ws/install/my_py_pkg/lib/python3.10/site-packages/my_py_pkg/add_two_ints_server.py to add_two_ints_server.cpython-310.pyc
[0.698s] byte-compiling /home/atharva/Learning_ROS2/ros2_ws/install/my_py_pkg/lib/python3.10/site-packages/my_py_pkg/__init__.py to __init__.cpython-310.pyc
[0.698s] byte-compiling /home/atharva/Learning_ROS2/ros2_ws/install/my_py_pkg/lib/python3.10/site-packages/my_py_pkg/add_two_ints_client.py to add_two_ints_client.cpython-310.pyc
[0.699s] byte-compiling /home/atharva/Learning_ROS2/ros2_ws/install/my_py_pkg/lib/python3.10/site-packages/my_py_pkg/robot_news_station.py to robot_news_station.cpython-310.pyc
[0.699s] byte-compiling /home/atharva/Learning_ROS2/ros2_ws/install/my_py_pkg/lib/python3.10/site-packages/my_py_pkg/number_publisher.py to number_publisher.cpython-310.pyc
[0.699s] byte-compiling /home/atharva/Learning_ROS2/ros2_ws/install/my_py_pkg/lib/python3.10/site-packages/my_py_pkg/rectangle_area_client.py to rectangle_area_client.cpython-310.pyc
[0.699s] byte-compiling /home/atharva/Learning_ROS2/ros2_ws/install/my_py_pkg/lib/python3.10/site-packages/my_py_pkg/my_first_node.py to my_first_node.cpython-310.pyc
[0.699s] byte-compiling /home/atharva/Learning_ROS2/ros2_ws/install/my_py_pkg/lib/python3.10/site-packages/my_py_pkg/rectangle_area_server.py to rectangle_area_server.cpython-310.pyc
[0.699s] byte-compiling /home/atharva/Learning_ROS2/ros2_ws/install/my_py_pkg/lib/python3.10/site-packages/my_py_pkg/battery.py to battery.cpython-310.pyc
[0.700s] byte-compiling /home/atharva/Learning_ROS2/ros2_ws/install/my_py_pkg/lib/python3.10/site-packages/my_py_pkg/number_counter_reset.py to number_counter_reset.cpython-310.pyc
[0.700s] byte-compiling /home/atharva/Learning_ROS2/ros2_ws/install/my_py_pkg/lib/python3.10/site-packages/my_py_pkg/number_counter_server.py to number_counter_server.cpython-310.pyc
[0.700s] byte-compiling /home/atharva/Learning_ROS2/ros2_ws/install/my_py_pkg/lib/python3.10/site-packages/my_py_pkg/number_counter.py to number_counter.cpython-310.pyc
[0.700s] byte-compiling /home/atharva/Learning_ROS2/ros2_ws/install/my_py_pkg/lib/python3.10/site-packages/my_py_pkg/add_two_ints_client_no_oop.py to add_two_ints_client_no_oop.cpython-310.pyc
[0.700s] byte-compiling /home/atharva/Learning_ROS2/ros2_ws/install/my_py_pkg/lib/python3.10/site-packages/my_py_pkg/hw_status_publisher.py to hw_status_publisher.cpython-310.pyc
[0.700s] byte-compiling /home/atharva/Learning_ROS2/ros2_ws/install/my_py_pkg/lib/python3.10/site-packages/my_py_pkg/python_template.py to python_template.cpython-310.pyc
[0.700s] byte-compiling /home/atharva/Learning_ROS2/ros2_ws/install/my_py_pkg/lib/python3.10/site-packages/my_py_pkg/led_panel.py to led_panel.cpython-310.pyc
[0.701s] byte-compiling /home/atharva/Learning_ROS2/ros2_ws/install/my_py_pkg/lib/python3.10/site-packages/my_py_pkg/smartphone.py to smartphone.cpython-310.pyc
[0.701s] running install_data
[0.701s] creating /home/atharva/Learning_ROS2/ros2_ws/install/my_py_pkg/share/ament_index
[0.701s] creating /home/atharva/Learning_ROS2/ros2_ws/install/my_py_pkg/share/ament_index/resource_index
[0.701s] creating /home/atharva/Learning_ROS2/ros2_ws/install/my_py_pkg/share/ament_index/resource_index/packages
[0.701s] copying resource/my_py_pkg -> /home/atharva/Learning_ROS2/ros2_ws/install/my_py_pkg/share/ament_index/resource_index/packages
[0.701s] copying package.xml -> /home/atharva/Learning_ROS2/ros2_ws/install/my_py_pkg/share/my_py_pkg
[0.701s] running install_egg_info
[0.702s] Copying ../../build/my_py_pkg/my_py_pkg.egg-info to /home/atharva/Learning_ROS2/ros2_ws/install/my_py_pkg/lib/python3.10/site-packages/my_py_pkg-0.0.0-py3.10.egg-info
[0.702s] running install_scripts
[0.712s] Installing add_two_ints_client script to /home/atharva/Learning_ROS2/ros2_ws/install/my_py_pkg/lib/my_py_pkg
[0.712s] Installing add_two_ints_client_no_oop script to /home/atharva/Learning_ROS2/ros2_ws/install/my_py_pkg/lib/my_py_pkg
[0.712s] Installing add_two_ints_server script to /home/atharva/Learning_ROS2/ros2_ws/install/my_py_pkg/lib/my_py_pkg
[0.712s] Installing battery script to /home/atharva/Learning_ROS2/ros2_ws/install/my_py_pkg/lib/my_py_pkg
[0.712s] Installing hw_status_publisher script to /home/atharva/Learning_ROS2/ros2_ws/install/my_py_pkg/lib/my_py_pkg
[0.712s] Installing led_panel script to /home/atharva/Learning_ROS2/ros2_ws/install/my_py_pkg/lib/my_py_pkg
[0.712s] Installing number_counter script to /home/atharva/Learning_ROS2/ros2_ws/install/my_py_pkg/lib/my_py_pkg
[0.712s] Installing number_counter_reset script to /home/atharva/Learning_ROS2/ros2_ws/install/my_py_pkg/lib/my_py_pkg
[0.712s] Installing number_counter_server script to /home/atharva/Learning_ROS2/ros2_ws/install/my_py_pkg/lib/my_py_pkg
[0.712s] Installing number_publisher script to /home/atharva/Learning_ROS2/ros2_ws/install/my_py_pkg/lib/my_py_pkg
[0.712s] Installing py_node script to /home/atharva/Learning_ROS2/ros2_ws/install/my_py_pkg/lib/my_py_pkg
[0.712s] Installing rectangle_area_client script to /home/atharva/Learning_ROS2/ros2_ws/install/my_py_pkg/lib/my_py_pkg
[0.712s] Installing rectangle_area_server script to /home/atharva/Learning_ROS2/ros2_ws/install/my_py_pkg/lib/my_py_pkg
[0.712s] Installing robot_news_station script to /home/atharva/Learning_ROS2/ros2_ws/install/my_py_pkg/lib/my_py_pkg
[0.712s] Installing smartphone script to /home/atharva/Learning_ROS2/ros2_ws/install/my_py_pkg/lib/my_py_pkg
[0.712s] writing list of installed files to '/home/atharva/Learning_ROS2/ros2_ws/build/my_py_pkg/install.log'
[0.747s] Invoked command in '/home/atharva/Learning_ROS2/ros2_ws/src/my_py_pkg' returned '0': CMAKE_PREFIX_PATH=/home/atharva/Learning_ROS2/ros2_ws/install/my_robot_interfaces:/home/atharva/Learning_ROS2/ros2_ws/install/radio_station_bringup:/home/atharva/Learning_ROS2/ros2_ws/install/my_robot_bringup:/home/atharva/Learning_ROS2/ros2_ws/install/mae547_bringup:/home/atharva/Learning_ROS2/ros2_ws/install/my_robot_description:/home/atharva/Learning_ROS2/ros2_ws/install/mae_547:/home/atharva/Learning_ROS2/ros2_ws/install/launches:/home/atharva/Learning_ROS2/ros2_ws/install/autocar_nav:/home/atharva/Learning_ROS2/ros2_ws/install/autocar_msgs:/home/atharva/Learning_ROS2/ros2_ws/install/autocar_map:/home/atharva/Learning_ROS2/ros2_ws/install/autocar_gazebo:/home/atharva/Learning_ROS2/ros2_ws/install/autocar_description LD_LIBRARY_PATH=/home/atharva/Learning_ROS2/ros2_ws/install/my_robot_interfaces/lib:/home/atharva/Learning_ROS2/ros2_ws/install/autocar_msgs/lib:/usr/lib/x86_64-linux-gnu/gazebo-11/plugins:/opt/ros/humble/opt/rviz_ogre_vendor/lib:/opt/ros/humble/lib/x86_64-linux-gnu:/opt/ros/humble/lib:/usr/lib/x86_64-linux-gnu/gazebo-11/plugins PYTHONPATH=/home/atharva/Learning_ROS2/ros2_ws/build/my_py_pkg/prefix_override:/home/atharva/Learning_ROS2/ros2_ws/install/my_py_pkg/lib/python3.10/site-packages:${PYTHONPATH} /usr/bin/python3 setup.py egg_info --egg-base ../../build/my_py_pkg build --build-base /home/atharva/Learning_ROS2/ros2_ws/build/my_py_pkg/build install --record /home/atharva/Learning_ROS2/ros2_ws/build/my_py_pkg/install.log --single-version-externally-managed
