[0.020s] Invoking command in '/home/atharva/Learning_ROS2/ros2_ws/build/radio_station_bringup': AMENT_PREFIX_PATH=/home/atharva/Learning_ROS2/ros2_ws/install/my_py_pkg:${AMENT_PREFIX_PATH} CMAKE_PREFIX_PATH=${CMAKE_PREFIX_PATH}:/opt/ros/humble PYTHONPATH=/home/atharva/Learning_ROS2/ros2_ws/install/my_py_pkg/lib/python3.10/site-packages:${PYTHONPATH} /usr/bin/cmake /home/atharva/Learning_ROS2/ros2_ws/src/radio_station_bringup -DCMAKE_INSTALL_PREFIX=/home/atharva/Learning_ROS2/ros2_ws/install/radio_station_bringup
[0.045s] -- The C compiler identification is GNU 11.4.0
[0.070s] -- The CXX compiler identification is GNU 11.4.0
[0.074s] -- Detecting C compiler ABI info
[0.105s] -- Detecting C compiler ABI info - done
[0.109s] -- Check for working C compiler: /usr/bin/cc - skipped
[0.109s] -- Detecting C compile features
[0.109s] -- Detecting C compile features - done
[0.110s] -- Detecting CXX compiler ABI info
[0.148s] -- Detecting CXX compiler ABI info - done
[0.151s] -- Check for working CXX compiler: /usr/bin/c++ - skipped
[0.151s] -- Detecting CXX compile features
[0.152s] -- Detecting CXX compile features - done
[0.153s] -- Found ament_cmake: 1.3.6 (/opt/ros/humble/share/ament_cmake/cmake)
[0.220s] -- Found Python3: /usr/bin/python3.10 (found version "3.10.12") found components: Interpreter 
[0.287s] -- Configuring done
[0.288s] -- Generating done
[0.288s] -- Build files have been written to: /home/atharva/Learning_ROS2/ros2_ws/build/radio_station_bringup
[0.291s] Invoked command in '/home/atharva/Learning_ROS2/ros2_ws/build/radio_station_bringup' returned '0': AMENT_PREFIX_PATH=/home/atharva/Learning_ROS2/ros2_ws/install/my_py_pkg:${AMENT_PREFIX_PATH} CMAKE_PREFIX_PATH=${CMAKE_PREFIX_PATH}:/opt/ros/humble PYTHONPATH=/home/atharva/Learning_ROS2/ros2_ws/install/my_py_pkg/lib/python3.10/site-packages:${PYTHONPATH} /usr/bin/cmake /home/atharva/Learning_ROS2/ros2_ws/src/radio_station_bringup -DCMAKE_INSTALL_PREFIX=/home/atharva/Learning_ROS2/ros2_ws/install/radio_station_bringup
[0.291s] Invoking command in '/home/atharva/Learning_ROS2/ros2_ws/build/radio_station_bringup': AMENT_PREFIX_PATH=/home/atharva/Learning_ROS2/ros2_ws/install/my_py_pkg:${AMENT_PREFIX_PATH} CMAKE_PREFIX_PATH=${CMAKE_PREFIX_PATH}:/opt/ros/humble PYTHONPATH=/home/atharva/Learning_ROS2/ros2_ws/install/my_py_pkg/lib/python3.10/site-packages:${PYTHONPATH} /usr/bin/cmake --build /home/atharva/Learning_ROS2/ros2_ws/build/radio_station_bringup -- -j32 -l32
[0.308s] Invoked command in '/home/atharva/Learning_ROS2/ros2_ws/build/radio_station_bringup' returned '0': AMENT_PREFIX_PATH=/home/atharva/Learning_ROS2/ros2_ws/install/my_py_pkg:${AMENT_PREFIX_PATH} CMAKE_PREFIX_PATH=${CMAKE_PREFIX_PATH}:/opt/ros/humble PYTHONPATH=/home/atharva/Learning_ROS2/ros2_ws/install/my_py_pkg/lib/python3.10/site-packages:${PYTHONPATH} /usr/bin/cmake --build /home/atharva/Learning_ROS2/ros2_ws/build/radio_station_bringup -- -j32 -l32
[0.318s] Invoking command in '/home/atharva/Learning_ROS2/ros2_ws/build/radio_station_bringup': AMENT_PREFIX_PATH=/home/atharva/Learning_ROS2/ros2_ws/install/my_py_pkg:${AMENT_PREFIX_PATH} CMAKE_PREFIX_PATH=${CMAKE_PREFIX_PATH}:/opt/ros/humble PYTHONPATH=/home/atharva/Learning_ROS2/ros2_ws/install/my_py_pkg/lib/python3.10/site-packages:${PYTHONPATH} /usr/bin/cmake --install /home/atharva/Learning_ROS2/ros2_ws/build/radio_station_bringup
[0.321s] -- Install configuration: ""
[0.321s] -- Installing: /home/atharva/Learning_ROS2/ros2_ws/install/radio_station_bringup/share/radio_station_bringup/launch
[0.321s] -- Installing: /home/atharva/Learning_ROS2/ros2_ws/install/radio_station_bringup/share/radio_station_bringup/launch/radio_station_app.launch.py
[0.321s] -- Installing: /home/atharva/Learning_ROS2/ros2_ws/install/radio_station_bringup/share/ament_index/resource_index/package_run_dependencies/radio_station_bringup
[0.321s] -- Installing: /home/atharva/Learning_ROS2/ros2_ws/install/radio_station_bringup/share/ament_index/resource_index/parent_prefix_path/radio_station_bringup
[0.321s] -- Installing: /home/atharva/Learning_ROS2/ros2_ws/install/radio_station_bringup/share/radio_station_bringup/environment/ament_prefix_path.sh
[0.321s] -- Installing: /home/atharva/Learning_ROS2/ros2_ws/install/radio_station_bringup/share/radio_station_bringup/environment/ament_prefix_path.dsv
[0.321s] -- Installing: /home/atharva/Learning_ROS2/ros2_ws/install/radio_station_bringup/share/radio_station_bringup/environment/path.sh
[0.321s] -- Installing: /home/atharva/Learning_ROS2/ros2_ws/install/radio_station_bringup/share/radio_station_bringup/environment/path.dsv
[0.321s] -- Installing: /home/atharva/Learning_ROS2/ros2_ws/install/radio_station_bringup/share/radio_station_bringup/local_setup.bash
[0.321s] -- Installing: /home/atharva/Learning_ROS2/ros2_ws/install/radio_station_bringup/share/radio_station_bringup/local_setup.sh
[0.321s] -- Installing: /home/atharva/Learning_ROS2/ros2_ws/install/radio_station_bringup/share/radio_station_bringup/local_setup.zsh
[0.321s] -- Installing: /home/atharva/Learning_ROS2/ros2_ws/install/radio_station_bringup/share/radio_station_bringup/local_setup.dsv
[0.321s] -- Installing: /home/atharva/Learning_ROS2/ros2_ws/install/radio_station_bringup/share/radio_station_bringup/package.dsv
[0.322s] -- Installing: /home/atharva/Learning_ROS2/ros2_ws/install/radio_station_bringup/share/ament_index/resource_index/packages/radio_station_bringup
[0.322s] -- Installing: /home/atharva/Learning_ROS2/ros2_ws/install/radio_station_bringup/share/radio_station_bringup/cmake/radio_station_bringupConfig.cmake
[0.322s] -- Installing: /home/atharva/Learning_ROS2/ros2_ws/install/radio_station_bringup/share/radio_station_bringup/cmake/radio_station_bringupConfig-version.cmake
[0.322s] -- Installing: /home/atharva/Learning_ROS2/ros2_ws/install/radio_station_bringup/share/radio_station_bringup/package.xml
[0.322s] Invoked command in '/home/atharva/Learning_ROS2/ros2_ws/build/radio_station_bringup' returned '0': AMENT_PREFIX_PATH=/home/atharva/Learning_ROS2/ros2_ws/install/my_py_pkg:${AMENT_PREFIX_PATH} CMAKE_PREFIX_PATH=${CMAKE_PREFIX_PATH}:/opt/ros/humble PYTHONPATH=/home/atharva/Learning_ROS2/ros2_ws/install/my_py_pkg/lib/python3.10/site-packages:${PYTHONPATH} /usr/bin/cmake --install /home/atharva/Learning_ROS2/ros2_ws/build/radio_station_bringup
