[0.300s] DEBUG:colcon:Command line arguments: ['/usr/bin/colcon', 'build']
[0.300s] DEBUG:colcon:Parsed command line arguments: Namespace(log_base=None, log_level=None, verb_name='build', build_base='build', install_base='install', merge_install=False, symlink_install=False, test_result_base=None, continue_on_error=False, executor='parallel', parallel_workers=32, event_handlers=None, ignore_user_meta=False, metas=['./colcon.meta'], base_paths=['.'], packages_ignore=None, packages_ignore_regex=None, paths=None, packages_up_to=None, packages_up_to_regex=None, packages_above=None, packages_above_and_dependencies=None, packages_above_depth=None, packages_select_by_dep=None, packages_skip_by_dep=None, packages_skip_up_to=None, packages_select_build_failed=False, packages_skip_build_finished=False, packages_select_test_failures=False, packages_skip_test_passed=False, packages_select=None, packages_skip=None, packages_select_regex=None, packages_skip_regex=None, packages_start=None, packages_end=None, allow_overriding=[], cmake_args=None, cmake_target=None, cmake_target_skip_unavailable=False, cmake_clean_cache=False, cmake_clean_first=False, cmake_force_configure=False, ament_cmake_args=None, catkin_cmake_args=None, catkin_skip_building_tests=False, verb_parser=<colcon_defaults.argument_parser.defaults.DefaultArgumentsDecorator object at 0x7f40f21fe050>, verb_extension=<colcon_core.verb.build.BuildVerb object at 0x7f40f21fdb70>, main=<bound method BuildVerb.main of <colcon_core.verb.build.BuildVerb object at 0x7f40f21fdb70>>)
[0.316s] Level 1:colcon.colcon_core.package_discovery:discover_packages(colcon_meta) check parameters
[0.316s] Level 1:colcon.colcon_core.package_discovery:discover_packages(recursive) check parameters
[0.316s] Level 1:colcon.colcon_core.package_discovery:discover_packages(ignore) check parameters
[0.316s] Level 1:colcon.colcon_core.package_discovery:discover_packages(path) check parameters
[0.316s] Level 1:colcon.colcon_core.package_discovery:discover_packages(colcon_meta) discover
[0.316s] Level 1:colcon.colcon_core.package_discovery:discover_packages(recursive) discover
[0.316s] INFO:colcon.colcon_core.package_discovery:Crawling recursively for packages in '/home/atharva/Learning_ROS2/ros2_ws'
[0.316s] Level 1:colcon.colcon_core.package_identification:_identify(.) by extensions ['ignore', 'ignore_ament_install']
[0.316s] Level 1:colcon.colcon_core.package_identification:_identify(.) by extension 'ignore'
[0.316s] Level 1:colcon.colcon_core.package_identification:_identify(.) by extension 'ignore_ament_install'
[0.316s] Level 1:colcon.colcon_core.package_identification:_identify(.) by extensions ['colcon_pkg']
[0.316s] Level 1:colcon.colcon_core.package_identification:_identify(.) by extension 'colcon_pkg'
[0.316s] Level 1:colcon.colcon_core.package_identification:_identify(.) by extensions ['colcon_meta']
[0.317s] Level 1:colcon.colcon_core.package_identification:_identify(.) by extension 'colcon_meta'
[0.317s] Level 1:colcon.colcon_core.package_identification:_identify(.) by extensions ['ros']
[0.317s] Level 1:colcon.colcon_core.package_identification:_identify(.) by extension 'ros'
[0.322s] Level 1:colcon.colcon_core.package_identification:_identify(.) by extensions ['cmake', 'python']
[0.322s] Level 1:colcon.colcon_core.package_identification:_identify(.) by extension 'cmake'
[0.322s] Level 1:colcon.colcon_core.package_identification:_identify(.) by extension 'python'
[0.322s] Level 1:colcon.colcon_core.package_identification:_identify(.) by extensions ['python_setup_py']
[0.322s] Level 1:colcon.colcon_core.package_identification:_identify(.) by extension 'python_setup_py'
[0.322s] Level 1:colcon.colcon_core.package_identification:_identify(build) by extensions ['ignore', 'ignore_ament_install']
[0.322s] Level 1:colcon.colcon_core.package_identification:_identify(build) by extension 'ignore'
[0.322s] Level 1:colcon.colcon_core.package_identification:_identify(build) ignored
[0.322s] Level 1:colcon.colcon_core.package_identification:_identify(install) by extensions ['ignore', 'ignore_ament_install']
[0.322s] Level 1:colcon.colcon_core.package_identification:_identify(install) by extension 'ignore'
[0.322s] Level 1:colcon.colcon_core.package_identification:_identify(install) ignored
[0.322s] Level 1:colcon.colcon_core.package_identification:_identify(log) by extensions ['ignore', 'ignore_ament_install']
[0.322s] Level 1:colcon.colcon_core.package_identification:_identify(log) by extension 'ignore'
[0.322s] Level 1:colcon.colcon_core.package_identification:_identify(log) ignored
[0.322s] Level 1:colcon.colcon_core.package_identification:_identify(src) by extensions ['ignore', 'ignore_ament_install']
[0.322s] Level 1:colcon.colcon_core.package_identification:_identify(src) by extension 'ignore'
[0.322s] Level 1:colcon.colcon_core.package_identification:_identify(src) by extension 'ignore_ament_install'
[0.322s] Level 1:colcon.colcon_core.package_identification:_identify(src) by extensions ['colcon_pkg']
[0.322s] Level 1:colcon.colcon_core.package_identification:_identify(src) by extension 'colcon_pkg'
[0.322s] Level 1:colcon.colcon_core.package_identification:_identify(src) by extensions ['colcon_meta']
[0.322s] Level 1:colcon.colcon_core.package_identification:_identify(src) by extension 'colcon_meta'
[0.322s] Level 1:colcon.colcon_core.package_identification:_identify(src) by extensions ['ros']
[0.322s] Level 1:colcon.colcon_core.package_identification:_identify(src) by extension 'ros'
[0.322s] Level 1:colcon.colcon_core.package_identification:_identify(src) by extensions ['cmake', 'python']
[0.322s] Level 1:colcon.colcon_core.package_identification:_identify(src) by extension 'cmake'
[0.322s] Level 1:colcon.colcon_core.package_identification:_identify(src) by extension 'python'
[0.322s] Level 1:colcon.colcon_core.package_identification:_identify(src) by extensions ['python_setup_py']
[0.322s] Level 1:colcon.colcon_core.package_identification:_identify(src) by extension 'python_setup_py'
[0.323s] Level 1:colcon.colcon_core.package_identification:_identify(src/mae547_bringup) by extensions ['ignore', 'ignore_ament_install']
[0.323s] Level 1:colcon.colcon_core.package_identification:_identify(src/mae547_bringup) by extension 'ignore'
[0.323s] Level 1:colcon.colcon_core.package_identification:_identify(src/mae547_bringup) by extension 'ignore_ament_install'
[0.323s] Level 1:colcon.colcon_core.package_identification:_identify(src/mae547_bringup) by extensions ['colcon_pkg']
[0.323s] Level 1:colcon.colcon_core.package_identification:_identify(src/mae547_bringup) by extension 'colcon_pkg'
[0.323s] Level 1:colcon.colcon_core.package_identification:_identify(src/mae547_bringup) by extensions ['colcon_meta']
[0.323s] Level 1:colcon.colcon_core.package_identification:_identify(src/mae547_bringup) by extension 'colcon_meta'
[0.323s] Level 1:colcon.colcon_core.package_identification:_identify(src/mae547_bringup) by extensions ['ros']
[0.323s] Level 1:colcon.colcon_core.package_identification:_identify(src/mae547_bringup) by extension 'ros'
[0.324s] DEBUG:colcon.colcon_core.package_identification:Package 'src/mae547_bringup' with type 'ros.ament_cmake' and name 'mae547_bringup'
[0.324s] Level 1:colcon.colcon_core.package_identification:_identify(src/mae_547) by extensions ['ignore', 'ignore_ament_install']
[0.324s] Level 1:colcon.colcon_core.package_identification:_identify(src/mae_547) by extension 'ignore'
[0.324s] Level 1:colcon.colcon_core.package_identification:_identify(src/mae_547) by extension 'ignore_ament_install'
[0.324s] Level 1:colcon.colcon_core.package_identification:_identify(src/mae_547) by extensions ['colcon_pkg']
[0.324s] Level 1:colcon.colcon_core.package_identification:_identify(src/mae_547) by extension 'colcon_pkg'
[0.324s] Level 1:colcon.colcon_core.package_identification:_identify(src/mae_547) by extensions ['colcon_meta']
[0.324s] Level 1:colcon.colcon_core.package_identification:_identify(src/mae_547) by extension 'colcon_meta'
[0.324s] Level 1:colcon.colcon_core.package_identification:_identify(src/mae_547) by extensions ['ros']
[0.324s] Level 1:colcon.colcon_core.package_identification:_identify(src/mae_547) by extension 'ros'
[0.324s] DEBUG:colcon.colcon_core.package_identification:Package 'src/mae_547' with type 'ros.ament_cmake' and name 'mae_547'
[0.324s] Level 1:colcon.colcon_core.package_identification:_identify(src/my_py_pkg) by extensions ['ignore', 'ignore_ament_install']
[0.324s] Level 1:colcon.colcon_core.package_identification:_identify(src/my_py_pkg) by extension 'ignore'
[0.324s] Level 1:colcon.colcon_core.package_identification:_identify(src/my_py_pkg) by extension 'ignore_ament_install'
[0.324s] Level 1:colcon.colcon_core.package_identification:_identify(src/my_py_pkg) by extensions ['colcon_pkg']
[0.324s] Level 1:colcon.colcon_core.package_identification:_identify(src/my_py_pkg) by extension 'colcon_pkg'
[0.324s] Level 1:colcon.colcon_core.package_identification:_identify(src/my_py_pkg) by extensions ['colcon_meta']
[0.324s] Level 1:colcon.colcon_core.package_identification:_identify(src/my_py_pkg) by extension 'colcon_meta'
[0.324s] Level 1:colcon.colcon_core.package_identification:_identify(src/my_py_pkg) by extensions ['ros']
[0.324s] Level 1:colcon.colcon_core.package_identification:_identify(src/my_py_pkg) by extension 'ros'
[0.325s] DEBUG:colcon.colcon_core.package_identification:Package 'src/my_py_pkg' with type 'ros.ament_python' and name 'my_py_pkg'
[0.325s] Level 1:colcon.colcon_core.package_identification:_identify(src/my_robot_bringup) by extensions ['ignore', 'ignore_ament_install']
[0.325s] Level 1:colcon.colcon_core.package_identification:_identify(src/my_robot_bringup) by extension 'ignore'
[0.325s] Level 1:colcon.colcon_core.package_identification:_identify(src/my_robot_bringup) by extension 'ignore_ament_install'
[0.325s] Level 1:colcon.colcon_core.package_identification:_identify(src/my_robot_bringup) by extensions ['colcon_pkg']
[0.325s] Level 1:colcon.colcon_core.package_identification:_identify(src/my_robot_bringup) by extension 'colcon_pkg'
[0.325s] Level 1:colcon.colcon_core.package_identification:_identify(src/my_robot_bringup) by extensions ['colcon_meta']
[0.325s] Level 1:colcon.colcon_core.package_identification:_identify(src/my_robot_bringup) by extension 'colcon_meta'
[0.325s] Level 1:colcon.colcon_core.package_identification:_identify(src/my_robot_bringup) by extensions ['ros']
[0.325s] Level 1:colcon.colcon_core.package_identification:_identify(src/my_robot_bringup) by extension 'ros'
[0.325s] DEBUG:colcon.colcon_core.package_identification:Package 'src/my_robot_bringup' with type 'ros.ament_cmake' and name 'my_robot_bringup'
[0.326s] Level 1:colcon.colcon_core.package_identification:_identify(src/my_robot_description) by extensions ['ignore', 'ignore_ament_install']
[0.326s] Level 1:colcon.colcon_core.package_identification:_identify(src/my_robot_description) by extension 'ignore'
[0.326s] Level 1:colcon.colcon_core.package_identification:_identify(src/my_robot_description) by extension 'ignore_ament_install'
[0.326s] Level 1:colcon.colcon_core.package_identification:_identify(src/my_robot_description) by extensions ['colcon_pkg']
[0.326s] Level 1:colcon.colcon_core.package_identification:_identify(src/my_robot_description) by extension 'colcon_pkg'
[0.326s] Level 1:colcon.colcon_core.package_identification:_identify(src/my_robot_description) by extensions ['colcon_meta']
[0.326s] Level 1:colcon.colcon_core.package_identification:_identify(src/my_robot_description) by extension 'colcon_meta'
[0.326s] Level 1:colcon.colcon_core.package_identification:_identify(src/my_robot_description) by extensions ['ros']
[0.326s] Level 1:colcon.colcon_core.package_identification:_identify(src/my_robot_description) by extension 'ros'
[0.326s] DEBUG:colcon.colcon_core.package_identification:Package 'src/my_robot_description' with type 'ros.ament_cmake' and name 'my_robot_description'
[0.326s] Level 1:colcon.colcon_core.package_identification:_identify(src/my_robot_interfaces) by extensions ['ignore', 'ignore_ament_install']
[0.326s] Level 1:colcon.colcon_core.package_identification:_identify(src/my_robot_interfaces) by extension 'ignore'
[0.326s] Level 1:colcon.colcon_core.package_identification:_identify(src/my_robot_interfaces) by extension 'ignore_ament_install'
[0.326s] Level 1:colcon.colcon_core.package_identification:_identify(src/my_robot_interfaces) by extensions ['colcon_pkg']
[0.326s] Level 1:colcon.colcon_core.package_identification:_identify(src/my_robot_interfaces) by extension 'colcon_pkg'
[0.326s] Level 1:colcon.colcon_core.package_identification:_identify(src/my_robot_interfaces) by extensions ['colcon_meta']
[0.326s] Level 1:colcon.colcon_core.package_identification:_identify(src/my_robot_interfaces) by extension 'colcon_meta'
[0.326s] Level 1:colcon.colcon_core.package_identification:_identify(src/my_robot_interfaces) by extensions ['ros']
[0.326s] Level 1:colcon.colcon_core.package_identification:_identify(src/my_robot_interfaces) by extension 'ros'
[0.326s] DEBUG:colcon.colcon_core.package_identification:Package 'src/my_robot_interfaces' with type 'ros.ament_cmake' and name 'my_robot_interfaces'
[0.326s] Level 1:colcon.colcon_core.package_identification:_identify(src/radio_station_bringup) by extensions ['ignore', 'ignore_ament_install']
[0.326s] Level 1:colcon.colcon_core.package_identification:_identify(src/radio_station_bringup) by extension 'ignore'
[0.326s] Level 1:colcon.colcon_core.package_identification:_identify(src/radio_station_bringup) by extension 'ignore_ament_install'
[0.326s] Level 1:colcon.colcon_core.package_identification:_identify(src/radio_station_bringup) by extensions ['colcon_pkg']
[0.326s] Level 1:colcon.colcon_core.package_identification:_identify(src/radio_station_bringup) by extension 'colcon_pkg'
[0.326s] Level 1:colcon.colcon_core.package_identification:_identify(src/radio_station_bringup) by extensions ['colcon_meta']
[0.326s] Level 1:colcon.colcon_core.package_identification:_identify(src/radio_station_bringup) by extension 'colcon_meta'
[0.326s] Level 1:colcon.colcon_core.package_identification:_identify(src/radio_station_bringup) by extensions ['ros']
[0.326s] Level 1:colcon.colcon_core.package_identification:_identify(src/radio_station_bringup) by extension 'ros'
[0.327s] DEBUG:colcon.colcon_core.package_identification:Package 'src/radio_station_bringup' with type 'ros.ament_cmake' and name 'radio_station_bringup'
[0.327s] Level 1:colcon.colcon_core.package_identification:_identify(src/turtlesim_catch_em_all) by extensions ['ignore', 'ignore_ament_install']
[0.327s] Level 1:colcon.colcon_core.package_identification:_identify(src/turtlesim_catch_em_all) by extension 'ignore'
[0.327s] Level 1:colcon.colcon_core.package_identification:_identify(src/turtlesim_catch_em_all) by extension 'ignore_ament_install'
[0.327s] Level 1:colcon.colcon_core.package_identification:_identify(src/turtlesim_catch_em_all) by extensions ['colcon_pkg']
[0.327s] Level 1:colcon.colcon_core.package_identification:_identify(src/turtlesim_catch_em_all) by extension 'colcon_pkg'
[0.327s] Level 1:colcon.colcon_core.package_identification:_identify(src/turtlesim_catch_em_all) by extensions ['colcon_meta']
[0.327s] Level 1:colcon.colcon_core.package_identification:_identify(src/turtlesim_catch_em_all) by extension 'colcon_meta'
[0.327s] Level 1:colcon.colcon_core.package_identification:_identify(src/turtlesim_catch_em_all) by extensions ['ros']
[0.327s] Level 1:colcon.colcon_core.package_identification:_identify(src/turtlesim_catch_em_all) by extension 'ros'
[0.327s] DEBUG:colcon.colcon_core.package_identification:Package 'src/turtlesim_catch_em_all' with type 'ros.ament_python' and name 'turtlesim_catch_em_all'
[0.327s] Level 1:colcon.colcon_core.package_discovery:discover_packages(recursive) using defaults
[0.327s] Level 1:colcon.colcon_core.package_discovery:discover_packages(ignore) discover
[0.327s] Level 1:colcon.colcon_core.package_discovery:discover_packages(ignore) using defaults
[0.327s] Level 1:colcon.colcon_core.package_discovery:discover_packages(path) discover
[0.327s] Level 1:colcon.colcon_core.package_discovery:discover_packages(path) using defaults
[0.356s] Level 1:colcon.colcon_core.package_discovery:discover_packages(prefix_path) check parameters
[0.356s] Level 1:colcon.colcon_core.package_discovery:discover_packages(prefix_path) discover
[0.364s] DEBUG:colcon.colcon_installed_package_information.package_discovery:Found 5 installed packages in /home/atharva/Learning_ROS2/ros2_ws/install
[0.368s] DEBUG:colcon.colcon_installed_package_information.package_discovery:Found 171 installed packages in /opt/ros/humble
[0.369s] Level 1:colcon.colcon_core.package_discovery:discover_packages(prefix_path) using defaults
[0.390s] Level 5:colcon.colcon_core.verb:set package 'mae_547' build argument 'cmake_args' from command line to 'None'
[0.390s] Level 5:colcon.colcon_core.verb:set package 'mae_547' build argument 'cmake_target' from command line to 'None'
[0.390s] Level 5:colcon.colcon_core.verb:set package 'mae_547' build argument 'cmake_target_skip_unavailable' from command line to 'False'
[0.390s] Level 5:colcon.colcon_core.verb:set package 'mae_547' build argument 'cmake_clean_cache' from command line to 'False'
[0.390s] Level 5:colcon.colcon_core.verb:set package 'mae_547' build argument 'cmake_clean_first' from command line to 'False'
[0.390s] Level 5:colcon.colcon_core.verb:set package 'mae_547' build argument 'cmake_force_configure' from command line to 'False'
[0.390s] Level 5:colcon.colcon_core.verb:set package 'mae_547' build argument 'ament_cmake_args' from command line to 'None'
[0.390s] Level 5:colcon.colcon_core.verb:set package 'mae_547' build argument 'catkin_cmake_args' from command line to 'None'
[0.390s] Level 5:colcon.colcon_core.verb:set package 'mae_547' build argument 'catkin_skip_building_tests' from command line to 'False'
[0.390s] DEBUG:colcon.colcon_core.verb:Building package 'mae_547' with the following arguments: {'ament_cmake_args': None, 'build_base': '/home/atharva/Learning_ROS2/ros2_ws/build/mae_547', 'catkin_cmake_args': None, 'catkin_skip_building_tests': False, 'cmake_args': None, 'cmake_clean_cache': False, 'cmake_clean_first': False, 'cmake_force_configure': False, 'cmake_target': None, 'cmake_target_skip_unavailable': False, 'install_base': '/home/atharva/Learning_ROS2/ros2_ws/install/mae_547', 'merge_install': False, 'path': '/home/atharva/Learning_ROS2/ros2_ws/src/mae_547', 'symlink_install': False, 'test_result_base': None}
[0.394s] Level 5:colcon.colcon_core.verb:set package 'my_robot_description' build argument 'cmake_args' from command line to 'None'
[0.394s] Level 5:colcon.colcon_core.verb:set package 'my_robot_description' build argument 'cmake_target' from command line to 'None'
[0.394s] Level 5:colcon.colcon_core.verb:set package 'my_robot_description' build argument 'cmake_target_skip_unavailable' from command line to 'False'
[0.394s] Level 5:colcon.colcon_core.verb:set package 'my_robot_description' build argument 'cmake_clean_cache' from command line to 'False'
[0.394s] Level 5:colcon.colcon_core.verb:set package 'my_robot_description' build argument 'cmake_clean_first' from command line to 'False'
[0.394s] Level 5:colcon.colcon_core.verb:set package 'my_robot_description' build argument 'cmake_force_configure' from command line to 'False'
[0.394s] Level 5:colcon.colcon_core.verb:set package 'my_robot_description' build argument 'ament_cmake_args' from command line to 'None'
[0.394s] Level 5:colcon.colcon_core.verb:set package 'my_robot_description' build argument 'catkin_cmake_args' from command line to 'None'
[0.394s] Level 5:colcon.colcon_core.verb:set package 'my_robot_description' build argument 'catkin_skip_building_tests' from command line to 'False'
[0.394s] DEBUG:colcon.colcon_core.verb:Building package 'my_robot_description' with the following arguments: {'ament_cmake_args': None, 'build_base': '/home/atharva/Learning_ROS2/ros2_ws/build/my_robot_description', 'catkin_cmake_args': None, 'catkin_skip_building_tests': False, 'cmake_args': None, 'cmake_clean_cache': False, 'cmake_clean_first': False, 'cmake_force_configure': False, 'cmake_target': None, 'cmake_target_skip_unavailable': False, 'install_base': '/home/atharva/Learning_ROS2/ros2_ws/install/my_robot_description', 'merge_install': False, 'path': '/home/atharva/Learning_ROS2/ros2_ws/src/my_robot_description', 'symlink_install': False, 'test_result_base': None}
[0.398s] Level 5:colcon.colcon_core.verb:set package 'my_robot_interfaces' build argument 'cmake_args' from command line to 'None'
[0.398s] Level 5:colcon.colcon_core.verb:set package 'my_robot_interfaces' build argument 'cmake_target' from command line to 'None'
[0.398s] Level 5:colcon.colcon_core.verb:set package 'my_robot_interfaces' build argument 'cmake_target_skip_unavailable' from command line to 'False'
[0.398s] Level 5:colcon.colcon_core.verb:set package 'my_robot_interfaces' build argument 'cmake_clean_cache' from command line to 'False'
[0.398s] Level 5:colcon.colcon_core.verb:set package 'my_robot_interfaces' build argument 'cmake_clean_first' from command line to 'False'
[0.398s] Level 5:colcon.colcon_core.verb:set package 'my_robot_interfaces' build argument 'cmake_force_configure' from command line to 'False'
[0.398s] Level 5:colcon.colcon_core.verb:set package 'my_robot_interfaces' build argument 'ament_cmake_args' from command line to 'None'
[0.398s] Level 5:colcon.colcon_core.verb:set package 'my_robot_interfaces' build argument 'catkin_cmake_args' from command line to 'None'
[0.398s] Level 5:colcon.colcon_core.verb:set package 'my_robot_interfaces' build argument 'catkin_skip_building_tests' from command line to 'False'
[0.398s] DEBUG:colcon.colcon_core.verb:Building package 'my_robot_interfaces' with the following arguments: {'ament_cmake_args': None, 'build_base': '/home/atharva/Learning_ROS2/ros2_ws/build/my_robot_interfaces', 'catkin_cmake_args': None, 'catkin_skip_building_tests': False, 'cmake_args': None, 'cmake_clean_cache': False, 'cmake_clean_first': False, 'cmake_force_configure': False, 'cmake_target': None, 'cmake_target_skip_unavailable': False, 'install_base': '/home/atharva/Learning_ROS2/ros2_ws/install/my_robot_interfaces', 'merge_install': False, 'path': '/home/atharva/Learning_ROS2/ros2_ws/src/my_robot_interfaces', 'symlink_install': False, 'test_result_base': None}
[0.402s] Level 5:colcon.colcon_core.verb:set package 'mae547_bringup' build argument 'cmake_args' from command line to 'None'
[0.402s] Level 5:colcon.colcon_core.verb:set package 'mae547_bringup' build argument 'cmake_target' from command line to 'None'
[0.402s] Level 5:colcon.colcon_core.verb:set package 'mae547_bringup' build argument 'cmake_target_skip_unavailable' from command line to 'False'
[0.402s] Level 5:colcon.colcon_core.verb:set package 'mae547_bringup' build argument 'cmake_clean_cache' from command line to 'False'
[0.402s] Level 5:colcon.colcon_core.verb:set package 'mae547_bringup' build argument 'cmake_clean_first' from command line to 'False'
[0.402s] Level 5:colcon.colcon_core.verb:set package 'mae547_bringup' build argument 'cmake_force_configure' from command line to 'False'
[0.402s] Level 5:colcon.colcon_core.verb:set package 'mae547_bringup' build argument 'ament_cmake_args' from command line to 'None'
[0.402s] Level 5:colcon.colcon_core.verb:set package 'mae547_bringup' build argument 'catkin_cmake_args' from command line to 'None'
[0.402s] Level 5:colcon.colcon_core.verb:set package 'mae547_bringup' build argument 'catkin_skip_building_tests' from command line to 'False'
[0.402s] DEBUG:colcon.colcon_core.verb:Building package 'mae547_bringup' with the following arguments: {'ament_cmake_args': None, 'build_base': '/home/atharva/Learning_ROS2/ros2_ws/build/mae547_bringup', 'catkin_cmake_args': None, 'catkin_skip_building_tests': False, 'cmake_args': None, 'cmake_clean_cache': False, 'cmake_clean_first': False, 'cmake_force_configure': False, 'cmake_target': None, 'cmake_target_skip_unavailable': False, 'install_base': '/home/atharva/Learning_ROS2/ros2_ws/install/mae547_bringup', 'merge_install': False, 'path': '/home/atharva/Learning_ROS2/ros2_ws/src/mae547_bringup', 'symlink_install': False, 'test_result_base': None}
[0.406s] Level 5:colcon.colcon_core.verb:set package 'my_py_pkg' build argument 'cmake_args' from command line to 'None'
[0.406s] Level 5:colcon.colcon_core.verb:set package 'my_py_pkg' build argument 'cmake_target' from command line to 'None'
[0.406s] Level 5:colcon.colcon_core.verb:set package 'my_py_pkg' build argument 'cmake_target_skip_unavailable' from command line to 'False'
[0.406s] Level 5:colcon.colcon_core.verb:set package 'my_py_pkg' build argument 'cmake_clean_cache' from command line to 'False'
[0.406s] Level 5:colcon.colcon_core.verb:set package 'my_py_pkg' build argument 'cmake_clean_first' from command line to 'False'
[0.406s] Level 5:colcon.colcon_core.verb:set package 'my_py_pkg' build argument 'cmake_force_configure' from command line to 'False'
[0.406s] Level 5:colcon.colcon_core.verb:set package 'my_py_pkg' build argument 'ament_cmake_args' from command line to 'None'
[0.406s] Level 5:colcon.colcon_core.verb:set package 'my_py_pkg' build argument 'catkin_cmake_args' from command line to 'None'
[0.406s] Level 5:colcon.colcon_core.verb:set package 'my_py_pkg' build argument 'catkin_skip_building_tests' from command line to 'False'
[0.406s] DEBUG:colcon.colcon_core.verb:Building package 'my_py_pkg' with the following arguments: {'ament_cmake_args': None, 'build_base': '/home/atharva/Learning_ROS2/ros2_ws/build/my_py_pkg', 'catkin_cmake_args': None, 'catkin_skip_building_tests': False, 'cmake_args': None, 'cmake_clean_cache': False, 'cmake_clean_first': False, 'cmake_force_configure': False, 'cmake_target': None, 'cmake_target_skip_unavailable': False, 'install_base': '/home/atharva/Learning_ROS2/ros2_ws/install/my_py_pkg', 'merge_install': False, 'path': '/home/atharva/Learning_ROS2/ros2_ws/src/my_py_pkg', 'symlink_install': False, 'test_result_base': None}
[0.410s] Level 5:colcon.colcon_core.verb:set package 'my_robot_bringup' build argument 'cmake_args' from command line to 'None'
[0.410s] Level 5:colcon.colcon_core.verb:set package 'my_robot_bringup' build argument 'cmake_target' from command line to 'None'
[0.410s] Level 5:colcon.colcon_core.verb:set package 'my_robot_bringup' build argument 'cmake_target_skip_unavailable' from command line to 'False'
[0.410s] Level 5:colcon.colcon_core.verb:set package 'my_robot_bringup' build argument 'cmake_clean_cache' from command line to 'False'
[0.410s] Level 5:colcon.colcon_core.verb:set package 'my_robot_bringup' build argument 'cmake_clean_first' from command line to 'False'
[0.410s] Level 5:colcon.colcon_core.verb:set package 'my_robot_bringup' build argument 'cmake_force_configure' from command line to 'False'
[0.410s] Level 5:colcon.colcon_core.verb:set package 'my_robot_bringup' build argument 'ament_cmake_args' from command line to 'None'
[0.410s] Level 5:colcon.colcon_core.verb:set package 'my_robot_bringup' build argument 'catkin_cmake_args' from command line to 'None'
[0.410s] Level 5:colcon.colcon_core.verb:set package 'my_robot_bringup' build argument 'catkin_skip_building_tests' from command line to 'False'
[0.410s] DEBUG:colcon.colcon_core.verb:Building package 'my_robot_bringup' with the following arguments: {'ament_cmake_args': None, 'build_base': '/home/atharva/Learning_ROS2/ros2_ws/build/my_robot_bringup', 'catkin_cmake_args': None, 'catkin_skip_building_tests': False, 'cmake_args': None, 'cmake_clean_cache': False, 'cmake_clean_first': False, 'cmake_force_configure': False, 'cmake_target': None, 'cmake_target_skip_unavailable': False, 'install_base': '/home/atharva/Learning_ROS2/ros2_ws/install/my_robot_bringup', 'merge_install': False, 'path': '/home/atharva/Learning_ROS2/ros2_ws/src/my_robot_bringup', 'symlink_install': False, 'test_result_base': None}
[0.414s] Level 5:colcon.colcon_core.verb:set package 'turtlesim_catch_em_all' build argument 'cmake_args' from command line to 'None'
[0.414s] Level 5:colcon.colcon_core.verb:set package 'turtlesim_catch_em_all' build argument 'cmake_target' from command line to 'None'
[0.414s] Level 5:colcon.colcon_core.verb:set package 'turtlesim_catch_em_all' build argument 'cmake_target_skip_unavailable' from command line to 'False'
[0.414s] Level 5:colcon.colcon_core.verb:set package 'turtlesim_catch_em_all' build argument 'cmake_clean_cache' from command line to 'False'
[0.414s] Level 5:colcon.colcon_core.verb:set package 'turtlesim_catch_em_all' build argument 'cmake_clean_first' from command line to 'False'
[0.414s] Level 5:colcon.colcon_core.verb:set package 'turtlesim_catch_em_all' build argument 'cmake_force_configure' from command line to 'False'
[0.414s] Level 5:colcon.colcon_core.verb:set package 'turtlesim_catch_em_all' build argument 'ament_cmake_args' from command line to 'None'
[0.414s] Level 5:colcon.colcon_core.verb:set package 'turtlesim_catch_em_all' build argument 'catkin_cmake_args' from command line to 'None'
[0.414s] Level 5:colcon.colcon_core.verb:set package 'turtlesim_catch_em_all' build argument 'catkin_skip_building_tests' from command line to 'False'
[0.414s] DEBUG:colcon.colcon_core.verb:Building package 'turtlesim_catch_em_all' with the following arguments: {'ament_cmake_args': None, 'build_base': '/home/atharva/Learning_ROS2/ros2_ws/build/turtlesim_catch_em_all', 'catkin_cmake_args': None, 'catkin_skip_building_tests': False, 'cmake_args': None, 'cmake_clean_cache': False, 'cmake_clean_first': False, 'cmake_force_configure': False, 'cmake_target': None, 'cmake_target_skip_unavailable': False, 'install_base': '/home/atharva/Learning_ROS2/ros2_ws/install/turtlesim_catch_em_all', 'merge_install': False, 'path': '/home/atharva/Learning_ROS2/ros2_ws/src/turtlesim_catch_em_all', 'symlink_install': False, 'test_result_base': None}
[0.418s] Level 5:colcon.colcon_core.verb:set package 'radio_station_bringup' build argument 'cmake_args' from command line to 'None'
[0.418s] Level 5:colcon.colcon_core.verb:set package 'radio_station_bringup' build argument 'cmake_target' from command line to 'None'
[0.418s] Level 5:colcon.colcon_core.verb:set package 'radio_station_bringup' build argument 'cmake_target_skip_unavailable' from command line to 'False'
[0.418s] Level 5:colcon.colcon_core.verb:set package 'radio_station_bringup' build argument 'cmake_clean_cache' from command line to 'False'
[0.418s] Level 5:colcon.colcon_core.verb:set package 'radio_station_bringup' build argument 'cmake_clean_first' from command line to 'False'
[0.418s] Level 5:colcon.colcon_core.verb:set package 'radio_station_bringup' build argument 'cmake_force_configure' from command line to 'False'
[0.418s] Level 5:colcon.colcon_core.verb:set package 'radio_station_bringup' build argument 'ament_cmake_args' from command line to 'None'
[0.418s] Level 5:colcon.colcon_core.verb:set package 'radio_station_bringup' build argument 'catkin_cmake_args' from command line to 'None'
[0.418s] Level 5:colcon.colcon_core.verb:set package 'radio_station_bringup' build argument 'catkin_skip_building_tests' from command line to 'False'
[0.418s] DEBUG:colcon.colcon_core.verb:Building package 'radio_station_bringup' with the following arguments: {'ament_cmake_args': None, 'build_base': '/home/atharva/Learning_ROS2/ros2_ws/build/radio_station_bringup', 'catkin_cmake_args': None, 'catkin_skip_building_tests': False, 'cmake_args': None, 'cmake_clean_cache': False, 'cmake_clean_first': False, 'cmake_force_configure': False, 'cmake_target': None, 'cmake_target_skip_unavailable': False, 'install_base': '/home/atharva/Learning_ROS2/ros2_ws/install/radio_station_bringup', 'merge_install': False, 'path': '/home/atharva/Learning_ROS2/ros2_ws/src/radio_station_bringup', 'symlink_install': False, 'test_result_base': None}
[0.422s] INFO:colcon.colcon_core.executor:Executing jobs using 'parallel' executor
[0.426s] DEBUG:colcon.colcon_parallel_executor.executor.parallel:run_until_complete
[0.426s] INFO:colcon.colcon_ros.task.ament_cmake.build:Building ROS package in '/home/atharva/Learning_ROS2/ros2_ws/src/my_robot_interfaces' with build type 'ament_cmake'
[0.426s] INFO:colcon.colcon_cmake.task.cmake.build:Building CMake package in '/home/atharva/Learning_ROS2/ros2_ws/src/my_robot_interfaces'
[0.431s] INFO:colcon.colcon_core.plugin_system:Skipping extension 'colcon_core.shell.bat': Not used on non-Windows systems
[0.431s] INFO:colcon.colcon_core.shell:Skip shell extension 'powershell' for command environment: Not usable outside of PowerShell
[0.431s] DEBUG:colcon.colcon_core.shell:Skip shell extension 'dsv' for command environment
[0.443s] INFO:colcon.colcon_ros.task.ament_cmake.build:Building ROS package in '/home/atharva/Learning_ROS2/ros2_ws/src/my_robot_description' with build type 'ament_cmake'
[0.443s] INFO:colcon.colcon_cmake.task.cmake.build:Building CMake package in '/home/atharva/Learning_ROS2/ros2_ws/src/my_robot_description'
[0.447s] INFO:colcon.colcon_core.shell:Skip shell extension 'powershell' for command environment: Not usable outside of PowerShell
[0.447s] DEBUG:colcon.colcon_core.shell:Skip shell extension 'dsv' for command environment
[0.459s] INFO:colcon.colcon_ros.task.ament_cmake.build:Building ROS package in '/home/atharva/Learning_ROS2/ros2_ws/src/mae_547' with build type 'ament_cmake'
[0.459s] INFO:colcon.colcon_cmake.task.cmake.build:Building CMake package in '/home/atharva/Learning_ROS2/ros2_ws/src/mae_547'
[0.464s] INFO:colcon.colcon_core.shell:Skip shell extension 'powershell' for command environment: Not usable outside of PowerShell
[0.464s] DEBUG:colcon.colcon_core.shell:Skip shell extension 'dsv' for command environment
[0.479s] DEBUG:colcon.colcon_core.event_handler.log_command:Invoking command in '/home/atharva/Learning_ROS2/ros2_ws/build/my_robot_interfaces': CMAKE_PREFIX_PATH=${CMAKE_PREFIX_PATH}:/opt/ros/humble /usr/bin/cmake --build /home/atharva/Learning_ROS2/ros2_ws/build/my_robot_interfaces -- -j32 -l32
[0.480s] DEBUG:colcon.colcon_core.event_handler.log_command:Invoking command in '/home/atharva/Learning_ROS2/ros2_ws/build/my_robot_description': CMAKE_PREFIX_PATH=${CMAKE_PREFIX_PATH}:/opt/ros/humble /usr/bin/cmake --build /home/atharva/Learning_ROS2/ros2_ws/build/my_robot_description -- -j32 -l32
[0.483s] DEBUG:colcon.colcon_core.event_handler.log_command:Invoking command in '/home/atharva/Learning_ROS2/ros2_ws/build/mae_547': CMAKE_PREFIX_PATH=${CMAKE_PREFIX_PATH}:/opt/ros/humble /usr/bin/cmake --build /home/atharva/Learning_ROS2/ros2_ws/build/mae_547 -- -j32 -l32
[0.498s] DEBUG:colcon.colcon_core.event_handler.log_command:Invoked command in '/home/atharva/Learning_ROS2/ros2_ws/build/my_robot_description' returned '0': CMAKE_PREFIX_PATH=${CMAKE_PREFIX_PATH}:/opt/ros/humble /usr/bin/cmake --build /home/atharva/Learning_ROS2/ros2_ws/build/my_robot_description -- -j32 -l32
[0.499s] DEBUG:colcon.colcon_core.event_handler.log_command:Invoked command in '/home/atharva/Learning_ROS2/ros2_ws/build/mae_547' returned '0': CMAKE_PREFIX_PATH=${CMAKE_PREFIX_PATH}:/opt/ros/humble /usr/bin/cmake --build /home/atharva/Learning_ROS2/ros2_ws/build/mae_547 -- -j32 -l32
[0.514s] DEBUG:colcon.colcon_core.event_handler.log_command:Invoking command in '/home/atharva/Learning_ROS2/ros2_ws/build/my_robot_description': CMAKE_PREFIX_PATH=${CMAKE_PREFIX_PATH}:/opt/ros/humble /usr/bin/cmake --install /home/atharva/Learning_ROS2/ros2_ws/build/my_robot_description
[0.515s] DEBUG:colcon.colcon_core.event_handler.log_command:Invoking command in '/home/atharva/Learning_ROS2/ros2_ws/build/mae_547': CMAKE_PREFIX_PATH=${CMAKE_PREFIX_PATH}:/opt/ros/humble /usr/bin/cmake --install /home/atharva/Learning_ROS2/ros2_ws/build/mae_547
[0.518s] Level 1:colcon.colcon_core.environment:create_environment_scripts_only(my_robot_description)
[0.519s] DEBUG:colcon.colcon_core.event_handler.log_command:Invoked command in '/home/atharva/Learning_ROS2/ros2_ws/build/my_robot_description' returned '0': CMAKE_PREFIX_PATH=${CMAKE_PREFIX_PATH}:/opt/ros/humble /usr/bin/cmake --install /home/atharva/Learning_ROS2/ros2_ws/build/my_robot_description
[0.528s] Level 1:colcon.colcon_core.environment:checking '/home/atharva/Learning_ROS2/ros2_ws/install/my_robot_description' for CMake module files
[0.528s] Level 1:colcon.colcon_core.environment:checking '/home/atharva/Learning_ROS2/ros2_ws/install/my_robot_description' for CMake config files
[0.528s] Level 1:colcon.colcon_core.shell:create_environment_hook('my_robot_description', 'cmake_prefix_path')
[0.532s] INFO:colcon.colcon_core.shell:Creating environment hook '/home/atharva/Learning_ROS2/ros2_ws/install/my_robot_description/share/my_robot_description/hook/cmake_prefix_path.ps1'
[0.532s] INFO:colcon.colcon_core.shell:Creating environment descriptor '/home/atharva/Learning_ROS2/ros2_ws/install/my_robot_description/share/my_robot_description/hook/cmake_prefix_path.dsv'
[0.533s] INFO:colcon.colcon_core.shell:Creating environment hook '/home/atharva/Learning_ROS2/ros2_ws/install/my_robot_description/share/my_robot_description/hook/cmake_prefix_path.sh'
[0.533s] Level 1:colcon.colcon_core.environment:checking '/home/atharva/Learning_ROS2/ros2_ws/install/my_robot_description/bin'
[0.533s] Level 1:colcon.colcon_core.environment:checking '/home/atharva/Learning_ROS2/ros2_ws/install/my_robot_description/lib/pkgconfig/my_robot_description.pc'
[0.533s] Level 1:colcon.colcon_core.environment:checking '/home/atharva/Learning_ROS2/ros2_ws/install/my_robot_description/lib/python3.10/site-packages'
[0.533s] Level 1:colcon.colcon_core.environment:checking '/home/atharva/Learning_ROS2/ros2_ws/install/my_robot_description/bin'
[0.537s] INFO:colcon.colcon_core.shell:Creating package script '/home/atharva/Learning_ROS2/ros2_ws/install/my_robot_description/share/my_robot_description/package.ps1'
[0.538s] INFO:colcon.colcon_core.shell:Creating package descriptor '/home/atharva/Learning_ROS2/ros2_ws/install/my_robot_description/share/my_robot_description/package.dsv'
[0.538s] INFO:colcon.colcon_core.shell:Creating package script '/home/atharva/Learning_ROS2/ros2_ws/install/my_robot_description/share/my_robot_description/package.sh'
[0.538s] INFO:colcon.colcon_core.shell:Creating package script '/home/atharva/Learning_ROS2/ros2_ws/install/my_robot_description/share/my_robot_description/package.bash'
[0.539s] INFO:colcon.colcon_core.shell:Creating package script '/home/atharva/Learning_ROS2/ros2_ws/install/my_robot_description/share/my_robot_description/package.zsh'
[0.539s] Level 1:colcon.colcon_core.environment:create_file_with_runtime_dependencies(/home/atharva/Learning_ROS2/ros2_ws/install/my_robot_description/share/colcon-core/packages/my_robot_description)
[0.540s] Level 1:colcon.colcon_core.environment:create_environment_scripts_only(mae_547)
[0.540s] DEBUG:colcon.colcon_core.event_handler.log_command:Invoked command in '/home/atharva/Learning_ROS2/ros2_ws/build/mae_547' returned '0': CMAKE_PREFIX_PATH=${CMAKE_PREFIX_PATH}:/opt/ros/humble /usr/bin/cmake --install /home/atharva/Learning_ROS2/ros2_ws/build/mae_547
[0.545s] Level 1:colcon.colcon_core.environment:checking '/home/atharva/Learning_ROS2/ros2_ws/install/mae_547' for CMake module files
[0.545s] Level 1:colcon.colcon_core.environment:checking '/home/atharva/Learning_ROS2/ros2_ws/install/mae_547' for CMake config files
[0.545s] Level 1:colcon.colcon_core.shell:create_environment_hook('mae_547', 'cmake_prefix_path')
[0.550s] INFO:colcon.colcon_core.shell:Creating environment hook '/home/atharva/Learning_ROS2/ros2_ws/install/mae_547/share/mae_547/hook/cmake_prefix_path.ps1'
[0.550s] INFO:colcon.colcon_core.shell:Creating environment descriptor '/home/atharva/Learning_ROS2/ros2_ws/install/mae_547/share/mae_547/hook/cmake_prefix_path.dsv'
[0.550s] INFO:colcon.colcon_core.shell:Creating environment hook '/home/atharva/Learning_ROS2/ros2_ws/install/mae_547/share/mae_547/hook/cmake_prefix_path.sh'
[0.550s] Level 1:colcon.colcon_core.environment:checking '/home/atharva/Learning_ROS2/ros2_ws/install/mae_547/bin'
[0.550s] Level 1:colcon.colcon_core.environment:checking '/home/atharva/Learning_ROS2/ros2_ws/install/mae_547/lib/pkgconfig/mae_547.pc'
[0.550s] Level 1:colcon.colcon_core.environment:checking '/home/atharva/Learning_ROS2/ros2_ws/install/mae_547/lib/python3.10/site-packages'
[0.551s] Level 1:colcon.colcon_core.environment:checking '/home/atharva/Learning_ROS2/ros2_ws/install/mae_547/bin'
[0.555s] INFO:colcon.colcon_core.shell:Creating package script '/home/atharva/Learning_ROS2/ros2_ws/install/mae_547/share/mae_547/package.ps1'
[0.556s] INFO:colcon.colcon_core.shell:Creating package descriptor '/home/atharva/Learning_ROS2/ros2_ws/install/mae_547/share/mae_547/package.dsv'
[0.556s] INFO:colcon.colcon_core.shell:Creating package script '/home/atharva/Learning_ROS2/ros2_ws/install/mae_547/share/mae_547/package.sh'
[0.556s] INFO:colcon.colcon_core.shell:Creating package script '/home/atharva/Learning_ROS2/ros2_ws/install/mae_547/share/mae_547/package.bash'
[0.556s] INFO:colcon.colcon_core.shell:Creating package script '/home/atharva/Learning_ROS2/ros2_ws/install/mae_547/share/mae_547/package.zsh'
[0.556s] Level 1:colcon.colcon_core.environment:create_file_with_runtime_dependencies(/home/atharva/Learning_ROS2/ros2_ws/install/mae_547/share/colcon-core/packages/mae_547)
[0.562s] Level 1:colcon.colcon_core.environment:create_environment_scripts_only(my_robot_description)
[0.566s] Level 1:colcon.colcon_core.environment:checking '/home/atharva/Learning_ROS2/ros2_ws/install/my_robot_description' for CMake module files
[0.566s] Level 1:colcon.colcon_core.environment:checking '/home/atharva/Learning_ROS2/ros2_ws/install/my_robot_description' for CMake config files
[0.567s] Level 1:colcon.colcon_core.shell:create_environment_hook('my_robot_description', 'cmake_prefix_path')
[0.571s] INFO:colcon.colcon_core.shell:Creating environment hook '/home/atharva/Learning_ROS2/ros2_ws/install/my_robot_description/share/my_robot_description/hook/cmake_prefix_path.ps1'
[0.571s] INFO:colcon.colcon_core.shell:Creating environment descriptor '/home/atharva/Learning_ROS2/ros2_ws/install/my_robot_description/share/my_robot_description/hook/cmake_prefix_path.dsv'
[0.571s] INFO:colcon.colcon_core.shell:Creating environment hook '/home/atharva/Learning_ROS2/ros2_ws/install/my_robot_description/share/my_robot_description/hook/cmake_prefix_path.sh'
[0.571s] Level 1:colcon.colcon_core.environment:checking '/home/atharva/Learning_ROS2/ros2_ws/install/my_robot_description/bin'
[0.572s] Level 1:colcon.colcon_core.environment:checking '/home/atharva/Learning_ROS2/ros2_ws/install/my_robot_description/lib/pkgconfig/my_robot_description.pc'
[0.572s] Level 1:colcon.colcon_core.environment:checking '/home/atharva/Learning_ROS2/ros2_ws/install/my_robot_description/lib/python3.10/site-packages'
[0.572s] Level 1:colcon.colcon_core.environment:checking '/home/atharva/Learning_ROS2/ros2_ws/install/my_robot_description/bin'
[0.576s] INFO:colcon.colcon_core.shell:Creating package script '/home/atharva/Learning_ROS2/ros2_ws/install/my_robot_description/share/my_robot_description/package.ps1'
[0.576s] INFO:colcon.colcon_core.shell:Creating package descriptor '/home/atharva/Learning_ROS2/ros2_ws/install/my_robot_description/share/my_robot_description/package.dsv'
[0.577s] INFO:colcon.colcon_core.shell:Creating package script '/home/atharva/Learning_ROS2/ros2_ws/install/my_robot_description/share/my_robot_description/package.sh'
[0.577s] INFO:colcon.colcon_core.shell:Creating package script '/home/atharva/Learning_ROS2/ros2_ws/install/my_robot_description/share/my_robot_description/package.bash'
[0.577s] INFO:colcon.colcon_core.shell:Creating package script '/home/atharva/Learning_ROS2/ros2_ws/install/my_robot_description/share/my_robot_description/package.zsh'
[0.577s] Level 1:colcon.colcon_core.environment:create_file_with_runtime_dependencies(/home/atharva/Learning_ROS2/ros2_ws/install/my_robot_description/share/colcon-core/packages/my_robot_description)
[0.577s] INFO:colcon.colcon_ros.task.ament_cmake.build:Building ROS package in '/home/atharva/Learning_ROS2/ros2_ws/src/mae547_bringup' with build type 'ament_cmake'
[0.577s] INFO:colcon.colcon_cmake.task.cmake.build:Building CMake package in '/home/atharva/Learning_ROS2/ros2_ws/src/mae547_bringup'
[0.582s] INFO:colcon.colcon_core.shell:Skip shell extension 'powershell' for command environment: Not usable outside of PowerShell
[0.582s] DEBUG:colcon.colcon_core.shell:Skip shell extension 'dsv' for command environment
[0.596s] INFO:colcon.colcon_ros.task.ament_cmake.build:Building ROS package in '/home/atharva/Learning_ROS2/ros2_ws/src/my_robot_bringup' with build type 'ament_cmake'
[0.596s] INFO:colcon.colcon_cmake.task.cmake.build:Building CMake package in '/home/atharva/Learning_ROS2/ros2_ws/src/my_robot_bringup'
[0.600s] INFO:colcon.colcon_core.shell:Skip shell extension 'powershell' for command environment: Not usable outside of PowerShell
[0.600s] DEBUG:colcon.colcon_core.shell:Skip shell extension 'dsv' for command environment
[0.617s] Level 1:colcon.colcon_core.environment:create_environment_scripts_only(mae_547)
[0.621s] Level 1:colcon.colcon_core.environment:checking '/home/atharva/Learning_ROS2/ros2_ws/install/mae_547' for CMake module files
[0.621s] Level 1:colcon.colcon_core.environment:checking '/home/atharva/Learning_ROS2/ros2_ws/install/mae_547' for CMake config files
[0.622s] Level 1:colcon.colcon_core.shell:create_environment_hook('mae_547', 'cmake_prefix_path')
[0.625s] INFO:colcon.colcon_core.shell:Creating environment hook '/home/atharva/Learning_ROS2/ros2_ws/install/mae_547/share/mae_547/hook/cmake_prefix_path.ps1'
[0.626s] INFO:colcon.colcon_core.shell:Creating environment descriptor '/home/atharva/Learning_ROS2/ros2_ws/install/mae_547/share/mae_547/hook/cmake_prefix_path.dsv'
[0.626s] INFO:colcon.colcon_core.shell:Creating environment hook '/home/atharva/Learning_ROS2/ros2_ws/install/mae_547/share/mae_547/hook/cmake_prefix_path.sh'
[0.626s] Level 1:colcon.colcon_core.environment:checking '/home/atharva/Learning_ROS2/ros2_ws/install/mae_547/bin'
[0.626s] Level 1:colcon.colcon_core.environment:checking '/home/atharva/Learning_ROS2/ros2_ws/install/mae_547/lib/pkgconfig/mae_547.pc'
[0.626s] Level 1:colcon.colcon_core.environment:checking '/home/atharva/Learning_ROS2/ros2_ws/install/mae_547/lib/python3.10/site-packages'
[0.626s] Level 1:colcon.colcon_core.environment:checking '/home/atharva/Learning_ROS2/ros2_ws/install/mae_547/bin'
[0.630s] INFO:colcon.colcon_core.shell:Creating package script '/home/atharva/Learning_ROS2/ros2_ws/install/mae_547/share/mae_547/package.ps1'
[0.631s] INFO:colcon.colcon_core.shell:Creating package descriptor '/home/atharva/Learning_ROS2/ros2_ws/install/mae_547/share/mae_547/package.dsv'
[0.631s] INFO:colcon.colcon_core.shell:Creating package script '/home/atharva/Learning_ROS2/ros2_ws/install/mae_547/share/mae_547/package.sh'
[0.631s] INFO:colcon.colcon_core.shell:Creating package script '/home/atharva/Learning_ROS2/ros2_ws/install/mae_547/share/mae_547/package.bash'
[0.631s] INFO:colcon.colcon_core.shell:Creating package script '/home/atharva/Learning_ROS2/ros2_ws/install/mae_547/share/mae_547/package.zsh'
[0.631s] Level 1:colcon.colcon_core.environment:create_file_with_runtime_dependencies(/home/atharva/Learning_ROS2/ros2_ws/install/mae_547/share/colcon-core/packages/mae_547)
[0.634s] DEBUG:colcon.colcon_core.event_handler.log_command:Invoking command in '/home/atharva/Learning_ROS2/ros2_ws/build/mae547_bringup': CMAKE_PREFIX_PATH=/home/atharva/Learning_ROS2/ros2_ws/install/my_robot_description:/home/atharva/Learning_ROS2/ros2_ws/install/my_robot_interfaces:/home/atharva/Learning_ROS2/ros2_ws/install/my_robot_bringup:/home/atharva/Learning_ROS2/ros2_ws/install/mae547_bringup:/home/atharva/Learning_ROS2/ros2_ws/install/mae_547:/opt/ros/humble /usr/bin/cmake --build /home/atharva/Learning_ROS2/ros2_ws/build/mae547_bringup -- -j32 -l32
[0.635s] DEBUG:colcon.colcon_core.event_handler.log_command:Invoking command in '/home/atharva/Learning_ROS2/ros2_ws/build/my_robot_bringup': CMAKE_PREFIX_PATH=/home/atharva/Learning_ROS2/ros2_ws/install/my_robot_description:/home/atharva/Learning_ROS2/ros2_ws/install/my_robot_interfaces:/home/atharva/Learning_ROS2/ros2_ws/install/my_robot_bringup:/home/atharva/Learning_ROS2/ros2_ws/install/mae547_bringup:/home/atharva/Learning_ROS2/ros2_ws/install/mae_547:/opt/ros/humble /usr/bin/cmake --build /home/atharva/Learning_ROS2/ros2_ws/build/my_robot_bringup -- -j32 -l32
[0.636s] DEBUG:colcon.colcon_core.event_handler.log_command:Invoked command in '/home/atharva/Learning_ROS2/ros2_ws/build/my_robot_interfaces' returned '0': CMAKE_PREFIX_PATH=${CMAKE_PREFIX_PATH}:/opt/ros/humble /usr/bin/cmake --build /home/atharva/Learning_ROS2/ros2_ws/build/my_robot_interfaces -- -j32 -l32
[0.650s] DEBUG:colcon.colcon_core.event_handler.log_command:Invoked command in '/home/atharva/Learning_ROS2/ros2_ws/build/mae547_bringup' returned '0': CMAKE_PREFIX_PATH=/home/atharva/Learning_ROS2/ros2_ws/install/my_robot_description:/home/atharva/Learning_ROS2/ros2_ws/install/my_robot_interfaces:/home/atharva/Learning_ROS2/ros2_ws/install/my_robot_bringup:/home/atharva/Learning_ROS2/ros2_ws/install/mae547_bringup:/home/atharva/Learning_ROS2/ros2_ws/install/mae_547:/opt/ros/humble /usr/bin/cmake --build /home/atharva/Learning_ROS2/ros2_ws/build/mae547_bringup -- -j32 -l32
[0.651s] DEBUG:colcon.colcon_core.event_handler.log_command:Invoked command in '/home/atharva/Learning_ROS2/ros2_ws/build/my_robot_bringup' returned '0': CMAKE_PREFIX_PATH=/home/atharva/Learning_ROS2/ros2_ws/install/my_robot_description:/home/atharva/Learning_ROS2/ros2_ws/install/my_robot_interfaces:/home/atharva/Learning_ROS2/ros2_ws/install/my_robot_bringup:/home/atharva/Learning_ROS2/ros2_ws/install/mae547_bringup:/home/atharva/Learning_ROS2/ros2_ws/install/mae_547:/opt/ros/humble /usr/bin/cmake --build /home/atharva/Learning_ROS2/ros2_ws/build/my_robot_bringup -- -j32 -l32
[0.659s] DEBUG:colcon.colcon_core.event_handler.log_command:Invoking command in '/home/atharva/Learning_ROS2/ros2_ws/build/mae547_bringup': CMAKE_PREFIX_PATH=/home/atharva/Learning_ROS2/ros2_ws/install/my_robot_description:/home/atharva/Learning_ROS2/ros2_ws/install/my_robot_interfaces:/home/atharva/Learning_ROS2/ros2_ws/install/my_robot_bringup:/home/atharva/Learning_ROS2/ros2_ws/install/mae547_bringup:/home/atharva/Learning_ROS2/ros2_ws/install/mae_547:/opt/ros/humble /usr/bin/cmake --install /home/atharva/Learning_ROS2/ros2_ws/build/mae547_bringup
[0.661s] DEBUG:colcon.colcon_core.event_handler.log_command:Invoking command in '/home/atharva/Learning_ROS2/ros2_ws/build/my_robot_bringup': CMAKE_PREFIX_PATH=/home/atharva/Learning_ROS2/ros2_ws/install/my_robot_description:/home/atharva/Learning_ROS2/ros2_ws/install/my_robot_interfaces:/home/atharva/Learning_ROS2/ros2_ws/install/my_robot_bringup:/home/atharva/Learning_ROS2/ros2_ws/install/mae547_bringup:/home/atharva/Learning_ROS2/ros2_ws/install/mae_547:/opt/ros/humble /usr/bin/cmake --install /home/atharva/Learning_ROS2/ros2_ws/build/my_robot_bringup
[0.664s] Level 1:colcon.colcon_core.environment:create_environment_scripts_only(mae547_bringup)
[0.664s] DEBUG:colcon.colcon_core.event_handler.log_command:Invoked command in '/home/atharva/Learning_ROS2/ros2_ws/build/mae547_bringup' returned '0': CMAKE_PREFIX_PATH=/home/atharva/Learning_ROS2/ros2_ws/install/my_robot_description:/home/atharva/Learning_ROS2/ros2_ws/install/my_robot_interfaces:/home/atharva/Learning_ROS2/ros2_ws/install/my_robot_bringup:/home/atharva/Learning_ROS2/ros2_ws/install/mae547_bringup:/home/atharva/Learning_ROS2/ros2_ws/install/mae_547:/opt/ros/humble /usr/bin/cmake --install /home/atharva/Learning_ROS2/ros2_ws/build/mae547_bringup
[0.671s] Level 1:colcon.colcon_core.environment:checking '/home/atharva/Learning_ROS2/ros2_ws/install/mae547_bringup' for CMake module files
[0.671s] Level 1:colcon.colcon_core.environment:checking '/home/atharva/Learning_ROS2/ros2_ws/install/mae547_bringup' for CMake config files
[0.671s] Level 1:colcon.colcon_core.shell:create_environment_hook('mae547_bringup', 'cmake_prefix_path')
[0.675s] INFO:colcon.colcon_core.shell:Creating environment hook '/home/atharva/Learning_ROS2/ros2_ws/install/mae547_bringup/share/mae547_bringup/hook/cmake_prefix_path.ps1'
[0.676s] INFO:colcon.colcon_core.shell:Creating environment descriptor '/home/atharva/Learning_ROS2/ros2_ws/install/mae547_bringup/share/mae547_bringup/hook/cmake_prefix_path.dsv'
[0.676s] INFO:colcon.colcon_core.shell:Creating environment hook '/home/atharva/Learning_ROS2/ros2_ws/install/mae547_bringup/share/mae547_bringup/hook/cmake_prefix_path.sh'
[0.676s] Level 1:colcon.colcon_core.environment:checking '/home/atharva/Learning_ROS2/ros2_ws/install/mae547_bringup/bin'
[0.676s] Level 1:colcon.colcon_core.environment:checking '/home/atharva/Learning_ROS2/ros2_ws/install/mae547_bringup/lib/pkgconfig/mae547_bringup.pc'
[0.676s] Level 1:colcon.colcon_core.environment:checking '/home/atharva/Learning_ROS2/ros2_ws/install/mae547_bringup/lib/python3.10/site-packages'
[0.676s] Level 1:colcon.colcon_core.environment:checking '/home/atharva/Learning_ROS2/ros2_ws/install/mae547_bringup/bin'
[0.680s] INFO:colcon.colcon_core.shell:Creating package script '/home/atharva/Learning_ROS2/ros2_ws/install/mae547_bringup/share/mae547_bringup/package.ps1'
[0.680s] INFO:colcon.colcon_core.shell:Creating package descriptor '/home/atharva/Learning_ROS2/ros2_ws/install/mae547_bringup/share/mae547_bringup/package.dsv'
[0.680s] INFO:colcon.colcon_core.shell:Creating package script '/home/atharva/Learning_ROS2/ros2_ws/install/mae547_bringup/share/mae547_bringup/package.sh'
[0.681s] INFO:colcon.colcon_core.shell:Creating package script '/home/atharva/Learning_ROS2/ros2_ws/install/mae547_bringup/share/mae547_bringup/package.bash'
[0.681s] INFO:colcon.colcon_core.shell:Creating package script '/home/atharva/Learning_ROS2/ros2_ws/install/mae547_bringup/share/mae547_bringup/package.zsh'
[0.681s] Level 1:colcon.colcon_core.environment:create_file_with_runtime_dependencies(/home/atharva/Learning_ROS2/ros2_ws/install/mae547_bringup/share/colcon-core/packages/mae547_bringup)
[0.682s] Level 1:colcon.colcon_core.environment:create_environment_scripts_only(my_robot_bringup)
[0.682s] DEBUG:colcon.colcon_core.event_handler.log_command:Invoked command in '/home/atharva/Learning_ROS2/ros2_ws/build/my_robot_bringup' returned '0': CMAKE_PREFIX_PATH=/home/atharva/Learning_ROS2/ros2_ws/install/my_robot_description:/home/atharva/Learning_ROS2/ros2_ws/install/my_robot_interfaces:/home/atharva/Learning_ROS2/ros2_ws/install/my_robot_bringup:/home/atharva/Learning_ROS2/ros2_ws/install/mae547_bringup:/home/atharva/Learning_ROS2/ros2_ws/install/mae_547:/opt/ros/humble /usr/bin/cmake --install /home/atharva/Learning_ROS2/ros2_ws/build/my_robot_bringup
[0.687s] Level 1:colcon.colcon_core.environment:checking '/home/atharva/Learning_ROS2/ros2_ws/install/my_robot_bringup' for CMake module files
[0.687s] Level 1:colcon.colcon_core.environment:checking '/home/atharva/Learning_ROS2/ros2_ws/install/my_robot_bringup' for CMake config files
[0.687s] Level 1:colcon.colcon_core.shell:create_environment_hook('my_robot_bringup', 'cmake_prefix_path')
[0.691s] INFO:colcon.colcon_core.shell:Creating environment hook '/home/atharva/Learning_ROS2/ros2_ws/install/my_robot_bringup/share/my_robot_bringup/hook/cmake_prefix_path.ps1'
[0.691s] INFO:colcon.colcon_core.shell:Creating environment descriptor '/home/atharva/Learning_ROS2/ros2_ws/install/my_robot_bringup/share/my_robot_bringup/hook/cmake_prefix_path.dsv'
[0.691s] INFO:colcon.colcon_core.shell:Creating environment hook '/home/atharva/Learning_ROS2/ros2_ws/install/my_robot_bringup/share/my_robot_bringup/hook/cmake_prefix_path.sh'
[0.692s] Level 1:colcon.colcon_core.environment:checking '/home/atharva/Learning_ROS2/ros2_ws/install/my_robot_bringup/bin'
[0.692s] Level 1:colcon.colcon_core.environment:checking '/home/atharva/Learning_ROS2/ros2_ws/install/my_robot_bringup/lib/pkgconfig/my_robot_bringup.pc'
[0.692s] Level 1:colcon.colcon_core.environment:checking '/home/atharva/Learning_ROS2/ros2_ws/install/my_robot_bringup/lib/python3.10/site-packages'
[0.692s] Level 1:colcon.colcon_core.environment:checking '/home/atharva/Learning_ROS2/ros2_ws/install/my_robot_bringup/bin'
[0.695s] INFO:colcon.colcon_core.shell:Creating package script '/home/atharva/Learning_ROS2/ros2_ws/install/my_robot_bringup/share/my_robot_bringup/package.ps1'
[0.696s] INFO:colcon.colcon_core.shell:Creating package descriptor '/home/atharva/Learning_ROS2/ros2_ws/install/my_robot_bringup/share/my_robot_bringup/package.dsv'
[0.696s] INFO:colcon.colcon_core.shell:Creating package script '/home/atharva/Learning_ROS2/ros2_ws/install/my_robot_bringup/share/my_robot_bringup/package.sh'
[0.696s] INFO:colcon.colcon_core.shell:Creating package script '/home/atharva/Learning_ROS2/ros2_ws/install/my_robot_bringup/share/my_robot_bringup/package.bash'
[0.696s] INFO:colcon.colcon_core.shell:Creating package script '/home/atharva/Learning_ROS2/ros2_ws/install/my_robot_bringup/share/my_robot_bringup/package.zsh'
[0.696s] Level 1:colcon.colcon_core.environment:create_file_with_runtime_dependencies(/home/atharva/Learning_ROS2/ros2_ws/install/my_robot_bringup/share/colcon-core/packages/my_robot_bringup)
[0.698s] DEBUG:colcon.colcon_core.event_handler.log_command:Invoking command in '/home/atharva/Learning_ROS2/ros2_ws/build/my_robot_interfaces': CMAKE_PREFIX_PATH=${CMAKE_PREFIX_PATH}:/opt/ros/humble /usr/bin/cmake --install /home/atharva/Learning_ROS2/ros2_ws/build/my_robot_interfaces
[0.702s] Level 1:colcon.colcon_core.environment:create_environment_scripts_only(mae547_bringup)
[0.706s] Level 1:colcon.colcon_core.environment:checking '/home/atharva/Learning_ROS2/ros2_ws/install/mae547_bringup' for CMake module files
[0.706s] Level 1:colcon.colcon_core.environment:checking '/home/atharva/Learning_ROS2/ros2_ws/install/mae547_bringup' for CMake config files
[0.706s] Level 1:colcon.colcon_core.shell:create_environment_hook('mae547_bringup', 'cmake_prefix_path')
[0.710s] INFO:colcon.colcon_core.shell:Creating environment hook '/home/atharva/Learning_ROS2/ros2_ws/install/mae547_bringup/share/mae547_bringup/hook/cmake_prefix_path.ps1'
[0.710s] INFO:colcon.colcon_core.shell:Creating environment descriptor '/home/atharva/Learning_ROS2/ros2_ws/install/mae547_bringup/share/mae547_bringup/hook/cmake_prefix_path.dsv'
[0.710s] INFO:colcon.colcon_core.shell:Creating environment hook '/home/atharva/Learning_ROS2/ros2_ws/install/mae547_bringup/share/mae547_bringup/hook/cmake_prefix_path.sh'
[0.710s] Level 1:colcon.colcon_core.environment:checking '/home/atharva/Learning_ROS2/ros2_ws/install/mae547_bringup/bin'
[0.710s] Level 1:colcon.colcon_core.environment:checking '/home/atharva/Learning_ROS2/ros2_ws/install/mae547_bringup/lib/pkgconfig/mae547_bringup.pc'
[0.710s] Level 1:colcon.colcon_core.environment:checking '/home/atharva/Learning_ROS2/ros2_ws/install/mae547_bringup/lib/python3.10/site-packages'
[0.710s] Level 1:colcon.colcon_core.environment:checking '/home/atharva/Learning_ROS2/ros2_ws/install/mae547_bringup/bin'
[0.714s] INFO:colcon.colcon_core.shell:Creating package script '/home/atharva/Learning_ROS2/ros2_ws/install/mae547_bringup/share/mae547_bringup/package.ps1'
[0.715s] INFO:colcon.colcon_core.shell:Creating package descriptor '/home/atharva/Learning_ROS2/ros2_ws/install/mae547_bringup/share/mae547_bringup/package.dsv'
[0.715s] INFO:colcon.colcon_core.shell:Creating package script '/home/atharva/Learning_ROS2/ros2_ws/install/mae547_bringup/share/mae547_bringup/package.sh'
[0.715s] INFO:colcon.colcon_core.shell:Creating package script '/home/atharva/Learning_ROS2/ros2_ws/install/mae547_bringup/share/mae547_bringup/package.bash'
[0.715s] INFO:colcon.colcon_core.shell:Creating package script '/home/atharva/Learning_ROS2/ros2_ws/install/mae547_bringup/share/mae547_bringup/package.zsh'
[0.715s] Level 1:colcon.colcon_core.environment:create_file_with_runtime_dependencies(/home/atharva/Learning_ROS2/ros2_ws/install/mae547_bringup/share/colcon-core/packages/mae547_bringup)
[0.730s] Level 1:colcon.colcon_core.environment:create_environment_scripts_only(my_robot_bringup)
[0.736s] Level 1:colcon.colcon_core.environment:checking '/home/atharva/Learning_ROS2/ros2_ws/install/my_robot_bringup' for CMake module files
[0.736s] Level 1:colcon.colcon_core.environment:checking '/home/atharva/Learning_ROS2/ros2_ws/install/my_robot_bringup' for CMake config files
[0.736s] Level 1:colcon.colcon_core.shell:create_environment_hook('my_robot_bringup', 'cmake_prefix_path')
[0.743s] INFO:colcon.colcon_core.shell:Creating environment hook '/home/atharva/Learning_ROS2/ros2_ws/install/my_robot_bringup/share/my_robot_bringup/hook/cmake_prefix_path.ps1'
[0.743s] INFO:colcon.colcon_core.shell:Creating environment descriptor '/home/atharva/Learning_ROS2/ros2_ws/install/my_robot_bringup/share/my_robot_bringup/hook/cmake_prefix_path.dsv'
[0.743s] INFO:colcon.colcon_core.shell:Creating environment hook '/home/atharva/Learning_ROS2/ros2_ws/install/my_robot_bringup/share/my_robot_bringup/hook/cmake_prefix_path.sh'
[0.744s] Level 1:colcon.colcon_core.environment:checking '/home/atharva/Learning_ROS2/ros2_ws/install/my_robot_bringup/bin'
[0.744s] Level 1:colcon.colcon_core.environment:checking '/home/atharva/Learning_ROS2/ros2_ws/install/my_robot_bringup/lib/pkgconfig/my_robot_bringup.pc'
[0.744s] Level 1:colcon.colcon_core.environment:checking '/home/atharva/Learning_ROS2/ros2_ws/install/my_robot_bringup/lib/python3.10/site-packages'
[0.744s] Level 1:colcon.colcon_core.environment:checking '/home/atharva/Learning_ROS2/ros2_ws/install/my_robot_bringup/bin'
[0.749s] INFO:colcon.colcon_core.shell:Creating package script '/home/atharva/Learning_ROS2/ros2_ws/install/my_robot_bringup/share/my_robot_bringup/package.ps1'
[0.749s] INFO:colcon.colcon_core.shell:Creating package descriptor '/home/atharva/Learning_ROS2/ros2_ws/install/my_robot_bringup/share/my_robot_bringup/package.dsv'
[0.749s] INFO:colcon.colcon_core.shell:Creating package script '/home/atharva/Learning_ROS2/ros2_ws/install/my_robot_bringup/share/my_robot_bringup/package.sh'
[0.749s] INFO:colcon.colcon_core.shell:Creating package script '/home/atharva/Learning_ROS2/ros2_ws/install/my_robot_bringup/share/my_robot_bringup/package.bash'
[0.749s] INFO:colcon.colcon_core.shell:Creating package script '/home/atharva/Learning_ROS2/ros2_ws/install/my_robot_bringup/share/my_robot_bringup/package.zsh'
[0.749s] Level 1:colcon.colcon_core.environment:create_file_with_runtime_dependencies(/home/atharva/Learning_ROS2/ros2_ws/install/my_robot_bringup/share/colcon-core/packages/my_robot_bringup)
[0.750s] Level 1:colcon.colcon_core.environment:create_environment_scripts_only(my_robot_interfaces)
[0.750s] DEBUG:colcon.colcon_core.event_handler.log_command:Invoked command in '/home/atharva/Learning_ROS2/ros2_ws/build/my_robot_interfaces' returned '0': CMAKE_PREFIX_PATH=${CMAKE_PREFIX_PATH}:/opt/ros/humble /usr/bin/cmake --install /home/atharva/Learning_ROS2/ros2_ws/build/my_robot_interfaces
[0.755s] Level 1:colcon.colcon_core.environment:checking '/home/atharva/Learning_ROS2/ros2_ws/install/my_robot_interfaces' for CMake module files
[0.755s] Level 1:colcon.colcon_core.environment:checking '/home/atharva/Learning_ROS2/ros2_ws/install/my_robot_interfaces' for CMake config files
[0.755s] Level 1:colcon.colcon_core.shell:create_environment_hook('my_robot_interfaces', 'cmake_prefix_path')
[0.760s] INFO:colcon.colcon_core.shell:Creating environment hook '/home/atharva/Learning_ROS2/ros2_ws/install/my_robot_interfaces/share/my_robot_interfaces/hook/cmake_prefix_path.ps1'
[0.760s] INFO:colcon.colcon_core.shell:Creating environment descriptor '/home/atharva/Learning_ROS2/ros2_ws/install/my_robot_interfaces/share/my_robot_interfaces/hook/cmake_prefix_path.dsv'
[0.760s] INFO:colcon.colcon_core.shell:Creating environment hook '/home/atharva/Learning_ROS2/ros2_ws/install/my_robot_interfaces/share/my_robot_interfaces/hook/cmake_prefix_path.sh'
[0.760s] Level 1:colcon.colcon_core.environment:checking '/home/atharva/Learning_ROS2/ros2_ws/install/my_robot_interfaces/lib'
[0.760s] Level 1:colcon.colcon_core.shell:create_environment_hook('my_robot_interfaces', 'ld_library_path_lib')
[0.765s] INFO:colcon.colcon_core.shell:Creating environment hook '/home/atharva/Learning_ROS2/ros2_ws/install/my_robot_interfaces/share/my_robot_interfaces/hook/ld_library_path_lib.ps1'
[0.765s] INFO:colcon.colcon_core.shell:Creating environment descriptor '/home/atharva/Learning_ROS2/ros2_ws/install/my_robot_interfaces/share/my_robot_interfaces/hook/ld_library_path_lib.dsv'
[0.765s] INFO:colcon.colcon_core.shell:Creating environment hook '/home/atharva/Learning_ROS2/ros2_ws/install/my_robot_interfaces/share/my_robot_interfaces/hook/ld_library_path_lib.sh'
[0.765s] Level 1:colcon.colcon_core.environment:checking '/home/atharva/Learning_ROS2/ros2_ws/install/my_robot_interfaces/bin'
[0.765s] Level 1:colcon.colcon_core.environment:checking '/home/atharva/Learning_ROS2/ros2_ws/install/my_robot_interfaces/lib/pkgconfig/my_robot_interfaces.pc'
[0.765s] Level 1:colcon.colcon_core.environment:checking '/home/atharva/Learning_ROS2/ros2_ws/install/my_robot_interfaces/lib/python3.10/site-packages'
[0.765s] Level 1:colcon.colcon_core.environment:checking '/home/atharva/Learning_ROS2/ros2_ws/install/my_robot_interfaces/bin'
[0.769s] INFO:colcon.colcon_core.shell:Creating package script '/home/atharva/Learning_ROS2/ros2_ws/install/my_robot_interfaces/share/my_robot_interfaces/package.ps1'
[0.769s] INFO:colcon.colcon_core.shell:Creating package descriptor '/home/atharva/Learning_ROS2/ros2_ws/install/my_robot_interfaces/share/my_robot_interfaces/package.dsv'
[0.770s] INFO:colcon.colcon_core.shell:Creating package script '/home/atharva/Learning_ROS2/ros2_ws/install/my_robot_interfaces/share/my_robot_interfaces/package.sh'
[0.770s] INFO:colcon.colcon_core.shell:Creating package script '/home/atharva/Learning_ROS2/ros2_ws/install/my_robot_interfaces/share/my_robot_interfaces/package.bash'
[0.770s] INFO:colcon.colcon_core.shell:Creating package script '/home/atharva/Learning_ROS2/ros2_ws/install/my_robot_interfaces/share/my_robot_interfaces/package.zsh'
[0.770s] Level 1:colcon.colcon_core.environment:create_file_with_runtime_dependencies(/home/atharva/Learning_ROS2/ros2_ws/install/my_robot_interfaces/share/colcon-core/packages/my_robot_interfaces)
[0.837s] Level 1:colcon.colcon_core.environment:create_environment_scripts_only(my_robot_interfaces)
[0.841s] Level 1:colcon.colcon_core.environment:checking '/home/atharva/Learning_ROS2/ros2_ws/install/my_robot_interfaces' for CMake module files
[0.841s] Level 1:colcon.colcon_core.environment:checking '/home/atharva/Learning_ROS2/ros2_ws/install/my_robot_interfaces' for CMake config files
[0.841s] Level 1:colcon.colcon_core.shell:create_environment_hook('my_robot_interfaces', 'cmake_prefix_path')
[0.845s] INFO:colcon.colcon_core.shell:Creating environment hook '/home/atharva/Learning_ROS2/ros2_ws/install/my_robot_interfaces/share/my_robot_interfaces/hook/cmake_prefix_path.ps1'
[0.845s] INFO:colcon.colcon_core.shell:Creating environment descriptor '/home/atharva/Learning_ROS2/ros2_ws/install/my_robot_interfaces/share/my_robot_interfaces/hook/cmake_prefix_path.dsv'
[0.846s] INFO:colcon.colcon_core.shell:Creating environment hook '/home/atharva/Learning_ROS2/ros2_ws/install/my_robot_interfaces/share/my_robot_interfaces/hook/cmake_prefix_path.sh'
[0.846s] Level 1:colcon.colcon_core.environment:checking '/home/atharva/Learning_ROS2/ros2_ws/install/my_robot_interfaces/lib'
[0.846s] Level 1:colcon.colcon_core.shell:create_environment_hook('my_robot_interfaces', 'ld_library_path_lib')
[0.850s] INFO:colcon.colcon_core.shell:Creating environment hook '/home/atharva/Learning_ROS2/ros2_ws/install/my_robot_interfaces/share/my_robot_interfaces/hook/ld_library_path_lib.ps1'
[0.850s] INFO:colcon.colcon_core.shell:Creating environment descriptor '/home/atharva/Learning_ROS2/ros2_ws/install/my_robot_interfaces/share/my_robot_interfaces/hook/ld_library_path_lib.dsv'
[0.850s] INFO:colcon.colcon_core.shell:Creating environment hook '/home/atharva/Learning_ROS2/ros2_ws/install/my_robot_interfaces/share/my_robot_interfaces/hook/ld_library_path_lib.sh'
[0.850s] Level 1:colcon.colcon_core.environment:checking '/home/atharva/Learning_ROS2/ros2_ws/install/my_robot_interfaces/bin'
[0.850s] Level 1:colcon.colcon_core.environment:checking '/home/atharva/Learning_ROS2/ros2_ws/install/my_robot_interfaces/lib/pkgconfig/my_robot_interfaces.pc'
[0.850s] Level 1:colcon.colcon_core.environment:checking '/home/atharva/Learning_ROS2/ros2_ws/install/my_robot_interfaces/lib/python3.10/site-packages'
[0.850s] Level 1:colcon.colcon_core.environment:checking '/home/atharva/Learning_ROS2/ros2_ws/install/my_robot_interfaces/bin'
[0.854s] INFO:colcon.colcon_core.shell:Creating package script '/home/atharva/Learning_ROS2/ros2_ws/install/my_robot_interfaces/share/my_robot_interfaces/package.ps1'
[0.854s] INFO:colcon.colcon_core.shell:Creating package descriptor '/home/atharva/Learning_ROS2/ros2_ws/install/my_robot_interfaces/share/my_robot_interfaces/package.dsv'
[0.854s] INFO:colcon.colcon_core.shell:Creating package script '/home/atharva/Learning_ROS2/ros2_ws/install/my_robot_interfaces/share/my_robot_interfaces/package.sh'
[0.855s] INFO:colcon.colcon_core.shell:Creating package script '/home/atharva/Learning_ROS2/ros2_ws/install/my_robot_interfaces/share/my_robot_interfaces/package.bash'
[0.855s] INFO:colcon.colcon_core.shell:Creating package script '/home/atharva/Learning_ROS2/ros2_ws/install/my_robot_interfaces/share/my_robot_interfaces/package.zsh'
[0.855s] Level 1:colcon.colcon_core.environment:create_file_with_runtime_dependencies(/home/atharva/Learning_ROS2/ros2_ws/install/my_robot_interfaces/share/colcon-core/packages/my_robot_interfaces)
[0.855s] INFO:colcon.colcon_ros.task.ament_python.build:Building ROS package in '/home/atharva/Learning_ROS2/ros2_ws/src/my_py_pkg' with build type 'ament_python'
[0.855s] Level 1:colcon.colcon_core.shell:create_environment_hook('my_py_pkg', 'ament_prefix_path')
[0.859s] INFO:colcon.colcon_core.shell:Creating environment hook '/home/atharva/Learning_ROS2/ros2_ws/install/my_py_pkg/share/my_py_pkg/hook/ament_prefix_path.ps1'
[0.859s] INFO:colcon.colcon_core.shell:Creating environment descriptor '/home/atharva/Learning_ROS2/ros2_ws/install/my_py_pkg/share/my_py_pkg/hook/ament_prefix_path.dsv'
[0.860s] INFO:colcon.colcon_core.shell:Creating environment hook '/home/atharva/Learning_ROS2/ros2_ws/install/my_py_pkg/share/my_py_pkg/hook/ament_prefix_path.sh'
[0.863s] INFO:colcon.colcon_core.shell:Skip shell extension 'powershell' for command environment: Not usable outside of PowerShell
[0.863s] DEBUG:colcon.colcon_core.shell:Skip shell extension 'dsv' for command environment
[0.876s] INFO:colcon.colcon_ros.task.ament_python.build:Building ROS package in '/home/atharva/Learning_ROS2/ros2_ws/src/turtlesim_catch_em_all' with build type 'ament_python'
[0.876s] Level 1:colcon.colcon_core.shell:create_environment_hook('turtlesim_catch_em_all', 'ament_prefix_path')
[0.880s] INFO:colcon.colcon_core.shell:Creating environment hook '/home/atharva/Learning_ROS2/ros2_ws/install/turtlesim_catch_em_all/share/turtlesim_catch_em_all/hook/ament_prefix_path.ps1'
[0.880s] INFO:colcon.colcon_core.shell:Creating environment descriptor '/home/atharva/Learning_ROS2/ros2_ws/install/turtlesim_catch_em_all/share/turtlesim_catch_em_all/hook/ament_prefix_path.dsv'
[0.880s] INFO:colcon.colcon_core.shell:Creating environment hook '/home/atharva/Learning_ROS2/ros2_ws/install/turtlesim_catch_em_all/share/turtlesim_catch_em_all/hook/ament_prefix_path.sh'
[0.884s] INFO:colcon.colcon_core.shell:Skip shell extension 'powershell' for command environment: Not usable outside of PowerShell
[0.884s] DEBUG:colcon.colcon_core.shell:Skip shell extension 'dsv' for command environment
[1.020s] DEBUG:colcon.colcon_parallel_executor.executor.parallel:closing loop
[1.020s] DEBUG:colcon.colcon_parallel_executor.executor.parallel:loop closed
[1.020s] DEBUG:colcon.colcon_parallel_executor.executor.parallel:run_until_complete finished with 'Command '['/usr/bin/python3', '-c', 'import sys;from contextlib import suppress;exec("with suppress(ImportError):    from setuptools.extern.packaging.specifiers    import SpecifierSet");exec("with suppress(ImportError):    from packaging.specifiers import SpecifierSet");from distutils.core import run_setup;dist = run_setup(    \'setup.py\', script_args=(\'--dry-run\',), stop_after=\'config\');skip_keys = (\'cmdclass\', \'distclass\', \'ext_modules\', \'metadata\');data = {    key: value for key, value in dist.__dict__.items()     if (        not key.startswith(\'_\') and         not callable(value) and         key not in skip_keys and         key not in dist.display_option_names    )};data[\'metadata\'] = {    k: v for k, v in dist.metadata.__dict__.items()     if k not in (\'license_files\', \'provides_extras\')};sys.stdout.buffer.write(repr(data).encode(\'utf-8\'))']' returned non-zero exit status 1.'
[1.020s] DEBUG:colcon.colcon_core.event_reactor:joining thread
[1.027s] INFO:colcon.colcon_core.plugin_system:Skipping extension 'colcon_notification.desktop_notification.terminal_notifier': Not used on non-Darwin systems
[1.027s] INFO:colcon.colcon_core.plugin_system:Skipping extension 'colcon_notification.desktop_notification.win32': Not used on non-Windows systems
[1.027s] INFO:colcon.colcon_notification.desktop_notification:Sending desktop notification using 'notify2'
[1.032s] DEBUG:colcon.colcon_core.event_reactor:joined thread
[1.036s] INFO:colcon.colcon_core.shell:Creating prefix script '/home/atharva/Learning_ROS2/ros2_ws/install/local_setup.ps1'
[1.037s] INFO:colcon.colcon_core.shell:Creating prefix util module '/home/atharva/Learning_ROS2/ros2_ws/install/_local_setup_util_ps1.py'
[1.037s] INFO:colcon.colcon_core.shell:Creating prefix chain script '/home/atharva/Learning_ROS2/ros2_ws/install/setup.ps1'
[1.041s] INFO:colcon.colcon_core.shell:Creating prefix script '/home/atharva/Learning_ROS2/ros2_ws/install/local_setup.sh'
[1.041s] INFO:colcon.colcon_core.shell:Creating prefix util module '/home/atharva/Learning_ROS2/ros2_ws/install/_local_setup_util_sh.py'
[1.042s] INFO:colcon.colcon_core.shell:Creating prefix chain script '/home/atharva/Learning_ROS2/ros2_ws/install/setup.sh'
[1.046s] INFO:colcon.colcon_core.shell:Creating prefix script '/home/atharva/Learning_ROS2/ros2_ws/install/local_setup.bash'
[1.046s] INFO:colcon.colcon_core.shell:Creating prefix chain script '/home/atharva/Learning_ROS2/ros2_ws/install/setup.bash'
[1.050s] INFO:colcon.colcon_core.shell:Creating prefix script '/home/atharva/Learning_ROS2/ros2_ws/install/local_setup.zsh'
[1.050s] INFO:colcon.colcon_core.shell:Creating prefix chain script '/home/atharva/Learning_ROS2/ros2_ws/install/setup.zsh'
