-- Found ament_cmake: 1.3.5 (/opt/ros/humble/share/ament_cmake/cmake)
-- Override CMake install command with custom implementation using symlinks instead of copying resources
-- Configuring done
-- Generating done
-- Build files have been written to: /home/atharva/Learning_ROS2/ros2_ws/build/mae_547
-- Install configuration: ""
-- Execute custom install script
-- Symlinking: /home/atharva/Learning_ROS2/ros2_ws/install/mae_547/share/mae_547/urdf/common_properties.xacro
-- Symlinking: /home/atharva/Learning_ROS2/ros2_ws/install/mae_547/share/mae_547/urdf/mobile_base.xacro
-- Symlinking: /home/atharva/Learning_ROS2/ros2_ws/install/mae_547/share/mae_547/urdf/mobile_base_gazebo.xacro
-- Symlinking: /home/atharva/Learning_ROS2/ros2_ws/install/mae_547/share/mae_547/urdf/my_robot.urdf.xacro
-- Symlinking: /home/atharva/Learning_ROS2/ros2_ws/install/mae_547/share/mae_547/launch/display.launch.xml
-- Up-to-date symlink: /home/atharva/Learning_ROS2/ros2_ws/install/mae_547/share/ament_index/resource_index/package_run_dependencies/mae_547
-- Up-to-date symlink: /home/atharva/Learning_ROS2/ros2_ws/install/mae_547/share/ament_index/resource_index/parent_prefix_path/mae_547
-- Up-to-date symlink: /home/atharva/Learning_ROS2/ros2_ws/install/mae_547/share/mae_547/environment/ament_prefix_path.sh
-- Up-to-date symlink: /home/atharva/Learning_ROS2/ros2_ws/install/mae_547/share/mae_547/environment/ament_prefix_path.dsv
-- Up-to-date symlink: /home/atharva/Learning_ROS2/ros2_ws/install/mae_547/share/mae_547/environment/path.sh
-- Up-to-date symlink: /home/atharva/Learning_ROS2/ros2_ws/install/mae_547/share/mae_547/environment/path.dsv
-- Up-to-date symlink: /home/atharva/Learning_ROS2/ros2_ws/install/mae_547/share/mae_547/local_setup.bash
-- Up-to-date symlink: /home/atharva/Learning_ROS2/ros2_ws/install/mae_547/share/mae_547/local_setup.sh
-- Up-to-date symlink: /home/atharva/Learning_ROS2/ros2_ws/install/mae_547/share/mae_547/local_setup.zsh
-- Up-to-date symlink: /home/atharva/Learning_ROS2/ros2_ws/install/mae_547/share/mae_547/local_setup.dsv
-- Symlinking: /home/atharva/Learning_ROS2/ros2_ws/install/mae_547/share/mae_547/package.dsv
-- Up-to-date symlink: /home/atharva/Learning_ROS2/ros2_ws/install/mae_547/share/ament_index/resource_index/packages/mae_547
-- Up-to-date symlink: /home/atharva/Learning_ROS2/ros2_ws/install/mae_547/share/mae_547/cmake/mae_547Config.cmake
-- Up-to-date symlink: /home/atharva/Learning_ROS2/ros2_ws/install/mae_547/share/mae_547/cmake/mae_547Config-version.cmake
-- Up-to-date symlink: /home/atharva/Learning_ROS2/ros2_ws/install/mae_547/share/mae_547/package.xml
