[1.407s] Invoking command in '/home/atharva/Learning_ROS2/ros2_ws/src/my_py_pkg': AMENT_PREFIX_PATH=/home/atharva/Learning_ROS2/ros2_ws/install/my_robot_interfaces CMAKE_PREFIX_PATH=/home/atharva/Learning_ROS2/ros2_ws/install/my_robot_interfaces LD_LIBRARY_PATH=/home/atharva/Learning_ROS2/ros2_ws/install/my_robot_interfaces/lib:${LD_LIBRARY_PATH} PYTHONPATH=/home/atharva/Learning_ROS2/ros2_ws/build/my_py_pkg/prefix_override:/home/atharva/Learning_ROS2/ros2_ws/install/my_py_pkg/lib/python3.10/site-packages:/home/atharva/Learning_ROS2/ros2_ws/install/my_robot_interfaces/local/lib/python3.10/dist-packages:${PYTHONPATH} /usr/bin/python3 setup.py egg_info --egg-base ../../build/my_py_pkg build --build-base /home/atharva/Learning_ROS2/ros2_ws/build/my_py_pkg/build install --record /home/atharva/Learning_ROS2/ros2_ws/build/my_py_pkg/install.log --single-version-externally-managed
[1.726s] running egg_info
[1.727s] writing ../../build/my_py_pkg/my_py_pkg.egg-info/PKG-INFO
[1.727s] writing dependency_links to ../../build/my_py_pkg/my_py_pkg.egg-info/dependency_links.txt
[1.728s] writing entry points to ../../build/my_py_pkg/my_py_pkg.egg-info/entry_points.txt
[1.728s] writing requirements to ../../build/my_py_pkg/my_py_pkg.egg-info/requires.txt
[1.729s] writing top-level names to ../../build/my_py_pkg/my_py_pkg.egg-info/top_level.txt
[1.731s] reading manifest file '../../build/my_py_pkg/my_py_pkg.egg-info/SOURCES.txt'
[1.731s] adding license file 'LICENSE'
[1.733s] writing manifest file '../../build/my_py_pkg/my_py_pkg.egg-info/SOURCES.txt'
[1.733s] running build
[1.733s] running build_py
[1.735s] running install
[1.736s] running install_lib
[1.738s] running install_data
[1.739s] running install_egg_info
[1.741s] removing '/home/atharva/Learning_ROS2/ros2_ws/install/my_py_pkg/lib/python3.10/site-packages/my_py_pkg-0.0.0-py3.10.egg-info' (and everything under it)
[1.742s] Copying ../../build/my_py_pkg/my_py_pkg.egg-info to /home/atharva/Learning_ROS2/ros2_ws/install/my_py_pkg/lib/python3.10/site-packages/my_py_pkg-0.0.0-py3.10.egg-info
[1.743s] running install_scripts
[1.767s] Installing add_two_ints_client script to /home/atharva/Learning_ROS2/ros2_ws/install/my_py_pkg/lib/my_py_pkg
[1.768s] Installing add_two_ints_client_no_oop script to /home/atharva/Learning_ROS2/ros2_ws/install/my_py_pkg/lib/my_py_pkg
[1.768s] Installing add_two_ints_server script to /home/atharva/Learning_ROS2/ros2_ws/install/my_py_pkg/lib/my_py_pkg
[1.768s] Installing battery script to /home/atharva/Learning_ROS2/ros2_ws/install/my_py_pkg/lib/my_py_pkg
[1.768s] Installing hw_status_publisher script to /home/atharva/Learning_ROS2/ros2_ws/install/my_py_pkg/lib/my_py_pkg
[1.769s] Installing led_panel script to /home/atharva/Learning_ROS2/ros2_ws/install/my_py_pkg/lib/my_py_pkg
[1.769s] Installing number_counter script to /home/atharva/Learning_ROS2/ros2_ws/install/my_py_pkg/lib/my_py_pkg
[1.769s] Installing number_counter_reset script to /home/atharva/Learning_ROS2/ros2_ws/install/my_py_pkg/lib/my_py_pkg
[1.769s] Installing number_counter_server script to /home/atharva/Learning_ROS2/ros2_ws/install/my_py_pkg/lib/my_py_pkg
[1.770s] Installing number_publisher script to /home/atharva/Learning_ROS2/ros2_ws/install/my_py_pkg/lib/my_py_pkg
[1.770s] Installing py_node script to /home/atharva/Learning_ROS2/ros2_ws/install/my_py_pkg/lib/my_py_pkg
[1.770s] Installing rectangle_area_client script to /home/atharva/Learning_ROS2/ros2_ws/install/my_py_pkg/lib/my_py_pkg
[1.770s] Installing rectangle_area_server script to /home/atharva/Learning_ROS2/ros2_ws/install/my_py_pkg/lib/my_py_pkg
[1.770s] Installing robot_news_station script to /home/atharva/Learning_ROS2/ros2_ws/install/my_py_pkg/lib/my_py_pkg
[1.771s] Installing smartphone script to /home/atharva/Learning_ROS2/ros2_ws/install/my_py_pkg/lib/my_py_pkg
[1.771s] writing list of installed files to '/home/atharva/Learning_ROS2/ros2_ws/build/my_py_pkg/install.log'
[1.811s] Invoked command in '/home/atharva/Learning_ROS2/ros2_ws/src/my_py_pkg' returned '0': AMENT_PREFIX_PATH=/home/atharva/Learning_ROS2/ros2_ws/install/my_robot_interfaces CMAKE_PREFIX_PATH=/home/atharva/Learning_ROS2/ros2_ws/install/my_robot_interfaces LD_LIBRARY_PATH=/home/atharva/Learning_ROS2/ros2_ws/install/my_robot_interfaces/lib:${LD_LIBRARY_PATH} PYTHONPATH=/home/atharva/Learning_ROS2/ros2_ws/build/my_py_pkg/prefix_override:/home/atharva/Learning_ROS2/ros2_ws/install/my_py_pkg/lib/python3.10/site-packages:/home/atharva/Learning_ROS2/ros2_ws/install/my_robot_interfaces/local/lib/python3.10/dist-packages:${PYTHONPATH} /usr/bin/python3 setup.py egg_info --egg-base ../../build/my_py_pkg build --build-base /home/atharva/Learning_ROS2/ros2_ws/build/my_py_pkg/build install --record /home/atharva/Learning_ROS2/ros2_ws/build/my_py_pkg/install.log --single-version-externally-managed
