running develop
running egg_info
creating turtlesim_catch_em_all.egg-info
writing turtlesim_catch_em_all.egg-info/PKG-INFO
writing dependency_links to turtlesim_catch_em_all.egg-info/dependency_links.txt
writing entry points to turtlesim_catch_em_all.egg-info/entry_points.txt
writing requirements to turtlesim_catch_em_all.egg-info/requires.txt
writing top-level names to turtlesim_catch_em_all.egg-info/top_level.txt
writing manifest file 'turtlesim_catch_em_all.egg-info/SOURCES.txt'
reading manifest file 'turtlesim_catch_em_all.egg-info/SOURCES.txt'
writing manifest file 'turtlesim_catch_em_all.egg-info/SOURCES.txt'
running build_ext
Creating /home/atharva/Learning_ROS2/ros2_ws/install/turtlesim_catch_em_all/lib/python3.10/site-packages/turtlesim-catch-em-all.egg-link (link to .)
Installing turtle_catcher script to /home/atharva/Learning_ROS2/ros2_ws/install/turtlesim_catch_em_all/lib/turtlesim_catch_em_all
Installing turtle_controller script to /home/atharva/Learning_ROS2/ros2_ws/install/turtlesim_catch_em_all/lib/turtlesim_catch_em_all
Installing turtle_spawner script to /home/atharva/Learning_ROS2/ros2_ws/install/turtlesim_catch_em_all/lib/turtlesim_catch_em_all

Installed /home/atharva/Learning_ROS2/ros2_ws/build/turtlesim_catch_em_all
running install_data
creating /home/atharva/Learning_ROS2/ros2_ws/install/turtlesim_catch_em_all/share/ament_index
creating /home/atharva/Learning_ROS2/ros2_ws/install/turtlesim_catch_em_all/share/ament_index/resource_index
creating /home/atharva/Learning_ROS2/ros2_ws/install/turtlesim_catch_em_all/share/ament_index/resource_index/packages
copying resource/turtlesim_catch_em_all -> /home/atharva/Learning_ROS2/ros2_ws/install/turtlesim_catch_em_all/share/ament_index/resource_index/packages
copying package.xml -> /home/atharva/Learning_ROS2/ros2_ws/install/turtlesim_catch_em_all/share/turtlesim_catch_em_all
