[1.731s] Invoking command in '/home/atharva/Learning_ROS2/ros2_ws/build/turtlesim_catch_em_all': AMENT_PREFIX_PATH=/home/atharva/Learning_ROS2/ros2_ws/install/my_robot_interfaces:${AMENT_PREFIX_PATH} CMAKE_PREFIX_PATH=/home/atharva/Learning_ROS2/ros2_ws/install/my_robot_interfaces:/home/atharva/ros2_ws/install/my_robot_gazebo_bringup:/home/atharva/ros2_ws/install/my_robot_description:/home/atharva/Learning_ROS2/ros2_ws/install/radio_station_bringup:/home/atharva/Learning_ROS2/ros2_ws/install/my_robot_bringup:/home/atharva/Learning_ROS2/ros2_ws/install/my_robot_gazebo_bringup:/home/atharva/Learning_ROS2/ros2_ws/install/my_robot_description PYTHONPATH=/home/atharva/Learning_ROS2/ros2_ws/build/turtlesim_catch_em_all/prefix_override:/home/atharva/Learning_ROS2/ros2_ws/install/turtlesim_catch_em_all/lib/python3.10/site-packages:${PYTHONPATH} /usr/bin/python3 setup.py develop --editable --build-directory /home/atharva/Learning_ROS2/ros2_ws/build/turtlesim_catch_em_all/build --no-deps install_data
[2.236s] running develop
[2.474s] running egg_info
[2.474s] creating turtlesim_catch_em_all.egg-info
[2.475s] writing turtlesim_catch_em_all.egg-info/PKG-INFO
[2.475s] writing dependency_links to turtlesim_catch_em_all.egg-info/dependency_links.txt
[2.475s] writing entry points to turtlesim_catch_em_all.egg-info/entry_points.txt
[2.475s] writing requirements to turtlesim_catch_em_all.egg-info/requires.txt
[2.476s] writing top-level names to turtlesim_catch_em_all.egg-info/top_level.txt
[2.476s] writing manifest file 'turtlesim_catch_em_all.egg-info/SOURCES.txt'
[2.478s] reading manifest file 'turtlesim_catch_em_all.egg-info/SOURCES.txt'
[2.480s] writing manifest file 'turtlesim_catch_em_all.egg-info/SOURCES.txt'
[2.484s] running build_ext
[2.484s] Creating /home/atharva/Learning_ROS2/ros2_ws/install/turtlesim_catch_em_all/lib/python3.10/site-packages/turtlesim-catch-em-all.egg-link (link to .)
[2.484s] Installing turtle_catcher script to /home/atharva/Learning_ROS2/ros2_ws/install/turtlesim_catch_em_all/lib/turtlesim_catch_em_all
[2.484s] Installing turtle_controller script to /home/atharva/Learning_ROS2/ros2_ws/install/turtlesim_catch_em_all/lib/turtlesim_catch_em_all
[2.485s] Installing turtle_spawner script to /home/atharva/Learning_ROS2/ros2_ws/install/turtlesim_catch_em_all/lib/turtlesim_catch_em_all
[2.485s] 
[2.485s] Installed /home/atharva/Learning_ROS2/ros2_ws/build/turtlesim_catch_em_all
[2.486s] running install_data
[2.486s] creating /home/atharva/Learning_ROS2/ros2_ws/install/turtlesim_catch_em_all/share/ament_index
[2.486s] creating /home/atharva/Learning_ROS2/ros2_ws/install/turtlesim_catch_em_all/share/ament_index/resource_index
[2.486s] creating /home/atharva/Learning_ROS2/ros2_ws/install/turtlesim_catch_em_all/share/ament_index/resource_index/packages
[2.486s] copying resource/turtlesim_catch_em_all -> /home/atharva/Learning_ROS2/ros2_ws/install/turtlesim_catch_em_all/share/ament_index/resource_index/packages
[2.486s] copying package.xml -> /home/atharva/Learning_ROS2/ros2_ws/install/turtlesim_catch_em_all/share/turtlesim_catch_em_all
[2.847s] Invoked command in '/home/atharva/Learning_ROS2/ros2_ws/build/turtlesim_catch_em_all' returned '0': AMENT_PREFIX_PATH=/home/atharva/Learning_ROS2/ros2_ws/install/my_robot_interfaces:${AMENT_PREFIX_PATH} CMAKE_PREFIX_PATH=/home/atharva/Learning_ROS2/ros2_ws/install/my_robot_interfaces:/home/atharva/ros2_ws/install/my_robot_gazebo_bringup:/home/atharva/ros2_ws/install/my_robot_description:/home/atharva/Learning_ROS2/ros2_ws/install/radio_station_bringup:/home/atharva/Learning_ROS2/ros2_ws/install/my_robot_bringup:/home/atharva/Learning_ROS2/ros2_ws/install/my_robot_gazebo_bringup:/home/atharva/Learning_ROS2/ros2_ws/install/my_robot_description PYTHONPATH=/home/atharva/Learning_ROS2/ros2_ws/build/turtlesim_catch_em_all/prefix_override:/home/atharva/Learning_ROS2/ros2_ws/install/turtlesim_catch_em_all/lib/python3.10/site-packages:${PYTHONPATH} /usr/bin/python3 setup.py develop --editable --build-directory /home/atharva/Learning_ROS2/ros2_ws/build/turtlesim_catch_em_all/build --no-deps install_data
