[0.089s] Invoking command in '/home/atharva/Learning_ROS2/ros2_ws/build/my_robot_gazebo_bringup': AMENT_PREFIX_PATH=/home/atharva/Learning_ROS2/ros2_ws/install/my_robot_description CMAKE_PREFIX_PATH=/home/atharva/Learning_ROS2/ros2_ws/install/my_robot_description:/home/atharva/Learning_ROS2/ros2_ws/install/radio_station_bringup:/home/atharva/Learning_ROS2/ros2_ws/install/my_robot_bringup:/home/atharva/Learning_ROS2/ros2_ws/install/my_robot_interfaces:/home/atharva/Learning_ROS2/ros2_ws/install/my_robot_gazebo_bringup /usr/bin/cmake --build /home/atharva/Learning_ROS2/ros2_ws/build/my_robot_gazebo_bringup -- -j4 -l4
[0.129s] Invoked command in '/home/atharva/Learning_ROS2/ros2_ws/build/my_robot_gazebo_bringup' returned '0': AMENT_PREFIX_PATH=/home/atharva/Learning_ROS2/ros2_ws/install/my_robot_description CMAKE_PREFIX_PATH=/home/atharva/Learning_ROS2/ros2_ws/install/my_robot_description:/home/atharva/Learning_ROS2/ros2_ws/install/radio_station_bringup:/home/atharva/Learning_ROS2/ros2_ws/install/my_robot_bringup:/home/atharva/Learning_ROS2/ros2_ws/install/my_robot_interfaces:/home/atharva/Learning_ROS2/ros2_ws/install/my_robot_gazebo_bringup /usr/bin/cmake --build /home/atharva/Learning_ROS2/ros2_ws/build/my_robot_gazebo_bringup -- -j4 -l4
[0.154s] Invoking command in '/home/atharva/Learning_ROS2/ros2_ws/build/my_robot_gazebo_bringup': AMENT_PREFIX_PATH=/home/atharva/Learning_ROS2/ros2_ws/install/my_robot_description CMAKE_PREFIX_PATH=/home/atharva/Learning_ROS2/ros2_ws/install/my_robot_description:/home/atharva/Learning_ROS2/ros2_ws/install/radio_station_bringup:/home/atharva/Learning_ROS2/ros2_ws/install/my_robot_bringup:/home/atharva/Learning_ROS2/ros2_ws/install/my_robot_interfaces:/home/atharva/Learning_ROS2/ros2_ws/install/my_robot_gazebo_bringup /usr/bin/cmake --install /home/atharva/Learning_ROS2/ros2_ws/build/my_robot_gazebo_bringup
[0.162s] -- Install configuration: ""
[0.163s] -- Execute custom install script
[0.163s] -- Up-to-date symlink: /home/atharva/Learning_ROS2/ros2_ws/install/my_robot_gazebo_bringup/share/my_robot_gazebo_bringup//launch/my_robot_gazebo.launch.xml
[0.164s] -- Up-to-date symlink: /home/atharva/Learning_ROS2/ros2_ws/install/my_robot_gazebo_bringup/share/my_robot_gazebo_bringup//rviz/urdf_config.rviz
[0.164s] -- Up-to-date symlink: /home/atharva/Learning_ROS2/ros2_ws/install/my_robot_gazebo_bringup/share/ament_index/resource_index/package_run_dependencies/my_robot_gazebo_bringup
[0.164s] -- Up-to-date symlink: /home/atharva/Learning_ROS2/ros2_ws/install/my_robot_gazebo_bringup/share/ament_index/resource_index/parent_prefix_path/my_robot_gazebo_bringup
[0.164s] -- Up-to-date symlink: /home/atharva/Learning_ROS2/ros2_ws/install/my_robot_gazebo_bringup/share/my_robot_gazebo_bringup/environment/ament_prefix_path.sh
[0.165s] -- Up-to-date symlink: /home/atharva/Learning_ROS2/ros2_ws/install/my_robot_gazebo_bringup/share/my_robot_gazebo_bringup/environment/ament_prefix_path.dsv
[0.165s] -- Up-to-date symlink: /home/atharva/Learning_ROS2/ros2_ws/install/my_robot_gazebo_bringup/share/my_robot_gazebo_bringup/environment/path.sh
[0.165s] -- Up-to-date symlink: /home/atharva/Learning_ROS2/ros2_ws/install/my_robot_gazebo_bringup/share/my_robot_gazebo_bringup/environment/path.dsv
[0.165s] -- Up-to-date symlink: /home/atharva/Learning_ROS2/ros2_ws/install/my_robot_gazebo_bringup/share/my_robot_gazebo_bringup/local_setup.bash
[0.166s] -- Up-to-date symlink: /home/atharva/Learning_ROS2/ros2_ws/install/my_robot_gazebo_bringup/share/my_robot_gazebo_bringup/local_setup.sh
[0.166s] -- Up-to-date symlink: /home/atharva/Learning_ROS2/ros2_ws/install/my_robot_gazebo_bringup/share/my_robot_gazebo_bringup/local_setup.zsh
[0.166s] -- Up-to-date symlink: /home/atharva/Learning_ROS2/ros2_ws/install/my_robot_gazebo_bringup/share/my_robot_gazebo_bringup/local_setup.dsv
[0.166s] -- Symlinking: /home/atharva/Learning_ROS2/ros2_ws/install/my_robot_gazebo_bringup/share/my_robot_gazebo_bringup/package.dsv
[0.176s] -- Up-to-date symlink: /home/atharva/Learning_ROS2/ros2_ws/install/my_robot_gazebo_bringup/share/ament_index/resource_index/packages/my_robot_gazebo_bringup
[0.176s] -- Up-to-date symlink: /home/atharva/Learning_ROS2/ros2_ws/install/my_robot_gazebo_bringup/share/my_robot_gazebo_bringup/cmake/my_robot_gazebo_bringupConfig.cmake
[0.176s] -- Up-to-date symlink: /home/atharva/Learning_ROS2/ros2_ws/install/my_robot_gazebo_bringup/share/my_robot_gazebo_bringup/cmake/my_robot_gazebo_bringupConfig-version.cmake
[0.176s] -- Up-to-date symlink: /home/atharva/Learning_ROS2/ros2_ws/install/my_robot_gazebo_bringup/share/my_robot_gazebo_bringup/package.xml
[0.179s] Invoked command in '/home/atharva/Learning_ROS2/ros2_ws/build/my_robot_gazebo_bringup' returned '0': AMENT_PREFIX_PATH=/home/atharva/Learning_ROS2/ros2_ws/install/my_robot_description CMAKE_PREFIX_PATH=/home/atharva/Learning_ROS2/ros2_ws/install/my_robot_description:/home/atharva/Learning_ROS2/ros2_ws/install/radio_station_bringup:/home/atharva/Learning_ROS2/ros2_ws/install/my_robot_bringup:/home/atharva/Learning_ROS2/ros2_ws/install/my_robot_interfaces:/home/atharva/Learning_ROS2/ros2_ws/install/my_robot_gazebo_bringup /usr/bin/cmake --install /home/atharva/Learning_ROS2/ros2_ws/build/my_robot_gazebo_bringup
