[0.169s] Invoking command in '/home/atharva/Learning_ROS2/ros2_ws/build/my_robot_gazebo_bringup': CMAKE_PREFIX_PATH=/home/atharva/Learning_ROS2/ros2_ws/install/my_robot_description:/home/atharva/ros2_ws/install/my_robot_gazebo_bringup:/home/atharva/ros2_ws/install/my_robot_description:/home/atharva/Learning_ROS2/ros2_ws/install/radio_station_bringup:/home/atharva/Learning_ROS2/ros2_ws/install/my_robot_bringup:/home/atharva/Learning_ROS2/ros2_ws/install/my_robot_interfaces:/home/atharva/Learning_ROS2/ros2_ws/install/my_robot_gazebo_bringup:/home/atharva/Learning_ROS2/ros2_ws/install/turtlesim_catch_em_all:/home/atharva/Learning_ROS2/ros2_ws/install/my_py_pkg:/opt/ros/humble: /usr/bin/cmake /home/atharva/Learning_ROS2/ros2_ws/src/my_robot_gazebo_bringup -DAMENT_CMAKE_SYMLINK_INSTALL=1 -DCMAKE_INSTALL_PREFIX=/home/atharva/Learning_ROS2/ros2_ws/install/my_robot_gazebo_bringup
[0.182s] -- Found ament_cmake: 1.3.5 (/opt/ros/humble/share/ament_cmake/cmake)
[0.366s] -- Override CMake install command with custom implementation using symlinks instead of copying resources
[0.463s] -- Configuring done
[0.467s] -- Generating done
[0.468s] -- Build files have been written to: /home/atharva/Learning_ROS2/ros2_ws/build/my_robot_gazebo_bringup
[0.472s] Invoked command in '/home/atharva/Learning_ROS2/ros2_ws/build/my_robot_gazebo_bringup' returned '0': CMAKE_PREFIX_PATH=/home/atharva/Learning_ROS2/ros2_ws/install/my_robot_description:/home/atharva/ros2_ws/install/my_robot_gazebo_bringup:/home/atharva/ros2_ws/install/my_robot_description:/home/atharva/Learning_ROS2/ros2_ws/install/radio_station_bringup:/home/atharva/Learning_ROS2/ros2_ws/install/my_robot_bringup:/home/atharva/Learning_ROS2/ros2_ws/install/my_robot_interfaces:/home/atharva/Learning_ROS2/ros2_ws/install/my_robot_gazebo_bringup:/home/atharva/Learning_ROS2/ros2_ws/install/turtlesim_catch_em_all:/home/atharva/Learning_ROS2/ros2_ws/install/my_py_pkg:/opt/ros/humble: /usr/bin/cmake /home/atharva/Learning_ROS2/ros2_ws/src/my_robot_gazebo_bringup -DAMENT_CMAKE_SYMLINK_INSTALL=1 -DCMAKE_INSTALL_PREFIX=/home/atharva/Learning_ROS2/ros2_ws/install/my_robot_gazebo_bringup
[0.474s] Invoking command in '/home/atharva/Learning_ROS2/ros2_ws/build/my_robot_gazebo_bringup': CMAKE_PREFIX_PATH=/home/atharva/Learning_ROS2/ros2_ws/install/my_robot_description:/home/atharva/ros2_ws/install/my_robot_gazebo_bringup:/home/atharva/ros2_ws/install/my_robot_description:/home/atharva/Learning_ROS2/ros2_ws/install/radio_station_bringup:/home/atharva/Learning_ROS2/ros2_ws/install/my_robot_bringup:/home/atharva/Learning_ROS2/ros2_ws/install/my_robot_interfaces:/home/atharva/Learning_ROS2/ros2_ws/install/my_robot_gazebo_bringup:/home/atharva/Learning_ROS2/ros2_ws/install/turtlesim_catch_em_all:/home/atharva/Learning_ROS2/ros2_ws/install/my_py_pkg:/opt/ros/humble: /usr/bin/cmake --build /home/atharva/Learning_ROS2/ros2_ws/build/my_robot_gazebo_bringup -- -j4 -l4
[0.521s] Invoked command in '/home/atharva/Learning_ROS2/ros2_ws/build/my_robot_gazebo_bringup' returned '0': CMAKE_PREFIX_PATH=/home/atharva/Learning_ROS2/ros2_ws/install/my_robot_description:/home/atharva/ros2_ws/install/my_robot_gazebo_bringup:/home/atharva/ros2_ws/install/my_robot_description:/home/atharva/Learning_ROS2/ros2_ws/install/radio_station_bringup:/home/atharva/Learning_ROS2/ros2_ws/install/my_robot_bringup:/home/atharva/Learning_ROS2/ros2_ws/install/my_robot_interfaces:/home/atharva/Learning_ROS2/ros2_ws/install/my_robot_gazebo_bringup:/home/atharva/Learning_ROS2/ros2_ws/install/turtlesim_catch_em_all:/home/atharva/Learning_ROS2/ros2_ws/install/my_py_pkg:/opt/ros/humble: /usr/bin/cmake --build /home/atharva/Learning_ROS2/ros2_ws/build/my_robot_gazebo_bringup -- -j4 -l4
[0.549s] Invoking command in '/home/atharva/Learning_ROS2/ros2_ws/build/my_robot_gazebo_bringup': CMAKE_PREFIX_PATH=/home/atharva/Learning_ROS2/ros2_ws/install/my_robot_description:/home/atharva/ros2_ws/install/my_robot_gazebo_bringup:/home/atharva/ros2_ws/install/my_robot_description:/home/atharva/Learning_ROS2/ros2_ws/install/radio_station_bringup:/home/atharva/Learning_ROS2/ros2_ws/install/my_robot_bringup:/home/atharva/Learning_ROS2/ros2_ws/install/my_robot_interfaces:/home/atharva/Learning_ROS2/ros2_ws/install/my_robot_gazebo_bringup:/home/atharva/Learning_ROS2/ros2_ws/install/turtlesim_catch_em_all:/home/atharva/Learning_ROS2/ros2_ws/install/my_py_pkg:/opt/ros/humble: /usr/bin/cmake --install /home/atharva/Learning_ROS2/ros2_ws/build/my_robot_gazebo_bringup
[0.557s] -- Install configuration: ""
[0.557s] -- Execute custom install script
[0.558s] -- Up-to-date symlink: /home/atharva/Learning_ROS2/ros2_ws/install/my_robot_gazebo_bringup/share/my_robot_gazebo_bringup//launch/my_robot_gazebo.launch.xml
[0.559s] [31mCMake Error at ament_cmake_symlink_install/ament_cmake_symlink_install.cmake:100 (message):
[0.559s]   ament_cmake_symlink_install_directory() can't find
[0.559s]   '/home/atharva/Learning_ROS2/ros2_ws/src/my_robot_gazebo_bringup/rviz'
[0.559s] Call Stack (most recent call first):
[0.559s]   ament_cmake_symlink_install/ament_cmake_symlink_install.cmake:314 (ament_cmake_symlink_install_directory)
[0.559s]   cmake_install.cmake:46 (include)
[0.560s] 
[0.560s] [0m
[0.561s] Invoked command in '/home/atharva/Learning_ROS2/ros2_ws/build/my_robot_gazebo_bringup' returned '1': CMAKE_PREFIX_PATH=/home/atharva/Learning_ROS2/ros2_ws/install/my_robot_description:/home/atharva/ros2_ws/install/my_robot_gazebo_bringup:/home/atharva/ros2_ws/install/my_robot_description:/home/atharva/Learning_ROS2/ros2_ws/install/radio_station_bringup:/home/atharva/Learning_ROS2/ros2_ws/install/my_robot_bringup:/home/atharva/Learning_ROS2/ros2_ws/install/my_robot_interfaces:/home/atharva/Learning_ROS2/ros2_ws/install/my_robot_gazebo_bringup:/home/atharva/Learning_ROS2/ros2_ws/install/turtlesim_catch_em_all:/home/atharva/Learning_ROS2/ros2_ws/install/my_py_pkg:/opt/ros/humble: /usr/bin/cmake --install /home/atharva/Learning_ROS2/ros2_ws/build/my_robot_gazebo_bringup
