[0.159s] Invoking command in '/home/atharva/Learning_ROS2/ros2_ws/build/autocar_msgs': CMAKE_PREFIX_PATH=${CMAKE_PREFIX_PATH}:/home/atharva/Learning_ROS2/ros2_ws/install/turtlesim_catch_em_all:/home/atharva/Learning_ROS2/ros2_ws/install/my_py_pkg:/opt/ros/humble /usr/bin/cmake --build /home/atharva/Learning_ROS2/ros2_ws/build/autocar_msgs -- -j32 -l32
[0.179s] [35m[1mConsolidate compiler generated dependencies of target autocar_msgs__rosidl_generator_c[0m
[0.181s] [  2%] Built target autocar_msgs__cpp
[0.187s] [35m[1mConsolidate compiler generated dependencies of target autocar_msgs__rosidl_typesupport_cpp[0m
[0.187s] [ 12%] Built target autocar_msgs__rosidl_generator_c
[0.187s] [35m[1mConsolidate compiler generated dependencies of target autocar_msgs__rosidl_typesupport_introspection_cpp[0m
[0.187s] [35m[1mConsolidate compiler generated dependencies of target autocar_msgs__rosidl_typesupport_fastrtps_cpp[0m
[0.188s] [ 12%] Built target ament_cmake_python_copy_autocar_msgs
[0.194s] [35m[1mConsolidate compiler generated dependencies of target autocar_msgs__rosidl_typesupport_fastrtps_c[0m
[0.194s] [35m[1mConsolidate compiler generated dependencies of target autocar_msgs__rosidl_typesupport_c[0m
[0.195s] [35m[1mConsolidate compiler generated dependencies of target autocar_msgs__rosidl_typesupport_introspection_c[0m
[0.195s] [ 23%] Built target autocar_msgs__rosidl_typesupport_cpp
[0.196s] [ 34%] Built target autocar_msgs__rosidl_typesupport_introspection_cpp
[0.198s] [ 44%] Built target autocar_msgs__rosidl_typesupport_fastrtps_cpp
[0.205s] [ 55%] Built target autocar_msgs__rosidl_typesupport_c
[0.205s] [ 65%] Built target autocar_msgs__rosidl_typesupport_fastrtps_c
[0.205s] [ 76%] Built target autocar_msgs__rosidl_typesupport_introspection_c
[0.213s] [ 76%] Built target autocar_msgs
[0.222s] [ 78%] Built target autocar_msgs__py
[0.225s] [35m[1mConsolidate compiler generated dependencies of target autocar_msgs__rosidl_generator_py[0m
[0.234s] [ 87%] Built target autocar_msgs__rosidl_generator_py
[0.238s] [35m[1mConsolidate compiler generated dependencies of target autocar_msgs__rosidl_typesupport_fastrtps_c__pyext[0m
[0.241s] [35m[1mConsolidate compiler generated dependencies of target autocar_msgs__rosidl_typesupport_introspection_c__pyext[0m
[0.241s] [35m[1mConsolidate compiler generated dependencies of target autocar_msgs__rosidl_typesupport_c__pyext[0m
[0.245s] [ 91%] Built target autocar_msgs__rosidl_typesupport_fastrtps_c__pyext
[0.250s] [100%] Built target autocar_msgs__rosidl_typesupport_c__pyext
[0.250s] [100%] Built target autocar_msgs__rosidl_typesupport_introspection_c__pyext
[0.326s] running egg_info
[0.326s] writing autocar_msgs.egg-info/PKG-INFO
[0.326s] writing dependency_links to autocar_msgs.egg-info/dependency_links.txt
[0.326s] writing top-level names to autocar_msgs.egg-info/top_level.txt
[0.327s] reading manifest file 'autocar_msgs.egg-info/SOURCES.txt'
[0.328s] writing manifest file 'autocar_msgs.egg-info/SOURCES.txt'
[0.341s] [100%] Built target ament_cmake_python_build_autocar_msgs_egg
[0.513s] Invoked command in '/home/atharva/Learning_ROS2/ros2_ws/build/autocar_msgs' returned '0': CMAKE_PREFIX_PATH=${CMAKE_PREFIX_PATH}:/home/atharva/Learning_ROS2/ros2_ws/install/turtlesim_catch_em_all:/home/atharva/Learning_ROS2/ros2_ws/install/my_py_pkg:/opt/ros/humble /usr/bin/cmake --build /home/atharva/Learning_ROS2/ros2_ws/build/autocar_msgs -- -j32 -l32
[0.603s] Invoking command in '/home/atharva/Learning_ROS2/ros2_ws/build/autocar_msgs': CMAKE_PREFIX_PATH=${CMAKE_PREFIX_PATH}:/home/atharva/Learning_ROS2/ros2_ws/install/turtlesim_catch_em_all:/home/atharva/Learning_ROS2/ros2_ws/install/my_py_pkg:/opt/ros/humble /usr/bin/cmake --install /home/atharva/Learning_ROS2/ros2_ws/build/autocar_msgs
[0.606s] -- Install configuration: ""
[0.607s] -- Up-to-date: /home/atharva/Learning_ROS2/ros2_ws/install/autocar_msgs/share/ament_index/resource_index/rosidl_interfaces/autocar_msgs
[0.607s] -- Up-to-date: /home/atharva/Learning_ROS2/ros2_ws/install/autocar_msgs/include/autocar_msgs/autocar_msgs
[0.607s] -- Up-to-date: /home/atharva/Learning_ROS2/ros2_ws/install/autocar_msgs/include/autocar_msgs/autocar_msgs/msg
[0.607s] -- Up-to-date: /home/atharva/Learning_ROS2/ros2_ws/install/autocar_msgs/include/autocar_msgs/autocar_msgs/msg/twist2_d.h
[0.607s] -- Up-to-date: /home/atharva/Learning_ROS2/ros2_ws/install/autocar_msgs/include/autocar_msgs/autocar_msgs/msg/detail
[0.607s] -- Up-to-date: /home/atharva/Learning_ROS2/ros2_ws/install/autocar_msgs/include/autocar_msgs/autocar_msgs/msg/detail/state2_d__struct.h
[0.607s] -- Up-to-date: /home/atharva/Learning_ROS2/ros2_ws/install/autocar_msgs/include/autocar_msgs/autocar_msgs/msg/detail/twist2_d__type_support.h
[0.607s] -- Up-to-date: /home/atharva/Learning_ROS2/ros2_ws/install/autocar_msgs/include/autocar_msgs/autocar_msgs/msg/detail/path2_d__type_support.h
[0.608s] -- Up-to-date: /home/atharva/Learning_ROS2/ros2_ws/install/autocar_msgs/include/autocar_msgs/autocar_msgs/msg/detail/path2_d__functions.h
[0.608s] -- Up-to-date: /home/atharva/Learning_ROS2/ros2_ws/install/autocar_msgs/include/autocar_msgs/autocar_msgs/msg/detail/twist2_d__struct.h
[0.608s] -- Up-to-date: /home/atharva/Learning_ROS2/ros2_ws/install/autocar_msgs/include/autocar_msgs/autocar_msgs/msg/detail/twist2_d__functions.h
[0.608s] -- Up-to-date: /home/atharva/Learning_ROS2/ros2_ws/install/autocar_msgs/include/autocar_msgs/autocar_msgs/msg/detail/state2_d__type_support.h
[0.608s] -- Up-to-date: /home/atharva/Learning_ROS2/ros2_ws/install/autocar_msgs/include/autocar_msgs/autocar_msgs/msg/detail/state2_d__functions.h
[0.608s] -- Up-to-date: /home/atharva/Learning_ROS2/ros2_ws/install/autocar_msgs/include/autocar_msgs/autocar_msgs/msg/detail/path2_d__struct.h
[0.608s] -- Up-to-date: /home/atharva/Learning_ROS2/ros2_ws/install/autocar_msgs/include/autocar_msgs/autocar_msgs/msg/detail/path2_d__functions.c
[0.608s] -- Up-to-date: /home/atharva/Learning_ROS2/ros2_ws/install/autocar_msgs/include/autocar_msgs/autocar_msgs/msg/detail/twist2_d__functions.c
[0.608s] -- Up-to-date: /home/atharva/Learning_ROS2/ros2_ws/install/autocar_msgs/include/autocar_msgs/autocar_msgs/msg/detail/state2_d__functions.c
[0.608s] -- Up-to-date: /home/atharva/Learning_ROS2/ros2_ws/install/autocar_msgs/include/autocar_msgs/autocar_msgs/msg/rosidl_generator_c__visibility_control.h
[0.608s] -- Up-to-date: /home/atharva/Learning_ROS2/ros2_ws/install/autocar_msgs/include/autocar_msgs/autocar_msgs/msg/path2_d.h
[0.609s] -- Up-to-date: /home/atharva/Learning_ROS2/ros2_ws/install/autocar_msgs/include/autocar_msgs/autocar_msgs/msg/state2_d.h
[0.609s] -- Up-to-date: /home/atharva/Learning_ROS2/ros2_ws/install/autocar_msgs/share/autocar_msgs/environment/library_path.sh
[0.609s] -- Up-to-date: /home/atharva/Learning_ROS2/ros2_ws/install/autocar_msgs/share/autocar_msgs/environment/library_path.dsv
[0.609s] -- Up-to-date: /home/atharva/Learning_ROS2/ros2_ws/install/autocar_msgs/lib/libautocar_msgs__rosidl_generator_c.so
[0.609s] -- Up-to-date: /home/atharva/Learning_ROS2/ros2_ws/install/autocar_msgs/include/autocar_msgs/autocar_msgs
[0.609s] -- Up-to-date: /home/atharva/Learning_ROS2/ros2_ws/install/autocar_msgs/include/autocar_msgs/autocar_msgs/msg
[0.609s] -- Up-to-date: /home/atharva/Learning_ROS2/ros2_ws/install/autocar_msgs/include/autocar_msgs/autocar_msgs/msg/detail
[0.609s] -- Up-to-date: /home/atharva/Learning_ROS2/ros2_ws/install/autocar_msgs/include/autocar_msgs/autocar_msgs/msg/detail/state2_d__rosidl_typesupport_fastrtps_c.h
[0.609s] -- Up-to-date: /home/atharva/Learning_ROS2/ros2_ws/install/autocar_msgs/include/autocar_msgs/autocar_msgs/msg/detail/twist2_d__rosidl_typesupport_fastrtps_c.h
[0.609s] -- Up-to-date: /home/atharva/Learning_ROS2/ros2_ws/install/autocar_msgs/include/autocar_msgs/autocar_msgs/msg/detail/path2_d__rosidl_typesupport_fastrtps_c.h
[0.609s] -- Up-to-date: /home/atharva/Learning_ROS2/ros2_ws/install/autocar_msgs/include/autocar_msgs/autocar_msgs/msg/rosidl_typesupport_fastrtps_c__visibility_control.h
[0.609s] -- Up-to-date: /home/atharva/Learning_ROS2/ros2_ws/install/autocar_msgs/lib/libautocar_msgs__rosidl_typesupport_fastrtps_c.so
[0.609s] -- Up-to-date: /home/atharva/Learning_ROS2/ros2_ws/install/autocar_msgs/include/autocar_msgs/autocar_msgs
[0.609s] -- Up-to-date: /home/atharva/Learning_ROS2/ros2_ws/install/autocar_msgs/include/autocar_msgs/autocar_msgs/msg
[0.609s] -- Up-to-date: /home/atharva/Learning_ROS2/ros2_ws/install/autocar_msgs/include/autocar_msgs/autocar_msgs/msg/path2_d.hpp
[0.609s] -- Up-to-date: /home/atharva/Learning_ROS2/ros2_ws/install/autocar_msgs/include/autocar_msgs/autocar_msgs/msg/detail
[0.609s] -- Up-to-date: /home/atharva/Learning_ROS2/ros2_ws/install/autocar_msgs/include/autocar_msgs/autocar_msgs/msg/detail/path2_d__struct.hpp
[0.609s] -- Up-to-date: /home/atharva/Learning_ROS2/ros2_ws/install/autocar_msgs/include/autocar_msgs/autocar_msgs/msg/detail/state2_d__struct.hpp
[0.610s] -- Up-to-date: /home/atharva/Learning_ROS2/ros2_ws/install/autocar_msgs/include/autocar_msgs/autocar_msgs/msg/detail/state2_d__traits.hpp
[0.610s] -- Up-to-date: /home/atharva/Learning_ROS2/ros2_ws/install/autocar_msgs/include/autocar_msgs/autocar_msgs/msg/detail/path2_d__traits.hpp
[0.610s] -- Up-to-date: /home/atharva/Learning_ROS2/ros2_ws/install/autocar_msgs/include/autocar_msgs/autocar_msgs/msg/detail/state2_d__builder.hpp
[0.610s] -- Up-to-date: /home/atharva/Learning_ROS2/ros2_ws/install/autocar_msgs/include/autocar_msgs/autocar_msgs/msg/detail/path2_d__builder.hpp
[0.610s] -- Up-to-date: /home/atharva/Learning_ROS2/ros2_ws/install/autocar_msgs/include/autocar_msgs/autocar_msgs/msg/detail/twist2_d__struct.hpp
[0.610s] -- Up-to-date: /home/atharva/Learning_ROS2/ros2_ws/install/autocar_msgs/include/autocar_msgs/autocar_msgs/msg/detail/twist2_d__traits.hpp
[0.610s] -- Up-to-date: /home/atharva/Learning_ROS2/ros2_ws/install/autocar_msgs/include/autocar_msgs/autocar_msgs/msg/detail/twist2_d__builder.hpp
[0.610s] -- Up-to-date: /home/atharva/Learning_ROS2/ros2_ws/install/autocar_msgs/include/autocar_msgs/autocar_msgs/msg/twist2_d.hpp
[0.610s] -- Up-to-date: /home/atharva/Learning_ROS2/ros2_ws/install/autocar_msgs/include/autocar_msgs/autocar_msgs/msg/state2_d.hpp
[0.610s] -- Up-to-date: /home/atharva/Learning_ROS2/ros2_ws/install/autocar_msgs/include/autocar_msgs/autocar_msgs
[0.610s] -- Up-to-date: /home/atharva/Learning_ROS2/ros2_ws/install/autocar_msgs/include/autocar_msgs/autocar_msgs/msg
[0.610s] -- Up-to-date: /home/atharva/Learning_ROS2/ros2_ws/install/autocar_msgs/include/autocar_msgs/autocar_msgs/msg/rosidl_typesupport_fastrtps_cpp__visibility_control.h
[0.610s] -- Up-to-date: /home/atharva/Learning_ROS2/ros2_ws/install/autocar_msgs/include/autocar_msgs/autocar_msgs/msg/detail
[0.610s] -- Up-to-date: /home/atharva/Learning_ROS2/ros2_ws/install/autocar_msgs/include/autocar_msgs/autocar_msgs/msg/detail/path2_d__rosidl_typesupport_fastrtps_cpp.hpp
[0.610s] -- Up-to-date: /home/atharva/Learning_ROS2/ros2_ws/install/autocar_msgs/include/autocar_msgs/autocar_msgs/msg/detail/twist2_d__rosidl_typesupport_fastrtps_cpp.hpp
[0.610s] -- Up-to-date: /home/atharva/Learning_ROS2/ros2_ws/install/autocar_msgs/include/autocar_msgs/autocar_msgs/msg/detail/dds_fastrtps
[0.610s] -- Up-to-date: /home/atharva/Learning_ROS2/ros2_ws/install/autocar_msgs/include/autocar_msgs/autocar_msgs/msg/detail/state2_d__rosidl_typesupport_fastrtps_cpp.hpp
[0.610s] -- Up-to-date: /home/atharva/Learning_ROS2/ros2_ws/install/autocar_msgs/lib/libautocar_msgs__rosidl_typesupport_fastrtps_cpp.so
[0.610s] -- Up-to-date: /home/atharva/Learning_ROS2/ros2_ws/install/autocar_msgs/include/autocar_msgs/autocar_msgs
[0.610s] -- Up-to-date: /home/atharva/Learning_ROS2/ros2_ws/install/autocar_msgs/include/autocar_msgs/autocar_msgs/msg
[0.610s] -- Up-to-date: /home/atharva/Learning_ROS2/ros2_ws/install/autocar_msgs/include/autocar_msgs/autocar_msgs/msg/detail
[0.610s] -- Up-to-date: /home/atharva/Learning_ROS2/ros2_ws/install/autocar_msgs/include/autocar_msgs/autocar_msgs/msg/detail/path2_d__rosidl_typesupport_introspection_c.h
[0.610s] -- Up-to-date: /home/atharva/Learning_ROS2/ros2_ws/install/autocar_msgs/include/autocar_msgs/autocar_msgs/msg/detail/twist2_d__rosidl_typesupport_introspection_c.h
[0.610s] -- Up-to-date: /home/atharva/Learning_ROS2/ros2_ws/install/autocar_msgs/include/autocar_msgs/autocar_msgs/msg/detail/state2_d__rosidl_typesupport_introspection_c.h
[0.610s] -- Up-to-date: /home/atharva/Learning_ROS2/ros2_ws/install/autocar_msgs/include/autocar_msgs/autocar_msgs/msg/detail/state2_d__type_support.c
[0.610s] -- Up-to-date: /home/atharva/Learning_ROS2/ros2_ws/install/autocar_msgs/include/autocar_msgs/autocar_msgs/msg/detail/twist2_d__type_support.c
[0.610s] -- Up-to-date: /home/atharva/Learning_ROS2/ros2_ws/install/autocar_msgs/include/autocar_msgs/autocar_msgs/msg/detail/path2_d__type_support.c
[0.610s] -- Up-to-date: /home/atharva/Learning_ROS2/ros2_ws/install/autocar_msgs/include/autocar_msgs/autocar_msgs/msg/rosidl_typesupport_introspection_c__visibility_control.h
[0.611s] -- Up-to-date: /home/atharva/Learning_ROS2/ros2_ws/install/autocar_msgs/lib/libautocar_msgs__rosidl_typesupport_introspection_c.so
[0.611s] -- Up-to-date: /home/atharva/Learning_ROS2/ros2_ws/install/autocar_msgs/lib/libautocar_msgs__rosidl_typesupport_c.so
[0.611s] -- Up-to-date: /home/atharva/Learning_ROS2/ros2_ws/install/autocar_msgs/include/autocar_msgs/autocar_msgs
[0.611s] -- Up-to-date: /home/atharva/Learning_ROS2/ros2_ws/install/autocar_msgs/include/autocar_msgs/autocar_msgs/msg
[0.611s] -- Up-to-date: /home/atharva/Learning_ROS2/ros2_ws/install/autocar_msgs/include/autocar_msgs/autocar_msgs/msg/detail
[0.611s] -- Up-to-date: /home/atharva/Learning_ROS2/ros2_ws/install/autocar_msgs/include/autocar_msgs/autocar_msgs/msg/detail/twist2_d__type_support.cpp
[0.611s] -- Up-to-date: /home/atharva/Learning_ROS2/ros2_ws/install/autocar_msgs/include/autocar_msgs/autocar_msgs/msg/detail/path2_d__type_support.cpp
[0.611s] -- Up-to-date: /home/atharva/Learning_ROS2/ros2_ws/install/autocar_msgs/include/autocar_msgs/autocar_msgs/msg/detail/twist2_d__rosidl_typesupport_introspection_cpp.hpp
[0.611s] -- Up-to-date: /home/atharva/Learning_ROS2/ros2_ws/install/autocar_msgs/include/autocar_msgs/autocar_msgs/msg/detail/state2_d__type_support.cpp
[0.611s] -- Up-to-date: /home/atharva/Learning_ROS2/ros2_ws/install/autocar_msgs/include/autocar_msgs/autocar_msgs/msg/detail/state2_d__rosidl_typesupport_introspection_cpp.hpp
[0.611s] -- Up-to-date: /home/atharva/Learning_ROS2/ros2_ws/install/autocar_msgs/include/autocar_msgs/autocar_msgs/msg/detail/path2_d__rosidl_typesupport_introspection_cpp.hpp
[0.611s] -- Up-to-date: /home/atharva/Learning_ROS2/ros2_ws/install/autocar_msgs/lib/libautocar_msgs__rosidl_typesupport_introspection_cpp.so
[0.611s] -- Up-to-date: /home/atharva/Learning_ROS2/ros2_ws/install/autocar_msgs/lib/libautocar_msgs__rosidl_typesupport_cpp.so
[0.613s] -- Up-to-date: /home/atharva/Learning_ROS2/ros2_ws/install/autocar_msgs/share/autocar_msgs/environment/pythonpath.sh
[0.613s] -- Up-to-date: /home/atharva/Learning_ROS2/ros2_ws/install/autocar_msgs/share/autocar_msgs/environment/pythonpath.dsv
[0.613s] -- Up-to-date: /home/atharva/Learning_ROS2/ros2_ws/install/autocar_msgs/local/lib/python3.10/dist-packages/autocar_msgs-0.0.0-py3.10.egg-info
[0.613s] -- Installing: /home/atharva/Learning_ROS2/ros2_ws/install/autocar_msgs/local/lib/python3.10/dist-packages/autocar_msgs-0.0.0-py3.10.egg-info/PKG-INFO
[0.613s] -- Installing: /home/atharva/Learning_ROS2/ros2_ws/install/autocar_msgs/local/lib/python3.10/dist-packages/autocar_msgs-0.0.0-py3.10.egg-info/top_level.txt
[0.613s] -- Installing: /home/atharva/Learning_ROS2/ros2_ws/install/autocar_msgs/local/lib/python3.10/dist-packages/autocar_msgs-0.0.0-py3.10.egg-info/SOURCES.txt
[0.613s] -- Installing: /home/atharva/Learning_ROS2/ros2_ws/install/autocar_msgs/local/lib/python3.10/dist-packages/autocar_msgs-0.0.0-py3.10.egg-info/dependency_links.txt
[0.613s] -- Up-to-date: /home/atharva/Learning_ROS2/ros2_ws/install/autocar_msgs/local/lib/python3.10/dist-packages/autocar_msgs
[0.613s] -- Up-to-date: /home/atharva/Learning_ROS2/ros2_ws/install/autocar_msgs/local/lib/python3.10/dist-packages/autocar_msgs/__init__.py
[0.613s] -- Up-to-date: /home/atharva/Learning_ROS2/ros2_ws/install/autocar_msgs/local/lib/python3.10/dist-packages/autocar_msgs/_autocar_msgs_s.ep.rosidl_typesupport_fastrtps_c.c
[0.613s] -- Up-to-date: /home/atharva/Learning_ROS2/ros2_ws/install/autocar_msgs/local/lib/python3.10/dist-packages/autocar_msgs/autocar_msgs_s__rosidl_typesupport_introspection_c.cpython-310-x86_64-linux-gnu.so
[0.613s] -- Up-to-date: /home/atharva/Learning_ROS2/ros2_ws/install/autocar_msgs/local/lib/python3.10/dist-packages/autocar_msgs/autocar_msgs_s__rosidl_typesupport_fastrtps_c.cpython-310-x86_64-linux-gnu.so
[0.613s] -- Up-to-date: /home/atharva/Learning_ROS2/ros2_ws/install/autocar_msgs/local/lib/python3.10/dist-packages/autocar_msgs/autocar_msgs_s__rosidl_typesupport_c.cpython-310-x86_64-linux-gnu.so
[0.613s] -- Up-to-date: /home/atharva/Learning_ROS2/ros2_ws/install/autocar_msgs/local/lib/python3.10/dist-packages/autocar_msgs/_autocar_msgs_s.ep.rosidl_typesupport_c.c
[0.613s] -- Up-to-date: /home/atharva/Learning_ROS2/ros2_ws/install/autocar_msgs/local/lib/python3.10/dist-packages/autocar_msgs/msg
[0.613s] -- Up-to-date: /home/atharva/Learning_ROS2/ros2_ws/install/autocar_msgs/local/lib/python3.10/dist-packages/autocar_msgs/msg/__init__.py
[0.613s] -- Up-to-date: /home/atharva/Learning_ROS2/ros2_ws/install/autocar_msgs/local/lib/python3.10/dist-packages/autocar_msgs/msg/_state2_d.py
[0.613s] -- Up-to-date: /home/atharva/Learning_ROS2/ros2_ws/install/autocar_msgs/local/lib/python3.10/dist-packages/autocar_msgs/msg/_twist2_d_s.c
[0.614s] -- Up-to-date: /home/atharva/Learning_ROS2/ros2_ws/install/autocar_msgs/local/lib/python3.10/dist-packages/autocar_msgs/msg/_path2_d_s.c
[0.614s] -- Up-to-date: /home/atharva/Learning_ROS2/ros2_ws/install/autocar_msgs/local/lib/python3.10/dist-packages/autocar_msgs/msg/_twist2_d.py
[0.614s] -- Up-to-date: /home/atharva/Learning_ROS2/ros2_ws/install/autocar_msgs/local/lib/python3.10/dist-packages/autocar_msgs/msg/_state2_d_s.c
[0.614s] -- Up-to-date: /home/atharva/Learning_ROS2/ros2_ws/install/autocar_msgs/local/lib/python3.10/dist-packages/autocar_msgs/msg/_path2_d.py
[0.614s] -- Up-to-date: /home/atharva/Learning_ROS2/ros2_ws/install/autocar_msgs/local/lib/python3.10/dist-packages/autocar_msgs/_autocar_msgs_s.ep.rosidl_typesupport_introspection_c.c
[0.614s] -- Up-to-date: /home/atharva/Learning_ROS2/ros2_ws/install/autocar_msgs/local/lib/python3.10/dist-packages/autocar_msgs/libautocar_msgs__rosidl_generator_py.so
[0.625s] Listing '/home/atharva/Learning_ROS2/ros2_ws/install/autocar_msgs/local/lib/python3.10/dist-packages/autocar_msgs'...
[0.625s] Listing '/home/atharva/Learning_ROS2/ros2_ws/install/autocar_msgs/local/lib/python3.10/dist-packages/autocar_msgs/msg'...
[0.628s] -- Up-to-date: /home/atharva/Learning_ROS2/ros2_ws/install/autocar_msgs/local/lib/python3.10/dist-packages/autocar_msgs/autocar_msgs_s__rosidl_typesupport_fastrtps_c.cpython-310-x86_64-linux-gnu.so
[0.628s] -- Up-to-date: /home/atharva/Learning_ROS2/ros2_ws/install/autocar_msgs/local/lib/python3.10/dist-packages/autocar_msgs/autocar_msgs_s__rosidl_typesupport_introspection_c.cpython-310-x86_64-linux-gnu.so
[0.628s] -- Up-to-date: /home/atharva/Learning_ROS2/ros2_ws/install/autocar_msgs/local/lib/python3.10/dist-packages/autocar_msgs/autocar_msgs_s__rosidl_typesupport_c.cpython-310-x86_64-linux-gnu.so
[0.628s] -- Up-to-date: /home/atharva/Learning_ROS2/ros2_ws/install/autocar_msgs/lib/libautocar_msgs__rosidl_generator_py.so
[0.628s] -- Up-to-date: /home/atharva/Learning_ROS2/ros2_ws/install/autocar_msgs/share/autocar_msgs/msg/Path2D.idl
[0.628s] -- Up-to-date: /home/atharva/Learning_ROS2/ros2_ws/install/autocar_msgs/share/autocar_msgs/msg/State2D.idl
[0.628s] -- Up-to-date: /home/atharva/Learning_ROS2/ros2_ws/install/autocar_msgs/share/autocar_msgs/msg/Twist2D.idl
[0.628s] -- Up-to-date: /home/atharva/Learning_ROS2/ros2_ws/install/autocar_msgs/share/autocar_msgs/msg/Path2D.msg
[0.628s] -- Up-to-date: /home/atharva/Learning_ROS2/ros2_ws/install/autocar_msgs/share/autocar_msgs/msg/State2D.msg
[0.628s] -- Up-to-date: /home/atharva/Learning_ROS2/ros2_ws/install/autocar_msgs/share/autocar_msgs/msg/Twist2D.msg
[0.628s] -- Up-to-date: /home/atharva/Learning_ROS2/ros2_ws/install/autocar_msgs/share/ament_index/resource_index/package_run_dependencies/autocar_msgs
[0.628s] -- Up-to-date: /home/atharva/Learning_ROS2/ros2_ws/install/autocar_msgs/share/ament_index/resource_index/parent_prefix_path/autocar_msgs
[0.629s] -- Up-to-date: /home/atharva/Learning_ROS2/ros2_ws/install/autocar_msgs/share/autocar_msgs/environment/ament_prefix_path.sh
[0.629s] -- Up-to-date: /home/atharva/Learning_ROS2/ros2_ws/install/autocar_msgs/share/autocar_msgs/environment/ament_prefix_path.dsv
[0.629s] -- Up-to-date: /home/atharva/Learning_ROS2/ros2_ws/install/autocar_msgs/share/autocar_msgs/environment/path.sh
[0.629s] -- Up-to-date: /home/atharva/Learning_ROS2/ros2_ws/install/autocar_msgs/share/autocar_msgs/environment/path.dsv
[0.629s] -- Up-to-date: /home/atharva/Learning_ROS2/ros2_ws/install/autocar_msgs/share/autocar_msgs/local_setup.bash
[0.629s] -- Up-to-date: /home/atharva/Learning_ROS2/ros2_ws/install/autocar_msgs/share/autocar_msgs/local_setup.sh
[0.629s] -- Up-to-date: /home/atharva/Learning_ROS2/ros2_ws/install/autocar_msgs/share/autocar_msgs/local_setup.zsh
[0.629s] -- Up-to-date: /home/atharva/Learning_ROS2/ros2_ws/install/autocar_msgs/share/autocar_msgs/local_setup.dsv
[0.629s] -- Installing: /home/atharva/Learning_ROS2/ros2_ws/install/autocar_msgs/share/autocar_msgs/package.dsv
[0.629s] -- Up-to-date: /home/atharva/Learning_ROS2/ros2_ws/install/autocar_msgs/share/ament_index/resource_index/packages/autocar_msgs
[0.629s] -- Up-to-date: /home/atharva/Learning_ROS2/ros2_ws/install/autocar_msgs/share/autocar_msgs/cmake/export_autocar_msgs__rosidl_generator_cExport.cmake
[0.629s] -- Up-to-date: /home/atharva/Learning_ROS2/ros2_ws/install/autocar_msgs/share/autocar_msgs/cmake/export_autocar_msgs__rosidl_generator_cExport-noconfig.cmake
[0.629s] -- Up-to-date: /home/atharva/Learning_ROS2/ros2_ws/install/autocar_msgs/share/autocar_msgs/cmake/export_autocar_msgs__rosidl_typesupport_fastrtps_cExport.cmake
[0.629s] -- Up-to-date: /home/atharva/Learning_ROS2/ros2_ws/install/autocar_msgs/share/autocar_msgs/cmake/export_autocar_msgs__rosidl_typesupport_fastrtps_cExport-noconfig.cmake
[0.629s] -- Up-to-date: /home/atharva/Learning_ROS2/ros2_ws/install/autocar_msgs/share/autocar_msgs/cmake/export_autocar_msgs__rosidl_generator_cppExport.cmake
[0.629s] -- Up-to-date: /home/atharva/Learning_ROS2/ros2_ws/install/autocar_msgs/share/autocar_msgs/cmake/export_autocar_msgs__rosidl_typesupport_fastrtps_cppExport.cmake
[0.629s] -- Up-to-date: /home/atharva/Learning_ROS2/ros2_ws/install/autocar_msgs/share/autocar_msgs/cmake/export_autocar_msgs__rosidl_typesupport_fastrtps_cppExport-noconfig.cmake
[0.629s] -- Up-to-date: /home/atharva/Learning_ROS2/ros2_ws/install/autocar_msgs/share/autocar_msgs/cmake/autocar_msgs__rosidl_typesupport_introspection_cExport.cmake
[0.629s] -- Up-to-date: /home/atharva/Learning_ROS2/ros2_ws/install/autocar_msgs/share/autocar_msgs/cmake/autocar_msgs__rosidl_typesupport_introspection_cExport-noconfig.cmake
[0.629s] -- Up-to-date: /home/atharva/Learning_ROS2/ros2_ws/install/autocar_msgs/share/autocar_msgs/cmake/autocar_msgs__rosidl_typesupport_cExport.cmake
[0.629s] -- Up-to-date: /home/atharva/Learning_ROS2/ros2_ws/install/autocar_msgs/share/autocar_msgs/cmake/autocar_msgs__rosidl_typesupport_cExport-noconfig.cmake
[0.629s] -- Up-to-date: /home/atharva/Learning_ROS2/ros2_ws/install/autocar_msgs/share/autocar_msgs/cmake/autocar_msgs__rosidl_typesupport_introspection_cppExport.cmake
[0.629s] -- Up-to-date: /home/atharva/Learning_ROS2/ros2_ws/install/autocar_msgs/share/autocar_msgs/cmake/autocar_msgs__rosidl_typesupport_introspection_cppExport-noconfig.cmake
[0.629s] -- Up-to-date: /home/atharva/Learning_ROS2/ros2_ws/install/autocar_msgs/share/autocar_msgs/cmake/autocar_msgs__rosidl_typesupport_cppExport.cmake
[0.629s] -- Up-to-date: /home/atharva/Learning_ROS2/ros2_ws/install/autocar_msgs/share/autocar_msgs/cmake/autocar_msgs__rosidl_typesupport_cppExport-noconfig.cmake
[0.629s] -- Up-to-date: /home/atharva/Learning_ROS2/ros2_ws/install/autocar_msgs/share/autocar_msgs/cmake/export_autocar_msgs__rosidl_generator_pyExport.cmake
[0.630s] -- Up-to-date: /home/atharva/Learning_ROS2/ros2_ws/install/autocar_msgs/share/autocar_msgs/cmake/export_autocar_msgs__rosidl_generator_pyExport-noconfig.cmake
[0.630s] -- Up-to-date: /home/atharva/Learning_ROS2/ros2_ws/install/autocar_msgs/share/autocar_msgs/cmake/rosidl_cmake-extras.cmake
[0.630s] -- Up-to-date: /home/atharva/Learning_ROS2/ros2_ws/install/autocar_msgs/share/autocar_msgs/cmake/ament_cmake_export_dependencies-extras.cmake
[0.630s] -- Up-to-date: /home/atharva/Learning_ROS2/ros2_ws/install/autocar_msgs/share/autocar_msgs/cmake/ament_cmake_export_include_directories-extras.cmake
[0.630s] -- Up-to-date: /home/atharva/Learning_ROS2/ros2_ws/install/autocar_msgs/share/autocar_msgs/cmake/ament_cmake_export_libraries-extras.cmake
[0.630s] -- Up-to-date: /home/atharva/Learning_ROS2/ros2_ws/install/autocar_msgs/share/autocar_msgs/cmake/ament_cmake_export_targets-extras.cmake
[0.630s] -- Up-to-date: /home/atharva/Learning_ROS2/ros2_ws/install/autocar_msgs/share/autocar_msgs/cmake/rosidl_cmake_export_typesupport_targets-extras.cmake
[0.630s] -- Up-to-date: /home/atharva/Learning_ROS2/ros2_ws/install/autocar_msgs/share/autocar_msgs/cmake/rosidl_cmake_export_typesupport_libraries-extras.cmake
[0.630s] -- Up-to-date: /home/atharva/Learning_ROS2/ros2_ws/install/autocar_msgs/share/autocar_msgs/cmake/autocar_msgsConfig.cmake
[0.630s] -- Up-to-date: /home/atharva/Learning_ROS2/ros2_ws/install/autocar_msgs/share/autocar_msgs/cmake/autocar_msgsConfig-version.cmake
[0.630s] -- Up-to-date: /home/atharva/Learning_ROS2/ros2_ws/install/autocar_msgs/share/autocar_msgs/package.xml
[0.686s] Invoked command in '/home/atharva/Learning_ROS2/ros2_ws/build/autocar_msgs' returned '0': CMAKE_PREFIX_PATH=${CMAKE_PREFIX_PATH}:/home/atharva/Learning_ROS2/ros2_ws/install/turtlesim_catch_em_all:/home/atharva/Learning_ROS2/ros2_ws/install/my_py_pkg:/opt/ros/humble /usr/bin/cmake --install /home/atharva/Learning_ROS2/ros2_ws/build/autocar_msgs
