[0.451s] Invoking command in '/home/atharva/Learning_ROS2/ros2_ws/src/my_py_pkg': PYTHONPATH=/home/atharva/Learning_ROS2/ros2_ws/build/my_py_pkg/prefix_override:/home/atharva/Learning_ROS2/ros2_ws/install/my_py_pkg/lib/python3.10/site-packages:${PYTHONPATH} /usr/bin/python3 setup.py egg_info --egg-base ../../build/my_py_pkg build --build-base /home/atharva/Learning_ROS2/ros2_ws/build/my_py_pkg/build install --record /home/atharva/Learning_ROS2/ros2_ws/build/my_py_pkg/install.log --single-version-externally-managed
[0.556s] running egg_info
[0.556s] creating ../../build/my_py_pkg/my_py_pkg.egg-info
[0.556s] writing ../../build/my_py_pkg/my_py_pkg.egg-info/PKG-INFO
[0.556s] writing dependency_links to ../../build/my_py_pkg/my_py_pkg.egg-info/dependency_links.txt
[0.556s] writing entry points to ../../build/my_py_pkg/my_py_pkg.egg-info/entry_points.txt
[0.556s] writing requirements to ../../build/my_py_pkg/my_py_pkg.egg-info/requires.txt
[0.556s] writing top-level names to ../../build/my_py_pkg/my_py_pkg.egg-info/top_level.txt
[0.556s] writing manifest file '../../build/my_py_pkg/my_py_pkg.egg-info/SOURCES.txt'
[0.557s] reading manifest file '../../build/my_py_pkg/my_py_pkg.egg-info/SOURCES.txt'
[0.557s] adding license file 'LICENSE'
[0.558s] writing manifest file '../../build/my_py_pkg/my_py_pkg.egg-info/SOURCES.txt'
[0.558s] running build
[0.558s] running build_py
[0.558s] creating /home/atharva/Learning_ROS2/ros2_ws/build/my_py_pkg/build
[0.558s] creating /home/atharva/Learning_ROS2/ros2_ws/build/my_py_pkg/build/lib
[0.558s] creating /home/atharva/Learning_ROS2/ros2_ws/build/my_py_pkg/build/lib/my_py_pkg
[0.558s] copying my_py_pkg/add_two_ints_server.py -> /home/atharva/Learning_ROS2/ros2_ws/build/my_py_pkg/build/lib/my_py_pkg
[0.558s] copying my_py_pkg/__init__.py -> /home/atharva/Learning_ROS2/ros2_ws/build/my_py_pkg/build/lib/my_py_pkg
[0.558s] copying my_py_pkg/add_two_ints_client.py -> /home/atharva/Learning_ROS2/ros2_ws/build/my_py_pkg/build/lib/my_py_pkg
[0.558s] copying my_py_pkg/robot_news_station.py -> /home/atharva/Learning_ROS2/ros2_ws/build/my_py_pkg/build/lib/my_py_pkg
[0.558s] copying my_py_pkg/number_publisher.py -> /home/atharva/Learning_ROS2/ros2_ws/build/my_py_pkg/build/lib/my_py_pkg
[0.559s] copying my_py_pkg/rectangle_area_client.py -> /home/atharva/Learning_ROS2/ros2_ws/build/my_py_pkg/build/lib/my_py_pkg
[0.559s] copying my_py_pkg/my_first_node.py -> /home/atharva/Learning_ROS2/ros2_ws/build/my_py_pkg/build/lib/my_py_pkg
[0.559s] copying my_py_pkg/rectangle_area_server.py -> /home/atharva/Learning_ROS2/ros2_ws/build/my_py_pkg/build/lib/my_py_pkg
[0.559s] copying my_py_pkg/battery.py -> /home/atharva/Learning_ROS2/ros2_ws/build/my_py_pkg/build/lib/my_py_pkg
[0.559s] copying my_py_pkg/number_counter_reset.py -> /home/atharva/Learning_ROS2/ros2_ws/build/my_py_pkg/build/lib/my_py_pkg
[0.559s] copying my_py_pkg/number_counter_server.py -> /home/atharva/Learning_ROS2/ros2_ws/build/my_py_pkg/build/lib/my_py_pkg
[0.559s] copying my_py_pkg/number_counter.py -> /home/atharva/Learning_ROS2/ros2_ws/build/my_py_pkg/build/lib/my_py_pkg
[0.559s] copying my_py_pkg/add_two_ints_client_no_oop.py -> /home/atharva/Learning_ROS2/ros2_ws/build/my_py_pkg/build/lib/my_py_pkg
[0.559s] copying my_py_pkg/hw_status_publisher.py -> /home/atharva/Learning_ROS2/ros2_ws/build/my_py_pkg/build/lib/my_py_pkg
[0.559s] copying my_py_pkg/python_template.py -> /home/atharva/Learning_ROS2/ros2_ws/build/my_py_pkg/build/lib/my_py_pkg
[0.559s] copying my_py_pkg/led_panel.py -> /home/atharva/Learning_ROS2/ros2_ws/build/my_py_pkg/build/lib/my_py_pkg
[0.560s] copying my_py_pkg/smartphone.py -> /home/atharva/Learning_ROS2/ros2_ws/build/my_py_pkg/build/lib/my_py_pkg
[0.560s] running install
[0.560s] running install_lib
[0.560s] creating /home/atharva/Learning_ROS2/ros2_ws/install/my_py_pkg/lib/python3.10/site-packages/my_py_pkg
[0.560s] copying /home/atharva/Learning_ROS2/ros2_ws/build/my_py_pkg/build/lib/my_py_pkg/add_two_ints_server.py -> /home/atharva/Learning_ROS2/ros2_ws/install/my_py_pkg/lib/python3.10/site-packages/my_py_pkg
[0.560s] copying /home/atharva/Learning_ROS2/ros2_ws/build/my_py_pkg/build/lib/my_py_pkg/__init__.py -> /home/atharva/Learning_ROS2/ros2_ws/install/my_py_pkg/lib/python3.10/site-packages/my_py_pkg
[0.560s] copying /home/atharva/Learning_ROS2/ros2_ws/build/my_py_pkg/build/lib/my_py_pkg/add_two_ints_client.py -> /home/atharva/Learning_ROS2/ros2_ws/install/my_py_pkg/lib/python3.10/site-packages/my_py_pkg
[0.560s] copying /home/atharva/Learning_ROS2/ros2_ws/build/my_py_pkg/build/lib/my_py_pkg/robot_news_station.py -> /home/atharva/Learning_ROS2/ros2_ws/install/my_py_pkg/lib/python3.10/site-packages/my_py_pkg
[0.560s] copying /home/atharva/Learning_ROS2/ros2_ws/build/my_py_pkg/build/lib/my_py_pkg/number_publisher.py -> /home/atharva/Learning_ROS2/ros2_ws/install/my_py_pkg/lib/python3.10/site-packages/my_py_pkg
[0.560s] copying /home/atharva/Learning_ROS2/ros2_ws/build/my_py_pkg/build/lib/my_py_pkg/rectangle_area_client.py -> /home/atharva/Learning_ROS2/ros2_ws/install/my_py_pkg/lib/python3.10/site-packages/my_py_pkg
[0.560s] copying /home/atharva/Learning_ROS2/ros2_ws/build/my_py_pkg/build/lib/my_py_pkg/my_first_node.py -> /home/atharva/Learning_ROS2/ros2_ws/install/my_py_pkg/lib/python3.10/site-packages/my_py_pkg
[0.560s] copying /home/atharva/Learning_ROS2/ros2_ws/build/my_py_pkg/build/lib/my_py_pkg/rectangle_area_server.py -> /home/atharva/Learning_ROS2/ros2_ws/install/my_py_pkg/lib/python3.10/site-packages/my_py_pkg
[0.560s] copying /home/atharva/Learning_ROS2/ros2_ws/build/my_py_pkg/build/lib/my_py_pkg/battery.py -> /home/atharva/Learning_ROS2/ros2_ws/install/my_py_pkg/lib/python3.10/site-packages/my_py_pkg
[0.560s] copying /home/atharva/Learning_ROS2/ros2_ws/build/my_py_pkg/build/lib/my_py_pkg/number_counter_reset.py -> /home/atharva/Learning_ROS2/ros2_ws/install/my_py_pkg/lib/python3.10/site-packages/my_py_pkg
[0.561s] copying /home/atharva/Learning_ROS2/ros2_ws/build/my_py_pkg/build/lib/my_py_pkg/number_counter_server.py -> /home/atharva/Learning_ROS2/ros2_ws/install/my_py_pkg/lib/python3.10/site-packages/my_py_pkg
[0.561s] copying /home/atharva/Learning_ROS2/ros2_ws/build/my_py_pkg/build/lib/my_py_pkg/number_counter.py -> /home/atharva/Learning_ROS2/ros2_ws/install/my_py_pkg/lib/python3.10/site-packages/my_py_pkg
[0.561s] copying /home/atharva/Learning_ROS2/ros2_ws/build/my_py_pkg/build/lib/my_py_pkg/add_two_ints_client_no_oop.py -> /home/atharva/Learning_ROS2/ros2_ws/install/my_py_pkg/lib/python3.10/site-packages/my_py_pkg
[0.561s] copying /home/atharva/Learning_ROS2/ros2_ws/build/my_py_pkg/build/lib/my_py_pkg/hw_status_publisher.py -> /home/atharva/Learning_ROS2/ros2_ws/install/my_py_pkg/lib/python3.10/site-packages/my_py_pkg
[0.561s] copying /home/atharva/Learning_ROS2/ros2_ws/build/my_py_pkg/build/lib/my_py_pkg/python_template.py -> /home/atharva/Learning_ROS2/ros2_ws/install/my_py_pkg/lib/python3.10/site-packages/my_py_pkg
[0.561s] copying /home/atharva/Learning_ROS2/ros2_ws/build/my_py_pkg/build/lib/my_py_pkg/led_panel.py -> /home/atharva/Learning_ROS2/ros2_ws/install/my_py_pkg/lib/python3.10/site-packages/my_py_pkg
[0.561s] copying /home/atharva/Learning_ROS2/ros2_ws/build/my_py_pkg/build/lib/my_py_pkg/smartphone.py -> /home/atharva/Learning_ROS2/ros2_ws/install/my_py_pkg/lib/python3.10/site-packages/my_py_pkg
[0.561s] byte-compiling /home/atharva/Learning_ROS2/ros2_ws/install/my_py_pkg/lib/python3.10/site-packages/my_py_pkg/add_two_ints_server.py to add_two_ints_server.cpython-310.pyc
[0.561s] byte-compiling /home/atharva/Learning_ROS2/ros2_ws/install/my_py_pkg/lib/python3.10/site-packages/my_py_pkg/__init__.py to __init__.cpython-310.pyc
[0.561s] byte-compiling /home/atharva/Learning_ROS2/ros2_ws/install/my_py_pkg/lib/python3.10/site-packages/my_py_pkg/add_two_ints_client.py to add_two_ints_client.cpython-310.pyc
[0.561s] byte-compiling /home/atharva/Learning_ROS2/ros2_ws/install/my_py_pkg/lib/python3.10/site-packages/my_py_pkg/robot_news_station.py to robot_news_station.cpython-310.pyc
[0.561s] byte-compiling /home/atharva/Learning_ROS2/ros2_ws/install/my_py_pkg/lib/python3.10/site-packages/my_py_pkg/number_publisher.py to number_publisher.cpython-310.pyc
[0.561s] byte-compiling /home/atharva/Learning_ROS2/ros2_ws/install/my_py_pkg/lib/python3.10/site-packages/my_py_pkg/rectangle_area_client.py to rectangle_area_client.cpython-310.pyc
[0.561s] byte-compiling /home/atharva/Learning_ROS2/ros2_ws/install/my_py_pkg/lib/python3.10/site-packages/my_py_pkg/my_first_node.py to my_first_node.cpython-310.pyc
[0.561s] byte-compiling /home/atharva/Learning_ROS2/ros2_ws/install/my_py_pkg/lib/python3.10/site-packages/my_py_pkg/rectangle_area_server.py to rectangle_area_server.cpython-310.pyc
[0.561s] byte-compiling /home/atharva/Learning_ROS2/ros2_ws/install/my_py_pkg/lib/python3.10/site-packages/my_py_pkg/battery.py to battery.cpython-310.pyc
[0.561s] byte-compiling /home/atharva/Learning_ROS2/ros2_ws/install/my_py_pkg/lib/python3.10/site-packages/my_py_pkg/number_counter_reset.py to number_counter_reset.cpython-310.pyc
[0.561s] byte-compiling /home/atharva/Learning_ROS2/ros2_ws/install/my_py_pkg/lib/python3.10/site-packages/my_py_pkg/number_counter_server.py to number_counter_server.cpython-310.pyc
[0.562s] byte-compiling /home/atharva/Learning_ROS2/ros2_ws/install/my_py_pkg/lib/python3.10/site-packages/my_py_pkg/number_counter.py to number_counter.cpython-310.pyc
[0.562s] byte-compiling /home/atharva/Learning_ROS2/ros2_ws/install/my_py_pkg/lib/python3.10/site-packages/my_py_pkg/add_two_ints_client_no_oop.py to add_two_ints_client_no_oop.cpython-310.pyc
[0.562s] byte-compiling /home/atharva/Learning_ROS2/ros2_ws/install/my_py_pkg/lib/python3.10/site-packages/my_py_pkg/hw_status_publisher.py to hw_status_publisher.cpython-310.pyc
[0.562s] byte-compiling /home/atharva/Learning_ROS2/ros2_ws/install/my_py_pkg/lib/python3.10/site-packages/my_py_pkg/python_template.py to python_template.cpython-310.pyc
[0.562s] byte-compiling /home/atharva/Learning_ROS2/ros2_ws/install/my_py_pkg/lib/python3.10/site-packages/my_py_pkg/led_panel.py to led_panel.cpython-310.pyc
[0.562s] byte-compiling /home/atharva/Learning_ROS2/ros2_ws/install/my_py_pkg/lib/python3.10/site-packages/my_py_pkg/smartphone.py to smartphone.cpython-310.pyc
[0.562s] running install_data
[0.563s] creating /home/atharva/Learning_ROS2/ros2_ws/install/my_py_pkg/share/ament_index
[0.563s] creating /home/atharva/Learning_ROS2/ros2_ws/install/my_py_pkg/share/ament_index/resource_index
[0.563s] creating /home/atharva/Learning_ROS2/ros2_ws/install/my_py_pkg/share/ament_index/resource_index/packages
[0.563s] copying resource/my_py_pkg -> /home/atharva/Learning_ROS2/ros2_ws/install/my_py_pkg/share/ament_index/resource_index/packages
[0.563s] copying package.xml -> /home/atharva/Learning_ROS2/ros2_ws/install/my_py_pkg/share/my_py_pkg
[0.563s] running install_egg_info
[0.564s] Copying ../../build/my_py_pkg/my_py_pkg.egg-info to /home/atharva/Learning_ROS2/ros2_ws/install/my_py_pkg/lib/python3.10/site-packages/my_py_pkg-0.0.0-py3.10.egg-info
[0.564s] running install_scripts
[0.575s] Installing add_two_ints_client script to /home/atharva/Learning_ROS2/ros2_ws/install/my_py_pkg/lib/my_py_pkg
[0.575s] Installing add_two_ints_client_no_oop script to /home/atharva/Learning_ROS2/ros2_ws/install/my_py_pkg/lib/my_py_pkg
[0.575s] Installing add_two_ints_server script to /home/atharva/Learning_ROS2/ros2_ws/install/my_py_pkg/lib/my_py_pkg
[0.575s] Installing battery script to /home/atharva/Learning_ROS2/ros2_ws/install/my_py_pkg/lib/my_py_pkg
[0.575s] Installing hw_status_publisher script to /home/atharva/Learning_ROS2/ros2_ws/install/my_py_pkg/lib/my_py_pkg
[0.575s] Installing led_panel script to /home/atharva/Learning_ROS2/ros2_ws/install/my_py_pkg/lib/my_py_pkg
[0.575s] Installing number_counter script to /home/atharva/Learning_ROS2/ros2_ws/install/my_py_pkg/lib/my_py_pkg
[0.575s] Installing number_counter_reset script to /home/atharva/Learning_ROS2/ros2_ws/install/my_py_pkg/lib/my_py_pkg
[0.575s] Installing number_counter_server script to /home/atharva/Learning_ROS2/ros2_ws/install/my_py_pkg/lib/my_py_pkg
[0.575s] Installing number_publisher script to /home/atharva/Learning_ROS2/ros2_ws/install/my_py_pkg/lib/my_py_pkg
[0.575s] Installing py_node script to /home/atharva/Learning_ROS2/ros2_ws/install/my_py_pkg/lib/my_py_pkg
[0.575s] Installing rectangle_area_client script to /home/atharva/Learning_ROS2/ros2_ws/install/my_py_pkg/lib/my_py_pkg
[0.575s] Installing rectangle_area_server script to /home/atharva/Learning_ROS2/ros2_ws/install/my_py_pkg/lib/my_py_pkg
[0.575s] Installing robot_news_station script to /home/atharva/Learning_ROS2/ros2_ws/install/my_py_pkg/lib/my_py_pkg
[0.575s] Installing smartphone script to /home/atharva/Learning_ROS2/ros2_ws/install/my_py_pkg/lib/my_py_pkg
[0.575s] writing list of installed files to '/home/atharva/Learning_ROS2/ros2_ws/build/my_py_pkg/install.log'
[0.599s] Invoked command in '/home/atharva/Learning_ROS2/ros2_ws/src/my_py_pkg' returned '0': PYTHONPATH=/home/atharva/Learning_ROS2/ros2_ws/build/my_py_pkg/prefix_override:/home/atharva/Learning_ROS2/ros2_ws/install/my_py_pkg/lib/python3.10/site-packages:${PYTHONPATH} /usr/bin/python3 setup.py egg_info --egg-base ../../build/my_py_pkg build --build-base /home/atharva/Learning_ROS2/ros2_ws/build/my_py_pkg/build install --record /home/atharva/Learning_ROS2/ros2_ws/build/my_py_pkg/install.log --single-version-externally-managed
