[0.190s] Invoking command in '/home/atharva/Learning_ROS2/ros2_ws/build/my_robot_interfaces': CMAKE_PREFIX_PATH=/home/atharva/ros2_ws/install/turtlesim_catch_em_all:/home/atharva/ros2_ws/install/radio_station_bringup:/home/atharva/ros2_ws/install/my_robot_bringup:/home/atharva/ros2_ws/install/my_py_pkg:/home/atharva/ros2_ws/install/my_robot_interfaces:/home/atharva/ros2_ws/install/my_robot_description:/opt/ros/humble /usr/bin/cmake /home/atharva/Learning_ROS2/ros2_ws/src/my_robot_interfaces -DCMAKE_INSTALL_PREFIX=/home/atharva/Learning_ROS2/ros2_ws/install/my_robot_interfaces
[0.794s] -- The C compiler identification is GNU 11.4.0
[1.194s] -- The CXX compiler identification is GNU 11.4.0
[1.258s] -- Detecting C compiler ABI info
[1.438s] -- Detecting C compiler ABI info - done
[1.453s] -- Check for working C compiler: /usr/bin/cc - skipped
[1.454s] -- Detecting C compile features
[1.470s] -- Detecting C compile features - done
[1.476s] -- Detecting CXX compiler ABI info
[1.600s] -- Detecting CXX compiler ABI info - done
[1.616s] -- Check for working CXX compiler: /usr/bin/c++ - skipped
[1.617s] -- Detecting CXX compile features
[1.618s] -- Detecting CXX compile features - done
[1.665s] -- Found ament_cmake: 1.3.5 (/opt/ros/humble/share/ament_cmake/cmake)
[1.982s] -- Found Python3: /usr/bin/python3.10 (found version "3.10.12") found components: Interpreter 
[2.244s] -- Found rosidl_default_generators: 1.2.0 (/opt/ros/humble/share/rosidl_default_generators/cmake)
[2.281s] -- Using all available rosidl_typesupport_c: rosidl_typesupport_fastrtps_c;rosidl_typesupport_introspection_c
[2.361s] -- Found rosidl_adapter: 3.1.5 (/opt/ros/humble/share/rosidl_adapter/cmake)
[2.617s] -- Using all available rosidl_typesupport_cpp: rosidl_typesupport_fastrtps_cpp;rosidl_typesupport_introspection_cpp
[3.207s] -- Found ament_cmake_ros: 0.10.0 (/opt/ros/humble/share/ament_cmake_ros/cmake)
[3.483s] -- Using all available rosidl_typesupport_c: rosidl_typesupport_fastrtps_c;rosidl_typesupport_introspection_c
[3.806s] -- Using all available rosidl_typesupport_cpp: rosidl_typesupport_fastrtps_cpp;rosidl_typesupport_introspection_cpp
[3.844s] -- Found PythonInterp: /usr/bin/python3 (found suitable version "3.10.12", minimum required is "3.6") 
[3.862s] -- Found python_cmake_module: 0.10.0 (/opt/ros/humble/share/python_cmake_module/cmake)
[3.928s] -- Found PythonLibs: /usr/lib/x86_64-linux-gnu/libpython3.10.so (found suitable version "3.10.12", minimum required is "3.5") 
[3.929s] -- Using PYTHON_EXECUTABLE: /usr/bin/python3
[3.929s] -- Using PYTHON_INCLUDE_DIRS: /usr/include/python3.10
[3.929s] -- Using PYTHON_LIBRARIES: /usr/lib/x86_64-linux-gnu/libpython3.10.so
[3.955s] -- Found PythonExtra: .so  
[4.057s] -- Configuring done
[4.135s] -- Generating done
[4.139s] -- Build files have been written to: /home/atharva/Learning_ROS2/ros2_ws/build/my_robot_interfaces
[4.152s] Invoked command in '/home/atharva/Learning_ROS2/ros2_ws/build/my_robot_interfaces' returned '0': CMAKE_PREFIX_PATH=/home/atharva/ros2_ws/install/turtlesim_catch_em_all:/home/atharva/ros2_ws/install/radio_station_bringup:/home/atharva/ros2_ws/install/my_robot_bringup:/home/atharva/ros2_ws/install/my_py_pkg:/home/atharva/ros2_ws/install/my_robot_interfaces:/home/atharva/ros2_ws/install/my_robot_description:/opt/ros/humble /usr/bin/cmake /home/atharva/Learning_ROS2/ros2_ws/src/my_robot_interfaces -DCMAKE_INSTALL_PREFIX=/home/atharva/Learning_ROS2/ros2_ws/install/my_robot_interfaces
[4.155s] Invoking command in '/home/atharva/Learning_ROS2/ros2_ws/build/my_robot_interfaces': CMAKE_PREFIX_PATH=/home/atharva/ros2_ws/install/turtlesim_catch_em_all:/home/atharva/ros2_ws/install/radio_station_bringup:/home/atharva/ros2_ws/install/my_robot_bringup:/home/atharva/ros2_ws/install/my_py_pkg:/home/atharva/ros2_ws/install/my_robot_interfaces:/home/atharva/ros2_ws/install/my_robot_description:/opt/ros/humble /usr/bin/cmake --build /home/atharva/Learning_ROS2/ros2_ws/build/my_robot_interfaces -- -j4 -l4
[4.200s] [  1%] [34m[1mGenerating C code for ROS interfaces[0m
[4.210s] [  2%] [34m[1mGenerating C++ code for ROS interfaces[0m
[4.219s] [  2%] Built target ament_cmake_python_copy_my_robot_interfaces
[4.790s] running egg_info
[4.791s] creating my_robot_interfaces.egg-info
[4.792s] writing my_robot_interfaces.egg-info/PKG-INFO
[4.793s] writing dependency_links to my_robot_interfaces.egg-info/dependency_links.txt
[4.794s] writing top-level names to my_robot_interfaces.egg-info/top_level.txt
[4.795s] writing manifest file 'my_robot_interfaces.egg-info/SOURCES.txt'
[4.805s] reading manifest file 'my_robot_interfaces.egg-info/SOURCES.txt'
[4.806s] writing manifest file 'my_robot_interfaces.egg-info/SOURCES.txt'
[4.852s] [  2%] Built target ament_cmake_python_build_my_robot_interfaces_egg
[5.231s] [  5%] [32mBuilding C object CMakeFiles/my_robot_interfaces__rosidl_generator_c.dir/rosidl_generator_c/my_robot_interfaces/srv/detail/set_led__functions.c.o[0m
[5.232s] [  5%] [32mBuilding C object CMakeFiles/my_robot_interfaces__rosidl_generator_c.dir/rosidl_generator_c/my_robot_interfaces/msg/detail/hardware_status__functions.c.o[0m
[5.236s] [  7%] [32mBuilding C object CMakeFiles/my_robot_interfaces__rosidl_generator_c.dir/rosidl_generator_c/my_robot_interfaces/srv/detail/compute_rectangle_area__functions.c.o[0m
[5.440s] [  8%] [32mBuilding C object CMakeFiles/my_robot_interfaces__rosidl_generator_c.dir/rosidl_generator_c/my_robot_interfaces/msg/detail/led_status__functions.c.o[0m
[5.458s] [  9%] [32mBuilding C object CMakeFiles/my_robot_interfaces__rosidl_generator_c.dir/rosidl_generator_c/my_robot_interfaces/msg/detail/target_list__functions.c.o[0m
[5.501s] [ 11%] [32mBuilding C object CMakeFiles/my_robot_interfaces__rosidl_generator_c.dir/rosidl_generator_c/my_robot_interfaces/srv/detail/control_turtle__functions.c.o[0m
[5.595s] [ 11%] Built target my_robot_interfaces__cpp
[5.610s] [ 12%] [34m[1mGenerating C++ type support dispatch for ROS interfaces[0m
[5.613s] [ 15%] [32m[1mLinking C shared library libmy_robot_interfaces__rosidl_generator_c.so[0m
[5.614s] [ 15%] [34m[1mGenerating C++ type support for eProsima Fast-RTPS[0m
[5.646s] [ 16%] [34m[1mGenerating C++ introspection for ROS interfaces[0m
[5.780s] [ 16%] Built target my_robot_interfaces__rosidl_generator_c
[5.834s] [ 18%] [34m[1mGenerating C type support for eProsima Fast-RTPS[0m
[6.793s] [ 19%] [32mBuilding CXX object CMakeFiles/my_robot_interfaces__rosidl_typesupport_cpp.dir/rosidl_typesupport_cpp/my_robot_interfaces/msg/hardware_status__type_support.cpp.o[0m
[6.997s] [ 21%] [32mBuilding CXX object CMakeFiles/my_robot_interfaces__rosidl_typesupport_introspection_cpp.dir/rosidl_typesupport_introspection_cpp/my_robot_interfaces/msg/detail/hardware_status__type_support.cpp.o[0m
[7.186s] [ 22%] [32mBuilding CXX object CMakeFiles/my_robot_interfaces__rosidl_typesupport_fastrtps_cpp.dir/rosidl_typesupport_fastrtps_cpp/my_robot_interfaces/msg/detail/dds_fastrtps/hardware_status__type_support.cpp.o[0m
[7.606s] [ 23%] [32mBuilding CXX object CMakeFiles/my_robot_interfaces__rosidl_typesupport_fastrtps_c.dir/rosidl_typesupport_fastrtps_c/my_robot_interfaces/msg/detail/hardware_status__type_support_c.cpp.o[0m
[7.673s] [ 25%] [32mBuilding CXX object CMakeFiles/my_robot_interfaces__rosidl_typesupport_cpp.dir/rosidl_typesupport_cpp/my_robot_interfaces/srv/compute_rectangle_area__type_support.cpp.o[0m
[7.892s] [ 26%] [32mBuilding CXX object CMakeFiles/my_robot_interfaces__rosidl_typesupport_introspection_cpp.dir/rosidl_typesupport_introspection_cpp/my_robot_interfaces/srv/detail/compute_rectangle_area__type_support.cpp.o[0m
[8.067s] [ 28%] [32mBuilding CXX object CMakeFiles/my_robot_interfaces__rosidl_typesupport_fastrtps_cpp.dir/rosidl_typesupport_fastrtps_cpp/my_robot_interfaces/srv/detail/dds_fastrtps/compute_rectangle_area__type_support.cpp.o[0m
[8.309s] [ 29%] [32mBuilding CXX object CMakeFiles/my_robot_interfaces__rosidl_typesupport_cpp.dir/rosidl_typesupport_cpp/my_robot_interfaces/srv/set_led__type_support.cpp.o[0m
[8.405s] [ 30%] [32mBuilding CXX object CMakeFiles/my_robot_interfaces__rosidl_typesupport_fastrtps_c.dir/rosidl_typesupport_fastrtps_c/my_robot_interfaces/srv/detail/compute_rectangle_area__type_support_c.cpp.o[0m
[8.857s] [ 32%] [32mBuilding CXX object CMakeFiles/my_robot_interfaces__rosidl_typesupport_introspection_cpp.dir/rosidl_typesupport_introspection_cpp/my_robot_interfaces/srv/detail/set_led__type_support.cpp.o[0m
[9.011s] [ 33%] [32mBuilding CXX object CMakeFiles/my_robot_interfaces__rosidl_typesupport_cpp.dir/rosidl_typesupport_cpp/my_robot_interfaces/msg/led_status__type_support.cpp.o[0m
[9.161s] [ 35%] [32mBuilding CXX object CMakeFiles/my_robot_interfaces__rosidl_typesupport_fastrtps_cpp.dir/rosidl_typesupport_fastrtps_cpp/my_robot_interfaces/srv/detail/dds_fastrtps/set_led__type_support.cpp.o[0m
[9.409s] [ 36%] [32mBuilding CXX object CMakeFiles/my_robot_interfaces__rosidl_typesupport_fastrtps_c.dir/rosidl_typesupport_fastrtps_c/my_robot_interfaces/srv/detail/set_led__type_support_c.cpp.o[0m
[9.765s] [ 38%] [32mBuilding CXX object CMakeFiles/my_robot_interfaces__rosidl_typesupport_introspection_cpp.dir/rosidl_typesupport_introspection_cpp/my_robot_interfaces/msg/detail/led_status__type_support.cpp.o[0m
[9.817s] [ 39%] [32mBuilding CXX object CMakeFiles/my_robot_interfaces__rosidl_typesupport_cpp.dir/rosidl_typesupport_cpp/my_robot_interfaces/msg/target_list__type_support.cpp.o[0m
[10.202s] [ 40%] [32mBuilding CXX object CMakeFiles/my_robot_interfaces__rosidl_typesupport_fastrtps_cpp.dir/rosidl_typesupport_fastrtps_cpp/my_robot_interfaces/msg/detail/dds_fastrtps/led_status__type_support.cpp.o[0m
[10.354s] [ 42%] [32mBuilding CXX object CMakeFiles/my_robot_interfaces__rosidl_typesupport_fastrtps_c.dir/rosidl_typesupport_fastrtps_c/my_robot_interfaces/msg/detail/led_status__type_support_c.cpp.o[0m
[10.449s] [ 43%] [32mBuilding CXX object CMakeFiles/my_robot_interfaces__rosidl_typesupport_cpp.dir/rosidl_typesupport_cpp/my_robot_interfaces/srv/control_turtle__type_support.cpp.o[0m
[10.924s] [ 45%] [32mBuilding CXX object CMakeFiles/my_robot_interfaces__rosidl_typesupport_introspection_cpp.dir/rosidl_typesupport_introspection_cpp/my_robot_interfaces/msg/detail/target_list__type_support.cpp.o[0m
[11.130s] [ 46%] [32mBuilding CXX object CMakeFiles/my_robot_interfaces__rosidl_typesupport_fastrtps_cpp.dir/rosidl_typesupport_fastrtps_cpp/my_robot_interfaces/msg/detail/dds_fastrtps/target_list__type_support.cpp.o[0m
[11.137s] [ 47%] [32m[1mLinking CXX shared library libmy_robot_interfaces__rosidl_typesupport_cpp.so[0m
[11.151s] [ 49%] [32mBuilding CXX object CMakeFiles/my_robot_interfaces__rosidl_typesupport_fastrtps_c.dir/rosidl_typesupport_fastrtps_c/my_robot_interfaces/msg/detail/target_list__type_support_c.cpp.o[0m
[11.304s] [ 49%] Built target my_robot_interfaces__rosidl_typesupport_cpp
[11.357s] [ 50%] [34m[1mGenerating C introspection for ROS interfaces[0m
[11.916s] [ 52%] [32mBuilding CXX object CMakeFiles/my_robot_interfaces__rosidl_typesupport_introspection_cpp.dir/rosidl_typesupport_introspection_cpp/my_robot_interfaces/srv/detail/control_turtle__type_support.cpp.o[0m
[12.007s] [ 53%] [32mBuilding CXX object CMakeFiles/my_robot_interfaces__rosidl_typesupport_fastrtps_cpp.dir/rosidl_typesupport_fastrtps_cpp/my_robot_interfaces/srv/detail/dds_fastrtps/control_turtle__type_support.cpp.o[0m
[12.106s] [ 54%] [32mBuilding CXX object CMakeFiles/my_robot_interfaces__rosidl_typesupport_fastrtps_c.dir/rosidl_typesupport_fastrtps_c/my_robot_interfaces/srv/detail/control_turtle__type_support_c.cpp.o[0m
[12.940s] [ 56%] [32m[1mLinking CXX shared library libmy_robot_interfaces__rosidl_typesupport_introspection_cpp.so[0m
[13.012s] [ 57%] [32m[1mLinking CXX shared library libmy_robot_interfaces__rosidl_typesupport_fastrtps_c.so[0m
[13.015s] [ 59%] [32m[1mLinking CXX shared library libmy_robot_interfaces__rosidl_typesupport_fastrtps_cpp.so[0m
[13.025s] [ 60%] [32mBuilding C object CMakeFiles/my_robot_interfaces__rosidl_typesupport_introspection_c.dir/rosidl_typesupport_introspection_c/my_robot_interfaces/msg/detail/hardware_status__type_support.c.o[0m
[13.090s] [ 61%] [32mBuilding C object CMakeFiles/my_robot_interfaces__rosidl_typesupport_introspection_c.dir/rosidl_typesupport_introspection_c/my_robot_interfaces/srv/detail/compute_rectangle_area__type_support.c.o[0m
[13.157s] [ 61%] Built target my_robot_interfaces__rosidl_typesupport_introspection_cpp
[13.175s] [ 63%] [34m[1mGenerating C type support dispatch for ROS interfaces[0m
[13.183s] [ 64%] [32mBuilding C object CMakeFiles/my_robot_interfaces__rosidl_typesupport_introspection_c.dir/rosidl_typesupport_introspection_c/my_robot_interfaces/srv/detail/set_led__type_support.c.o[0m
[13.199s] [ 64%] Built target my_robot_interfaces__rosidl_typesupport_fastrtps_cpp
[13.226s] [ 66%] [32mBuilding C object CMakeFiles/my_robot_interfaces__rosidl_typesupport_introspection_c.dir/rosidl_typesupport_introspection_c/my_robot_interfaces/msg/detail/led_status__type_support.c.o[0m
[13.233s] [ 66%] Built target my_robot_interfaces__rosidl_typesupport_fastrtps_c
[13.257s] [ 67%] [32mBuilding C object CMakeFiles/my_robot_interfaces__rosidl_typesupport_introspection_c.dir/rosidl_typesupport_introspection_c/my_robot_interfaces/msg/detail/target_list__type_support.c.o[0m
[13.304s] [ 69%] [32mBuilding C object CMakeFiles/my_robot_interfaces__rosidl_typesupport_introspection_c.dir/rosidl_typesupport_introspection_c/my_robot_interfaces/srv/detail/control_turtle__type_support.c.o[0m
[13.370s] [ 70%] [32m[1mLinking C shared library libmy_robot_interfaces__rosidl_typesupport_introspection_c.so[0m
[13.420s] [ 70%] Built target my_robot_interfaces__rosidl_typesupport_introspection_c
[13.733s] [ 71%] [32mBuilding CXX object CMakeFiles/my_robot_interfaces__rosidl_typesupport_c.dir/rosidl_typesupport_c/my_robot_interfaces/msg/hardware_status__type_support.cpp.o[0m
[13.733s] [ 73%] [32mBuilding CXX object CMakeFiles/my_robot_interfaces__rosidl_typesupport_c.dir/rosidl_typesupport_c/my_robot_interfaces/srv/compute_rectangle_area__type_support.cpp.o[0m
[13.737s] [ 74%] [32mBuilding CXX object CMakeFiles/my_robot_interfaces__rosidl_typesupport_c.dir/rosidl_typesupport_c/my_robot_interfaces/srv/set_led__type_support.cpp.o[0m
[13.743s] [ 76%] [32mBuilding CXX object CMakeFiles/my_robot_interfaces__rosidl_typesupport_c.dir/rosidl_typesupport_c/my_robot_interfaces/msg/led_status__type_support.cpp.o[0m
[13.797s] [ 78%] [32mBuilding CXX object CMakeFiles/my_robot_interfaces__rosidl_typesupport_c.dir/rosidl_typesupport_c/my_robot_interfaces/srv/control_turtle__type_support.cpp.o[0m
[13.798s] [ 78%] [32mBuilding CXX object CMakeFiles/my_robot_interfaces__rosidl_typesupport_c.dir/rosidl_typesupport_c/my_robot_interfaces/msg/target_list__type_support.cpp.o[0m
[13.851s] [ 80%] [32m[1mLinking CXX shared library libmy_robot_interfaces__rosidl_typesupport_c.so[0m
[13.898s] [ 80%] Built target my_robot_interfaces__rosidl_typesupport_c
[13.919s] [ 80%] Built target my_robot_interfaces
[13.946s] [ 81%] [34m[1mGenerating Python code for ROS interfaces[0m
[15.104s] [ 81%] Built target my_robot_interfaces__py
[15.130s] [ 83%] [32mBuilding C object CMakeFiles/my_robot_interfaces__rosidl_generator_py.dir/rosidl_generator_py/my_robot_interfaces/srv/_compute_rectangle_area_s.c.o[0m
[15.132s] [ 84%] [32mBuilding C object CMakeFiles/my_robot_interfaces__rosidl_generator_py.dir/rosidl_generator_py/my_robot_interfaces/srv/_set_led_s.c.o[0m
[15.133s] [ 85%] [32mBuilding C object CMakeFiles/my_robot_interfaces__rosidl_generator_py.dir/rosidl_generator_py/my_robot_interfaces/msg/_hardware_status_s.c.o[0m
[15.141s] [ 87%] [32mBuilding C object CMakeFiles/my_robot_interfaces__rosidl_generator_py.dir/rosidl_generator_py/my_robot_interfaces/msg/_led_status_s.c.o[0m
[15.365s] [ 88%] [32mBuilding C object CMakeFiles/my_robot_interfaces__rosidl_generator_py.dir/rosidl_generator_py/my_robot_interfaces/msg/_target_list_s.c.o[0m
[15.382s] [ 90%] [32mBuilding C object CMakeFiles/my_robot_interfaces__rosidl_generator_py.dir/rosidl_generator_py/my_robot_interfaces/srv/_control_turtle_s.c.o[0m
[15.582s] [ 91%] [32m[1mLinking C shared library rosidl_generator_py/my_robot_interfaces/libmy_robot_interfaces__rosidl_generator_py.so[0m
[15.636s] [ 91%] Built target my_robot_interfaces__rosidl_generator_py
[15.666s] [ 94%] [32mBuilding C object CMakeFiles/my_robot_interfaces__rosidl_typesupport_introspection_c__pyext.dir/rosidl_generator_py/my_robot_interfaces/_my_robot_interfaces_s.ep.rosidl_typesupport_introspection_c.c.o[0m
[15.666s] [ 95%] [32mBuilding C object CMakeFiles/my_robot_interfaces__rosidl_typesupport_fastrtps_c__pyext.dir/rosidl_generator_py/my_robot_interfaces/_my_robot_interfaces_s.ep.rosidl_typesupport_fastrtps_c.c.o[0m
[15.666s] [ 94%] [32mBuilding C object CMakeFiles/my_robot_interfaces__rosidl_typesupport_c__pyext.dir/rosidl_generator_py/my_robot_interfaces/_my_robot_interfaces_s.ep.rosidl_typesupport_c.c.o[0m
[15.899s] [ 97%] [32m[1mLinking C shared library rosidl_generator_py/my_robot_interfaces/my_robot_interfaces_s__rosidl_typesupport_introspection_c.cpython-310-x86_64-linux-gnu.so[0m
[15.908s] [ 98%] [32m[1mLinking C shared library rosidl_generator_py/my_robot_interfaces/my_robot_interfaces_s__rosidl_typesupport_c.cpython-310-x86_64-linux-gnu.so[0m
[15.931s] [100%] [32m[1mLinking C shared library rosidl_generator_py/my_robot_interfaces/my_robot_interfaces_s__rosidl_typesupport_fastrtps_c.cpython-310-x86_64-linux-gnu.so[0m
[15.962s] [100%] Built target my_robot_interfaces__rosidl_typesupport_introspection_c__pyext
[15.965s] [100%] Built target my_robot_interfaces__rosidl_typesupport_c__pyext
[15.984s] [100%] Built target my_robot_interfaces__rosidl_typesupport_fastrtps_c__pyext
[16.002s] Invoked command in '/home/atharva/Learning_ROS2/ros2_ws/build/my_robot_interfaces' returned '0': CMAKE_PREFIX_PATH=/home/atharva/ros2_ws/install/turtlesim_catch_em_all:/home/atharva/ros2_ws/install/radio_station_bringup:/home/atharva/ros2_ws/install/my_robot_bringup:/home/atharva/ros2_ws/install/my_py_pkg:/home/atharva/ros2_ws/install/my_robot_interfaces:/home/atharva/ros2_ws/install/my_robot_description:/opt/ros/humble /usr/bin/cmake --build /home/atharva/Learning_ROS2/ros2_ws/build/my_robot_interfaces -- -j4 -l4
[16.182s] Invoking command in '/home/atharva/Learning_ROS2/ros2_ws/build/my_robot_interfaces': CMAKE_PREFIX_PATH=/home/atharva/ros2_ws/install/turtlesim_catch_em_all:/home/atharva/ros2_ws/install/radio_station_bringup:/home/atharva/ros2_ws/install/my_robot_bringup:/home/atharva/ros2_ws/install/my_py_pkg:/home/atharva/ros2_ws/install/my_robot_interfaces:/home/atharva/ros2_ws/install/my_robot_description:/opt/ros/humble /usr/bin/cmake --install /home/atharva/Learning_ROS2/ros2_ws/build/my_robot_interfaces
[16.190s] -- Install configuration: ""
[16.191s] -- Installing: /home/atharva/Learning_ROS2/ros2_ws/install/my_robot_interfaces/share/ament_index/resource_index/rosidl_interfaces/my_robot_interfaces
[16.191s] -- Installing: /home/atharva/Learning_ROS2/ros2_ws/install/my_robot_interfaces/include/my_robot_interfaces/my_robot_interfaces
[16.191s] -- Installing: /home/atharva/Learning_ROS2/ros2_ws/install/my_robot_interfaces/include/my_robot_interfaces/my_robot_interfaces/srv
[16.191s] -- Installing: /home/atharva/Learning_ROS2/ros2_ws/install/my_robot_interfaces/include/my_robot_interfaces/my_robot_interfaces/srv/compute_rectangle_area.h
[16.192s] -- Installing: /home/atharva/Learning_ROS2/ros2_ws/install/my_robot_interfaces/include/my_robot_interfaces/my_robot_interfaces/srv/control_turtle.h
[16.192s] -- Installing: /home/atharva/Learning_ROS2/ros2_ws/install/my_robot_interfaces/include/my_robot_interfaces/my_robot_interfaces/srv/detail
[16.192s] -- Installing: /home/atharva/Learning_ROS2/ros2_ws/install/my_robot_interfaces/include/my_robot_interfaces/my_robot_interfaces/srv/detail/control_turtle__functions.h
[16.192s] -- Installing: /home/atharva/Learning_ROS2/ros2_ws/install/my_robot_interfaces/include/my_robot_interfaces/my_robot_interfaces/srv/detail/set_led__struct.h
[16.192s] -- Installing: /home/atharva/Learning_ROS2/ros2_ws/install/my_robot_interfaces/include/my_robot_interfaces/my_robot_interfaces/srv/detail/compute_rectangle_area__functions.h
[16.192s] -- Installing: /home/atharva/Learning_ROS2/ros2_ws/install/my_robot_interfaces/include/my_robot_interfaces/my_robot_interfaces/srv/detail/compute_rectangle_area__functions.c
[16.193s] -- Installing: /home/atharva/Learning_ROS2/ros2_ws/install/my_robot_interfaces/include/my_robot_interfaces/my_robot_interfaces/srv/detail/control_turtle__struct.h
[16.193s] -- Installing: /home/atharva/Learning_ROS2/ros2_ws/install/my_robot_interfaces/include/my_robot_interfaces/my_robot_interfaces/srv/detail/compute_rectangle_area__type_support.h
[16.193s] -- Installing: /home/atharva/Learning_ROS2/ros2_ws/install/my_robot_interfaces/include/my_robot_interfaces/my_robot_interfaces/srv/detail/set_led__type_support.h
[16.193s] -- Installing: /home/atharva/Learning_ROS2/ros2_ws/install/my_robot_interfaces/include/my_robot_interfaces/my_robot_interfaces/srv/detail/control_turtle__type_support.h
[16.196s] -- Installing: /home/atharva/Learning_ROS2/ros2_ws/install/my_robot_interfaces/include/my_robot_interfaces/my_robot_interfaces/srv/detail/set_led__functions.c
[16.196s] -- Installing: /home/atharva/Learning_ROS2/ros2_ws/install/my_robot_interfaces/include/my_robot_interfaces/my_robot_interfaces/srv/detail/control_turtle__functions.c
[16.196s] -- Installing: /home/atharva/Learning_ROS2/ros2_ws/install/my_robot_interfaces/include/my_robot_interfaces/my_robot_interfaces/srv/detail/compute_rectangle_area__struct.h
[16.196s] -- Installing: /home/atharva/Learning_ROS2/ros2_ws/install/my_robot_interfaces/include/my_robot_interfaces/my_robot_interfaces/srv/detail/set_led__functions.h
[16.196s] -- Installing: /home/atharva/Learning_ROS2/ros2_ws/install/my_robot_interfaces/include/my_robot_interfaces/my_robot_interfaces/srv/set_led.h
[16.197s] -- Installing: /home/atharva/Learning_ROS2/ros2_ws/install/my_robot_interfaces/include/my_robot_interfaces/my_robot_interfaces/msg
[16.197s] -- Installing: /home/atharva/Learning_ROS2/ros2_ws/install/my_robot_interfaces/include/my_robot_interfaces/my_robot_interfaces/msg/target_list.h
[16.197s] -- Installing: /home/atharva/Learning_ROS2/ros2_ws/install/my_robot_interfaces/include/my_robot_interfaces/my_robot_interfaces/msg/led_status.h
[16.197s] -- Installing: /home/atharva/Learning_ROS2/ros2_ws/install/my_robot_interfaces/include/my_robot_interfaces/my_robot_interfaces/msg/hardware_status.h
[16.197s] -- Installing: /home/atharva/Learning_ROS2/ros2_ws/install/my_robot_interfaces/include/my_robot_interfaces/my_robot_interfaces/msg/detail
[16.198s] -- Installing: /home/atharva/Learning_ROS2/ros2_ws/install/my_robot_interfaces/include/my_robot_interfaces/my_robot_interfaces/msg/detail/hardware_status__type_support.h
[16.198s] -- Installing: /home/atharva/Learning_ROS2/ros2_ws/install/my_robot_interfaces/include/my_robot_interfaces/my_robot_interfaces/msg/detail/led_status__functions.c
[16.198s] -- Installing: /home/atharva/Learning_ROS2/ros2_ws/install/my_robot_interfaces/include/my_robot_interfaces/my_robot_interfaces/msg/detail/target_list__functions.c
[16.198s] -- Installing: /home/atharva/Learning_ROS2/ros2_ws/install/my_robot_interfaces/include/my_robot_interfaces/my_robot_interfaces/msg/detail/led_status__functions.h
[16.198s] -- Installing: /home/atharva/Learning_ROS2/ros2_ws/install/my_robot_interfaces/include/my_robot_interfaces/my_robot_interfaces/msg/detail/target_list__functions.h
[16.199s] -- Installing: /home/atharva/Learning_ROS2/ros2_ws/install/my_robot_interfaces/include/my_robot_interfaces/my_robot_interfaces/msg/detail/led_status__type_support.h
[16.199s] -- Installing: /home/atharva/Learning_ROS2/ros2_ws/install/my_robot_interfaces/include/my_robot_interfaces/my_robot_interfaces/msg/detail/hardware_status__functions.c
[16.199s] -- Installing: /home/atharva/Learning_ROS2/ros2_ws/install/my_robot_interfaces/include/my_robot_interfaces/my_robot_interfaces/msg/detail/led_status__struct.h
[16.199s] -- Installing: /home/atharva/Learning_ROS2/ros2_ws/install/my_robot_interfaces/include/my_robot_interfaces/my_robot_interfaces/msg/detail/hardware_status__struct.h
[16.200s] -- Installing: /home/atharva/Learning_ROS2/ros2_ws/install/my_robot_interfaces/include/my_robot_interfaces/my_robot_interfaces/msg/detail/target_list__struct.h
[16.200s] -- Installing: /home/atharva/Learning_ROS2/ros2_ws/install/my_robot_interfaces/include/my_robot_interfaces/my_robot_interfaces/msg/detail/hardware_status__functions.h
[16.200s] -- Installing: /home/atharva/Learning_ROS2/ros2_ws/install/my_robot_interfaces/include/my_robot_interfaces/my_robot_interfaces/msg/detail/target_list__type_support.h
[16.200s] -- Installing: /home/atharva/Learning_ROS2/ros2_ws/install/my_robot_interfaces/include/my_robot_interfaces/my_robot_interfaces/msg/rosidl_generator_c__visibility_control.h
[16.200s] -- Installing: /home/atharva/Learning_ROS2/ros2_ws/install/my_robot_interfaces/share/my_robot_interfaces/environment/library_path.sh
[16.200s] -- Installing: /home/atharva/Learning_ROS2/ros2_ws/install/my_robot_interfaces/share/my_robot_interfaces/environment/library_path.dsv
[16.201s] -- Installing: /home/atharva/Learning_ROS2/ros2_ws/install/my_robot_interfaces/lib/libmy_robot_interfaces__rosidl_generator_c.so
[16.201s] -- Set runtime path of "/home/atharva/Learning_ROS2/ros2_ws/install/my_robot_interfaces/lib/libmy_robot_interfaces__rosidl_generator_c.so" to ""
[16.201s] -- Up-to-date: /home/atharva/Learning_ROS2/ros2_ws/install/my_robot_interfaces/include/my_robot_interfaces/my_robot_interfaces
[16.201s] -- Up-to-date: /home/atharva/Learning_ROS2/ros2_ws/install/my_robot_interfaces/include/my_robot_interfaces/my_robot_interfaces/srv
[16.202s] -- Up-to-date: /home/atharva/Learning_ROS2/ros2_ws/install/my_robot_interfaces/include/my_robot_interfaces/my_robot_interfaces/srv/detail
[16.202s] -- Installing: /home/atharva/Learning_ROS2/ros2_ws/install/my_robot_interfaces/include/my_robot_interfaces/my_robot_interfaces/srv/detail/compute_rectangle_area__rosidl_typesupport_fastrtps_c.h
[16.202s] -- Installing: /home/atharva/Learning_ROS2/ros2_ws/install/my_robot_interfaces/include/my_robot_interfaces/my_robot_interfaces/srv/detail/control_turtle__rosidl_typesupport_fastrtps_c.h
[16.202s] -- Installing: /home/atharva/Learning_ROS2/ros2_ws/install/my_robot_interfaces/include/my_robot_interfaces/my_robot_interfaces/srv/detail/set_led__rosidl_typesupport_fastrtps_c.h
[16.203s] -- Up-to-date: /home/atharva/Learning_ROS2/ros2_ws/install/my_robot_interfaces/include/my_robot_interfaces/my_robot_interfaces/msg
[16.203s] -- Up-to-date: /home/atharva/Learning_ROS2/ros2_ws/install/my_robot_interfaces/include/my_robot_interfaces/my_robot_interfaces/msg/detail
[16.203s] -- Installing: /home/atharva/Learning_ROS2/ros2_ws/install/my_robot_interfaces/include/my_robot_interfaces/my_robot_interfaces/msg/detail/target_list__rosidl_typesupport_fastrtps_c.h
[16.203s] -- Installing: /home/atharva/Learning_ROS2/ros2_ws/install/my_robot_interfaces/include/my_robot_interfaces/my_robot_interfaces/msg/detail/led_status__rosidl_typesupport_fastrtps_c.h
[16.203s] -- Installing: /home/atharva/Learning_ROS2/ros2_ws/install/my_robot_interfaces/include/my_robot_interfaces/my_robot_interfaces/msg/detail/hardware_status__rosidl_typesupport_fastrtps_c.h
[16.203s] -- Installing: /home/atharva/Learning_ROS2/ros2_ws/install/my_robot_interfaces/include/my_robot_interfaces/my_robot_interfaces/msg/rosidl_typesupport_fastrtps_c__visibility_control.h
[16.204s] -- Installing: /home/atharva/Learning_ROS2/ros2_ws/install/my_robot_interfaces/lib/libmy_robot_interfaces__rosidl_typesupport_fastrtps_c.so
[16.204s] -- Set runtime path of "/home/atharva/Learning_ROS2/ros2_ws/install/my_robot_interfaces/lib/libmy_robot_interfaces__rosidl_typesupport_fastrtps_c.so" to ""
[16.204s] -- Up-to-date: /home/atharva/Learning_ROS2/ros2_ws/install/my_robot_interfaces/include/my_robot_interfaces/my_robot_interfaces
[16.204s] -- Up-to-date: /home/atharva/Learning_ROS2/ros2_ws/install/my_robot_interfaces/include/my_robot_interfaces/my_robot_interfaces/srv
[16.204s] -- Up-to-date: /home/atharva/Learning_ROS2/ros2_ws/install/my_robot_interfaces/include/my_robot_interfaces/my_robot_interfaces/srv/detail
[16.204s] -- Installing: /home/atharva/Learning_ROS2/ros2_ws/install/my_robot_interfaces/include/my_robot_interfaces/my_robot_interfaces/srv/detail/compute_rectangle_area__type_support.c
[16.205s] -- Installing: /home/atharva/Learning_ROS2/ros2_ws/install/my_robot_interfaces/include/my_robot_interfaces/my_robot_interfaces/srv/detail/control_turtle__rosidl_typesupport_introspection_c.h
[16.205s] -- Installing: /home/atharva/Learning_ROS2/ros2_ws/install/my_robot_interfaces/include/my_robot_interfaces/my_robot_interfaces/srv/detail/control_turtle__type_support.c
[16.205s] -- Installing: /home/atharva/Learning_ROS2/ros2_ws/install/my_robot_interfaces/include/my_robot_interfaces/my_robot_interfaces/srv/detail/set_led__type_support.c
[16.205s] -- Installing: /home/atharva/Learning_ROS2/ros2_ws/install/my_robot_interfaces/include/my_robot_interfaces/my_robot_interfaces/srv/detail/compute_rectangle_area__rosidl_typesupport_introspection_c.h
[16.205s] -- Installing: /home/atharva/Learning_ROS2/ros2_ws/install/my_robot_interfaces/include/my_robot_interfaces/my_robot_interfaces/srv/detail/set_led__rosidl_typesupport_introspection_c.h
[16.206s] -- Up-to-date: /home/atharva/Learning_ROS2/ros2_ws/install/my_robot_interfaces/include/my_robot_interfaces/my_robot_interfaces/msg
[16.206s] -- Installing: /home/atharva/Learning_ROS2/ros2_ws/install/my_robot_interfaces/include/my_robot_interfaces/my_robot_interfaces/msg/rosidl_typesupport_introspection_c__visibility_control.h
[16.206s] -- Up-to-date: /home/atharva/Learning_ROS2/ros2_ws/install/my_robot_interfaces/include/my_robot_interfaces/my_robot_interfaces/msg/detail
[16.206s] -- Installing: /home/atharva/Learning_ROS2/ros2_ws/install/my_robot_interfaces/include/my_robot_interfaces/my_robot_interfaces/msg/detail/target_list__type_support.c
[16.207s] -- Installing: /home/atharva/Learning_ROS2/ros2_ws/install/my_robot_interfaces/include/my_robot_interfaces/my_robot_interfaces/msg/detail/target_list__rosidl_typesupport_introspection_c.h
[16.207s] -- Installing: /home/atharva/Learning_ROS2/ros2_ws/install/my_robot_interfaces/include/my_robot_interfaces/my_robot_interfaces/msg/detail/led_status__rosidl_typesupport_introspection_c.h
[16.207s] -- Installing: /home/atharva/Learning_ROS2/ros2_ws/install/my_robot_interfaces/include/my_robot_interfaces/my_robot_interfaces/msg/detail/hardware_status__rosidl_typesupport_introspection_c.h
[16.207s] -- Installing: /home/atharva/Learning_ROS2/ros2_ws/install/my_robot_interfaces/include/my_robot_interfaces/my_robot_interfaces/msg/detail/led_status__type_support.c
[16.207s] -- Installing: /home/atharva/Learning_ROS2/ros2_ws/install/my_robot_interfaces/include/my_robot_interfaces/my_robot_interfaces/msg/detail/hardware_status__type_support.c
[16.208s] -- Installing: /home/atharva/Learning_ROS2/ros2_ws/install/my_robot_interfaces/lib/libmy_robot_interfaces__rosidl_typesupport_introspection_c.so
[16.208s] -- Set runtime path of "/home/atharva/Learning_ROS2/ros2_ws/install/my_robot_interfaces/lib/libmy_robot_interfaces__rosidl_typesupport_introspection_c.so" to ""
[16.208s] -- Installing: /home/atharva/Learning_ROS2/ros2_ws/install/my_robot_interfaces/lib/libmy_robot_interfaces__rosidl_typesupport_c.so
[16.208s] -- Set runtime path of "/home/atharva/Learning_ROS2/ros2_ws/install/my_robot_interfaces/lib/libmy_robot_interfaces__rosidl_typesupport_c.so" to ""
[16.208s] -- Up-to-date: /home/atharva/Learning_ROS2/ros2_ws/install/my_robot_interfaces/include/my_robot_interfaces/my_robot_interfaces
[16.209s] -- Up-to-date: /home/atharva/Learning_ROS2/ros2_ws/install/my_robot_interfaces/include/my_robot_interfaces/my_robot_interfaces/srv
[16.209s] -- Installing: /home/atharva/Learning_ROS2/ros2_ws/install/my_robot_interfaces/include/my_robot_interfaces/my_robot_interfaces/srv/compute_rectangle_area.hpp
[16.210s] -- Up-to-date: /home/atharva/Learning_ROS2/ros2_ws/install/my_robot_interfaces/include/my_robot_interfaces/my_robot_interfaces/srv/detail
[16.210s] -- Installing: /home/atharva/Learning_ROS2/ros2_ws/install/my_robot_interfaces/include/my_robot_interfaces/my_robot_interfaces/srv/detail/control_turtle__struct.hpp
[16.210s] -- Installing: /home/atharva/Learning_ROS2/ros2_ws/install/my_robot_interfaces/include/my_robot_interfaces/my_robot_interfaces/srv/detail/compute_rectangle_area__traits.hpp
[16.210s] -- Installing: /home/atharva/Learning_ROS2/ros2_ws/install/my_robot_interfaces/include/my_robot_interfaces/my_robot_interfaces/srv/detail/control_turtle__builder.hpp
[16.210s] -- Installing: /home/atharva/Learning_ROS2/ros2_ws/install/my_robot_interfaces/include/my_robot_interfaces/my_robot_interfaces/srv/detail/compute_rectangle_area__struct.hpp
[16.211s] -- Installing: /home/atharva/Learning_ROS2/ros2_ws/install/my_robot_interfaces/include/my_robot_interfaces/my_robot_interfaces/srv/detail/set_led__traits.hpp
[16.211s] -- Installing: /home/atharva/Learning_ROS2/ros2_ws/install/my_robot_interfaces/include/my_robot_interfaces/my_robot_interfaces/srv/detail/control_turtle__traits.hpp
[16.211s] -- Installing: /home/atharva/Learning_ROS2/ros2_ws/install/my_robot_interfaces/include/my_robot_interfaces/my_robot_interfaces/srv/detail/compute_rectangle_area__builder.hpp
[16.211s] -- Installing: /home/atharva/Learning_ROS2/ros2_ws/install/my_robot_interfaces/include/my_robot_interfaces/my_robot_interfaces/srv/detail/set_led__builder.hpp
[16.212s] -- Installing: /home/atharva/Learning_ROS2/ros2_ws/install/my_robot_interfaces/include/my_robot_interfaces/my_robot_interfaces/srv/detail/set_led__struct.hpp
[16.212s] -- Installing: /home/atharva/Learning_ROS2/ros2_ws/install/my_robot_interfaces/include/my_robot_interfaces/my_robot_interfaces/srv/control_turtle.hpp
[16.212s] -- Installing: /home/atharva/Learning_ROS2/ros2_ws/install/my_robot_interfaces/include/my_robot_interfaces/my_robot_interfaces/srv/set_led.hpp
[16.212s] -- Up-to-date: /home/atharva/Learning_ROS2/ros2_ws/install/my_robot_interfaces/include/my_robot_interfaces/my_robot_interfaces/msg
[16.212s] -- Installing: /home/atharva/Learning_ROS2/ros2_ws/install/my_robot_interfaces/include/my_robot_interfaces/my_robot_interfaces/msg/target_list.hpp
[16.212s] -- Installing: /home/atharva/Learning_ROS2/ros2_ws/install/my_robot_interfaces/include/my_robot_interfaces/my_robot_interfaces/msg/hardware_status.hpp
[16.213s] -- Installing: /home/atharva/Learning_ROS2/ros2_ws/install/my_robot_interfaces/include/my_robot_interfaces/my_robot_interfaces/msg/led_status.hpp
[16.213s] -- Up-to-date: /home/atharva/Learning_ROS2/ros2_ws/install/my_robot_interfaces/include/my_robot_interfaces/my_robot_interfaces/msg/detail
[16.213s] -- Installing: /home/atharva/Learning_ROS2/ros2_ws/install/my_robot_interfaces/include/my_robot_interfaces/my_robot_interfaces/msg/detail/led_status__builder.hpp
[16.213s] -- Installing: /home/atharva/Learning_ROS2/ros2_ws/install/my_robot_interfaces/include/my_robot_interfaces/my_robot_interfaces/msg/detail/hardware_status__traits.hpp
[16.214s] -- Installing: /home/atharva/Learning_ROS2/ros2_ws/install/my_robot_interfaces/include/my_robot_interfaces/my_robot_interfaces/msg/detail/target_list__struct.hpp
[16.214s] -- Installing: /home/atharva/Learning_ROS2/ros2_ws/install/my_robot_interfaces/include/my_robot_interfaces/my_robot_interfaces/msg/detail/target_list__traits.hpp
[16.214s] -- Installing: /home/atharva/Learning_ROS2/ros2_ws/install/my_robot_interfaces/include/my_robot_interfaces/my_robot_interfaces/msg/detail/led_status__traits.hpp
[16.214s] -- Installing: /home/atharva/Learning_ROS2/ros2_ws/install/my_robot_interfaces/include/my_robot_interfaces/my_robot_interfaces/msg/detail/target_list__builder.hpp
[16.214s] -- Installing: /home/atharva/Learning_ROS2/ros2_ws/install/my_robot_interfaces/include/my_robot_interfaces/my_robot_interfaces/msg/detail/hardware_status__struct.hpp
[16.215s] -- Installing: /home/atharva/Learning_ROS2/ros2_ws/install/my_robot_interfaces/include/my_robot_interfaces/my_robot_interfaces/msg/detail/hardware_status__builder.hpp
[16.215s] -- Installing: /home/atharva/Learning_ROS2/ros2_ws/install/my_robot_interfaces/include/my_robot_interfaces/my_robot_interfaces/msg/detail/led_status__struct.hpp
[16.215s] -- Up-to-date: /home/atharva/Learning_ROS2/ros2_ws/install/my_robot_interfaces/include/my_robot_interfaces/my_robot_interfaces
[16.215s] -- Up-to-date: /home/atharva/Learning_ROS2/ros2_ws/install/my_robot_interfaces/include/my_robot_interfaces/my_robot_interfaces/srv
[16.215s] -- Up-to-date: /home/atharva/Learning_ROS2/ros2_ws/install/my_robot_interfaces/include/my_robot_interfaces/my_robot_interfaces/srv/detail
[16.216s] -- Installing: /home/atharva/Learning_ROS2/ros2_ws/install/my_robot_interfaces/include/my_robot_interfaces/my_robot_interfaces/srv/detail/dds_fastrtps
[16.216s] -- Installing: /home/atharva/Learning_ROS2/ros2_ws/install/my_robot_interfaces/include/my_robot_interfaces/my_robot_interfaces/srv/detail/compute_rectangle_area__rosidl_typesupport_fastrtps_cpp.hpp
[16.216s] -- Installing: /home/atharva/Learning_ROS2/ros2_ws/install/my_robot_interfaces/include/my_robot_interfaces/my_robot_interfaces/srv/detail/control_turtle__rosidl_typesupport_fastrtps_cpp.hpp
[16.216s] -- Installing: /home/atharva/Learning_ROS2/ros2_ws/install/my_robot_interfaces/include/my_robot_interfaces/my_robot_interfaces/srv/detail/set_led__rosidl_typesupport_fastrtps_cpp.hpp
[16.216s] -- Up-to-date: /home/atharva/Learning_ROS2/ros2_ws/install/my_robot_interfaces/include/my_robot_interfaces/my_robot_interfaces/msg
[16.216s] -- Installing: /home/atharva/Learning_ROS2/ros2_ws/install/my_robot_interfaces/include/my_robot_interfaces/my_robot_interfaces/msg/rosidl_typesupport_fastrtps_cpp__visibility_control.h
[16.217s] -- Up-to-date: /home/atharva/Learning_ROS2/ros2_ws/install/my_robot_interfaces/include/my_robot_interfaces/my_robot_interfaces/msg/detail
[16.217s] -- Installing: /home/atharva/Learning_ROS2/ros2_ws/install/my_robot_interfaces/include/my_robot_interfaces/my_robot_interfaces/msg/detail/target_list__rosidl_typesupport_fastrtps_cpp.hpp
[16.217s] -- Installing: /home/atharva/Learning_ROS2/ros2_ws/install/my_robot_interfaces/include/my_robot_interfaces/my_robot_interfaces/msg/detail/dds_fastrtps
[16.217s] -- Installing: /home/atharva/Learning_ROS2/ros2_ws/install/my_robot_interfaces/include/my_robot_interfaces/my_robot_interfaces/msg/detail/led_status__rosidl_typesupport_fastrtps_cpp.hpp
[16.217s] -- Installing: /home/atharva/Learning_ROS2/ros2_ws/install/my_robot_interfaces/include/my_robot_interfaces/my_robot_interfaces/msg/detail/hardware_status__rosidl_typesupport_fastrtps_cpp.hpp
[16.217s] -- Installing: /home/atharva/Learning_ROS2/ros2_ws/install/my_robot_interfaces/lib/libmy_robot_interfaces__rosidl_typesupport_fastrtps_cpp.so
[16.218s] -- Set runtime path of "/home/atharva/Learning_ROS2/ros2_ws/install/my_robot_interfaces/lib/libmy_robot_interfaces__rosidl_typesupport_fastrtps_cpp.so" to ""
[16.218s] -- Up-to-date: /home/atharva/Learning_ROS2/ros2_ws/install/my_robot_interfaces/include/my_robot_interfaces/my_robot_interfaces
[16.218s] -- Up-to-date: /home/atharva/Learning_ROS2/ros2_ws/install/my_robot_interfaces/include/my_robot_interfaces/my_robot_interfaces/srv
[16.218s] -- Up-to-date: /home/atharva/Learning_ROS2/ros2_ws/install/my_robot_interfaces/include/my_robot_interfaces/my_robot_interfaces/srv/detail
[16.219s] -- Installing: /home/atharva/Learning_ROS2/ros2_ws/install/my_robot_interfaces/include/my_robot_interfaces/my_robot_interfaces/srv/detail/compute_rectangle_area__rosidl_typesupport_introspection_cpp.hpp
[16.219s] -- Installing: /home/atharva/Learning_ROS2/ros2_ws/install/my_robot_interfaces/include/my_robot_interfaces/my_robot_interfaces/srv/detail/control_turtle__rosidl_typesupport_introspection_cpp.hpp
[16.219s] -- Installing: /home/atharva/Learning_ROS2/ros2_ws/install/my_robot_interfaces/include/my_robot_interfaces/my_robot_interfaces/srv/detail/compute_rectangle_area__type_support.cpp
[16.219s] -- Installing: /home/atharva/Learning_ROS2/ros2_ws/install/my_robot_interfaces/include/my_robot_interfaces/my_robot_interfaces/srv/detail/set_led__type_support.cpp
[16.219s] -- Installing: /home/atharva/Learning_ROS2/ros2_ws/install/my_robot_interfaces/include/my_robot_interfaces/my_robot_interfaces/srv/detail/control_turtle__type_support.cpp
[16.220s] -- Installing: /home/atharva/Learning_ROS2/ros2_ws/install/my_robot_interfaces/include/my_robot_interfaces/my_robot_interfaces/srv/detail/set_led__rosidl_typesupport_introspection_cpp.hpp
[16.220s] -- Up-to-date: /home/atharva/Learning_ROS2/ros2_ws/install/my_robot_interfaces/include/my_robot_interfaces/my_robot_interfaces/msg
[16.220s] -- Up-to-date: /home/atharva/Learning_ROS2/ros2_ws/install/my_robot_interfaces/include/my_robot_interfaces/my_robot_interfaces/msg/detail
[16.220s] -- Installing: /home/atharva/Learning_ROS2/ros2_ws/install/my_robot_interfaces/include/my_robot_interfaces/my_robot_interfaces/msg/detail/target_list__type_support.cpp
[16.221s] -- Installing: /home/atharva/Learning_ROS2/ros2_ws/install/my_robot_interfaces/include/my_robot_interfaces/my_robot_interfaces/msg/detail/hardware_status__type_support.cpp
[16.221s] -- Installing: /home/atharva/Learning_ROS2/ros2_ws/install/my_robot_interfaces/include/my_robot_interfaces/my_robot_interfaces/msg/detail/led_status__type_support.cpp
[16.221s] -- Installing: /home/atharva/Learning_ROS2/ros2_ws/install/my_robot_interfaces/include/my_robot_interfaces/my_robot_interfaces/msg/detail/led_status__rosidl_typesupport_introspection_cpp.hpp
[16.221s] -- Installing: /home/atharva/Learning_ROS2/ros2_ws/install/my_robot_interfaces/include/my_robot_interfaces/my_robot_interfaces/msg/detail/target_list__rosidl_typesupport_introspection_cpp.hpp
[16.222s] -- Installing: /home/atharva/Learning_ROS2/ros2_ws/install/my_robot_interfaces/include/my_robot_interfaces/my_robot_interfaces/msg/detail/hardware_status__rosidl_typesupport_introspection_cpp.hpp
[16.222s] -- Installing: /home/atharva/Learning_ROS2/ros2_ws/install/my_robot_interfaces/lib/libmy_robot_interfaces__rosidl_typesupport_introspection_cpp.so
[16.222s] -- Set runtime path of "/home/atharva/Learning_ROS2/ros2_ws/install/my_robot_interfaces/lib/libmy_robot_interfaces__rosidl_typesupport_introspection_cpp.so" to ""
[16.222s] -- Installing: /home/atharva/Learning_ROS2/ros2_ws/install/my_robot_interfaces/lib/libmy_robot_interfaces__rosidl_typesupport_cpp.so
[16.222s] -- Set runtime path of "/home/atharva/Learning_ROS2/ros2_ws/install/my_robot_interfaces/lib/libmy_robot_interfaces__rosidl_typesupport_cpp.so" to ""
[16.223s] -- Installing: /home/atharva/Learning_ROS2/ros2_ws/install/my_robot_interfaces/share/my_robot_interfaces/environment/pythonpath.sh
[16.223s] -- Installing: /home/atharva/Learning_ROS2/ros2_ws/install/my_robot_interfaces/share/my_robot_interfaces/environment/pythonpath.dsv
[16.223s] -- Installing: /home/atharva/Learning_ROS2/ros2_ws/install/my_robot_interfaces/local/lib/python3.10/dist-packages/my_robot_interfaces-0.0.0-py3.10.egg-info
[16.223s] -- Installing: /home/atharva/Learning_ROS2/ros2_ws/install/my_robot_interfaces/local/lib/python3.10/dist-packages/my_robot_interfaces-0.0.0-py3.10.egg-info/SOURCES.txt
[16.223s] -- Installing: /home/atharva/Learning_ROS2/ros2_ws/install/my_robot_interfaces/local/lib/python3.10/dist-packages/my_robot_interfaces-0.0.0-py3.10.egg-info/dependency_links.txt
[16.224s] -- Installing: /home/atharva/Learning_ROS2/ros2_ws/install/my_robot_interfaces/local/lib/python3.10/dist-packages/my_robot_interfaces-0.0.0-py3.10.egg-info/top_level.txt
[16.224s] -- Installing: /home/atharva/Learning_ROS2/ros2_ws/install/my_robot_interfaces/local/lib/python3.10/dist-packages/my_robot_interfaces-0.0.0-py3.10.egg-info/PKG-INFO
[16.224s] -- Installing: /home/atharva/Learning_ROS2/ros2_ws/install/my_robot_interfaces/local/lib/python3.10/dist-packages/my_robot_interfaces
[16.224s] -- Installing: /home/atharva/Learning_ROS2/ros2_ws/install/my_robot_interfaces/local/lib/python3.10/dist-packages/my_robot_interfaces/my_robot_interfaces_s__rosidl_typesupport_fastrtps_c.cpython-310-x86_64-linux-gnu.so
[16.224s] -- Installing: /home/atharva/Learning_ROS2/ros2_ws/install/my_robot_interfaces/local/lib/python3.10/dist-packages/my_robot_interfaces/__init__.py
[16.224s] -- Installing: /home/atharva/Learning_ROS2/ros2_ws/install/my_robot_interfaces/local/lib/python3.10/dist-packages/my_robot_interfaces/my_robot_interfaces_s__rosidl_typesupport_c.cpython-310-x86_64-linux-gnu.so
[16.224s] -- Installing: /home/atharva/Learning_ROS2/ros2_ws/install/my_robot_interfaces/local/lib/python3.10/dist-packages/my_robot_interfaces/libmy_robot_interfaces__rosidl_generator_py.so
[16.225s] -- Installing: /home/atharva/Learning_ROS2/ros2_ws/install/my_robot_interfaces/local/lib/python3.10/dist-packages/my_robot_interfaces/srv
[16.225s] -- Installing: /home/atharva/Learning_ROS2/ros2_ws/install/my_robot_interfaces/local/lib/python3.10/dist-packages/my_robot_interfaces/srv/_set_led_s.c
[16.225s] -- Installing: /home/atharva/Learning_ROS2/ros2_ws/install/my_robot_interfaces/local/lib/python3.10/dist-packages/my_robot_interfaces/srv/__init__.py
[16.225s] -- Installing: /home/atharva/Learning_ROS2/ros2_ws/install/my_robot_interfaces/local/lib/python3.10/dist-packages/my_robot_interfaces/srv/_set_led.py
[16.225s] -- Installing: /home/atharva/Learning_ROS2/ros2_ws/install/my_robot_interfaces/local/lib/python3.10/dist-packages/my_robot_interfaces/srv/_control_turtle.py
[16.225s] -- Installing: /home/atharva/Learning_ROS2/ros2_ws/install/my_robot_interfaces/local/lib/python3.10/dist-packages/my_robot_interfaces/srv/_compute_rectangle_area_s.c
[16.226s] -- Installing: /home/atharva/Learning_ROS2/ros2_ws/install/my_robot_interfaces/local/lib/python3.10/dist-packages/my_robot_interfaces/srv/_compute_rectangle_area.py
[16.226s] -- Installing: /home/atharva/Learning_ROS2/ros2_ws/install/my_robot_interfaces/local/lib/python3.10/dist-packages/my_robot_interfaces/srv/_control_turtle_s.c
[16.226s] -- Installing: /home/atharva/Learning_ROS2/ros2_ws/install/my_robot_interfaces/local/lib/python3.10/dist-packages/my_robot_interfaces/msg
[16.226s] -- Installing: /home/atharva/Learning_ROS2/ros2_ws/install/my_robot_interfaces/local/lib/python3.10/dist-packages/my_robot_interfaces/msg/_target_list_s.c
[16.226s] -- Installing: /home/atharva/Learning_ROS2/ros2_ws/install/my_robot_interfaces/local/lib/python3.10/dist-packages/my_robot_interfaces/msg/__init__.py
[16.226s] -- Installing: /home/atharva/Learning_ROS2/ros2_ws/install/my_robot_interfaces/local/lib/python3.10/dist-packages/my_robot_interfaces/msg/_led_status_s.c
[16.226s] -- Installing: /home/atharva/Learning_ROS2/ros2_ws/install/my_robot_interfaces/local/lib/python3.10/dist-packages/my_robot_interfaces/msg/_hardware_status.py
[16.227s] -- Installing: /home/atharva/Learning_ROS2/ros2_ws/install/my_robot_interfaces/local/lib/python3.10/dist-packages/my_robot_interfaces/msg/_hardware_status_s.c
[16.227s] -- Installing: /home/atharva/Learning_ROS2/ros2_ws/install/my_robot_interfaces/local/lib/python3.10/dist-packages/my_robot_interfaces/msg/_led_status.py
[16.227s] -- Installing: /home/atharva/Learning_ROS2/ros2_ws/install/my_robot_interfaces/local/lib/python3.10/dist-packages/my_robot_interfaces/msg/_target_list.py
[16.227s] -- Installing: /home/atharva/Learning_ROS2/ros2_ws/install/my_robot_interfaces/local/lib/python3.10/dist-packages/my_robot_interfaces/my_robot_interfaces_s__rosidl_typesupport_introspection_c.cpython-310-x86_64-linux-gnu.so
[16.227s] -- Installing: /home/atharva/Learning_ROS2/ros2_ws/install/my_robot_interfaces/local/lib/python3.10/dist-packages/my_robot_interfaces/_my_robot_interfaces_s.ep.rosidl_typesupport_fastrtps_c.c
[16.227s] -- Installing: /home/atharva/Learning_ROS2/ros2_ws/install/my_robot_interfaces/local/lib/python3.10/dist-packages/my_robot_interfaces/_my_robot_interfaces_s.ep.rosidl_typesupport_introspection_c.c
[16.227s] -- Installing: /home/atharva/Learning_ROS2/ros2_ws/install/my_robot_interfaces/local/lib/python3.10/dist-packages/my_robot_interfaces/_my_robot_interfaces_s.ep.rosidl_typesupport_c.c
[16.306s] Listing '/home/atharva/Learning_ROS2/ros2_ws/install/my_robot_interfaces/local/lib/python3.10/dist-packages/my_robot_interfaces'...
[16.307s] Compiling '/home/atharva/Learning_ROS2/ros2_ws/install/my_robot_interfaces/local/lib/python3.10/dist-packages/my_robot_interfaces/__init__.py'...
[16.307s] Listing '/home/atharva/Learning_ROS2/ros2_ws/install/my_robot_interfaces/local/lib/python3.10/dist-packages/my_robot_interfaces/msg'...
[16.307s] Compiling '/home/atharva/Learning_ROS2/ros2_ws/install/my_robot_interfaces/local/lib/python3.10/dist-packages/my_robot_interfaces/msg/__init__.py'...
[16.307s] Compiling '/home/atharva/Learning_ROS2/ros2_ws/install/my_robot_interfaces/local/lib/python3.10/dist-packages/my_robot_interfaces/msg/_hardware_status.py'...
[16.307s] Compiling '/home/atharva/Learning_ROS2/ros2_ws/install/my_robot_interfaces/local/lib/python3.10/dist-packages/my_robot_interfaces/msg/_led_status.py'...
[16.307s] Compiling '/home/atharva/Learning_ROS2/ros2_ws/install/my_robot_interfaces/local/lib/python3.10/dist-packages/my_robot_interfaces/msg/_target_list.py'...
[16.307s] Listing '/home/atharva/Learning_ROS2/ros2_ws/install/my_robot_interfaces/local/lib/python3.10/dist-packages/my_robot_interfaces/srv'...
[16.308s] Compiling '/home/atharva/Learning_ROS2/ros2_ws/install/my_robot_interfaces/local/lib/python3.10/dist-packages/my_robot_interfaces/srv/__init__.py'...
[16.308s] Compiling '/home/atharva/Learning_ROS2/ros2_ws/install/my_robot_interfaces/local/lib/python3.10/dist-packages/my_robot_interfaces/srv/_compute_rectangle_area.py'...
[16.309s] Compiling '/home/atharva/Learning_ROS2/ros2_ws/install/my_robot_interfaces/local/lib/python3.10/dist-packages/my_robot_interfaces/srv/_control_turtle.py'...
[16.310s] Compiling '/home/atharva/Learning_ROS2/ros2_ws/install/my_robot_interfaces/local/lib/python3.10/dist-packages/my_robot_interfaces/srv/_set_led.py'...
[16.316s] -- Installing: /home/atharva/Learning_ROS2/ros2_ws/install/my_robot_interfaces/local/lib/python3.10/dist-packages/my_robot_interfaces/my_robot_interfaces_s__rosidl_typesupport_fastrtps_c.cpython-310-x86_64-linux-gnu.so
[16.317s] -- Set runtime path of "/home/atharva/Learning_ROS2/ros2_ws/install/my_robot_interfaces/local/lib/python3.10/dist-packages/my_robot_interfaces/my_robot_interfaces_s__rosidl_typesupport_fastrtps_c.cpython-310-x86_64-linux-gnu.so" to ""
[16.318s] -- Installing: /home/atharva/Learning_ROS2/ros2_ws/install/my_robot_interfaces/local/lib/python3.10/dist-packages/my_robot_interfaces/my_robot_interfaces_s__rosidl_typesupport_introspection_c.cpython-310-x86_64-linux-gnu.so
[16.318s] -- Set runtime path of "/home/atharva/Learning_ROS2/ros2_ws/install/my_robot_interfaces/local/lib/python3.10/dist-packages/my_robot_interfaces/my_robot_interfaces_s__rosidl_typesupport_introspection_c.cpython-310-x86_64-linux-gnu.so" to ""
[16.319s] -- Installing: /home/atharva/Learning_ROS2/ros2_ws/install/my_robot_interfaces/local/lib/python3.10/dist-packages/my_robot_interfaces/my_robot_interfaces_s__rosidl_typesupport_c.cpython-310-x86_64-linux-gnu.so
[16.319s] -- Set runtime path of "/home/atharva/Learning_ROS2/ros2_ws/install/my_robot_interfaces/local/lib/python3.10/dist-packages/my_robot_interfaces/my_robot_interfaces_s__rosidl_typesupport_c.cpython-310-x86_64-linux-gnu.so" to ""
[16.319s] -- Installing: /home/atharva/Learning_ROS2/ros2_ws/install/my_robot_interfaces/lib/libmy_robot_interfaces__rosidl_generator_py.so
[16.320s] -- Set runtime path of "/home/atharva/Learning_ROS2/ros2_ws/install/my_robot_interfaces/lib/libmy_robot_interfaces__rosidl_generator_py.so" to ""
[16.320s] -- Installing: /home/atharva/Learning_ROS2/ros2_ws/install/my_robot_interfaces/share/my_robot_interfaces/msg/HardwareStatus.idl
[16.321s] -- Installing: /home/atharva/Learning_ROS2/ros2_ws/install/my_robot_interfaces/share/my_robot_interfaces/srv/ComputeRectangleArea.idl
[16.321s] -- Installing: /home/atharva/Learning_ROS2/ros2_ws/install/my_robot_interfaces/share/my_robot_interfaces/srv/SetLed.idl
[16.321s] -- Installing: /home/atharva/Learning_ROS2/ros2_ws/install/my_robot_interfaces/share/my_robot_interfaces/msg/LedStatus.idl
[16.322s] -- Installing: /home/atharva/Learning_ROS2/ros2_ws/install/my_robot_interfaces/share/my_robot_interfaces/msg/TargetList.idl
[16.322s] -- Installing: /home/atharva/Learning_ROS2/ros2_ws/install/my_robot_interfaces/share/my_robot_interfaces/srv/ControlTurtle.idl
[16.322s] -- Installing: /home/atharva/Learning_ROS2/ros2_ws/install/my_robot_interfaces/share/my_robot_interfaces/msg/HardwareStatus.msg
[16.322s] -- Installing: /home/atharva/Learning_ROS2/ros2_ws/install/my_robot_interfaces/share/my_robot_interfaces/srv/ComputeRectangleArea.srv
[16.323s] -- Installing: /home/atharva/Learning_ROS2/ros2_ws/install/my_robot_interfaces/share/my_robot_interfaces/srv/ComputeRectangleArea_Request.msg
[16.323s] -- Installing: /home/atharva/Learning_ROS2/ros2_ws/install/my_robot_interfaces/share/my_robot_interfaces/srv/ComputeRectangleArea_Response.msg
[16.323s] -- Installing: /home/atharva/Learning_ROS2/ros2_ws/install/my_robot_interfaces/share/my_robot_interfaces/srv/SetLed.srv
[16.324s] -- Installing: /home/atharva/Learning_ROS2/ros2_ws/install/my_robot_interfaces/share/my_robot_interfaces/srv/SetLed_Request.msg
[16.324s] -- Installing: /home/atharva/Learning_ROS2/ros2_ws/install/my_robot_interfaces/share/my_robot_interfaces/srv/SetLed_Response.msg
[16.324s] -- Installing: /home/atharva/Learning_ROS2/ros2_ws/install/my_robot_interfaces/share/my_robot_interfaces/msg/LedStatus.msg
[16.324s] -- Installing: /home/atharva/Learning_ROS2/ros2_ws/install/my_robot_interfaces/share/my_robot_interfaces/msg/TargetList.msg
[16.325s] -- Installing: /home/atharva/Learning_ROS2/ros2_ws/install/my_robot_interfaces/share/my_robot_interfaces/srv/ControlTurtle.srv
[16.325s] -- Installing: /home/atharva/Learning_ROS2/ros2_ws/install/my_robot_interfaces/share/my_robot_interfaces/srv/ControlTurtle_Request.msg
[16.325s] -- Installing: /home/atharva/Learning_ROS2/ros2_ws/install/my_robot_interfaces/share/my_robot_interfaces/srv/ControlTurtle_Response.msg
[16.326s] -- Installing: /home/atharva/Learning_ROS2/ros2_ws/install/my_robot_interfaces/share/ament_index/resource_index/package_run_dependencies/my_robot_interfaces
[16.326s] -- Installing: /home/atharva/Learning_ROS2/ros2_ws/install/my_robot_interfaces/share/ament_index/resource_index/parent_prefix_path/my_robot_interfaces
[16.326s] -- Installing: /home/atharva/Learning_ROS2/ros2_ws/install/my_robot_interfaces/share/my_robot_interfaces/environment/ament_prefix_path.sh
[16.326s] -- Installing: /home/atharva/Learning_ROS2/ros2_ws/install/my_robot_interfaces/share/my_robot_interfaces/environment/ament_prefix_path.dsv
[16.327s] -- Installing: /home/atharva/Learning_ROS2/ros2_ws/install/my_robot_interfaces/share/my_robot_interfaces/environment/path.sh
[16.327s] -- Installing: /home/atharva/Learning_ROS2/ros2_ws/install/my_robot_interfaces/share/my_robot_interfaces/environment/path.dsv
[16.327s] -- Installing: /home/atharva/Learning_ROS2/ros2_ws/install/my_robot_interfaces/share/my_robot_interfaces/local_setup.bash
[16.328s] -- Installing: /home/atharva/Learning_ROS2/ros2_ws/install/my_robot_interfaces/share/my_robot_interfaces/local_setup.sh
[16.328s] -- Installing: /home/atharva/Learning_ROS2/ros2_ws/install/my_robot_interfaces/share/my_robot_interfaces/local_setup.zsh
[16.328s] -- Installing: /home/atharva/Learning_ROS2/ros2_ws/install/my_robot_interfaces/share/my_robot_interfaces/local_setup.dsv
[16.328s] -- Installing: /home/atharva/Learning_ROS2/ros2_ws/install/my_robot_interfaces/share/my_robot_interfaces/package.dsv
[16.329s] -- Installing: /home/atharva/Learning_ROS2/ros2_ws/install/my_robot_interfaces/share/ament_index/resource_index/packages/my_robot_interfaces
[16.329s] -- Installing: /home/atharva/Learning_ROS2/ros2_ws/install/my_robot_interfaces/share/my_robot_interfaces/cmake/export_my_robot_interfaces__rosidl_generator_cExport.cmake
[16.330s] -- Installing: /home/atharva/Learning_ROS2/ros2_ws/install/my_robot_interfaces/share/my_robot_interfaces/cmake/export_my_robot_interfaces__rosidl_generator_cExport-noconfig.cmake
[16.330s] -- Installing: /home/atharva/Learning_ROS2/ros2_ws/install/my_robot_interfaces/share/my_robot_interfaces/cmake/export_my_robot_interfaces__rosidl_typesupport_fastrtps_cExport.cmake
[16.330s] -- Installing: /home/atharva/Learning_ROS2/ros2_ws/install/my_robot_interfaces/share/my_robot_interfaces/cmake/export_my_robot_interfaces__rosidl_typesupport_fastrtps_cExport-noconfig.cmake
[16.330s] -- Installing: /home/atharva/Learning_ROS2/ros2_ws/install/my_robot_interfaces/share/my_robot_interfaces/cmake/my_robot_interfaces__rosidl_typesupport_introspection_cExport.cmake
[16.331s] -- Installing: /home/atharva/Learning_ROS2/ros2_ws/install/my_robot_interfaces/share/my_robot_interfaces/cmake/my_robot_interfaces__rosidl_typesupport_introspection_cExport-noconfig.cmake
[16.331s] -- Installing: /home/atharva/Learning_ROS2/ros2_ws/install/my_robot_interfaces/share/my_robot_interfaces/cmake/my_robot_interfaces__rosidl_typesupport_cExport.cmake
[16.331s] -- Installing: /home/atharva/Learning_ROS2/ros2_ws/install/my_robot_interfaces/share/my_robot_interfaces/cmake/my_robot_interfaces__rosidl_typesupport_cExport-noconfig.cmake
[16.332s] -- Installing: /home/atharva/Learning_ROS2/ros2_ws/install/my_robot_interfaces/share/my_robot_interfaces/cmake/export_my_robot_interfaces__rosidl_generator_cppExport.cmake
[16.332s] -- Installing: /home/atharva/Learning_ROS2/ros2_ws/install/my_robot_interfaces/share/my_robot_interfaces/cmake/export_my_robot_interfaces__rosidl_typesupport_fastrtps_cppExport.cmake
[16.332s] -- Installing: /home/atharva/Learning_ROS2/ros2_ws/install/my_robot_interfaces/share/my_robot_interfaces/cmake/export_my_robot_interfaces__rosidl_typesupport_fastrtps_cppExport-noconfig.cmake
[16.333s] -- Installing: /home/atharva/Learning_ROS2/ros2_ws/install/my_robot_interfaces/share/my_robot_interfaces/cmake/my_robot_interfaces__rosidl_typesupport_introspection_cppExport.cmake
[16.333s] -- Installing: /home/atharva/Learning_ROS2/ros2_ws/install/my_robot_interfaces/share/my_robot_interfaces/cmake/my_robot_interfaces__rosidl_typesupport_introspection_cppExport-noconfig.cmake
[16.333s] -- Installing: /home/atharva/Learning_ROS2/ros2_ws/install/my_robot_interfaces/share/my_robot_interfaces/cmake/my_robot_interfaces__rosidl_typesupport_cppExport.cmake
[16.334s] -- Installing: /home/atharva/Learning_ROS2/ros2_ws/install/my_robot_interfaces/share/my_robot_interfaces/cmake/my_robot_interfaces__rosidl_typesupport_cppExport-noconfig.cmake
[16.334s] -- Installing: /home/atharva/Learning_ROS2/ros2_ws/install/my_robot_interfaces/share/my_robot_interfaces/cmake/export_my_robot_interfaces__rosidl_generator_pyExport.cmake
[16.334s] -- Installing: /home/atharva/Learning_ROS2/ros2_ws/install/my_robot_interfaces/share/my_robot_interfaces/cmake/export_my_robot_interfaces__rosidl_generator_pyExport-noconfig.cmake
[16.334s] -- Installing: /home/atharva/Learning_ROS2/ros2_ws/install/my_robot_interfaces/share/my_robot_interfaces/cmake/rosidl_cmake-extras.cmake
[16.335s] -- Installing: /home/atharva/Learning_ROS2/ros2_ws/install/my_robot_interfaces/share/my_robot_interfaces/cmake/ament_cmake_export_include_directories-extras.cmake
[16.335s] -- Installing: /home/atharva/Learning_ROS2/ros2_ws/install/my_robot_interfaces/share/my_robot_interfaces/cmake/ament_cmake_export_libraries-extras.cmake
[16.335s] -- Installing: /home/atharva/Learning_ROS2/ros2_ws/install/my_robot_interfaces/share/my_robot_interfaces/cmake/ament_cmake_export_targets-extras.cmake
[16.336s] -- Installing: /home/atharva/Learning_ROS2/ros2_ws/install/my_robot_interfaces/share/my_robot_interfaces/cmake/rosidl_cmake_export_typesupport_targets-extras.cmake
[16.336s] -- Installing: /home/atharva/Learning_ROS2/ros2_ws/install/my_robot_interfaces/share/my_robot_interfaces/cmake/ament_cmake_export_dependencies-extras.cmake
[16.336s] -- Installing: /home/atharva/Learning_ROS2/ros2_ws/install/my_robot_interfaces/share/my_robot_interfaces/cmake/rosidl_cmake_export_typesupport_libraries-extras.cmake
[16.337s] -- Installing: /home/atharva/Learning_ROS2/ros2_ws/install/my_robot_interfaces/share/my_robot_interfaces/cmake/my_robot_interfacesConfig.cmake
[16.337s] -- Installing: /home/atharva/Learning_ROS2/ros2_ws/install/my_robot_interfaces/share/my_robot_interfaces/cmake/my_robot_interfacesConfig-version.cmake
[16.337s] -- Installing: /home/atharva/Learning_ROS2/ros2_ws/install/my_robot_interfaces/share/my_robot_interfaces/package.xml
[16.342s] Invoked command in '/home/atharva/Learning_ROS2/ros2_ws/build/my_robot_interfaces' returned '0': CMAKE_PREFIX_PATH=/home/atharva/ros2_ws/install/turtlesim_catch_em_all:/home/atharva/ros2_ws/install/radio_station_bringup:/home/atharva/ros2_ws/install/my_robot_bringup:/home/atharva/ros2_ws/install/my_py_pkg:/home/atharva/ros2_ws/install/my_robot_interfaces:/home/atharva/ros2_ws/install/my_robot_description:/opt/ros/humble /usr/bin/cmake --install /home/atharva/Learning_ROS2/ros2_ws/build/my_robot_interfaces
