[0.214s] Invoking command in '/home/atharva/Learning_ROS2/ros2_ws/build/my_robot_bringup': AMENT_PREFIX_PATH=/home/atharva/Learning_ROS2/ros2_ws/install/my_py_pkg:/home/atharva/Learning_ROS2/ros2_ws/install/my_robot_interfaces:${AMENT_PREFIX_PATH} CMAKE_PREFIX_PATH=/home/atharva/Learning_ROS2/ros2_ws/install/my_robot_interfaces:/home/atharva/Learning_ROS2/ros2_ws/install/my_robot_gazebo_bringup:/home/atharva/Learning_ROS2/ros2_ws/install/my_robot_description:/home/atharva/ros2_ws/install/my_robot_gazebo_bringup:/home/atharva/ros2_ws/install/my_robot_description:/opt/ros/humble LD_LIBRARY_PATH=/home/atharva/Learning_ROS2/ros2_ws/install/my_robot_interfaces/lib:${LD_LIBRARY_PATH} PYTHONPATH=/home/atharva/Learning_ROS2/ros2_ws/install/my_py_pkg/lib/python3.10/site-packages:/home/atharva/Learning_ROS2/ros2_ws/install/my_robot_interfaces/local/lib/python3.10/dist-packages:${PYTHONPATH} /usr/bin/cmake /home/atharva/Learning_ROS2/ros2_ws/src/my_robot_bringup -DCMAKE_INSTALL_PREFIX=/home/atharva/Learning_ROS2/ros2_ws/install/my_robot_bringup
[0.284s] -- The C compiler identification is GNU 11.4.0
[0.352s] -- The CXX compiler identification is GNU 11.4.0
[0.360s] -- Detecting C compiler ABI info
[0.438s] -- Detecting C compiler ABI info - done
[0.449s] -- Check for working C compiler: /usr/bin/cc - skipped
[0.449s] -- Detecting C compile features
[0.450s] -- Detecting C compile features - done
[0.454s] -- Detecting CXX compiler ABI info
[0.547s] -- Detecting CXX compiler ABI info - done
[0.564s] -- Check for working CXX compiler: /usr/bin/c++ - skipped
[0.565s] -- Detecting CXX compile features
[0.566s] -- Detecting CXX compile features - done
[0.571s] -- Found ament_cmake: 1.3.5 (/opt/ros/humble/share/ament_cmake/cmake)
[0.786s] -- Found Python3: /usr/bin/python3.10 (found version "3.10.12") found components: Interpreter 
[0.973s] -- Configuring done
[0.976s] -- Generating done
[0.977s] -- Build files have been written to: /home/atharva/Learning_ROS2/ros2_ws/build/my_robot_bringup
[0.985s] Invoked command in '/home/atharva/Learning_ROS2/ros2_ws/build/my_robot_bringup' returned '0': AMENT_PREFIX_PATH=/home/atharva/Learning_ROS2/ros2_ws/install/my_py_pkg:/home/atharva/Learning_ROS2/ros2_ws/install/my_robot_interfaces:${AMENT_PREFIX_PATH} CMAKE_PREFIX_PATH=/home/atharva/Learning_ROS2/ros2_ws/install/my_robot_interfaces:/home/atharva/Learning_ROS2/ros2_ws/install/my_robot_gazebo_bringup:/home/atharva/Learning_ROS2/ros2_ws/install/my_robot_description:/home/atharva/ros2_ws/install/my_robot_gazebo_bringup:/home/atharva/ros2_ws/install/my_robot_description:/opt/ros/humble LD_LIBRARY_PATH=/home/atharva/Learning_ROS2/ros2_ws/install/my_robot_interfaces/lib:${LD_LIBRARY_PATH} PYTHONPATH=/home/atharva/Learning_ROS2/ros2_ws/install/my_py_pkg/lib/python3.10/site-packages:/home/atharva/Learning_ROS2/ros2_ws/install/my_robot_interfaces/local/lib/python3.10/dist-packages:${PYTHONPATH} /usr/bin/cmake /home/atharva/Learning_ROS2/ros2_ws/src/my_robot_bringup -DCMAKE_INSTALL_PREFIX=/home/atharva/Learning_ROS2/ros2_ws/install/my_robot_bringup
[0.987s] Invoking command in '/home/atharva/Learning_ROS2/ros2_ws/build/my_robot_bringup': AMENT_PREFIX_PATH=/home/atharva/Learning_ROS2/ros2_ws/install/my_py_pkg:/home/atharva/Learning_ROS2/ros2_ws/install/my_robot_interfaces:${AMENT_PREFIX_PATH} CMAKE_PREFIX_PATH=/home/atharva/Learning_ROS2/ros2_ws/install/my_robot_interfaces:/home/atharva/Learning_ROS2/ros2_ws/install/my_robot_gazebo_bringup:/home/atharva/Learning_ROS2/ros2_ws/install/my_robot_description:/home/atharva/ros2_ws/install/my_robot_gazebo_bringup:/home/atharva/ros2_ws/install/my_robot_description:/opt/ros/humble LD_LIBRARY_PATH=/home/atharva/Learning_ROS2/ros2_ws/install/my_robot_interfaces/lib:${LD_LIBRARY_PATH} PYTHONPATH=/home/atharva/Learning_ROS2/ros2_ws/install/my_py_pkg/lib/python3.10/site-packages:/home/atharva/Learning_ROS2/ros2_ws/install/my_robot_interfaces/local/lib/python3.10/dist-packages:${PYTHONPATH} /usr/bin/cmake --build /home/atharva/Learning_ROS2/ros2_ws/build/my_robot_bringup -- -j4 -l4
[1.028s] Invoked command in '/home/atharva/Learning_ROS2/ros2_ws/build/my_robot_bringup' returned '0': AMENT_PREFIX_PATH=/home/atharva/Learning_ROS2/ros2_ws/install/my_py_pkg:/home/atharva/Learning_ROS2/ros2_ws/install/my_robot_interfaces:${AMENT_PREFIX_PATH} CMAKE_PREFIX_PATH=/home/atharva/Learning_ROS2/ros2_ws/install/my_robot_interfaces:/home/atharva/Learning_ROS2/ros2_ws/install/my_robot_gazebo_bringup:/home/atharva/Learning_ROS2/ros2_ws/install/my_robot_description:/home/atharva/ros2_ws/install/my_robot_gazebo_bringup:/home/atharva/ros2_ws/install/my_robot_description:/opt/ros/humble LD_LIBRARY_PATH=/home/atharva/Learning_ROS2/ros2_ws/install/my_robot_interfaces/lib:${LD_LIBRARY_PATH} PYTHONPATH=/home/atharva/Learning_ROS2/ros2_ws/install/my_py_pkg/lib/python3.10/site-packages:/home/atharva/Learning_ROS2/ros2_ws/install/my_robot_interfaces/local/lib/python3.10/dist-packages:${PYTHONPATH} /usr/bin/cmake --build /home/atharva/Learning_ROS2/ros2_ws/build/my_robot_bringup -- -j4 -l4
[1.054s] Invoking command in '/home/atharva/Learning_ROS2/ros2_ws/build/my_robot_bringup': AMENT_PREFIX_PATH=/home/atharva/Learning_ROS2/ros2_ws/install/my_py_pkg:/home/atharva/Learning_ROS2/ros2_ws/install/my_robot_interfaces:${AMENT_PREFIX_PATH} CMAKE_PREFIX_PATH=/home/atharva/Learning_ROS2/ros2_ws/install/my_robot_interfaces:/home/atharva/Learning_ROS2/ros2_ws/install/my_robot_gazebo_bringup:/home/atharva/Learning_ROS2/ros2_ws/install/my_robot_description:/home/atharva/ros2_ws/install/my_robot_gazebo_bringup:/home/atharva/ros2_ws/install/my_robot_description:/opt/ros/humble LD_LIBRARY_PATH=/home/atharva/Learning_ROS2/ros2_ws/install/my_robot_interfaces/lib:${LD_LIBRARY_PATH} PYTHONPATH=/home/atharva/Learning_ROS2/ros2_ws/install/my_py_pkg/lib/python3.10/site-packages:/home/atharva/Learning_ROS2/ros2_ws/install/my_robot_interfaces/local/lib/python3.10/dist-packages:${PYTHONPATH} /usr/bin/cmake --install /home/atharva/Learning_ROS2/ros2_ws/build/my_robot_bringup
[1.062s] -- Install configuration: ""
[1.063s] -- Installing: /home/atharva/Learning_ROS2/ros2_ws/install/my_robot_bringup/share/my_robot_bringup/launch
[1.063s] -- Installing: /home/atharva/Learning_ROS2/ros2_ws/install/my_robot_bringup/share/my_robot_bringup/launch/number_app.launch.py
[1.064s] -- Installing: /home/atharva/Learning_ROS2/ros2_ws/install/my_robot_bringup/share/ament_index/resource_index/package_run_dependencies/my_robot_bringup
[1.064s] -- Installing: /home/atharva/Learning_ROS2/ros2_ws/install/my_robot_bringup/share/ament_index/resource_index/parent_prefix_path/my_robot_bringup
[1.065s] -- Installing: /home/atharva/Learning_ROS2/ros2_ws/install/my_robot_bringup/share/my_robot_bringup/environment/ament_prefix_path.sh
[1.065s] -- Installing: /home/atharva/Learning_ROS2/ros2_ws/install/my_robot_bringup/share/my_robot_bringup/environment/ament_prefix_path.dsv
[1.067s] -- Installing: /home/atharva/Learning_ROS2/ros2_ws/install/my_robot_bringup/share/my_robot_bringup/environment/path.sh
[1.068s] -- Installing: /home/atharva/Learning_ROS2/ros2_ws/install/my_robot_bringup/share/my_robot_bringup/environment/path.dsv
[1.068s] -- Installing: /home/atharva/Learning_ROS2/ros2_ws/install/my_robot_bringup/share/my_robot_bringup/local_setup.bash
[1.068s] -- Installing: /home/atharva/Learning_ROS2/ros2_ws/install/my_robot_bringup/share/my_robot_bringup/local_setup.sh
[1.068s] -- Installing: /home/atharva/Learning_ROS2/ros2_ws/install/my_robot_bringup/share/my_robot_bringup/local_setup.zsh
[1.068s] -- Installing: /home/atharva/Learning_ROS2/ros2_ws/install/my_robot_bringup/share/my_robot_bringup/local_setup.dsv
[1.069s] -- Installing: /home/atharva/Learning_ROS2/ros2_ws/install/my_robot_bringup/share/my_robot_bringup/package.dsv
[1.069s] -- Installing: /home/atharva/Learning_ROS2/ros2_ws/install/my_robot_bringup/share/ament_index/resource_index/packages/my_robot_bringup
[1.069s] -- Installing: /home/atharva/Learning_ROS2/ros2_ws/install/my_robot_bringup/share/my_robot_bringup/cmake/my_robot_bringupConfig.cmake
[1.069s] -- Installing: /home/atharva/Learning_ROS2/ros2_ws/install/my_robot_bringup/share/my_robot_bringup/cmake/my_robot_bringupConfig-version.cmake
[1.069s] -- Installing: /home/atharva/Learning_ROS2/ros2_ws/install/my_robot_bringup/share/my_robot_bringup/package.xml
[1.137s] Invoked command in '/home/atharva/Learning_ROS2/ros2_ws/build/my_robot_bringup' returned '0': AMENT_PREFIX_PATH=/home/atharva/Learning_ROS2/ros2_ws/install/my_py_pkg:/home/atharva/Learning_ROS2/ros2_ws/install/my_robot_interfaces:${AMENT_PREFIX_PATH} CMAKE_PREFIX_PATH=/home/atharva/Learning_ROS2/ros2_ws/install/my_robot_interfaces:/home/atharva/Learning_ROS2/ros2_ws/install/my_robot_gazebo_bringup:/home/atharva/Learning_ROS2/ros2_ws/install/my_robot_description:/home/atharva/ros2_ws/install/my_robot_gazebo_bringup:/home/atharva/ros2_ws/install/my_robot_description:/opt/ros/humble LD_LIBRARY_PATH=/home/atharva/Learning_ROS2/ros2_ws/install/my_robot_interfaces/lib:${LD_LIBRARY_PATH} PYTHONPATH=/home/atharva/Learning_ROS2/ros2_ws/install/my_py_pkg/lib/python3.10/site-packages:/home/atharva/Learning_ROS2/ros2_ws/install/my_robot_interfaces/local/lib/python3.10/dist-packages:${PYTHONPATH} /usr/bin/cmake --install /home/atharva/Learning_ROS2/ros2_ws/build/my_robot_bringup
