Built target ament_cmake_python_copy_autocar_nav
running egg_info
writing autocar_nav.egg-info/PKG-INFO
writing dependency_links to autocar_nav.egg-info/dependency_links.txt
writing top-level names to autocar_nav.egg-info/top_level.txt
reading manifest file 'autocar_nav.egg-info/SOURCES.txt'
writing manifest file 'autocar_nav.egg-info/SOURCES.txt'
Built target ament_cmake_python_build_autocar_nav_egg
-- Install configuration: ""
-- Up-to-date: /home/atharva/Learning_ROS2/ros2_ws/install/autocar_nav/share/autocar_nav/environment/pythonpath.sh
-- Up-to-date: /home/atharva/Learning_ROS2/ros2_ws/install/autocar_nav/share/autocar_nav/environment/pythonpath.dsv
-- Up-to-date: /home/atharva/Learning_ROS2/ros2_ws/install/autocar_nav/local/lib/python3.10/dist-packages/autocar_nav-0.0.0-py3.10.egg-info
-- Installing: /home/atharva/Learning_ROS2/ros2_ws/install/autocar_nav/local/lib/python3.10/dist-packages/autocar_nav-0.0.0-py3.10.egg-info/PKG-INFO
-- Installing: /home/atharva/Learning_ROS2/ros2_ws/install/autocar_nav/local/lib/python3.10/dist-packages/autocar_nav-0.0.0-py3.10.egg-info/top_level.txt
-- Installing: /home/atharva/Learning_ROS2/ros2_ws/install/autocar_nav/local/lib/python3.10/dist-packages/autocar_nav-0.0.0-py3.10.egg-info/SOURCES.txt
-- Installing: /home/atharva/Learning_ROS2/ros2_ws/install/autocar_nav/local/lib/python3.10/dist-packages/autocar_nav-0.0.0-py3.10.egg-info/dependency_links.txt
-- Up-to-date: /home/atharva/Learning_ROS2/ros2_ws/install/autocar_nav/local/lib/python3.10/dist-packages/autocar_nav
-- Up-to-date: /home/atharva/Learning_ROS2/ros2_ws/install/autocar_nav/local/lib/python3.10/dist-packages/autocar_nav/__init__.py
-- Up-to-date: /home/atharva/Learning_ROS2/ros2_ws/install/autocar_nav/local/lib/python3.10/dist-packages/autocar_nav/normalise_angle.py
-- Up-to-date: /home/atharva/Learning_ROS2/ros2_ws/install/autocar_nav/local/lib/python3.10/dist-packages/autocar_nav/cubic_spline_interpolator.py
-- Up-to-date: /home/atharva/Learning_ROS2/ros2_ws/install/autocar_nav/local/lib/python3.10/dist-packages/autocar_nav/yaw_to_quaternion.py
Listing '/home/atharva/Learning_ROS2/ros2_ws/install/autocar_nav/local/lib/python3.10/dist-packages/autocar_nav'...
-- Up-to-date: /home/atharva/Learning_ROS2/ros2_ws/install/autocar_nav/share/autocar_nav/config
-- Up-to-date: /home/atharva/Learning_ROS2/ros2_ws/install/autocar_nav/share/autocar_nav/config/navigation_params.yaml
-- Up-to-date: /home/atharva/Learning_ROS2/ros2_ws/install/autocar_nav/share/autocar_nav/data
-- Up-to-date: /home/atharva/Learning_ROS2/ros2_ws/install/autocar_nav/share/autocar_nav/data/waypoints.csv
-- Up-to-date: /home/atharva/Learning_ROS2/ros2_ws/install/autocar_nav/lib/autocar_nav/globalplanner.py
-- Up-to-date: /home/atharva/Learning_ROS2/ros2_ws/install/autocar_nav/lib/autocar_nav/localisation.py
-- Up-to-date: /home/atharva/Learning_ROS2/ros2_ws/install/autocar_nav/lib/autocar_nav/localplanner.py
-- Up-to-date: /home/atharva/Learning_ROS2/ros2_ws/install/autocar_nav/lib/autocar_nav/clickplanner.py
-- Up-to-date: /home/atharva/Learning_ROS2/ros2_ws/install/autocar_nav/lib/autocar_nav/tracker.py
-- Up-to-date: /home/atharva/Learning_ROS2/ros2_ws/install/autocar_nav/share/ament_index/resource_index/package_run_dependencies/autocar_nav
-- Up-to-date: /home/atharva/Learning_ROS2/ros2_ws/install/autocar_nav/share/ament_index/resource_index/parent_prefix_path/autocar_nav
-- Up-to-date: /home/atharva/Learning_ROS2/ros2_ws/install/autocar_nav/share/autocar_nav/environment/ament_prefix_path.sh
-- Up-to-date: /home/atharva/Learning_ROS2/ros2_ws/install/autocar_nav/share/autocar_nav/environment/ament_prefix_path.dsv
-- Up-to-date: /home/atharva/Learning_ROS2/ros2_ws/install/autocar_nav/share/autocar_nav/environment/path.sh
-- Up-to-date: /home/atharva/Learning_ROS2/ros2_ws/install/autocar_nav/share/autocar_nav/environment/path.dsv
-- Up-to-date: /home/atharva/Learning_ROS2/ros2_ws/install/autocar_nav/share/autocar_nav/local_setup.bash
-- Up-to-date: /home/atharva/Learning_ROS2/ros2_ws/install/autocar_nav/share/autocar_nav/local_setup.sh
-- Up-to-date: /home/atharva/Learning_ROS2/ros2_ws/install/autocar_nav/share/autocar_nav/local_setup.zsh
-- Up-to-date: /home/atharva/Learning_ROS2/ros2_ws/install/autocar_nav/share/autocar_nav/local_setup.dsv
-- Installing: /home/atharva/Learning_ROS2/ros2_ws/install/autocar_nav/share/autocar_nav/package.dsv
-- Up-to-date: /home/atharva/Learning_ROS2/ros2_ws/install/autocar_nav/share/ament_index/resource_index/packages/autocar_nav
-- Up-to-date: /home/atharva/Learning_ROS2/ros2_ws/install/autocar_nav/share/autocar_nav/cmake/autocar_navConfig.cmake
-- Up-to-date: /home/atharva/Learning_ROS2/ros2_ws/install/autocar_nav/share/autocar_nav/cmake/autocar_navConfig-version.cmake
-- Up-to-date: /home/atharva/Learning_ROS2/ros2_ws/install/autocar_nav/share/autocar_nav/package.xml
