[0.095s] Invoking command in '/home/atharva/Learning_ROS2/ros2_ws/build/autocar_description': CMAKE_PREFIX_PATH=${CMAKE_PREFIX_PATH}:/opt/ros/humble /usr/bin/cmake /home/atharva/Learning_ROS2/ros2_ws/src/autocar/autocar_description -DCMAKE_INSTALL_PREFIX=/home/atharva/Learning_ROS2/ros2_ws/install/autocar_description
[0.100s] -- Found ament_cmake: 1.3.6 (/opt/ros/humble/share/ament_cmake/cmake)
[0.179s] -- Configuring incomplete, errors occurred!
[0.179s] See also "/home/atharva/Learning_ROS2/ros2_ws/build/autocar_description/CMakeFiles/CMakeOutput.log".
[0.179s] [31mCMake Error at CMakeLists.txt:25 (find_package):
[0.179s]   By not providing "Findament_lint_auto.cmake" in CMAKE_MODULE_PATH this
[0.179s]   project has asked CMake to find a package configuration file provided by
[0.179s]   "ament_lint_auto", but CMake did not find one.
[0.179s] 
[0.179s]   Could not find a package configuration file provided by "ament_lint_auto"
[0.180s]   with any of the following names:
[0.180s] 
[0.180s]     ament_lint_autoConfig.cmake
[0.180s]     ament_lint_auto-config.cmake
[0.180s] 
[0.180s]   Add the installation prefix of "ament_lint_auto" to CMAKE_PREFIX_PATH or
[0.180s]   set "ament_lint_auto_DIR" to a directory containing one of the above files.
[0.180s]   If "ament_lint_auto" provides a separate development package or SDK, be
[0.180s]   sure it has been installed.
[0.180s] 
[0.180s] [0m
[0.251s] Invoked command in '/home/atharva/Learning_ROS2/ros2_ws/build/autocar_description' returned '1': CMAKE_PREFIX_PATH=${CMAKE_PREFIX_PATH}:/opt/ros/humble /usr/bin/cmake /home/atharva/Learning_ROS2/ros2_ws/src/autocar/autocar_description -DCMAKE_INSTALL_PREFIX=/home/atharva/Learning_ROS2/ros2_ws/install/autocar_description
