[0.105s] Invoking command in '/home/atharva/Learning_ROS2/ros2_ws/build/autocar_msgs': CMAKE_PREFIX_PATH=${CMAKE_PREFIX_PATH}:/home/atharva/Learning_ROS2/ros2_ws/install/turtlesim_catch_em_all:/home/atharva/Learning_ROS2/ros2_ws/install/my_py_pkg:/opt/ros/humble /usr/bin/cmake /home/atharva/Learning_ROS2/ros2_ws/src/autocar/autocar_msgs -DCMAKE_INSTALL_PREFIX=/home/atharva/Learning_ROS2/ros2_ws/install/autocar_msgs
[0.111s] -- Found ament_cmake: 1.3.6 (/opt/ros/humble/share/ament_cmake/cmake)
[0.183s] -- Found geometry_msgs: 4.2.3 (/opt/ros/humble/share/geometry_msgs/cmake)
[0.198s] -- Found rosidl_generator_c: 3.1.5 (/opt/ros/humble/share/rosidl_generator_c/cmake)
[0.200s] -- Found rosidl_adapter: 3.1.5 (/opt/ros/humble/share/rosidl_adapter/cmake)
[0.202s] -- Found rosidl_generator_cpp: 3.1.5 (/opt/ros/humble/share/rosidl_generator_cpp/cmake)
[0.208s] -- Using all available rosidl_typesupport_c: rosidl_typesupport_fastrtps_c;rosidl_typesupport_introspection_c
[0.217s] -- Using all available rosidl_typesupport_cpp: rosidl_typesupport_fastrtps_cpp;rosidl_typesupport_introspection_cpp
[0.282s] -- Found rosidl_default_generators: 1.2.0 (/opt/ros/humble/share/rosidl_default_generators/cmake)
[0.449s] -- Found ament_cmake_ros: 0.10.0 (/opt/ros/humble/share/ament_cmake_ros/cmake)
[0.642s] -- Using all available rosidl_typesupport_c: rosidl_typesupport_fastrtps_c;rosidl_typesupport_introspection_c
[0.724s] -- Using all available rosidl_typesupport_cpp: rosidl_typesupport_fastrtps_cpp;rosidl_typesupport_introspection_cpp
[0.733s] -- Found python_cmake_module: 0.10.0 (/opt/ros/humble/share/python_cmake_module/cmake)
[0.742s] -- Using PYTHON_EXECUTABLE: /usr/bin/python3
[0.742s] -- Using PYTHON_INCLUDE_DIRS: /usr/include/python3.10
[0.742s] -- Using PYTHON_LIBRARIES: /usr/lib/x86_64-linux-gnu/libpython3.10.so
[0.762s] -- Found ament_lint_auto: 0.12.9 (/opt/ros/humble/share/ament_lint_auto/cmake)
[0.768s] -- Configuring done
[0.784s] -- Generating done
[0.785s] -- Build files have been written to: /home/atharva/Learning_ROS2/ros2_ws/build/autocar_msgs
[0.896s] Invoked command in '/home/atharva/Learning_ROS2/ros2_ws/build/autocar_msgs' returned '0': CMAKE_PREFIX_PATH=${CMAKE_PREFIX_PATH}:/home/atharva/Learning_ROS2/ros2_ws/install/turtlesim_catch_em_all:/home/atharva/Learning_ROS2/ros2_ws/install/my_py_pkg:/opt/ros/humble /usr/bin/cmake /home/atharva/Learning_ROS2/ros2_ws/src/autocar/autocar_msgs -DCMAKE_INSTALL_PREFIX=/home/atharva/Learning_ROS2/ros2_ws/install/autocar_msgs
[0.897s] Invoking command in '/home/atharva/Learning_ROS2/ros2_ws/build/autocar_msgs': CMAKE_PREFIX_PATH=${CMAKE_PREFIX_PATH}:/home/atharva/Learning_ROS2/ros2_ws/install/turtlesim_catch_em_all:/home/atharva/Learning_ROS2/ros2_ws/install/my_py_pkg:/opt/ros/humble /usr/bin/cmake --build /home/atharva/Learning_ROS2/ros2_ws/build/autocar_msgs -- -j32 -l32
[0.918s] [  2%] [34m[1mGenerating C code for ROS interfaces[0m
[0.922s] [  4%] [34m[1mGenerating C++ code for ROS interfaces[0m
[0.926s] [  4%] Built target ament_cmake_python_copy_autocar_msgs
[1.036s] running egg_info
[1.036s] creating autocar_msgs.egg-info
[1.036s] writing autocar_msgs.egg-info/PKG-INFO
[1.036s] writing dependency_links to autocar_msgs.egg-info/dependency_links.txt
[1.036s] writing top-level names to autocar_msgs.egg-info/top_level.txt
[1.036s] writing manifest file 'autocar_msgs.egg-info/SOURCES.txt'
[1.037s] reading manifest file 'autocar_msgs.egg-info/SOURCES.txt'
[1.037s] writing manifest file 'autocar_msgs.egg-info/SOURCES.txt'
[1.051s] [  4%] Built target ament_cmake_python_build_autocar_msgs_egg
[1.083s] [  4%] Built target autocar_msgs__cpp
[1.088s] [  6%] [34m[1mGenerating C++ type support dispatch for ROS interfaces[0m
[1.088s] [  8%] [34m[1mGenerating C++ type support for eProsima Fast-RTPS[0m
[1.088s] [ 10%] [34m[1mGenerating C++ introspection for ROS interfaces[0m
[1.123s] [ 12%] [32mBuilding C object CMakeFiles/autocar_msgs__rosidl_generator_c.dir/rosidl_generator_c/autocar_msgs/msg/detail/state2_d__functions.c.o[0m
[1.123s] [ 14%] [32mBuilding C object CMakeFiles/autocar_msgs__rosidl_generator_c.dir/rosidl_generator_c/autocar_msgs/msg/detail/twist2_d__functions.c.o[0m
[1.123s] [ 17%] [32mBuilding C object CMakeFiles/autocar_msgs__rosidl_generator_c.dir/rosidl_generator_c/autocar_msgs/msg/detail/path2_d__functions.c.o[0m
[1.151s] [ 19%] [32m[1mLinking C shared library libautocar_msgs__rosidl_generator_c.so[0m
[1.173s] [ 19%] Built target autocar_msgs__rosidl_generator_c
[1.179s] [ 21%] [34m[1mGenerating C type support for eProsima Fast-RTPS[0m
[1.180s] [ 23%] [34m[1mGenerating C type support dispatch for ROS interfaces[0m
[1.181s] [ 25%] [34m[1mGenerating C introspection for ROS interfaces[0m
[1.225s] [ 29%] [32mBuilding CXX object CMakeFiles/autocar_msgs__rosidl_typesupport_cpp.dir/rosidl_typesupport_cpp/autocar_msgs/msg/state2_d__type_support.cpp.o[0m
[1.225s] [ 29%] [32mBuilding CXX object CMakeFiles/autocar_msgs__rosidl_typesupport_cpp.dir/rosidl_typesupport_cpp/autocar_msgs/msg/path2_d__type_support.cpp.o[0m
[1.226s] [ 31%] [32mBuilding CXX object CMakeFiles/autocar_msgs__rosidl_typesupport_cpp.dir/rosidl_typesupport_cpp/autocar_msgs/msg/twist2_d__type_support.cpp.o[0m
[1.242s] [ 34%] [32mBuilding CXX object CMakeFiles/autocar_msgs__rosidl_typesupport_introspection_cpp.dir/rosidl_typesupport_introspection_cpp/autocar_msgs/msg/detail/path2_d__type_support.cpp.o[0m
[1.242s] [ 36%] [32mBuilding CXX object CMakeFiles/autocar_msgs__rosidl_typesupport_introspection_cpp.dir/rosidl_typesupport_introspection_cpp/autocar_msgs/msg/detail/state2_d__type_support.cpp.o[0m
[1.242s] [ 38%] [32mBuilding CXX object CMakeFiles/autocar_msgs__rosidl_typesupport_introspection_cpp.dir/rosidl_typesupport_introspection_cpp/autocar_msgs/msg/detail/twist2_d__type_support.cpp.o[0m
[1.249s] [ 40%] [32mBuilding CXX object CMakeFiles/autocar_msgs__rosidl_typesupport_fastrtps_cpp.dir/rosidl_typesupport_fastrtps_cpp/autocar_msgs/msg/detail/dds_fastrtps/path2_d__type_support.cpp.o[0m
[1.251s] [ 44%] [32mBuilding CXX object CMakeFiles/autocar_msgs__rosidl_typesupport_fastrtps_cpp.dir/rosidl_typesupport_fastrtps_cpp/autocar_msgs/msg/detail/dds_fastrtps/twist2_d__type_support.cpp.o[0m
[1.251s] [ 44%] [32mBuilding CXX object CMakeFiles/autocar_msgs__rosidl_typesupport_fastrtps_cpp.dir/rosidl_typesupport_fastrtps_cpp/autocar_msgs/msg/detail/dds_fastrtps/state2_d__type_support.cpp.o[0m
[1.329s] [ 51%] [32mBuilding CXX object CMakeFiles/autocar_msgs__rosidl_typesupport_c.dir/rosidl_typesupport_c/autocar_msgs/msg/path2_d__type_support.cpp.o[0m
[1.329s] [ 51%] [32mBuilding CXX object CMakeFiles/autocar_msgs__rosidl_typesupport_c.dir/rosidl_typesupport_c/autocar_msgs/msg/twist2_d__type_support.cpp.o[0m
[1.329s] [ 51%] [32mBuilding CXX object CMakeFiles/autocar_msgs__rosidl_typesupport_c.dir/rosidl_typesupport_c/autocar_msgs/msg/state2_d__type_support.cpp.o[0m
[1.356s] [ 53%] [32mBuilding CXX object CMakeFiles/autocar_msgs__rosidl_typesupport_fastrtps_c.dir/rosidl_typesupport_fastrtps_c/autocar_msgs/msg/detail/state2_d__type_support_c.cpp.o[0m
[1.356s] [ 57%] [32m[1mLinking CXX shared library libautocar_msgs__rosidl_typesupport_c.so[0m
[1.357s] [ 59%] [32mBuilding CXX object CMakeFiles/autocar_msgs__rosidl_typesupport_fastrtps_c.dir/rosidl_typesupport_fastrtps_c/autocar_msgs/msg/detail/twist2_d__type_support_c.cpp.o[0m
[1.357s] [ 59%] [32mBuilding CXX object CMakeFiles/autocar_msgs__rosidl_typesupport_fastrtps_c.dir/rosidl_typesupport_fastrtps_c/autocar_msgs/msg/detail/path2_d__type_support_c.cpp.o[0m
[1.378s] [ 65%] [32mBuilding C object CMakeFiles/autocar_msgs__rosidl_typesupport_introspection_c.dir/rosidl_typesupport_introspection_c/autocar_msgs/msg/detail/state2_d__type_support.c.o[0m
[1.379s] [ 65%] [32mBuilding C object CMakeFiles/autocar_msgs__rosidl_typesupport_introspection_c.dir/rosidl_typesupport_introspection_c/autocar_msgs/msg/detail/path2_d__type_support.c.o[0m
[1.379s] [ 65%] [32mBuilding C object CMakeFiles/autocar_msgs__rosidl_typesupport_introspection_c.dir/rosidl_typesupport_introspection_c/autocar_msgs/msg/detail/twist2_d__type_support.c.o[0m
[1.387s] [ 65%] Built target autocar_msgs__rosidl_typesupport_c
[1.408s] [ 68%] [32m[1mLinking C shared library libautocar_msgs__rosidl_typesupport_introspection_c.so[0m
[1.428s] [ 68%] Built target autocar_msgs__rosidl_typesupport_introspection_c
[1.456s] [ 70%] [32m[1mLinking CXX shared library libautocar_msgs__rosidl_typesupport_cpp.so[0m
[1.456s] [ 72%] [32m[1mLinking CXX shared library libautocar_msgs__rosidl_typesupport_introspection_cpp.so[0m
[1.479s] [ 72%] Built target autocar_msgs__rosidl_typesupport_cpp
[1.479s] [ 74%] [32m[1mLinking CXX shared library libautocar_msgs__rosidl_typesupport_fastrtps_cpp.so[0m
[1.498s] [ 74%] Built target autocar_msgs__rosidl_typesupport_introspection_cpp
[1.520s] [ 74%] Built target autocar_msgs__rosidl_typesupport_fastrtps_cpp
[1.555s] [ 76%] [32m[1mLinking CXX shared library libautocar_msgs__rosidl_typesupport_fastrtps_c.so[0m
[1.589s] [ 76%] Built target autocar_msgs__rosidl_typesupport_fastrtps_c
[1.598s] [ 76%] Built target autocar_msgs
[1.608s] [ 78%] [34m[1mGenerating Python code for ROS interfaces[0m
[1.815s] [ 78%] Built target autocar_msgs__py
[1.824s] [ 80%] [32mBuilding C object CMakeFiles/autocar_msgs__rosidl_generator_py.dir/rosidl_generator_py/autocar_msgs/msg/_path2_d_s.c.o[0m
[1.824s] [ 82%] [32mBuilding C object CMakeFiles/autocar_msgs__rosidl_generator_py.dir/rosidl_generator_py/autocar_msgs/msg/_state2_d_s.c.o[0m
[1.824s] [ 85%] [32mBuilding C object CMakeFiles/autocar_msgs__rosidl_generator_py.dir/rosidl_generator_py/autocar_msgs/msg/_twist2_d_s.c.o[0m
[1.872s] [ 87%] [32m[1mLinking C shared library rosidl_generator_py/autocar_msgs/libautocar_msgs__rosidl_generator_py.so[0m
[1.893s] [ 87%] Built target autocar_msgs__rosidl_generator_py
[1.903s] [ 89%] [32mBuilding C object CMakeFiles/autocar_msgs__rosidl_typesupport_fastrtps_c__pyext.dir/rosidl_generator_py/autocar_msgs/_autocar_msgs_s.ep.rosidl_typesupport_fastrtps_c.c.o[0m
[1.903s] [ 91%] [32mBuilding C object CMakeFiles/autocar_msgs__rosidl_typesupport_introspection_c__pyext.dir/rosidl_generator_py/autocar_msgs/_autocar_msgs_s.ep.rosidl_typesupport_introspection_c.c.o[0m
[1.903s] [ 93%] [32mBuilding C object CMakeFiles/autocar_msgs__rosidl_typesupport_c__pyext.dir/rosidl_generator_py/autocar_msgs/_autocar_msgs_s.ep.rosidl_typesupport_c.c.o[0m
[1.952s] [ 97%] [32m[1mLinking C shared library rosidl_generator_py/autocar_msgs/autocar_msgs_s__rosidl_typesupport_fastrtps_c.cpython-310-x86_64-linux-gnu.so[0m
[1.952s] [ 97%] [32m[1mLinking C shared library rosidl_generator_py/autocar_msgs/autocar_msgs_s__rosidl_typesupport_introspection_c.cpython-310-x86_64-linux-gnu.so[0m
[1.954s] [100%] [32m[1mLinking C shared library rosidl_generator_py/autocar_msgs/autocar_msgs_s__rosidl_typesupport_c.cpython-310-x86_64-linux-gnu.so[0m
[1.970s] [100%] Built target autocar_msgs__rosidl_typesupport_fastrtps_c__pyext
[1.971s] [100%] Built target autocar_msgs__rosidl_typesupport_introspection_c__pyext
[1.972s] [100%] Built target autocar_msgs__rosidl_typesupport_c__pyext
[1.978s] Invoked command in '/home/atharva/Learning_ROS2/ros2_ws/build/autocar_msgs' returned '0': CMAKE_PREFIX_PATH=${CMAKE_PREFIX_PATH}:/home/atharva/Learning_ROS2/ros2_ws/install/turtlesim_catch_em_all:/home/atharva/Learning_ROS2/ros2_ws/install/my_py_pkg:/opt/ros/humble /usr/bin/cmake --build /home/atharva/Learning_ROS2/ros2_ws/build/autocar_msgs -- -j32 -l32
[2.022s] Invoking command in '/home/atharva/Learning_ROS2/ros2_ws/build/autocar_msgs': CMAKE_PREFIX_PATH=${CMAKE_PREFIX_PATH}:/home/atharva/Learning_ROS2/ros2_ws/install/turtlesim_catch_em_all:/home/atharva/Learning_ROS2/ros2_ws/install/my_py_pkg:/opt/ros/humble /usr/bin/cmake --install /home/atharva/Learning_ROS2/ros2_ws/build/autocar_msgs
[2.025s] -- Install configuration: ""
[2.025s] -- Installing: /home/atharva/Learning_ROS2/ros2_ws/install/autocar_msgs/share/ament_index/resource_index/rosidl_interfaces/autocar_msgs
[2.025s] -- Installing: /home/atharva/Learning_ROS2/ros2_ws/install/autocar_msgs/include/autocar_msgs/autocar_msgs
[2.026s] -- Installing: /home/atharva/Learning_ROS2/ros2_ws/install/autocar_msgs/include/autocar_msgs/autocar_msgs/msg
[2.026s] -- Installing: /home/atharva/Learning_ROS2/ros2_ws/install/autocar_msgs/include/autocar_msgs/autocar_msgs/msg/twist2_d.h
[2.026s] -- Installing: /home/atharva/Learning_ROS2/ros2_ws/install/autocar_msgs/include/autocar_msgs/autocar_msgs/msg/detail
[2.026s] -- Installing: /home/atharva/Learning_ROS2/ros2_ws/install/autocar_msgs/include/autocar_msgs/autocar_msgs/msg/detail/state2_d__struct.h
[2.026s] -- Installing: /home/atharva/Learning_ROS2/ros2_ws/install/autocar_msgs/include/autocar_msgs/autocar_msgs/msg/detail/twist2_d__type_support.h
[2.026s] -- Installing: /home/atharva/Learning_ROS2/ros2_ws/install/autocar_msgs/include/autocar_msgs/autocar_msgs/msg/detail/path2_d__type_support.h
[2.026s] -- Installing: /home/atharva/Learning_ROS2/ros2_ws/install/autocar_msgs/include/autocar_msgs/autocar_msgs/msg/detail/path2_d__functions.h
[2.026s] -- Installing: /home/atharva/Learning_ROS2/ros2_ws/install/autocar_msgs/include/autocar_msgs/autocar_msgs/msg/detail/twist2_d__struct.h
[2.026s] -- Installing: /home/atharva/Learning_ROS2/ros2_ws/install/autocar_msgs/include/autocar_msgs/autocar_msgs/msg/detail/twist2_d__functions.h
[2.026s] -- Installing: /home/atharva/Learning_ROS2/ros2_ws/install/autocar_msgs/include/autocar_msgs/autocar_msgs/msg/detail/state2_d__type_support.h
[2.026s] -- Installing: /home/atharva/Learning_ROS2/ros2_ws/install/autocar_msgs/include/autocar_msgs/autocar_msgs/msg/detail/state2_d__functions.h
[2.026s] -- Installing: /home/atharva/Learning_ROS2/ros2_ws/install/autocar_msgs/include/autocar_msgs/autocar_msgs/msg/detail/path2_d__struct.h
[2.026s] -- Installing: /home/atharva/Learning_ROS2/ros2_ws/install/autocar_msgs/include/autocar_msgs/autocar_msgs/msg/detail/path2_d__functions.c
[2.026s] -- Installing: /home/atharva/Learning_ROS2/ros2_ws/install/autocar_msgs/include/autocar_msgs/autocar_msgs/msg/detail/twist2_d__functions.c
[2.026s] -- Installing: /home/atharva/Learning_ROS2/ros2_ws/install/autocar_msgs/include/autocar_msgs/autocar_msgs/msg/detail/state2_d__functions.c
[2.026s] -- Installing: /home/atharva/Learning_ROS2/ros2_ws/install/autocar_msgs/include/autocar_msgs/autocar_msgs/msg/rosidl_generator_c__visibility_control.h
[2.027s] -- Installing: /home/atharva/Learning_ROS2/ros2_ws/install/autocar_msgs/include/autocar_msgs/autocar_msgs/msg/path2_d.h
[2.027s] -- Installing: /home/atharva/Learning_ROS2/ros2_ws/install/autocar_msgs/include/autocar_msgs/autocar_msgs/msg/state2_d.h
[2.027s] -- Installing: /home/atharva/Learning_ROS2/ros2_ws/install/autocar_msgs/share/autocar_msgs/environment/library_path.sh
[2.027s] -- Installing: /home/atharva/Learning_ROS2/ros2_ws/install/autocar_msgs/share/autocar_msgs/environment/library_path.dsv
[2.027s] -- Installing: /home/atharva/Learning_ROS2/ros2_ws/install/autocar_msgs/lib/libautocar_msgs__rosidl_generator_c.so
[2.027s] -- Set runtime path of "/home/atharva/Learning_ROS2/ros2_ws/install/autocar_msgs/lib/libautocar_msgs__rosidl_generator_c.so" to ""
[2.027s] -- Up-to-date: /home/atharva/Learning_ROS2/ros2_ws/install/autocar_msgs/include/autocar_msgs/autocar_msgs
[2.027s] -- Up-to-date: /home/atharva/Learning_ROS2/ros2_ws/install/autocar_msgs/include/autocar_msgs/autocar_msgs/msg
[2.027s] -- Up-to-date: /home/atharva/Learning_ROS2/ros2_ws/install/autocar_msgs/include/autocar_msgs/autocar_msgs/msg/detail
[2.027s] -- Installing: /home/atharva/Learning_ROS2/ros2_ws/install/autocar_msgs/include/autocar_msgs/autocar_msgs/msg/detail/state2_d__rosidl_typesupport_fastrtps_c.h
[2.027s] -- Installing: /home/atharva/Learning_ROS2/ros2_ws/install/autocar_msgs/include/autocar_msgs/autocar_msgs/msg/detail/twist2_d__rosidl_typesupport_fastrtps_c.h
[2.027s] -- Installing: /home/atharva/Learning_ROS2/ros2_ws/install/autocar_msgs/include/autocar_msgs/autocar_msgs/msg/detail/path2_d__rosidl_typesupport_fastrtps_c.h
[2.027s] -- Installing: /home/atharva/Learning_ROS2/ros2_ws/install/autocar_msgs/include/autocar_msgs/autocar_msgs/msg/rosidl_typesupport_fastrtps_c__visibility_control.h
[2.027s] -- Installing: /home/atharva/Learning_ROS2/ros2_ws/install/autocar_msgs/lib/libautocar_msgs__rosidl_typesupport_fastrtps_c.so
[2.027s] -- Set runtime path of "/home/atharva/Learning_ROS2/ros2_ws/install/autocar_msgs/lib/libautocar_msgs__rosidl_typesupport_fastrtps_c.so" to ""
[2.027s] -- Up-to-date: /home/atharva/Learning_ROS2/ros2_ws/install/autocar_msgs/include/autocar_msgs/autocar_msgs
[2.027s] -- Up-to-date: /home/atharva/Learning_ROS2/ros2_ws/install/autocar_msgs/include/autocar_msgs/autocar_msgs/msg
[2.027s] -- Installing: /home/atharva/Learning_ROS2/ros2_ws/install/autocar_msgs/include/autocar_msgs/autocar_msgs/msg/path2_d.hpp
[2.027s] -- Up-to-date: /home/atharva/Learning_ROS2/ros2_ws/install/autocar_msgs/include/autocar_msgs/autocar_msgs/msg/detail
[2.027s] -- Installing: /home/atharva/Learning_ROS2/ros2_ws/install/autocar_msgs/include/autocar_msgs/autocar_msgs/msg/detail/path2_d__struct.hpp
[2.027s] -- Installing: /home/atharva/Learning_ROS2/ros2_ws/install/autocar_msgs/include/autocar_msgs/autocar_msgs/msg/detail/state2_d__struct.hpp
[2.027s] -- Installing: /home/atharva/Learning_ROS2/ros2_ws/install/autocar_msgs/include/autocar_msgs/autocar_msgs/msg/detail/state2_d__traits.hpp
[2.027s] -- Installing: /home/atharva/Learning_ROS2/ros2_ws/install/autocar_msgs/include/autocar_msgs/autocar_msgs/msg/detail/path2_d__traits.hpp
[2.027s] -- Installing: /home/atharva/Learning_ROS2/ros2_ws/install/autocar_msgs/include/autocar_msgs/autocar_msgs/msg/detail/state2_d__builder.hpp
[2.027s] -- Installing: /home/atharva/Learning_ROS2/ros2_ws/install/autocar_msgs/include/autocar_msgs/autocar_msgs/msg/detail/path2_d__builder.hpp
[2.027s] -- Installing: /home/atharva/Learning_ROS2/ros2_ws/install/autocar_msgs/include/autocar_msgs/autocar_msgs/msg/detail/twist2_d__struct.hpp
[2.027s] -- Installing: /home/atharva/Learning_ROS2/ros2_ws/install/autocar_msgs/include/autocar_msgs/autocar_msgs/msg/detail/twist2_d__traits.hpp
[2.027s] -- Installing: /home/atharva/Learning_ROS2/ros2_ws/install/autocar_msgs/include/autocar_msgs/autocar_msgs/msg/detail/twist2_d__builder.hpp
[2.027s] -- Installing: /home/atharva/Learning_ROS2/ros2_ws/install/autocar_msgs/include/autocar_msgs/autocar_msgs/msg/twist2_d.hpp
[2.027s] -- Installing: /home/atharva/Learning_ROS2/ros2_ws/install/autocar_msgs/include/autocar_msgs/autocar_msgs/msg/state2_d.hpp
[2.027s] -- Up-to-date: /home/atharva/Learning_ROS2/ros2_ws/install/autocar_msgs/include/autocar_msgs/autocar_msgs
[2.027s] -- Up-to-date: /home/atharva/Learning_ROS2/ros2_ws/install/autocar_msgs/include/autocar_msgs/autocar_msgs/msg
[2.027s] -- Installing: /home/atharva/Learning_ROS2/ros2_ws/install/autocar_msgs/include/autocar_msgs/autocar_msgs/msg/rosidl_typesupport_fastrtps_cpp__visibility_control.h
[2.027s] -- Up-to-date: /home/atharva/Learning_ROS2/ros2_ws/install/autocar_msgs/include/autocar_msgs/autocar_msgs/msg/detail
[2.028s] -- Installing: /home/atharva/Learning_ROS2/ros2_ws/install/autocar_msgs/include/autocar_msgs/autocar_msgs/msg/detail/path2_d__rosidl_typesupport_fastrtps_cpp.hpp
[2.028s] -- Installing: /home/atharva/Learning_ROS2/ros2_ws/install/autocar_msgs/include/autocar_msgs/autocar_msgs/msg/detail/twist2_d__rosidl_typesupport_fastrtps_cpp.hpp
[2.028s] -- Installing: /home/atharva/Learning_ROS2/ros2_ws/install/autocar_msgs/include/autocar_msgs/autocar_msgs/msg/detail/dds_fastrtps
[2.028s] -- Installing: /home/atharva/Learning_ROS2/ros2_ws/install/autocar_msgs/include/autocar_msgs/autocar_msgs/msg/detail/state2_d__rosidl_typesupport_fastrtps_cpp.hpp
[2.028s] -- Installing: /home/atharva/Learning_ROS2/ros2_ws/install/autocar_msgs/lib/libautocar_msgs__rosidl_typesupport_fastrtps_cpp.so
[2.028s] -- Set runtime path of "/home/atharva/Learning_ROS2/ros2_ws/install/autocar_msgs/lib/libautocar_msgs__rosidl_typesupport_fastrtps_cpp.so" to ""
[2.028s] -- Up-to-date: /home/atharva/Learning_ROS2/ros2_ws/install/autocar_msgs/include/autocar_msgs/autocar_msgs
[2.028s] -- Up-to-date: /home/atharva/Learning_ROS2/ros2_ws/install/autocar_msgs/include/autocar_msgs/autocar_msgs/msg
[2.028s] -- Up-to-date: /home/atharva/Learning_ROS2/ros2_ws/install/autocar_msgs/include/autocar_msgs/autocar_msgs/msg/detail
[2.028s] -- Installing: /home/atharva/Learning_ROS2/ros2_ws/install/autocar_msgs/include/autocar_msgs/autocar_msgs/msg/detail/path2_d__rosidl_typesupport_introspection_c.h
[2.028s] -- Installing: /home/atharva/Learning_ROS2/ros2_ws/install/autocar_msgs/include/autocar_msgs/autocar_msgs/msg/detail/twist2_d__rosidl_typesupport_introspection_c.h
[2.028s] -- Installing: /home/atharva/Learning_ROS2/ros2_ws/install/autocar_msgs/include/autocar_msgs/autocar_msgs/msg/detail/state2_d__rosidl_typesupport_introspection_c.h
[2.028s] -- Installing: /home/atharva/Learning_ROS2/ros2_ws/install/autocar_msgs/include/autocar_msgs/autocar_msgs/msg/detail/state2_d__type_support.c
[2.028s] -- Installing: /home/atharva/Learning_ROS2/ros2_ws/install/autocar_msgs/include/autocar_msgs/autocar_msgs/msg/detail/twist2_d__type_support.c
[2.028s] -- Installing: /home/atharva/Learning_ROS2/ros2_ws/install/autocar_msgs/include/autocar_msgs/autocar_msgs/msg/detail/path2_d__type_support.c
[2.028s] -- Installing: /home/atharva/Learning_ROS2/ros2_ws/install/autocar_msgs/include/autocar_msgs/autocar_msgs/msg/rosidl_typesupport_introspection_c__visibility_control.h
[2.028s] -- Installing: /home/atharva/Learning_ROS2/ros2_ws/install/autocar_msgs/lib/libautocar_msgs__rosidl_typesupport_introspection_c.so
[2.028s] -- Set runtime path of "/home/atharva/Learning_ROS2/ros2_ws/install/autocar_msgs/lib/libautocar_msgs__rosidl_typesupport_introspection_c.so" to ""
[2.028s] -- Installing: /home/atharva/Learning_ROS2/ros2_ws/install/autocar_msgs/lib/libautocar_msgs__rosidl_typesupport_c.so
[2.028s] -- Set runtime path of "/home/atharva/Learning_ROS2/ros2_ws/install/autocar_msgs/lib/libautocar_msgs__rosidl_typesupport_c.so" to ""
[2.028s] -- Up-to-date: /home/atharva/Learning_ROS2/ros2_ws/install/autocar_msgs/include/autocar_msgs/autocar_msgs
[2.028s] -- Up-to-date: /home/atharva/Learning_ROS2/ros2_ws/install/autocar_msgs/include/autocar_msgs/autocar_msgs/msg
[2.028s] -- Up-to-date: /home/atharva/Learning_ROS2/ros2_ws/install/autocar_msgs/include/autocar_msgs/autocar_msgs/msg/detail
[2.028s] -- Installing: /home/atharva/Learning_ROS2/ros2_ws/install/autocar_msgs/include/autocar_msgs/autocar_msgs/msg/detail/twist2_d__type_support.cpp
[2.028s] -- Installing: /home/atharva/Learning_ROS2/ros2_ws/install/autocar_msgs/include/autocar_msgs/autocar_msgs/msg/detail/path2_d__type_support.cpp
[2.028s] -- Installing: /home/atharva/Learning_ROS2/ros2_ws/install/autocar_msgs/include/autocar_msgs/autocar_msgs/msg/detail/twist2_d__rosidl_typesupport_introspection_cpp.hpp
[2.028s] -- Installing: /home/atharva/Learning_ROS2/ros2_ws/install/autocar_msgs/include/autocar_msgs/autocar_msgs/msg/detail/state2_d__type_support.cpp
[2.028s] -- Installing: /home/atharva/Learning_ROS2/ros2_ws/install/autocar_msgs/include/autocar_msgs/autocar_msgs/msg/detail/state2_d__rosidl_typesupport_introspection_cpp.hpp
[2.028s] -- Installing: /home/atharva/Learning_ROS2/ros2_ws/install/autocar_msgs/include/autocar_msgs/autocar_msgs/msg/detail/path2_d__rosidl_typesupport_introspection_cpp.hpp
[2.028s] -- Installing: /home/atharva/Learning_ROS2/ros2_ws/install/autocar_msgs/lib/libautocar_msgs__rosidl_typesupport_introspection_cpp.so
[2.029s] -- Set runtime path of "/home/atharva/Learning_ROS2/ros2_ws/install/autocar_msgs/lib/libautocar_msgs__rosidl_typesupport_introspection_cpp.so" to ""
[2.029s] -- Installing: /home/atharva/Learning_ROS2/ros2_ws/install/autocar_msgs/lib/libautocar_msgs__rosidl_typesupport_cpp.so
[2.029s] -- Set runtime path of "/home/atharva/Learning_ROS2/ros2_ws/install/autocar_msgs/lib/libautocar_msgs__rosidl_typesupport_cpp.so" to ""
[2.029s] -- Installing: /home/atharva/Learning_ROS2/ros2_ws/install/autocar_msgs/share/autocar_msgs/environment/pythonpath.sh
[2.029s] -- Installing: /home/atharva/Learning_ROS2/ros2_ws/install/autocar_msgs/share/autocar_msgs/environment/pythonpath.dsv
[2.029s] -- Installing: /home/atharva/Learning_ROS2/ros2_ws/install/autocar_msgs/local/lib/python3.10/dist-packages/autocar_msgs-0.0.0-py3.10.egg-info
[2.029s] -- Installing: /home/atharva/Learning_ROS2/ros2_ws/install/autocar_msgs/local/lib/python3.10/dist-packages/autocar_msgs-0.0.0-py3.10.egg-info/PKG-INFO
[2.029s] -- Installing: /home/atharva/Learning_ROS2/ros2_ws/install/autocar_msgs/local/lib/python3.10/dist-packages/autocar_msgs-0.0.0-py3.10.egg-info/top_level.txt
[2.029s] -- Installing: /home/atharva/Learning_ROS2/ros2_ws/install/autocar_msgs/local/lib/python3.10/dist-packages/autocar_msgs-0.0.0-py3.10.egg-info/SOURCES.txt
[2.029s] -- Installing: /home/atharva/Learning_ROS2/ros2_ws/install/autocar_msgs/local/lib/python3.10/dist-packages/autocar_msgs-0.0.0-py3.10.egg-info/dependency_links.txt
[2.029s] -- Installing: /home/atharva/Learning_ROS2/ros2_ws/install/autocar_msgs/local/lib/python3.10/dist-packages/autocar_msgs
[2.029s] -- Installing: /home/atharva/Learning_ROS2/ros2_ws/install/autocar_msgs/local/lib/python3.10/dist-packages/autocar_msgs/__init__.py
[2.029s] -- Installing: /home/atharva/Learning_ROS2/ros2_ws/install/autocar_msgs/local/lib/python3.10/dist-packages/autocar_msgs/_autocar_msgs_s.ep.rosidl_typesupport_fastrtps_c.c
[2.029s] -- Installing: /home/atharva/Learning_ROS2/ros2_ws/install/autocar_msgs/local/lib/python3.10/dist-packages/autocar_msgs/autocar_msgs_s__rosidl_typesupport_introspection_c.cpython-310-x86_64-linux-gnu.so
[2.029s] -- Installing: /home/atharva/Learning_ROS2/ros2_ws/install/autocar_msgs/local/lib/python3.10/dist-packages/autocar_msgs/autocar_msgs_s__rosidl_typesupport_fastrtps_c.cpython-310-x86_64-linux-gnu.so
[2.029s] -- Installing: /home/atharva/Learning_ROS2/ros2_ws/install/autocar_msgs/local/lib/python3.10/dist-packages/autocar_msgs/autocar_msgs_s__rosidl_typesupport_c.cpython-310-x86_64-linux-gnu.so
[2.029s] -- Installing: /home/atharva/Learning_ROS2/ros2_ws/install/autocar_msgs/local/lib/python3.10/dist-packages/autocar_msgs/_autocar_msgs_s.ep.rosidl_typesupport_c.c
[2.029s] -- Installing: /home/atharva/Learning_ROS2/ros2_ws/install/autocar_msgs/local/lib/python3.10/dist-packages/autocar_msgs/msg
[2.029s] -- Installing: /home/atharva/Learning_ROS2/ros2_ws/install/autocar_msgs/local/lib/python3.10/dist-packages/autocar_msgs/msg/__init__.py
[2.029s] -- Installing: /home/atharva/Learning_ROS2/ros2_ws/install/autocar_msgs/local/lib/python3.10/dist-packages/autocar_msgs/msg/_state2_d.py
[2.029s] -- Installing: /home/atharva/Learning_ROS2/ros2_ws/install/autocar_msgs/local/lib/python3.10/dist-packages/autocar_msgs/msg/_twist2_d_s.c
[2.029s] -- Installing: /home/atharva/Learning_ROS2/ros2_ws/install/autocar_msgs/local/lib/python3.10/dist-packages/autocar_msgs/msg/_path2_d_s.c
[2.029s] -- Installing: /home/atharva/Learning_ROS2/ros2_ws/install/autocar_msgs/local/lib/python3.10/dist-packages/autocar_msgs/msg/_twist2_d.py
[2.029s] -- Installing: /home/atharva/Learning_ROS2/ros2_ws/install/autocar_msgs/local/lib/python3.10/dist-packages/autocar_msgs/msg/_state2_d_s.c
[2.029s] -- Installing: /home/atharva/Learning_ROS2/ros2_ws/install/autocar_msgs/local/lib/python3.10/dist-packages/autocar_msgs/msg/_path2_d.py
[2.029s] -- Installing: /home/atharva/Learning_ROS2/ros2_ws/install/autocar_msgs/local/lib/python3.10/dist-packages/autocar_msgs/_autocar_msgs_s.ep.rosidl_typesupport_introspection_c.c
[2.029s] -- Installing: /home/atharva/Learning_ROS2/ros2_ws/install/autocar_msgs/local/lib/python3.10/dist-packages/autocar_msgs/libautocar_msgs__rosidl_generator_py.so
[2.049s] Listing '/home/atharva/Learning_ROS2/ros2_ws/install/autocar_msgs/local/lib/python3.10/dist-packages/autocar_msgs'...
[2.049s] Compiling '/home/atharva/Learning_ROS2/ros2_ws/install/autocar_msgs/local/lib/python3.10/dist-packages/autocar_msgs/__init__.py'...
[2.049s] Listing '/home/atharva/Learning_ROS2/ros2_ws/install/autocar_msgs/local/lib/python3.10/dist-packages/autocar_msgs/msg'...
[2.049s] Compiling '/home/atharva/Learning_ROS2/ros2_ws/install/autocar_msgs/local/lib/python3.10/dist-packages/autocar_msgs/msg/__init__.py'...
[2.049s] Compiling '/home/atharva/Learning_ROS2/ros2_ws/install/autocar_msgs/local/lib/python3.10/dist-packages/autocar_msgs/msg/_path2_d.py'...
[2.049s] Compiling '/home/atharva/Learning_ROS2/ros2_ws/install/autocar_msgs/local/lib/python3.10/dist-packages/autocar_msgs/msg/_state2_d.py'...
[2.049s] Compiling '/home/atharva/Learning_ROS2/ros2_ws/install/autocar_msgs/local/lib/python3.10/dist-packages/autocar_msgs/msg/_twist2_d.py'...
[2.051s] -- Installing: /home/atharva/Learning_ROS2/ros2_ws/install/autocar_msgs/local/lib/python3.10/dist-packages/autocar_msgs/autocar_msgs_s__rosidl_typesupport_fastrtps_c.cpython-310-x86_64-linux-gnu.so
[2.051s] -- Set runtime path of "/home/atharva/Learning_ROS2/ros2_ws/install/autocar_msgs/local/lib/python3.10/dist-packages/autocar_msgs/autocar_msgs_s__rosidl_typesupport_fastrtps_c.cpython-310-x86_64-linux-gnu.so" to ""
[2.051s] -- Installing: /home/atharva/Learning_ROS2/ros2_ws/install/autocar_msgs/local/lib/python3.10/dist-packages/autocar_msgs/autocar_msgs_s__rosidl_typesupport_introspection_c.cpython-310-x86_64-linux-gnu.so
[2.051s] -- Set runtime path of "/home/atharva/Learning_ROS2/ros2_ws/install/autocar_msgs/local/lib/python3.10/dist-packages/autocar_msgs/autocar_msgs_s__rosidl_typesupport_introspection_c.cpython-310-x86_64-linux-gnu.so" to ""
[2.051s] -- Installing: /home/atharva/Learning_ROS2/ros2_ws/install/autocar_msgs/local/lib/python3.10/dist-packages/autocar_msgs/autocar_msgs_s__rosidl_typesupport_c.cpython-310-x86_64-linux-gnu.so
[2.051s] -- Set runtime path of "/home/atharva/Learning_ROS2/ros2_ws/install/autocar_msgs/local/lib/python3.10/dist-packages/autocar_msgs/autocar_msgs_s__rosidl_typesupport_c.cpython-310-x86_64-linux-gnu.so" to ""
[2.051s] -- Installing: /home/atharva/Learning_ROS2/ros2_ws/install/autocar_msgs/lib/libautocar_msgs__rosidl_generator_py.so
[2.052s] -- Set runtime path of "/home/atharva/Learning_ROS2/ros2_ws/install/autocar_msgs/lib/libautocar_msgs__rosidl_generator_py.so" to ""
[2.052s] -- Installing: /home/atharva/Learning_ROS2/ros2_ws/install/autocar_msgs/share/autocar_msgs/msg/Path2D.idl
[2.052s] -- Installing: /home/atharva/Learning_ROS2/ros2_ws/install/autocar_msgs/share/autocar_msgs/msg/State2D.idl
[2.052s] -- Installing: /home/atharva/Learning_ROS2/ros2_ws/install/autocar_msgs/share/autocar_msgs/msg/Twist2D.idl
[2.052s] -- Installing: /home/atharva/Learning_ROS2/ros2_ws/install/autocar_msgs/share/autocar_msgs/msg/Path2D.msg
[2.052s] -- Installing: /home/atharva/Learning_ROS2/ros2_ws/install/autocar_msgs/share/autocar_msgs/msg/State2D.msg
[2.052s] -- Installing: /home/atharva/Learning_ROS2/ros2_ws/install/autocar_msgs/share/autocar_msgs/msg/Twist2D.msg
[2.052s] -- Installing: /home/atharva/Learning_ROS2/ros2_ws/install/autocar_msgs/share/ament_index/resource_index/package_run_dependencies/autocar_msgs
[2.052s] -- Installing: /home/atharva/Learning_ROS2/ros2_ws/install/autocar_msgs/share/ament_index/resource_index/parent_prefix_path/autocar_msgs
[2.052s] -- Installing: /home/atharva/Learning_ROS2/ros2_ws/install/autocar_msgs/share/autocar_msgs/environment/ament_prefix_path.sh
[2.052s] -- Installing: /home/atharva/Learning_ROS2/ros2_ws/install/autocar_msgs/share/autocar_msgs/environment/ament_prefix_path.dsv
[2.052s] -- Installing: /home/atharva/Learning_ROS2/ros2_ws/install/autocar_msgs/share/autocar_msgs/environment/path.sh
[2.052s] -- Installing: /home/atharva/Learning_ROS2/ros2_ws/install/autocar_msgs/share/autocar_msgs/environment/path.dsv
[2.052s] -- Installing: /home/atharva/Learning_ROS2/ros2_ws/install/autocar_msgs/share/autocar_msgs/local_setup.bash
[2.052s] -- Installing: /home/atharva/Learning_ROS2/ros2_ws/install/autocar_msgs/share/autocar_msgs/local_setup.sh
[2.052s] -- Installing: /home/atharva/Learning_ROS2/ros2_ws/install/autocar_msgs/share/autocar_msgs/local_setup.zsh
[2.052s] -- Installing: /home/atharva/Learning_ROS2/ros2_ws/install/autocar_msgs/share/autocar_msgs/local_setup.dsv
[2.052s] -- Installing: /home/atharva/Learning_ROS2/ros2_ws/install/autocar_msgs/share/autocar_msgs/package.dsv
[2.052s] -- Installing: /home/atharva/Learning_ROS2/ros2_ws/install/autocar_msgs/share/ament_index/resource_index/packages/autocar_msgs
[2.052s] -- Installing: /home/atharva/Learning_ROS2/ros2_ws/install/autocar_msgs/share/autocar_msgs/cmake/export_autocar_msgs__rosidl_generator_cExport.cmake
[2.052s] -- Installing: /home/atharva/Learning_ROS2/ros2_ws/install/autocar_msgs/share/autocar_msgs/cmake/export_autocar_msgs__rosidl_generator_cExport-noconfig.cmake
[2.052s] -- Installing: /home/atharva/Learning_ROS2/ros2_ws/install/autocar_msgs/share/autocar_msgs/cmake/export_autocar_msgs__rosidl_typesupport_fastrtps_cExport.cmake
[2.052s] -- Installing: /home/atharva/Learning_ROS2/ros2_ws/install/autocar_msgs/share/autocar_msgs/cmake/export_autocar_msgs__rosidl_typesupport_fastrtps_cExport-noconfig.cmake
[2.052s] -- Installing: /home/atharva/Learning_ROS2/ros2_ws/install/autocar_msgs/share/autocar_msgs/cmake/export_autocar_msgs__rosidl_generator_cppExport.cmake
[2.052s] -- Installing: /home/atharva/Learning_ROS2/ros2_ws/install/autocar_msgs/share/autocar_msgs/cmake/export_autocar_msgs__rosidl_typesupport_fastrtps_cppExport.cmake
[2.052s] -- Installing: /home/atharva/Learning_ROS2/ros2_ws/install/autocar_msgs/share/autocar_msgs/cmake/export_autocar_msgs__rosidl_typesupport_fastrtps_cppExport-noconfig.cmake
[2.052s] -- Installing: /home/atharva/Learning_ROS2/ros2_ws/install/autocar_msgs/share/autocar_msgs/cmake/autocar_msgs__rosidl_typesupport_introspection_cExport.cmake
[2.053s] -- Installing: /home/atharva/Learning_ROS2/ros2_ws/install/autocar_msgs/share/autocar_msgs/cmake/autocar_msgs__rosidl_typesupport_introspection_cExport-noconfig.cmake
[2.053s] -- Installing: /home/atharva/Learning_ROS2/ros2_ws/install/autocar_msgs/share/autocar_msgs/cmake/autocar_msgs__rosidl_typesupport_cExport.cmake
[2.053s] -- Installing: /home/atharva/Learning_ROS2/ros2_ws/install/autocar_msgs/share/autocar_msgs/cmake/autocar_msgs__rosidl_typesupport_cExport-noconfig.cmake
[2.053s] -- Installing: /home/atharva/Learning_ROS2/ros2_ws/install/autocar_msgs/share/autocar_msgs/cmake/autocar_msgs__rosidl_typesupport_introspection_cppExport.cmake
[2.053s] -- Installing: /home/atharva/Learning_ROS2/ros2_ws/install/autocar_msgs/share/autocar_msgs/cmake/autocar_msgs__rosidl_typesupport_introspection_cppExport-noconfig.cmake
[2.053s] -- Installing: /home/atharva/Learning_ROS2/ros2_ws/install/autocar_msgs/share/autocar_msgs/cmake/autocar_msgs__rosidl_typesupport_cppExport.cmake
[2.053s] -- Installing: /home/atharva/Learning_ROS2/ros2_ws/install/autocar_msgs/share/autocar_msgs/cmake/autocar_msgs__rosidl_typesupport_cppExport-noconfig.cmake
[2.053s] -- Installing: /home/atharva/Learning_ROS2/ros2_ws/install/autocar_msgs/share/autocar_msgs/cmake/export_autocar_msgs__rosidl_generator_pyExport.cmake
[2.053s] -- Installing: /home/atharva/Learning_ROS2/ros2_ws/install/autocar_msgs/share/autocar_msgs/cmake/export_autocar_msgs__rosidl_generator_pyExport-noconfig.cmake
[2.053s] -- Installing: /home/atharva/Learning_ROS2/ros2_ws/install/autocar_msgs/share/autocar_msgs/cmake/rosidl_cmake-extras.cmake
[2.053s] -- Installing: /home/atharva/Learning_ROS2/ros2_ws/install/autocar_msgs/share/autocar_msgs/cmake/ament_cmake_export_dependencies-extras.cmake
[2.053s] -- Installing: /home/atharva/Learning_ROS2/ros2_ws/install/autocar_msgs/share/autocar_msgs/cmake/ament_cmake_export_include_directories-extras.cmake
[2.053s] -- Installing: /home/atharva/Learning_ROS2/ros2_ws/install/autocar_msgs/share/autocar_msgs/cmake/ament_cmake_export_libraries-extras.cmake
[2.053s] -- Installing: /home/atharva/Learning_ROS2/ros2_ws/install/autocar_msgs/share/autocar_msgs/cmake/ament_cmake_export_targets-extras.cmake
[2.053s] -- Installing: /home/atharva/Learning_ROS2/ros2_ws/install/autocar_msgs/share/autocar_msgs/cmake/rosidl_cmake_export_typesupport_targets-extras.cmake
[2.053s] -- Installing: /home/atharva/Learning_ROS2/ros2_ws/install/autocar_msgs/share/autocar_msgs/cmake/rosidl_cmake_export_typesupport_libraries-extras.cmake
[2.053s] -- Installing: /home/atharva/Learning_ROS2/ros2_ws/install/autocar_msgs/share/autocar_msgs/cmake/autocar_msgsConfig.cmake
[2.053s] -- Installing: /home/atharva/Learning_ROS2/ros2_ws/install/autocar_msgs/share/autocar_msgs/cmake/autocar_msgsConfig-version.cmake
[2.053s] -- Installing: /home/atharva/Learning_ROS2/ros2_ws/install/autocar_msgs/share/autocar_msgs/package.xml
[2.054s] Invoked command in '/home/atharva/Learning_ROS2/ros2_ws/build/autocar_msgs' returned '0': CMAKE_PREFIX_PATH=${CMAKE_PREFIX_PATH}:/home/atharva/Learning_ROS2/ros2_ws/install/turtlesim_catch_em_all:/home/atharva/Learning_ROS2/ros2_ws/install/my_py_pkg:/opt/ros/humble /usr/bin/cmake --install /home/atharva/Learning_ROS2/ros2_ws/build/autocar_msgs
