[1.661s] Invoking command in '/home/atharva/ros2_ws/build/turtlesim_catch_em_all': AMENT_PREFIX_PATH=/home/atharva/ros2_ws/install/my_robot_interfaces CMAKE_PREFIX_PATH=/home/atharva/ros2_ws/install/my_robot_interfaces:/home/atharva/ros2_ws/install/radio_station_bringup:/home/atharva/ros2_ws/install/my_robot_bringup:/home/atharva/ros2_ws/install/my_robot_description PYTHONPATH=/home/atharva/ros2_ws/build/turtlesim_catch_em_all/prefix_override:/home/atharva/ros2_ws/install/turtlesim_catch_em_all/lib/python3.10/site-packages:${PYTHONPATH} /usr/bin/python3 setup.py develop --uninstall --editable --build-directory /home/atharva/ros2_ws/build/turtlesim_catch_em_all/build
[2.000s] running develop
[2.207s] Removing /home/atharva/ros2_ws/install/turtlesim_catch_em_all/lib/python3.10/site-packages/turtlesim-catch-em-all.egg-link (link to .)
[2.255s] Invoked command in '/home/atharva/ros2_ws/build/turtlesim_catch_em_all' returned '0': AMENT_PREFIX_PATH=/home/atharva/ros2_ws/install/my_robot_interfaces CMAKE_PREFIX_PATH=/home/atharva/ros2_ws/install/my_robot_interfaces:/home/atharva/ros2_ws/install/radio_station_bringup:/home/atharva/ros2_ws/install/my_robot_bringup:/home/atharva/ros2_ws/install/my_robot_description PYTHONPATH=/home/atharva/ros2_ws/build/turtlesim_catch_em_all/prefix_override:/home/atharva/ros2_ws/install/turtlesim_catch_em_all/lib/python3.10/site-packages:${PYTHONPATH} /usr/bin/python3 setup.py develop --uninstall --editable --build-directory /home/atharva/ros2_ws/build/turtlesim_catch_em_all/build
[2.257s] Invoking command in '/home/atharva/ros2_ws/src/turtlesim_catch_em_all': AMENT_PREFIX_PATH=/home/atharva/ros2_ws/install/my_robot_interfaces CMAKE_PREFIX_PATH=/home/atharva/ros2_ws/install/my_robot_interfaces:/home/atharva/ros2_ws/install/radio_station_bringup:/home/atharva/ros2_ws/install/my_robot_bringup:/home/atharva/ros2_ws/install/my_robot_description PYTHONPATH=/home/atharva/ros2_ws/build/turtlesim_catch_em_all/prefix_override:/home/atharva/ros2_ws/install/turtlesim_catch_em_all/lib/python3.10/site-packages:${PYTHONPATH} /usr/bin/python3 setup.py egg_info --egg-base ../../build/turtlesim_catch_em_all build --build-base /home/atharva/ros2_ws/build/turtlesim_catch_em_all/build install --record /home/atharva/ros2_ws/build/turtlesim_catch_em_all/install.log --single-version-externally-managed
[2.588s] running egg_info
[2.590s] writing ../../build/turtlesim_catch_em_all/turtlesim_catch_em_all.egg-info/PKG-INFO
[2.590s] writing dependency_links to ../../build/turtlesim_catch_em_all/turtlesim_catch_em_all.egg-info/dependency_links.txt
[2.590s] writing entry points to ../../build/turtlesim_catch_em_all/turtlesim_catch_em_all.egg-info/entry_points.txt
[2.591s] writing requirements to ../../build/turtlesim_catch_em_all/turtlesim_catch_em_all.egg-info/requires.txt
[2.591s] writing top-level names to ../../build/turtlesim_catch_em_all/turtlesim_catch_em_all.egg-info/top_level.txt
[2.593s] reading manifest file '../../build/turtlesim_catch_em_all/turtlesim_catch_em_all.egg-info/SOURCES.txt'
[2.593s] adding license file 'LICENSE'
[2.595s] writing manifest file '../../build/turtlesim_catch_em_all/turtlesim_catch_em_all.egg-info/SOURCES.txt'
[2.595s] running build
[2.595s] running build_py
[2.609s] copying turtlesim_catch_em_all/turtle_catcher.py -> /home/atharva/ros2_ws/build/turtlesim_catch_em_all/build/lib/turtlesim_catch_em_all
[2.619s] copying turtlesim_catch_em_all/turtle_controller.py -> /home/atharva/ros2_ws/build/turtlesim_catch_em_all/build/lib/turtlesim_catch_em_all
[2.658s] copying turtlesim_catch_em_all/turtle_spawner.py -> /home/atharva/ros2_ws/build/turtlesim_catch_em_all/build/lib/turtlesim_catch_em_all
[2.658s] running install
[2.658s] running install_lib
[2.659s] copying /home/atharva/ros2_ws/build/turtlesim_catch_em_all/build/lib/turtlesim_catch_em_all/turtle_catcher.py -> /home/atharva/ros2_ws/install/turtlesim_catch_em_all/lib/python3.10/site-packages/turtlesim_catch_em_all
[2.661s] copying /home/atharva/ros2_ws/build/turtlesim_catch_em_all/build/lib/turtlesim_catch_em_all/turtle_controller.py -> /home/atharva/ros2_ws/install/turtlesim_catch_em_all/lib/python3.10/site-packages/turtlesim_catch_em_all
[2.661s] copying /home/atharva/ros2_ws/build/turtlesim_catch_em_all/build/lib/turtlesim_catch_em_all/__init__.py -> /home/atharva/ros2_ws/install/turtlesim_catch_em_all/lib/python3.10/site-packages/turtlesim_catch_em_all
[2.662s] copying /home/atharva/ros2_ws/build/turtlesim_catch_em_all/build/lib/turtlesim_catch_em_all/turtle_spawner.py -> /home/atharva/ros2_ws/install/turtlesim_catch_em_all/lib/python3.10/site-packages/turtlesim_catch_em_all
[2.662s] byte-compiling /home/atharva/ros2_ws/install/turtlesim_catch_em_all/lib/python3.10/site-packages/turtlesim_catch_em_all/turtle_catcher.py to turtle_catcher.cpython-310.pyc
[2.664s] byte-compiling /home/atharva/ros2_ws/install/turtlesim_catch_em_all/lib/python3.10/site-packages/turtlesim_catch_em_all/turtle_controller.py to turtle_controller.cpython-310.pyc
[2.665s] byte-compiling /home/atharva/ros2_ws/install/turtlesim_catch_em_all/lib/python3.10/site-packages/turtlesim_catch_em_all/__init__.py to __init__.cpython-310.pyc
[2.665s] byte-compiling /home/atharva/ros2_ws/install/turtlesim_catch_em_all/lib/python3.10/site-packages/turtlesim_catch_em_all/turtle_spawner.py to turtle_spawner.cpython-310.pyc
[2.666s] running install_data
[2.666s] running install_egg_info
[2.669s] Copying ../../build/turtlesim_catch_em_all/turtlesim_catch_em_all.egg-info to /home/atharva/ros2_ws/install/turtlesim_catch_em_all/lib/python3.10/site-packages/turtlesim_catch_em_all-0.0.0-py3.10.egg-info
[2.686s] running install_scripts
[2.728s] Installing turtle_catcher script to /home/atharva/ros2_ws/install/turtlesim_catch_em_all/lib/turtlesim_catch_em_all
[2.735s] Installing turtle_controller script to /home/atharva/ros2_ws/install/turtlesim_catch_em_all/lib/turtlesim_catch_em_all
[2.736s] Installing turtle_spawner script to /home/atharva/ros2_ws/install/turtlesim_catch_em_all/lib/turtlesim_catch_em_all
[2.736s] writing list of installed files to '/home/atharva/ros2_ws/build/turtlesim_catch_em_all/install.log'
[2.948s] Invoked command in '/home/atharva/ros2_ws/src/turtlesim_catch_em_all' returned '0': AMENT_PREFIX_PATH=/home/atharva/ros2_ws/install/my_robot_interfaces CMAKE_PREFIX_PATH=/home/atharva/ros2_ws/install/my_robot_interfaces:/home/atharva/ros2_ws/install/radio_station_bringup:/home/atharva/ros2_ws/install/my_robot_bringup:/home/atharva/ros2_ws/install/my_robot_description PYTHONPATH=/home/atharva/ros2_ws/build/turtlesim_catch_em_all/prefix_override:/home/atharva/ros2_ws/install/turtlesim_catch_em_all/lib/python3.10/site-packages:${PYTHONPATH} /usr/bin/python3 setup.py egg_info --egg-base ../../build/turtlesim_catch_em_all build --build-base /home/atharva/ros2_ws/build/turtlesim_catch_em_all/build install --record /home/atharva/ros2_ws/build/turtlesim_catch_em_all/install.log --single-version-externally-managed
