[0.088s] Invoking command in '/home/atharva/Learning_ROS2/ros2_ws/build/autocar_gazebo': CMAKE_PREFIX_PATH=${CMAKE_PREFIX_PATH}:/opt/ros/humble /usr/bin/cmake /home/atharva/Learning_ROS2/ros2_ws/src/autocar/autocar_gazebo -DCMAKE_INSTALL_PREFIX=/home/atharva/Learning_ROS2/ros2_ws/install/autocar_gazebo
[0.113s] -- The C compiler identification is GNU 11.4.0
[0.144s] -- The CXX compiler identification is GNU 11.4.0
[0.153s] -- Detecting C compiler ABI info
[0.183s] -- Detecting C compiler ABI info - done
[0.186s] -- Check for working C compiler: /usr/bin/cc - skipped
[0.187s] -- Detecting C compile features
[0.188s] -- Detecting C compile features - done
[0.188s] -- Detecting CXX compiler ABI info
[0.230s] -- Detecting CXX compiler ABI info - done
[0.234s] -- Check for working CXX compiler: /usr/bin/c++ - skipped
[0.234s] -- Detecting CXX compile features
[0.234s] -- Detecting CXX compile features - done
[0.235s] -- Found ament_cmake: 1.3.6 (/opt/ros/humble/share/ament_cmake/cmake)
[0.312s] -- Found Python3: /usr/bin/python3.10 (found version "3.10.12") found components: Interpreter 
[0.388s] [31mCMake Error at CMakeLists.txt:25 (find_package):
[0.388s]   By not providing "Findament_lint_auto.cmake" in CMAKE_MODULE_PATH this
[0.388s]   project has asked CMake to find a package configuration file provided by
[0.388s]   "ament_lint_auto", but CMake did not find one.
[0.388s] 
[0.388s]   Could not find a package configuration file provided by "ament_lint_auto"
[0.388s]   with any of the following names:
[0.388s] 
[0.388s]     ament_lint_autoConfig.cmake
[0.388s]     ament_lint_auto-config.cmake
[0.388s] 
[0.388s]   Add the installation prefix of "ament_lint_auto" to CMAKE_PREFIX_PATH or
[0.388s]   set "ament_lint_auto_DIR" to a directory containing one of the above files.
[0.388s]   If "ament_lint_auto" provides a separate development package or SDK, be
[0.388s]   sure it has been installed.
[0.388s] 
[0.388s] [0m
[0.388s] -- Configuring incomplete, errors occurred!
[0.388s] See also "/home/atharva/Learning_ROS2/ros2_ws/build/autocar_gazebo/CMakeFiles/CMakeOutput.log".
[0.404s] Invoked command in '/home/atharva/Learning_ROS2/ros2_ws/build/autocar_gazebo' returned '1': CMAKE_PREFIX_PATH=${CMAKE_PREFIX_PATH}:/opt/ros/humble /usr/bin/cmake /home/atharva/Learning_ROS2/ros2_ws/src/autocar/autocar_gazebo -DCMAKE_INSTALL_PREFIX=/home/atharva/Learning_ROS2/ros2_ws/install/autocar_gazebo
