[0.153s] Invoking command in '/home/atharva/Learning_ROS2/ros2_ws/build/my_robot_bringup': AMENT_PREFIX_PATH=/home/atharva/Learning_ROS2/ros2_ws/install/my_py_pkg:/home/atharva/Learning_ROS2/ros2_ws/install/my_robot_interfaces:/home/atharva/ros2_ws/install/turtlesim_catch_em_all:/home/atharva/ros2_ws/install/radio_station_bringup:/home/atharva/ros2_ws/install/my_robot_bringup:/home/atharva/ros2_ws/install/my_py_pkg:/home/atharva/ros2_ws/install/my_robot_interfaces:/home/atharva/ros2_ws/install/my_robot_description:/opt/ros/humble CMAKE_PREFIX_PATH=/home/atharva/Learning_ROS2/ros2_ws/install/my_robot_interfaces:/home/atharva/ros2_ws/install/radio_station_bringup:/home/atharva/ros2_ws/install/my_robot_bringup:/home/atharva/ros2_ws/install/my_robot_interfaces:/home/atharva/ros2_ws/install/my_robot_description:/home/atharva/ros2_ws/install/turtlesim_catch_em_all:/home/atharva/ros2_ws/install/my_py_pkg:/opt/ros/humble: LD_LIBRARY_PATH=/home/atharva/Learning_ROS2/ros2_ws/install/my_robot_interfaces/lib:${LD_LIBRARY_PATH} PYTHONPATH=/home/atharva/Learning_ROS2/ros2_ws/install/my_py_pkg/lib/python3.10/site-packages:/home/atharva/Learning_ROS2/ros2_ws/install/my_robot_interfaces/local/lib/python3.10/dist-packages:${PYTHONPATH} /usr/bin/cmake /home/atharva/Learning_ROS2/ros2_ws/src/my_robot_bringup -DCMAKE_INSTALL_PREFIX=/home/atharva/Learning_ROS2/ros2_ws/install/my_robot_bringup
[0.220s] -- The C compiler identification is GNU 11.4.0
[0.297s] -- The CXX compiler identification is GNU 11.4.0
[0.309s] -- Detecting C compiler ABI info
[0.401s] -- Detecting C compiler ABI info - done
[0.410s] -- Check for working C compiler: /usr/bin/cc - skipped
[0.410s] -- Detecting C compile features
[0.411s] -- Detecting C compile features - done
[0.415s] -- Detecting CXX compiler ABI info
[0.511s] -- Detecting CXX compiler ABI info - done
[0.528s] -- Check for working CXX compiler: /usr/bin/c++ - skipped
[0.528s] -- Detecting CXX compile features
[0.529s] -- Detecting CXX compile features - done
[0.534s] -- Found ament_cmake: 1.3.5 (/opt/ros/humble/share/ament_cmake/cmake)
[0.766s] -- Found Python3: /usr/bin/python3.10 (found version "3.10.12") found components: Interpreter 
[0.977s] -- Configuring done
[0.981s] -- Generating done
[0.983s] -- Build files have been written to: /home/atharva/Learning_ROS2/ros2_ws/build/my_robot_bringup
[0.992s] Invoked command in '/home/atharva/Learning_ROS2/ros2_ws/build/my_robot_bringup' returned '0': AMENT_PREFIX_PATH=/home/atharva/Learning_ROS2/ros2_ws/install/my_py_pkg:/home/atharva/Learning_ROS2/ros2_ws/install/my_robot_interfaces:/home/atharva/ros2_ws/install/turtlesim_catch_em_all:/home/atharva/ros2_ws/install/radio_station_bringup:/home/atharva/ros2_ws/install/my_robot_bringup:/home/atharva/ros2_ws/install/my_py_pkg:/home/atharva/ros2_ws/install/my_robot_interfaces:/home/atharva/ros2_ws/install/my_robot_description:/opt/ros/humble CMAKE_PREFIX_PATH=/home/atharva/Learning_ROS2/ros2_ws/install/my_robot_interfaces:/home/atharva/ros2_ws/install/radio_station_bringup:/home/atharva/ros2_ws/install/my_robot_bringup:/home/atharva/ros2_ws/install/my_robot_interfaces:/home/atharva/ros2_ws/install/my_robot_description:/home/atharva/ros2_ws/install/turtlesim_catch_em_all:/home/atharva/ros2_ws/install/my_py_pkg:/opt/ros/humble: LD_LIBRARY_PATH=/home/atharva/Learning_ROS2/ros2_ws/install/my_robot_interfaces/lib:${LD_LIBRARY_PATH} PYTHONPATH=/home/atharva/Learning_ROS2/ros2_ws/install/my_py_pkg/lib/python3.10/site-packages:/home/atharva/Learning_ROS2/ros2_ws/install/my_robot_interfaces/local/lib/python3.10/dist-packages:${PYTHONPATH} /usr/bin/cmake /home/atharva/Learning_ROS2/ros2_ws/src/my_robot_bringup -DCMAKE_INSTALL_PREFIX=/home/atharva/Learning_ROS2/ros2_ws/install/my_robot_bringup
[0.992s] Invoking command in '/home/atharva/Learning_ROS2/ros2_ws/build/my_robot_bringup': AMENT_PREFIX_PATH=/home/atharva/Learning_ROS2/ros2_ws/install/my_py_pkg:/home/atharva/Learning_ROS2/ros2_ws/install/my_robot_interfaces:/home/atharva/ros2_ws/install/turtlesim_catch_em_all:/home/atharva/ros2_ws/install/radio_station_bringup:/home/atharva/ros2_ws/install/my_robot_bringup:/home/atharva/ros2_ws/install/my_py_pkg:/home/atharva/ros2_ws/install/my_robot_interfaces:/home/atharva/ros2_ws/install/my_robot_description:/opt/ros/humble CMAKE_PREFIX_PATH=/home/atharva/Learning_ROS2/ros2_ws/install/my_robot_interfaces:/home/atharva/ros2_ws/install/radio_station_bringup:/home/atharva/ros2_ws/install/my_robot_bringup:/home/atharva/ros2_ws/install/my_robot_interfaces:/home/atharva/ros2_ws/install/my_robot_description:/home/atharva/ros2_ws/install/turtlesim_catch_em_all:/home/atharva/ros2_ws/install/my_py_pkg:/opt/ros/humble: LD_LIBRARY_PATH=/home/atharva/Learning_ROS2/ros2_ws/install/my_robot_interfaces/lib:${LD_LIBRARY_PATH} PYTHONPATH=/home/atharva/Learning_ROS2/ros2_ws/install/my_py_pkg/lib/python3.10/site-packages:/home/atharva/Learning_ROS2/ros2_ws/install/my_robot_interfaces/local/lib/python3.10/dist-packages:${PYTHONPATH} /usr/bin/cmake --build /home/atharva/Learning_ROS2/ros2_ws/build/my_robot_bringup -- -j4 -l4
[1.041s] Invoked command in '/home/atharva/Learning_ROS2/ros2_ws/build/my_robot_bringup' returned '0': AMENT_PREFIX_PATH=/home/atharva/Learning_ROS2/ros2_ws/install/my_py_pkg:/home/atharva/Learning_ROS2/ros2_ws/install/my_robot_interfaces:/home/atharva/ros2_ws/install/turtlesim_catch_em_all:/home/atharva/ros2_ws/install/radio_station_bringup:/home/atharva/ros2_ws/install/my_robot_bringup:/home/atharva/ros2_ws/install/my_py_pkg:/home/atharva/ros2_ws/install/my_robot_interfaces:/home/atharva/ros2_ws/install/my_robot_description:/opt/ros/humble CMAKE_PREFIX_PATH=/home/atharva/Learning_ROS2/ros2_ws/install/my_robot_interfaces:/home/atharva/ros2_ws/install/radio_station_bringup:/home/atharva/ros2_ws/install/my_robot_bringup:/home/atharva/ros2_ws/install/my_robot_interfaces:/home/atharva/ros2_ws/install/my_robot_description:/home/atharva/ros2_ws/install/turtlesim_catch_em_all:/home/atharva/ros2_ws/install/my_py_pkg:/opt/ros/humble: LD_LIBRARY_PATH=/home/atharva/Learning_ROS2/ros2_ws/install/my_robot_interfaces/lib:${LD_LIBRARY_PATH} PYTHONPATH=/home/atharva/Learning_ROS2/ros2_ws/install/my_py_pkg/lib/python3.10/site-packages:/home/atharva/Learning_ROS2/ros2_ws/install/my_robot_interfaces/local/lib/python3.10/dist-packages:${PYTHONPATH} /usr/bin/cmake --build /home/atharva/Learning_ROS2/ros2_ws/build/my_robot_bringup -- -j4 -l4
[1.068s] Invoking command in '/home/atharva/Learning_ROS2/ros2_ws/build/my_robot_bringup': AMENT_PREFIX_PATH=/home/atharva/Learning_ROS2/ros2_ws/install/my_py_pkg:/home/atharva/Learning_ROS2/ros2_ws/install/my_robot_interfaces:/home/atharva/ros2_ws/install/turtlesim_catch_em_all:/home/atharva/ros2_ws/install/radio_station_bringup:/home/atharva/ros2_ws/install/my_robot_bringup:/home/atharva/ros2_ws/install/my_py_pkg:/home/atharva/ros2_ws/install/my_robot_interfaces:/home/atharva/ros2_ws/install/my_robot_description:/opt/ros/humble CMAKE_PREFIX_PATH=/home/atharva/Learning_ROS2/ros2_ws/install/my_robot_interfaces:/home/atharva/ros2_ws/install/radio_station_bringup:/home/atharva/ros2_ws/install/my_robot_bringup:/home/atharva/ros2_ws/install/my_robot_interfaces:/home/atharva/ros2_ws/install/my_robot_description:/home/atharva/ros2_ws/install/turtlesim_catch_em_all:/home/atharva/ros2_ws/install/my_py_pkg:/opt/ros/humble: LD_LIBRARY_PATH=/home/atharva/Learning_ROS2/ros2_ws/install/my_robot_interfaces/lib:${LD_LIBRARY_PATH} PYTHONPATH=/home/atharva/Learning_ROS2/ros2_ws/install/my_py_pkg/lib/python3.10/site-packages:/home/atharva/Learning_ROS2/ros2_ws/install/my_robot_interfaces/local/lib/python3.10/dist-packages:${PYTHONPATH} /usr/bin/cmake --install /home/atharva/Learning_ROS2/ros2_ws/build/my_robot_bringup
[1.077s] -- Install configuration: ""
[1.077s] -- Installing: /home/atharva/Learning_ROS2/ros2_ws/install/my_robot_bringup/share/my_robot_bringup/launch
[1.078s] -- Installing: /home/atharva/Learning_ROS2/ros2_ws/install/my_robot_bringup/share/my_robot_bringup/launch/number_app.launch.py
[1.078s] -- Installing: /home/atharva/Learning_ROS2/ros2_ws/install/my_robot_bringup/share/ament_index/resource_index/package_run_dependencies/my_robot_bringup
[1.079s] -- Installing: /home/atharva/Learning_ROS2/ros2_ws/install/my_robot_bringup/share/ament_index/resource_index/parent_prefix_path/my_robot_bringup
[1.079s] -- Installing: /home/atharva/Learning_ROS2/ros2_ws/install/my_robot_bringup/share/my_robot_bringup/environment/ament_prefix_path.sh
[1.079s] -- Installing: /home/atharva/Learning_ROS2/ros2_ws/install/my_robot_bringup/share/my_robot_bringup/environment/ament_prefix_path.dsv
[1.080s] -- Installing: /home/atharva/Learning_ROS2/ros2_ws/install/my_robot_bringup/share/my_robot_bringup/environment/path.sh
[1.080s] -- Installing: /home/atharva/Learning_ROS2/ros2_ws/install/my_robot_bringup/share/my_robot_bringup/environment/path.dsv
[1.080s] -- Installing: /home/atharva/Learning_ROS2/ros2_ws/install/my_robot_bringup/share/my_robot_bringup/local_setup.bash
[1.081s] -- Installing: /home/atharva/Learning_ROS2/ros2_ws/install/my_robot_bringup/share/my_robot_bringup/local_setup.sh
[1.081s] -- Installing: /home/atharva/Learning_ROS2/ros2_ws/install/my_robot_bringup/share/my_robot_bringup/local_setup.zsh
[1.081s] -- Installing: /home/atharva/Learning_ROS2/ros2_ws/install/my_robot_bringup/share/my_robot_bringup/local_setup.dsv
[1.082s] -- Installing: /home/atharva/Learning_ROS2/ros2_ws/install/my_robot_bringup/share/my_robot_bringup/package.dsv
[1.082s] -- Installing: /home/atharva/Learning_ROS2/ros2_ws/install/my_robot_bringup/share/ament_index/resource_index/packages/my_robot_bringup
[1.082s] -- Installing: /home/atharva/Learning_ROS2/ros2_ws/install/my_robot_bringup/share/my_robot_bringup/cmake/my_robot_bringupConfig.cmake
[1.082s] -- Installing: /home/atharva/Learning_ROS2/ros2_ws/install/my_robot_bringup/share/my_robot_bringup/cmake/my_robot_bringupConfig-version.cmake
[1.083s] -- Installing: /home/atharva/Learning_ROS2/ros2_ws/install/my_robot_bringup/share/my_robot_bringup/package.xml
[1.085s] Invoked command in '/home/atharva/Learning_ROS2/ros2_ws/build/my_robot_bringup' returned '0': AMENT_PREFIX_PATH=/home/atharva/Learning_ROS2/ros2_ws/install/my_py_pkg:/home/atharva/Learning_ROS2/ros2_ws/install/my_robot_interfaces:/home/atharva/ros2_ws/install/turtlesim_catch_em_all:/home/atharva/ros2_ws/install/radio_station_bringup:/home/atharva/ros2_ws/install/my_robot_bringup:/home/atharva/ros2_ws/install/my_py_pkg:/home/atharva/ros2_ws/install/my_robot_interfaces:/home/atharva/ros2_ws/install/my_robot_description:/opt/ros/humble CMAKE_PREFIX_PATH=/home/atharva/Learning_ROS2/ros2_ws/install/my_robot_interfaces:/home/atharva/ros2_ws/install/radio_station_bringup:/home/atharva/ros2_ws/install/my_robot_bringup:/home/atharva/ros2_ws/install/my_robot_interfaces:/home/atharva/ros2_ws/install/my_robot_description:/home/atharva/ros2_ws/install/turtlesim_catch_em_all:/home/atharva/ros2_ws/install/my_py_pkg:/opt/ros/humble: LD_LIBRARY_PATH=/home/atharva/Learning_ROS2/ros2_ws/install/my_robot_interfaces/lib:${LD_LIBRARY_PATH} PYTHONPATH=/home/atharva/Learning_ROS2/ros2_ws/install/my_py_pkg/lib/python3.10/site-packages:/home/atharva/Learning_ROS2/ros2_ws/install/my_robot_interfaces/local/lib/python3.10/dist-packages:${PYTHONPATH} /usr/bin/cmake --install /home/atharva/Learning_ROS2/ros2_ws/build/my_robot_bringup
