[1.234s] DEBUG:colcon:Command line arguments: ['/usr/bin/colcon', 'build']
[1.234s] DEBUG:colcon:Parsed command line arguments: Namespace(log_base=None, log_level=None, verb_name='build', build_base='build', install_base='install', merge_install=False, symlink_install=False, test_result_base=None, continue_on_error=False, executor='parallel', parallel_workers=4, event_handlers=None, ignore_user_meta=False, metas=['./colcon.meta'], base_paths=['.'], packages_ignore=None, packages_ignore_regex=None, paths=None, packages_up_to=None, packages_up_to_regex=None, packages_above=None, packages_above_and_dependencies=None, packages_above_depth=None, packages_select_by_dep=None, packages_skip_by_dep=None, packages_skip_up_to=None, packages_select_build_failed=False, packages_skip_build_finished=False, packages_select_test_failures=False, packages_skip_test_passed=False, packages_select=None, packages_skip=None, packages_select_regex=None, packages_skip_regex=None, packages_start=None, packages_end=None, allow_overriding=[], cmake_args=None, cmake_target=None, cmake_target_skip_unavailable=False, cmake_clean_cache=False, cmake_clean_first=False, cmake_force_configure=False, ament_cmake_args=None, catkin_cmake_args=None, catkin_skip_building_tests=False, verb_parser=<colcon_defaults.argument_parser.defaults.DefaultArgumentsDecorator object at 0x7f24e3e79330>, verb_extension=<colcon_core.verb.build.BuildVerb object at 0x7f24e4097730>, main=<bound method BuildVerb.main of <colcon_core.verb.build.BuildVerb object at 0x7f24e4097730>>)
[1.289s] Level 1:colcon.colcon_core.package_discovery:discover_packages(colcon_meta) check parameters
[1.289s] Level 1:colcon.colcon_core.package_discovery:discover_packages(recursive) check parameters
[1.289s] Level 1:colcon.colcon_core.package_discovery:discover_packages(ignore) check parameters
[1.289s] Level 1:colcon.colcon_core.package_discovery:discover_packages(path) check parameters
[1.289s] Level 1:colcon.colcon_core.package_discovery:discover_packages(colcon_meta) discover
[1.289s] Level 1:colcon.colcon_core.package_discovery:discover_packages(recursive) discover
[1.289s] INFO:colcon.colcon_core.package_discovery:Crawling recursively for packages in '/home/atharva/ros2_ws'
[1.289s] Level 1:colcon.colcon_core.package_identification:_identify(.) by extensions ['ignore', 'ignore_ament_install']
[1.289s] Level 1:colcon.colcon_core.package_identification:_identify(.) by extension 'ignore'
[1.289s] Level 1:colcon.colcon_core.package_identification:_identify(.) by extension 'ignore_ament_install'
[1.290s] Level 1:colcon.colcon_core.package_identification:_identify(.) by extensions ['colcon_pkg']
[1.290s] Level 1:colcon.colcon_core.package_identification:_identify(.) by extension 'colcon_pkg'
[1.290s] Level 1:colcon.colcon_core.package_identification:_identify(.) by extensions ['colcon_meta']
[1.290s] Level 1:colcon.colcon_core.package_identification:_identify(.) by extension 'colcon_meta'
[1.290s] Level 1:colcon.colcon_core.package_identification:_identify(.) by extensions ['ros']
[1.290s] Level 1:colcon.colcon_core.package_identification:_identify(.) by extension 'ros'
[1.303s] Level 1:colcon.colcon_core.package_identification:_identify(.) by extensions ['cmake', 'python']
[1.303s] Level 1:colcon.colcon_core.package_identification:_identify(.) by extension 'cmake'
[1.303s] Level 1:colcon.colcon_core.package_identification:_identify(.) by extension 'python'
[1.303s] Level 1:colcon.colcon_core.package_identification:_identify(.) by extensions ['python_setup_py']
[1.303s] Level 1:colcon.colcon_core.package_identification:_identify(.) by extension 'python_setup_py'
[1.303s] Level 1:colcon.colcon_core.package_identification:_identify(build) by extensions ['ignore', 'ignore_ament_install']
[1.303s] Level 1:colcon.colcon_core.package_identification:_identify(build) by extension 'ignore'
[1.303s] Level 1:colcon.colcon_core.package_identification:_identify(build) ignored
[1.304s] Level 1:colcon.colcon_core.package_identification:_identify(install) by extensions ['ignore', 'ignore_ament_install']
[1.304s] Level 1:colcon.colcon_core.package_identification:_identify(install) by extension 'ignore'
[1.304s] Level 1:colcon.colcon_core.package_identification:_identify(install) ignored
[1.304s] Level 1:colcon.colcon_core.package_identification:_identify(log) by extensions ['ignore', 'ignore_ament_install']
[1.304s] Level 1:colcon.colcon_core.package_identification:_identify(log) by extension 'ignore'
[1.304s] Level 1:colcon.colcon_core.package_identification:_identify(log) ignored
[1.304s] Level 1:colcon.colcon_core.package_identification:_identify(src) by extensions ['ignore', 'ignore_ament_install']
[1.304s] Level 1:colcon.colcon_core.package_identification:_identify(src) by extension 'ignore'
[1.304s] Level 1:colcon.colcon_core.package_identification:_identify(src) by extension 'ignore_ament_install'
[1.304s] Level 1:colcon.colcon_core.package_identification:_identify(src) by extensions ['colcon_pkg']
[1.304s] Level 1:colcon.colcon_core.package_identification:_identify(src) by extension 'colcon_pkg'
[1.304s] Level 1:colcon.colcon_core.package_identification:_identify(src) by extensions ['colcon_meta']
[1.304s] Level 1:colcon.colcon_core.package_identification:_identify(src) by extension 'colcon_meta'
[1.304s] Level 1:colcon.colcon_core.package_identification:_identify(src) by extensions ['ros']
[1.304s] Level 1:colcon.colcon_core.package_identification:_identify(src) by extension 'ros'
[1.305s] Level 1:colcon.colcon_core.package_identification:_identify(src) by extensions ['cmake', 'python']
[1.305s] Level 1:colcon.colcon_core.package_identification:_identify(src) by extension 'cmake'
[1.305s] Level 1:colcon.colcon_core.package_identification:_identify(src) by extension 'python'
[1.305s] Level 1:colcon.colcon_core.package_identification:_identify(src) by extensions ['python_setup_py']
[1.305s] Level 1:colcon.colcon_core.package_identification:_identify(src) by extension 'python_setup_py'
[1.305s] Level 1:colcon.colcon_core.package_identification:_identify(src/my_py_pkg) by extensions ['ignore', 'ignore_ament_install']
[1.305s] Level 1:colcon.colcon_core.package_identification:_identify(src/my_py_pkg) by extension 'ignore'
[1.305s] Level 1:colcon.colcon_core.package_identification:_identify(src/my_py_pkg) by extension 'ignore_ament_install'
[1.305s] Level 1:colcon.colcon_core.package_identification:_identify(src/my_py_pkg) by extensions ['colcon_pkg']
[1.305s] Level 1:colcon.colcon_core.package_identification:_identify(src/my_py_pkg) by extension 'colcon_pkg'
[1.305s] Level 1:colcon.colcon_core.package_identification:_identify(src/my_py_pkg) by extensions ['colcon_meta']
[1.305s] Level 1:colcon.colcon_core.package_identification:_identify(src/my_py_pkg) by extension 'colcon_meta'
[1.305s] Level 1:colcon.colcon_core.package_identification:_identify(src/my_py_pkg) by extensions ['ros']
[1.305s] Level 1:colcon.colcon_core.package_identification:_identify(src/my_py_pkg) by extension 'ros'
[1.308s] DEBUG:colcon.colcon_core.package_identification:Package 'src/my_py_pkg' with type 'ros.ament_python' and name 'my_py_pkg'
[1.308s] Level 1:colcon.colcon_core.package_identification:_identify(src/my_robot_bringup) by extensions ['ignore', 'ignore_ament_install']
[1.308s] Level 1:colcon.colcon_core.package_identification:_identify(src/my_robot_bringup) by extension 'ignore'
[1.308s] Level 1:colcon.colcon_core.package_identification:_identify(src/my_robot_bringup) by extension 'ignore_ament_install'
[1.308s] Level 1:colcon.colcon_core.package_identification:_identify(src/my_robot_bringup) by extensions ['colcon_pkg']
[1.309s] Level 1:colcon.colcon_core.package_identification:_identify(src/my_robot_bringup) by extension 'colcon_pkg'
[1.309s] Level 1:colcon.colcon_core.package_identification:_identify(src/my_robot_bringup) by extensions ['colcon_meta']
[1.309s] Level 1:colcon.colcon_core.package_identification:_identify(src/my_robot_bringup) by extension 'colcon_meta'
[1.309s] Level 1:colcon.colcon_core.package_identification:_identify(src/my_robot_bringup) by extensions ['ros']
[1.309s] Level 1:colcon.colcon_core.package_identification:_identify(src/my_robot_bringup) by extension 'ros'
[1.309s] DEBUG:colcon.colcon_core.package_identification:Package 'src/my_robot_bringup' with type 'ros.ament_cmake' and name 'my_robot_bringup'
[1.309s] Level 1:colcon.colcon_core.package_identification:_identify(src/my_robot_description) by extensions ['ignore', 'ignore_ament_install']
[1.309s] Level 1:colcon.colcon_core.package_identification:_identify(src/my_robot_description) by extension 'ignore'
[1.309s] Level 1:colcon.colcon_core.package_identification:_identify(src/my_robot_description) by extension 'ignore_ament_install'
[1.310s] Level 1:colcon.colcon_core.package_identification:_identify(src/my_robot_description) by extensions ['colcon_pkg']
[1.310s] Level 1:colcon.colcon_core.package_identification:_identify(src/my_robot_description) by extension 'colcon_pkg'
[1.310s] Level 1:colcon.colcon_core.package_identification:_identify(src/my_robot_description) by extensions ['colcon_meta']
[1.310s] Level 1:colcon.colcon_core.package_identification:_identify(src/my_robot_description) by extension 'colcon_meta'
[1.310s] Level 1:colcon.colcon_core.package_identification:_identify(src/my_robot_description) by extensions ['ros']
[1.310s] Level 1:colcon.colcon_core.package_identification:_identify(src/my_robot_description) by extension 'ros'
[1.310s] DEBUG:colcon.colcon_core.package_identification:Package 'src/my_robot_description' with type 'ros.ament_cmake' and name 'my_robot_description'
[1.310s] Level 1:colcon.colcon_core.package_identification:_identify(src/my_robot_interfaces) by extensions ['ignore', 'ignore_ament_install']
[1.310s] Level 1:colcon.colcon_core.package_identification:_identify(src/my_robot_interfaces) by extension 'ignore'
[1.310s] Level 1:colcon.colcon_core.package_identification:_identify(src/my_robot_interfaces) by extension 'ignore_ament_install'
[1.311s] Level 1:colcon.colcon_core.package_identification:_identify(src/my_robot_interfaces) by extensions ['colcon_pkg']
[1.311s] Level 1:colcon.colcon_core.package_identification:_identify(src/my_robot_interfaces) by extension 'colcon_pkg'
[1.311s] Level 1:colcon.colcon_core.package_identification:_identify(src/my_robot_interfaces) by extensions ['colcon_meta']
[1.311s] Level 1:colcon.colcon_core.package_identification:_identify(src/my_robot_interfaces) by extension 'colcon_meta'
[1.311s] Level 1:colcon.colcon_core.package_identification:_identify(src/my_robot_interfaces) by extensions ['ros']
[1.311s] Level 1:colcon.colcon_core.package_identification:_identify(src/my_robot_interfaces) by extension 'ros'
[1.311s] DEBUG:colcon.colcon_core.package_identification:Package 'src/my_robot_interfaces' with type 'ros.ament_cmake' and name 'my_robot_interfaces'
[1.311s] Level 1:colcon.colcon_core.package_identification:_identify(src/radio_station_bringup) by extensions ['ignore', 'ignore_ament_install']
[1.312s] Level 1:colcon.colcon_core.package_identification:_identify(src/radio_station_bringup) by extension 'ignore'
[1.312s] Level 1:colcon.colcon_core.package_identification:_identify(src/radio_station_bringup) by extension 'ignore_ament_install'
[1.312s] Level 1:colcon.colcon_core.package_identification:_identify(src/radio_station_bringup) by extensions ['colcon_pkg']
[1.312s] Level 1:colcon.colcon_core.package_identification:_identify(src/radio_station_bringup) by extension 'colcon_pkg'
[1.312s] Level 1:colcon.colcon_core.package_identification:_identify(src/radio_station_bringup) by extensions ['colcon_meta']
[1.312s] Level 1:colcon.colcon_core.package_identification:_identify(src/radio_station_bringup) by extension 'colcon_meta'
[1.312s] Level 1:colcon.colcon_core.package_identification:_identify(src/radio_station_bringup) by extensions ['ros']
[1.312s] Level 1:colcon.colcon_core.package_identification:_identify(src/radio_station_bringup) by extension 'ros'
[1.312s] DEBUG:colcon.colcon_core.package_identification:Package 'src/radio_station_bringup' with type 'ros.ament_cmake' and name 'radio_station_bringup'
[1.312s] Level 1:colcon.colcon_core.package_identification:_identify(src/turtlesim_catch_em_all) by extensions ['ignore', 'ignore_ament_install']
[1.313s] Level 1:colcon.colcon_core.package_identification:_identify(src/turtlesim_catch_em_all) by extension 'ignore'
[1.313s] Level 1:colcon.colcon_core.package_identification:_identify(src/turtlesim_catch_em_all) by extension 'ignore_ament_install'
[1.313s] Level 1:colcon.colcon_core.package_identification:_identify(src/turtlesim_catch_em_all) by extensions ['colcon_pkg']
[1.313s] Level 1:colcon.colcon_core.package_identification:_identify(src/turtlesim_catch_em_all) by extension 'colcon_pkg'
[1.313s] Level 1:colcon.colcon_core.package_identification:_identify(src/turtlesim_catch_em_all) by extensions ['colcon_meta']
[1.313s] Level 1:colcon.colcon_core.package_identification:_identify(src/turtlesim_catch_em_all) by extension 'colcon_meta'
[1.313s] Level 1:colcon.colcon_core.package_identification:_identify(src/turtlesim_catch_em_all) by extensions ['ros']
[1.313s] Level 1:colcon.colcon_core.package_identification:_identify(src/turtlesim_catch_em_all) by extension 'ros'
[1.314s] DEBUG:colcon.colcon_core.package_identification:Package 'src/turtlesim_catch_em_all' with type 'ros.ament_python' and name 'turtlesim_catch_em_all'
[1.314s] Level 1:colcon.colcon_core.package_discovery:discover_packages(recursive) using defaults
[1.314s] Level 1:colcon.colcon_core.package_discovery:discover_packages(ignore) discover
[1.314s] Level 1:colcon.colcon_core.package_discovery:discover_packages(ignore) using defaults
[1.314s] Level 1:colcon.colcon_core.package_discovery:discover_packages(path) discover
[1.314s] Level 1:colcon.colcon_core.package_discovery:discover_packages(path) using defaults
[1.423s] Level 1:colcon.colcon_core.package_discovery:discover_packages(prefix_path) check parameters
[1.423s] Level 1:colcon.colcon_core.package_discovery:discover_packages(prefix_path) discover
[1.459s] DEBUG:colcon.colcon_installed_package_information.package_discovery:Found 6 installed packages in /home/atharva/ros2_ws/install
[1.459s] Level 1:colcon.colcon_core.package_discovery:discover_packages(prefix_path) using defaults
[1.495s] Level 5:colcon.colcon_core.verb:set package 'my_robot_description' build argument 'cmake_args' from command line to 'None'
[1.495s] Level 5:colcon.colcon_core.verb:set package 'my_robot_description' build argument 'cmake_target' from command line to 'None'
[1.495s] Level 5:colcon.colcon_core.verb:set package 'my_robot_description' build argument 'cmake_target_skip_unavailable' from command line to 'False'
[1.495s] Level 5:colcon.colcon_core.verb:set package 'my_robot_description' build argument 'cmake_clean_cache' from command line to 'False'
[1.495s] Level 5:colcon.colcon_core.verb:set package 'my_robot_description' build argument 'cmake_clean_first' from command line to 'False'
[1.495s] Level 5:colcon.colcon_core.verb:set package 'my_robot_description' build argument 'cmake_force_configure' from command line to 'False'
[1.495s] Level 5:colcon.colcon_core.verb:set package 'my_robot_description' build argument 'ament_cmake_args' from command line to 'None'
[1.495s] Level 5:colcon.colcon_core.verb:set package 'my_robot_description' build argument 'catkin_cmake_args' from command line to 'None'
[1.495s] Level 5:colcon.colcon_core.verb:set package 'my_robot_description' build argument 'catkin_skip_building_tests' from command line to 'False'
[1.495s] DEBUG:colcon.colcon_core.verb:Building package 'my_robot_description' with the following arguments: {'ament_cmake_args': None, 'build_base': '/home/atharva/ros2_ws/build/my_robot_description', 'catkin_cmake_args': None, 'catkin_skip_building_tests': False, 'cmake_args': None, 'cmake_clean_cache': False, 'cmake_clean_first': False, 'cmake_force_configure': False, 'cmake_target': None, 'cmake_target_skip_unavailable': False, 'install_base': '/home/atharva/ros2_ws/install/my_robot_description', 'merge_install': False, 'path': '/home/atharva/ros2_ws/src/my_robot_description', 'symlink_install': False, 'test_result_base': None}
[1.513s] Level 5:colcon.colcon_core.verb:set package 'my_robot_interfaces' build argument 'cmake_args' from command line to 'None'
[1.513s] Level 5:colcon.colcon_core.verb:set package 'my_robot_interfaces' build argument 'cmake_target' from command line to 'None'
[1.513s] Level 5:colcon.colcon_core.verb:set package 'my_robot_interfaces' build argument 'cmake_target_skip_unavailable' from command line to 'False'
[1.513s] Level 5:colcon.colcon_core.verb:set package 'my_robot_interfaces' build argument 'cmake_clean_cache' from command line to 'False'
[1.513s] Level 5:colcon.colcon_core.verb:set package 'my_robot_interfaces' build argument 'cmake_clean_first' from command line to 'False'
[1.513s] Level 5:colcon.colcon_core.verb:set package 'my_robot_interfaces' build argument 'cmake_force_configure' from command line to 'False'
[1.513s] Level 5:colcon.colcon_core.verb:set package 'my_robot_interfaces' build argument 'ament_cmake_args' from command line to 'None'
[1.513s] Level 5:colcon.colcon_core.verb:set package 'my_robot_interfaces' build argument 'catkin_cmake_args' from command line to 'None'
[1.513s] Level 5:colcon.colcon_core.verb:set package 'my_robot_interfaces' build argument 'catkin_skip_building_tests' from command line to 'False'
[1.513s] DEBUG:colcon.colcon_core.verb:Building package 'my_robot_interfaces' with the following arguments: {'ament_cmake_args': None, 'build_base': '/home/atharva/ros2_ws/build/my_robot_interfaces', 'catkin_cmake_args': None, 'catkin_skip_building_tests': False, 'cmake_args': None, 'cmake_clean_cache': False, 'cmake_clean_first': False, 'cmake_force_configure': False, 'cmake_target': None, 'cmake_target_skip_unavailable': False, 'install_base': '/home/atharva/ros2_ws/install/my_robot_interfaces', 'merge_install': False, 'path': '/home/atharva/ros2_ws/src/my_robot_interfaces', 'symlink_install': False, 'test_result_base': None}
[1.530s] Level 5:colcon.colcon_core.verb:set package 'my_py_pkg' build argument 'cmake_args' from command line to 'None'
[1.530s] Level 5:colcon.colcon_core.verb:set package 'my_py_pkg' build argument 'cmake_target' from command line to 'None'
[1.530s] Level 5:colcon.colcon_core.verb:set package 'my_py_pkg' build argument 'cmake_target_skip_unavailable' from command line to 'False'
[1.530s] Level 5:colcon.colcon_core.verb:set package 'my_py_pkg' build argument 'cmake_clean_cache' from command line to 'False'
[1.530s] Level 5:colcon.colcon_core.verb:set package 'my_py_pkg' build argument 'cmake_clean_first' from command line to 'False'
[1.530s] Level 5:colcon.colcon_core.verb:set package 'my_py_pkg' build argument 'cmake_force_configure' from command line to 'False'
[1.530s] Level 5:colcon.colcon_core.verb:set package 'my_py_pkg' build argument 'ament_cmake_args' from command line to 'None'
[1.530s] Level 5:colcon.colcon_core.verb:set package 'my_py_pkg' build argument 'catkin_cmake_args' from command line to 'None'
[1.530s] Level 5:colcon.colcon_core.verb:set package 'my_py_pkg' build argument 'catkin_skip_building_tests' from command line to 'False'
[1.530s] DEBUG:colcon.colcon_core.verb:Building package 'my_py_pkg' with the following arguments: {'ament_cmake_args': None, 'build_base': '/home/atharva/ros2_ws/build/my_py_pkg', 'catkin_cmake_args': None, 'catkin_skip_building_tests': False, 'cmake_args': None, 'cmake_clean_cache': False, 'cmake_clean_first': False, 'cmake_force_configure': False, 'cmake_target': None, 'cmake_target_skip_unavailable': False, 'install_base': '/home/atharva/ros2_ws/install/my_py_pkg', 'merge_install': False, 'path': '/home/atharva/ros2_ws/src/my_py_pkg', 'symlink_install': False, 'test_result_base': None}
[1.548s] Level 5:colcon.colcon_core.verb:set package 'turtlesim_catch_em_all' build argument 'cmake_args' from command line to 'None'
[1.548s] Level 5:colcon.colcon_core.verb:set package 'turtlesim_catch_em_all' build argument 'cmake_target' from command line to 'None'
[1.548s] Level 5:colcon.colcon_core.verb:set package 'turtlesim_catch_em_all' build argument 'cmake_target_skip_unavailable' from command line to 'False'
[1.548s] Level 5:colcon.colcon_core.verb:set package 'turtlesim_catch_em_all' build argument 'cmake_clean_cache' from command line to 'False'
[1.548s] Level 5:colcon.colcon_core.verb:set package 'turtlesim_catch_em_all' build argument 'cmake_clean_first' from command line to 'False'
[1.548s] Level 5:colcon.colcon_core.verb:set package 'turtlesim_catch_em_all' build argument 'cmake_force_configure' from command line to 'False'
[1.548s] Level 5:colcon.colcon_core.verb:set package 'turtlesim_catch_em_all' build argument 'ament_cmake_args' from command line to 'None'
[1.548s] Level 5:colcon.colcon_core.verb:set package 'turtlesim_catch_em_all' build argument 'catkin_cmake_args' from command line to 'None'
[1.548s] Level 5:colcon.colcon_core.verb:set package 'turtlesim_catch_em_all' build argument 'catkin_skip_building_tests' from command line to 'False'
[1.548s] DEBUG:colcon.colcon_core.verb:Building package 'turtlesim_catch_em_all' with the following arguments: {'ament_cmake_args': None, 'build_base': '/home/atharva/ros2_ws/build/turtlesim_catch_em_all', 'catkin_cmake_args': None, 'catkin_skip_building_tests': False, 'cmake_args': None, 'cmake_clean_cache': False, 'cmake_clean_first': False, 'cmake_force_configure': False, 'cmake_target': None, 'cmake_target_skip_unavailable': False, 'install_base': '/home/atharva/ros2_ws/install/turtlesim_catch_em_all', 'merge_install': False, 'path': '/home/atharva/ros2_ws/src/turtlesim_catch_em_all', 'symlink_install': False, 'test_result_base': None}
[1.566s] Level 5:colcon.colcon_core.verb:set package 'my_robot_bringup' build argument 'cmake_args' from command line to 'None'
[1.566s] Level 5:colcon.colcon_core.verb:set package 'my_robot_bringup' build argument 'cmake_target' from command line to 'None'
[1.566s] Level 5:colcon.colcon_core.verb:set package 'my_robot_bringup' build argument 'cmake_target_skip_unavailable' from command line to 'False'
[1.566s] Level 5:colcon.colcon_core.verb:set package 'my_robot_bringup' build argument 'cmake_clean_cache' from command line to 'False'
[1.566s] Level 5:colcon.colcon_core.verb:set package 'my_robot_bringup' build argument 'cmake_clean_first' from command line to 'False'
[1.566s] Level 5:colcon.colcon_core.verb:set package 'my_robot_bringup' build argument 'cmake_force_configure' from command line to 'False'
[1.566s] Level 5:colcon.colcon_core.verb:set package 'my_robot_bringup' build argument 'ament_cmake_args' from command line to 'None'
[1.566s] Level 5:colcon.colcon_core.verb:set package 'my_robot_bringup' build argument 'catkin_cmake_args' from command line to 'None'
[1.566s] Level 5:colcon.colcon_core.verb:set package 'my_robot_bringup' build argument 'catkin_skip_building_tests' from command line to 'False'
[1.566s] DEBUG:colcon.colcon_core.verb:Building package 'my_robot_bringup' with the following arguments: {'ament_cmake_args': None, 'build_base': '/home/atharva/ros2_ws/build/my_robot_bringup', 'catkin_cmake_args': None, 'catkin_skip_building_tests': False, 'cmake_args': None, 'cmake_clean_cache': False, 'cmake_clean_first': False, 'cmake_force_configure': False, 'cmake_target': None, 'cmake_target_skip_unavailable': False, 'install_base': '/home/atharva/ros2_ws/install/my_robot_bringup', 'merge_install': False, 'path': '/home/atharva/ros2_ws/src/my_robot_bringup', 'symlink_install': False, 'test_result_base': None}
[1.583s] Level 5:colcon.colcon_core.verb:set package 'radio_station_bringup' build argument 'cmake_args' from command line to 'None'
[1.583s] Level 5:colcon.colcon_core.verb:set package 'radio_station_bringup' build argument 'cmake_target' from command line to 'None'
[1.583s] Level 5:colcon.colcon_core.verb:set package 'radio_station_bringup' build argument 'cmake_target_skip_unavailable' from command line to 'False'
[1.583s] Level 5:colcon.colcon_core.verb:set package 'radio_station_bringup' build argument 'cmake_clean_cache' from command line to 'False'
[1.583s] Level 5:colcon.colcon_core.verb:set package 'radio_station_bringup' build argument 'cmake_clean_first' from command line to 'False'
[1.583s] Level 5:colcon.colcon_core.verb:set package 'radio_station_bringup' build argument 'cmake_force_configure' from command line to 'False'
[1.583s] Level 5:colcon.colcon_core.verb:set package 'radio_station_bringup' build argument 'ament_cmake_args' from command line to 'None'
[1.583s] Level 5:colcon.colcon_core.verb:set package 'radio_station_bringup' build argument 'catkin_cmake_args' from command line to 'None'
[1.584s] Level 5:colcon.colcon_core.verb:set package 'radio_station_bringup' build argument 'catkin_skip_building_tests' from command line to 'False'
[1.584s] DEBUG:colcon.colcon_core.verb:Building package 'radio_station_bringup' with the following arguments: {'ament_cmake_args': None, 'build_base': '/home/atharva/ros2_ws/build/radio_station_bringup', 'catkin_cmake_args': None, 'catkin_skip_building_tests': False, 'cmake_args': None, 'cmake_clean_cache': False, 'cmake_clean_first': False, 'cmake_force_configure': False, 'cmake_target': None, 'cmake_target_skip_unavailable': False, 'install_base': '/home/atharva/ros2_ws/install/radio_station_bringup', 'merge_install': False, 'path': '/home/atharva/ros2_ws/src/radio_station_bringup', 'symlink_install': False, 'test_result_base': None}
[1.600s] INFO:colcon.colcon_core.executor:Executing jobs using 'parallel' executor
[1.622s] DEBUG:colcon.colcon_parallel_executor.executor.parallel:run_until_complete
[1.622s] INFO:colcon.colcon_ros.task.ament_cmake.build:Building ROS package in '/home/atharva/ros2_ws/src/my_robot_interfaces' with build type 'ament_cmake'
[1.623s] INFO:colcon.colcon_cmake.task.cmake.build:Building CMake package in '/home/atharva/ros2_ws/src/my_robot_interfaces'
[1.647s] INFO:colcon.colcon_core.plugin_system:Skipping extension 'colcon_core.shell.bat': Not used on non-Windows systems
[1.648s] INFO:colcon.colcon_core.shell:Skip shell extension 'powershell' for command environment: Not usable outside of PowerShell
[1.648s] DEBUG:colcon.colcon_core.shell:Skip shell extension 'dsv' for command environment
[1.699s] INFO:colcon.colcon_ros.task.ament_cmake.build:Building ROS package in '/home/atharva/ros2_ws/src/my_robot_description' with build type 'ament_cmake'
[1.700s] INFO:colcon.colcon_cmake.task.cmake.build:Building CMake package in '/home/atharva/ros2_ws/src/my_robot_description'
[1.718s] INFO:colcon.colcon_core.shell:Skip shell extension 'powershell' for command environment: Not usable outside of PowerShell
[1.718s] DEBUG:colcon.colcon_core.shell:Skip shell extension 'dsv' for command environment
[1.776s] DEBUG:colcon.colcon_core.event_handler.log_command:Invoking command in '/home/atharva/ros2_ws/build/my_robot_interfaces': /usr/bin/cmake --build /home/atharva/ros2_ws/build/my_robot_interfaces -- -j4 -l4
[1.780s] DEBUG:colcon.colcon_core.event_handler.log_command:Invoking command in '/home/atharva/ros2_ws/build/my_robot_description': /usr/bin/cmake --build /home/atharva/ros2_ws/build/my_robot_description -- -j4 -l4
[1.819s] DEBUG:colcon.colcon_core.event_handler.log_command:Invoked command in '/home/atharva/ros2_ws/build/my_robot_description' returned '0': /usr/bin/cmake --build /home/atharva/ros2_ws/build/my_robot_description -- -j4 -l4
[1.852s] DEBUG:colcon.colcon_core.event_handler.log_command:Invoking command in '/home/atharva/ros2_ws/build/my_robot_description': /usr/bin/cmake --install /home/atharva/ros2_ws/build/my_robot_description
[1.864s] Level 1:colcon.colcon_core.environment:create_environment_scripts_only(my_robot_description)
[1.865s] DEBUG:colcon.colcon_core.event_handler.log_command:Invoked command in '/home/atharva/ros2_ws/build/my_robot_description' returned '0': /usr/bin/cmake --install /home/atharva/ros2_ws/build/my_robot_description
[1.889s] Level 1:colcon.colcon_core.environment:checking '/home/atharva/ros2_ws/install/my_robot_description' for CMake module files
[1.889s] Level 1:colcon.colcon_core.environment:checking '/home/atharva/ros2_ws/install/my_robot_description' for CMake config files
[1.890s] Level 1:colcon.colcon_core.shell:create_environment_hook('my_robot_description', 'cmake_prefix_path')
[1.910s] INFO:colcon.colcon_core.shell:Creating environment hook '/home/atharva/ros2_ws/install/my_robot_description/share/my_robot_description/hook/cmake_prefix_path.ps1'
[1.910s] INFO:colcon.colcon_core.shell:Creating environment descriptor '/home/atharva/ros2_ws/install/my_robot_description/share/my_robot_description/hook/cmake_prefix_path.dsv'
[1.911s] INFO:colcon.colcon_core.shell:Creating environment hook '/home/atharva/ros2_ws/install/my_robot_description/share/my_robot_description/hook/cmake_prefix_path.sh'
[1.912s] Level 1:colcon.colcon_core.environment:checking '/home/atharva/ros2_ws/install/my_robot_description/bin'
[1.912s] Level 1:colcon.colcon_core.environment:checking '/home/atharva/ros2_ws/install/my_robot_description/lib/pkgconfig/my_robot_description.pc'
[1.914s] Level 1:colcon.colcon_core.environment:checking '/home/atharva/ros2_ws/install/my_robot_description/lib/python3.10/site-packages'
[1.915s] Level 1:colcon.colcon_core.environment:checking '/home/atharva/ros2_ws/install/my_robot_description/bin'
[1.944s] INFO:colcon.colcon_core.shell:Creating package script '/home/atharva/ros2_ws/install/my_robot_description/share/my_robot_description/package.ps1'
[1.946s] INFO:colcon.colcon_core.shell:Creating package descriptor '/home/atharva/ros2_ws/install/my_robot_description/share/my_robot_description/package.dsv'
[1.946s] INFO:colcon.colcon_core.shell:Creating package script '/home/atharva/ros2_ws/install/my_robot_description/share/my_robot_description/package.sh'
[1.948s] INFO:colcon.colcon_core.shell:Creating package script '/home/atharva/ros2_ws/install/my_robot_description/share/my_robot_description/package.bash'
[1.949s] INFO:colcon.colcon_core.shell:Creating package script '/home/atharva/ros2_ws/install/my_robot_description/share/my_robot_description/package.zsh'
[1.951s] Level 1:colcon.colcon_core.environment:create_file_with_runtime_dependencies(/home/atharva/ros2_ws/install/my_robot_description/share/colcon-core/packages/my_robot_description)
[2.012s] Level 1:colcon.colcon_core.environment:create_environment_scripts_only(my_robot_description)
[2.035s] Level 1:colcon.colcon_core.environment:checking '/home/atharva/ros2_ws/install/my_robot_description' for CMake module files
[2.036s] Level 1:colcon.colcon_core.environment:checking '/home/atharva/ros2_ws/install/my_robot_description' for CMake config files
[2.036s] Level 1:colcon.colcon_core.shell:create_environment_hook('my_robot_description', 'cmake_prefix_path')
[2.059s] INFO:colcon.colcon_core.shell:Creating environment hook '/home/atharva/ros2_ws/install/my_robot_description/share/my_robot_description/hook/cmake_prefix_path.ps1'
[2.060s] INFO:colcon.colcon_core.shell:Creating environment descriptor '/home/atharva/ros2_ws/install/my_robot_description/share/my_robot_description/hook/cmake_prefix_path.dsv'
[2.061s] INFO:colcon.colcon_core.shell:Creating environment hook '/home/atharva/ros2_ws/install/my_robot_description/share/my_robot_description/hook/cmake_prefix_path.sh'
[2.061s] Level 1:colcon.colcon_core.environment:checking '/home/atharva/ros2_ws/install/my_robot_description/bin'
[2.061s] Level 1:colcon.colcon_core.environment:checking '/home/atharva/ros2_ws/install/my_robot_description/lib/pkgconfig/my_robot_description.pc'
[2.062s] Level 1:colcon.colcon_core.environment:checking '/home/atharva/ros2_ws/install/my_robot_description/lib/python3.10/site-packages'
[2.062s] Level 1:colcon.colcon_core.environment:checking '/home/atharva/ros2_ws/install/my_robot_description/bin'
[2.082s] INFO:colcon.colcon_core.shell:Creating package script '/home/atharva/ros2_ws/install/my_robot_description/share/my_robot_description/package.ps1'
[2.082s] INFO:colcon.colcon_core.shell:Creating package descriptor '/home/atharva/ros2_ws/install/my_robot_description/share/my_robot_description/package.dsv'
[2.083s] INFO:colcon.colcon_core.shell:Creating package script '/home/atharva/ros2_ws/install/my_robot_description/share/my_robot_description/package.sh'
[2.083s] INFO:colcon.colcon_core.shell:Creating package script '/home/atharva/ros2_ws/install/my_robot_description/share/my_robot_description/package.bash'
[2.084s] INFO:colcon.colcon_core.shell:Creating package script '/home/atharva/ros2_ws/install/my_robot_description/share/my_robot_description/package.zsh'
[2.084s] Level 1:colcon.colcon_core.environment:create_file_with_runtime_dependencies(/home/atharva/ros2_ws/install/my_robot_description/share/colcon-core/packages/my_robot_description)
[2.626s] DEBUG:colcon.colcon_core.event_handler.log_command:Invoked command in '/home/atharva/ros2_ws/build/my_robot_interfaces' returned '0': /usr/bin/cmake --build /home/atharva/ros2_ws/build/my_robot_interfaces -- -j4 -l4
[2.792s] DEBUG:colcon.colcon_core.event_handler.log_command:Invoking command in '/home/atharva/ros2_ws/build/my_robot_interfaces': /usr/bin/cmake --install /home/atharva/ros2_ws/build/my_robot_interfaces
[3.065s] Level 1:colcon.colcon_core.environment:create_environment_scripts_only(my_robot_interfaces)
[3.065s] DEBUG:colcon.colcon_core.event_handler.log_command:Invoked command in '/home/atharva/ros2_ws/build/my_robot_interfaces' returned '0': /usr/bin/cmake --install /home/atharva/ros2_ws/build/my_robot_interfaces
[3.083s] Level 1:colcon.colcon_core.environment:checking '/home/atharva/ros2_ws/install/my_robot_interfaces' for CMake module files
[3.084s] Level 1:colcon.colcon_core.environment:checking '/home/atharva/ros2_ws/install/my_robot_interfaces' for CMake config files
[3.084s] Level 1:colcon.colcon_core.shell:create_environment_hook('my_robot_interfaces', 'cmake_prefix_path')
[3.102s] INFO:colcon.colcon_core.shell:Creating environment hook '/home/atharva/ros2_ws/install/my_robot_interfaces/share/my_robot_interfaces/hook/cmake_prefix_path.ps1'
[3.102s] INFO:colcon.colcon_core.shell:Creating environment descriptor '/home/atharva/ros2_ws/install/my_robot_interfaces/share/my_robot_interfaces/hook/cmake_prefix_path.dsv'
[3.103s] INFO:colcon.colcon_core.shell:Creating environment hook '/home/atharva/ros2_ws/install/my_robot_interfaces/share/my_robot_interfaces/hook/cmake_prefix_path.sh'
[3.103s] Level 1:colcon.colcon_core.environment:checking '/home/atharva/ros2_ws/install/my_robot_interfaces/lib'
[3.103s] Level 1:colcon.colcon_core.shell:create_environment_hook('my_robot_interfaces', 'ld_library_path_lib')
[3.121s] INFO:colcon.colcon_core.shell:Creating environment hook '/home/atharva/ros2_ws/install/my_robot_interfaces/share/my_robot_interfaces/hook/ld_library_path_lib.ps1'
[3.121s] INFO:colcon.colcon_core.shell:Creating environment descriptor '/home/atharva/ros2_ws/install/my_robot_interfaces/share/my_robot_interfaces/hook/ld_library_path_lib.dsv'
[3.122s] INFO:colcon.colcon_core.shell:Creating environment hook '/home/atharva/ros2_ws/install/my_robot_interfaces/share/my_robot_interfaces/hook/ld_library_path_lib.sh'
[3.122s] Level 1:colcon.colcon_core.environment:checking '/home/atharva/ros2_ws/install/my_robot_interfaces/bin'
[3.122s] Level 1:colcon.colcon_core.environment:checking '/home/atharva/ros2_ws/install/my_robot_interfaces/lib/pkgconfig/my_robot_interfaces.pc'
[3.122s] Level 1:colcon.colcon_core.environment:checking '/home/atharva/ros2_ws/install/my_robot_interfaces/lib/python3.10/site-packages'
[3.123s] Level 1:colcon.colcon_core.environment:checking '/home/atharva/ros2_ws/install/my_robot_interfaces/bin'
[3.143s] INFO:colcon.colcon_core.shell:Creating package script '/home/atharva/ros2_ws/install/my_robot_interfaces/share/my_robot_interfaces/package.ps1'
[3.143s] INFO:colcon.colcon_core.shell:Creating package descriptor '/home/atharva/ros2_ws/install/my_robot_interfaces/share/my_robot_interfaces/package.dsv'
[3.144s] INFO:colcon.colcon_core.shell:Creating package script '/home/atharva/ros2_ws/install/my_robot_interfaces/share/my_robot_interfaces/package.sh'
[3.144s] INFO:colcon.colcon_core.shell:Creating package script '/home/atharva/ros2_ws/install/my_robot_interfaces/share/my_robot_interfaces/package.bash'
[3.144s] INFO:colcon.colcon_core.shell:Creating package script '/home/atharva/ros2_ws/install/my_robot_interfaces/share/my_robot_interfaces/package.zsh'
[3.145s] Level 1:colcon.colcon_core.environment:create_file_with_runtime_dependencies(/home/atharva/ros2_ws/install/my_robot_interfaces/share/colcon-core/packages/my_robot_interfaces)
[3.330s] Level 1:colcon.colcon_core.environment:create_environment_scripts_only(my_robot_interfaces)
[3.348s] Level 1:colcon.colcon_core.environment:checking '/home/atharva/ros2_ws/install/my_robot_interfaces' for CMake module files
[3.349s] Level 1:colcon.colcon_core.environment:checking '/home/atharva/ros2_ws/install/my_robot_interfaces' for CMake config files
[3.349s] Level 1:colcon.colcon_core.shell:create_environment_hook('my_robot_interfaces', 'cmake_prefix_path')
[3.367s] INFO:colcon.colcon_core.shell:Creating environment hook '/home/atharva/ros2_ws/install/my_robot_interfaces/share/my_robot_interfaces/hook/cmake_prefix_path.ps1'
[3.368s] INFO:colcon.colcon_core.shell:Creating environment descriptor '/home/atharva/ros2_ws/install/my_robot_interfaces/share/my_robot_interfaces/hook/cmake_prefix_path.dsv'
[3.368s] INFO:colcon.colcon_core.shell:Creating environment hook '/home/atharva/ros2_ws/install/my_robot_interfaces/share/my_robot_interfaces/hook/cmake_prefix_path.sh'
[3.369s] Level 1:colcon.colcon_core.environment:checking '/home/atharva/ros2_ws/install/my_robot_interfaces/lib'
[3.369s] Level 1:colcon.colcon_core.shell:create_environment_hook('my_robot_interfaces', 'ld_library_path_lib')
[3.388s] INFO:colcon.colcon_core.shell:Creating environment hook '/home/atharva/ros2_ws/install/my_robot_interfaces/share/my_robot_interfaces/hook/ld_library_path_lib.ps1'
[3.388s] INFO:colcon.colcon_core.shell:Creating environment descriptor '/home/atharva/ros2_ws/install/my_robot_interfaces/share/my_robot_interfaces/hook/ld_library_path_lib.dsv'
[3.389s] INFO:colcon.colcon_core.shell:Creating environment hook '/home/atharva/ros2_ws/install/my_robot_interfaces/share/my_robot_interfaces/hook/ld_library_path_lib.sh'
[3.390s] Level 1:colcon.colcon_core.environment:checking '/home/atharva/ros2_ws/install/my_robot_interfaces/bin'
[3.390s] Level 1:colcon.colcon_core.environment:checking '/home/atharva/ros2_ws/install/my_robot_interfaces/lib/pkgconfig/my_robot_interfaces.pc'
[3.390s] Level 1:colcon.colcon_core.environment:checking '/home/atharva/ros2_ws/install/my_robot_interfaces/lib/python3.10/site-packages'
[3.391s] Level 1:colcon.colcon_core.environment:checking '/home/atharva/ros2_ws/install/my_robot_interfaces/bin'
[3.414s] INFO:colcon.colcon_core.shell:Creating package script '/home/atharva/ros2_ws/install/my_robot_interfaces/share/my_robot_interfaces/package.ps1'
[3.415s] INFO:colcon.colcon_core.shell:Creating package descriptor '/home/atharva/ros2_ws/install/my_robot_interfaces/share/my_robot_interfaces/package.dsv'
[3.415s] INFO:colcon.colcon_core.shell:Creating package script '/home/atharva/ros2_ws/install/my_robot_interfaces/share/my_robot_interfaces/package.sh'
[3.416s] INFO:colcon.colcon_core.shell:Creating package script '/home/atharva/ros2_ws/install/my_robot_interfaces/share/my_robot_interfaces/package.bash'
[3.416s] INFO:colcon.colcon_core.shell:Creating package script '/home/atharva/ros2_ws/install/my_robot_interfaces/share/my_robot_interfaces/package.zsh'
[3.416s] Level 1:colcon.colcon_core.environment:create_file_with_runtime_dependencies(/home/atharva/ros2_ws/install/my_robot_interfaces/share/colcon-core/packages/my_robot_interfaces)
[3.417s] INFO:colcon.colcon_ros.task.ament_python.build:Building ROS package in '/home/atharva/ros2_ws/src/my_py_pkg' with build type 'ament_python'
[3.417s] Level 1:colcon.colcon_core.shell:create_environment_hook('my_py_pkg', 'ament_prefix_path')
[3.436s] INFO:colcon.colcon_core.shell:Creating environment hook '/home/atharva/ros2_ws/install/my_py_pkg/share/my_py_pkg/hook/ament_prefix_path.ps1'
[3.450s] INFO:colcon.colcon_core.shell:Creating environment descriptor '/home/atharva/ros2_ws/install/my_py_pkg/share/my_py_pkg/hook/ament_prefix_path.dsv'
[3.451s] INFO:colcon.colcon_core.shell:Creating environment hook '/home/atharva/ros2_ws/install/my_py_pkg/share/my_py_pkg/hook/ament_prefix_path.sh'
[3.470s] INFO:colcon.colcon_core.shell:Skip shell extension 'powershell' for command environment: Not usable outside of PowerShell
[3.470s] DEBUG:colcon.colcon_core.shell:Skip shell extension 'dsv' for command environment
[3.506s] INFO:colcon.colcon_ros.task.ament_python.build:Building ROS package in '/home/atharva/ros2_ws/src/turtlesim_catch_em_all' with build type 'ament_python'
[3.506s] Level 1:colcon.colcon_core.shell:create_environment_hook('turtlesim_catch_em_all', 'ament_prefix_path')
[3.524s] INFO:colcon.colcon_core.shell:Creating environment hook '/home/atharva/ros2_ws/install/turtlesim_catch_em_all/share/turtlesim_catch_em_all/hook/ament_prefix_path.ps1'
[3.525s] INFO:colcon.colcon_core.shell:Creating environment descriptor '/home/atharva/ros2_ws/install/turtlesim_catch_em_all/share/turtlesim_catch_em_all/hook/ament_prefix_path.dsv'
[3.526s] INFO:colcon.colcon_core.shell:Creating environment hook '/home/atharva/ros2_ws/install/turtlesim_catch_em_all/share/turtlesim_catch_em_all/hook/ament_prefix_path.sh'
[3.544s] INFO:colcon.colcon_core.shell:Skip shell extension 'powershell' for command environment: Not usable outside of PowerShell
[3.544s] DEBUG:colcon.colcon_core.shell:Skip shell extension 'dsv' for command environment
[3.938s] INFO:colcon.colcon_core.task.python.build:Building Python package in '/home/atharva/ros2_ws/src/my_py_pkg'
[3.957s] INFO:colcon.colcon_core.shell:Skip shell extension 'powershell' for command environment: Not usable outside of PowerShell
[3.957s] DEBUG:colcon.colcon_core.shell:Skip shell extension 'dsv' for command environment
[4.341s] INFO:colcon.colcon_core.task.python.build:Building Python package in '/home/atharva/ros2_ws/src/turtlesim_catch_em_all'
[4.359s] INFO:colcon.colcon_core.shell:Skip shell extension 'powershell' for command environment: Not usable outside of PowerShell
[4.360s] DEBUG:colcon.colcon_core.shell:Skip shell extension 'dsv' for command environment
[5.155s] DEBUG:colcon.colcon_core.event_handler.log_command:Invoking command in '/home/atharva/ros2_ws/build/my_py_pkg': AMENT_PREFIX_PATH=/home/atharva/ros2_ws/install/my_robot_interfaces CMAKE_PREFIX_PATH=/home/atharva/ros2_ws/install/my_robot_interfaces:/home/atharva/ros2_ws/install/radio_station_bringup:/home/atharva/ros2_ws/install/my_robot_bringup:/home/atharva/ros2_ws/install/my_robot_description PYTHONPATH=/home/atharva/ros2_ws/build/my_py_pkg/prefix_override:/home/atharva/ros2_ws/install/my_py_pkg/lib/python3.10/site-packages:${PYTHONPATH} /usr/bin/python3 setup.py develop --uninstall --editable --build-directory /home/atharva/ros2_ws/build/my_py_pkg/build
[5.167s] DEBUG:colcon.colcon_core.event_handler.log_command:Invoking command in '/home/atharva/ros2_ws/build/turtlesim_catch_em_all': AMENT_PREFIX_PATH=/home/atharva/ros2_ws/install/my_robot_interfaces CMAKE_PREFIX_PATH=/home/atharva/ros2_ws/install/my_robot_interfaces:/home/atharva/ros2_ws/install/radio_station_bringup:/home/atharva/ros2_ws/install/my_robot_bringup:/home/atharva/ros2_ws/install/my_robot_description PYTHONPATH=/home/atharva/ros2_ws/build/turtlesim_catch_em_all/prefix_override:/home/atharva/ros2_ws/install/turtlesim_catch_em_all/lib/python3.10/site-packages:${PYTHONPATH} /usr/bin/python3 setup.py develop --uninstall --editable --build-directory /home/atharva/ros2_ws/build/turtlesim_catch_em_all/build
[5.762s] DEBUG:colcon.colcon_core.event_handler.log_command:Invoked command in '/home/atharva/ros2_ws/build/turtlesim_catch_em_all' returned '0': AMENT_PREFIX_PATH=/home/atharva/ros2_ws/install/my_robot_interfaces CMAKE_PREFIX_PATH=/home/atharva/ros2_ws/install/my_robot_interfaces:/home/atharva/ros2_ws/install/radio_station_bringup:/home/atharva/ros2_ws/install/my_robot_bringup:/home/atharva/ros2_ws/install/my_robot_description PYTHONPATH=/home/atharva/ros2_ws/build/turtlesim_catch_em_all/prefix_override:/home/atharva/ros2_ws/install/turtlesim_catch_em_all/lib/python3.10/site-packages:${PYTHONPATH} /usr/bin/python3 setup.py develop --uninstall --editable --build-directory /home/atharva/ros2_ws/build/turtlesim_catch_em_all/build
[5.764s] DEBUG:colcon.colcon_core.event_handler.log_command:Invoking command in '/home/atharva/ros2_ws/src/turtlesim_catch_em_all': AMENT_PREFIX_PATH=/home/atharva/ros2_ws/install/my_robot_interfaces CMAKE_PREFIX_PATH=/home/atharva/ros2_ws/install/my_robot_interfaces:/home/atharva/ros2_ws/install/radio_station_bringup:/home/atharva/ros2_ws/install/my_robot_bringup:/home/atharva/ros2_ws/install/my_robot_description PYTHONPATH=/home/atharva/ros2_ws/build/turtlesim_catch_em_all/prefix_override:/home/atharva/ros2_ws/install/turtlesim_catch_em_all/lib/python3.10/site-packages:${PYTHONPATH} /usr/bin/python3 setup.py egg_info --egg-base ../../build/turtlesim_catch_em_all build --build-base /home/atharva/ros2_ws/build/turtlesim_catch_em_all/build install --record /home/atharva/ros2_ws/build/turtlesim_catch_em_all/install.log --single-version-externally-managed
[5.772s] DEBUG:colcon.colcon_core.event_handler.log_command:Invoked command in '/home/atharva/ros2_ws/build/my_py_pkg' returned '0': AMENT_PREFIX_PATH=/home/atharva/ros2_ws/install/my_robot_interfaces CMAKE_PREFIX_PATH=/home/atharva/ros2_ws/install/my_robot_interfaces:/home/atharva/ros2_ws/install/radio_station_bringup:/home/atharva/ros2_ws/install/my_robot_bringup:/home/atharva/ros2_ws/install/my_robot_description PYTHONPATH=/home/atharva/ros2_ws/build/my_py_pkg/prefix_override:/home/atharva/ros2_ws/install/my_py_pkg/lib/python3.10/site-packages:${PYTHONPATH} /usr/bin/python3 setup.py develop --uninstall --editable --build-directory /home/atharva/ros2_ws/build/my_py_pkg/build
[5.774s] DEBUG:colcon.colcon_core.event_handler.log_command:Invoking command in '/home/atharva/ros2_ws/src/my_py_pkg': AMENT_PREFIX_PATH=/home/atharva/ros2_ws/install/my_robot_interfaces CMAKE_PREFIX_PATH=/home/atharva/ros2_ws/install/my_robot_interfaces:/home/atharva/ros2_ws/install/radio_station_bringup:/home/atharva/ros2_ws/install/my_robot_bringup:/home/atharva/ros2_ws/install/my_robot_description PYTHONPATH=/home/atharva/ros2_ws/build/my_py_pkg/prefix_override:/home/atharva/ros2_ws/install/my_py_pkg/lib/python3.10/site-packages:${PYTHONPATH} /usr/bin/python3 setup.py egg_info --egg-base ../../build/my_py_pkg build --build-base /home/atharva/ros2_ws/build/my_py_pkg/build install --record /home/atharva/ros2_ws/build/my_py_pkg/install.log --single-version-externally-managed
[6.208s] DEBUG:colcon.colcon_core.event_handler.log_command:Invoked command in '/home/atharva/ros2_ws/src/my_py_pkg' returned '0': AMENT_PREFIX_PATH=/home/atharva/ros2_ws/install/my_robot_interfaces CMAKE_PREFIX_PATH=/home/atharva/ros2_ws/install/my_robot_interfaces:/home/atharva/ros2_ws/install/radio_station_bringup:/home/atharva/ros2_ws/install/my_robot_bringup:/home/atharva/ros2_ws/install/my_robot_description PYTHONPATH=/home/atharva/ros2_ws/build/my_py_pkg/prefix_override:/home/atharva/ros2_ws/install/my_py_pkg/lib/python3.10/site-packages:${PYTHONPATH} /usr/bin/python3 setup.py egg_info --egg-base ../../build/my_py_pkg build --build-base /home/atharva/ros2_ws/build/my_py_pkg/build install --record /home/atharva/ros2_ws/build/my_py_pkg/install.log --single-version-externally-managed
[6.227s] Level 1:colcon.colcon_core.environment:checking '/home/atharva/ros2_ws/install/my_py_pkg' for CMake module files
[6.228s] Level 1:colcon.colcon_core.environment:checking '/home/atharva/ros2_ws/install/my_py_pkg' for CMake config files
[6.228s] Level 1:colcon.colcon_core.environment:checking '/home/atharva/ros2_ws/install/my_py_pkg/lib'
[6.228s] Level 1:colcon.colcon_core.environment:checking '/home/atharva/ros2_ws/install/my_py_pkg/bin'
[6.229s] Level 1:colcon.colcon_core.environment:checking '/home/atharva/ros2_ws/install/my_py_pkg/lib/pkgconfig/my_py_pkg.pc'
[6.229s] Level 1:colcon.colcon_core.environment:checking '/home/atharva/ros2_ws/install/my_py_pkg/lib/python3.10/site-packages'
[6.229s] Level 1:colcon.colcon_core.shell:create_environment_hook('my_py_pkg', 'pythonpath')
[6.252s] INFO:colcon.colcon_core.shell:Creating environment hook '/home/atharva/ros2_ws/install/my_py_pkg/share/my_py_pkg/hook/pythonpath.ps1'
[6.252s] INFO:colcon.colcon_core.shell:Creating environment descriptor '/home/atharva/ros2_ws/install/my_py_pkg/share/my_py_pkg/hook/pythonpath.dsv'
[6.253s] INFO:colcon.colcon_core.shell:Creating environment hook '/home/atharva/ros2_ws/install/my_py_pkg/share/my_py_pkg/hook/pythonpath.sh'
[6.253s] Level 1:colcon.colcon_core.environment:checking '/home/atharva/ros2_ws/install/my_py_pkg/bin'
[6.254s] Level 1:colcon.colcon_core.environment:create_environment_scripts_only(my_py_pkg)
[6.273s] INFO:colcon.colcon_core.shell:Creating package script '/home/atharva/ros2_ws/install/my_py_pkg/share/my_py_pkg/package.ps1'
[6.274s] INFO:colcon.colcon_core.shell:Creating package descriptor '/home/atharva/ros2_ws/install/my_py_pkg/share/my_py_pkg/package.dsv'
[6.275s] INFO:colcon.colcon_core.shell:Creating package script '/home/atharva/ros2_ws/install/my_py_pkg/share/my_py_pkg/package.sh'
[6.275s] INFO:colcon.colcon_core.shell:Creating package script '/home/atharva/ros2_ws/install/my_py_pkg/share/my_py_pkg/package.bash'
[6.275s] INFO:colcon.colcon_core.shell:Creating package script '/home/atharva/ros2_ws/install/my_py_pkg/share/my_py_pkg/package.zsh'
[6.276s] Level 1:colcon.colcon_core.environment:create_file_with_runtime_dependencies(/home/atharva/ros2_ws/install/my_py_pkg/share/colcon-core/packages/my_py_pkg)
[6.277s] INFO:colcon.colcon_ros.task.ament_cmake.build:Building ROS package in '/home/atharva/ros2_ws/src/my_robot_bringup' with build type 'ament_cmake'
[6.277s] INFO:colcon.colcon_cmake.task.cmake.build:Building CMake package in '/home/atharva/ros2_ws/src/my_robot_bringup'
[6.300s] INFO:colcon.colcon_core.shell:Skip shell extension 'powershell' for command environment: Not usable outside of PowerShell
[6.300s] DEBUG:colcon.colcon_core.shell:Skip shell extension 'dsv' for command environment
[6.352s] INFO:colcon.colcon_ros.task.ament_cmake.build:Building ROS package in '/home/atharva/ros2_ws/src/radio_station_bringup' with build type 'ament_cmake'
[6.352s] INFO:colcon.colcon_cmake.task.cmake.build:Building CMake package in '/home/atharva/ros2_ws/src/radio_station_bringup'
[6.383s] INFO:colcon.colcon_core.shell:Skip shell extension 'powershell' for command environment: Not usable outside of PowerShell
[6.383s] DEBUG:colcon.colcon_core.shell:Skip shell extension 'dsv' for command environment
[6.455s] DEBUG:colcon.colcon_core.event_handler.log_command:Invoked command in '/home/atharva/ros2_ws/src/turtlesim_catch_em_all' returned '0': AMENT_PREFIX_PATH=/home/atharva/ros2_ws/install/my_robot_interfaces CMAKE_PREFIX_PATH=/home/atharva/ros2_ws/install/my_robot_interfaces:/home/atharva/ros2_ws/install/radio_station_bringup:/home/atharva/ros2_ws/install/my_robot_bringup:/home/atharva/ros2_ws/install/my_robot_description PYTHONPATH=/home/atharva/ros2_ws/build/turtlesim_catch_em_all/prefix_override:/home/atharva/ros2_ws/install/turtlesim_catch_em_all/lib/python3.10/site-packages:${PYTHONPATH} /usr/bin/python3 setup.py egg_info --egg-base ../../build/turtlesim_catch_em_all build --build-base /home/atharva/ros2_ws/build/turtlesim_catch_em_all/build install --record /home/atharva/ros2_ws/build/turtlesim_catch_em_all/install.log --single-version-externally-managed
[6.481s] Level 1:colcon.colcon_core.environment:checking '/home/atharva/ros2_ws/install/turtlesim_catch_em_all' for CMake module files
[6.482s] Level 1:colcon.colcon_core.environment:checking '/home/atharva/ros2_ws/install/turtlesim_catch_em_all' for CMake config files
[6.482s] Level 1:colcon.colcon_core.environment:checking '/home/atharva/ros2_ws/install/turtlesim_catch_em_all/lib'
[6.483s] Level 1:colcon.colcon_core.environment:checking '/home/atharva/ros2_ws/install/turtlesim_catch_em_all/bin'
[6.483s] Level 1:colcon.colcon_core.environment:checking '/home/atharva/ros2_ws/install/turtlesim_catch_em_all/lib/pkgconfig/turtlesim_catch_em_all.pc'
[6.483s] Level 1:colcon.colcon_core.environment:checking '/home/atharva/ros2_ws/install/turtlesim_catch_em_all/lib/python3.10/site-packages'
[6.483s] Level 1:colcon.colcon_core.shell:create_environment_hook('turtlesim_catch_em_all', 'pythonpath')
[6.501s] INFO:colcon.colcon_core.shell:Creating environment hook '/home/atharva/ros2_ws/install/turtlesim_catch_em_all/share/turtlesim_catch_em_all/hook/pythonpath.ps1'
[6.501s] INFO:colcon.colcon_core.shell:Creating environment descriptor '/home/atharva/ros2_ws/install/turtlesim_catch_em_all/share/turtlesim_catch_em_all/hook/pythonpath.dsv'
[6.502s] INFO:colcon.colcon_core.shell:Creating environment hook '/home/atharva/ros2_ws/install/turtlesim_catch_em_all/share/turtlesim_catch_em_all/hook/pythonpath.sh'
[6.502s] Level 1:colcon.colcon_core.environment:checking '/home/atharva/ros2_ws/install/turtlesim_catch_em_all/bin'
[6.502s] Level 1:colcon.colcon_core.environment:create_environment_scripts_only(turtlesim_catch_em_all)
[6.520s] INFO:colcon.colcon_core.shell:Creating package script '/home/atharva/ros2_ws/install/turtlesim_catch_em_all/share/turtlesim_catch_em_all/package.ps1'
[6.521s] INFO:colcon.colcon_core.shell:Creating package descriptor '/home/atharva/ros2_ws/install/turtlesim_catch_em_all/share/turtlesim_catch_em_all/package.dsv'
[6.521s] INFO:colcon.colcon_core.shell:Creating package script '/home/atharva/ros2_ws/install/turtlesim_catch_em_all/share/turtlesim_catch_em_all/package.sh'
[6.522s] INFO:colcon.colcon_core.shell:Creating package script '/home/atharva/ros2_ws/install/turtlesim_catch_em_all/share/turtlesim_catch_em_all/package.bash'
[6.522s] INFO:colcon.colcon_core.shell:Creating package script '/home/atharva/ros2_ws/install/turtlesim_catch_em_all/share/turtlesim_catch_em_all/package.zsh'
[6.522s] Level 1:colcon.colcon_core.environment:create_file_with_runtime_dependencies(/home/atharva/ros2_ws/install/turtlesim_catch_em_all/share/colcon-core/packages/turtlesim_catch_em_all)
[6.554s] DEBUG:colcon.colcon_core.event_handler.log_command:Invoking command in '/home/atharva/ros2_ws/build/my_robot_bringup': AMENT_PREFIX_PATH=/home/atharva/ros2_ws/install/my_py_pkg:/home/atharva/ros2_ws/install/my_robot_interfaces CMAKE_PREFIX_PATH=/home/atharva/ros2_ws/install/my_robot_interfaces:/home/atharva/ros2_ws/install/radio_station_bringup:/home/atharva/ros2_ws/install/my_robot_bringup:/home/atharva/ros2_ws/install/my_robot_description PYTHONPATH=/home/atharva/ros2_ws/install/my_py_pkg/lib/python3.10/site-packages:/home/atharva/ros2_ws/build/turtlesim_catch_em_all:/home/atharva/ros2_ws/install/turtlesim_catch_em_all/lib/python3.10/site-packages:/home/atharva/ros2_ws/install/my_robot_interfaces/local/lib/python3.10/dist-packages:/opt/ros/humble/lib/python3.10/site-packages:/opt/ros/humble/local/lib/python3.10/dist-packages /usr/bin/cmake --build /home/atharva/ros2_ws/build/my_robot_bringup -- -j4 -l4
[6.563s] DEBUG:colcon.colcon_core.event_handler.log_command:Invoking command in '/home/atharva/ros2_ws/build/radio_station_bringup': AMENT_PREFIX_PATH=/home/atharva/ros2_ws/install/my_py_pkg:/home/atharva/ros2_ws/install/my_robot_interfaces CMAKE_PREFIX_PATH=/home/atharva/ros2_ws/install/my_robot_interfaces:/home/atharva/ros2_ws/install/radio_station_bringup:/home/atharva/ros2_ws/install/my_robot_bringup:/home/atharva/ros2_ws/install/my_robot_description PYTHONPATH=/home/atharva/ros2_ws/install/my_py_pkg/lib/python3.10/site-packages:/home/atharva/ros2_ws/build/turtlesim_catch_em_all:/home/atharva/ros2_ws/install/turtlesim_catch_em_all/lib/python3.10/site-packages:/home/atharva/ros2_ws/install/my_robot_interfaces/local/lib/python3.10/dist-packages:/opt/ros/humble/lib/python3.10/site-packages:/opt/ros/humble/local/lib/python3.10/dist-packages /usr/bin/cmake --build /home/atharva/ros2_ws/build/radio_station_bringup -- -j4 -l4
[6.645s] DEBUG:colcon.colcon_core.event_handler.log_command:Invoked command in '/home/atharva/ros2_ws/build/radio_station_bringup' returned '0': AMENT_PREFIX_PATH=/home/atharva/ros2_ws/install/my_py_pkg:/home/atharva/ros2_ws/install/my_robot_interfaces CMAKE_PREFIX_PATH=/home/atharva/ros2_ws/install/my_robot_interfaces:/home/atharva/ros2_ws/install/radio_station_bringup:/home/atharva/ros2_ws/install/my_robot_bringup:/home/atharva/ros2_ws/install/my_robot_description PYTHONPATH=/home/atharva/ros2_ws/install/my_py_pkg/lib/python3.10/site-packages:/home/atharva/ros2_ws/build/turtlesim_catch_em_all:/home/atharva/ros2_ws/install/turtlesim_catch_em_all/lib/python3.10/site-packages:/home/atharva/ros2_ws/install/my_robot_interfaces/local/lib/python3.10/dist-packages:/opt/ros/humble/lib/python3.10/site-packages:/opt/ros/humble/local/lib/python3.10/dist-packages /usr/bin/cmake --build /home/atharva/ros2_ws/build/radio_station_bringup -- -j4 -l4
[6.648s] DEBUG:colcon.colcon_core.event_handler.log_command:Invoked command in '/home/atharva/ros2_ws/build/my_robot_bringup' returned '0': AMENT_PREFIX_PATH=/home/atharva/ros2_ws/install/my_py_pkg:/home/atharva/ros2_ws/install/my_robot_interfaces CMAKE_PREFIX_PATH=/home/atharva/ros2_ws/install/my_robot_interfaces:/home/atharva/ros2_ws/install/radio_station_bringup:/home/atharva/ros2_ws/install/my_robot_bringup:/home/atharva/ros2_ws/install/my_robot_description PYTHONPATH=/home/atharva/ros2_ws/install/my_py_pkg/lib/python3.10/site-packages:/home/atharva/ros2_ws/build/turtlesim_catch_em_all:/home/atharva/ros2_ws/install/turtlesim_catch_em_all/lib/python3.10/site-packages:/home/atharva/ros2_ws/install/my_robot_interfaces/local/lib/python3.10/dist-packages:/opt/ros/humble/lib/python3.10/site-packages:/opt/ros/humble/local/lib/python3.10/dist-packages /usr/bin/cmake --build /home/atharva/ros2_ws/build/my_robot_bringup -- -j4 -l4
[6.676s] DEBUG:colcon.colcon_core.event_handler.log_command:Invoking command in '/home/atharva/ros2_ws/build/radio_station_bringup': AMENT_PREFIX_PATH=/home/atharva/ros2_ws/install/my_py_pkg:/home/atharva/ros2_ws/install/my_robot_interfaces CMAKE_PREFIX_PATH=/home/atharva/ros2_ws/install/my_robot_interfaces:/home/atharva/ros2_ws/install/radio_station_bringup:/home/atharva/ros2_ws/install/my_robot_bringup:/home/atharva/ros2_ws/install/my_robot_description PYTHONPATH=/home/atharva/ros2_ws/install/my_py_pkg/lib/python3.10/site-packages:/home/atharva/ros2_ws/build/turtlesim_catch_em_all:/home/atharva/ros2_ws/install/turtlesim_catch_em_all/lib/python3.10/site-packages:/home/atharva/ros2_ws/install/my_robot_interfaces/local/lib/python3.10/dist-packages:/opt/ros/humble/lib/python3.10/site-packages:/opt/ros/humble/local/lib/python3.10/dist-packages /usr/bin/cmake --install /home/atharva/ros2_ws/build/radio_station_bringup
[6.679s] DEBUG:colcon.colcon_core.event_handler.log_command:Invoking command in '/home/atharva/ros2_ws/build/my_robot_bringup': AMENT_PREFIX_PATH=/home/atharva/ros2_ws/install/my_py_pkg:/home/atharva/ros2_ws/install/my_robot_interfaces CMAKE_PREFIX_PATH=/home/atharva/ros2_ws/install/my_robot_interfaces:/home/atharva/ros2_ws/install/radio_station_bringup:/home/atharva/ros2_ws/install/my_robot_bringup:/home/atharva/ros2_ws/install/my_robot_description PYTHONPATH=/home/atharva/ros2_ws/install/my_py_pkg/lib/python3.10/site-packages:/home/atharva/ros2_ws/build/turtlesim_catch_em_all:/home/atharva/ros2_ws/install/turtlesim_catch_em_all/lib/python3.10/site-packages:/home/atharva/ros2_ws/install/my_robot_interfaces/local/lib/python3.10/dist-packages:/opt/ros/humble/lib/python3.10/site-packages:/opt/ros/humble/local/lib/python3.10/dist-packages /usr/bin/cmake --install /home/atharva/ros2_ws/build/my_robot_bringup
[6.721s] Level 1:colcon.colcon_core.environment:create_environment_scripts_only(radio_station_bringup)
[6.721s] DEBUG:colcon.colcon_core.event_handler.log_command:Invoked command in '/home/atharva/ros2_ws/build/radio_station_bringup' returned '0': AMENT_PREFIX_PATH=/home/atharva/ros2_ws/install/my_py_pkg:/home/atharva/ros2_ws/install/my_robot_interfaces CMAKE_PREFIX_PATH=/home/atharva/ros2_ws/install/my_robot_interfaces:/home/atharva/ros2_ws/install/radio_station_bringup:/home/atharva/ros2_ws/install/my_robot_bringup:/home/atharva/ros2_ws/install/my_robot_description PYTHONPATH=/home/atharva/ros2_ws/install/my_py_pkg/lib/python3.10/site-packages:/home/atharva/ros2_ws/build/turtlesim_catch_em_all:/home/atharva/ros2_ws/install/turtlesim_catch_em_all/lib/python3.10/site-packages:/home/atharva/ros2_ws/install/my_robot_interfaces/local/lib/python3.10/dist-packages:/opt/ros/humble/lib/python3.10/site-packages:/opt/ros/humble/local/lib/python3.10/dist-packages /usr/bin/cmake --install /home/atharva/ros2_ws/build/radio_station_bringup
[6.747s] Level 1:colcon.colcon_core.environment:checking '/home/atharva/ros2_ws/install/radio_station_bringup' for CMake module files
[6.748s] Level 1:colcon.colcon_core.environment:checking '/home/atharva/ros2_ws/install/radio_station_bringup' for CMake config files
[6.748s] Level 1:colcon.colcon_core.shell:create_environment_hook('radio_station_bringup', 'cmake_prefix_path')
[6.784s] INFO:colcon.colcon_core.shell:Creating environment hook '/home/atharva/ros2_ws/install/radio_station_bringup/share/radio_station_bringup/hook/cmake_prefix_path.ps1'
[6.785s] INFO:colcon.colcon_core.shell:Creating environment descriptor '/home/atharva/ros2_ws/install/radio_station_bringup/share/radio_station_bringup/hook/cmake_prefix_path.dsv'
[6.785s] INFO:colcon.colcon_core.shell:Creating environment hook '/home/atharva/ros2_ws/install/radio_station_bringup/share/radio_station_bringup/hook/cmake_prefix_path.sh'
[6.786s] Level 1:colcon.colcon_core.environment:checking '/home/atharva/ros2_ws/install/radio_station_bringup/bin'
[6.786s] Level 1:colcon.colcon_core.environment:checking '/home/atharva/ros2_ws/install/radio_station_bringup/lib/pkgconfig/radio_station_bringup.pc'
[6.787s] Level 1:colcon.colcon_core.environment:checking '/home/atharva/ros2_ws/install/radio_station_bringup/lib/python3.10/site-packages'
[6.787s] Level 1:colcon.colcon_core.environment:checking '/home/atharva/ros2_ws/install/radio_station_bringup/bin'
[6.807s] INFO:colcon.colcon_core.shell:Creating package script '/home/atharva/ros2_ws/install/radio_station_bringup/share/radio_station_bringup/package.ps1'
[6.808s] INFO:colcon.colcon_core.shell:Creating package descriptor '/home/atharva/ros2_ws/install/radio_station_bringup/share/radio_station_bringup/package.dsv'
[6.808s] INFO:colcon.colcon_core.shell:Creating package script '/home/atharva/ros2_ws/install/radio_station_bringup/share/radio_station_bringup/package.sh'
[6.808s] INFO:colcon.colcon_core.shell:Creating package script '/home/atharva/ros2_ws/install/radio_station_bringup/share/radio_station_bringup/package.bash'
[6.809s] INFO:colcon.colcon_core.shell:Creating package script '/home/atharva/ros2_ws/install/radio_station_bringup/share/radio_station_bringup/package.zsh'
[6.809s] Level 1:colcon.colcon_core.environment:create_file_with_runtime_dependencies(/home/atharva/ros2_ws/install/radio_station_bringup/share/colcon-core/packages/radio_station_bringup)
[6.811s] Level 1:colcon.colcon_core.environment:create_environment_scripts_only(my_robot_bringup)
[6.812s] DEBUG:colcon.colcon_core.event_handler.log_command:Invoked command in '/home/atharva/ros2_ws/build/my_robot_bringup' returned '0': AMENT_PREFIX_PATH=/home/atharva/ros2_ws/install/my_py_pkg:/home/atharva/ros2_ws/install/my_robot_interfaces CMAKE_PREFIX_PATH=/home/atharva/ros2_ws/install/my_robot_interfaces:/home/atharva/ros2_ws/install/radio_station_bringup:/home/atharva/ros2_ws/install/my_robot_bringup:/home/atharva/ros2_ws/install/my_robot_description PYTHONPATH=/home/atharva/ros2_ws/install/my_py_pkg/lib/python3.10/site-packages:/home/atharva/ros2_ws/build/turtlesim_catch_em_all:/home/atharva/ros2_ws/install/turtlesim_catch_em_all/lib/python3.10/site-packages:/home/atharva/ros2_ws/install/my_robot_interfaces/local/lib/python3.10/dist-packages:/opt/ros/humble/lib/python3.10/site-packages:/opt/ros/humble/local/lib/python3.10/dist-packages /usr/bin/cmake --install /home/atharva/ros2_ws/build/my_robot_bringup
[6.830s] Level 1:colcon.colcon_core.environment:checking '/home/atharva/ros2_ws/install/my_robot_bringup' for CMake module files
[6.830s] Level 1:colcon.colcon_core.environment:checking '/home/atharva/ros2_ws/install/my_robot_bringup' for CMake config files
[6.831s] Level 1:colcon.colcon_core.shell:create_environment_hook('my_robot_bringup', 'cmake_prefix_path')
[6.849s] INFO:colcon.colcon_core.shell:Creating environment hook '/home/atharva/ros2_ws/install/my_robot_bringup/share/my_robot_bringup/hook/cmake_prefix_path.ps1'
[6.849s] INFO:colcon.colcon_core.shell:Creating environment descriptor '/home/atharva/ros2_ws/install/my_robot_bringup/share/my_robot_bringup/hook/cmake_prefix_path.dsv'
[6.850s] INFO:colcon.colcon_core.shell:Creating environment hook '/home/atharva/ros2_ws/install/my_robot_bringup/share/my_robot_bringup/hook/cmake_prefix_path.sh'
[6.850s] Level 1:colcon.colcon_core.environment:checking '/home/atharva/ros2_ws/install/my_robot_bringup/bin'
[6.850s] Level 1:colcon.colcon_core.environment:checking '/home/atharva/ros2_ws/install/my_robot_bringup/lib/pkgconfig/my_robot_bringup.pc'
[6.850s] Level 1:colcon.colcon_core.environment:checking '/home/atharva/ros2_ws/install/my_robot_bringup/lib/python3.10/site-packages'
[6.851s] Level 1:colcon.colcon_core.environment:checking '/home/atharva/ros2_ws/install/my_robot_bringup/bin'
[6.870s] INFO:colcon.colcon_core.shell:Creating package script '/home/atharva/ros2_ws/install/my_robot_bringup/share/my_robot_bringup/package.ps1'
[6.871s] INFO:colcon.colcon_core.shell:Creating package descriptor '/home/atharva/ros2_ws/install/my_robot_bringup/share/my_robot_bringup/package.dsv'
[6.871s] INFO:colcon.colcon_core.shell:Creating package script '/home/atharva/ros2_ws/install/my_robot_bringup/share/my_robot_bringup/package.sh'
[6.872s] INFO:colcon.colcon_core.shell:Creating package script '/home/atharva/ros2_ws/install/my_robot_bringup/share/my_robot_bringup/package.bash'
[6.872s] INFO:colcon.colcon_core.shell:Creating package script '/home/atharva/ros2_ws/install/my_robot_bringup/share/my_robot_bringup/package.zsh'
[6.872s] Level 1:colcon.colcon_core.environment:create_file_with_runtime_dependencies(/home/atharva/ros2_ws/install/my_robot_bringup/share/colcon-core/packages/my_robot_bringup)
[6.893s] Level 1:colcon.colcon_core.environment:create_environment_scripts_only(radio_station_bringup)
[6.912s] Level 1:colcon.colcon_core.environment:checking '/home/atharva/ros2_ws/install/radio_station_bringup' for CMake module files
[6.913s] Level 1:colcon.colcon_core.environment:checking '/home/atharva/ros2_ws/install/radio_station_bringup' for CMake config files
[6.913s] Level 1:colcon.colcon_core.shell:create_environment_hook('radio_station_bringup', 'cmake_prefix_path')
[6.931s] INFO:colcon.colcon_core.shell:Creating environment hook '/home/atharva/ros2_ws/install/radio_station_bringup/share/radio_station_bringup/hook/cmake_prefix_path.ps1'
[6.932s] INFO:colcon.colcon_core.shell:Creating environment descriptor '/home/atharva/ros2_ws/install/radio_station_bringup/share/radio_station_bringup/hook/cmake_prefix_path.dsv'
[6.932s] INFO:colcon.colcon_core.shell:Creating environment hook '/home/atharva/ros2_ws/install/radio_station_bringup/share/radio_station_bringup/hook/cmake_prefix_path.sh'
[6.932s] Level 1:colcon.colcon_core.environment:checking '/home/atharva/ros2_ws/install/radio_station_bringup/bin'
[6.933s] Level 1:colcon.colcon_core.environment:checking '/home/atharva/ros2_ws/install/radio_station_bringup/lib/pkgconfig/radio_station_bringup.pc'
[6.933s] Level 1:colcon.colcon_core.environment:checking '/home/atharva/ros2_ws/install/radio_station_bringup/lib/python3.10/site-packages'
[6.933s] Level 1:colcon.colcon_core.environment:checking '/home/atharva/ros2_ws/install/radio_station_bringup/bin'
[6.952s] INFO:colcon.colcon_core.shell:Creating package script '/home/atharva/ros2_ws/install/radio_station_bringup/share/radio_station_bringup/package.ps1'
[6.953s] INFO:colcon.colcon_core.shell:Creating package descriptor '/home/atharva/ros2_ws/install/radio_station_bringup/share/radio_station_bringup/package.dsv'
[6.953s] INFO:colcon.colcon_core.shell:Creating package script '/home/atharva/ros2_ws/install/radio_station_bringup/share/radio_station_bringup/package.sh'
[6.954s] INFO:colcon.colcon_core.shell:Creating package script '/home/atharva/ros2_ws/install/radio_station_bringup/share/radio_station_bringup/package.bash'
[6.954s] INFO:colcon.colcon_core.shell:Creating package script '/home/atharva/ros2_ws/install/radio_station_bringup/share/radio_station_bringup/package.zsh'
[6.955s] Level 1:colcon.colcon_core.environment:create_file_with_runtime_dependencies(/home/atharva/ros2_ws/install/radio_station_bringup/share/colcon-core/packages/radio_station_bringup)
[6.975s] Level 1:colcon.colcon_core.environment:create_environment_scripts_only(my_robot_bringup)
[6.992s] Level 1:colcon.colcon_core.environment:checking '/home/atharva/ros2_ws/install/my_robot_bringup' for CMake module files
[6.993s] Level 1:colcon.colcon_core.environment:checking '/home/atharva/ros2_ws/install/my_robot_bringup' for CMake config files
[6.993s] Level 1:colcon.colcon_core.shell:create_environment_hook('my_robot_bringup', 'cmake_prefix_path')
[7.012s] INFO:colcon.colcon_core.shell:Creating environment hook '/home/atharva/ros2_ws/install/my_robot_bringup/share/my_robot_bringup/hook/cmake_prefix_path.ps1'
[7.012s] INFO:colcon.colcon_core.shell:Creating environment descriptor '/home/atharva/ros2_ws/install/my_robot_bringup/share/my_robot_bringup/hook/cmake_prefix_path.dsv'
[7.012s] INFO:colcon.colcon_core.shell:Creating environment hook '/home/atharva/ros2_ws/install/my_robot_bringup/share/my_robot_bringup/hook/cmake_prefix_path.sh'
[7.013s] Level 1:colcon.colcon_core.environment:checking '/home/atharva/ros2_ws/install/my_robot_bringup/bin'
[7.013s] Level 1:colcon.colcon_core.environment:checking '/home/atharva/ros2_ws/install/my_robot_bringup/lib/pkgconfig/my_robot_bringup.pc'
[7.013s] Level 1:colcon.colcon_core.environment:checking '/home/atharva/ros2_ws/install/my_robot_bringup/lib/python3.10/site-packages'
[7.014s] Level 1:colcon.colcon_core.environment:checking '/home/atharva/ros2_ws/install/my_robot_bringup/bin'
[7.031s] INFO:colcon.colcon_core.shell:Creating package script '/home/atharva/ros2_ws/install/my_robot_bringup/share/my_robot_bringup/package.ps1'
[7.032s] INFO:colcon.colcon_core.shell:Creating package descriptor '/home/atharva/ros2_ws/install/my_robot_bringup/share/my_robot_bringup/package.dsv'
[7.032s] INFO:colcon.colcon_core.shell:Creating package script '/home/atharva/ros2_ws/install/my_robot_bringup/share/my_robot_bringup/package.sh'
[7.033s] INFO:colcon.colcon_core.shell:Creating package script '/home/atharva/ros2_ws/install/my_robot_bringup/share/my_robot_bringup/package.bash'
[7.033s] INFO:colcon.colcon_core.shell:Creating package script '/home/atharva/ros2_ws/install/my_robot_bringup/share/my_robot_bringup/package.zsh'
[7.033s] Level 1:colcon.colcon_core.environment:create_file_with_runtime_dependencies(/home/atharva/ros2_ws/install/my_robot_bringup/share/colcon-core/packages/my_robot_bringup)
[7.034s] DEBUG:colcon.colcon_parallel_executor.executor.parallel:closing loop
[7.034s] DEBUG:colcon.colcon_parallel_executor.executor.parallel:loop closed
[7.034s] DEBUG:colcon.colcon_parallel_executor.executor.parallel:run_until_complete finished with '0'
[7.034s] DEBUG:colcon.colcon_core.event_reactor:joining thread
[7.059s] INFO:colcon.colcon_core.plugin_system:Skipping extension 'colcon_notification.desktop_notification.terminal_notifier': Not used on non-Darwin systems
[7.059s] INFO:colcon.colcon_core.plugin_system:Skipping extension 'colcon_notification.desktop_notification.win32': Not used on non-Windows systems
[7.059s] INFO:colcon.colcon_notification.desktop_notification:Sending desktop notification using 'notify2'
[7.079s] DEBUG:colcon.colcon_core.event_reactor:joined thread
[7.098s] INFO:colcon.colcon_core.shell:Creating prefix script '/home/atharva/ros2_ws/install/local_setup.ps1'
[7.099s] INFO:colcon.colcon_core.shell:Creating prefix util module '/home/atharva/ros2_ws/install/_local_setup_util_ps1.py'
[7.101s] INFO:colcon.colcon_core.shell:Creating prefix chain script '/home/atharva/ros2_ws/install/setup.ps1'
[7.121s] INFO:colcon.colcon_core.shell:Creating prefix script '/home/atharva/ros2_ws/install/local_setup.sh'
[7.122s] INFO:colcon.colcon_core.shell:Creating prefix util module '/home/atharva/ros2_ws/install/_local_setup_util_sh.py'
[7.123s] INFO:colcon.colcon_core.shell:Creating prefix chain script '/home/atharva/ros2_ws/install/setup.sh'
[7.142s] INFO:colcon.colcon_core.shell:Creating prefix script '/home/atharva/ros2_ws/install/local_setup.bash'
[7.143s] INFO:colcon.colcon_core.shell:Creating prefix chain script '/home/atharva/ros2_ws/install/setup.bash'
[7.162s] INFO:colcon.colcon_core.shell:Creating prefix script '/home/atharva/ros2_ws/install/local_setup.zsh'
[7.163s] INFO:colcon.colcon_core.shell:Creating prefix chain script '/home/atharva/ros2_ws/install/setup.zsh'
