-- The C compiler identification is GNU 11.4.0
-- The CXX compiler identification is GNU 11.4.0
-- Detecting C compiler ABI info
-- Detecting C compiler ABI info - done
-- Check for working C compiler: /usr/bin/cc - skipped
-- Detecting C compile features
-- Detecting C compile features - done
-- Detecting CXX compiler ABI info
-- Detecting CXX compiler ABI info - done
-- Check for working CXX compiler: /usr/bin/c++ - skipped
-- Detecting CXX compile features
-- Detecting CXX compile features - done
-- Found ament_cmake: 1.3.6 (/opt/ros/humble/share/ament_cmake/cmake)
-- Found Python3: /usr/bin/python3.10 (found version "3.10.12") found components: Interpreter 
-- Found rclpy: 3.3.11 (/opt/ros/humble/share/rclpy/cmake)
-- Found geometry_msgs: 4.2.3 (/opt/ros/humble/share/geometry_msgs/cmake)
-- Found rosidl_generator_c: 3.1.5 (/opt/ros/humble/share/rosidl_generator_c/cmake)
-- Found rosidl_adapter: 3.1.5 (/opt/ros/humble/share/rosidl_adapter/cmake)
-- Found rosidl_generator_cpp: 3.1.5 (/opt/ros/humble/share/rosidl_generator_cpp/cmake)
-- Using all available rosidl_typesupport_c: rosidl_typesupport_fastrtps_c;rosidl_typesupport_introspection_c
-- Using all available rosidl_typesupport_cpp: rosidl_typesupport_fastrtps_cpp;rosidl_typesupport_introspection_cpp
-- Found nav_msgs: 4.2.3 (/opt/ros/humble/share/nav_msgs/cmake)
-- Found tf2: 0.25.5 (/opt/ros/humble/share/tf2/cmake)
-- Found tf2_ros: 0.25.5 (/opt/ros/humble/share/tf2_ros/cmake)
-- Found rmw_implementation_cmake: 6.1.1 (/opt/ros/humble/share/rmw_implementation_cmake/cmake)
-- Found rmw_fastrtps_cpp: 6.2.5 (/opt/ros/humble/share/rmw_fastrtps_cpp/cmake)
-- Found OpenSSL: /usr/lib/x86_64-linux-gnu/libcrypto.so (found version "3.0.2")  
-- Found FastRTPS: /opt/ros/humble/include  
-- Using RMW implementation 'rmw_fastrtps_cpp' as default
-- Looking for pthread.h
-- Looking for pthread.h - found
-- Performing Test CMAKE_HAVE_LIBC_PTHREAD
-- Performing Test CMAKE_HAVE_LIBC_PTHREAD - Success
-- Found Threads: TRUE  
-- Found ament_lint_auto: 0.12.9 (/opt/ros/humble/share/ament_lint_auto/cmake)
-- Configuring done
-- Generating done
-- Build files have been written to: /home/atharva/Learning_ROS2/ros2_ws/build/autocar_nav
Built target ament_cmake_python_copy_autocar_nav
running egg_info
creating autocar_nav.egg-info
writing autocar_nav.egg-info/PKG-INFO
writing dependency_links to autocar_nav.egg-info/dependency_links.txt
writing top-level names to autocar_nav.egg-info/top_level.txt
writing manifest file 'autocar_nav.egg-info/SOURCES.txt'
reading manifest file 'autocar_nav.egg-info/SOURCES.txt'
writing manifest file 'autocar_nav.egg-info/SOURCES.txt'
Built target ament_cmake_python_build_autocar_nav_egg
-- Install configuration: ""
-- Installing: /home/atharva/Learning_ROS2/ros2_ws/install/autocar_nav/share/autocar_nav/environment/pythonpath.sh
-- Installing: /home/atharva/Learning_ROS2/ros2_ws/install/autocar_nav/share/autocar_nav/environment/pythonpath.dsv
-- Installing: /home/atharva/Learning_ROS2/ros2_ws/install/autocar_nav/local/lib/python3.10/dist-packages/autocar_nav-0.0.0-py3.10.egg-info
-- Installing: /home/atharva/Learning_ROS2/ros2_ws/install/autocar_nav/local/lib/python3.10/dist-packages/autocar_nav-0.0.0-py3.10.egg-info/PKG-INFO
-- Installing: /home/atharva/Learning_ROS2/ros2_ws/install/autocar_nav/local/lib/python3.10/dist-packages/autocar_nav-0.0.0-py3.10.egg-info/top_level.txt
-- Installing: /home/atharva/Learning_ROS2/ros2_ws/install/autocar_nav/local/lib/python3.10/dist-packages/autocar_nav-0.0.0-py3.10.egg-info/SOURCES.txt
-- Installing: /home/atharva/Learning_ROS2/ros2_ws/install/autocar_nav/local/lib/python3.10/dist-packages/autocar_nav-0.0.0-py3.10.egg-info/dependency_links.txt
-- Installing: /home/atharva/Learning_ROS2/ros2_ws/install/autocar_nav/local/lib/python3.10/dist-packages/autocar_nav
-- Installing: /home/atharva/Learning_ROS2/ros2_ws/install/autocar_nav/local/lib/python3.10/dist-packages/autocar_nav/__init__.py
-- Installing: /home/atharva/Learning_ROS2/ros2_ws/install/autocar_nav/local/lib/python3.10/dist-packages/autocar_nav/normalise_angle.py
-- Installing: /home/atharva/Learning_ROS2/ros2_ws/install/autocar_nav/local/lib/python3.10/dist-packages/autocar_nav/cubic_spline_interpolator.py
-- Installing: /home/atharva/Learning_ROS2/ros2_ws/install/autocar_nav/local/lib/python3.10/dist-packages/autocar_nav/yaw_to_quaternion.py
Listing '/home/atharva/Learning_ROS2/ros2_ws/install/autocar_nav/local/lib/python3.10/dist-packages/autocar_nav'...
Compiling '/home/atharva/Learning_ROS2/ros2_ws/install/autocar_nav/local/lib/python3.10/dist-packages/autocar_nav/__init__.py'...
Compiling '/home/atharva/Learning_ROS2/ros2_ws/install/autocar_nav/local/lib/python3.10/dist-packages/autocar_nav/cubic_spline_interpolator.py'...
Compiling '/home/atharva/Learning_ROS2/ros2_ws/install/autocar_nav/local/lib/python3.10/dist-packages/autocar_nav/normalise_angle.py'...
Compiling '/home/atharva/Learning_ROS2/ros2_ws/install/autocar_nav/local/lib/python3.10/dist-packages/autocar_nav/yaw_to_quaternion.py'...
-- Installing: /home/atharva/Learning_ROS2/ros2_ws/install/autocar_nav/share/autocar_nav/config
-- Installing: /home/atharva/Learning_ROS2/ros2_ws/install/autocar_nav/share/autocar_nav/config/navigation_params.yaml
-- Installing: /home/atharva/Learning_ROS2/ros2_ws/install/autocar_nav/share/autocar_nav/data
-- Installing: /home/atharva/Learning_ROS2/ros2_ws/install/autocar_nav/share/autocar_nav/data/waypoints.csv
-- Installing: /home/atharva/Learning_ROS2/ros2_ws/install/autocar_nav/lib/autocar_nav/globalplanner.py
-- Installing: /home/atharva/Learning_ROS2/ros2_ws/install/autocar_nav/lib/autocar_nav/localisation.py
-- Installing: /home/atharva/Learning_ROS2/ros2_ws/install/autocar_nav/lib/autocar_nav/localplanner.py
-- Installing: /home/atharva/Learning_ROS2/ros2_ws/install/autocar_nav/lib/autocar_nav/clickplanner.py
-- Installing: /home/atharva/Learning_ROS2/ros2_ws/install/autocar_nav/lib/autocar_nav/tracker.py
-- Installing: /home/atharva/Learning_ROS2/ros2_ws/install/autocar_nav/share/ament_index/resource_index/package_run_dependencies/autocar_nav
-- Installing: /home/atharva/Learning_ROS2/ros2_ws/install/autocar_nav/share/ament_index/resource_index/parent_prefix_path/autocar_nav
-- Installing: /home/atharva/Learning_ROS2/ros2_ws/install/autocar_nav/share/autocar_nav/environment/ament_prefix_path.sh
-- Installing: /home/atharva/Learning_ROS2/ros2_ws/install/autocar_nav/share/autocar_nav/environment/ament_prefix_path.dsv
-- Installing: /home/atharva/Learning_ROS2/ros2_ws/install/autocar_nav/share/autocar_nav/environment/path.sh
-- Installing: /home/atharva/Learning_ROS2/ros2_ws/install/autocar_nav/share/autocar_nav/environment/path.dsv
-- Installing: /home/atharva/Learning_ROS2/ros2_ws/install/autocar_nav/share/autocar_nav/local_setup.bash
-- Installing: /home/atharva/Learning_ROS2/ros2_ws/install/autocar_nav/share/autocar_nav/local_setup.sh
-- Installing: /home/atharva/Learning_ROS2/ros2_ws/install/autocar_nav/share/autocar_nav/local_setup.zsh
-- Installing: /home/atharva/Learning_ROS2/ros2_ws/install/autocar_nav/share/autocar_nav/local_setup.dsv
-- Installing: /home/atharva/Learning_ROS2/ros2_ws/install/autocar_nav/share/autocar_nav/package.dsv
-- Installing: /home/atharva/Learning_ROS2/ros2_ws/install/autocar_nav/share/ament_index/resource_index/packages/autocar_nav
-- Installing: /home/atharva/Learning_ROS2/ros2_ws/install/autocar_nav/share/autocar_nav/cmake/autocar_navConfig.cmake
-- Installing: /home/atharva/Learning_ROS2/ros2_ws/install/autocar_nav/share/autocar_nav/cmake/autocar_navConfig-version.cmake
-- Installing: /home/atharva/Learning_ROS2/ros2_ws/install/autocar_nav/share/autocar_nav/package.xml
