[0.019s] Invoking command in '/home/atharva/Learning_ROS2/ros2_ws/build/autocar_nav': AMENT_PREFIX_PATH=/home/atharva/Learning_ROS2/ros2_ws/install/autocar_msgs:${AMENT_PREFIX_PATH} CMAKE_PREFIX_PATH=/home/atharva/Learning_ROS2/ros2_ws/install/autocar_msgs:/home/atharva/Learning_ROS2/ros2_ws/install/radio_station_bringup:/home/atharva/Learning_ROS2/ros2_ws/install/my_robot_interfaces:/home/atharva/Learning_ROS2/ros2_ws/install/my_robot_bringup:/home/atharva/Learning_ROS2/ros2_ws/install/mae547_bringup:/home/atharva/Learning_ROS2/ros2_ws/install/my_robot_description:/home/atharva/Learning_ROS2/ros2_ws/install/mae_547:/home/atharva/Learning_ROS2/ros2_ws/install/turtlesim_catch_em_all:/home/atharva/Learning_ROS2/ros2_ws/install/my_py_pkg:/opt/ros/humble LD_LIBRARY_PATH=/home/atharva/Learning_ROS2/ros2_ws/install/autocar_msgs/lib:${LD_LIBRARY_PATH} PYTHONPATH=/home/atharva/Learning_ROS2/ros2_ws/install/autocar_msgs/local/lib/python3.10/dist-packages:${PYTHONPATH} /usr/bin/cmake /home/atharva/Learning_ROS2/ros2_ws/src/autocar/autocar_nav -DCMAKE_INSTALL_PREFIX=/home/atharva/Learning_ROS2/ros2_ws/install/autocar_nav
[0.044s] -- The C compiler identification is GNU 11.4.0
[0.070s] -- The CXX compiler identification is GNU 11.4.0
[0.073s] -- Detecting C compiler ABI info
[0.104s] -- Detecting C compiler ABI info - done
[0.108s] -- Check for working C compiler: /usr/bin/cc - skipped
[0.108s] -- Detecting C compile features
[0.108s] -- Detecting C compile features - done
[0.109s] -- Detecting CXX compiler ABI info
[0.145s] -- Detecting CXX compiler ABI info - done
[0.149s] -- Check for working CXX compiler: /usr/bin/c++ - skipped
[0.149s] -- Detecting CXX compile features
[0.149s] -- Detecting CXX compile features - done
[0.150s] -- Found ament_cmake: 1.3.6 (/opt/ros/humble/share/ament_cmake/cmake)
[0.220s] -- Found Python3: /usr/bin/python3.10 (found version "3.10.12") found components: Interpreter 
[0.261s] -- Found rclpy: 3.3.11 (/opt/ros/humble/share/rclpy/cmake)
[0.262s] -- Found geometry_msgs: 4.2.3 (/opt/ros/humble/share/geometry_msgs/cmake)
[0.280s] -- Found rosidl_generator_c: 3.1.5 (/opt/ros/humble/share/rosidl_generator_c/cmake)
[0.282s] -- Found rosidl_adapter: 3.1.5 (/opt/ros/humble/share/rosidl_adapter/cmake)
[0.286s] -- Found rosidl_generator_cpp: 3.1.5 (/opt/ros/humble/share/rosidl_generator_cpp/cmake)
[0.292s] -- Using all available rosidl_typesupport_c: rosidl_typesupport_fastrtps_c;rosidl_typesupport_introspection_c
[0.302s] -- Using all available rosidl_typesupport_cpp: rosidl_typesupport_fastrtps_cpp;rosidl_typesupport_introspection_cpp
[0.361s] -- Found nav_msgs: 4.2.3 (/opt/ros/humble/share/nav_msgs/cmake)
[0.403s] -- Found tf2: 0.25.5 (/opt/ros/humble/share/tf2/cmake)
[0.410s] -- Found tf2_ros: 0.25.5 (/opt/ros/humble/share/tf2_ros/cmake)
[0.472s] -- Found rmw_implementation_cmake: 6.1.1 (/opt/ros/humble/share/rmw_implementation_cmake/cmake)
[0.474s] -- Found rmw_fastrtps_cpp: 6.2.5 (/opt/ros/humble/share/rmw_fastrtps_cpp/cmake)
[0.520s] -- Found OpenSSL: /usr/lib/x86_64-linux-gnu/libcrypto.so (found version "3.0.2")  
[0.532s] -- Found FastRTPS: /opt/ros/humble/include  
[0.554s] -- Using RMW implementation 'rmw_fastrtps_cpp' as default
[0.559s] -- Looking for pthread.h
[0.592s] -- Looking for pthread.h - found
[0.592s] -- Performing Test CMAKE_HAVE_LIBC_PTHREAD
[0.625s] -- Performing Test CMAKE_HAVE_LIBC_PTHREAD - Success
[0.626s] -- Found Threads: TRUE  
[0.874s] -- Found ament_lint_auto: 0.12.9 (/opt/ros/humble/share/ament_lint_auto/cmake)
[0.908s] -- Configuring done
[0.910s] -- Generating done
[0.911s] -- Build files have been written to: /home/atharva/Learning_ROS2/ros2_ws/build/autocar_nav
[0.916s] Invoked command in '/home/atharva/Learning_ROS2/ros2_ws/build/autocar_nav' returned '0': AMENT_PREFIX_PATH=/home/atharva/Learning_ROS2/ros2_ws/install/autocar_msgs:${AMENT_PREFIX_PATH} CMAKE_PREFIX_PATH=/home/atharva/Learning_ROS2/ros2_ws/install/autocar_msgs:/home/atharva/Learning_ROS2/ros2_ws/install/radio_station_bringup:/home/atharva/Learning_ROS2/ros2_ws/install/my_robot_interfaces:/home/atharva/Learning_ROS2/ros2_ws/install/my_robot_bringup:/home/atharva/Learning_ROS2/ros2_ws/install/mae547_bringup:/home/atharva/Learning_ROS2/ros2_ws/install/my_robot_description:/home/atharva/Learning_ROS2/ros2_ws/install/mae_547:/home/atharva/Learning_ROS2/ros2_ws/install/turtlesim_catch_em_all:/home/atharva/Learning_ROS2/ros2_ws/install/my_py_pkg:/opt/ros/humble LD_LIBRARY_PATH=/home/atharva/Learning_ROS2/ros2_ws/install/autocar_msgs/lib:${LD_LIBRARY_PATH} PYTHONPATH=/home/atharva/Learning_ROS2/ros2_ws/install/autocar_msgs/local/lib/python3.10/dist-packages:${PYTHONPATH} /usr/bin/cmake /home/atharva/Learning_ROS2/ros2_ws/src/autocar/autocar_nav -DCMAKE_INSTALL_PREFIX=/home/atharva/Learning_ROS2/ros2_ws/install/autocar_nav
[0.916s] Invoking command in '/home/atharva/Learning_ROS2/ros2_ws/build/autocar_nav': AMENT_PREFIX_PATH=/home/atharva/Learning_ROS2/ros2_ws/install/autocar_msgs:${AMENT_PREFIX_PATH} CMAKE_PREFIX_PATH=/home/atharva/Learning_ROS2/ros2_ws/install/autocar_msgs:/home/atharva/Learning_ROS2/ros2_ws/install/radio_station_bringup:/home/atharva/Learning_ROS2/ros2_ws/install/my_robot_interfaces:/home/atharva/Learning_ROS2/ros2_ws/install/my_robot_bringup:/home/atharva/Learning_ROS2/ros2_ws/install/mae547_bringup:/home/atharva/Learning_ROS2/ros2_ws/install/my_robot_description:/home/atharva/Learning_ROS2/ros2_ws/install/mae_547:/home/atharva/Learning_ROS2/ros2_ws/install/turtlesim_catch_em_all:/home/atharva/Learning_ROS2/ros2_ws/install/my_py_pkg:/opt/ros/humble LD_LIBRARY_PATH=/home/atharva/Learning_ROS2/ros2_ws/install/autocar_msgs/lib:${LD_LIBRARY_PATH} PYTHONPATH=/home/atharva/Learning_ROS2/ros2_ws/install/autocar_msgs/local/lib/python3.10/dist-packages:${PYTHONPATH} /usr/bin/cmake --build /home/atharva/Learning_ROS2/ros2_ws/build/autocar_nav -- -j32 -l32
[0.943s] Built target ament_cmake_python_copy_autocar_nav
[1.054s] running egg_info
[1.054s] creating autocar_nav.egg-info
[1.054s] writing autocar_nav.egg-info/PKG-INFO
[1.055s] writing dependency_links to autocar_nav.egg-info/dependency_links.txt
[1.055s] writing top-level names to autocar_nav.egg-info/top_level.txt
[1.055s] writing manifest file 'autocar_nav.egg-info/SOURCES.txt'
[1.056s] reading manifest file 'autocar_nav.egg-info/SOURCES.txt'
[1.056s] writing manifest file 'autocar_nav.egg-info/SOURCES.txt'
[1.072s] Built target ament_cmake_python_build_autocar_nav_egg
[1.080s] Invoked command in '/home/atharva/Learning_ROS2/ros2_ws/build/autocar_nav' returned '0': AMENT_PREFIX_PATH=/home/atharva/Learning_ROS2/ros2_ws/install/autocar_msgs:${AMENT_PREFIX_PATH} CMAKE_PREFIX_PATH=/home/atharva/Learning_ROS2/ros2_ws/install/autocar_msgs:/home/atharva/Learning_ROS2/ros2_ws/install/radio_station_bringup:/home/atharva/Learning_ROS2/ros2_ws/install/my_robot_interfaces:/home/atharva/Learning_ROS2/ros2_ws/install/my_robot_bringup:/home/atharva/Learning_ROS2/ros2_ws/install/mae547_bringup:/home/atharva/Learning_ROS2/ros2_ws/install/my_robot_description:/home/atharva/Learning_ROS2/ros2_ws/install/mae_547:/home/atharva/Learning_ROS2/ros2_ws/install/turtlesim_catch_em_all:/home/atharva/Learning_ROS2/ros2_ws/install/my_py_pkg:/opt/ros/humble LD_LIBRARY_PATH=/home/atharva/Learning_ROS2/ros2_ws/install/autocar_msgs/lib:${LD_LIBRARY_PATH} PYTHONPATH=/home/atharva/Learning_ROS2/ros2_ws/install/autocar_msgs/local/lib/python3.10/dist-packages:${PYTHONPATH} /usr/bin/cmake --build /home/atharva/Learning_ROS2/ros2_ws/build/autocar_nav -- -j32 -l32
[1.093s] Invoking command in '/home/atharva/Learning_ROS2/ros2_ws/build/autocar_nav': AMENT_PREFIX_PATH=/home/atharva/Learning_ROS2/ros2_ws/install/autocar_msgs:${AMENT_PREFIX_PATH} CMAKE_PREFIX_PATH=/home/atharva/Learning_ROS2/ros2_ws/install/autocar_msgs:/home/atharva/Learning_ROS2/ros2_ws/install/radio_station_bringup:/home/atharva/Learning_ROS2/ros2_ws/install/my_robot_interfaces:/home/atharva/Learning_ROS2/ros2_ws/install/my_robot_bringup:/home/atharva/Learning_ROS2/ros2_ws/install/mae547_bringup:/home/atharva/Learning_ROS2/ros2_ws/install/my_robot_description:/home/atharva/Learning_ROS2/ros2_ws/install/mae_547:/home/atharva/Learning_ROS2/ros2_ws/install/turtlesim_catch_em_all:/home/atharva/Learning_ROS2/ros2_ws/install/my_py_pkg:/opt/ros/humble LD_LIBRARY_PATH=/home/atharva/Learning_ROS2/ros2_ws/install/autocar_msgs/lib:${LD_LIBRARY_PATH} PYTHONPATH=/home/atharva/Learning_ROS2/ros2_ws/install/autocar_msgs/local/lib/python3.10/dist-packages:${PYTHONPATH} /usr/bin/cmake --install /home/atharva/Learning_ROS2/ros2_ws/build/autocar_nav
[1.098s] -- Install configuration: ""
[1.098s] -- Installing: /home/atharva/Learning_ROS2/ros2_ws/install/autocar_nav/share/autocar_nav/environment/pythonpath.sh
[1.098s] -- Installing: /home/atharva/Learning_ROS2/ros2_ws/install/autocar_nav/share/autocar_nav/environment/pythonpath.dsv
[1.098s] -- Installing: /home/atharva/Learning_ROS2/ros2_ws/install/autocar_nav/local/lib/python3.10/dist-packages/autocar_nav-0.0.0-py3.10.egg-info
[1.098s] -- Installing: /home/atharva/Learning_ROS2/ros2_ws/install/autocar_nav/local/lib/python3.10/dist-packages/autocar_nav-0.0.0-py3.10.egg-info/PKG-INFO
[1.098s] -- Installing: /home/atharva/Learning_ROS2/ros2_ws/install/autocar_nav/local/lib/python3.10/dist-packages/autocar_nav-0.0.0-py3.10.egg-info/top_level.txt
[1.098s] -- Installing: /home/atharva/Learning_ROS2/ros2_ws/install/autocar_nav/local/lib/python3.10/dist-packages/autocar_nav-0.0.0-py3.10.egg-info/SOURCES.txt
[1.098s] -- Installing: /home/atharva/Learning_ROS2/ros2_ws/install/autocar_nav/local/lib/python3.10/dist-packages/autocar_nav-0.0.0-py3.10.egg-info/dependency_links.txt
[1.098s] -- Installing: /home/atharva/Learning_ROS2/ros2_ws/install/autocar_nav/local/lib/python3.10/dist-packages/autocar_nav
[1.098s] -- Installing: /home/atharva/Learning_ROS2/ros2_ws/install/autocar_nav/local/lib/python3.10/dist-packages/autocar_nav/__init__.py
[1.098s] -- Installing: /home/atharva/Learning_ROS2/ros2_ws/install/autocar_nav/local/lib/python3.10/dist-packages/autocar_nav/normalise_angle.py
[1.098s] -- Installing: /home/atharva/Learning_ROS2/ros2_ws/install/autocar_nav/local/lib/python3.10/dist-packages/autocar_nav/cubic_spline_interpolator.py
[1.098s] -- Installing: /home/atharva/Learning_ROS2/ros2_ws/install/autocar_nav/local/lib/python3.10/dist-packages/autocar_nav/yaw_to_quaternion.py
[1.116s] Listing '/home/atharva/Learning_ROS2/ros2_ws/install/autocar_nav/local/lib/python3.10/dist-packages/autocar_nav'...
[1.116s] Compiling '/home/atharva/Learning_ROS2/ros2_ws/install/autocar_nav/local/lib/python3.10/dist-packages/autocar_nav/__init__.py'...
[1.116s] Compiling '/home/atharva/Learning_ROS2/ros2_ws/install/autocar_nav/local/lib/python3.10/dist-packages/autocar_nav/cubic_spline_interpolator.py'...
[1.116s] Compiling '/home/atharva/Learning_ROS2/ros2_ws/install/autocar_nav/local/lib/python3.10/dist-packages/autocar_nav/normalise_angle.py'...
[1.116s] Compiling '/home/atharva/Learning_ROS2/ros2_ws/install/autocar_nav/local/lib/python3.10/dist-packages/autocar_nav/yaw_to_quaternion.py'...
[1.119s] -- Installing: /home/atharva/Learning_ROS2/ros2_ws/install/autocar_nav/share/autocar_nav/config
[1.119s] -- Installing: /home/atharva/Learning_ROS2/ros2_ws/install/autocar_nav/share/autocar_nav/config/navigation_params.yaml
[1.119s] -- Installing: /home/atharva/Learning_ROS2/ros2_ws/install/autocar_nav/share/autocar_nav/data
[1.119s] -- Installing: /home/atharva/Learning_ROS2/ros2_ws/install/autocar_nav/share/autocar_nav/data/waypoints.csv
[1.119s] -- Installing: /home/atharva/Learning_ROS2/ros2_ws/install/autocar_nav/lib/autocar_nav/globalplanner.py
[1.119s] -- Installing: /home/atharva/Learning_ROS2/ros2_ws/install/autocar_nav/lib/autocar_nav/localisation.py
[1.119s] -- Installing: /home/atharva/Learning_ROS2/ros2_ws/install/autocar_nav/lib/autocar_nav/localplanner.py
[1.119s] -- Installing: /home/atharva/Learning_ROS2/ros2_ws/install/autocar_nav/lib/autocar_nav/clickplanner.py
[1.119s] -- Installing: /home/atharva/Learning_ROS2/ros2_ws/install/autocar_nav/lib/autocar_nav/tracker.py
[1.119s] -- Installing: /home/atharva/Learning_ROS2/ros2_ws/install/autocar_nav/share/ament_index/resource_index/package_run_dependencies/autocar_nav
[1.119s] -- Installing: /home/atharva/Learning_ROS2/ros2_ws/install/autocar_nav/share/ament_index/resource_index/parent_prefix_path/autocar_nav
[1.119s] -- Installing: /home/atharva/Learning_ROS2/ros2_ws/install/autocar_nav/share/autocar_nav/environment/ament_prefix_path.sh
[1.119s] -- Installing: /home/atharva/Learning_ROS2/ros2_ws/install/autocar_nav/share/autocar_nav/environment/ament_prefix_path.dsv
[1.119s] -- Installing: /home/atharva/Learning_ROS2/ros2_ws/install/autocar_nav/share/autocar_nav/environment/path.sh
[1.119s] -- Installing: /home/atharva/Learning_ROS2/ros2_ws/install/autocar_nav/share/autocar_nav/environment/path.dsv
[1.120s] -- Installing: /home/atharva/Learning_ROS2/ros2_ws/install/autocar_nav/share/autocar_nav/local_setup.bash
[1.120s] -- Installing: /home/atharva/Learning_ROS2/ros2_ws/install/autocar_nav/share/autocar_nav/local_setup.sh
[1.120s] -- Installing: /home/atharva/Learning_ROS2/ros2_ws/install/autocar_nav/share/autocar_nav/local_setup.zsh
[1.120s] -- Installing: /home/atharva/Learning_ROS2/ros2_ws/install/autocar_nav/share/autocar_nav/local_setup.dsv
[1.120s] -- Installing: /home/atharva/Learning_ROS2/ros2_ws/install/autocar_nav/share/autocar_nav/package.dsv
[1.120s] -- Installing: /home/atharva/Learning_ROS2/ros2_ws/install/autocar_nav/share/ament_index/resource_index/packages/autocar_nav
[1.120s] -- Installing: /home/atharva/Learning_ROS2/ros2_ws/install/autocar_nav/share/autocar_nav/cmake/autocar_navConfig.cmake
[1.120s] -- Installing: /home/atharva/Learning_ROS2/ros2_ws/install/autocar_nav/share/autocar_nav/cmake/autocar_navConfig-version.cmake
[1.120s] -- Installing: /home/atharva/Learning_ROS2/ros2_ws/install/autocar_nav/share/autocar_nav/package.xml
[1.122s] Invoked command in '/home/atharva/Learning_ROS2/ros2_ws/build/autocar_nav' returned '0': AMENT_PREFIX_PATH=/home/atharva/Learning_ROS2/ros2_ws/install/autocar_msgs:${AMENT_PREFIX_PATH} CMAKE_PREFIX_PATH=/home/atharva/Learning_ROS2/ros2_ws/install/autocar_msgs:/home/atharva/Learning_ROS2/ros2_ws/install/radio_station_bringup:/home/atharva/Learning_ROS2/ros2_ws/install/my_robot_interfaces:/home/atharva/Learning_ROS2/ros2_ws/install/my_robot_bringup:/home/atharva/Learning_ROS2/ros2_ws/install/mae547_bringup:/home/atharva/Learning_ROS2/ros2_ws/install/my_robot_description:/home/atharva/Learning_ROS2/ros2_ws/install/mae_547:/home/atharva/Learning_ROS2/ros2_ws/install/turtlesim_catch_em_all:/home/atharva/Learning_ROS2/ros2_ws/install/my_py_pkg:/opt/ros/humble LD_LIBRARY_PATH=/home/atharva/Learning_ROS2/ros2_ws/install/autocar_msgs/lib:${LD_LIBRARY_PATH} PYTHONPATH=/home/atharva/Learning_ROS2/ros2_ws/install/autocar_msgs/local/lib/python3.10/dist-packages:${PYTHONPATH} /usr/bin/cmake --install /home/atharva/Learning_ROS2/ros2_ws/build/autocar_nav
