[0.170s] Invoking command in '/home/atharva/Learning_ROS2/ros2_ws/build/my_robot_interfaces': /usr/bin/cmake /home/atharva/Learning_ROS2/ros2_ws/src/my_robot_interfaces -DCMAKE_INSTALL_PREFIX=/home/atharva/Learning_ROS2/ros2_ws/install/my_robot_interfaces
[0.672s] -- The C compiler identification is GNU 11.4.0
[1.052s] -- The CXX compiler identification is GNU 11.4.0
[1.092s] -- Detecting C compiler ABI info
[1.250s] -- Detecting C compiler ABI info - done
[1.261s] -- Check for working C compiler: /usr/bin/cc - skipped
[1.262s] -- Detecting C compile features
[1.278s] -- Detecting C compile features - done
[1.283s] -- Detecting CXX compiler ABI info
[1.406s] -- Detecting CXX compiler ABI info - done
[1.422s] -- Check for working CXX compiler: /usr/bin/c++ - skipped
[1.423s] -- Detecting CXX compile features
[1.423s] -- Detecting CXX compile features - done
[1.446s] -- Found ament_cmake: 1.3.5 (/opt/ros/humble/share/ament_cmake/cmake)
[1.697s] -- Found Python3: /usr/bin/python3.10 (found version "3.10.12") found components: Interpreter 
[1.811s] -- Found rosidl_default_generators: 1.2.0 (/opt/ros/humble/share/rosidl_default_generators/cmake)
[1.815s] [31mCMake Error at /opt/ros/humble/share/rosidl_typesupport_c/cmake/get_used_typesupports.cmake:35 (message):
[1.815s]   No 'rosidl_typesupport_c' found
[1.815s] Call Stack (most recent call first):
[1.815s]   /opt/ros/humble/share/rosidl_typesupport_c/cmake/rosidl_typesupport_c-extras.cmake:8 (get_used_typesupports)
[1.815s]   /opt/ros/humble/share/rosidl_typesupport_c/cmake/rosidl_typesupport_cConfig.cmake:41 (include)
[1.815s]   /opt/ros/humble/share/rosidl_default_generators/cmake/rosidl_default_generators-extras.cmake:21 (find_package)
[1.816s]   /opt/ros/humble/share/rosidl_default_generators/cmake/rosidl_default_generatorsConfig.cmake:41 (include)
[1.816s]   CMakeLists.txt:11 (find_package)
[1.816s] 
[1.816s] [0m
[1.816s] -- Configuring incomplete, errors occurred!
[1.816s] See also "/home/atharva/Learning_ROS2/ros2_ws/build/my_robot_interfaces/CMakeFiles/CMakeOutput.log".
[1.820s] Invoked command in '/home/atharva/Learning_ROS2/ros2_ws/build/my_robot_interfaces' returned '1': /usr/bin/cmake /home/atharva/Learning_ROS2/ros2_ws/src/my_robot_interfaces -DCMAKE_INSTALL_PREFIX=/home/atharva/Learning_ROS2/ros2_ws/install/my_robot_interfaces
