[0.235s] Invoking command in '/home/atharva/Learning_ROS2/build/my_robot_interfaces': CMAKE_PREFIX_PATH=${CMAKE_PREFIX_PATH}:/home/atharva/Learning_ROS2/ros2_ws/install/turtlesim_catch_em_all:/home/atharva/Learning_ROS2/ros2_ws/install/my_py_pkg:/opt/ros/humble: /usr/bin/cmake /home/atharva/Learning_ROS2/ros2_ws/src/my_robot_interfaces -DCMAKE_BUILD_TYPE=Debug -DAMENT_CMAKE_SYMLINK_INSTALL=1 -DCMAKE_INSTALL_PREFIX=/home/atharva/Learning_ROS2/install/my_robot_interfaces
[0.310s] -- The C compiler identification is GNU 11.4.0
[0.385s] -- The CXX compiler identification is GNU 11.4.0
[0.395s] -- Detecting C compiler ABI info
[0.484s] -- Detecting C compiler ABI info - done
[0.498s] -- Check for working C compiler: /usr/bin/cc - skipped
[0.498s] -- Detecting C compile features
[0.499s] -- Detecting C compile features - done
[0.504s] -- Detecting CXX compiler ABI info
[0.610s] -- Detecting CXX compiler ABI info - done
[0.631s] -- Check for working CXX compiler: /usr/bin/c++ - skipped
[0.631s] -- Detecting CXX compile features
[0.632s] -- Detecting CXX compile features - done
[0.636s] -- Found ament_cmake: 1.3.5 (/opt/ros/humble/share/ament_cmake/cmake)
[0.913s] -- Found Python3: /usr/bin/python3.10 (found version "3.10.12") found components: Interpreter 
[1.039s] -- Override CMake install command with custom implementation using symlinks instead of copying resources
[1.092s] -- Found rosidl_default_generators: 1.2.0 (/opt/ros/humble/share/rosidl_default_generators/cmake)
[1.102s] -- Using all available rosidl_typesupport_c: rosidl_typesupport_fastrtps_c;rosidl_typesupport_introspection_c
[1.115s] -- Found rosidl_adapter: 3.1.5 (/opt/ros/humble/share/rosidl_adapter/cmake)
[1.176s] -- Using all available rosidl_typesupport_cpp: rosidl_typesupport_fastrtps_cpp;rosidl_typesupport_introspection_cpp
[1.673s] -- Found ament_cmake_ros: 0.10.0 (/opt/ros/humble/share/ament_cmake_ros/cmake)
[1.946s] -- Using all available rosidl_typesupport_c: rosidl_typesupport_fastrtps_c;rosidl_typesupport_introspection_c
[2.304s] -- Using all available rosidl_typesupport_cpp: rosidl_typesupport_fastrtps_cpp;rosidl_typesupport_introspection_cpp
[2.338s] -- Found PythonInterp: /usr/bin/python3 (found suitable version "3.10.12", minimum required is "3.6") 
[2.341s] -- Found python_cmake_module: 0.10.0 (/opt/ros/humble/share/python_cmake_module/cmake)
[2.389s] -- Found PythonLibs: /usr/lib/x86_64-linux-gnu/libpython3.10.so (found suitable version "3.10.12", minimum required is "3.5") 
[2.389s] -- Using PYTHON_EXECUTABLE: /usr/bin/python3
[2.389s] -- Using PYTHON_INCLUDE_DIRS: /usr/include/python3.10
[2.389s] -- Using PYTHON_LIBRARIES: /usr/lib/x86_64-linux-gnu/libpython3.10.so
[2.419s] -- Found PythonExtra: .so  
[2.511s] -- Configuring done
[2.575s] -- Generating done
[2.579s] -- Build files have been written to: /home/atharva/Learning_ROS2/build/my_robot_interfaces
[2.595s] Invoked command in '/home/atharva/Learning_ROS2/build/my_robot_interfaces' returned '0': CMAKE_PREFIX_PATH=${CMAKE_PREFIX_PATH}:/home/atharva/Learning_ROS2/ros2_ws/install/turtlesim_catch_em_all:/home/atharva/Learning_ROS2/ros2_ws/install/my_py_pkg:/opt/ros/humble: /usr/bin/cmake /home/atharva/Learning_ROS2/ros2_ws/src/my_robot_interfaces -DCMAKE_BUILD_TYPE=Debug -DAMENT_CMAKE_SYMLINK_INSTALL=1 -DCMAKE_INSTALL_PREFIX=/home/atharva/Learning_ROS2/install/my_robot_interfaces
[2.596s] Invoking command in '/home/atharva/Learning_ROS2/build/my_robot_interfaces': CMAKE_PREFIX_PATH=${CMAKE_PREFIX_PATH}:/home/atharva/Learning_ROS2/ros2_ws/install/turtlesim_catch_em_all:/home/atharva/Learning_ROS2/ros2_ws/install/my_py_pkg:/opt/ros/humble: /usr/bin/cmake --build /home/atharva/Learning_ROS2/build/my_robot_interfaces -- -j4 -l4
[2.650s] [  1%] [34m[1mGenerating C code for ROS interfaces[0m
[2.669s] [  2%] [34m[1mGenerating C++ code for ROS interfaces[0m
[2.679s] [  2%] Built target ament_cmake_python_symlink_my_robot_interfaces
[3.326s] running egg_info
[3.326s] creating my_robot_interfaces.egg-info
[3.327s] writing my_robot_interfaces.egg-info/PKG-INFO
[3.328s] writing dependency_links to my_robot_interfaces.egg-info/dependency_links.txt
[3.328s] writing top-level names to my_robot_interfaces.egg-info/top_level.txt
[3.328s] writing manifest file 'my_robot_interfaces.egg-info/SOURCES.txt'
[3.340s] reading manifest file 'my_robot_interfaces.egg-info/SOURCES.txt'
[3.342s] writing manifest file 'my_robot_interfaces.egg-info/SOURCES.txt'
[3.407s] [  2%] Built target ament_cmake_python_build_my_robot_interfaces_egg
[4.067s] [  2%] Built target my_robot_interfaces__cpp
[4.101s] [  4%] [34m[1mGenerating C++ type support dispatch for ROS interfaces[0m
[4.217s] [  5%] [34m[1mGenerating C++ type support for eProsima Fast-RTPS[0m
[4.242s] [  7%] [32mBuilding C object CMakeFiles/my_robot_interfaces__rosidl_generator_c.dir/rosidl_generator_c/my_robot_interfaces/msg/detail/hardware_status__functions.c.o[0m
[4.252s] [  8%] [34m[1mGenerating C++ introspection for ROS interfaces[0m
[4.465s] [  9%] [32mBuilding C object CMakeFiles/my_robot_interfaces__rosidl_generator_c.dir/rosidl_generator_c/my_robot_interfaces/srv/detail/compute_rectangle_area__functions.c.o[0m
[4.762s] [ 11%] [32mBuilding C object CMakeFiles/my_robot_interfaces__rosidl_generator_c.dir/rosidl_generator_c/my_robot_interfaces/srv/detail/set_led__functions.c.o[0m
[5.031s] [ 12%] [32mBuilding C object CMakeFiles/my_robot_interfaces__rosidl_generator_c.dir/rosidl_generator_c/my_robot_interfaces/msg/detail/led_status__functions.c.o[0m
[5.225s] [ 14%] [32mBuilding C object CMakeFiles/my_robot_interfaces__rosidl_generator_c.dir/rosidl_generator_c/my_robot_interfaces/msg/detail/target_list__functions.c.o[0m
[5.346s] [ 15%] [32mBuilding C object CMakeFiles/my_robot_interfaces__rosidl_generator_c.dir/rosidl_generator_c/my_robot_interfaces/srv/detail/control_turtle__functions.c.o[0m
[5.449s] [ 16%] [32mBuilding CXX object CMakeFiles/my_robot_interfaces__rosidl_typesupport_cpp.dir/rosidl_typesupport_cpp/my_robot_interfaces/msg/hardware_status__type_support.cpp.o[0m
[5.516s] [ 18%] [32m[1mLinking C shared library libmy_robot_interfaces__rosidl_generator_c.so[0m
[5.633s] [ 18%] Built target my_robot_interfaces__rosidl_generator_c
[5.651s] [ 19%] [34m[1mGenerating C type support for eProsima Fast-RTPS[0m
[5.846s] [ 21%] [32mBuilding CXX object CMakeFiles/my_robot_interfaces__rosidl_typesupport_fastrtps_cpp.dir/rosidl_typesupport_fastrtps_cpp/my_robot_interfaces/msg/detail/dds_fastrtps/hardware_status__type_support.cpp.o[0m
[5.961s] [ 22%] [32mBuilding CXX object CMakeFiles/my_robot_interfaces__rosidl_typesupport_introspection_cpp.dir/rosidl_typesupport_introspection_cpp/my_robot_interfaces/msg/detail/hardware_status__type_support.cpp.o[0m
[6.255s] [ 23%] [32mBuilding CXX object CMakeFiles/my_robot_interfaces__rosidl_typesupport_cpp.dir/rosidl_typesupport_cpp/my_robot_interfaces/srv/compute_rectangle_area__type_support.cpp.o[0m
[7.003s] [ 25%] [32mBuilding CXX object CMakeFiles/my_robot_interfaces__rosidl_typesupport_cpp.dir/rosidl_typesupport_cpp/my_robot_interfaces/srv/set_led__type_support.cpp.o[0m
[7.152s] [ 26%] [32mBuilding CXX object CMakeFiles/my_robot_interfaces__rosidl_typesupport_introspection_cpp.dir/rosidl_typesupport_introspection_cpp/my_robot_interfaces/srv/detail/compute_rectangle_area__type_support.cpp.o[0m
[7.157s] [ 28%] [32mBuilding CXX object CMakeFiles/my_robot_interfaces__rosidl_typesupport_fastrtps_cpp.dir/rosidl_typesupport_fastrtps_cpp/my_robot_interfaces/srv/detail/dds_fastrtps/compute_rectangle_area__type_support.cpp.o[0m
[7.516s] [ 29%] [32mBuilding CXX object CMakeFiles/my_robot_interfaces__rosidl_typesupport_fastrtps_c.dir/rosidl_typesupport_fastrtps_c/my_robot_interfaces/msg/detail/hardware_status__type_support_c.cpp.o[0m
[7.797s] [ 30%] [32mBuilding CXX object CMakeFiles/my_robot_interfaces__rosidl_typesupport_cpp.dir/rosidl_typesupport_cpp/my_robot_interfaces/msg/led_status__type_support.cpp.o[0m
[8.344s] [ 32%] [32mBuilding CXX object CMakeFiles/my_robot_interfaces__rosidl_typesupport_fastrtps_c.dir/rosidl_typesupport_fastrtps_c/my_robot_interfaces/srv/detail/compute_rectangle_area__type_support_c.cpp.o[0m
[8.380s] [ 33%] [32mBuilding CXX object CMakeFiles/my_robot_interfaces__rosidl_typesupport_introspection_cpp.dir/rosidl_typesupport_introspection_cpp/my_robot_interfaces/srv/detail/set_led__type_support.cpp.o[0m
[8.417s] [ 35%] [32mBuilding CXX object CMakeFiles/my_robot_interfaces__rosidl_typesupport_fastrtps_cpp.dir/rosidl_typesupport_fastrtps_cpp/my_robot_interfaces/srv/detail/dds_fastrtps/set_led__type_support.cpp.o[0m
[8.757s] [ 36%] [32mBuilding CXX object CMakeFiles/my_robot_interfaces__rosidl_typesupport_cpp.dir/rosidl_typesupport_cpp/my_robot_interfaces/msg/target_list__type_support.cpp.o[0m
[9.439s] [ 38%] [32mBuilding CXX object CMakeFiles/my_robot_interfaces__rosidl_typesupport_fastrtps_c.dir/rosidl_typesupport_fastrtps_c/my_robot_interfaces/srv/detail/set_led__type_support_c.cpp.o[0m
[9.545s] [ 39%] [32mBuilding CXX object CMakeFiles/my_robot_interfaces__rosidl_typesupport_introspection_cpp.dir/rosidl_typesupport_introspection_cpp/my_robot_interfaces/msg/detail/led_status__type_support.cpp.o[0m
[9.674s] [ 40%] [32mBuilding CXX object CMakeFiles/my_robot_interfaces__rosidl_typesupport_cpp.dir/rosidl_typesupport_cpp/my_robot_interfaces/srv/control_turtle__type_support.cpp.o[0m
[9.687s] [ 42%] [32mBuilding CXX object CMakeFiles/my_robot_interfaces__rosidl_typesupport_fastrtps_cpp.dir/rosidl_typesupport_fastrtps_cpp/my_robot_interfaces/msg/detail/dds_fastrtps/led_status__type_support.cpp.o[0m
[10.242s] [ 43%] [32m[1mLinking CXX shared library libmy_robot_interfaces__rosidl_typesupport_cpp.so[0m
[10.358s] [ 43%] Built target my_robot_interfaces__rosidl_typesupport_cpp
[10.386s] [ 45%] [32mBuilding CXX object CMakeFiles/my_robot_interfaces__rosidl_typesupport_introspection_cpp.dir/rosidl_typesupport_introspection_cpp/my_robot_interfaces/msg/detail/target_list__type_support.cpp.o[0m
[10.735s] [ 46%] [34m[1mGenerating C introspection for ROS interfaces[0m
[10.800s] [ 47%] [32mBuilding CXX object CMakeFiles/my_robot_interfaces__rosidl_typesupport_fastrtps_c.dir/rosidl_typesupport_fastrtps_c/my_robot_interfaces/msg/detail/led_status__type_support_c.cpp.o[0m
[10.865s] [ 49%] [32mBuilding CXX object CMakeFiles/my_robot_interfaces__rosidl_typesupport_fastrtps_cpp.dir/rosidl_typesupport_fastrtps_cpp/my_robot_interfaces/msg/detail/dds_fastrtps/target_list__type_support.cpp.o[0m
[11.615s] [ 50%] [32mBuilding CXX object CMakeFiles/my_robot_interfaces__rosidl_typesupport_introspection_cpp.dir/rosidl_typesupport_introspection_cpp/my_robot_interfaces/srv/detail/control_turtle__type_support.cpp.o[0m
[11.626s] [ 52%] [32mBuilding CXX object CMakeFiles/my_robot_interfaces__rosidl_typesupport_fastrtps_c.dir/rosidl_typesupport_fastrtps_c/my_robot_interfaces/msg/detail/target_list__type_support_c.cpp.o[0m
[12.428s] [ 53%] [32m[1mLinking CXX shared library libmy_robot_interfaces__rosidl_typesupport_introspection_cpp.so[0m
[12.448s] [ 54%] [32mBuilding CXX object CMakeFiles/my_robot_interfaces__rosidl_typesupport_fastrtps_c.dir/rosidl_typesupport_fastrtps_c/my_robot_interfaces/srv/detail/control_turtle__type_support_c.cpp.o[0m
[12.480s] [ 56%] [32mBuilding CXX object CMakeFiles/my_robot_interfaces__rosidl_typesupport_fastrtps_cpp.dir/rosidl_typesupport_fastrtps_cpp/my_robot_interfaces/srv/detail/dds_fastrtps/control_turtle__type_support.cpp.o[0m
[12.655s] [ 56%] Built target my_robot_interfaces__rosidl_typesupport_introspection_cpp
[12.677s] [ 57%] [34m[1mGenerating C type support dispatch for ROS interfaces[0m
[12.774s] [ 59%] [32mBuilding C object CMakeFiles/my_robot_interfaces__rosidl_typesupport_introspection_c.dir/rosidl_typesupport_introspection_c/my_robot_interfaces/msg/detail/hardware_status__type_support.c.o[0m
[12.926s] [ 60%] [32mBuilding C object CMakeFiles/my_robot_interfaces__rosidl_typesupport_introspection_c.dir/rosidl_typesupport_introspection_c/my_robot_interfaces/srv/detail/compute_rectangle_area__type_support.c.o[0m
[13.114s] [ 61%] [32mBuilding C object CMakeFiles/my_robot_interfaces__rosidl_typesupport_introspection_c.dir/rosidl_typesupport_introspection_c/my_robot_interfaces/srv/detail/set_led__type_support.c.o[0m
[13.316s] [ 63%] [32mBuilding C object CMakeFiles/my_robot_interfaces__rosidl_typesupport_introspection_c.dir/rosidl_typesupport_introspection_c/my_robot_interfaces/msg/detail/led_status__type_support.c.o[0m
[13.460s] [ 64%] [32m[1mLinking CXX shared library libmy_robot_interfaces__rosidl_typesupport_fastrtps_c.so[0m
[13.474s] [ 66%] [32mBuilding C object CMakeFiles/my_robot_interfaces__rosidl_typesupport_introspection_c.dir/rosidl_typesupport_introspection_c/my_robot_interfaces/msg/detail/target_list__type_support.c.o[0m
[13.564s] [ 67%] [32mBuilding C object CMakeFiles/my_robot_interfaces__rosidl_typesupport_introspection_c.dir/rosidl_typesupport_introspection_c/my_robot_interfaces/srv/detail/control_turtle__type_support.c.o[0m
[13.637s] [ 69%] [32m[1mLinking CXX shared library libmy_robot_interfaces__rosidl_typesupport_fastrtps_cpp.so[0m
[13.660s] [ 69%] Built target my_robot_interfaces__rosidl_typesupport_fastrtps_c
[13.672s] [ 70%] [32m[1mLinking C shared library libmy_robot_interfaces__rosidl_typesupport_introspection_c.so[0m
[13.729s] [ 71%] [32mBuilding CXX object CMakeFiles/my_robot_interfaces__rosidl_typesupport_c.dir/rosidl_typesupport_c/my_robot_interfaces/srv/compute_rectangle_area__type_support.cpp.o[0m
[13.748s] [ 71%] Built target my_robot_interfaces__rosidl_typesupport_introspection_c
[13.753s] [ 73%] [32mBuilding CXX object CMakeFiles/my_robot_interfaces__rosidl_typesupport_c.dir/rosidl_typesupport_c/my_robot_interfaces/msg/hardware_status__type_support.cpp.o[0m
[13.768s] [ 74%] [32mBuilding CXX object CMakeFiles/my_robot_interfaces__rosidl_typesupport_c.dir/rosidl_typesupport_c/my_robot_interfaces/srv/set_led__type_support.cpp.o[0m
[13.821s] [ 76%] [32mBuilding CXX object CMakeFiles/my_robot_interfaces__rosidl_typesupport_c.dir/rosidl_typesupport_c/my_robot_interfaces/msg/led_status__type_support.cpp.o[0m
[13.845s] [ 76%] Built target my_robot_interfaces__rosidl_typesupport_fastrtps_cpp
[13.850s] [ 77%] [32mBuilding CXX object CMakeFiles/my_robot_interfaces__rosidl_typesupport_c.dir/rosidl_typesupport_c/my_robot_interfaces/msg/target_list__type_support.cpp.o[0m
[13.858s] [ 78%] [32mBuilding CXX object CMakeFiles/my_robot_interfaces__rosidl_typesupport_c.dir/rosidl_typesupport_c/my_robot_interfaces/srv/control_turtle__type_support.cpp.o[0m
[13.918s] [ 80%] [32m[1mLinking CXX shared library libmy_robot_interfaces__rosidl_typesupport_c.so[0m
[13.972s] [ 80%] Built target my_robot_interfaces__rosidl_typesupport_c
[14.000s] [ 80%] Built target my_robot_interfaces
[14.023s] [ 81%] [34m[1mGenerating Python code for ROS interfaces[0m
[15.274s] [ 81%] Built target my_robot_interfaces__py
[15.303s] [ 83%] [32mBuilding C object CMakeFiles/my_robot_interfaces__rosidl_generator_py.dir/rosidl_generator_py/my_robot_interfaces/srv/_set_led_s.c.o[0m
[15.306s] [ 84%] [32mBuilding C object CMakeFiles/my_robot_interfaces__rosidl_generator_py.dir/rosidl_generator_py/my_robot_interfaces/msg/_hardware_status_s.c.o[0m
[15.308s] [ 85%] [32mBuilding C object CMakeFiles/my_robot_interfaces__rosidl_generator_py.dir/rosidl_generator_py/my_robot_interfaces/srv/_compute_rectangle_area_s.c.o[0m
[15.315s] [ 87%] [32mBuilding C object CMakeFiles/my_robot_interfaces__rosidl_generator_py.dir/rosidl_generator_py/my_robot_interfaces/msg/_led_status_s.c.o[0m
[15.569s] [ 88%] [32mBuilding C object CMakeFiles/my_robot_interfaces__rosidl_generator_py.dir/rosidl_generator_py/my_robot_interfaces/msg/_target_list_s.c.o[0m
[15.622s] [ 90%] [32mBuilding C object CMakeFiles/my_robot_interfaces__rosidl_generator_py.dir/rosidl_generator_py/my_robot_interfaces/srv/_control_turtle_s.c.o[0m
[15.798s] [ 91%] [32m[1mLinking C shared library rosidl_generator_py/my_robot_interfaces/libmy_robot_interfaces__rosidl_generator_py.so[0m
[15.851s] [ 91%] Built target my_robot_interfaces__rosidl_generator_py
[15.883s] [ 92%] [32mBuilding C object CMakeFiles/my_robot_interfaces__rosidl_typesupport_c__pyext.dir/rosidl_generator_py/my_robot_interfaces/_my_robot_interfaces_s.ep.rosidl_typesupport_c.c.o[0m
[15.884s] [ 94%] [32mBuilding C object CMakeFiles/my_robot_interfaces__rosidl_typesupport_fastrtps_c__pyext.dir/rosidl_generator_py/my_robot_interfaces/_my_robot_interfaces_s.ep.rosidl_typesupport_fastrtps_c.c.o[0m
[15.888s] [ 95%] [32mBuilding C object CMakeFiles/my_robot_interfaces__rosidl_typesupport_introspection_c__pyext.dir/rosidl_generator_py/my_robot_interfaces/_my_robot_interfaces_s.ep.rosidl_typesupport_introspection_c.c.o[0m
[16.138s] [ 97%] [32m[1mLinking C shared library rosidl_generator_py/my_robot_interfaces/my_robot_interfaces_s__rosidl_typesupport_c.cpython-310-x86_64-linux-gnu.so[0m
[16.166s] [ 98%] [32m[1mLinking C shared library rosidl_generator_py/my_robot_interfaces/my_robot_interfaces_s__rosidl_typesupport_introspection_c.cpython-310-x86_64-linux-gnu.so[0m
[16.175s] [100%] [32m[1mLinking C shared library rosidl_generator_py/my_robot_interfaces/my_robot_interfaces_s__rosidl_typesupport_fastrtps_c.cpython-310-x86_64-linux-gnu.so[0m
[16.210s] [100%] Built target my_robot_interfaces__rosidl_typesupport_c__pyext
[16.230s] [100%] Built target my_robot_interfaces__rosidl_typesupport_introspection_c__pyext
[16.239s] [100%] Built target my_robot_interfaces__rosidl_typesupport_fastrtps_c__pyext
[16.253s] Invoked command in '/home/atharva/Learning_ROS2/build/my_robot_interfaces' returned '0': CMAKE_PREFIX_PATH=${CMAKE_PREFIX_PATH}:/home/atharva/Learning_ROS2/ros2_ws/install/turtlesim_catch_em_all:/home/atharva/Learning_ROS2/ros2_ws/install/my_py_pkg:/opt/ros/humble: /usr/bin/cmake --build /home/atharva/Learning_ROS2/build/my_robot_interfaces -- -j4 -l4
[16.452s] Invoking command in '/home/atharva/Learning_ROS2/build/my_robot_interfaces': CMAKE_PREFIX_PATH=${CMAKE_PREFIX_PATH}:/home/atharva/Learning_ROS2/ros2_ws/install/turtlesim_catch_em_all:/home/atharva/Learning_ROS2/ros2_ws/install/my_py_pkg:/opt/ros/humble: /usr/bin/cmake --install /home/atharva/Learning_ROS2/build/my_robot_interfaces
[16.461s] -- Install configuration: "Debug"
[16.462s] -- Execute custom install script
[16.462s] -- Symlinking: /home/atharva/Learning_ROS2/install/my_robot_interfaces/share/ament_index/resource_index/rosidl_interfaces/my_robot_interfaces
[16.473s] -- Symlinking: /home/atharva/Learning_ROS2/install/my_robot_interfaces/include/my_robot_interfaces/my_robot_interfaces/msg/detail/hardware_status__functions.h
[16.483s] -- Symlinking: /home/atharva/Learning_ROS2/install/my_robot_interfaces/include/my_robot_interfaces/my_robot_interfaces/msg/detail/hardware_status__struct.h
[16.493s] -- Symlinking: /home/atharva/Learning_ROS2/install/my_robot_interfaces/include/my_robot_interfaces/my_robot_interfaces/msg/detail/hardware_status__type_support.h
[16.503s] -- Symlinking: /home/atharva/Learning_ROS2/install/my_robot_interfaces/include/my_robot_interfaces/my_robot_interfaces/msg/detail/led_status__functions.h
[16.513s] -- Symlinking: /home/atharva/Learning_ROS2/install/my_robot_interfaces/include/my_robot_interfaces/my_robot_interfaces/msg/detail/led_status__struct.h
[16.525s] -- Symlinking: /home/atharva/Learning_ROS2/install/my_robot_interfaces/include/my_robot_interfaces/my_robot_interfaces/msg/detail/led_status__type_support.h
[16.535s] -- Symlinking: /home/atharva/Learning_ROS2/install/my_robot_interfaces/include/my_robot_interfaces/my_robot_interfaces/msg/detail/target_list__functions.h
[16.544s] -- Symlinking: /home/atharva/Learning_ROS2/install/my_robot_interfaces/include/my_robot_interfaces/my_robot_interfaces/msg/detail/target_list__struct.h
[16.554s] -- Symlinking: /home/atharva/Learning_ROS2/install/my_robot_interfaces/include/my_robot_interfaces/my_robot_interfaces/msg/detail/target_list__type_support.h
[16.564s] -- Symlinking: /home/atharva/Learning_ROS2/install/my_robot_interfaces/include/my_robot_interfaces/my_robot_interfaces/msg/hardware_status.h
[16.575s] -- Symlinking: /home/atharva/Learning_ROS2/install/my_robot_interfaces/include/my_robot_interfaces/my_robot_interfaces/msg/led_status.h
[16.585s] -- Symlinking: /home/atharva/Learning_ROS2/install/my_robot_interfaces/include/my_robot_interfaces/my_robot_interfaces/msg/rosidl_generator_c__visibility_control.h
[16.595s] -- Symlinking: /home/atharva/Learning_ROS2/install/my_robot_interfaces/include/my_robot_interfaces/my_robot_interfaces/msg/target_list.h
[16.605s] -- Symlinking: /home/atharva/Learning_ROS2/install/my_robot_interfaces/include/my_robot_interfaces/my_robot_interfaces/srv/compute_rectangle_area.h
[16.617s] -- Symlinking: /home/atharva/Learning_ROS2/install/my_robot_interfaces/include/my_robot_interfaces/my_robot_interfaces/srv/control_turtle.h
[16.628s] -- Symlinking: /home/atharva/Learning_ROS2/install/my_robot_interfaces/include/my_robot_interfaces/my_robot_interfaces/srv/detail/compute_rectangle_area__functions.h
[16.638s] -- Symlinking: /home/atharva/Learning_ROS2/install/my_robot_interfaces/include/my_robot_interfaces/my_robot_interfaces/srv/detail/compute_rectangle_area__struct.h
[16.648s] -- Symlinking: /home/atharva/Learning_ROS2/install/my_robot_interfaces/include/my_robot_interfaces/my_robot_interfaces/srv/detail/compute_rectangle_area__type_support.h
[16.658s] -- Symlinking: /home/atharva/Learning_ROS2/install/my_robot_interfaces/include/my_robot_interfaces/my_robot_interfaces/srv/detail/control_turtle__functions.h
[16.667s] -- Symlinking: /home/atharva/Learning_ROS2/install/my_robot_interfaces/include/my_robot_interfaces/my_robot_interfaces/srv/detail/control_turtle__struct.h
[16.677s] -- Symlinking: /home/atharva/Learning_ROS2/install/my_robot_interfaces/include/my_robot_interfaces/my_robot_interfaces/srv/detail/control_turtle__type_support.h
[16.688s] -- Symlinking: /home/atharva/Learning_ROS2/install/my_robot_interfaces/include/my_robot_interfaces/my_robot_interfaces/srv/detail/set_led__functions.h
[16.698s] -- Symlinking: /home/atharva/Learning_ROS2/install/my_robot_interfaces/include/my_robot_interfaces/my_robot_interfaces/srv/detail/set_led__struct.h
[16.708s] -- Symlinking: /home/atharva/Learning_ROS2/install/my_robot_interfaces/include/my_robot_interfaces/my_robot_interfaces/srv/detail/set_led__type_support.h
[16.718s] -- Symlinking: /home/atharva/Learning_ROS2/install/my_robot_interfaces/include/my_robot_interfaces/my_robot_interfaces/srv/set_led.h
[16.729s] -- Symlinking: /home/atharva/Learning_ROS2/install/my_robot_interfaces/share/my_robot_interfaces/environment/library_path.sh
[16.739s] -- Symlinking: /home/atharva/Learning_ROS2/install/my_robot_interfaces/share/my_robot_interfaces/environment/library_path.dsv
[16.750s] -- Symlinking: /home/atharva/Learning_ROS2/install/my_robot_interfaces/include/my_robot_interfaces/my_robot_interfaces/msg/detail/hardware_status__rosidl_typesupport_fastrtps_c.h
[16.759s] -- Symlinking: /home/atharva/Learning_ROS2/install/my_robot_interfaces/include/my_robot_interfaces/my_robot_interfaces/msg/detail/led_status__rosidl_typesupport_fastrtps_c.h
[16.769s] -- Symlinking: /home/atharva/Learning_ROS2/install/my_robot_interfaces/include/my_robot_interfaces/my_robot_interfaces/msg/detail/target_list__rosidl_typesupport_fastrtps_c.h
[16.779s] -- Symlinking: /home/atharva/Learning_ROS2/install/my_robot_interfaces/include/my_robot_interfaces/my_robot_interfaces/msg/rosidl_typesupport_fastrtps_c__visibility_control.h
[16.789s] -- Symlinking: /home/atharva/Learning_ROS2/install/my_robot_interfaces/include/my_robot_interfaces/my_robot_interfaces/srv/detail/compute_rectangle_area__rosidl_typesupport_fastrtps_c.h
[16.799s] -- Symlinking: /home/atharva/Learning_ROS2/install/my_robot_interfaces/include/my_robot_interfaces/my_robot_interfaces/srv/detail/control_turtle__rosidl_typesupport_fastrtps_c.h
[16.809s] -- Symlinking: /home/atharva/Learning_ROS2/install/my_robot_interfaces/include/my_robot_interfaces/my_robot_interfaces/srv/detail/set_led__rosidl_typesupport_fastrtps_c.h
[16.822s] -- Symlinking: /home/atharva/Learning_ROS2/install/my_robot_interfaces/include/my_robot_interfaces/my_robot_interfaces/msg/detail/hardware_status__rosidl_typesupport_introspection_c.h
[16.832s] -- Symlinking: /home/atharva/Learning_ROS2/install/my_robot_interfaces/include/my_robot_interfaces/my_robot_interfaces/msg/detail/led_status__rosidl_typesupport_introspection_c.h
[16.842s] -- Symlinking: /home/atharva/Learning_ROS2/install/my_robot_interfaces/include/my_robot_interfaces/my_robot_interfaces/msg/detail/target_list__rosidl_typesupport_introspection_c.h
[16.852s] -- Symlinking: /home/atharva/Learning_ROS2/install/my_robot_interfaces/include/my_robot_interfaces/my_robot_interfaces/msg/rosidl_typesupport_introspection_c__visibility_control.h
[16.862s] -- Symlinking: /home/atharva/Learning_ROS2/install/my_robot_interfaces/include/my_robot_interfaces/my_robot_interfaces/srv/detail/compute_rectangle_area__rosidl_typesupport_introspection_c.h
[16.872s] -- Symlinking: /home/atharva/Learning_ROS2/install/my_robot_interfaces/include/my_robot_interfaces/my_robot_interfaces/srv/detail/control_turtle__rosidl_typesupport_introspection_c.h
[16.881s] -- Symlinking: /home/atharva/Learning_ROS2/install/my_robot_interfaces/include/my_robot_interfaces/my_robot_interfaces/srv/detail/set_led__rosidl_typesupport_introspection_c.h
[16.893s] -- Symlinking: /home/atharva/Learning_ROS2/install/my_robot_interfaces/include/my_robot_interfaces/my_robot_interfaces/msg/detail/hardware_status__builder.hpp
[16.903s] -- Symlinking: /home/atharva/Learning_ROS2/install/my_robot_interfaces/include/my_robot_interfaces/my_robot_interfaces/msg/detail/hardware_status__struct.hpp
[16.913s] -- Symlinking: /home/atharva/Learning_ROS2/install/my_robot_interfaces/include/my_robot_interfaces/my_robot_interfaces/msg/detail/hardware_status__traits.hpp
[16.925s] -- Symlinking: /home/atharva/Learning_ROS2/install/my_robot_interfaces/include/my_robot_interfaces/my_robot_interfaces/msg/detail/led_status__builder.hpp
[16.934s] -- Symlinking: /home/atharva/Learning_ROS2/install/my_robot_interfaces/include/my_robot_interfaces/my_robot_interfaces/msg/detail/led_status__struct.hpp
[16.945s] -- Symlinking: /home/atharva/Learning_ROS2/install/my_robot_interfaces/include/my_robot_interfaces/my_robot_interfaces/msg/detail/led_status__traits.hpp
[16.954s] -- Symlinking: /home/atharva/Learning_ROS2/install/my_robot_interfaces/include/my_robot_interfaces/my_robot_interfaces/msg/detail/target_list__builder.hpp
[16.964s] -- Symlinking: /home/atharva/Learning_ROS2/install/my_robot_interfaces/include/my_robot_interfaces/my_robot_interfaces/msg/detail/target_list__struct.hpp
[16.974s] -- Symlinking: /home/atharva/Learning_ROS2/install/my_robot_interfaces/include/my_robot_interfaces/my_robot_interfaces/msg/detail/target_list__traits.hpp
[16.984s] -- Symlinking: /home/atharva/Learning_ROS2/install/my_robot_interfaces/include/my_robot_interfaces/my_robot_interfaces/msg/hardware_status.hpp
[16.995s] -- Symlinking: /home/atharva/Learning_ROS2/install/my_robot_interfaces/include/my_robot_interfaces/my_robot_interfaces/msg/led_status.hpp
[17.005s] -- Symlinking: /home/atharva/Learning_ROS2/install/my_robot_interfaces/include/my_robot_interfaces/my_robot_interfaces/msg/target_list.hpp
[17.015s] -- Symlinking: /home/atharva/Learning_ROS2/install/my_robot_interfaces/include/my_robot_interfaces/my_robot_interfaces/srv/compute_rectangle_area.hpp
[17.027s] -- Symlinking: /home/atharva/Learning_ROS2/install/my_robot_interfaces/include/my_robot_interfaces/my_robot_interfaces/srv/control_turtle.hpp
[17.037s] -- Symlinking: /home/atharva/Learning_ROS2/install/my_robot_interfaces/include/my_robot_interfaces/my_robot_interfaces/srv/detail/compute_rectangle_area__builder.hpp
[17.047s] -- Symlinking: /home/atharva/Learning_ROS2/install/my_robot_interfaces/include/my_robot_interfaces/my_robot_interfaces/srv/detail/compute_rectangle_area__struct.hpp
[17.057s] -- Symlinking: /home/atharva/Learning_ROS2/install/my_robot_interfaces/include/my_robot_interfaces/my_robot_interfaces/srv/detail/compute_rectangle_area__traits.hpp
[17.067s] -- Symlinking: /home/atharva/Learning_ROS2/install/my_robot_interfaces/include/my_robot_interfaces/my_robot_interfaces/srv/detail/control_turtle__builder.hpp
[17.077s] -- Symlinking: /home/atharva/Learning_ROS2/install/my_robot_interfaces/include/my_robot_interfaces/my_robot_interfaces/srv/detail/control_turtle__struct.hpp
[17.087s] -- Symlinking: /home/atharva/Learning_ROS2/install/my_robot_interfaces/include/my_robot_interfaces/my_robot_interfaces/srv/detail/control_turtle__traits.hpp
[17.098s] -- Symlinking: /home/atharva/Learning_ROS2/install/my_robot_interfaces/include/my_robot_interfaces/my_robot_interfaces/srv/detail/set_led__builder.hpp
[17.108s] -- Symlinking: /home/atharva/Learning_ROS2/install/my_robot_interfaces/include/my_robot_interfaces/my_robot_interfaces/srv/detail/set_led__struct.hpp
[17.118s] -- Symlinking: /home/atharva/Learning_ROS2/install/my_robot_interfaces/include/my_robot_interfaces/my_robot_interfaces/srv/detail/set_led__traits.hpp
[17.128s] -- Symlinking: /home/atharva/Learning_ROS2/install/my_robot_interfaces/include/my_robot_interfaces/my_robot_interfaces/srv/set_led.hpp
[17.139s] -- Symlinking: /home/atharva/Learning_ROS2/install/my_robot_interfaces/include/my_robot_interfaces/my_robot_interfaces/msg/detail/hardware_status__rosidl_typesupport_fastrtps_cpp.hpp
[17.149s] -- Symlinking: /home/atharva/Learning_ROS2/install/my_robot_interfaces/include/my_robot_interfaces/my_robot_interfaces/msg/detail/led_status__rosidl_typesupport_fastrtps_cpp.hpp
[17.159s] -- Symlinking: /home/atharva/Learning_ROS2/install/my_robot_interfaces/include/my_robot_interfaces/my_robot_interfaces/msg/detail/target_list__rosidl_typesupport_fastrtps_cpp.hpp
[17.168s] -- Symlinking: /home/atharva/Learning_ROS2/install/my_robot_interfaces/include/my_robot_interfaces/my_robot_interfaces/msg/rosidl_typesupport_fastrtps_cpp__visibility_control.h
[17.178s] -- Symlinking: /home/atharva/Learning_ROS2/install/my_robot_interfaces/include/my_robot_interfaces/my_robot_interfaces/srv/detail/compute_rectangle_area__rosidl_typesupport_fastrtps_cpp.hpp
[17.189s] -- Symlinking: /home/atharva/Learning_ROS2/install/my_robot_interfaces/include/my_robot_interfaces/my_robot_interfaces/srv/detail/control_turtle__rosidl_typesupport_fastrtps_cpp.hpp
[17.199s] -- Symlinking: /home/atharva/Learning_ROS2/install/my_robot_interfaces/include/my_robot_interfaces/my_robot_interfaces/srv/detail/set_led__rosidl_typesupport_fastrtps_cpp.hpp
[17.209s] -- Symlinking: /home/atharva/Learning_ROS2/install/my_robot_interfaces/include/my_robot_interfaces/my_robot_interfaces/msg/detail/hardware_status__rosidl_typesupport_introspection_cpp.hpp
[17.219s] -- Symlinking: /home/atharva/Learning_ROS2/install/my_robot_interfaces/include/my_robot_interfaces/my_robot_interfaces/msg/detail/led_status__rosidl_typesupport_introspection_cpp.hpp
[17.231s] -- Symlinking: /home/atharva/Learning_ROS2/install/my_robot_interfaces/include/my_robot_interfaces/my_robot_interfaces/msg/detail/target_list__rosidl_typesupport_introspection_cpp.hpp
[17.241s] -- Symlinking: /home/atharva/Learning_ROS2/install/my_robot_interfaces/include/my_robot_interfaces/my_robot_interfaces/srv/detail/compute_rectangle_area__rosidl_typesupport_introspection_cpp.hpp
[17.251s] -- Symlinking: /home/atharva/Learning_ROS2/install/my_robot_interfaces/include/my_robot_interfaces/my_robot_interfaces/srv/detail/control_turtle__rosidl_typesupport_introspection_cpp.hpp
[17.261s] -- Symlinking: /home/atharva/Learning_ROS2/install/my_robot_interfaces/include/my_robot_interfaces/my_robot_interfaces/srv/detail/set_led__rosidl_typesupport_introspection_cpp.hpp
[17.271s] -- Symlinking: /home/atharva/Learning_ROS2/install/my_robot_interfaces/share/my_robot_interfaces/environment/pythonpath.sh
[17.281s] -- Symlinking: /home/atharva/Learning_ROS2/install/my_robot_interfaces/share/my_robot_interfaces/environment/pythonpath.dsv
[17.293s] -- Symlinking: /home/atharva/Learning_ROS2/install/my_robot_interfaces/local/lib/python3.10/dist-packages/my_robot_interfaces-0.0.0-py3.10.egg-info/PKG-INFO
[17.302s] -- Symlinking: /home/atharva/Learning_ROS2/install/my_robot_interfaces/local/lib/python3.10/dist-packages/my_robot_interfaces-0.0.0-py3.10.egg-info/SOURCES.txt
[17.312s] -- Symlinking: /home/atharva/Learning_ROS2/install/my_robot_interfaces/local/lib/python3.10/dist-packages/my_robot_interfaces-0.0.0-py3.10.egg-info/dependency_links.txt
[17.324s] -- Symlinking: /home/atharva/Learning_ROS2/install/my_robot_interfaces/local/lib/python3.10/dist-packages/my_robot_interfaces-0.0.0-py3.10.egg-info/top_level.txt
[17.335s] -- Symlinking: /home/atharva/Learning_ROS2/install/my_robot_interfaces/local/lib/python3.10/dist-packages/my_robot_interfaces/__init__.py
[17.345s] -- Symlinking: /home/atharva/Learning_ROS2/install/my_robot_interfaces/local/lib/python3.10/dist-packages/my_robot_interfaces/_my_robot_interfaces_s.ep.rosidl_typesupport_c.c
[17.355s] -- Symlinking: /home/atharva/Learning_ROS2/install/my_robot_interfaces/local/lib/python3.10/dist-packages/my_robot_interfaces/_my_robot_interfaces_s.ep.rosidl_typesupport_fastrtps_c.c
[17.366s] -- Symlinking: /home/atharva/Learning_ROS2/install/my_robot_interfaces/local/lib/python3.10/dist-packages/my_robot_interfaces/_my_robot_interfaces_s.ep.rosidl_typesupport_introspection_c.c
[17.376s] -- Symlinking: /home/atharva/Learning_ROS2/install/my_robot_interfaces/local/lib/python3.10/dist-packages/my_robot_interfaces/libmy_robot_interfaces__rosidl_generator_py.so
[17.386s] -- Symlinking: /home/atharva/Learning_ROS2/install/my_robot_interfaces/local/lib/python3.10/dist-packages/my_robot_interfaces/msg/__init__.py
[17.397s] -- Symlinking: /home/atharva/Learning_ROS2/install/my_robot_interfaces/local/lib/python3.10/dist-packages/my_robot_interfaces/msg/_hardware_status.py
[17.407s] -- Symlinking: /home/atharva/Learning_ROS2/install/my_robot_interfaces/local/lib/python3.10/dist-packages/my_robot_interfaces/msg/_hardware_status_s.c
[17.417s] -- Symlinking: /home/atharva/Learning_ROS2/install/my_robot_interfaces/local/lib/python3.10/dist-packages/my_robot_interfaces/msg/_led_status.py
[17.428s] -- Symlinking: /home/atharva/Learning_ROS2/install/my_robot_interfaces/local/lib/python3.10/dist-packages/my_robot_interfaces/msg/_led_status_s.c
[17.439s] -- Symlinking: /home/atharva/Learning_ROS2/install/my_robot_interfaces/local/lib/python3.10/dist-packages/my_robot_interfaces/msg/_target_list.py
[17.450s] -- Symlinking: /home/atharva/Learning_ROS2/install/my_robot_interfaces/local/lib/python3.10/dist-packages/my_robot_interfaces/msg/_target_list_s.c
[17.460s] -- Symlinking: /home/atharva/Learning_ROS2/install/my_robot_interfaces/local/lib/python3.10/dist-packages/my_robot_interfaces/my_robot_interfaces_s__rosidl_typesupport_c.cpython-310-x86_64-linux-gnu.so
[17.470s] -- Symlinking: /home/atharva/Learning_ROS2/install/my_robot_interfaces/local/lib/python3.10/dist-packages/my_robot_interfaces/my_robot_interfaces_s__rosidl_typesupport_fastrtps_c.cpython-310-x86_64-linux-gnu.so
[17.480s] -- Symlinking: /home/atharva/Learning_ROS2/install/my_robot_interfaces/local/lib/python3.10/dist-packages/my_robot_interfaces/my_robot_interfaces_s__rosidl_typesupport_introspection_c.cpython-310-x86_64-linux-gnu.so
[17.490s] -- Symlinking: /home/atharva/Learning_ROS2/install/my_robot_interfaces/local/lib/python3.10/dist-packages/my_robot_interfaces/srv/__init__.py
[17.500s] -- Symlinking: /home/atharva/Learning_ROS2/install/my_robot_interfaces/local/lib/python3.10/dist-packages/my_robot_interfaces/srv/_compute_rectangle_area.py
[17.510s] -- Symlinking: /home/atharva/Learning_ROS2/install/my_robot_interfaces/local/lib/python3.10/dist-packages/my_robot_interfaces/srv/_compute_rectangle_area_s.c
[17.520s] -- Symlinking: /home/atharva/Learning_ROS2/install/my_robot_interfaces/local/lib/python3.10/dist-packages/my_robot_interfaces/srv/_control_turtle.py
[17.530s] -- Symlinking: /home/atharva/Learning_ROS2/install/my_robot_interfaces/local/lib/python3.10/dist-packages/my_robot_interfaces/srv/_control_turtle_s.c
[17.540s] -- Symlinking: /home/atharva/Learning_ROS2/install/my_robot_interfaces/local/lib/python3.10/dist-packages/my_robot_interfaces/srv/_set_led.py
[17.550s] -- Symlinking: /home/atharva/Learning_ROS2/install/my_robot_interfaces/local/lib/python3.10/dist-packages/my_robot_interfaces/srv/_set_led_s.c
[17.560s] -- Up-to-date symlink: /home/atharva/Learning_ROS2/install/my_robot_interfaces/local/lib/python3.10/dist-packages/my_robot_interfaces/my_robot_interfaces_s__rosidl_typesupport_fastrtps_c.cpython-310-x86_64-linux-gnu.so
[17.561s] -- Up-to-date symlink: /home/atharva/Learning_ROS2/install/my_robot_interfaces/local/lib/python3.10/dist-packages/my_robot_interfaces/my_robot_interfaces_s__rosidl_typesupport_introspection_c.cpython-310-x86_64-linux-gnu.so
[17.561s] -- Up-to-date symlink: /home/atharva/Learning_ROS2/install/my_robot_interfaces/local/lib/python3.10/dist-packages/my_robot_interfaces/my_robot_interfaces_s__rosidl_typesupport_c.cpython-310-x86_64-linux-gnu.so
[17.562s] -- Symlinking: /home/atharva/Learning_ROS2/install/my_robot_interfaces/share/my_robot_interfaces/msg/HardwareStatus.idl
[17.571s] -- Symlinking: /home/atharva/Learning_ROS2/install/my_robot_interfaces/share/my_robot_interfaces/srv/ComputeRectangleArea.idl
[17.584s] -- Symlinking: /home/atharva/Learning_ROS2/install/my_robot_interfaces/share/my_robot_interfaces/srv/SetLed.idl
[17.594s] -- Symlinking: /home/atharva/Learning_ROS2/install/my_robot_interfaces/share/my_robot_interfaces/msg/LedStatus.idl
[17.604s] -- Symlinking: /home/atharva/Learning_ROS2/install/my_robot_interfaces/share/my_robot_interfaces/msg/TargetList.idl
[17.615s] -- Symlinking: /home/atharva/Learning_ROS2/install/my_robot_interfaces/share/my_robot_interfaces/srv/ControlTurtle.idl
[17.625s] -- Symlinking: /home/atharva/Learning_ROS2/install/my_robot_interfaces/share/my_robot_interfaces/msg/HardwareStatus.msg
[17.636s] -- Symlinking: /home/atharva/Learning_ROS2/install/my_robot_interfaces/share/my_robot_interfaces/srv/ComputeRectangleArea.srv
[17.646s] -- Symlinking: /home/atharva/Learning_ROS2/install/my_robot_interfaces/share/my_robot_interfaces/srv/ComputeRectangleArea_Request.msg
[17.657s] -- Symlinking: /home/atharva/Learning_ROS2/install/my_robot_interfaces/share/my_robot_interfaces/srv/ComputeRectangleArea_Response.msg
[17.670s] -- Symlinking: /home/atharva/Learning_ROS2/install/my_robot_interfaces/share/my_robot_interfaces/srv/SetLed.srv
[17.680s] -- Symlinking: /home/atharva/Learning_ROS2/install/my_robot_interfaces/share/my_robot_interfaces/srv/SetLed_Request.msg
[17.690s] -- Symlinking: /home/atharva/Learning_ROS2/install/my_robot_interfaces/share/my_robot_interfaces/srv/SetLed_Response.msg
[17.699s] -- Symlinking: /home/atharva/Learning_ROS2/install/my_robot_interfaces/share/my_robot_interfaces/msg/LedStatus.msg
[17.709s] -- Symlinking: /home/atharva/Learning_ROS2/install/my_robot_interfaces/share/my_robot_interfaces/msg/TargetList.msg
[17.720s] -- Symlinking: /home/atharva/Learning_ROS2/install/my_robot_interfaces/share/my_robot_interfaces/srv/ControlTurtle.srv
[17.733s] -- Symlinking: /home/atharva/Learning_ROS2/install/my_robot_interfaces/share/my_robot_interfaces/srv/ControlTurtle_Request.msg
[17.743s] -- Symlinking: /home/atharva/Learning_ROS2/install/my_robot_interfaces/share/my_robot_interfaces/srv/ControlTurtle_Response.msg
[17.753s] -- Symlinking: /home/atharva/Learning_ROS2/install/my_robot_interfaces/share/ament_index/resource_index/package_run_dependencies/my_robot_interfaces
[17.763s] -- Symlinking: /home/atharva/Learning_ROS2/install/my_robot_interfaces/share/ament_index/resource_index/parent_prefix_path/my_robot_interfaces
[17.773s] -- Symlinking: /home/atharva/Learning_ROS2/install/my_robot_interfaces/share/my_robot_interfaces/environment/ament_prefix_path.sh
[17.784s] -- Symlinking: /home/atharva/Learning_ROS2/install/my_robot_interfaces/share/my_robot_interfaces/environment/ament_prefix_path.dsv
[17.794s] -- Symlinking: /home/atharva/Learning_ROS2/install/my_robot_interfaces/share/my_robot_interfaces/environment/path.sh
[17.804s] -- Symlinking: /home/atharva/Learning_ROS2/install/my_robot_interfaces/share/my_robot_interfaces/environment/path.dsv
[17.814s] -- Symlinking: /home/atharva/Learning_ROS2/install/my_robot_interfaces/share/my_robot_interfaces/local_setup.bash
[17.825s] -- Symlinking: /home/atharva/Learning_ROS2/install/my_robot_interfaces/share/my_robot_interfaces/local_setup.sh
[17.835s] -- Symlinking: /home/atharva/Learning_ROS2/install/my_robot_interfaces/share/my_robot_interfaces/local_setup.zsh
[17.848s] -- Symlinking: /home/atharva/Learning_ROS2/install/my_robot_interfaces/share/my_robot_interfaces/local_setup.dsv
[17.859s] -- Symlinking: /home/atharva/Learning_ROS2/install/my_robot_interfaces/share/my_robot_interfaces/package.dsv
[17.869s] -- Symlinking: /home/atharva/Learning_ROS2/install/my_robot_interfaces/share/ament_index/resource_index/packages/my_robot_interfaces
[17.879s] -- Symlinking: /home/atharva/Learning_ROS2/install/my_robot_interfaces/share/my_robot_interfaces/cmake/rosidl_cmake-extras.cmake
[17.889s] -- Symlinking: /home/atharva/Learning_ROS2/install/my_robot_interfaces/share/my_robot_interfaces/cmake/ament_cmake_export_include_directories-extras.cmake
[17.899s] -- Symlinking: /home/atharva/Learning_ROS2/install/my_robot_interfaces/share/my_robot_interfaces/cmake/ament_cmake_export_libraries-extras.cmake
[17.910s] -- Symlinking: /home/atharva/Learning_ROS2/install/my_robot_interfaces/share/my_robot_interfaces/cmake/ament_cmake_export_targets-extras.cmake
[17.921s] -- Symlinking: /home/atharva/Learning_ROS2/install/my_robot_interfaces/share/my_robot_interfaces/cmake/rosidl_cmake_export_typesupport_targets-extras.cmake
[17.934s] -- Symlinking: /home/atharva/Learning_ROS2/install/my_robot_interfaces/share/my_robot_interfaces/cmake/ament_cmake_export_dependencies-extras.cmake
[17.944s] -- Symlinking: /home/atharva/Learning_ROS2/install/my_robot_interfaces/share/my_robot_interfaces/cmake/rosidl_cmake_export_typesupport_libraries-extras.cmake
[17.954s] -- Symlinking: /home/atharva/Learning_ROS2/install/my_robot_interfaces/share/my_robot_interfaces/cmake/my_robot_interfacesConfig.cmake
[17.964s] -- Symlinking: /home/atharva/Learning_ROS2/install/my_robot_interfaces/share/my_robot_interfaces/cmake/my_robot_interfacesConfig-version.cmake
[17.973s] -- Symlinking: /home/atharva/Learning_ROS2/install/my_robot_interfaces/share/my_robot_interfaces/package.xml
[17.984s] -- Installing: /home/atharva/Learning_ROS2/install/my_robot_interfaces/lib/libmy_robot_interfaces__rosidl_generator_c.so
[17.985s] -- Set runtime path of "/home/atharva/Learning_ROS2/install/my_robot_interfaces/lib/libmy_robot_interfaces__rosidl_generator_c.so" to ""
[17.985s] -- Installing: /home/atharva/Learning_ROS2/install/my_robot_interfaces/lib/libmy_robot_interfaces__rosidl_typesupport_fastrtps_c.so
[17.986s] -- Set runtime path of "/home/atharva/Learning_ROS2/install/my_robot_interfaces/lib/libmy_robot_interfaces__rosidl_typesupport_fastrtps_c.so" to ""
[17.987s] -- Installing: /home/atharva/Learning_ROS2/install/my_robot_interfaces/lib/libmy_robot_interfaces__rosidl_typesupport_introspection_c.so
[17.987s] -- Set runtime path of "/home/atharva/Learning_ROS2/install/my_robot_interfaces/lib/libmy_robot_interfaces__rosidl_typesupport_introspection_c.so" to ""
[17.988s] -- Installing: /home/atharva/Learning_ROS2/install/my_robot_interfaces/lib/libmy_robot_interfaces__rosidl_typesupport_c.so
[17.988s] -- Set runtime path of "/home/atharva/Learning_ROS2/install/my_robot_interfaces/lib/libmy_robot_interfaces__rosidl_typesupport_c.so" to ""
[17.988s] -- Installing: /home/atharva/Learning_ROS2/install/my_robot_interfaces/lib/libmy_robot_interfaces__rosidl_typesupport_fastrtps_cpp.so
[17.990s] -- Set runtime path of "/home/atharva/Learning_ROS2/install/my_robot_interfaces/lib/libmy_robot_interfaces__rosidl_typesupport_fastrtps_cpp.so" to ""
[17.990s] -- Installing: /home/atharva/Learning_ROS2/install/my_robot_interfaces/lib/libmy_robot_interfaces__rosidl_typesupport_introspection_cpp.so
[17.991s] -- Set runtime path of "/home/atharva/Learning_ROS2/install/my_robot_interfaces/lib/libmy_robot_interfaces__rosidl_typesupport_introspection_cpp.so" to ""
[17.992s] -- Installing: /home/atharva/Learning_ROS2/install/my_robot_interfaces/lib/libmy_robot_interfaces__rosidl_typesupport_cpp.so
[17.992s] -- Set runtime path of "/home/atharva/Learning_ROS2/install/my_robot_interfaces/lib/libmy_robot_interfaces__rosidl_typesupport_cpp.so" to ""
[18.050s] Listing '/home/atharva/Learning_ROS2/install/my_robot_interfaces/local/lib/python3.10/dist-packages/my_robot_interfaces'...
[18.050s] Compiling '/home/atharva/Learning_ROS2/install/my_robot_interfaces/local/lib/python3.10/dist-packages/my_robot_interfaces/__init__.py'...
[18.050s] Listing '/home/atharva/Learning_ROS2/install/my_robot_interfaces/local/lib/python3.10/dist-packages/my_robot_interfaces/msg'...
[18.050s] Compiling '/home/atharva/Learning_ROS2/install/my_robot_interfaces/local/lib/python3.10/dist-packages/my_robot_interfaces/msg/__init__.py'...
[18.051s] Compiling '/home/atharva/Learning_ROS2/install/my_robot_interfaces/local/lib/python3.10/dist-packages/my_robot_interfaces/msg/_hardware_status.py'...
[18.051s] Compiling '/home/atharva/Learning_ROS2/install/my_robot_interfaces/local/lib/python3.10/dist-packages/my_robot_interfaces/msg/_led_status.py'...
[18.051s] Compiling '/home/atharva/Learning_ROS2/install/my_robot_interfaces/local/lib/python3.10/dist-packages/my_robot_interfaces/msg/_target_list.py'...
[18.051s] Listing '/home/atharva/Learning_ROS2/install/my_robot_interfaces/local/lib/python3.10/dist-packages/my_robot_interfaces/srv'...
[18.051s] Compiling '/home/atharva/Learning_ROS2/install/my_robot_interfaces/local/lib/python3.10/dist-packages/my_robot_interfaces/srv/__init__.py'...
[18.051s] Compiling '/home/atharva/Learning_ROS2/install/my_robot_interfaces/local/lib/python3.10/dist-packages/my_robot_interfaces/srv/_compute_rectangle_area.py'...
[18.051s] Compiling '/home/atharva/Learning_ROS2/install/my_robot_interfaces/local/lib/python3.10/dist-packages/my_robot_interfaces/srv/_control_turtle.py'...
[18.051s] Compiling '/home/atharva/Learning_ROS2/install/my_robot_interfaces/local/lib/python3.10/dist-packages/my_robot_interfaces/srv/_set_led.py'...
[18.057s] -- Installing: /home/atharva/Learning_ROS2/install/my_robot_interfaces/lib/libmy_robot_interfaces__rosidl_generator_py.so
[18.059s] -- Set runtime path of "/home/atharva/Learning_ROS2/install/my_robot_interfaces/lib/libmy_robot_interfaces__rosidl_generator_py.so" to ""
[18.059s] -- Installing: /home/atharva/Learning_ROS2/install/my_robot_interfaces/share/my_robot_interfaces/cmake/export_my_robot_interfaces__rosidl_generator_cExport.cmake
[18.059s] -- Installing: /home/atharva/Learning_ROS2/install/my_robot_interfaces/share/my_robot_interfaces/cmake/export_my_robot_interfaces__rosidl_generator_cExport-debug.cmake
[18.059s] -- Installing: /home/atharva/Learning_ROS2/install/my_robot_interfaces/share/my_robot_interfaces/cmake/export_my_robot_interfaces__rosidl_typesupport_fastrtps_cExport.cmake
[18.059s] -- Installing: /home/atharva/Learning_ROS2/install/my_robot_interfaces/share/my_robot_interfaces/cmake/export_my_robot_interfaces__rosidl_typesupport_fastrtps_cExport-debug.cmake
[18.060s] -- Installing: /home/atharva/Learning_ROS2/install/my_robot_interfaces/share/my_robot_interfaces/cmake/my_robot_interfaces__rosidl_typesupport_introspection_cExport.cmake
[18.060s] -- Installing: /home/atharva/Learning_ROS2/install/my_robot_interfaces/share/my_robot_interfaces/cmake/my_robot_interfaces__rosidl_typesupport_introspection_cExport-debug.cmake
[18.060s] -- Installing: /home/atharva/Learning_ROS2/install/my_robot_interfaces/share/my_robot_interfaces/cmake/my_robot_interfaces__rosidl_typesupport_cExport.cmake
[18.060s] -- Installing: /home/atharva/Learning_ROS2/install/my_robot_interfaces/share/my_robot_interfaces/cmake/my_robot_interfaces__rosidl_typesupport_cExport-debug.cmake
[18.060s] -- Installing: /home/atharva/Learning_ROS2/install/my_robot_interfaces/share/my_robot_interfaces/cmake/export_my_robot_interfaces__rosidl_generator_cppExport.cmake
[18.060s] -- Installing: /home/atharva/Learning_ROS2/install/my_robot_interfaces/share/my_robot_interfaces/cmake/export_my_robot_interfaces__rosidl_typesupport_fastrtps_cppExport.cmake
[18.061s] -- Installing: /home/atharva/Learning_ROS2/install/my_robot_interfaces/share/my_robot_interfaces/cmake/export_my_robot_interfaces__rosidl_typesupport_fastrtps_cppExport-debug.cmake
[18.061s] -- Installing: /home/atharva/Learning_ROS2/install/my_robot_interfaces/share/my_robot_interfaces/cmake/my_robot_interfaces__rosidl_typesupport_introspection_cppExport.cmake
[18.061s] -- Installing: /home/atharva/Learning_ROS2/install/my_robot_interfaces/share/my_robot_interfaces/cmake/my_robot_interfaces__rosidl_typesupport_introspection_cppExport-debug.cmake
[18.061s] -- Installing: /home/atharva/Learning_ROS2/install/my_robot_interfaces/share/my_robot_interfaces/cmake/my_robot_interfaces__rosidl_typesupport_cppExport.cmake
[18.061s] -- Installing: /home/atharva/Learning_ROS2/install/my_robot_interfaces/share/my_robot_interfaces/cmake/my_robot_interfaces__rosidl_typesupport_cppExport-debug.cmake
[18.061s] -- Installing: /home/atharva/Learning_ROS2/install/my_robot_interfaces/share/my_robot_interfaces/cmake/export_my_robot_interfaces__rosidl_generator_pyExport.cmake
[18.062s] -- Installing: /home/atharva/Learning_ROS2/install/my_robot_interfaces/share/my_robot_interfaces/cmake/export_my_robot_interfaces__rosidl_generator_pyExport-debug.cmake
[18.065s] Invoked command in '/home/atharva/Learning_ROS2/build/my_robot_interfaces' returned '0': CMAKE_PREFIX_PATH=${CMAKE_PREFIX_PATH}:/home/atharva/Learning_ROS2/ros2_ws/install/turtlesim_catch_em_all:/home/atharva/Learning_ROS2/ros2_ws/install/my_py_pkg:/opt/ros/humble: /usr/bin/cmake --install /home/atharva/Learning_ROS2/build/my_robot_interfaces
