[0.070s] Invoking command in '/home/atharva/ros2_ws/build/my_robot_description': /usr/bin/cmake --build /home/atharva/ros2_ws/build/my_robot_description -- -j4 -l4
[0.241s] -- Found ament_cmake: 1.3.5 (/opt/ros/humble/share/ament_cmake/cmake)
[0.682s] -- Configuring done
[0.734s] -- Generating done
[0.736s] -- Build files have been written to: /home/atharva/ros2_ws/build/my_robot_description
[0.760s] Invoked command in '/home/atharva/ros2_ws/build/my_robot_description' returned '0': /usr/bin/cmake --build /home/atharva/ros2_ws/build/my_robot_description -- -j4 -l4
[0.797s] Invoking command in '/home/atharva/ros2_ws/build/my_robot_description': /usr/bin/cmake --install /home/atharva/ros2_ws/build/my_robot_description
[0.805s] -- Install configuration: ""
[0.805s] -- Up-to-date: /home/atharva/ros2_ws/install/my_robot_description/share/my_robot_description//urdf
[0.805s] -- Up-to-date: /home/atharva/ros2_ws/install/my_robot_description/share/my_robot_description//urdf/my_robot.urdf
[0.805s] -- Installing: /home/atharva/ros2_ws/install/my_robot_description/share/my_robot_description//launch
[0.806s] -- Installing: /home/atharva/ros2_ws/install/my_robot_description/share/my_robot_description//launch/display.launch.xml
[0.806s] -- Up-to-date: /home/atharva/ros2_ws/install/my_robot_description/share/ament_index/resource_index/package_run_dependencies/my_robot_description
[0.806s] -- Installing: /home/atharva/ros2_ws/install/my_robot_description/share/ament_index/resource_index/parent_prefix_path/my_robot_description
[0.806s] -- Up-to-date: /home/atharva/ros2_ws/install/my_robot_description/share/my_robot_description/environment/ament_prefix_path.sh
[0.806s] -- Installing: /home/atharva/ros2_ws/install/my_robot_description/share/my_robot_description/environment/ament_prefix_path.dsv
[0.807s] -- Up-to-date: /home/atharva/ros2_ws/install/my_robot_description/share/my_robot_description/environment/path.sh
[0.807s] -- Installing: /home/atharva/ros2_ws/install/my_robot_description/share/my_robot_description/environment/path.dsv
[0.807s] -- Up-to-date: /home/atharva/ros2_ws/install/my_robot_description/share/my_robot_description/local_setup.bash
[0.807s] -- Up-to-date: /home/atharva/ros2_ws/install/my_robot_description/share/my_robot_description/local_setup.sh
[0.807s] -- Up-to-date: /home/atharva/ros2_ws/install/my_robot_description/share/my_robot_description/local_setup.zsh
[0.807s] -- Installing: /home/atharva/ros2_ws/install/my_robot_description/share/my_robot_description/local_setup.dsv
[0.807s] -- Installing: /home/atharva/ros2_ws/install/my_robot_description/share/my_robot_description/package.dsv
[0.808s] -- Up-to-date: /home/atharva/ros2_ws/install/my_robot_description/share/ament_index/resource_index/packages/my_robot_description
[0.808s] -- Up-to-date: /home/atharva/ros2_ws/install/my_robot_description/share/my_robot_description/cmake/my_robot_descriptionConfig.cmake
[0.808s] -- Up-to-date: /home/atharva/ros2_ws/install/my_robot_description/share/my_robot_description/cmake/my_robot_descriptionConfig-version.cmake
[0.808s] -- Up-to-date: /home/atharva/ros2_ws/install/my_robot_description/share/my_robot_description/package.xml
[0.810s] Invoked command in '/home/atharva/ros2_ws/build/my_robot_description' returned '0': /usr/bin/cmake --install /home/atharva/ros2_ws/build/my_robot_description
