[0.110s] Invoking command in '/home/atharva/Learning_ROS2/ros2_ws/build/autocar_msgs': CMAKE_PREFIX_PATH=${CMAKE_PREFIX_PATH}:/opt/ros/humble /usr/bin/cmake /home/atharva/Learning_ROS2/ros2_ws/src/autocar/autocar_msgs -DCMAKE_INSTALL_PREFIX=/home/atharva/Learning_ROS2/ros2_ws/install/autocar_msgs
[0.115s] -- Found ament_cmake: 1.3.6 (/opt/ros/humble/share/ament_cmake/cmake)
[0.193s] -- Found geometry_msgs: 4.2.3 (/opt/ros/humble/share/geometry_msgs/cmake)
[0.205s] -- Found rosidl_generator_c: 3.1.5 (/opt/ros/humble/share/rosidl_generator_c/cmake)
[0.206s] -- Found rosidl_adapter: 3.1.5 (/opt/ros/humble/share/rosidl_adapter/cmake)
[0.209s] -- Found rosidl_generator_cpp: 3.1.5 (/opt/ros/humble/share/rosidl_generator_cpp/cmake)
[0.216s] -- Using all available rosidl_typesupport_c: rosidl_typesupport_fastrtps_c;rosidl_typesupport_introspection_c
[0.223s] -- Using all available rosidl_typesupport_cpp: rosidl_typesupport_fastrtps_cpp;rosidl_typesupport_introspection_cpp
[0.283s] -- Found rosidl_default_generators: 1.2.0 (/opt/ros/humble/share/rosidl_default_generators/cmake)
[0.427s] -- Found ament_cmake_ros: 0.10.0 (/opt/ros/humble/share/ament_cmake_ros/cmake)
[0.615s] -- Using all available rosidl_typesupport_c: rosidl_typesupport_fastrtps_c;rosidl_typesupport_introspection_c
[0.686s] -- Using all available rosidl_typesupport_cpp: rosidl_typesupport_fastrtps_cpp;rosidl_typesupport_introspection_cpp
[0.696s] -- Found python_cmake_module: 0.10.0 (/opt/ros/humble/share/python_cmake_module/cmake)
[0.704s] -- Using PYTHON_EXECUTABLE: /usr/bin/python3
[0.704s] -- Using PYTHON_INCLUDE_DIRS: /usr/include/python3.10
[0.704s] -- Using PYTHON_LIBRARIES: /usr/lib/x86_64-linux-gnu/libpython3.10.so
[0.727s] -- Configuring incomplete, errors occurred!
[0.727s] See also "/home/atharva/Learning_ROS2/ros2_ws/build/autocar_msgs/CMakeFiles/CMakeOutput.log".
[0.727s] [31mCMake Error at CMakeLists.txt:32 (find_package):
[0.727s]   By not providing "Findament_lint_auto.cmake" in CMAKE_MODULE_PATH this
[0.727s]   project has asked CMake to find a package configuration file provided by
[0.727s]   "ament_lint_auto", but CMake did not find one.
[0.727s] 
[0.727s]   Could not find a package configuration file provided by "ament_lint_auto"
[0.727s]   with any of the following names:
[0.727s] 
[0.727s]     ament_lint_autoConfig.cmake
[0.727s]     ament_lint_auto-config.cmake
[0.727s] 
[0.727s]   Add the installation prefix of "ament_lint_auto" to CMAKE_PREFIX_PATH or
[0.727s]   set "ament_lint_auto_DIR" to a directory containing one of the above files.
[0.727s]   If "ament_lint_auto" provides a separate development package or SDK, be
[0.727s]   sure it has been installed.
[0.727s] 
[0.727s] [0m
