[0.113s] Invoking command in '/home/atharva/Learning_ROS2/ros2_ws/build/my_robot_bringup': CMAKE_PREFIX_PATH=/home/atharva/Learning_ROS2/ros2_ws/install/my_robot_description:/home/atharva/Learning_ROS2/ros2_ws/install/radio_station_bringup:/home/atharva/Learning_ROS2/ros2_ws/install/my_robot_bringup:/home/atharva/Learning_ROS2/ros2_ws/install/my_robot_interfaces:/home/atharva/Learning_ROS2/ros2_ws/install/my_robot_gazebo_bringup:/home/atharva/Learning_ROS2/ros2_ws/install/turtlesim_catch_em_all:/home/atharva/Learning_ROS2/ros2_ws/install/my_py_pkg:/opt/ros/humble /usr/bin/cmake /home/atharva/Learning_ROS2/ros2_ws/src/my_robot_bringup -DAMENT_CMAKE_SYMLINK_INSTALL=1 -DCMAKE_INSTALL_PREFIX=/home/atharva/Learning_ROS2/ros2_ws/install/my_robot_bringup
[0.174s] -- The C compiler identification is GNU 11.4.0
[0.239s] -- The CXX compiler identification is GNU 11.4.0
[0.248s] -- Detecting C compiler ABI info
[0.322s] -- Detecting C compiler ABI info - done
[0.332s] -- Check for working C compiler: /usr/bin/cc - skipped
[0.332s] -- Detecting C compile features
[0.333s] -- Detecting C compile features - done
[0.337s] -- Detecting CXX compiler ABI info
[0.426s] -- Detecting CXX compiler ABI info - done
[0.442s] -- Check for working CXX compiler: /usr/bin/c++ - skipped
[0.442s] -- Detecting CXX compile features
[0.443s] -- Detecting CXX compile features - done
[0.447s] -- Found ament_cmake: 1.3.5 (/opt/ros/humble/share/ament_cmake/cmake)
[0.656s] -- Found Python3: /usr/bin/python3.10 (found version "3.10.12") found components: Interpreter 
[0.727s] -- Override CMake install command with custom implementation using symlinks instead of copying resources
[0.839s] -- Configuring done
[0.843s] -- Generating done
[0.844s] -- Build files have been written to: /home/atharva/Learning_ROS2/ros2_ws/build/my_robot_bringup
[0.851s] Invoked command in '/home/atharva/Learning_ROS2/ros2_ws/build/my_robot_bringup' returned '0': CMAKE_PREFIX_PATH=/home/atharva/Learning_ROS2/ros2_ws/install/my_robot_description:/home/atharva/Learning_ROS2/ros2_ws/install/radio_station_bringup:/home/atharva/Learning_ROS2/ros2_ws/install/my_robot_bringup:/home/atharva/Learning_ROS2/ros2_ws/install/my_robot_interfaces:/home/atharva/Learning_ROS2/ros2_ws/install/my_robot_gazebo_bringup:/home/atharva/Learning_ROS2/ros2_ws/install/turtlesim_catch_em_all:/home/atharva/Learning_ROS2/ros2_ws/install/my_py_pkg:/opt/ros/humble /usr/bin/cmake /home/atharva/Learning_ROS2/ros2_ws/src/my_robot_bringup -DAMENT_CMAKE_SYMLINK_INSTALL=1 -DCMAKE_INSTALL_PREFIX=/home/atharva/Learning_ROS2/ros2_ws/install/my_robot_bringup
[0.853s] Invoking command in '/home/atharva/Learning_ROS2/ros2_ws/build/my_robot_bringup': CMAKE_PREFIX_PATH=/home/atharva/Learning_ROS2/ros2_ws/install/my_robot_description:/home/atharva/Learning_ROS2/ros2_ws/install/radio_station_bringup:/home/atharva/Learning_ROS2/ros2_ws/install/my_robot_bringup:/home/atharva/Learning_ROS2/ros2_ws/install/my_robot_interfaces:/home/atharva/Learning_ROS2/ros2_ws/install/my_robot_gazebo_bringup:/home/atharva/Learning_ROS2/ros2_ws/install/turtlesim_catch_em_all:/home/atharva/Learning_ROS2/ros2_ws/install/my_py_pkg:/opt/ros/humble /usr/bin/cmake --build /home/atharva/Learning_ROS2/ros2_ws/build/my_robot_bringup -- -j4 -l4
[0.895s] Invoked command in '/home/atharva/Learning_ROS2/ros2_ws/build/my_robot_bringup' returned '0': CMAKE_PREFIX_PATH=/home/atharva/Learning_ROS2/ros2_ws/install/my_robot_description:/home/atharva/Learning_ROS2/ros2_ws/install/radio_station_bringup:/home/atharva/Learning_ROS2/ros2_ws/install/my_robot_bringup:/home/atharva/Learning_ROS2/ros2_ws/install/my_robot_interfaces:/home/atharva/Learning_ROS2/ros2_ws/install/my_robot_gazebo_bringup:/home/atharva/Learning_ROS2/ros2_ws/install/turtlesim_catch_em_all:/home/atharva/Learning_ROS2/ros2_ws/install/my_py_pkg:/opt/ros/humble /usr/bin/cmake --build /home/atharva/Learning_ROS2/ros2_ws/build/my_robot_bringup -- -j4 -l4
[0.920s] Invoking command in '/home/atharva/Learning_ROS2/ros2_ws/build/my_robot_bringup': CMAKE_PREFIX_PATH=/home/atharva/Learning_ROS2/ros2_ws/install/my_robot_description:/home/atharva/Learning_ROS2/ros2_ws/install/radio_station_bringup:/home/atharva/Learning_ROS2/ros2_ws/install/my_robot_bringup:/home/atharva/Learning_ROS2/ros2_ws/install/my_robot_interfaces:/home/atharva/Learning_ROS2/ros2_ws/install/my_robot_gazebo_bringup:/home/atharva/Learning_ROS2/ros2_ws/install/turtlesim_catch_em_all:/home/atharva/Learning_ROS2/ros2_ws/install/my_py_pkg:/opt/ros/humble /usr/bin/cmake --install /home/atharva/Learning_ROS2/ros2_ws/build/my_robot_bringup
[0.928s] -- Install configuration: ""
[0.928s] -- Execute custom install script
[0.929s] -- Symlinking: /home/atharva/Learning_ROS2/ros2_ws/install/my_robot_bringup/share/my_robot_bringup//launch/my_robot_gazebo.launch.xml
[0.939s] -- Symlinking: /home/atharva/Learning_ROS2/ros2_ws/install/my_robot_bringup/share/my_robot_bringup//rviz/urdf_config.rviz
[0.948s] -- Symlinking: /home/atharva/Learning_ROS2/ros2_ws/install/my_robot_bringup/share/my_robot_bringup//worlds/test_world.world
[0.958s] -- Symlinking: /home/atharva/Learning_ROS2/ros2_ws/install/my_robot_bringup/share/ament_index/resource_index/package_run_dependencies/my_robot_bringup
[0.967s] -- Symlinking: /home/atharva/Learning_ROS2/ros2_ws/install/my_robot_bringup/share/ament_index/resource_index/parent_prefix_path/my_robot_bringup
[0.976s] -- Symlinking: /home/atharva/Learning_ROS2/ros2_ws/install/my_robot_bringup/share/my_robot_bringup/environment/ament_prefix_path.sh
[0.987s] -- Symlinking: /home/atharva/Learning_ROS2/ros2_ws/install/my_robot_bringup/share/my_robot_bringup/environment/ament_prefix_path.dsv
[0.997s] -- Symlinking: /home/atharva/Learning_ROS2/ros2_ws/install/my_robot_bringup/share/my_robot_bringup/environment/path.sh
[1.006s] -- Symlinking: /home/atharva/Learning_ROS2/ros2_ws/install/my_robot_bringup/share/my_robot_bringup/environment/path.dsv
[1.016s] -- Symlinking: /home/atharva/Learning_ROS2/ros2_ws/install/my_robot_bringup/share/my_robot_bringup/local_setup.bash
[1.025s] -- Symlinking: /home/atharva/Learning_ROS2/ros2_ws/install/my_robot_bringup/share/my_robot_bringup/local_setup.sh
[1.034s] -- Symlinking: /home/atharva/Learning_ROS2/ros2_ws/install/my_robot_bringup/share/my_robot_bringup/local_setup.zsh
[1.044s] -- Symlinking: /home/atharva/Learning_ROS2/ros2_ws/install/my_robot_bringup/share/my_robot_bringup/local_setup.dsv
[1.053s] -- Symlinking: /home/atharva/Learning_ROS2/ros2_ws/install/my_robot_bringup/share/my_robot_bringup/package.dsv
[1.062s] -- Symlinking: /home/atharva/Learning_ROS2/ros2_ws/install/my_robot_bringup/share/ament_index/resource_index/packages/my_robot_bringup
[1.071s] -- Symlinking: /home/atharva/Learning_ROS2/ros2_ws/install/my_robot_bringup/share/my_robot_bringup/cmake/my_robot_bringupConfig.cmake
[1.083s] -- Symlinking: /home/atharva/Learning_ROS2/ros2_ws/install/my_robot_bringup/share/my_robot_bringup/cmake/my_robot_bringupConfig-version.cmake
[1.094s] -- Symlinking: /home/atharva/Learning_ROS2/ros2_ws/install/my_robot_bringup/share/my_robot_bringup/package.xml
[1.107s] Invoked command in '/home/atharva/Learning_ROS2/ros2_ws/build/my_robot_bringup' returned '0': CMAKE_PREFIX_PATH=/home/atharva/Learning_ROS2/ros2_ws/install/my_robot_description:/home/atharva/Learning_ROS2/ros2_ws/install/radio_station_bringup:/home/atharva/Learning_ROS2/ros2_ws/install/my_robot_bringup:/home/atharva/Learning_ROS2/ros2_ws/install/my_robot_interfaces:/home/atharva/Learning_ROS2/ros2_ws/install/my_robot_gazebo_bringup:/home/atharva/Learning_ROS2/ros2_ws/install/turtlesim_catch_em_all:/home/atharva/Learning_ROS2/ros2_ws/install/my_py_pkg:/opt/ros/humble /usr/bin/cmake --install /home/atharva/Learning_ROS2/ros2_ws/build/my_robot_bringup
