[0.155s] Invoking command in '/home/atharva/Learning_ROS2/build/my_robot_description': CMAKE_PREFIX_PATH=${CMAKE_PREFIX_PATH}:/home/atharva/Learning_ROS2/ros2_ws/install/turtlesim_catch_em_all:/home/atharva/Learning_ROS2/ros2_ws/install/my_py_pkg:/opt/ros/humble: /usr/bin/cmake --build /home/atharva/Learning_ROS2/build/my_robot_description -- -j4 -l4
[0.221s] Invoked command in '/home/atharva/Learning_ROS2/build/my_robot_description' returned '0': CMAKE_PREFIX_PATH=${CMAKE_PREFIX_PATH}:/home/atharva/Learning_ROS2/ros2_ws/install/turtlesim_catch_em_all:/home/atharva/Learning_ROS2/ros2_ws/install/my_py_pkg:/opt/ros/humble: /usr/bin/cmake --build /home/atharva/Learning_ROS2/build/my_robot_description -- -j4 -l4
[0.346s] Invoking command in '/home/atharva/Learning_ROS2/build/my_robot_description': CMAKE_PREFIX_PATH=${CMAKE_PREFIX_PATH}:/home/atharva/Learning_ROS2/ros2_ws/install/turtlesim_catch_em_all:/home/atharva/Learning_ROS2/ros2_ws/install/my_py_pkg:/opt/ros/humble: /usr/bin/cmake --install /home/atharva/Learning_ROS2/build/my_robot_description
[0.370s] -- Install configuration: "Debug"
[0.376s] -- Execute custom install script
[0.377s] -- Up-to-date symlink: /home/atharva/Learning_ROS2/install/my_robot_description/share/my_robot_description//urdf/common_properties.urdf.xacro
[0.377s] -- Up-to-date symlink: /home/atharva/Learning_ROS2/install/my_robot_description/share/my_robot_description//urdf/mobile_base.urdf.xacro
[0.377s] -- Up-to-date symlink: /home/atharva/Learning_ROS2/install/my_robot_description/share/my_robot_description//urdf/my_robot.urdf.xacro
[0.377s] -- Up-to-date symlink: /home/atharva/Learning_ROS2/install/my_robot_description/share/my_robot_description//launch/display.launch.py
[0.377s] -- Up-to-date symlink: /home/atharva/Learning_ROS2/install/my_robot_description/share/my_robot_description//launch/display.launch.xml
[0.377s] -- Up-to-date symlink: /home/atharva/Learning_ROS2/install/my_robot_description/share/my_robot_description//rviz/urdf_config.rviz
[0.378s] -- Up-to-date symlink: /home/atharva/Learning_ROS2/install/my_robot_description/share/ament_index/resource_index/package_run_dependencies/my_robot_description
[0.378s] -- Up-to-date symlink: /home/atharva/Learning_ROS2/install/my_robot_description/share/ament_index/resource_index/parent_prefix_path/my_robot_description
[0.378s] -- Up-to-date symlink: /home/atharva/Learning_ROS2/install/my_robot_description/share/my_robot_description/environment/ament_prefix_path.sh
[0.380s] -- Up-to-date symlink: /home/atharva/Learning_ROS2/install/my_robot_description/share/my_robot_description/environment/ament_prefix_path.dsv
[0.380s] -- Up-to-date symlink: /home/atharva/Learning_ROS2/install/my_robot_description/share/my_robot_description/environment/path.sh
[0.380s] -- Up-to-date symlink: /home/atharva/Learning_ROS2/install/my_robot_description/share/my_robot_description/environment/path.dsv
[0.380s] -- Up-to-date symlink: /home/atharva/Learning_ROS2/install/my_robot_description/share/my_robot_description/local_setup.bash
[0.380s] -- Up-to-date symlink: /home/atharva/Learning_ROS2/install/my_robot_description/share/my_robot_description/local_setup.sh
[0.381s] -- Up-to-date symlink: /home/atharva/Learning_ROS2/install/my_robot_description/share/my_robot_description/local_setup.zsh
[0.381s] -- Up-to-date symlink: /home/atharva/Learning_ROS2/install/my_robot_description/share/my_robot_description/local_setup.dsv
[0.381s] -- Symlinking: /home/atharva/Learning_ROS2/install/my_robot_description/share/my_robot_description/package.dsv
[0.398s] -- Up-to-date symlink: /home/atharva/Learning_ROS2/install/my_robot_description/share/ament_index/resource_index/packages/my_robot_description
[0.399s] -- Up-to-date symlink: /home/atharva/Learning_ROS2/install/my_robot_description/share/my_robot_description/cmake/my_robot_descriptionConfig.cmake
[0.399s] -- Up-to-date symlink: /home/atharva/Learning_ROS2/install/my_robot_description/share/my_robot_description/cmake/my_robot_descriptionConfig-version.cmake
[0.405s] -- Up-to-date symlink: /home/atharva/Learning_ROS2/install/my_robot_description/share/my_robot_description/package.xml
[0.406s] Invoked command in '/home/atharva/Learning_ROS2/build/my_robot_description' returned '0': CMAKE_PREFIX_PATH=${CMAKE_PREFIX_PATH}:/home/atharva/Learning_ROS2/ros2_ws/install/turtlesim_catch_em_all:/home/atharva/Learning_ROS2/ros2_ws/install/my_py_pkg:/opt/ros/humble: /usr/bin/cmake --install /home/atharva/Learning_ROS2/build/my_robot_description
