-- Install configuration: ""
-- Execute custom install script
-- Symlinking: /home/atharva/Learning_ROS2/ros2_ws/install/MAE547/share/MAE547//urdf/common_properties.urdf.xacro
-- Symlinking: /home/atharva/Learning_ROS2/ros2_ws/install/MAE547/share/MAE547//urdf/mobile_base.urdf.xacro
-- Symlinking: /home/atharva/Learning_ROS2/ros2_ws/install/MAE547/share/MAE547//urdf/mobile_base_gazebo.urdf.xacro
-- Symlinking: /home/atharva/Learning_ROS2/ros2_ws/install/MAE547/share/MAE547//urdf/my_robot.urdf.xacro
-- Up-to-date symlink: /home/atharva/Learning_ROS2/ros2_ws/install/MAE547/share/MAE547//launch/MAE547.launch.xml
-- Up-to-date symlink: /home/atharva/Learning_ROS2/ros2_ws/install/MAE547/share/MAE547//launch/display.launch.py
-- Up-to-date symlink: /home/atharva/Learning_ROS2/ros2_ws/install/MAE547/share/MAE547//launch/display.launch.xml
-- Up-to-date symlink: /home/atharva/Learning_ROS2/ros2_ws/install/MAE547/share/MAE547//rviz/urdf_config.rviz
-- Up-to-date symlink: /home/atharva/Learning_ROS2/ros2_ws/install/MAE547/share/ament_index/resource_index/package_run_dependencies/MAE547
-- Up-to-date symlink: /home/atharva/Learning_ROS2/ros2_ws/install/MAE547/share/ament_index/resource_index/parent_prefix_path/MAE547
-- Up-to-date symlink: /home/atharva/Learning_ROS2/ros2_ws/install/MAE547/share/MAE547/environment/ament_prefix_path.sh
-- Up-to-date symlink: /home/atharva/Learning_ROS2/ros2_ws/install/MAE547/share/MAE547/environment/ament_prefix_path.dsv
-- Up-to-date symlink: /home/atharva/Learning_ROS2/ros2_ws/install/MAE547/share/MAE547/environment/path.sh
-- Up-to-date symlink: /home/atharva/Learning_ROS2/ros2_ws/install/MAE547/share/MAE547/environment/path.dsv
-- Up-to-date symlink: /home/atharva/Learning_ROS2/ros2_ws/install/MAE547/share/MAE547/local_setup.bash
-- Up-to-date symlink: /home/atharva/Learning_ROS2/ros2_ws/install/MAE547/share/MAE547/local_setup.sh
-- Up-to-date symlink: /home/atharva/Learning_ROS2/ros2_ws/install/MAE547/share/MAE547/local_setup.zsh
-- Up-to-date symlink: /home/atharva/Learning_ROS2/ros2_ws/install/MAE547/share/MAE547/local_setup.dsv
-- Symlinking: /home/atharva/Learning_ROS2/ros2_ws/install/MAE547/share/MAE547/package.dsv
-- Up-to-date symlink: /home/atharva/Learning_ROS2/ros2_ws/install/MAE547/share/ament_index/resource_index/packages/MAE547
-- Up-to-date symlink: /home/atharva/Learning_ROS2/ros2_ws/install/MAE547/share/MAE547/cmake/MAE547Config.cmake
-- Up-to-date symlink: /home/atharva/Learning_ROS2/ros2_ws/install/MAE547/share/MAE547/cmake/MAE547Config-version.cmake
-- Up-to-date symlink: /home/atharva/Learning_ROS2/ros2_ws/install/MAE547/share/MAE547/package.xml
