[0.030s] Invoking command in '/home/atharva/Learning_ROS2/ros2_ws/build/my_robot_description': CMAKE_PREFIX_PATH=${CMAKE_PREFIX_PATH}:/home/atharva/Learning_ROS2/ros2_ws/install/turtlesim_catch_em_all:/home/atharva/Learning_ROS2/ros2_ws/install/my_py_pkg:/opt/ros/humble /usr/bin/cmake /home/atharva/Learning_ROS2/ros2_ws/src/my_robot_description -DAMENT_CMAKE_SYMLINK_INSTALL=1 -DCMAKE_INSTALL_PREFIX=/home/atharva/Learning_ROS2/ros2_ws/install/my_robot_description
[0.121s] -- The C compiler identification is GNU 11.4.0
[0.165s] -- The CXX compiler identification is GNU 11.4.0
[0.170s] -- Detecting C compiler ABI info
[0.207s] -- Detecting C compiler ABI info - done
[0.211s] -- Check for working C compiler: /usr/bin/cc - skipped
[0.212s] -- Detecting C compile features
[0.213s] -- Detecting C compile features - done
[0.215s] -- Detecting CXX compiler ABI info
[0.258s] -- Detecting CXX compiler ABI info - done
[0.262s] -- Check for working CXX compiler: /usr/bin/c++ - skipped
[0.262s] -- Detecting CXX compile features
[0.262s] -- Detecting CXX compile features - done
[0.267s] -- Found ament_cmake: 1.3.6 (/opt/ros/humble/share/ament_cmake/cmake)
[0.359s] -- Found Python3: /usr/bin/python3.10 (found version "3.10.12") found components: Interpreter 
[0.388s] -- Override CMake install command with custom implementation using symlinks instead of copying resources
[0.443s] -- Configuring done
[0.444s] -- Generating done
[0.445s] -- Build files have been written to: /home/atharva/Learning_ROS2/ros2_ws/build/my_robot_description
[0.447s] Invoked command in '/home/atharva/Learning_ROS2/ros2_ws/build/my_robot_description' returned '0': CMAKE_PREFIX_PATH=${CMAKE_PREFIX_PATH}:/home/atharva/Learning_ROS2/ros2_ws/install/turtlesim_catch_em_all:/home/atharva/Learning_ROS2/ros2_ws/install/my_py_pkg:/opt/ros/humble /usr/bin/cmake /home/atharva/Learning_ROS2/ros2_ws/src/my_robot_description -DAMENT_CMAKE_SYMLINK_INSTALL=1 -DCMAKE_INSTALL_PREFIX=/home/atharva/Learning_ROS2/ros2_ws/install/my_robot_description
[0.448s] Invoking command in '/home/atharva/Learning_ROS2/ros2_ws/build/my_robot_description': CMAKE_PREFIX_PATH=${CMAKE_PREFIX_PATH}:/home/atharva/Learning_ROS2/ros2_ws/install/turtlesim_catch_em_all:/home/atharva/Learning_ROS2/ros2_ws/install/my_py_pkg:/opt/ros/humble /usr/bin/cmake --build /home/atharva/Learning_ROS2/ros2_ws/build/my_robot_description -- -j32 -l32
[0.469s] Invoked command in '/home/atharva/Learning_ROS2/ros2_ws/build/my_robot_description' returned '0': CMAKE_PREFIX_PATH=${CMAKE_PREFIX_PATH}:/home/atharva/Learning_ROS2/ros2_ws/install/turtlesim_catch_em_all:/home/atharva/Learning_ROS2/ros2_ws/install/my_py_pkg:/opt/ros/humble /usr/bin/cmake --build /home/atharva/Learning_ROS2/ros2_ws/build/my_robot_description -- -j32 -l32
[0.485s] Invoking command in '/home/atharva/Learning_ROS2/ros2_ws/build/my_robot_description': CMAKE_PREFIX_PATH=${CMAKE_PREFIX_PATH}:/home/atharva/Learning_ROS2/ros2_ws/install/turtlesim_catch_em_all:/home/atharva/Learning_ROS2/ros2_ws/install/my_py_pkg:/opt/ros/humble /usr/bin/cmake --install /home/atharva/Learning_ROS2/ros2_ws/build/my_robot_description
[0.489s] -- Install configuration: ""
[0.489s] -- Execute custom install script
[0.490s] -- Symlinking: /home/atharva/Learning_ROS2/ros2_ws/install/my_robot_description/share/my_robot_description//urdf/arm.xacro
[0.494s] -- Symlinking: /home/atharva/Learning_ROS2/ros2_ws/install/my_robot_description/share/my_robot_description//urdf/arm_standalone.xacro
[0.498s] -- Symlinking: /home/atharva/Learning_ROS2/ros2_ws/install/my_robot_description/share/my_robot_description//urdf/camera.xacro
[0.502s] -- Symlinking: /home/atharva/Learning_ROS2/ros2_ws/install/my_robot_description/share/my_robot_description//urdf/common_properties.xacro
[0.506s] -- Symlinking: /home/atharva/Learning_ROS2/ros2_ws/install/my_robot_description/share/my_robot_description//urdf/mobile_base.xacro
[0.511s] -- Symlinking: /home/atharva/Learning_ROS2/ros2_ws/install/my_robot_description/share/my_robot_description//urdf/mobile_base_gazebo.xacro
[0.515s] -- Symlinking: /home/atharva/Learning_ROS2/ros2_ws/install/my_robot_description/share/my_robot_description//urdf/my_robot.urdf.xacro
[0.519s] -- Symlinking: /home/atharva/Learning_ROS2/ros2_ws/install/my_robot_description/share/my_robot_description//launch/display.launch.py
[0.523s] -- Symlinking: /home/atharva/Learning_ROS2/ros2_ws/install/my_robot_description/share/my_robot_description//launch/display.launch.xml
[0.527s] -- Symlinking: /home/atharva/Learning_ROS2/ros2_ws/install/my_robot_description/share/my_robot_description//rviz/urdf_config.rviz
[0.532s] -- Symlinking: /home/atharva/Learning_ROS2/ros2_ws/install/my_robot_description/share/ament_index/resource_index/package_run_dependencies/my_robot_description
[0.536s] -- Symlinking: /home/atharva/Learning_ROS2/ros2_ws/install/my_robot_description/share/ament_index/resource_index/parent_prefix_path/my_robot_description
[0.541s] -- Symlinking: /home/atharva/Learning_ROS2/ros2_ws/install/my_robot_description/share/my_robot_description/environment/ament_prefix_path.sh
[0.545s] -- Symlinking: /home/atharva/Learning_ROS2/ros2_ws/install/my_robot_description/share/my_robot_description/environment/ament_prefix_path.dsv
[0.549s] -- Symlinking: /home/atharva/Learning_ROS2/ros2_ws/install/my_robot_description/share/my_robot_description/environment/path.sh
[0.553s] -- Symlinking: /home/atharva/Learning_ROS2/ros2_ws/install/my_robot_description/share/my_robot_description/environment/path.dsv
[0.558s] -- Symlinking: /home/atharva/Learning_ROS2/ros2_ws/install/my_robot_description/share/my_robot_description/local_setup.bash
[0.562s] -- Symlinking: /home/atharva/Learning_ROS2/ros2_ws/install/my_robot_description/share/my_robot_description/local_setup.sh
[0.566s] -- Symlinking: /home/atharva/Learning_ROS2/ros2_ws/install/my_robot_description/share/my_robot_description/local_setup.zsh
[0.570s] -- Symlinking: /home/atharva/Learning_ROS2/ros2_ws/install/my_robot_description/share/my_robot_description/local_setup.dsv
[0.574s] -- Symlinking: /home/atharva/Learning_ROS2/ros2_ws/install/my_robot_description/share/my_robot_description/package.dsv
[0.579s] -- Symlinking: /home/atharva/Learning_ROS2/ros2_ws/install/my_robot_description/share/ament_index/resource_index/packages/my_robot_description
[0.583s] -- Symlinking: /home/atharva/Learning_ROS2/ros2_ws/install/my_robot_description/share/my_robot_description/cmake/my_robot_descriptionConfig.cmake
[0.587s] -- Symlinking: /home/atharva/Learning_ROS2/ros2_ws/install/my_robot_description/share/my_robot_description/cmake/my_robot_descriptionConfig-version.cmake
[0.591s] -- Symlinking: /home/atharva/Learning_ROS2/ros2_ws/install/my_robot_description/share/my_robot_description/package.xml
[0.597s] Invoked command in '/home/atharva/Learning_ROS2/ros2_ws/build/my_robot_description' returned '0': CMAKE_PREFIX_PATH=${CMAKE_PREFIX_PATH}:/home/atharva/Learning_ROS2/ros2_ws/install/turtlesim_catch_em_all:/home/atharva/Learning_ROS2/ros2_ws/install/my_py_pkg:/opt/ros/humble /usr/bin/cmake --install /home/atharva/Learning_ROS2/ros2_ws/build/my_robot_description
