[0.081s] Invoking command in '/home/atharva/Learning_ROS2/ros2_ws/build/my_robot_description': CMAKE_PREFIX_PATH=/home/atharva/ros2_ws/install/turtlesim_catch_em_all:/home/atharva/ros2_ws/install/radio_station_bringup:/home/atharva/ros2_ws/install/my_robot_bringup:/home/atharva/ros2_ws/install/my_py_pkg:/home/atharva/ros2_ws/install/my_robot_interfaces:/home/atharva/ros2_ws/install/my_robot_description:/opt/ros/humble /usr/bin/cmake --build /home/atharva/Learning_ROS2/ros2_ws/build/my_robot_description -- -j4 -l4
[0.121s] Invoked command in '/home/atharva/Learning_ROS2/ros2_ws/build/my_robot_description' returned '0': CMAKE_PREFIX_PATH=/home/atharva/ros2_ws/install/turtlesim_catch_em_all:/home/atharva/ros2_ws/install/radio_station_bringup:/home/atharva/ros2_ws/install/my_robot_bringup:/home/atharva/ros2_ws/install/my_py_pkg:/home/atharva/ros2_ws/install/my_robot_interfaces:/home/atharva/ros2_ws/install/my_robot_description:/opt/ros/humble /usr/bin/cmake --build /home/atharva/Learning_ROS2/ros2_ws/build/my_robot_description -- -j4 -l4
[0.160s] Invoking command in '/home/atharva/Learning_ROS2/ros2_ws/build/my_robot_description': CMAKE_PREFIX_PATH=/home/atharva/ros2_ws/install/turtlesim_catch_em_all:/home/atharva/ros2_ws/install/radio_station_bringup:/home/atharva/ros2_ws/install/my_robot_bringup:/home/atharva/ros2_ws/install/my_py_pkg:/home/atharva/ros2_ws/install/my_robot_interfaces:/home/atharva/ros2_ws/install/my_robot_description:/opt/ros/humble /usr/bin/cmake --install /home/atharva/Learning_ROS2/ros2_ws/build/my_robot_description
[0.171s] -- Install configuration: ""
[0.172s] -- Up-to-date: /home/atharva/Learning_ROS2/ros2_ws/install/my_robot_description/share/my_robot_description//urdf
[0.172s] -- Up-to-date: /home/atharva/Learning_ROS2/ros2_ws/install/my_robot_description/share/my_robot_description//urdf/my_robot.urdf
[0.172s] -- Up-to-date: /home/atharva/Learning_ROS2/ros2_ws/install/my_robot_description/share/my_robot_description//launch
[0.172s] -- Up-to-date: /home/atharva/Learning_ROS2/ros2_ws/install/my_robot_description/share/my_robot_description//launch/display.launch.xml
[0.173s] -- Up-to-date: /home/atharva/Learning_ROS2/ros2_ws/install/my_robot_description/share/my_robot_description//launch/display.launch.py
[0.173s] -- Up-to-date: /home/atharva/Learning_ROS2/ros2_ws/install/my_robot_description/share/my_robot_description//rviz
[0.173s] -- Up-to-date: /home/atharva/Learning_ROS2/ros2_ws/install/my_robot_description/share/my_robot_description//rviz/urdf_config.rviz
[0.173s] -- Up-to-date: /home/atharva/Learning_ROS2/ros2_ws/install/my_robot_description/share/ament_index/resource_index/package_run_dependencies/my_robot_description
[0.173s] -- Up-to-date: /home/atharva/Learning_ROS2/ros2_ws/install/my_robot_description/share/ament_index/resource_index/parent_prefix_path/my_robot_description
[0.174s] -- Up-to-date: /home/atharva/Learning_ROS2/ros2_ws/install/my_robot_description/share/my_robot_description/environment/ament_prefix_path.sh
[0.174s] -- Up-to-date: /home/atharva/Learning_ROS2/ros2_ws/install/my_robot_description/share/my_robot_description/environment/ament_prefix_path.dsv
[0.174s] -- Up-to-date: /home/atharva/Learning_ROS2/ros2_ws/install/my_robot_description/share/my_robot_description/environment/path.sh
[0.174s] -- Up-to-date: /home/atharva/Learning_ROS2/ros2_ws/install/my_robot_description/share/my_robot_description/environment/path.dsv
[0.174s] -- Up-to-date: /home/atharva/Learning_ROS2/ros2_ws/install/my_robot_description/share/my_robot_description/local_setup.bash
[0.174s] -- Up-to-date: /home/atharva/Learning_ROS2/ros2_ws/install/my_robot_description/share/my_robot_description/local_setup.sh
[0.175s] -- Up-to-date: /home/atharva/Learning_ROS2/ros2_ws/install/my_robot_description/share/my_robot_description/local_setup.zsh
[0.175s] -- Up-to-date: /home/atharva/Learning_ROS2/ros2_ws/install/my_robot_description/share/my_robot_description/local_setup.dsv
[0.175s] -- Installing: /home/atharva/Learning_ROS2/ros2_ws/install/my_robot_description/share/my_robot_description/package.dsv
[0.176s] -- Up-to-date: /home/atharva/Learning_ROS2/ros2_ws/install/my_robot_description/share/ament_index/resource_index/packages/my_robot_description
[0.176s] -- Up-to-date: /home/atharva/Learning_ROS2/ros2_ws/install/my_robot_description/share/my_robot_description/cmake/my_robot_descriptionConfig.cmake
[0.177s] -- Up-to-date: /home/atharva/Learning_ROS2/ros2_ws/install/my_robot_description/share/my_robot_description/cmake/my_robot_descriptionConfig-version.cmake
[0.177s] -- Up-to-date: /home/atharva/Learning_ROS2/ros2_ws/install/my_robot_description/share/my_robot_description/package.xml
[0.177s] Invoked command in '/home/atharva/Learning_ROS2/ros2_ws/build/my_robot_description' returned '0': CMAKE_PREFIX_PATH=/home/atharva/ros2_ws/install/turtlesim_catch_em_all:/home/atharva/ros2_ws/install/radio_station_bringup:/home/atharva/ros2_ws/install/my_robot_bringup:/home/atharva/ros2_ws/install/my_py_pkg:/home/atharva/ros2_ws/install/my_robot_interfaces:/home/atharva/ros2_ws/install/my_robot_description:/opt/ros/humble /usr/bin/cmake --install /home/atharva/Learning_ROS2/ros2_ws/build/my_robot_description
