/home/atharva/ros2_ws/install/turtlesim_catch_em_all/lib/python3.10/site-packages/turtlesim_catch_em_all/turtle_catcher.py
/home/atharva/ros2_ws/install/turtlesim_catch_em_all/lib/python3.10/site-packages/turtlesim_catch_em_all/turtle_controller.py
/home/atharva/ros2_ws/install/turtlesim_catch_em_all/lib/python3.10/site-packages/turtlesim_catch_em_all/__init__.py
/home/atharva/ros2_ws/install/turtlesim_catch_em_all/lib/python3.10/site-packages/turtlesim_catch_em_all/turtle_spawner.py
/home/atharva/ros2_ws/install/turtlesim_catch_em_all/lib/python3.10/site-packages/turtlesim_catch_em_all/__pycache__/turtle_catcher.cpython-310.pyc
/home/atharva/ros2_ws/install/turtlesim_catch_em_all/lib/python3.10/site-packages/turtlesim_catch_em_all/__pycache__/turtle_controller.cpython-310.pyc
/home/atharva/ros2_ws/install/turtlesim_catch_em_all/lib/python3.10/site-packages/turtlesim_catch_em_all/__pycache__/__init__.cpython-310.pyc
/home/atharva/ros2_ws/install/turtlesim_catch_em_all/lib/python3.10/site-packages/turtlesim_catch_em_all/__pycache__/turtle_spawner.cpython-310.pyc
/home/atharva/ros2_ws/install/turtlesim_catch_em_all/share/ament_index/resource_index/packages/turtlesim_catch_em_all
/home/atharva/ros2_ws/install/turtlesim_catch_em_all/share/turtlesim_catch_em_all/package.xml
/home/atharva/ros2_ws/install/turtlesim_catch_em_all/lib/python3.10/site-packages/turtlesim_catch_em_all-0.0.0-py3.10.egg-info/zip-safe
/home/atharva/ros2_ws/install/turtlesim_catch_em_all/lib/python3.10/site-packages/turtlesim_catch_em_all-0.0.0-py3.10.egg-info/SOURCES.txt
/home/atharva/ros2_ws/install/turtlesim_catch_em_all/lib/python3.10/site-packages/turtlesim_catch_em_all-0.0.0-py3.10.egg-info/entry_points.txt
/home/atharva/ros2_ws/install/turtlesim_catch_em_all/lib/python3.10/site-packages/turtlesim_catch_em_all-0.0.0-py3.10.egg-info/dependency_links.txt
/home/atharva/ros2_ws/install/turtlesim_catch_em_all/lib/python3.10/site-packages/turtlesim_catch_em_all-0.0.0-py3.10.egg-info/top_level.txt
/home/atharva/ros2_ws/install/turtlesim_catch_em_all/lib/python3.10/site-packages/turtlesim_catch_em_all-0.0.0-py3.10.egg-info/requires.txt
/home/atharva/ros2_ws/install/turtlesim_catch_em_all/lib/python3.10/site-packages/turtlesim_catch_em_all-0.0.0-py3.10.egg-info/PKG-INFO
/home/atharva/ros2_ws/install/turtlesim_catch_em_all/lib/turtlesim_catch_em_all/turtle_catcher
/home/atharva/ros2_ws/install/turtlesim_catch_em_all/lib/turtlesim_catch_em_all/turtle_controller
/home/atharva/ros2_ws/install/turtlesim_catch_em_all/lib/turtlesim_catch_em_all/turtle_spawner
