[0.045s] Invoking command in '/home/atharva/Learning_ROS2/ros2_ws/build/launches': CMAKE_PREFIX_PATH=${CMAKE_PREFIX_PATH}:/opt/ros/humble /usr/bin/cmake /home/atharva/Learning_ROS2/ros2_ws/src/autocar/launches -DCMAKE_INSTALL_PREFIX=/home/atharva/Learning_ROS2/ros2_ws/install/launches
[0.050s] -- Found ament_cmake: 1.3.6 (/opt/ros/humble/share/ament_cmake/cmake)
[0.130s] [31mCMake Error at CMakeLists.txt:27 (find_package):
[0.130s]   By not providing "Findament_lint_auto.cmake" in CMAKE_MODULE_PATH this
[0.130s]   project has asked CMake to find a package configuration file provided by
[0.130s]   "ament_lint_auto", but CMake did not find one.
[0.130s] 
[0.130s]   Could not find a package configuration file provided by "ament_lint_auto"
[0.130s]   with any of the following names:
[0.130s] 
[0.130s]     ament_lint_autoConfig.cmake
[0.130s]     ament_lint_auto-config.cmake
[0.130s] 
[0.130s]   Add the installation prefix of "ament_lint_auto" to CMAKE_PREFIX_PATH or
[0.130s]   set "ament_lint_auto_DIR" to a directory containing one of the above files.
[0.130s]   If "ament_lint_auto" provides a separate development package or SDK, be
[0.130s]   sure it has been installed.
[0.130s] 
[0.130s] [0m
[0.130s] -- Configuring incomplete, errors occurred!
[0.130s] See also "/home/atharva/Learning_ROS2/ros2_ws/build/launches/CMakeFiles/CMakeOutput.log".
[0.200s] Invoked command in '/home/atharva/Learning_ROS2/ros2_ws/build/launches' returned '1': CMAKE_PREFIX_PATH=${CMAKE_PREFIX_PATH}:/opt/ros/humble /usr/bin/cmake /home/atharva/Learning_ROS2/ros2_ws/src/autocar/launches -DCMAKE_INSTALL_PREFIX=/home/atharva/Learning_ROS2/ros2_ws/install/launches
