[0.036s] Invoking command in '/home/atharva/Learning_ROS2/ros2_ws/build/mae_547': CMAKE_PREFIX_PATH=${CMAKE_PREFIX_PATH}:/home/atharva/Learning_ROS2/ros2_ws/install/turtlesim_catch_em_all:/home/atharva/Learning_ROS2/ros2_ws/install/my_py_pkg:/opt/ros/humble /usr/bin/cmake /home/atharva/Learning_ROS2/ros2_ws/src/mae_547 -DAMENT_CMAKE_SYMLINK_INSTALL=1 -DCMAKE_INSTALL_PREFIX=/home/atharva/Learning_ROS2/ros2_ws/install/mae_547
[0.046s] -- Found ament_cmake: 1.3.6 (/opt/ros/humble/share/ament_cmake/cmake)
[0.124s] -- Override CMake install command with custom implementation using symlinks instead of copying resources
[0.174s] -- Configuring done
[0.176s] -- Generating done
[0.176s] -- Build files have been written to: /home/atharva/Learning_ROS2/ros2_ws/build/mae_547
[0.178s] Invoked command in '/home/atharva/Learning_ROS2/ros2_ws/build/mae_547' returned '0': CMAKE_PREFIX_PATH=${CMAKE_PREFIX_PATH}:/home/atharva/Learning_ROS2/ros2_ws/install/turtlesim_catch_em_all:/home/atharva/Learning_ROS2/ros2_ws/install/my_py_pkg:/opt/ros/humble /usr/bin/cmake /home/atharva/Learning_ROS2/ros2_ws/src/mae_547 -DAMENT_CMAKE_SYMLINK_INSTALL=1 -DCMAKE_INSTALL_PREFIX=/home/atharva/Learning_ROS2/ros2_ws/install/mae_547
[0.179s] Invoking command in '/home/atharva/Learning_ROS2/ros2_ws/build/mae_547': CMAKE_PREFIX_PATH=${CMAKE_PREFIX_PATH}:/home/atharva/Learning_ROS2/ros2_ws/install/turtlesim_catch_em_all:/home/atharva/Learning_ROS2/ros2_ws/install/my_py_pkg:/opt/ros/humble /usr/bin/cmake --build /home/atharva/Learning_ROS2/ros2_ws/build/mae_547 -- -j32 -l32
[0.197s] Invoked command in '/home/atharva/Learning_ROS2/ros2_ws/build/mae_547' returned '0': CMAKE_PREFIX_PATH=${CMAKE_PREFIX_PATH}:/home/atharva/Learning_ROS2/ros2_ws/install/turtlesim_catch_em_all:/home/atharva/Learning_ROS2/ros2_ws/install/my_py_pkg:/opt/ros/humble /usr/bin/cmake --build /home/atharva/Learning_ROS2/ros2_ws/build/mae_547 -- -j32 -l32
[0.212s] Invoking command in '/home/atharva/Learning_ROS2/ros2_ws/build/mae_547': CMAKE_PREFIX_PATH=${CMAKE_PREFIX_PATH}:/home/atharva/Learning_ROS2/ros2_ws/install/turtlesim_catch_em_all:/home/atharva/Learning_ROS2/ros2_ws/install/my_py_pkg:/opt/ros/humble /usr/bin/cmake --install /home/atharva/Learning_ROS2/ros2_ws/build/mae_547
[0.216s] -- Install configuration: ""
[0.216s] -- Execute custom install script
[0.216s] -- Symlinking: /home/atharva/Learning_ROS2/ros2_ws/install/mae_547/share/mae_547/urdf/common_properties.xacro
[0.220s] -- Symlinking: /home/atharva/Learning_ROS2/ros2_ws/install/mae_547/share/mae_547/urdf/mobile_base.xacro
[0.224s] -- Symlinking: /home/atharva/Learning_ROS2/ros2_ws/install/mae_547/share/mae_547/urdf/mobile_base_gazebo.xacro
[0.228s] -- Symlinking: /home/atharva/Learning_ROS2/ros2_ws/install/mae_547/share/mae_547/urdf/my_robot.urdf.xacro
[0.232s] -- Symlinking: /home/atharva/Learning_ROS2/ros2_ws/install/mae_547/share/mae_547/launch/display.launch.xml
[0.237s] -- Symlinking: /home/atharva/Learning_ROS2/ros2_ws/install/mae_547/share/mae_547/rviz/urdf_config.rviz
[0.241s] -- Symlinking: /home/atharva/Learning_ROS2/ros2_ws/install/mae_547/share/ament_index/resource_index/package_run_dependencies/mae_547
[0.245s] -- Symlinking: /home/atharva/Learning_ROS2/ros2_ws/install/mae_547/share/ament_index/resource_index/parent_prefix_path/mae_547
[0.249s] -- Symlinking: /home/atharva/Learning_ROS2/ros2_ws/install/mae_547/share/mae_547/environment/ament_prefix_path.sh
[0.252s] -- Symlinking: /home/atharva/Learning_ROS2/ros2_ws/install/mae_547/share/mae_547/environment/ament_prefix_path.dsv
[0.256s] -- Symlinking: /home/atharva/Learning_ROS2/ros2_ws/install/mae_547/share/mae_547/environment/path.sh
[0.260s] -- Symlinking: /home/atharva/Learning_ROS2/ros2_ws/install/mae_547/share/mae_547/environment/path.dsv
[0.264s] -- Symlinking: /home/atharva/Learning_ROS2/ros2_ws/install/mae_547/share/mae_547/local_setup.bash
[0.267s] -- Symlinking: /home/atharva/Learning_ROS2/ros2_ws/install/mae_547/share/mae_547/local_setup.sh
[0.271s] -- Symlinking: /home/atharva/Learning_ROS2/ros2_ws/install/mae_547/share/mae_547/local_setup.zsh
[0.275s] -- Symlinking: /home/atharva/Learning_ROS2/ros2_ws/install/mae_547/share/mae_547/local_setup.dsv
[0.279s] -- Symlinking: /home/atharva/Learning_ROS2/ros2_ws/install/mae_547/share/mae_547/package.dsv
[0.282s] -- Symlinking: /home/atharva/Learning_ROS2/ros2_ws/install/mae_547/share/ament_index/resource_index/packages/mae_547
[0.286s] -- Symlinking: /home/atharva/Learning_ROS2/ros2_ws/install/mae_547/share/mae_547/cmake/mae_547Config.cmake
[0.290s] -- Symlinking: /home/atharva/Learning_ROS2/ros2_ws/install/mae_547/share/mae_547/cmake/mae_547Config-version.cmake
[0.294s] -- Symlinking: /home/atharva/Learning_ROS2/ros2_ws/install/mae_547/share/mae_547/package.xml
[0.299s] Invoked command in '/home/atharva/Learning_ROS2/ros2_ws/build/mae_547' returned '0': CMAKE_PREFIX_PATH=${CMAKE_PREFIX_PATH}:/home/atharva/Learning_ROS2/ros2_ws/install/turtlesim_catch_em_all:/home/atharva/Learning_ROS2/ros2_ws/install/my_py_pkg:/opt/ros/humble /usr/bin/cmake --install /home/atharva/Learning_ROS2/ros2_ws/build/mae_547
