[0.276s] Invoking command in '/home/atharva/ros2_ws/build/my_robot_bringup': AMENT_PREFIX_PATH=/home/atharva/ros2_ws/install/my_py_pkg:/home/atharva/ros2_ws/install/my_robot_interfaces CMAKE_PREFIX_PATH=/home/atharva/ros2_ws/install/my_robot_interfaces:/home/atharva/ros2_ws/install/radio_station_bringup:/home/atharva/ros2_ws/install/my_robot_bringup:/home/atharva/ros2_ws/install/my_robot_description PYTHONPATH=/home/atharva/ros2_ws/install/my_py_pkg/lib/python3.10/site-packages:/home/atharva/ros2_ws/build/turtlesim_catch_em_all:/home/atharva/ros2_ws/install/turtlesim_catch_em_all/lib/python3.10/site-packages:/home/atharva/ros2_ws/install/my_robot_interfaces/local/lib/python3.10/dist-packages:/opt/ros/humble/lib/python3.10/site-packages:/opt/ros/humble/local/lib/python3.10/dist-packages /usr/bin/cmake --build /home/atharva/ros2_ws/build/my_robot_bringup -- -j4 -l4
[0.369s] Invoked command in '/home/atharva/ros2_ws/build/my_robot_bringup' returned '0': AMENT_PREFIX_PATH=/home/atharva/ros2_ws/install/my_py_pkg:/home/atharva/ros2_ws/install/my_robot_interfaces CMAKE_PREFIX_PATH=/home/atharva/ros2_ws/install/my_robot_interfaces:/home/atharva/ros2_ws/install/radio_station_bringup:/home/atharva/ros2_ws/install/my_robot_bringup:/home/atharva/ros2_ws/install/my_robot_description PYTHONPATH=/home/atharva/ros2_ws/install/my_py_pkg/lib/python3.10/site-packages:/home/atharva/ros2_ws/build/turtlesim_catch_em_all:/home/atharva/ros2_ws/install/turtlesim_catch_em_all/lib/python3.10/site-packages:/home/atharva/ros2_ws/install/my_robot_interfaces/local/lib/python3.10/dist-packages:/opt/ros/humble/lib/python3.10/site-packages:/opt/ros/humble/local/lib/python3.10/dist-packages /usr/bin/cmake --build /home/atharva/ros2_ws/build/my_robot_bringup -- -j4 -l4
[0.401s] Invoking command in '/home/atharva/ros2_ws/build/my_robot_bringup': AMENT_PREFIX_PATH=/home/atharva/ros2_ws/install/my_py_pkg:/home/atharva/ros2_ws/install/my_robot_interfaces CMAKE_PREFIX_PATH=/home/atharva/ros2_ws/install/my_robot_interfaces:/home/atharva/ros2_ws/install/radio_station_bringup:/home/atharva/ros2_ws/install/my_robot_bringup:/home/atharva/ros2_ws/install/my_robot_description PYTHONPATH=/home/atharva/ros2_ws/install/my_py_pkg/lib/python3.10/site-packages:/home/atharva/ros2_ws/build/turtlesim_catch_em_all:/home/atharva/ros2_ws/install/turtlesim_catch_em_all/lib/python3.10/site-packages:/home/atharva/ros2_ws/install/my_robot_interfaces/local/lib/python3.10/dist-packages:/opt/ros/humble/lib/python3.10/site-packages:/opt/ros/humble/local/lib/python3.10/dist-packages /usr/bin/cmake --install /home/atharva/ros2_ws/build/my_robot_bringup
[0.447s] -- Install configuration: ""
[0.483s] -- Execute custom install script
[0.484s] -- Up-to-date symlink: /home/atharva/ros2_ws/install/my_robot_bringup/share/my_robot_bringup/launch/number_app.launch.py
[0.484s] -- Up-to-date symlink: /home/atharva/ros2_ws/install/my_robot_bringup/share/ament_index/resource_index/package_run_dependencies/my_robot_bringup
[0.485s] -- Up-to-date symlink: /home/atharva/ros2_ws/install/my_robot_bringup/share/ament_index/resource_index/parent_prefix_path/my_robot_bringup
[0.485s] -- Up-to-date symlink: /home/atharva/ros2_ws/install/my_robot_bringup/share/my_robot_bringup/environment/ament_prefix_path.sh
[0.485s] -- Up-to-date symlink: /home/atharva/ros2_ws/install/my_robot_bringup/share/my_robot_bringup/environment/ament_prefix_path.dsv
[0.486s] -- Up-to-date symlink: /home/atharva/ros2_ws/install/my_robot_bringup/share/my_robot_bringup/environment/path.sh
[0.486s] -- Up-to-date symlink: /home/atharva/ros2_ws/install/my_robot_bringup/share/my_robot_bringup/environment/path.dsv
[0.487s] -- Up-to-date symlink: /home/atharva/ros2_ws/install/my_robot_bringup/share/my_robot_bringup/local_setup.bash
[0.487s] -- Up-to-date symlink: /home/atharva/ros2_ws/install/my_robot_bringup/share/my_robot_bringup/local_setup.sh
[0.488s] -- Up-to-date symlink: /home/atharva/ros2_ws/install/my_robot_bringup/share/my_robot_bringup/local_setup.zsh
[0.488s] -- Up-to-date symlink: /home/atharva/ros2_ws/install/my_robot_bringup/share/my_robot_bringup/local_setup.dsv
[0.489s] -- Symlinking: /home/atharva/ros2_ws/install/my_robot_bringup/share/my_robot_bringup/package.dsv
[0.498s] -- Up-to-date symlink: /home/atharva/ros2_ws/install/my_robot_bringup/share/ament_index/resource_index/packages/my_robot_bringup
[0.499s] -- Up-to-date symlink: /home/atharva/ros2_ws/install/my_robot_bringup/share/my_robot_bringup/cmake/my_robot_bringupConfig.cmake
[0.499s] -- Up-to-date symlink: /home/atharva/ros2_ws/install/my_robot_bringup/share/my_robot_bringup/cmake/my_robot_bringupConfig-version.cmake
[0.499s] -- Up-to-date symlink: /home/atharva/ros2_ws/install/my_robot_bringup/share/my_robot_bringup/package.xml
[0.533s] Invoked command in '/home/atharva/ros2_ws/build/my_robot_bringup' returned '0': AMENT_PREFIX_PATH=/home/atharva/ros2_ws/install/my_py_pkg:/home/atharva/ros2_ws/install/my_robot_interfaces CMAKE_PREFIX_PATH=/home/atharva/ros2_ws/install/my_robot_interfaces:/home/atharva/ros2_ws/install/radio_station_bringup:/home/atharva/ros2_ws/install/my_robot_bringup:/home/atharva/ros2_ws/install/my_robot_description PYTHONPATH=/home/atharva/ros2_ws/install/my_py_pkg/lib/python3.10/site-packages:/home/atharva/ros2_ws/build/turtlesim_catch_em_all:/home/atharva/ros2_ws/install/turtlesim_catch_em_all/lib/python3.10/site-packages:/home/atharva/ros2_ws/install/my_robot_interfaces/local/lib/python3.10/dist-packages:/opt/ros/humble/lib/python3.10/site-packages:/opt/ros/humble/local/lib/python3.10/dist-packages /usr/bin/cmake --install /home/atharva/ros2_ws/build/my_robot_bringup
