[0.089s] Invoking command in '/home/atharva/Learning_ROS2/ros2_ws/build/my_robot_bringup': CMAKE_PREFIX_PATH=/home/atharva/Learning_ROS2/ros2_ws/install/my_robot_description:/home/atharva/Learning_ROS2/ros2_ws/install/radio_station_bringup:/home/atharva/Learning_ROS2/ros2_ws/install/my_robot_interfaces:/home/atharva/Learning_ROS2/ros2_ws/install/my_robot_bringup:/home/atharva/Learning_ROS2/ros2_ws/install/mae547_bringup:/home/atharva/Learning_ROS2/ros2_ws/install/mae_547:/home/atharva/Learning_ROS2/ros2_ws/install/launches:/home/atharva/Learning_ROS2/ros2_ws/install/autocar_nav:/home/atharva/Learning_ROS2/ros2_ws/install/autocar_msgs:/home/atharva/Learning_ROS2/ros2_ws/install/autocar_map:/home/atharva/Learning_ROS2/ros2_ws/install/autocar_gazebo:/home/atharva/Learning_ROS2/ros2_ws/install/autocar_description:/home/atharva/Learning_ROS2/ros2_ws/install/turtlesim_catch_em_all:/home/atharva/Learning_ROS2/ros2_ws/install/my_py_pkg:/opt/ros/humble /usr/bin/cmake /home/atharva/Learning_ROS2/ros2_ws/src/my_robot_bringup -DCMAKE_INSTALL_PREFIX=/home/atharva/Learning_ROS2/ros2_ws/install/my_robot_bringup
[0.143s] -- The C compiler identification is GNU 11.4.0
[0.143s] -- The CXX compiler identification is GNU 11.4.0
[0.146s] -- Detecting C compiler ABI info
[0.180s] -- Detecting C compiler ABI info - done
[0.185s] -- Check for working C compiler: /usr/bin/cc - skipped
[0.185s] -- Detecting C compile features
[0.186s] -- Detecting C compile features - done
[0.187s] -- Detecting CXX compiler ABI info
[0.225s] -- Detecting CXX compiler ABI info - done
[0.231s] -- Check for working CXX compiler: /usr/bin/c++ - skipped
[0.231s] -- Detecting CXX compile features
[0.231s] -- Detecting CXX compile features - done
[0.232s] -- Found ament_cmake: 1.3.6 (/opt/ros/humble/share/ament_cmake/cmake)
[0.317s] -- Found Python3: /usr/bin/python3.10 (found version "3.10.12") found components: Interpreter 
[0.403s] -- Configuring done
[0.408s] -- Generating done
[0.408s] -- Build files have been written to: /home/atharva/Learning_ROS2/ros2_ws/build/my_robot_bringup
[0.410s] Invoked command in '/home/atharva/Learning_ROS2/ros2_ws/build/my_robot_bringup' returned '0': CMAKE_PREFIX_PATH=/home/atharva/Learning_ROS2/ros2_ws/install/my_robot_description:/home/atharva/Learning_ROS2/ros2_ws/install/radio_station_bringup:/home/atharva/Learning_ROS2/ros2_ws/install/my_robot_interfaces:/home/atharva/Learning_ROS2/ros2_ws/install/my_robot_bringup:/home/atharva/Learning_ROS2/ros2_ws/install/mae547_bringup:/home/atharva/Learning_ROS2/ros2_ws/install/mae_547:/home/atharva/Learning_ROS2/ros2_ws/install/launches:/home/atharva/Learning_ROS2/ros2_ws/install/autocar_nav:/home/atharva/Learning_ROS2/ros2_ws/install/autocar_msgs:/home/atharva/Learning_ROS2/ros2_ws/install/autocar_map:/home/atharva/Learning_ROS2/ros2_ws/install/autocar_gazebo:/home/atharva/Learning_ROS2/ros2_ws/install/autocar_description:/home/atharva/Learning_ROS2/ros2_ws/install/turtlesim_catch_em_all:/home/atharva/Learning_ROS2/ros2_ws/install/my_py_pkg:/opt/ros/humble /usr/bin/cmake /home/atharva/Learning_ROS2/ros2_ws/src/my_robot_bringup -DCMAKE_INSTALL_PREFIX=/home/atharva/Learning_ROS2/ros2_ws/install/my_robot_bringup
[0.411s] Invoking command in '/home/atharva/Learning_ROS2/ros2_ws/build/my_robot_bringup': CMAKE_PREFIX_PATH=/home/atharva/Learning_ROS2/ros2_ws/install/my_robot_description:/home/atharva/Learning_ROS2/ros2_ws/install/radio_station_bringup:/home/atharva/Learning_ROS2/ros2_ws/install/my_robot_interfaces:/home/atharva/Learning_ROS2/ros2_ws/install/my_robot_bringup:/home/atharva/Learning_ROS2/ros2_ws/install/mae547_bringup:/home/atharva/Learning_ROS2/ros2_ws/install/mae_547:/home/atharva/Learning_ROS2/ros2_ws/install/launches:/home/atharva/Learning_ROS2/ros2_ws/install/autocar_nav:/home/atharva/Learning_ROS2/ros2_ws/install/autocar_msgs:/home/atharva/Learning_ROS2/ros2_ws/install/autocar_map:/home/atharva/Learning_ROS2/ros2_ws/install/autocar_gazebo:/home/atharva/Learning_ROS2/ros2_ws/install/autocar_description:/home/atharva/Learning_ROS2/ros2_ws/install/turtlesim_catch_em_all:/home/atharva/Learning_ROS2/ros2_ws/install/my_py_pkg:/opt/ros/humble /usr/bin/cmake --build /home/atharva/Learning_ROS2/ros2_ws/build/my_robot_bringup -- -j32 -l32
[0.430s] Invoked command in '/home/atharva/Learning_ROS2/ros2_ws/build/my_robot_bringup' returned '0': CMAKE_PREFIX_PATH=/home/atharva/Learning_ROS2/ros2_ws/install/my_robot_description:/home/atharva/Learning_ROS2/ros2_ws/install/radio_station_bringup:/home/atharva/Learning_ROS2/ros2_ws/install/my_robot_interfaces:/home/atharva/Learning_ROS2/ros2_ws/install/my_robot_bringup:/home/atharva/Learning_ROS2/ros2_ws/install/mae547_bringup:/home/atharva/Learning_ROS2/ros2_ws/install/mae_547:/home/atharva/Learning_ROS2/ros2_ws/install/launches:/home/atharva/Learning_ROS2/ros2_ws/install/autocar_nav:/home/atharva/Learning_ROS2/ros2_ws/install/autocar_msgs:/home/atharva/Learning_ROS2/ros2_ws/install/autocar_map:/home/atharva/Learning_ROS2/ros2_ws/install/autocar_gazebo:/home/atharva/Learning_ROS2/ros2_ws/install/autocar_description:/home/atharva/Learning_ROS2/ros2_ws/install/turtlesim_catch_em_all:/home/atharva/Learning_ROS2/ros2_ws/install/my_py_pkg:/opt/ros/humble /usr/bin/cmake --build /home/atharva/Learning_ROS2/ros2_ws/build/my_robot_bringup -- -j32 -l32
[0.439s] Invoking command in '/home/atharva/Learning_ROS2/ros2_ws/build/my_robot_bringup': CMAKE_PREFIX_PATH=/home/atharva/Learning_ROS2/ros2_ws/install/my_robot_description:/home/atharva/Learning_ROS2/ros2_ws/install/radio_station_bringup:/home/atharva/Learning_ROS2/ros2_ws/install/my_robot_interfaces:/home/atharva/Learning_ROS2/ros2_ws/install/my_robot_bringup:/home/atharva/Learning_ROS2/ros2_ws/install/mae547_bringup:/home/atharva/Learning_ROS2/ros2_ws/install/mae_547:/home/atharva/Learning_ROS2/ros2_ws/install/launches:/home/atharva/Learning_ROS2/ros2_ws/install/autocar_nav:/home/atharva/Learning_ROS2/ros2_ws/install/autocar_msgs:/home/atharva/Learning_ROS2/ros2_ws/install/autocar_map:/home/atharva/Learning_ROS2/ros2_ws/install/autocar_gazebo:/home/atharva/Learning_ROS2/ros2_ws/install/autocar_description:/home/atharva/Learning_ROS2/ros2_ws/install/turtlesim_catch_em_all:/home/atharva/Learning_ROS2/ros2_ws/install/my_py_pkg:/opt/ros/humble /usr/bin/cmake --install /home/atharva/Learning_ROS2/ros2_ws/build/my_robot_bringup
[0.443s] -- Install configuration: ""
[0.443s] -- Installing: /home/atharva/Learning_ROS2/ros2_ws/install/my_robot_bringup/share/my_robot_bringup//launch
[0.443s] -- Installing: /home/atharva/Learning_ROS2/ros2_ws/install/my_robot_bringup/share/my_robot_bringup//launch/my_robot_gazebo.launch.xml
[0.444s] -- Installing: /home/atharva/Learning_ROS2/ros2_ws/install/my_robot_bringup/share/my_robot_bringup//rviz
[0.444s] -- Installing: /home/atharva/Learning_ROS2/ros2_ws/install/my_robot_bringup/share/my_robot_bringup//rviz/urdf_config.rviz
[0.444s] -- Installing: /home/atharva/Learning_ROS2/ros2_ws/install/my_robot_bringup/share/my_robot_bringup//worlds
[0.444s] -- Installing: /home/atharva/Learning_ROS2/ros2_ws/install/my_robot_bringup/share/my_robot_bringup//worlds/test_world.world
[0.444s] -- Installing: /home/atharva/Learning_ROS2/ros2_ws/install/my_robot_bringup/share/ament_index/resource_index/package_run_dependencies/my_robot_bringup
[0.444s] -- Installing: /home/atharva/Learning_ROS2/ros2_ws/install/my_robot_bringup/share/ament_index/resource_index/parent_prefix_path/my_robot_bringup
[0.444s] -- Installing: /home/atharva/Learning_ROS2/ros2_ws/install/my_robot_bringup/share/my_robot_bringup/environment/ament_prefix_path.sh
[0.444s] -- Installing: /home/atharva/Learning_ROS2/ros2_ws/install/my_robot_bringup/share/my_robot_bringup/environment/ament_prefix_path.dsv
[0.444s] -- Installing: /home/atharva/Learning_ROS2/ros2_ws/install/my_robot_bringup/share/my_robot_bringup/environment/path.sh
[0.444s] -- Installing: /home/atharva/Learning_ROS2/ros2_ws/install/my_robot_bringup/share/my_robot_bringup/environment/path.dsv
[0.444s] -- Installing: /home/atharva/Learning_ROS2/ros2_ws/install/my_robot_bringup/share/my_robot_bringup/local_setup.bash
[0.444s] -- Installing: /home/atharva/Learning_ROS2/ros2_ws/install/my_robot_bringup/share/my_robot_bringup/local_setup.sh
[0.444s] -- Installing: /home/atharva/Learning_ROS2/ros2_ws/install/my_robot_bringup/share/my_robot_bringup/local_setup.zsh
[0.444s] -- Installing: /home/atharva/Learning_ROS2/ros2_ws/install/my_robot_bringup/share/my_robot_bringup/local_setup.dsv
[0.445s] -- Installing: /home/atharva/Learning_ROS2/ros2_ws/install/my_robot_bringup/share/my_robot_bringup/package.dsv
[0.445s] -- Installing: /home/atharva/Learning_ROS2/ros2_ws/install/my_robot_bringup/share/ament_index/resource_index/packages/my_robot_bringup
[0.445s] -- Installing: /home/atharva/Learning_ROS2/ros2_ws/install/my_robot_bringup/share/my_robot_bringup/cmake/my_robot_bringupConfig.cmake
[0.445s] -- Installing: /home/atharva/Learning_ROS2/ros2_ws/install/my_robot_bringup/share/my_robot_bringup/cmake/my_robot_bringupConfig-version.cmake
[0.445s] -- Installing: /home/atharva/Learning_ROS2/ros2_ws/install/my_robot_bringup/share/my_robot_bringup/package.xml
[0.471s] Invoked command in '/home/atharva/Learning_ROS2/ros2_ws/build/my_robot_bringup' returned '0': CMAKE_PREFIX_PATH=/home/atharva/Learning_ROS2/ros2_ws/install/my_robot_description:/home/atharva/Learning_ROS2/ros2_ws/install/radio_station_bringup:/home/atharva/Learning_ROS2/ros2_ws/install/my_robot_interfaces:/home/atharva/Learning_ROS2/ros2_ws/install/my_robot_bringup:/home/atharva/Learning_ROS2/ros2_ws/install/mae547_bringup:/home/atharva/Learning_ROS2/ros2_ws/install/mae_547:/home/atharva/Learning_ROS2/ros2_ws/install/launches:/home/atharva/Learning_ROS2/ros2_ws/install/autocar_nav:/home/atharva/Learning_ROS2/ros2_ws/install/autocar_msgs:/home/atharva/Learning_ROS2/ros2_ws/install/autocar_map:/home/atharva/Learning_ROS2/ros2_ws/install/autocar_gazebo:/home/atharva/Learning_ROS2/ros2_ws/install/autocar_description:/home/atharva/Learning_ROS2/ros2_ws/install/turtlesim_catch_em_all:/home/atharva/Learning_ROS2/ros2_ws/install/my_py_pkg:/opt/ros/humble /usr/bin/cmake --install /home/atharva/Learning_ROS2/ros2_ws/build/my_robot_bringup
