[1.481s] DEBUG:colcon:Command line arguments: ['/usr/bin/colcon', 'build', '--symlink-install', '--cmake-args', '-DCMAKE_BUILD_TYPE=Debug']
[1.481s] DEBUG:colcon:Parsed command line arguments: Namespace(log_base=None, log_level=None, verb_name='build', build_base='build', install_base='install', merge_install=False, symlink_install=True, test_result_base=None, continue_on_error=False, executor='parallel', parallel_workers=4, event_handlers=None, ignore_user_meta=False, metas=['./colcon.meta'], base_paths=['.'], packages_ignore=None, packages_ignore_regex=None, paths=None, packages_up_to=None, packages_up_to_regex=None, packages_above=None, packages_above_and_dependencies=None, packages_above_depth=None, packages_select_by_dep=None, packages_skip_by_dep=None, packages_skip_up_to=None, packages_select_build_failed=False, packages_skip_build_finished=False, packages_select_test_failures=False, packages_skip_test_passed=False, packages_select=None, packages_skip=None, packages_select_regex=None, packages_skip_regex=None, packages_start=None, packages_end=None, allow_overriding=[], cmake_args=['-DCMAKE_BUILD_TYPE=Debug'], cmake_target=None, cmake_target_skip_unavailable=False, cmake_clean_cache=False, cmake_clean_first=False, cmake_force_configure=False, ament_cmake_args=None, catkin_cmake_args=None, catkin_skip_building_tests=False, verb_parser=<colcon_defaults.argument_parser.defaults.DefaultArgumentsDecorator object at 0x7f2a6d6e77f0>, verb_extension=<colcon_core.verb.build.BuildVerb object at 0x7f2a6db4a8f0>, main=<bound method BuildVerb.main of <colcon_core.verb.build.BuildVerb object at 0x7f2a6db4a8f0>>)
[1.545s] Level 1:colcon.colcon_core.package_discovery:discover_packages(colcon_meta) check parameters
[1.545s] Level 1:colcon.colcon_core.package_discovery:discover_packages(recursive) check parameters
[1.545s] Level 1:colcon.colcon_core.package_discovery:discover_packages(ignore) check parameters
[1.545s] Level 1:colcon.colcon_core.package_discovery:discover_packages(path) check parameters
[1.545s] Level 1:colcon.colcon_core.package_discovery:discover_packages(colcon_meta) discover
[1.545s] Level 1:colcon.colcon_core.package_discovery:discover_packages(recursive) discover
[1.545s] INFO:colcon.colcon_core.package_discovery:Crawling recursively for packages in '/home/atharva/Learning_ROS2'
[1.545s] Level 1:colcon.colcon_core.package_identification:_identify(.) by extensions ['ignore', 'ignore_ament_install']
[1.545s] Level 1:colcon.colcon_core.package_identification:_identify(.) by extension 'ignore'
[1.545s] Level 1:colcon.colcon_core.package_identification:_identify(.) by extension 'ignore_ament_install'
[1.545s] Level 1:colcon.colcon_core.package_identification:_identify(.) by extensions ['colcon_pkg']
[1.546s] Level 1:colcon.colcon_core.package_identification:_identify(.) by extension 'colcon_pkg'
[1.546s] Level 1:colcon.colcon_core.package_identification:_identify(.) by extensions ['colcon_meta']
[1.546s] Level 1:colcon.colcon_core.package_identification:_identify(.) by extension 'colcon_meta'
[1.546s] Level 1:colcon.colcon_core.package_identification:_identify(.) by extensions ['ros']
[1.546s] Level 1:colcon.colcon_core.package_identification:_identify(.) by extension 'ros'
[1.561s] Level 1:colcon.colcon_core.package_identification:_identify(.) by extensions ['cmake', 'python']
[1.561s] Level 1:colcon.colcon_core.package_identification:_identify(.) by extension 'cmake'
[1.561s] Level 1:colcon.colcon_core.package_identification:_identify(.) by extension 'python'
[1.561s] Level 1:colcon.colcon_core.package_identification:_identify(.) by extensions ['python_setup_py']
[1.561s] Level 1:colcon.colcon_core.package_identification:_identify(.) by extension 'python_setup_py'
[1.561s] Level 1:colcon.colcon_core.package_identification:_identify(build) by extensions ['ignore', 'ignore_ament_install']
[1.561s] Level 1:colcon.colcon_core.package_identification:_identify(build) by extension 'ignore'
[1.561s] Level 1:colcon.colcon_core.package_identification:_identify(build) ignored
[1.562s] Level 1:colcon.colcon_core.package_identification:_identify(install) by extensions ['ignore', 'ignore_ament_install']
[1.562s] Level 1:colcon.colcon_core.package_identification:_identify(install) by extension 'ignore'
[1.562s] Level 1:colcon.colcon_core.package_identification:_identify(install) ignored
[1.562s] Level 1:colcon.colcon_core.package_identification:_identify(log) by extensions ['ignore', 'ignore_ament_install']
[1.562s] Level 1:colcon.colcon_core.package_identification:_identify(log) by extension 'ignore'
[1.562s] Level 1:colcon.colcon_core.package_identification:_identify(log) ignored
[1.562s] Level 1:colcon.colcon_core.package_identification:_identify(ros2_ws) by extensions ['ignore', 'ignore_ament_install']
[1.562s] Level 1:colcon.colcon_core.package_identification:_identify(ros2_ws) by extension 'ignore'
[1.562s] Level 1:colcon.colcon_core.package_identification:_identify(ros2_ws) by extension 'ignore_ament_install'
[1.562s] Level 1:colcon.colcon_core.package_identification:_identify(ros2_ws) by extensions ['colcon_pkg']
[1.562s] Level 1:colcon.colcon_core.package_identification:_identify(ros2_ws) by extension 'colcon_pkg'
[1.562s] Level 1:colcon.colcon_core.package_identification:_identify(ros2_ws) by extensions ['colcon_meta']
[1.563s] Level 1:colcon.colcon_core.package_identification:_identify(ros2_ws) by extension 'colcon_meta'
[1.563s] Level 1:colcon.colcon_core.package_identification:_identify(ros2_ws) by extensions ['ros']
[1.563s] Level 1:colcon.colcon_core.package_identification:_identify(ros2_ws) by extension 'ros'
[1.563s] Level 1:colcon.colcon_core.package_identification:_identify(ros2_ws) by extensions ['cmake', 'python']
[1.563s] Level 1:colcon.colcon_core.package_identification:_identify(ros2_ws) by extension 'cmake'
[1.563s] Level 1:colcon.colcon_core.package_identification:_identify(ros2_ws) by extension 'python'
[1.563s] Level 1:colcon.colcon_core.package_identification:_identify(ros2_ws) by extensions ['python_setup_py']
[1.563s] Level 1:colcon.colcon_core.package_identification:_identify(ros2_ws) by extension 'python_setup_py'
[1.563s] Level 1:colcon.colcon_core.package_identification:_identify(ros2_ws/build) by extensions ['ignore', 'ignore_ament_install']
[1.563s] Level 1:colcon.colcon_core.package_identification:_identify(ros2_ws/build) by extension 'ignore'
[1.563s] Level 1:colcon.colcon_core.package_identification:_identify(ros2_ws/build) ignored
[1.563s] Level 1:colcon.colcon_core.package_identification:_identify(ros2_ws/install) by extensions ['ignore', 'ignore_ament_install']
[1.563s] Level 1:colcon.colcon_core.package_identification:_identify(ros2_ws/install) by extension 'ignore'
[1.563s] Level 1:colcon.colcon_core.package_identification:_identify(ros2_ws/install) ignored
[1.564s] Level 1:colcon.colcon_core.package_identification:_identify(ros2_ws/log) by extensions ['ignore', 'ignore_ament_install']
[1.564s] Level 1:colcon.colcon_core.package_identification:_identify(ros2_ws/log) by extension 'ignore'
[1.564s] Level 1:colcon.colcon_core.package_identification:_identify(ros2_ws/log) ignored
[1.564s] Level 1:colcon.colcon_core.package_identification:_identify(ros2_ws/src) by extensions ['ignore', 'ignore_ament_install']
[1.564s] Level 1:colcon.colcon_core.package_identification:_identify(ros2_ws/src) by extension 'ignore'
[1.564s] Level 1:colcon.colcon_core.package_identification:_identify(ros2_ws/src) by extension 'ignore_ament_install'
[1.564s] Level 1:colcon.colcon_core.package_identification:_identify(ros2_ws/src) by extensions ['colcon_pkg']
[1.564s] Level 1:colcon.colcon_core.package_identification:_identify(ros2_ws/src) by extension 'colcon_pkg'
[1.564s] Level 1:colcon.colcon_core.package_identification:_identify(ros2_ws/src) by extensions ['colcon_meta']
[1.564s] Level 1:colcon.colcon_core.package_identification:_identify(ros2_ws/src) by extension 'colcon_meta'
[1.564s] Level 1:colcon.colcon_core.package_identification:_identify(ros2_ws/src) by extensions ['ros']
[1.564s] Level 1:colcon.colcon_core.package_identification:_identify(ros2_ws/src) by extension 'ros'
[1.564s] Level 1:colcon.colcon_core.package_identification:_identify(ros2_ws/src) by extensions ['cmake', 'python']
[1.564s] Level 1:colcon.colcon_core.package_identification:_identify(ros2_ws/src) by extension 'cmake'
[1.564s] Level 1:colcon.colcon_core.package_identification:_identify(ros2_ws/src) by extension 'python'
[1.565s] Level 1:colcon.colcon_core.package_identification:_identify(ros2_ws/src) by extensions ['python_setup_py']
[1.565s] Level 1:colcon.colcon_core.package_identification:_identify(ros2_ws/src) by extension 'python_setup_py'
[1.565s] Level 1:colcon.colcon_core.package_identification:_identify(ros2_ws/src/my_py_pkg) by extensions ['ignore', 'ignore_ament_install']
[1.565s] Level 1:colcon.colcon_core.package_identification:_identify(ros2_ws/src/my_py_pkg) by extension 'ignore'
[1.565s] Level 1:colcon.colcon_core.package_identification:_identify(ros2_ws/src/my_py_pkg) by extension 'ignore_ament_install'
[1.565s] Level 1:colcon.colcon_core.package_identification:_identify(ros2_ws/src/my_py_pkg) by extensions ['colcon_pkg']
[1.565s] Level 1:colcon.colcon_core.package_identification:_identify(ros2_ws/src/my_py_pkg) by extension 'colcon_pkg'
[1.565s] Level 1:colcon.colcon_core.package_identification:_identify(ros2_ws/src/my_py_pkg) by extensions ['colcon_meta']
[1.565s] Level 1:colcon.colcon_core.package_identification:_identify(ros2_ws/src/my_py_pkg) by extension 'colcon_meta'
[1.565s] Level 1:colcon.colcon_core.package_identification:_identify(ros2_ws/src/my_py_pkg) by extensions ['ros']
[1.565s] Level 1:colcon.colcon_core.package_identification:_identify(ros2_ws/src/my_py_pkg) by extension 'ros'
[1.568s] DEBUG:colcon.colcon_core.package_identification:Package 'ros2_ws/src/my_py_pkg' with type 'ros.ament_python' and name 'my_py_pkg'
[1.568s] Level 1:colcon.colcon_core.package_identification:_identify(ros2_ws/src/my_robot_bringup) by extensions ['ignore', 'ignore_ament_install']
[1.568s] Level 1:colcon.colcon_core.package_identification:_identify(ros2_ws/src/my_robot_bringup) by extension 'ignore'
[1.568s] Level 1:colcon.colcon_core.package_identification:_identify(ros2_ws/src/my_robot_bringup) by extension 'ignore_ament_install'
[1.569s] Level 1:colcon.colcon_core.package_identification:_identify(ros2_ws/src/my_robot_bringup) by extensions ['colcon_pkg']
[1.569s] Level 1:colcon.colcon_core.package_identification:_identify(ros2_ws/src/my_robot_bringup) by extension 'colcon_pkg'
[1.569s] Level 1:colcon.colcon_core.package_identification:_identify(ros2_ws/src/my_robot_bringup) by extensions ['colcon_meta']
[1.569s] Level 1:colcon.colcon_core.package_identification:_identify(ros2_ws/src/my_robot_bringup) by extension 'colcon_meta'
[1.569s] Level 1:colcon.colcon_core.package_identification:_identify(ros2_ws/src/my_robot_bringup) by extensions ['ros']
[1.569s] Level 1:colcon.colcon_core.package_identification:_identify(ros2_ws/src/my_robot_bringup) by extension 'ros'
[1.569s] DEBUG:colcon.colcon_core.package_identification:Package 'ros2_ws/src/my_robot_bringup' with type 'ros.ament_cmake' and name 'my_robot_bringup'
[1.570s] Level 1:colcon.colcon_core.package_identification:_identify(ros2_ws/src/my_robot_description) by extensions ['ignore', 'ignore_ament_install']
[1.570s] Level 1:colcon.colcon_core.package_identification:_identify(ros2_ws/src/my_robot_description) by extension 'ignore'
[1.570s] Level 1:colcon.colcon_core.package_identification:_identify(ros2_ws/src/my_robot_description) by extension 'ignore_ament_install'
[1.570s] Level 1:colcon.colcon_core.package_identification:_identify(ros2_ws/src/my_robot_description) by extensions ['colcon_pkg']
[1.570s] Level 1:colcon.colcon_core.package_identification:_identify(ros2_ws/src/my_robot_description) by extension 'colcon_pkg'
[1.570s] Level 1:colcon.colcon_core.package_identification:_identify(ros2_ws/src/my_robot_description) by extensions ['colcon_meta']
[1.570s] Level 1:colcon.colcon_core.package_identification:_identify(ros2_ws/src/my_robot_description) by extension 'colcon_meta'
[1.570s] Level 1:colcon.colcon_core.package_identification:_identify(ros2_ws/src/my_robot_description) by extensions ['ros']
[1.570s] Level 1:colcon.colcon_core.package_identification:_identify(ros2_ws/src/my_robot_description) by extension 'ros'
[1.571s] DEBUG:colcon.colcon_core.package_identification:Package 'ros2_ws/src/my_robot_description' with type 'ros.ament_cmake' and name 'my_robot_description'
[1.571s] Level 1:colcon.colcon_core.package_identification:_identify(ros2_ws/src/my_robot_gazebo_bringup) by extensions ['ignore', 'ignore_ament_install']
[1.571s] Level 1:colcon.colcon_core.package_identification:_identify(ros2_ws/src/my_robot_gazebo_bringup) by extension 'ignore'
[1.571s] Level 1:colcon.colcon_core.package_identification:_identify(ros2_ws/src/my_robot_gazebo_bringup) by extension 'ignore_ament_install'
[1.571s] Level 1:colcon.colcon_core.package_identification:_identify(ros2_ws/src/my_robot_gazebo_bringup) by extensions ['colcon_pkg']
[1.571s] Level 1:colcon.colcon_core.package_identification:_identify(ros2_ws/src/my_robot_gazebo_bringup) by extension 'colcon_pkg'
[1.571s] Level 1:colcon.colcon_core.package_identification:_identify(ros2_ws/src/my_robot_gazebo_bringup) by extensions ['colcon_meta']
[1.571s] Level 1:colcon.colcon_core.package_identification:_identify(ros2_ws/src/my_robot_gazebo_bringup) by extension 'colcon_meta'
[1.571s] Level 1:colcon.colcon_core.package_identification:_identify(ros2_ws/src/my_robot_gazebo_bringup) by extensions ['ros']
[1.571s] Level 1:colcon.colcon_core.package_identification:_identify(ros2_ws/src/my_robot_gazebo_bringup) by extension 'ros'
[1.572s] DEBUG:colcon.colcon_core.package_identification:Package 'ros2_ws/src/my_robot_gazebo_bringup' with type 'ros.ament_cmake' and name 'my_robot_gazebo_bringup'
[1.572s] Level 1:colcon.colcon_core.package_identification:_identify(ros2_ws/src/my_robot_interfaces) by extensions ['ignore', 'ignore_ament_install']
[1.572s] Level 1:colcon.colcon_core.package_identification:_identify(ros2_ws/src/my_robot_interfaces) by extension 'ignore'
[1.572s] Level 1:colcon.colcon_core.package_identification:_identify(ros2_ws/src/my_robot_interfaces) by extension 'ignore_ament_install'
[1.572s] Level 1:colcon.colcon_core.package_identification:_identify(ros2_ws/src/my_robot_interfaces) by extensions ['colcon_pkg']
[1.572s] Level 1:colcon.colcon_core.package_identification:_identify(ros2_ws/src/my_robot_interfaces) by extension 'colcon_pkg'
[1.572s] Level 1:colcon.colcon_core.package_identification:_identify(ros2_ws/src/my_robot_interfaces) by extensions ['colcon_meta']
[1.572s] Level 1:colcon.colcon_core.package_identification:_identify(ros2_ws/src/my_robot_interfaces) by extension 'colcon_meta'
[1.572s] Level 1:colcon.colcon_core.package_identification:_identify(ros2_ws/src/my_robot_interfaces) by extensions ['ros']
[1.573s] Level 1:colcon.colcon_core.package_identification:_identify(ros2_ws/src/my_robot_interfaces) by extension 'ros'
[1.573s] DEBUG:colcon.colcon_core.package_identification:Package 'ros2_ws/src/my_robot_interfaces' with type 'ros.ament_cmake' and name 'my_robot_interfaces'
[1.573s] Level 1:colcon.colcon_core.package_identification:_identify(ros2_ws/src/radio_station_bringup) by extensions ['ignore', 'ignore_ament_install']
[1.573s] Level 1:colcon.colcon_core.package_identification:_identify(ros2_ws/src/radio_station_bringup) by extension 'ignore'
[1.573s] Level 1:colcon.colcon_core.package_identification:_identify(ros2_ws/src/radio_station_bringup) by extension 'ignore_ament_install'
[1.574s] Level 1:colcon.colcon_core.package_identification:_identify(ros2_ws/src/radio_station_bringup) by extensions ['colcon_pkg']
[1.574s] Level 1:colcon.colcon_core.package_identification:_identify(ros2_ws/src/radio_station_bringup) by extension 'colcon_pkg'
[1.574s] Level 1:colcon.colcon_core.package_identification:_identify(ros2_ws/src/radio_station_bringup) by extensions ['colcon_meta']
[1.574s] Level 1:colcon.colcon_core.package_identification:_identify(ros2_ws/src/radio_station_bringup) by extension 'colcon_meta'
[1.574s] Level 1:colcon.colcon_core.package_identification:_identify(ros2_ws/src/radio_station_bringup) by extensions ['ros']
[1.574s] Level 1:colcon.colcon_core.package_identification:_identify(ros2_ws/src/radio_station_bringup) by extension 'ros'
[1.575s] DEBUG:colcon.colcon_core.package_identification:Package 'ros2_ws/src/radio_station_bringup' with type 'ros.ament_cmake' and name 'radio_station_bringup'
[1.575s] Level 1:colcon.colcon_core.package_identification:_identify(ros2_ws/src/turtlesim_catch_em_all) by extensions ['ignore', 'ignore_ament_install']
[1.575s] Level 1:colcon.colcon_core.package_identification:_identify(ros2_ws/src/turtlesim_catch_em_all) by extension 'ignore'
[1.575s] Level 1:colcon.colcon_core.package_identification:_identify(ros2_ws/src/turtlesim_catch_em_all) by extension 'ignore_ament_install'
[1.575s] Level 1:colcon.colcon_core.package_identification:_identify(ros2_ws/src/turtlesim_catch_em_all) by extensions ['colcon_pkg']
[1.575s] Level 1:colcon.colcon_core.package_identification:_identify(ros2_ws/src/turtlesim_catch_em_all) by extension 'colcon_pkg'
[1.575s] Level 1:colcon.colcon_core.package_identification:_identify(ros2_ws/src/turtlesim_catch_em_all) by extensions ['colcon_meta']
[1.575s] Level 1:colcon.colcon_core.package_identification:_identify(ros2_ws/src/turtlesim_catch_em_all) by extension 'colcon_meta'
[1.575s] Level 1:colcon.colcon_core.package_identification:_identify(ros2_ws/src/turtlesim_catch_em_all) by extensions ['ros']
[1.576s] Level 1:colcon.colcon_core.package_identification:_identify(ros2_ws/src/turtlesim_catch_em_all) by extension 'ros'
[1.577s] DEBUG:colcon.colcon_core.package_identification:Package 'ros2_ws/src/turtlesim_catch_em_all' with type 'ros.ament_python' and name 'turtlesim_catch_em_all'
[1.577s] Level 1:colcon.colcon_core.package_discovery:discover_packages(recursive) using defaults
[1.577s] Level 1:colcon.colcon_core.package_discovery:discover_packages(ignore) discover
[1.577s] Level 1:colcon.colcon_core.package_discovery:discover_packages(ignore) using defaults
[1.577s] Level 1:colcon.colcon_core.package_discovery:discover_packages(path) discover
[1.577s] Level 1:colcon.colcon_core.package_discovery:discover_packages(path) using defaults
[1.708s] Level 1:colcon.colcon_core.package_discovery:discover_packages(prefix_path) check parameters
[1.708s] Level 1:colcon.colcon_core.package_discovery:discover_packages(prefix_path) discover
[1.730s] WARNING:colcon.colcon_ros.prefix_path.catkin:The path '/home/atharva/ros2_ws/install/my_robot_gazebo_bringup' in the environment variable CMAKE_PREFIX_PATH doesn't exist
[1.730s] WARNING:colcon.colcon_ros.prefix_path.catkin:The path '/home/atharva/ros2_ws/install/my_robot_description' in the environment variable CMAKE_PREFIX_PATH doesn't exist
[1.753s] DEBUG:colcon.colcon_installed_package_information.package_discovery:Found 0 installed packages in /home/atharva/ros2_ws/install
[1.786s] DEBUG:colcon.colcon_installed_package_information.package_discovery:Found 7 installed packages in /home/atharva/Learning_ROS2/ros2_ws/install
[1.808s] DEBUG:colcon.colcon_installed_package_information.package_discovery:Found 319 installed packages in /opt/ros/humble
[1.810s] Level 1:colcon.colcon_core.package_discovery:discover_packages(prefix_path) using defaults
[1.941s] Level 5:colcon.colcon_core.verb:set package 'my_robot_description' build argument 'cmake_args' from command line to '['-DCMAKE_BUILD_TYPE=Debug']'
[1.941s] Level 5:colcon.colcon_core.verb:set package 'my_robot_description' build argument 'cmake_target' from command line to 'None'
[1.941s] Level 5:colcon.colcon_core.verb:set package 'my_robot_description' build argument 'cmake_target_skip_unavailable' from command line to 'False'
[1.942s] Level 5:colcon.colcon_core.verb:set package 'my_robot_description' build argument 'cmake_clean_cache' from command line to 'False'
[1.942s] Level 5:colcon.colcon_core.verb:set package 'my_robot_description' build argument 'cmake_clean_first' from command line to 'False'
[1.942s] Level 5:colcon.colcon_core.verb:set package 'my_robot_description' build argument 'cmake_force_configure' from command line to 'False'
[1.942s] Level 5:colcon.colcon_core.verb:set package 'my_robot_description' build argument 'ament_cmake_args' from command line to 'None'
[1.942s] Level 5:colcon.colcon_core.verb:set package 'my_robot_description' build argument 'catkin_cmake_args' from command line to 'None'
[1.942s] Level 5:colcon.colcon_core.verb:set package 'my_robot_description' build argument 'catkin_skip_building_tests' from command line to 'False'
[1.942s] DEBUG:colcon.colcon_core.verb:Building package 'my_robot_description' with the following arguments: {'ament_cmake_args': None, 'build_base': '/home/atharva/Learning_ROS2/build/my_robot_description', 'catkin_cmake_args': None, 'catkin_skip_building_tests': False, 'cmake_args': ['-DCMAKE_BUILD_TYPE=Debug'], 'cmake_clean_cache': False, 'cmake_clean_first': False, 'cmake_force_configure': False, 'cmake_target': None, 'cmake_target_skip_unavailable': False, 'install_base': '/home/atharva/Learning_ROS2/install/my_robot_description', 'merge_install': False, 'path': '/home/atharva/Learning_ROS2/ros2_ws/src/my_robot_description', 'symlink_install': True, 'test_result_base': None}
[1.982s] Level 5:colcon.colcon_core.verb:set package 'my_robot_interfaces' build argument 'cmake_args' from command line to '['-DCMAKE_BUILD_TYPE=Debug']'
[1.982s] Level 5:colcon.colcon_core.verb:set package 'my_robot_interfaces' build argument 'cmake_target' from command line to 'None'
[1.982s] Level 5:colcon.colcon_core.verb:set package 'my_robot_interfaces' build argument 'cmake_target_skip_unavailable' from command line to 'False'
[1.982s] Level 5:colcon.colcon_core.verb:set package 'my_robot_interfaces' build argument 'cmake_clean_cache' from command line to 'False'
[1.983s] Level 5:colcon.colcon_core.verb:set package 'my_robot_interfaces' build argument 'cmake_clean_first' from command line to 'False'
[1.983s] Level 5:colcon.colcon_core.verb:set package 'my_robot_interfaces' build argument 'cmake_force_configure' from command line to 'False'
[1.983s] Level 5:colcon.colcon_core.verb:set package 'my_robot_interfaces' build argument 'ament_cmake_args' from command line to 'None'
[1.983s] Level 5:colcon.colcon_core.verb:set package 'my_robot_interfaces' build argument 'catkin_cmake_args' from command line to 'None'
[1.983s] Level 5:colcon.colcon_core.verb:set package 'my_robot_interfaces' build argument 'catkin_skip_building_tests' from command line to 'False'
[1.983s] DEBUG:colcon.colcon_core.verb:Building package 'my_robot_interfaces' with the following arguments: {'ament_cmake_args': None, 'build_base': '/home/atharva/Learning_ROS2/build/my_robot_interfaces', 'catkin_cmake_args': None, 'catkin_skip_building_tests': False, 'cmake_args': ['-DCMAKE_BUILD_TYPE=Debug'], 'cmake_clean_cache': False, 'cmake_clean_first': False, 'cmake_force_configure': False, 'cmake_target': None, 'cmake_target_skip_unavailable': False, 'install_base': '/home/atharva/Learning_ROS2/install/my_robot_interfaces', 'merge_install': False, 'path': '/home/atharva/Learning_ROS2/ros2_ws/src/my_robot_interfaces', 'symlink_install': True, 'test_result_base': None}
[2.021s] Level 5:colcon.colcon_core.verb:set package 'my_py_pkg' build argument 'cmake_args' from command line to '['-DCMAKE_BUILD_TYPE=Debug']'
[2.021s] Level 5:colcon.colcon_core.verb:set package 'my_py_pkg' build argument 'cmake_target' from command line to 'None'
[2.022s] Level 5:colcon.colcon_core.verb:set package 'my_py_pkg' build argument 'cmake_target_skip_unavailable' from command line to 'False'
[2.022s] Level 5:colcon.colcon_core.verb:set package 'my_py_pkg' build argument 'cmake_clean_cache' from command line to 'False'
[2.022s] Level 5:colcon.colcon_core.verb:set package 'my_py_pkg' build argument 'cmake_clean_first' from command line to 'False'
[2.022s] Level 5:colcon.colcon_core.verb:set package 'my_py_pkg' build argument 'cmake_force_configure' from command line to 'False'
[2.022s] Level 5:colcon.colcon_core.verb:set package 'my_py_pkg' build argument 'ament_cmake_args' from command line to 'None'
[2.022s] Level 5:colcon.colcon_core.verb:set package 'my_py_pkg' build argument 'catkin_cmake_args' from command line to 'None'
[2.022s] Level 5:colcon.colcon_core.verb:set package 'my_py_pkg' build argument 'catkin_skip_building_tests' from command line to 'False'
[2.022s] DEBUG:colcon.colcon_core.verb:Building package 'my_py_pkg' with the following arguments: {'ament_cmake_args': None, 'build_base': '/home/atharva/Learning_ROS2/build/my_py_pkg', 'catkin_cmake_args': None, 'catkin_skip_building_tests': False, 'cmake_args': ['-DCMAKE_BUILD_TYPE=Debug'], 'cmake_clean_cache': False, 'cmake_clean_first': False, 'cmake_force_configure': False, 'cmake_target': None, 'cmake_target_skip_unavailable': False, 'install_base': '/home/atharva/Learning_ROS2/install/my_py_pkg', 'merge_install': False, 'path': '/home/atharva/Learning_ROS2/ros2_ws/src/my_py_pkg', 'symlink_install': True, 'test_result_base': None}
[2.056s] Level 5:colcon.colcon_core.verb:set package 'my_robot_gazebo_bringup' build argument 'cmake_args' from command line to '['-DCMAKE_BUILD_TYPE=Debug']'
[2.056s] Level 5:colcon.colcon_core.verb:set package 'my_robot_gazebo_bringup' build argument 'cmake_target' from command line to 'None'
[2.056s] Level 5:colcon.colcon_core.verb:set package 'my_robot_gazebo_bringup' build argument 'cmake_target_skip_unavailable' from command line to 'False'
[2.056s] Level 5:colcon.colcon_core.verb:set package 'my_robot_gazebo_bringup' build argument 'cmake_clean_cache' from command line to 'False'
[2.056s] Level 5:colcon.colcon_core.verb:set package 'my_robot_gazebo_bringup' build argument 'cmake_clean_first' from command line to 'False'
[2.056s] Level 5:colcon.colcon_core.verb:set package 'my_robot_gazebo_bringup' build argument 'cmake_force_configure' from command line to 'False'
[2.056s] Level 5:colcon.colcon_core.verb:set package 'my_robot_gazebo_bringup' build argument 'ament_cmake_args' from command line to 'None'
[2.056s] Level 5:colcon.colcon_core.verb:set package 'my_robot_gazebo_bringup' build argument 'catkin_cmake_args' from command line to 'None'
[2.056s] Level 5:colcon.colcon_core.verb:set package 'my_robot_gazebo_bringup' build argument 'catkin_skip_building_tests' from command line to 'False'
[2.057s] DEBUG:colcon.colcon_core.verb:Building package 'my_robot_gazebo_bringup' with the following arguments: {'ament_cmake_args': None, 'build_base': '/home/atharva/Learning_ROS2/build/my_robot_gazebo_bringup', 'catkin_cmake_args': None, 'catkin_skip_building_tests': False, 'cmake_args': ['-DCMAKE_BUILD_TYPE=Debug'], 'cmake_clean_cache': False, 'cmake_clean_first': False, 'cmake_force_configure': False, 'cmake_target': None, 'cmake_target_skip_unavailable': False, 'install_base': '/home/atharva/Learning_ROS2/install/my_robot_gazebo_bringup', 'merge_install': False, 'path': '/home/atharva/Learning_ROS2/ros2_ws/src/my_robot_gazebo_bringup', 'symlink_install': True, 'test_result_base': None}
[2.081s] Level 5:colcon.colcon_core.verb:set package 'turtlesim_catch_em_all' build argument 'cmake_args' from command line to '['-DCMAKE_BUILD_TYPE=Debug']'
[2.081s] Level 5:colcon.colcon_core.verb:set package 'turtlesim_catch_em_all' build argument 'cmake_target' from command line to 'None'
[2.081s] Level 5:colcon.colcon_core.verb:set package 'turtlesim_catch_em_all' build argument 'cmake_target_skip_unavailable' from command line to 'False'
[2.081s] Level 5:colcon.colcon_core.verb:set package 'turtlesim_catch_em_all' build argument 'cmake_clean_cache' from command line to 'False'
[2.081s] Level 5:colcon.colcon_core.verb:set package 'turtlesim_catch_em_all' build argument 'cmake_clean_first' from command line to 'False'
[2.081s] Level 5:colcon.colcon_core.verb:set package 'turtlesim_catch_em_all' build argument 'cmake_force_configure' from command line to 'False'
[2.081s] Level 5:colcon.colcon_core.verb:set package 'turtlesim_catch_em_all' build argument 'ament_cmake_args' from command line to 'None'
[2.081s] Level 5:colcon.colcon_core.verb:set package 'turtlesim_catch_em_all' build argument 'catkin_cmake_args' from command line to 'None'
[2.081s] Level 5:colcon.colcon_core.verb:set package 'turtlesim_catch_em_all' build argument 'catkin_skip_building_tests' from command line to 'False'
[2.081s] DEBUG:colcon.colcon_core.verb:Building package 'turtlesim_catch_em_all' with the following arguments: {'ament_cmake_args': None, 'build_base': '/home/atharva/Learning_ROS2/build/turtlesim_catch_em_all', 'catkin_cmake_args': None, 'catkin_skip_building_tests': False, 'cmake_args': ['-DCMAKE_BUILD_TYPE=Debug'], 'cmake_clean_cache': False, 'cmake_clean_first': False, 'cmake_force_configure': False, 'cmake_target': None, 'cmake_target_skip_unavailable': False, 'install_base': '/home/atharva/Learning_ROS2/install/turtlesim_catch_em_all', 'merge_install': False, 'path': '/home/atharva/Learning_ROS2/ros2_ws/src/turtlesim_catch_em_all', 'symlink_install': True, 'test_result_base': None}
[2.104s] Level 5:colcon.colcon_core.verb:set package 'my_robot_bringup' build argument 'cmake_args' from command line to '['-DCMAKE_BUILD_TYPE=Debug']'
[2.104s] Level 5:colcon.colcon_core.verb:set package 'my_robot_bringup' build argument 'cmake_target' from command line to 'None'
[2.104s] Level 5:colcon.colcon_core.verb:set package 'my_robot_bringup' build argument 'cmake_target_skip_unavailable' from command line to 'False'
[2.104s] Level 5:colcon.colcon_core.verb:set package 'my_robot_bringup' build argument 'cmake_clean_cache' from command line to 'False'
[2.104s] Level 5:colcon.colcon_core.verb:set package 'my_robot_bringup' build argument 'cmake_clean_first' from command line to 'False'
[2.104s] Level 5:colcon.colcon_core.verb:set package 'my_robot_bringup' build argument 'cmake_force_configure' from command line to 'False'
[2.104s] Level 5:colcon.colcon_core.verb:set package 'my_robot_bringup' build argument 'ament_cmake_args' from command line to 'None'
[2.104s] Level 5:colcon.colcon_core.verb:set package 'my_robot_bringup' build argument 'catkin_cmake_args' from command line to 'None'
[2.104s] Level 5:colcon.colcon_core.verb:set package 'my_robot_bringup' build argument 'catkin_skip_building_tests' from command line to 'False'
[2.104s] DEBUG:colcon.colcon_core.verb:Building package 'my_robot_bringup' with the following arguments: {'ament_cmake_args': None, 'build_base': '/home/atharva/Learning_ROS2/build/my_robot_bringup', 'catkin_cmake_args': None, 'catkin_skip_building_tests': False, 'cmake_args': ['-DCMAKE_BUILD_TYPE=Debug'], 'cmake_clean_cache': False, 'cmake_clean_first': False, 'cmake_force_configure': False, 'cmake_target': None, 'cmake_target_skip_unavailable': False, 'install_base': '/home/atharva/Learning_ROS2/install/my_robot_bringup', 'merge_install': False, 'path': '/home/atharva/Learning_ROS2/ros2_ws/src/my_robot_bringup', 'symlink_install': True, 'test_result_base': None}
[2.128s] Level 5:colcon.colcon_core.verb:set package 'radio_station_bringup' build argument 'cmake_args' from command line to '['-DCMAKE_BUILD_TYPE=Debug']'
[2.128s] Level 5:colcon.colcon_core.verb:set package 'radio_station_bringup' build argument 'cmake_target' from command line to 'None'
[2.128s] Level 5:colcon.colcon_core.verb:set package 'radio_station_bringup' build argument 'cmake_target_skip_unavailable' from command line to 'False'
[2.128s] Level 5:colcon.colcon_core.verb:set package 'radio_station_bringup' build argument 'cmake_clean_cache' from command line to 'False'
[2.128s] Level 5:colcon.colcon_core.verb:set package 'radio_station_bringup' build argument 'cmake_clean_first' from command line to 'False'
[2.128s] Level 5:colcon.colcon_core.verb:set package 'radio_station_bringup' build argument 'cmake_force_configure' from command line to 'False'
[2.128s] Level 5:colcon.colcon_core.verb:set package 'radio_station_bringup' build argument 'ament_cmake_args' from command line to 'None'
[2.128s] Level 5:colcon.colcon_core.verb:set package 'radio_station_bringup' build argument 'catkin_cmake_args' from command line to 'None'
[2.128s] Level 5:colcon.colcon_core.verb:set package 'radio_station_bringup' build argument 'catkin_skip_building_tests' from command line to 'False'
[2.128s] DEBUG:colcon.colcon_core.verb:Building package 'radio_station_bringup' with the following arguments: {'ament_cmake_args': None, 'build_base': '/home/atharva/Learning_ROS2/build/radio_station_bringup', 'catkin_cmake_args': None, 'catkin_skip_building_tests': False, 'cmake_args': ['-DCMAKE_BUILD_TYPE=Debug'], 'cmake_clean_cache': False, 'cmake_clean_first': False, 'cmake_force_configure': False, 'cmake_target': None, 'cmake_target_skip_unavailable': False, 'install_base': '/home/atharva/Learning_ROS2/install/radio_station_bringup', 'merge_install': False, 'path': '/home/atharva/Learning_ROS2/ros2_ws/src/radio_station_bringup', 'symlink_install': True, 'test_result_base': None}
[2.152s] INFO:colcon.colcon_core.executor:Executing jobs using 'parallel' executor
[2.177s] DEBUG:colcon.colcon_parallel_executor.executor.parallel:run_until_complete
[2.177s] INFO:colcon.colcon_ros.task.ament_cmake.build:Building ROS package in '/home/atharva/Learning_ROS2/ros2_ws/src/my_robot_interfaces' with build type 'ament_cmake'
[2.177s] INFO:colcon.colcon_cmake.task.cmake.build:Building CMake package in '/home/atharva/Learning_ROS2/ros2_ws/src/my_robot_interfaces'
[2.204s] INFO:colcon.colcon_core.plugin_system:Skipping extension 'colcon_core.shell.bat': Not used on non-Windows systems
[2.204s] INFO:colcon.colcon_core.shell:Skip shell extension 'powershell' for command environment: Not usable outside of PowerShell
[2.204s] DEBUG:colcon.colcon_core.shell:Skip shell extension 'dsv' for command environment
[2.304s] INFO:colcon.colcon_ros.task.ament_cmake.build:Building ROS package in '/home/atharva/Learning_ROS2/ros2_ws/src/my_robot_description' with build type 'ament_cmake'
[2.304s] INFO:colcon.colcon_cmake.task.cmake.build:Building CMake package in '/home/atharva/Learning_ROS2/ros2_ws/src/my_robot_description'
[2.328s] INFO:colcon.colcon_core.shell:Skip shell extension 'powershell' for command environment: Not usable outside of PowerShell
[2.328s] DEBUG:colcon.colcon_core.shell:Skip shell extension 'dsv' for command environment
[2.462s] DEBUG:colcon.colcon_core.event_handler.log_command:Invoking command in '/home/atharva/Learning_ROS2/build/my_robot_interfaces': CMAKE_PREFIX_PATH=${CMAKE_PREFIX_PATH}:/home/atharva/Learning_ROS2/ros2_ws/install/turtlesim_catch_em_all:/home/atharva/Learning_ROS2/ros2_ws/install/my_py_pkg:/opt/ros/humble: /usr/bin/cmake --build /home/atharva/Learning_ROS2/build/my_robot_interfaces -- -j4 -l4
[2.469s] DEBUG:colcon.colcon_core.event_handler.log_command:Invoking command in '/home/atharva/Learning_ROS2/build/my_robot_description': CMAKE_PREFIX_PATH=${CMAKE_PREFIX_PATH}:/home/atharva/Learning_ROS2/ros2_ws/install/turtlesim_catch_em_all:/home/atharva/Learning_ROS2/ros2_ws/install/my_py_pkg:/opt/ros/humble: /usr/bin/cmake --build /home/atharva/Learning_ROS2/build/my_robot_description -- -j4 -l4
[2.538s] DEBUG:colcon.colcon_core.event_handler.log_command:Invoked command in '/home/atharva/Learning_ROS2/build/my_robot_description' returned '0': CMAKE_PREFIX_PATH=${CMAKE_PREFIX_PATH}:/home/atharva/Learning_ROS2/ros2_ws/install/turtlesim_catch_em_all:/home/atharva/Learning_ROS2/ros2_ws/install/my_py_pkg:/opt/ros/humble: /usr/bin/cmake --build /home/atharva/Learning_ROS2/build/my_robot_description -- -j4 -l4
[2.642s] DEBUG:colcon.colcon_core.event_handler.log_command:Invoking command in '/home/atharva/Learning_ROS2/build/my_robot_description': CMAKE_PREFIX_PATH=${CMAKE_PREFIX_PATH}:/home/atharva/Learning_ROS2/ros2_ws/install/turtlesim_catch_em_all:/home/atharva/Learning_ROS2/ros2_ws/install/my_py_pkg:/opt/ros/humble: /usr/bin/cmake --install /home/atharva/Learning_ROS2/build/my_robot_description
[2.702s] Level 1:colcon.colcon_core.environment:create_environment_scripts_only(my_robot_description)
[2.714s] DEBUG:colcon.colcon_core.event_handler.log_command:Invoked command in '/home/atharva/Learning_ROS2/build/my_robot_description' returned '0': CMAKE_PREFIX_PATH=${CMAKE_PREFIX_PATH}:/home/atharva/Learning_ROS2/ros2_ws/install/turtlesim_catch_em_all:/home/atharva/Learning_ROS2/ros2_ws/install/my_py_pkg:/opt/ros/humble: /usr/bin/cmake --install /home/atharva/Learning_ROS2/build/my_robot_description
[2.764s] Level 1:colcon.colcon_core.environment:checking '/home/atharva/Learning_ROS2/install/my_robot_description' for CMake module files
[2.765s] Level 1:colcon.colcon_core.environment:checking '/home/atharva/Learning_ROS2/install/my_robot_description' for CMake config files
[2.766s] Level 1:colcon.colcon_core.shell:create_environment_hook('my_robot_description', 'cmake_prefix_path')
[2.821s] INFO:colcon.colcon_core.shell:Creating environment hook '/home/atharva/Learning_ROS2/install/my_robot_description/share/my_robot_description/hook/cmake_prefix_path.ps1'
[2.822s] INFO:colcon.colcon_core.shell:Creating environment descriptor '/home/atharva/Learning_ROS2/install/my_robot_description/share/my_robot_description/hook/cmake_prefix_path.dsv'
[2.823s] INFO:colcon.colcon_core.shell:Creating environment hook '/home/atharva/Learning_ROS2/install/my_robot_description/share/my_robot_description/hook/cmake_prefix_path.sh'
[2.825s] Level 1:colcon.colcon_core.environment:checking '/home/atharva/Learning_ROS2/install/my_robot_description/bin'
[2.826s] Level 1:colcon.colcon_core.environment:checking '/home/atharva/Learning_ROS2/install/my_robot_description/lib/pkgconfig/my_robot_description.pc'
[2.826s] Level 1:colcon.colcon_core.environment:checking '/home/atharva/Learning_ROS2/install/my_robot_description/lib/python3.10/site-packages'
[2.827s] Level 1:colcon.colcon_core.environment:checking '/home/atharva/Learning_ROS2/install/my_robot_description/bin'
[2.895s] INFO:colcon.colcon_core.shell:Creating package script '/home/atharva/Learning_ROS2/install/my_robot_description/share/my_robot_description/package.ps1'
[2.896s] INFO:colcon.colcon_core.shell:Creating package descriptor '/home/atharva/Learning_ROS2/install/my_robot_description/share/my_robot_description/package.dsv'
[2.898s] INFO:colcon.colcon_core.shell:Creating package script '/home/atharva/Learning_ROS2/install/my_robot_description/share/my_robot_description/package.sh'
[2.900s] INFO:colcon.colcon_core.shell:Creating package script '/home/atharva/Learning_ROS2/install/my_robot_description/share/my_robot_description/package.bash'
[2.902s] INFO:colcon.colcon_core.shell:Creating package script '/home/atharva/Learning_ROS2/install/my_robot_description/share/my_robot_description/package.zsh'
[2.903s] Level 1:colcon.colcon_core.environment:create_file_with_runtime_dependencies(/home/atharva/Learning_ROS2/install/my_robot_description/share/colcon-core/packages/my_robot_description)
[2.991s] Level 1:colcon.colcon_core.environment:create_environment_scripts_only(my_robot_description)
[3.021s] Level 1:colcon.colcon_core.environment:checking '/home/atharva/Learning_ROS2/install/my_robot_description' for CMake module files
[3.022s] Level 1:colcon.colcon_core.environment:checking '/home/atharva/Learning_ROS2/install/my_robot_description' for CMake config files
[3.022s] Level 1:colcon.colcon_core.shell:create_environment_hook('my_robot_description', 'cmake_prefix_path')
[3.057s] INFO:colcon.colcon_core.shell:Creating environment hook '/home/atharva/Learning_ROS2/install/my_robot_description/share/my_robot_description/hook/cmake_prefix_path.ps1'
[3.057s] INFO:colcon.colcon_core.shell:Creating environment descriptor '/home/atharva/Learning_ROS2/install/my_robot_description/share/my_robot_description/hook/cmake_prefix_path.dsv'
[3.058s] INFO:colcon.colcon_core.shell:Creating environment hook '/home/atharva/Learning_ROS2/install/my_robot_description/share/my_robot_description/hook/cmake_prefix_path.sh'
[3.059s] Level 1:colcon.colcon_core.environment:checking '/home/atharva/Learning_ROS2/install/my_robot_description/bin'
[3.059s] Level 1:colcon.colcon_core.environment:checking '/home/atharva/Learning_ROS2/install/my_robot_description/lib/pkgconfig/my_robot_description.pc'
[3.060s] Level 1:colcon.colcon_core.environment:checking '/home/atharva/Learning_ROS2/install/my_robot_description/lib/python3.10/site-packages'
[3.060s] Level 1:colcon.colcon_core.environment:checking '/home/atharva/Learning_ROS2/install/my_robot_description/bin'
[3.091s] INFO:colcon.colcon_core.shell:Creating package script '/home/atharva/Learning_ROS2/install/my_robot_description/share/my_robot_description/package.ps1'
[3.092s] INFO:colcon.colcon_core.shell:Creating package descriptor '/home/atharva/Learning_ROS2/install/my_robot_description/share/my_robot_description/package.dsv'
[3.093s] INFO:colcon.colcon_core.shell:Creating package script '/home/atharva/Learning_ROS2/install/my_robot_description/share/my_robot_description/package.sh'
[3.094s] INFO:colcon.colcon_core.shell:Creating package script '/home/atharva/Learning_ROS2/install/my_robot_description/share/my_robot_description/package.bash'
[3.094s] INFO:colcon.colcon_core.shell:Creating package script '/home/atharva/Learning_ROS2/install/my_robot_description/share/my_robot_description/package.zsh'
[3.095s] Level 1:colcon.colcon_core.environment:create_file_with_runtime_dependencies(/home/atharva/Learning_ROS2/install/my_robot_description/share/colcon-core/packages/my_robot_description)
[3.096s] INFO:colcon.colcon_ros.task.ament_cmake.build:Building ROS package in '/home/atharva/Learning_ROS2/ros2_ws/src/my_robot_gazebo_bringup' with build type 'ament_cmake'
[3.096s] INFO:colcon.colcon_cmake.task.cmake.build:Building CMake package in '/home/atharva/Learning_ROS2/ros2_ws/src/my_robot_gazebo_bringup'
[3.128s] INFO:colcon.colcon_core.shell:Skip shell extension 'powershell' for command environment: Not usable outside of PowerShell
[3.128s] DEBUG:colcon.colcon_core.shell:Skip shell extension 'dsv' for command environment
[3.272s] DEBUG:colcon.colcon_core.event_handler.log_command:Invoking command in '/home/atharva/Learning_ROS2/build/my_robot_gazebo_bringup': AMENT_PREFIX_PATH=/home/atharva/Learning_ROS2/install/my_robot_description:${AMENT_PREFIX_PATH} CMAKE_PREFIX_PATH=/home/atharva/Learning_ROS2/install/my_robot_description:/home/atharva/ros2_ws/install/my_robot_gazebo_bringup:/home/atharva/ros2_ws/install/my_robot_description:/home/atharva/Learning_ROS2/ros2_ws/install/radio_station_bringup:/home/atharva/Learning_ROS2/ros2_ws/install/my_robot_bringup:/home/atharva/Learning_ROS2/ros2_ws/install/my_robot_interfaces:/home/atharva/Learning_ROS2/ros2_ws/install/my_robot_gazebo_bringup:/home/atharva/Learning_ROS2/ros2_ws/install/my_robot_description:/home/atharva/Learning_ROS2/ros2_ws/install/turtlesim_catch_em_all:/home/atharva/Learning_ROS2/ros2_ws/install/my_py_pkg:/opt/ros/humble: /usr/bin/cmake --build /home/atharva/Learning_ROS2/build/my_robot_gazebo_bringup -- -j4 -l4
[3.333s] DEBUG:colcon.colcon_core.event_handler.log_command:Invoked command in '/home/atharva/Learning_ROS2/build/my_robot_interfaces' returned '0': CMAKE_PREFIX_PATH=${CMAKE_PREFIX_PATH}:/home/atharva/Learning_ROS2/ros2_ws/install/turtlesim_catch_em_all:/home/atharva/Learning_ROS2/ros2_ws/install/my_py_pkg:/opt/ros/humble: /usr/bin/cmake --build /home/atharva/Learning_ROS2/build/my_robot_interfaces -- -j4 -l4
[3.339s] DEBUG:colcon.colcon_core.event_handler.log_command:Invoked command in '/home/atharva/Learning_ROS2/build/my_robot_gazebo_bringup' returned '0': AMENT_PREFIX_PATH=/home/atharva/Learning_ROS2/install/my_robot_description:${AMENT_PREFIX_PATH} CMAKE_PREFIX_PATH=/home/atharva/Learning_ROS2/install/my_robot_description:/home/atharva/ros2_ws/install/my_robot_gazebo_bringup:/home/atharva/ros2_ws/install/my_robot_description:/home/atharva/Learning_ROS2/ros2_ws/install/radio_station_bringup:/home/atharva/Learning_ROS2/ros2_ws/install/my_robot_bringup:/home/atharva/Learning_ROS2/ros2_ws/install/my_robot_interfaces:/home/atharva/Learning_ROS2/ros2_ws/install/my_robot_gazebo_bringup:/home/atharva/Learning_ROS2/ros2_ws/install/my_robot_description:/home/atharva/Learning_ROS2/ros2_ws/install/turtlesim_catch_em_all:/home/atharva/Learning_ROS2/ros2_ws/install/my_py_pkg:/opt/ros/humble: /usr/bin/cmake --build /home/atharva/Learning_ROS2/build/my_robot_gazebo_bringup -- -j4 -l4
[3.375s] DEBUG:colcon.colcon_core.event_handler.log_command:Invoking command in '/home/atharva/Learning_ROS2/build/my_robot_gazebo_bringup': AMENT_PREFIX_PATH=/home/atharva/Learning_ROS2/install/my_robot_description:${AMENT_PREFIX_PATH} CMAKE_PREFIX_PATH=/home/atharva/Learning_ROS2/install/my_robot_description:/home/atharva/ros2_ws/install/my_robot_gazebo_bringup:/home/atharva/ros2_ws/install/my_robot_description:/home/atharva/Learning_ROS2/ros2_ws/install/radio_station_bringup:/home/atharva/Learning_ROS2/ros2_ws/install/my_robot_bringup:/home/atharva/Learning_ROS2/ros2_ws/install/my_robot_interfaces:/home/atharva/Learning_ROS2/ros2_ws/install/my_robot_gazebo_bringup:/home/atharva/Learning_ROS2/ros2_ws/install/my_robot_description:/home/atharva/Learning_ROS2/ros2_ws/install/turtlesim_catch_em_all:/home/atharva/Learning_ROS2/ros2_ws/install/my_py_pkg:/opt/ros/humble: /usr/bin/cmake --install /home/atharva/Learning_ROS2/build/my_robot_gazebo_bringup
[3.433s] Level 1:colcon.colcon_core.environment:create_environment_scripts_only(my_robot_gazebo_bringup)
[3.434s] DEBUG:colcon.colcon_core.event_handler.log_command:Invoked command in '/home/atharva/Learning_ROS2/build/my_robot_gazebo_bringup' returned '0': AMENT_PREFIX_PATH=/home/atharva/Learning_ROS2/install/my_robot_description:${AMENT_PREFIX_PATH} CMAKE_PREFIX_PATH=/home/atharva/Learning_ROS2/install/my_robot_description:/home/atharva/ros2_ws/install/my_robot_gazebo_bringup:/home/atharva/ros2_ws/install/my_robot_description:/home/atharva/Learning_ROS2/ros2_ws/install/radio_station_bringup:/home/atharva/Learning_ROS2/ros2_ws/install/my_robot_bringup:/home/atharva/Learning_ROS2/ros2_ws/install/my_robot_interfaces:/home/atharva/Learning_ROS2/ros2_ws/install/my_robot_gazebo_bringup:/home/atharva/Learning_ROS2/ros2_ws/install/my_robot_description:/home/atharva/Learning_ROS2/ros2_ws/install/turtlesim_catch_em_all:/home/atharva/Learning_ROS2/ros2_ws/install/my_py_pkg:/opt/ros/humble: /usr/bin/cmake --install /home/atharva/Learning_ROS2/build/my_robot_gazebo_bringup
[3.482s] Level 1:colcon.colcon_core.environment:checking '/home/atharva/Learning_ROS2/install/my_robot_gazebo_bringup' for CMake module files
[3.483s] Level 1:colcon.colcon_core.environment:checking '/home/atharva/Learning_ROS2/install/my_robot_gazebo_bringup' for CMake config files
[3.483s] Level 1:colcon.colcon_core.shell:create_environment_hook('my_robot_gazebo_bringup', 'cmake_prefix_path')
[3.525s] INFO:colcon.colcon_core.shell:Creating environment hook '/home/atharva/Learning_ROS2/install/my_robot_gazebo_bringup/share/my_robot_gazebo_bringup/hook/cmake_prefix_path.ps1'
[3.525s] INFO:colcon.colcon_core.shell:Creating environment descriptor '/home/atharva/Learning_ROS2/install/my_robot_gazebo_bringup/share/my_robot_gazebo_bringup/hook/cmake_prefix_path.dsv'
[3.526s] INFO:colcon.colcon_core.shell:Creating environment hook '/home/atharva/Learning_ROS2/install/my_robot_gazebo_bringup/share/my_robot_gazebo_bringup/hook/cmake_prefix_path.sh'
[3.527s] Level 1:colcon.colcon_core.environment:checking '/home/atharva/Learning_ROS2/install/my_robot_gazebo_bringup/bin'
[3.527s] Level 1:colcon.colcon_core.environment:checking '/home/atharva/Learning_ROS2/install/my_robot_gazebo_bringup/lib/pkgconfig/my_robot_gazebo_bringup.pc'
[3.527s] Level 1:colcon.colcon_core.environment:checking '/home/atharva/Learning_ROS2/install/my_robot_gazebo_bringup/lib/python3.10/site-packages'
[3.528s] Level 1:colcon.colcon_core.environment:checking '/home/atharva/Learning_ROS2/install/my_robot_gazebo_bringup/bin'
[3.559s] INFO:colcon.colcon_core.shell:Creating package script '/home/atharva/Learning_ROS2/install/my_robot_gazebo_bringup/share/my_robot_gazebo_bringup/package.ps1'
[3.560s] INFO:colcon.colcon_core.shell:Creating package descriptor '/home/atharva/Learning_ROS2/install/my_robot_gazebo_bringup/share/my_robot_gazebo_bringup/package.dsv'
[3.560s] INFO:colcon.colcon_core.shell:Creating package script '/home/atharva/Learning_ROS2/install/my_robot_gazebo_bringup/share/my_robot_gazebo_bringup/package.sh'
[3.561s] INFO:colcon.colcon_core.shell:Creating package script '/home/atharva/Learning_ROS2/install/my_robot_gazebo_bringup/share/my_robot_gazebo_bringup/package.bash'
[3.562s] INFO:colcon.colcon_core.shell:Creating package script '/home/atharva/Learning_ROS2/install/my_robot_gazebo_bringup/share/my_robot_gazebo_bringup/package.zsh'
[3.562s] Level 1:colcon.colcon_core.environment:create_file_with_runtime_dependencies(/home/atharva/Learning_ROS2/install/my_robot_gazebo_bringup/share/colcon-core/packages/my_robot_gazebo_bringup)
[3.654s] Level 1:colcon.colcon_core.environment:create_environment_scripts_only(my_robot_gazebo_bringup)
[3.681s] Level 1:colcon.colcon_core.environment:checking '/home/atharva/Learning_ROS2/install/my_robot_gazebo_bringup' for CMake module files
[3.682s] Level 1:colcon.colcon_core.environment:checking '/home/atharva/Learning_ROS2/install/my_robot_gazebo_bringup' for CMake config files
[3.682s] Level 1:colcon.colcon_core.shell:create_environment_hook('my_robot_gazebo_bringup', 'cmake_prefix_path')
[3.710s] INFO:colcon.colcon_core.shell:Creating environment hook '/home/atharva/Learning_ROS2/install/my_robot_gazebo_bringup/share/my_robot_gazebo_bringup/hook/cmake_prefix_path.ps1'
[3.710s] INFO:colcon.colcon_core.shell:Creating environment descriptor '/home/atharva/Learning_ROS2/install/my_robot_gazebo_bringup/share/my_robot_gazebo_bringup/hook/cmake_prefix_path.dsv'
[3.711s] INFO:colcon.colcon_core.shell:Creating environment hook '/home/atharva/Learning_ROS2/install/my_robot_gazebo_bringup/share/my_robot_gazebo_bringup/hook/cmake_prefix_path.sh'
[3.712s] Level 1:colcon.colcon_core.environment:checking '/home/atharva/Learning_ROS2/install/my_robot_gazebo_bringup/bin'
[3.712s] Level 1:colcon.colcon_core.environment:checking '/home/atharva/Learning_ROS2/install/my_robot_gazebo_bringup/lib/pkgconfig/my_robot_gazebo_bringup.pc'
[3.713s] Level 1:colcon.colcon_core.environment:checking '/home/atharva/Learning_ROS2/install/my_robot_gazebo_bringup/lib/python3.10/site-packages'
[3.713s] Level 1:colcon.colcon_core.environment:checking '/home/atharva/Learning_ROS2/install/my_robot_gazebo_bringup/bin'
[3.740s] INFO:colcon.colcon_core.shell:Creating package script '/home/atharva/Learning_ROS2/install/my_robot_gazebo_bringup/share/my_robot_gazebo_bringup/package.ps1'
[3.741s] INFO:colcon.colcon_core.shell:Creating package descriptor '/home/atharva/Learning_ROS2/install/my_robot_gazebo_bringup/share/my_robot_gazebo_bringup/package.dsv'
[3.741s] INFO:colcon.colcon_core.shell:Creating package script '/home/atharva/Learning_ROS2/install/my_robot_gazebo_bringup/share/my_robot_gazebo_bringup/package.sh'
[3.742s] INFO:colcon.colcon_core.shell:Creating package script '/home/atharva/Learning_ROS2/install/my_robot_gazebo_bringup/share/my_robot_gazebo_bringup/package.bash'
[3.742s] INFO:colcon.colcon_core.shell:Creating package script '/home/atharva/Learning_ROS2/install/my_robot_gazebo_bringup/share/my_robot_gazebo_bringup/package.zsh'
[3.743s] Level 1:colcon.colcon_core.environment:create_file_with_runtime_dependencies(/home/atharva/Learning_ROS2/install/my_robot_gazebo_bringup/share/colcon-core/packages/my_robot_gazebo_bringup)
[3.746s] DEBUG:colcon.colcon_core.event_handler.log_command:Invoking command in '/home/atharva/Learning_ROS2/build/my_robot_interfaces': CMAKE_PREFIX_PATH=${CMAKE_PREFIX_PATH}:/home/atharva/Learning_ROS2/ros2_ws/install/turtlesim_catch_em_all:/home/atharva/Learning_ROS2/ros2_ws/install/my_py_pkg:/opt/ros/humble: /usr/bin/cmake --install /home/atharva/Learning_ROS2/build/my_robot_interfaces
[3.872s] Level 1:colcon.colcon_core.environment:create_environment_scripts_only(my_robot_interfaces)
[3.875s] DEBUG:colcon.colcon_core.event_handler.log_command:Invoked command in '/home/atharva/Learning_ROS2/build/my_robot_interfaces' returned '0': CMAKE_PREFIX_PATH=${CMAKE_PREFIX_PATH}:/home/atharva/Learning_ROS2/ros2_ws/install/turtlesim_catch_em_all:/home/atharva/Learning_ROS2/ros2_ws/install/my_py_pkg:/opt/ros/humble: /usr/bin/cmake --install /home/atharva/Learning_ROS2/build/my_robot_interfaces
[3.899s] Level 1:colcon.colcon_core.environment:checking '/home/atharva/Learning_ROS2/install/my_robot_interfaces' for CMake module files
[3.899s] Level 1:colcon.colcon_core.environment:checking '/home/atharva/Learning_ROS2/install/my_robot_interfaces' for CMake config files
[3.900s] Level 1:colcon.colcon_core.shell:create_environment_hook('my_robot_interfaces', 'cmake_prefix_path')
[3.924s] INFO:colcon.colcon_core.shell:Creating environment hook '/home/atharva/Learning_ROS2/install/my_robot_interfaces/share/my_robot_interfaces/hook/cmake_prefix_path.ps1'
[3.925s] INFO:colcon.colcon_core.shell:Creating environment descriptor '/home/atharva/Learning_ROS2/install/my_robot_interfaces/share/my_robot_interfaces/hook/cmake_prefix_path.dsv'
[3.925s] INFO:colcon.colcon_core.shell:Creating environment hook '/home/atharva/Learning_ROS2/install/my_robot_interfaces/share/my_robot_interfaces/hook/cmake_prefix_path.sh'
[3.926s] Level 1:colcon.colcon_core.environment:checking '/home/atharva/Learning_ROS2/install/my_robot_interfaces/lib'
[3.926s] Level 1:colcon.colcon_core.shell:create_environment_hook('my_robot_interfaces', 'ld_library_path_lib')
[3.948s] INFO:colcon.colcon_core.shell:Creating environment hook '/home/atharva/Learning_ROS2/install/my_robot_interfaces/share/my_robot_interfaces/hook/ld_library_path_lib.ps1'
[3.949s] INFO:colcon.colcon_core.shell:Creating environment descriptor '/home/atharva/Learning_ROS2/install/my_robot_interfaces/share/my_robot_interfaces/hook/ld_library_path_lib.dsv'
[3.949s] INFO:colcon.colcon_core.shell:Creating environment hook '/home/atharva/Learning_ROS2/install/my_robot_interfaces/share/my_robot_interfaces/hook/ld_library_path_lib.sh'
[3.950s] Level 1:colcon.colcon_core.environment:checking '/home/atharva/Learning_ROS2/install/my_robot_interfaces/bin'
[3.950s] Level 1:colcon.colcon_core.environment:checking '/home/atharva/Learning_ROS2/install/my_robot_interfaces/lib/pkgconfig/my_robot_interfaces.pc'
[3.950s] Level 1:colcon.colcon_core.environment:checking '/home/atharva/Learning_ROS2/install/my_robot_interfaces/lib/python3.10/site-packages'
[3.951s] Level 1:colcon.colcon_core.environment:checking '/home/atharva/Learning_ROS2/install/my_robot_interfaces/bin'
[3.974s] INFO:colcon.colcon_core.shell:Creating package script '/home/atharva/Learning_ROS2/install/my_robot_interfaces/share/my_robot_interfaces/package.ps1'
[3.974s] INFO:colcon.colcon_core.shell:Creating package descriptor '/home/atharva/Learning_ROS2/install/my_robot_interfaces/share/my_robot_interfaces/package.dsv'
[3.975s] INFO:colcon.colcon_core.shell:Creating package script '/home/atharva/Learning_ROS2/install/my_robot_interfaces/share/my_robot_interfaces/package.sh'
[3.975s] INFO:colcon.colcon_core.shell:Creating package script '/home/atharva/Learning_ROS2/install/my_robot_interfaces/share/my_robot_interfaces/package.bash'
[3.976s] INFO:colcon.colcon_core.shell:Creating package script '/home/atharva/Learning_ROS2/install/my_robot_interfaces/share/my_robot_interfaces/package.zsh'
[3.976s] Level 1:colcon.colcon_core.environment:create_file_with_runtime_dependencies(/home/atharva/Learning_ROS2/install/my_robot_interfaces/share/colcon-core/packages/my_robot_interfaces)
[4.189s] Level 1:colcon.colcon_core.environment:create_environment_scripts_only(my_robot_interfaces)
[4.213s] Level 1:colcon.colcon_core.environment:checking '/home/atharva/Learning_ROS2/install/my_robot_interfaces' for CMake module files
[4.214s] Level 1:colcon.colcon_core.environment:checking '/home/atharva/Learning_ROS2/install/my_robot_interfaces' for CMake config files
[4.214s] Level 1:colcon.colcon_core.shell:create_environment_hook('my_robot_interfaces', 'cmake_prefix_path')
[4.237s] INFO:colcon.colcon_core.shell:Creating environment hook '/home/atharva/Learning_ROS2/install/my_robot_interfaces/share/my_robot_interfaces/hook/cmake_prefix_path.ps1'
[4.238s] INFO:colcon.colcon_core.shell:Creating environment descriptor '/home/atharva/Learning_ROS2/install/my_robot_interfaces/share/my_robot_interfaces/hook/cmake_prefix_path.dsv'
[4.238s] INFO:colcon.colcon_core.shell:Creating environment hook '/home/atharva/Learning_ROS2/install/my_robot_interfaces/share/my_robot_interfaces/hook/cmake_prefix_path.sh'
[4.239s] Level 1:colcon.colcon_core.environment:checking '/home/atharva/Learning_ROS2/install/my_robot_interfaces/lib'
[4.239s] Level 1:colcon.colcon_core.shell:create_environment_hook('my_robot_interfaces', 'ld_library_path_lib')
[4.263s] INFO:colcon.colcon_core.shell:Creating environment hook '/home/atharva/Learning_ROS2/install/my_robot_interfaces/share/my_robot_interfaces/hook/ld_library_path_lib.ps1'
[4.263s] INFO:colcon.colcon_core.shell:Creating environment descriptor '/home/atharva/Learning_ROS2/install/my_robot_interfaces/share/my_robot_interfaces/hook/ld_library_path_lib.dsv'
[4.264s] INFO:colcon.colcon_core.shell:Creating environment hook '/home/atharva/Learning_ROS2/install/my_robot_interfaces/share/my_robot_interfaces/hook/ld_library_path_lib.sh'
[4.264s] Level 1:colcon.colcon_core.environment:checking '/home/atharva/Learning_ROS2/install/my_robot_interfaces/bin'
[4.264s] Level 1:colcon.colcon_core.environment:checking '/home/atharva/Learning_ROS2/install/my_robot_interfaces/lib/pkgconfig/my_robot_interfaces.pc'
[4.264s] Level 1:colcon.colcon_core.environment:checking '/home/atharva/Learning_ROS2/install/my_robot_interfaces/lib/python3.10/site-packages'
[4.265s] Level 1:colcon.colcon_core.environment:checking '/home/atharva/Learning_ROS2/install/my_robot_interfaces/bin'
[4.288s] INFO:colcon.colcon_core.shell:Creating package script '/home/atharva/Learning_ROS2/install/my_robot_interfaces/share/my_robot_interfaces/package.ps1'
[4.288s] INFO:colcon.colcon_core.shell:Creating package descriptor '/home/atharva/Learning_ROS2/install/my_robot_interfaces/share/my_robot_interfaces/package.dsv'
[4.289s] INFO:colcon.colcon_core.shell:Creating package script '/home/atharva/Learning_ROS2/install/my_robot_interfaces/share/my_robot_interfaces/package.sh'
[4.290s] INFO:colcon.colcon_core.shell:Creating package script '/home/atharva/Learning_ROS2/install/my_robot_interfaces/share/my_robot_interfaces/package.bash'
[4.291s] INFO:colcon.colcon_core.shell:Creating package script '/home/atharva/Learning_ROS2/install/my_robot_interfaces/share/my_robot_interfaces/package.zsh'
[4.291s] Level 1:colcon.colcon_core.environment:create_file_with_runtime_dependencies(/home/atharva/Learning_ROS2/install/my_robot_interfaces/share/colcon-core/packages/my_robot_interfaces)
[4.292s] INFO:colcon.colcon_ros.task.ament_python.build:Building ROS package in '/home/atharva/Learning_ROS2/ros2_ws/src/my_py_pkg' with build type 'ament_python'
[4.292s] Level 1:colcon.colcon_core.shell:create_environment_hook('my_py_pkg', 'ament_prefix_path')
[4.315s] INFO:colcon.colcon_core.shell:Creating environment hook '/home/atharva/Learning_ROS2/install/my_py_pkg/share/my_py_pkg/hook/ament_prefix_path.ps1'
[4.316s] INFO:colcon.colcon_core.shell:Creating environment descriptor '/home/atharva/Learning_ROS2/install/my_py_pkg/share/my_py_pkg/hook/ament_prefix_path.dsv'
[4.316s] INFO:colcon.colcon_core.shell:Creating environment hook '/home/atharva/Learning_ROS2/install/my_py_pkg/share/my_py_pkg/hook/ament_prefix_path.sh'
[4.362s] INFO:colcon.colcon_core.shell:Skip shell extension 'powershell' for command environment: Not usable outside of PowerShell
[4.362s] DEBUG:colcon.colcon_core.shell:Skip shell extension 'dsv' for command environment
[4.460s] INFO:colcon.colcon_ros.task.ament_python.build:Building ROS package in '/home/atharva/Learning_ROS2/ros2_ws/src/turtlesim_catch_em_all' with build type 'ament_python'
[4.460s] Level 1:colcon.colcon_core.shell:create_environment_hook('turtlesim_catch_em_all', 'ament_prefix_path')
[4.485s] INFO:colcon.colcon_core.shell:Creating environment hook '/home/atharva/Learning_ROS2/install/turtlesim_catch_em_all/share/turtlesim_catch_em_all/hook/ament_prefix_path.ps1'
[4.485s] INFO:colcon.colcon_core.shell:Creating environment descriptor '/home/atharva/Learning_ROS2/install/turtlesim_catch_em_all/share/turtlesim_catch_em_all/hook/ament_prefix_path.dsv'
[4.486s] INFO:colcon.colcon_core.shell:Creating environment hook '/home/atharva/Learning_ROS2/install/turtlesim_catch_em_all/share/turtlesim_catch_em_all/hook/ament_prefix_path.sh'
[4.517s] INFO:colcon.colcon_core.shell:Skip shell extension 'powershell' for command environment: Not usable outside of PowerShell
[4.517s] DEBUG:colcon.colcon_core.shell:Skip shell extension 'dsv' for command environment
[5.125s] INFO:colcon.colcon_core.task.python.build:Building Python package in '/home/atharva/Learning_ROS2/ros2_ws/src/my_py_pkg'
[5.148s] INFO:colcon.colcon_core.shell:Skip shell extension 'powershell' for command environment: Not usable outside of PowerShell
[5.148s] DEBUG:colcon.colcon_core.shell:Skip shell extension 'dsv' for command environment
[5.707s] INFO:colcon.colcon_core.task.python.build:Building Python package in '/home/atharva/Learning_ROS2/ros2_ws/src/turtlesim_catch_em_all'
[5.735s] INFO:colcon.colcon_core.shell:Skip shell extension 'powershell' for command environment: Not usable outside of PowerShell
[5.735s] DEBUG:colcon.colcon_core.shell:Skip shell extension 'dsv' for command environment
[6.821s] DEBUG:colcon.colcon_core.event_handler.log_command:Invoking command in '/home/atharva/Learning_ROS2/build/turtlesim_catch_em_all': AMENT_PREFIX_PATH=/home/atharva/Learning_ROS2/install/my_robot_interfaces:${AMENT_PREFIX_PATH} CMAKE_PREFIX_PATH=/home/atharva/Learning_ROS2/install/my_robot_interfaces:${CMAKE_PREFIX_PATH} LD_LIBRARY_PATH=/home/atharva/Learning_ROS2/install/my_robot_interfaces/lib:${LD_LIBRARY_PATH} PYTHONPATH=/home/atharva/Learning_ROS2/build/turtlesim_catch_em_all/prefix_override:/home/atharva/Learning_ROS2/install/turtlesim_catch_em_all/lib/python3.10/site-packages:/home/atharva/Learning_ROS2/install/my_robot_interfaces/local/lib/python3.10/dist-packages:${PYTHONPATH} /usr/bin/python3 setup.py develop --editable --build-directory /home/atharva/Learning_ROS2/build/turtlesim_catch_em_all/build --no-deps install_data
[6.846s] DEBUG:colcon.colcon_core.event_handler.log_command:Invoking command in '/home/atharva/Learning_ROS2/build/my_py_pkg': AMENT_PREFIX_PATH=/home/atharva/Learning_ROS2/install/my_robot_interfaces:${AMENT_PREFIX_PATH} CMAKE_PREFIX_PATH=/home/atharva/Learning_ROS2/install/my_robot_interfaces:${CMAKE_PREFIX_PATH} LD_LIBRARY_PATH=/home/atharva/Learning_ROS2/install/my_robot_interfaces/lib:${LD_LIBRARY_PATH} PYTHONPATH=/home/atharva/Learning_ROS2/build/my_py_pkg/prefix_override:/home/atharva/Learning_ROS2/install/my_py_pkg/lib/python3.10/site-packages:/home/atharva/Learning_ROS2/install/my_robot_interfaces/local/lib/python3.10/dist-packages:${PYTHONPATH} /usr/bin/python3 setup.py develop --editable --build-directory /home/atharva/Learning_ROS2/build/my_py_pkg/build --no-deps install_data
[8.270s] Level 1:colcon.colcon_core.shell:create_environment_hook('turtlesim_catch_em_all', 'pythonpath_develop')
[8.275s] DEBUG:colcon.colcon_core.event_handler.log_command:Invoked command in '/home/atharva/Learning_ROS2/build/turtlesim_catch_em_all' returned '0': AMENT_PREFIX_PATH=/home/atharva/Learning_ROS2/install/my_robot_interfaces:${AMENT_PREFIX_PATH} CMAKE_PREFIX_PATH=/home/atharva/Learning_ROS2/install/my_robot_interfaces:${CMAKE_PREFIX_PATH} LD_LIBRARY_PATH=/home/atharva/Learning_ROS2/install/my_robot_interfaces/lib:${LD_LIBRARY_PATH} PYTHONPATH=/home/atharva/Learning_ROS2/build/turtlesim_catch_em_all/prefix_override:/home/atharva/Learning_ROS2/install/turtlesim_catch_em_all/lib/python3.10/site-packages:/home/atharva/Learning_ROS2/install/my_robot_interfaces/local/lib/python3.10/dist-packages:${PYTHONPATH} /usr/bin/python3 setup.py develop --editable --build-directory /home/atharva/Learning_ROS2/build/turtlesim_catch_em_all/build --no-deps install_data
[8.322s] INFO:colcon.colcon_core.shell:Creating environment hook '/home/atharva/Learning_ROS2/build/turtlesim_catch_em_all/share/turtlesim_catch_em_all/hook/pythonpath_develop.ps1'
[8.323s] INFO:colcon.colcon_core.shell:Creating environment descriptor '/home/atharva/Learning_ROS2/build/turtlesim_catch_em_all/share/turtlesim_catch_em_all/hook/pythonpath_develop.dsv'
[8.324s] INFO:colcon.colcon_core.shell:Creating environment hook '/home/atharva/Learning_ROS2/build/turtlesim_catch_em_all/share/turtlesim_catch_em_all/hook/pythonpath_develop.sh'
[8.374s] Level 1:colcon.colcon_core.environment:checking '/home/atharva/Learning_ROS2/install/turtlesim_catch_em_all' for CMake module files
[8.375s] Level 1:colcon.colcon_core.environment:checking '/home/atharva/Learning_ROS2/install/turtlesim_catch_em_all' for CMake config files
[8.377s] Level 1:colcon.colcon_core.environment:checking '/home/atharva/Learning_ROS2/install/turtlesim_catch_em_all/lib'
[8.377s] Level 1:colcon.colcon_core.environment:checking '/home/atharva/Learning_ROS2/install/turtlesim_catch_em_all/bin'
[8.377s] Level 1:colcon.colcon_core.environment:checking '/home/atharva/Learning_ROS2/install/turtlesim_catch_em_all/lib/pkgconfig/turtlesim_catch_em_all.pc'
[8.378s] Level 1:colcon.colcon_core.environment:checking '/home/atharva/Learning_ROS2/install/turtlesim_catch_em_all/lib/python3.10/site-packages'
[8.378s] Level 1:colcon.colcon_core.shell:create_environment_hook('turtlesim_catch_em_all', 'pythonpath')
[8.418s] INFO:colcon.colcon_core.shell:Creating environment hook '/home/atharva/Learning_ROS2/install/turtlesim_catch_em_all/share/turtlesim_catch_em_all/hook/pythonpath.ps1'
[8.419s] INFO:colcon.colcon_core.shell:Creating environment descriptor '/home/atharva/Learning_ROS2/install/turtlesim_catch_em_all/share/turtlesim_catch_em_all/hook/pythonpath.dsv'
[8.420s] INFO:colcon.colcon_core.shell:Creating environment hook '/home/atharva/Learning_ROS2/install/turtlesim_catch_em_all/share/turtlesim_catch_em_all/hook/pythonpath.sh'
[8.421s] Level 1:colcon.colcon_core.environment:checking '/home/atharva/Learning_ROS2/install/turtlesim_catch_em_all/bin'
[8.422s] Level 1:colcon.colcon_core.environment:create_environment_scripts_only(turtlesim_catch_em_all)
[8.474s] INFO:colcon.colcon_core.shell:Creating package script '/home/atharva/Learning_ROS2/install/turtlesim_catch_em_all/share/turtlesim_catch_em_all/package.ps1'
[8.475s] INFO:colcon.colcon_core.shell:Creating package descriptor '/home/atharva/Learning_ROS2/install/turtlesim_catch_em_all/share/turtlesim_catch_em_all/package.dsv'
[8.476s] INFO:colcon.colcon_core.shell:Creating package script '/home/atharva/Learning_ROS2/install/turtlesim_catch_em_all/share/turtlesim_catch_em_all/package.sh'
[8.477s] INFO:colcon.colcon_core.shell:Creating package script '/home/atharva/Learning_ROS2/install/turtlesim_catch_em_all/share/turtlesim_catch_em_all/package.bash'
[8.477s] INFO:colcon.colcon_core.shell:Creating package script '/home/atharva/Learning_ROS2/install/turtlesim_catch_em_all/share/turtlesim_catch_em_all/package.zsh'
[8.478s] Level 1:colcon.colcon_core.environment:create_file_with_runtime_dependencies(/home/atharva/Learning_ROS2/install/turtlesim_catch_em_all/share/colcon-core/packages/turtlesim_catch_em_all)
[8.480s] Level 1:colcon.colcon_core.shell:create_environment_hook('my_py_pkg', 'pythonpath_develop')
[8.481s] DEBUG:colcon.colcon_core.event_handler.log_command:Invoked command in '/home/atharva/Learning_ROS2/build/my_py_pkg' returned '0': AMENT_PREFIX_PATH=/home/atharva/Learning_ROS2/install/my_robot_interfaces:${AMENT_PREFIX_PATH} CMAKE_PREFIX_PATH=/home/atharva/Learning_ROS2/install/my_robot_interfaces:${CMAKE_PREFIX_PATH} LD_LIBRARY_PATH=/home/atharva/Learning_ROS2/install/my_robot_interfaces/lib:${LD_LIBRARY_PATH} PYTHONPATH=/home/atharva/Learning_ROS2/build/my_py_pkg/prefix_override:/home/atharva/Learning_ROS2/install/my_py_pkg/lib/python3.10/site-packages:/home/atharva/Learning_ROS2/install/my_robot_interfaces/local/lib/python3.10/dist-packages:${PYTHONPATH} /usr/bin/python3 setup.py develop --editable --build-directory /home/atharva/Learning_ROS2/build/my_py_pkg/build --no-deps install_data
[8.516s] INFO:colcon.colcon_core.shell:Creating environment hook '/home/atharva/Learning_ROS2/build/my_py_pkg/share/my_py_pkg/hook/pythonpath_develop.ps1'
[8.517s] INFO:colcon.colcon_core.shell:Creating environment descriptor '/home/atharva/Learning_ROS2/build/my_py_pkg/share/my_py_pkg/hook/pythonpath_develop.dsv'
[8.518s] INFO:colcon.colcon_core.shell:Creating environment hook '/home/atharva/Learning_ROS2/build/my_py_pkg/share/my_py_pkg/hook/pythonpath_develop.sh'
[8.554s] Level 1:colcon.colcon_core.environment:checking '/home/atharva/Learning_ROS2/install/my_py_pkg' for CMake module files
[8.556s] Level 1:colcon.colcon_core.environment:checking '/home/atharva/Learning_ROS2/install/my_py_pkg' for CMake config files
[8.557s] Level 1:colcon.colcon_core.environment:checking '/home/atharva/Learning_ROS2/install/my_py_pkg/lib'
[8.557s] Level 1:colcon.colcon_core.environment:checking '/home/atharva/Learning_ROS2/install/my_py_pkg/bin'
[8.559s] Level 1:colcon.colcon_core.environment:checking '/home/atharva/Learning_ROS2/install/my_py_pkg/lib/pkgconfig/my_py_pkg.pc'
[8.560s] Level 1:colcon.colcon_core.environment:checking '/home/atharva/Learning_ROS2/install/my_py_pkg/lib/python3.10/site-packages'
[8.560s] Level 1:colcon.colcon_core.shell:create_environment_hook('my_py_pkg', 'pythonpath')
[8.595s] INFO:colcon.colcon_core.shell:Creating environment hook '/home/atharva/Learning_ROS2/install/my_py_pkg/share/my_py_pkg/hook/pythonpath.ps1'
[8.596s] INFO:colcon.colcon_core.shell:Creating environment descriptor '/home/atharva/Learning_ROS2/install/my_py_pkg/share/my_py_pkg/hook/pythonpath.dsv'
[8.598s] INFO:colcon.colcon_core.shell:Creating environment hook '/home/atharva/Learning_ROS2/install/my_py_pkg/share/my_py_pkg/hook/pythonpath.sh'
[8.599s] Level 1:colcon.colcon_core.environment:checking '/home/atharva/Learning_ROS2/install/my_py_pkg/bin'
[8.599s] Level 1:colcon.colcon_core.environment:create_environment_scripts_only(my_py_pkg)
[8.637s] INFO:colcon.colcon_core.shell:Creating package script '/home/atharva/Learning_ROS2/install/my_py_pkg/share/my_py_pkg/package.ps1'
[8.638s] INFO:colcon.colcon_core.shell:Creating package descriptor '/home/atharva/Learning_ROS2/install/my_py_pkg/share/my_py_pkg/package.dsv'
[8.640s] INFO:colcon.colcon_core.shell:Creating package script '/home/atharva/Learning_ROS2/install/my_py_pkg/share/my_py_pkg/package.sh'
[8.641s] INFO:colcon.colcon_core.shell:Creating package script '/home/atharva/Learning_ROS2/install/my_py_pkg/share/my_py_pkg/package.bash'
[8.642s] INFO:colcon.colcon_core.shell:Creating package script '/home/atharva/Learning_ROS2/install/my_py_pkg/share/my_py_pkg/package.zsh'
[8.643s] Level 1:colcon.colcon_core.environment:create_file_with_runtime_dependencies(/home/atharva/Learning_ROS2/install/my_py_pkg/share/colcon-core/packages/my_py_pkg)
[8.643s] INFO:colcon.colcon_ros.task.ament_cmake.build:Building ROS package in '/home/atharva/Learning_ROS2/ros2_ws/src/my_robot_bringup' with build type 'ament_cmake'
[8.644s] INFO:colcon.colcon_cmake.task.cmake.build:Building CMake package in '/home/atharva/Learning_ROS2/ros2_ws/src/my_robot_bringup'
[8.686s] INFO:colcon.colcon_core.shell:Skip shell extension 'powershell' for command environment: Not usable outside of PowerShell
[8.686s] DEBUG:colcon.colcon_core.shell:Skip shell extension 'dsv' for command environment
[8.828s] INFO:colcon.colcon_ros.task.ament_cmake.build:Building ROS package in '/home/atharva/Learning_ROS2/ros2_ws/src/radio_station_bringup' with build type 'ament_cmake'
[8.828s] INFO:colcon.colcon_cmake.task.cmake.build:Building CMake package in '/home/atharva/Learning_ROS2/ros2_ws/src/radio_station_bringup'
[8.864s] INFO:colcon.colcon_core.shell:Skip shell extension 'powershell' for command environment: Not usable outside of PowerShell
[8.864s] DEBUG:colcon.colcon_core.shell:Skip shell extension 'dsv' for command environment
[8.995s] DEBUG:colcon.colcon_core.event_handler.log_command:Invoking command in '/home/atharva/Learning_ROS2/build/my_robot_bringup': AMENT_PREFIX_PATH=/home/atharva/Learning_ROS2/install/my_py_pkg:/home/atharva/Learning_ROS2/install/my_robot_interfaces:/home/atharva/Learning_ROS2/ros2_ws/install/my_robot_interfaces:/home/atharva/Learning_ROS2/ros2_ws/install/turtlesim_catch_em_all:/home/atharva/Learning_ROS2/ros2_ws/install/radio_station_bringup:/home/atharva/Learning_ROS2/ros2_ws/install/my_robot_bringup:/home/atharva/Learning_ROS2/ros2_ws/install/my_py_pkg:/home/atharva/Learning_ROS2/ros2_ws/install/my_robot_gazebo_bringup:/home/atharva/Learning_ROS2/ros2_ws/install/my_robot_description:/opt/ros/humble CMAKE_PREFIX_PATH=/home/atharva/Learning_ROS2/install/my_robot_interfaces:/home/atharva/ros2_ws/install/my_robot_gazebo_bringup:/home/atharva/ros2_ws/install/my_robot_description:/home/atharva/Learning_ROS2/ros2_ws/install/radio_station_bringup:/home/atharva/Learning_ROS2/ros2_ws/install/my_robot_bringup:/home/atharva/Learning_ROS2/ros2_ws/install/my_robot_interfaces:/home/atharva/Learning_ROS2/ros2_ws/install/my_robot_gazebo_bringup:/home/atharva/Learning_ROS2/ros2_ws/install/my_robot_description:/home/atharva/Learning_ROS2/ros2_ws/install/turtlesim_catch_em_all:/home/atharva/Learning_ROS2/ros2_ws/install/my_py_pkg:/opt/ros/humble: LD_LIBRARY_PATH=/home/atharva/Learning_ROS2/install/my_robot_interfaces/lib:${LD_LIBRARY_PATH} PYTHONPATH=/home/atharva/Learning_ROS2/build/my_py_pkg:/home/atharva/Learning_ROS2/install/my_py_pkg/lib/python3.10/site-packages:/home/atharva/Learning_ROS2/install/my_robot_interfaces/local/lib/python3.10/dist-packages:${PYTHONPATH} /usr/bin/cmake --build /home/atharva/Learning_ROS2/build/my_robot_bringup -- -j4 -l4
[9.007s] DEBUG:colcon.colcon_core.event_handler.log_command:Invoking command in '/home/atharva/Learning_ROS2/build/radio_station_bringup': AMENT_PREFIX_PATH=/home/atharva/Learning_ROS2/install/my_py_pkg:/home/atharva/Learning_ROS2/install/my_robot_interfaces:/home/atharva/Learning_ROS2/ros2_ws/install/my_robot_interfaces:/home/atharva/Learning_ROS2/ros2_ws/install/turtlesim_catch_em_all:/home/atharva/Learning_ROS2/ros2_ws/install/radio_station_bringup:/home/atharva/Learning_ROS2/ros2_ws/install/my_robot_bringup:/home/atharva/Learning_ROS2/ros2_ws/install/my_py_pkg:/home/atharva/Learning_ROS2/ros2_ws/install/my_robot_gazebo_bringup:/home/atharva/Learning_ROS2/ros2_ws/install/my_robot_description:/opt/ros/humble CMAKE_PREFIX_PATH=/home/atharva/Learning_ROS2/install/my_robot_interfaces:/home/atharva/ros2_ws/install/my_robot_gazebo_bringup:/home/atharva/ros2_ws/install/my_robot_description:/home/atharva/Learning_ROS2/ros2_ws/install/radio_station_bringup:/home/atharva/Learning_ROS2/ros2_ws/install/my_robot_bringup:/home/atharva/Learning_ROS2/ros2_ws/install/my_robot_interfaces:/home/atharva/Learning_ROS2/ros2_ws/install/my_robot_gazebo_bringup:/home/atharva/Learning_ROS2/ros2_ws/install/my_robot_description:/home/atharva/Learning_ROS2/ros2_ws/install/turtlesim_catch_em_all:/home/atharva/Learning_ROS2/ros2_ws/install/my_py_pkg:/opt/ros/humble: LD_LIBRARY_PATH=/home/atharva/Learning_ROS2/install/my_robot_interfaces/lib:${LD_LIBRARY_PATH} PYTHONPATH=/home/atharva/Learning_ROS2/build/my_py_pkg:/home/atharva/Learning_ROS2/install/my_py_pkg/lib/python3.10/site-packages:/home/atharva/Learning_ROS2/install/my_robot_interfaces/local/lib/python3.10/dist-packages:${PYTHONPATH} /usr/bin/cmake --build /home/atharva/Learning_ROS2/build/radio_station_bringup -- -j4 -l4
[9.056s] DEBUG:colcon.colcon_core.event_handler.log_command:Invoked command in '/home/atharva/Learning_ROS2/build/my_robot_bringup' returned '0': AMENT_PREFIX_PATH=/home/atharva/Learning_ROS2/install/my_py_pkg:/home/atharva/Learning_ROS2/install/my_robot_interfaces:/home/atharva/Learning_ROS2/ros2_ws/install/my_robot_interfaces:/home/atharva/Learning_ROS2/ros2_ws/install/turtlesim_catch_em_all:/home/atharva/Learning_ROS2/ros2_ws/install/radio_station_bringup:/home/atharva/Learning_ROS2/ros2_ws/install/my_robot_bringup:/home/atharva/Learning_ROS2/ros2_ws/install/my_py_pkg:/home/atharva/Learning_ROS2/ros2_ws/install/my_robot_gazebo_bringup:/home/atharva/Learning_ROS2/ros2_ws/install/my_robot_description:/opt/ros/humble CMAKE_PREFIX_PATH=/home/atharva/Learning_ROS2/install/my_robot_interfaces:/home/atharva/ros2_ws/install/my_robot_gazebo_bringup:/home/atharva/ros2_ws/install/my_robot_description:/home/atharva/Learning_ROS2/ros2_ws/install/radio_station_bringup:/home/atharva/Learning_ROS2/ros2_ws/install/my_robot_bringup:/home/atharva/Learning_ROS2/ros2_ws/install/my_robot_interfaces:/home/atharva/Learning_ROS2/ros2_ws/install/my_robot_gazebo_bringup:/home/atharva/Learning_ROS2/ros2_ws/install/my_robot_description:/home/atharva/Learning_ROS2/ros2_ws/install/turtlesim_catch_em_all:/home/atharva/Learning_ROS2/ros2_ws/install/my_py_pkg:/opt/ros/humble: LD_LIBRARY_PATH=/home/atharva/Learning_ROS2/install/my_robot_interfaces/lib:${LD_LIBRARY_PATH} PYTHONPATH=/home/atharva/Learning_ROS2/build/my_py_pkg:/home/atharva/Learning_ROS2/install/my_py_pkg/lib/python3.10/site-packages:/home/atharva/Learning_ROS2/install/my_robot_interfaces/local/lib/python3.10/dist-packages:${PYTHONPATH} /usr/bin/cmake --build /home/atharva/Learning_ROS2/build/my_robot_bringup -- -j4 -l4
[9.064s] DEBUG:colcon.colcon_core.event_handler.log_command:Invoked command in '/home/atharva/Learning_ROS2/build/radio_station_bringup' returned '0': AMENT_PREFIX_PATH=/home/atharva/Learning_ROS2/install/my_py_pkg:/home/atharva/Learning_ROS2/install/my_robot_interfaces:/home/atharva/Learning_ROS2/ros2_ws/install/my_robot_interfaces:/home/atharva/Learning_ROS2/ros2_ws/install/turtlesim_catch_em_all:/home/atharva/Learning_ROS2/ros2_ws/install/radio_station_bringup:/home/atharva/Learning_ROS2/ros2_ws/install/my_robot_bringup:/home/atharva/Learning_ROS2/ros2_ws/install/my_py_pkg:/home/atharva/Learning_ROS2/ros2_ws/install/my_robot_gazebo_bringup:/home/atharva/Learning_ROS2/ros2_ws/install/my_robot_description:/opt/ros/humble CMAKE_PREFIX_PATH=/home/atharva/Learning_ROS2/install/my_robot_interfaces:/home/atharva/ros2_ws/install/my_robot_gazebo_bringup:/home/atharva/ros2_ws/install/my_robot_description:/home/atharva/Learning_ROS2/ros2_ws/install/radio_station_bringup:/home/atharva/Learning_ROS2/ros2_ws/install/my_robot_bringup:/home/atharva/Learning_ROS2/ros2_ws/install/my_robot_interfaces:/home/atharva/Learning_ROS2/ros2_ws/install/my_robot_gazebo_bringup:/home/atharva/Learning_ROS2/ros2_ws/install/my_robot_description:/home/atharva/Learning_ROS2/ros2_ws/install/turtlesim_catch_em_all:/home/atharva/Learning_ROS2/ros2_ws/install/my_py_pkg:/opt/ros/humble: LD_LIBRARY_PATH=/home/atharva/Learning_ROS2/install/my_robot_interfaces/lib:${LD_LIBRARY_PATH} PYTHONPATH=/home/atharva/Learning_ROS2/build/my_py_pkg:/home/atharva/Learning_ROS2/install/my_py_pkg/lib/python3.10/site-packages:/home/atharva/Learning_ROS2/install/my_robot_interfaces/local/lib/python3.10/dist-packages:${PYTHONPATH} /usr/bin/cmake --build /home/atharva/Learning_ROS2/build/radio_station_bringup -- -j4 -l4
[9.089s] DEBUG:colcon.colcon_core.event_handler.log_command:Invoking command in '/home/atharva/Learning_ROS2/build/my_robot_bringup': AMENT_PREFIX_PATH=/home/atharva/Learning_ROS2/install/my_py_pkg:/home/atharva/Learning_ROS2/install/my_robot_interfaces:/home/atharva/Learning_ROS2/ros2_ws/install/my_robot_interfaces:/home/atharva/Learning_ROS2/ros2_ws/install/turtlesim_catch_em_all:/home/atharva/Learning_ROS2/ros2_ws/install/radio_station_bringup:/home/atharva/Learning_ROS2/ros2_ws/install/my_robot_bringup:/home/atharva/Learning_ROS2/ros2_ws/install/my_py_pkg:/home/atharva/Learning_ROS2/ros2_ws/install/my_robot_gazebo_bringup:/home/atharva/Learning_ROS2/ros2_ws/install/my_robot_description:/opt/ros/humble CMAKE_PREFIX_PATH=/home/atharva/Learning_ROS2/install/my_robot_interfaces:/home/atharva/ros2_ws/install/my_robot_gazebo_bringup:/home/atharva/ros2_ws/install/my_robot_description:/home/atharva/Learning_ROS2/ros2_ws/install/radio_station_bringup:/home/atharva/Learning_ROS2/ros2_ws/install/my_robot_bringup:/home/atharva/Learning_ROS2/ros2_ws/install/my_robot_interfaces:/home/atharva/Learning_ROS2/ros2_ws/install/my_robot_gazebo_bringup:/home/atharva/Learning_ROS2/ros2_ws/install/my_robot_description:/home/atharva/Learning_ROS2/ros2_ws/install/turtlesim_catch_em_all:/home/atharva/Learning_ROS2/ros2_ws/install/my_py_pkg:/opt/ros/humble: LD_LIBRARY_PATH=/home/atharva/Learning_ROS2/install/my_robot_interfaces/lib:${LD_LIBRARY_PATH} PYTHONPATH=/home/atharva/Learning_ROS2/build/my_py_pkg:/home/atharva/Learning_ROS2/install/my_py_pkg/lib/python3.10/site-packages:/home/atharva/Learning_ROS2/install/my_robot_interfaces/local/lib/python3.10/dist-packages:${PYTHONPATH} /usr/bin/cmake --install /home/atharva/Learning_ROS2/build/my_robot_bringup
[9.099s] DEBUG:colcon.colcon_core.event_handler.log_command:Invoking command in '/home/atharva/Learning_ROS2/build/radio_station_bringup': AMENT_PREFIX_PATH=/home/atharva/Learning_ROS2/install/my_py_pkg:/home/atharva/Learning_ROS2/install/my_robot_interfaces:/home/atharva/Learning_ROS2/ros2_ws/install/my_robot_interfaces:/home/atharva/Learning_ROS2/ros2_ws/install/turtlesim_catch_em_all:/home/atharva/Learning_ROS2/ros2_ws/install/radio_station_bringup:/home/atharva/Learning_ROS2/ros2_ws/install/my_robot_bringup:/home/atharva/Learning_ROS2/ros2_ws/install/my_py_pkg:/home/atharva/Learning_ROS2/ros2_ws/install/my_robot_gazebo_bringup:/home/atharva/Learning_ROS2/ros2_ws/install/my_robot_description:/opt/ros/humble CMAKE_PREFIX_PATH=/home/atharva/Learning_ROS2/install/my_robot_interfaces:/home/atharva/ros2_ws/install/my_robot_gazebo_bringup:/home/atharva/ros2_ws/install/my_robot_description:/home/atharva/Learning_ROS2/ros2_ws/install/radio_station_bringup:/home/atharva/Learning_ROS2/ros2_ws/install/my_robot_bringup:/home/atharva/Learning_ROS2/ros2_ws/install/my_robot_interfaces:/home/atharva/Learning_ROS2/ros2_ws/install/my_robot_gazebo_bringup:/home/atharva/Learning_ROS2/ros2_ws/install/my_robot_description:/home/atharva/Learning_ROS2/ros2_ws/install/turtlesim_catch_em_all:/home/atharva/Learning_ROS2/ros2_ws/install/my_py_pkg:/opt/ros/humble: LD_LIBRARY_PATH=/home/atharva/Learning_ROS2/install/my_robot_interfaces/lib:${LD_LIBRARY_PATH} PYTHONPATH=/home/atharva/Learning_ROS2/build/my_py_pkg:/home/atharva/Learning_ROS2/install/my_py_pkg/lib/python3.10/site-packages:/home/atharva/Learning_ROS2/install/my_robot_interfaces/local/lib/python3.10/dist-packages:${PYTHONPATH} /usr/bin/cmake --install /home/atharva/Learning_ROS2/build/radio_station_bringup
[9.124s] Level 1:colcon.colcon_core.environment:create_environment_scripts_only(my_robot_bringup)
[9.127s] DEBUG:colcon.colcon_core.event_handler.log_command:Invoked command in '/home/atharva/Learning_ROS2/build/my_robot_bringup' returned '0': AMENT_PREFIX_PATH=/home/atharva/Learning_ROS2/install/my_py_pkg:/home/atharva/Learning_ROS2/install/my_robot_interfaces:/home/atharva/Learning_ROS2/ros2_ws/install/my_robot_interfaces:/home/atharva/Learning_ROS2/ros2_ws/install/turtlesim_catch_em_all:/home/atharva/Learning_ROS2/ros2_ws/install/radio_station_bringup:/home/atharva/Learning_ROS2/ros2_ws/install/my_robot_bringup:/home/atharva/Learning_ROS2/ros2_ws/install/my_py_pkg:/home/atharva/Learning_ROS2/ros2_ws/install/my_robot_gazebo_bringup:/home/atharva/Learning_ROS2/ros2_ws/install/my_robot_description:/opt/ros/humble CMAKE_PREFIX_PATH=/home/atharva/Learning_ROS2/install/my_robot_interfaces:/home/atharva/ros2_ws/install/my_robot_gazebo_bringup:/home/atharva/ros2_ws/install/my_robot_description:/home/atharva/Learning_ROS2/ros2_ws/install/radio_station_bringup:/home/atharva/Learning_ROS2/ros2_ws/install/my_robot_bringup:/home/atharva/Learning_ROS2/ros2_ws/install/my_robot_interfaces:/home/atharva/Learning_ROS2/ros2_ws/install/my_robot_gazebo_bringup:/home/atharva/Learning_ROS2/ros2_ws/install/my_robot_description:/home/atharva/Learning_ROS2/ros2_ws/install/turtlesim_catch_em_all:/home/atharva/Learning_ROS2/ros2_ws/install/my_py_pkg:/opt/ros/humble: LD_LIBRARY_PATH=/home/atharva/Learning_ROS2/install/my_robot_interfaces/lib:${LD_LIBRARY_PATH} PYTHONPATH=/home/atharva/Learning_ROS2/build/my_py_pkg:/home/atharva/Learning_ROS2/install/my_py_pkg/lib/python3.10/site-packages:/home/atharva/Learning_ROS2/install/my_robot_interfaces/local/lib/python3.10/dist-packages:${PYTHONPATH} /usr/bin/cmake --install /home/atharva/Learning_ROS2/build/my_robot_bringup
[9.165s] Level 1:colcon.colcon_core.environment:checking '/home/atharva/Learning_ROS2/install/my_robot_bringup' for CMake module files
[9.167s] Level 1:colcon.colcon_core.environment:checking '/home/atharva/Learning_ROS2/install/my_robot_bringup' for CMake config files
[9.167s] Level 1:colcon.colcon_core.shell:create_environment_hook('my_robot_bringup', 'cmake_prefix_path')
[9.203s] INFO:colcon.colcon_core.shell:Creating environment hook '/home/atharva/Learning_ROS2/install/my_robot_bringup/share/my_robot_bringup/hook/cmake_prefix_path.ps1'
[9.204s] INFO:colcon.colcon_core.shell:Creating environment descriptor '/home/atharva/Learning_ROS2/install/my_robot_bringup/share/my_robot_bringup/hook/cmake_prefix_path.dsv'
[9.205s] INFO:colcon.colcon_core.shell:Creating environment hook '/home/atharva/Learning_ROS2/install/my_robot_bringup/share/my_robot_bringup/hook/cmake_prefix_path.sh'
[9.206s] Level 1:colcon.colcon_core.environment:checking '/home/atharva/Learning_ROS2/install/my_robot_bringup/bin'
[9.207s] Level 1:colcon.colcon_core.environment:checking '/home/atharva/Learning_ROS2/install/my_robot_bringup/lib/pkgconfig/my_robot_bringup.pc'
[9.207s] Level 1:colcon.colcon_core.environment:checking '/home/atharva/Learning_ROS2/install/my_robot_bringup/lib/python3.10/site-packages'
[9.207s] Level 1:colcon.colcon_core.environment:checking '/home/atharva/Learning_ROS2/install/my_robot_bringup/bin'
[9.236s] INFO:colcon.colcon_core.shell:Creating package script '/home/atharva/Learning_ROS2/install/my_robot_bringup/share/my_robot_bringup/package.ps1'
[9.237s] INFO:colcon.colcon_core.shell:Creating package descriptor '/home/atharva/Learning_ROS2/install/my_robot_bringup/share/my_robot_bringup/package.dsv'
[9.238s] INFO:colcon.colcon_core.shell:Creating package script '/home/atharva/Learning_ROS2/install/my_robot_bringup/share/my_robot_bringup/package.sh'
[9.238s] INFO:colcon.colcon_core.shell:Creating package script '/home/atharva/Learning_ROS2/install/my_robot_bringup/share/my_robot_bringup/package.bash'
[9.239s] INFO:colcon.colcon_core.shell:Creating package script '/home/atharva/Learning_ROS2/install/my_robot_bringup/share/my_robot_bringup/package.zsh'
[9.240s] Level 1:colcon.colcon_core.environment:create_file_with_runtime_dependencies(/home/atharva/Learning_ROS2/install/my_robot_bringup/share/colcon-core/packages/my_robot_bringup)
[9.243s] Level 1:colcon.colcon_core.environment:create_environment_scripts_only(radio_station_bringup)
[9.243s] DEBUG:colcon.colcon_core.event_handler.log_command:Invoked command in '/home/atharva/Learning_ROS2/build/radio_station_bringup' returned '0': AMENT_PREFIX_PATH=/home/atharva/Learning_ROS2/install/my_py_pkg:/home/atharva/Learning_ROS2/install/my_robot_interfaces:/home/atharva/Learning_ROS2/ros2_ws/install/my_robot_interfaces:/home/atharva/Learning_ROS2/ros2_ws/install/turtlesim_catch_em_all:/home/atharva/Learning_ROS2/ros2_ws/install/radio_station_bringup:/home/atharva/Learning_ROS2/ros2_ws/install/my_robot_bringup:/home/atharva/Learning_ROS2/ros2_ws/install/my_py_pkg:/home/atharva/Learning_ROS2/ros2_ws/install/my_robot_gazebo_bringup:/home/atharva/Learning_ROS2/ros2_ws/install/my_robot_description:/opt/ros/humble CMAKE_PREFIX_PATH=/home/atharva/Learning_ROS2/install/my_robot_interfaces:/home/atharva/ros2_ws/install/my_robot_gazebo_bringup:/home/atharva/ros2_ws/install/my_robot_description:/home/atharva/Learning_ROS2/ros2_ws/install/radio_station_bringup:/home/atharva/Learning_ROS2/ros2_ws/install/my_robot_bringup:/home/atharva/Learning_ROS2/ros2_ws/install/my_robot_interfaces:/home/atharva/Learning_ROS2/ros2_ws/install/my_robot_gazebo_bringup:/home/atharva/Learning_ROS2/ros2_ws/install/my_robot_description:/home/atharva/Learning_ROS2/ros2_ws/install/turtlesim_catch_em_all:/home/atharva/Learning_ROS2/ros2_ws/install/my_py_pkg:/opt/ros/humble: LD_LIBRARY_PATH=/home/atharva/Learning_ROS2/install/my_robot_interfaces/lib:${LD_LIBRARY_PATH} PYTHONPATH=/home/atharva/Learning_ROS2/build/my_py_pkg:/home/atharva/Learning_ROS2/install/my_py_pkg/lib/python3.10/site-packages:/home/atharva/Learning_ROS2/install/my_robot_interfaces/local/lib/python3.10/dist-packages:${PYTHONPATH} /usr/bin/cmake --install /home/atharva/Learning_ROS2/build/radio_station_bringup
[9.280s] Level 1:colcon.colcon_core.environment:checking '/home/atharva/Learning_ROS2/install/radio_station_bringup' for CMake module files
[9.281s] Level 1:colcon.colcon_core.environment:checking '/home/atharva/Learning_ROS2/install/radio_station_bringup' for CMake config files
[9.282s] Level 1:colcon.colcon_core.shell:create_environment_hook('radio_station_bringup', 'cmake_prefix_path')
[9.320s] INFO:colcon.colcon_core.shell:Creating environment hook '/home/atharva/Learning_ROS2/install/radio_station_bringup/share/radio_station_bringup/hook/cmake_prefix_path.ps1'
[9.321s] INFO:colcon.colcon_core.shell:Creating environment descriptor '/home/atharva/Learning_ROS2/install/radio_station_bringup/share/radio_station_bringup/hook/cmake_prefix_path.dsv'
[9.322s] INFO:colcon.colcon_core.shell:Creating environment hook '/home/atharva/Learning_ROS2/install/radio_station_bringup/share/radio_station_bringup/hook/cmake_prefix_path.sh'
[9.323s] Level 1:colcon.colcon_core.environment:checking '/home/atharva/Learning_ROS2/install/radio_station_bringup/bin'
[9.324s] Level 1:colcon.colcon_core.environment:checking '/home/atharva/Learning_ROS2/install/radio_station_bringup/lib/pkgconfig/radio_station_bringup.pc'
[9.324s] Level 1:colcon.colcon_core.environment:checking '/home/atharva/Learning_ROS2/install/radio_station_bringup/lib/python3.10/site-packages'
[9.325s] Level 1:colcon.colcon_core.environment:checking '/home/atharva/Learning_ROS2/install/radio_station_bringup/bin'
[9.356s] INFO:colcon.colcon_core.shell:Creating package script '/home/atharva/Learning_ROS2/install/radio_station_bringup/share/radio_station_bringup/package.ps1'
[9.357s] INFO:colcon.colcon_core.shell:Creating package descriptor '/home/atharva/Learning_ROS2/install/radio_station_bringup/share/radio_station_bringup/package.dsv'
[9.358s] INFO:colcon.colcon_core.shell:Creating package script '/home/atharva/Learning_ROS2/install/radio_station_bringup/share/radio_station_bringup/package.sh'
[9.358s] INFO:colcon.colcon_core.shell:Creating package script '/home/atharva/Learning_ROS2/install/radio_station_bringup/share/radio_station_bringup/package.bash'
[9.359s] INFO:colcon.colcon_core.shell:Creating package script '/home/atharva/Learning_ROS2/install/radio_station_bringup/share/radio_station_bringup/package.zsh'
[9.359s] Level 1:colcon.colcon_core.environment:create_file_with_runtime_dependencies(/home/atharva/Learning_ROS2/install/radio_station_bringup/share/colcon-core/packages/radio_station_bringup)
[9.388s] Level 1:colcon.colcon_core.environment:create_environment_scripts_only(my_robot_bringup)
[9.415s] Level 1:colcon.colcon_core.environment:checking '/home/atharva/Learning_ROS2/install/my_robot_bringup' for CMake module files
[9.416s] Level 1:colcon.colcon_core.environment:checking '/home/atharva/Learning_ROS2/install/my_robot_bringup' for CMake config files
[9.416s] Level 1:colcon.colcon_core.shell:create_environment_hook('my_robot_bringup', 'cmake_prefix_path')
[9.444s] INFO:colcon.colcon_core.shell:Creating environment hook '/home/atharva/Learning_ROS2/install/my_robot_bringup/share/my_robot_bringup/hook/cmake_prefix_path.ps1'
[9.445s] INFO:colcon.colcon_core.shell:Creating environment descriptor '/home/atharva/Learning_ROS2/install/my_robot_bringup/share/my_robot_bringup/hook/cmake_prefix_path.dsv'
[9.445s] INFO:colcon.colcon_core.shell:Creating environment hook '/home/atharva/Learning_ROS2/install/my_robot_bringup/share/my_robot_bringup/hook/cmake_prefix_path.sh'
[9.446s] Level 1:colcon.colcon_core.environment:checking '/home/atharva/Learning_ROS2/install/my_robot_bringup/bin'
[9.446s] Level 1:colcon.colcon_core.environment:checking '/home/atharva/Learning_ROS2/install/my_robot_bringup/lib/pkgconfig/my_robot_bringup.pc'
[9.446s] Level 1:colcon.colcon_core.environment:checking '/home/atharva/Learning_ROS2/install/my_robot_bringup/lib/python3.10/site-packages'
[9.446s] Level 1:colcon.colcon_core.environment:checking '/home/atharva/Learning_ROS2/install/my_robot_bringup/bin'
[9.472s] INFO:colcon.colcon_core.shell:Creating package script '/home/atharva/Learning_ROS2/install/my_robot_bringup/share/my_robot_bringup/package.ps1'
[9.473s] INFO:colcon.colcon_core.shell:Creating package descriptor '/home/atharva/Learning_ROS2/install/my_robot_bringup/share/my_robot_bringup/package.dsv'
[9.474s] INFO:colcon.colcon_core.shell:Creating package script '/home/atharva/Learning_ROS2/install/my_robot_bringup/share/my_robot_bringup/package.sh'
[9.474s] INFO:colcon.colcon_core.shell:Creating package script '/home/atharva/Learning_ROS2/install/my_robot_bringup/share/my_robot_bringup/package.bash'
[9.475s] INFO:colcon.colcon_core.shell:Creating package script '/home/atharva/Learning_ROS2/install/my_robot_bringup/share/my_robot_bringup/package.zsh'
[9.476s] Level 1:colcon.colcon_core.environment:create_file_with_runtime_dependencies(/home/atharva/Learning_ROS2/install/my_robot_bringup/share/colcon-core/packages/my_robot_bringup)
[9.501s] Level 1:colcon.colcon_core.environment:create_environment_scripts_only(radio_station_bringup)
[9.527s] Level 1:colcon.colcon_core.environment:checking '/home/atharva/Learning_ROS2/install/radio_station_bringup' for CMake module files
[9.528s] Level 1:colcon.colcon_core.environment:checking '/home/atharva/Learning_ROS2/install/radio_station_bringup' for CMake config files
[9.528s] Level 1:colcon.colcon_core.shell:create_environment_hook('radio_station_bringup', 'cmake_prefix_path')
[9.554s] INFO:colcon.colcon_core.shell:Creating environment hook '/home/atharva/Learning_ROS2/install/radio_station_bringup/share/radio_station_bringup/hook/cmake_prefix_path.ps1'
[9.555s] INFO:colcon.colcon_core.shell:Creating environment descriptor '/home/atharva/Learning_ROS2/install/radio_station_bringup/share/radio_station_bringup/hook/cmake_prefix_path.dsv'
[9.556s] INFO:colcon.colcon_core.shell:Creating environment hook '/home/atharva/Learning_ROS2/install/radio_station_bringup/share/radio_station_bringup/hook/cmake_prefix_path.sh'
[9.557s] Level 1:colcon.colcon_core.environment:checking '/home/atharva/Learning_ROS2/install/radio_station_bringup/bin'
[9.557s] Level 1:colcon.colcon_core.environment:checking '/home/atharva/Learning_ROS2/install/radio_station_bringup/lib/pkgconfig/radio_station_bringup.pc'
[9.558s] Level 1:colcon.colcon_core.environment:checking '/home/atharva/Learning_ROS2/install/radio_station_bringup/lib/python3.10/site-packages'
[9.558s] Level 1:colcon.colcon_core.environment:checking '/home/atharva/Learning_ROS2/install/radio_station_bringup/bin'
[9.586s] INFO:colcon.colcon_core.shell:Creating package script '/home/atharva/Learning_ROS2/install/radio_station_bringup/share/radio_station_bringup/package.ps1'
[9.586s] INFO:colcon.colcon_core.shell:Creating package descriptor '/home/atharva/Learning_ROS2/install/radio_station_bringup/share/radio_station_bringup/package.dsv'
[9.587s] INFO:colcon.colcon_core.shell:Creating package script '/home/atharva/Learning_ROS2/install/radio_station_bringup/share/radio_station_bringup/package.sh'
[9.588s] INFO:colcon.colcon_core.shell:Creating package script '/home/atharva/Learning_ROS2/install/radio_station_bringup/share/radio_station_bringup/package.bash'
[9.589s] INFO:colcon.colcon_core.shell:Creating package script '/home/atharva/Learning_ROS2/install/radio_station_bringup/share/radio_station_bringup/package.zsh'
[9.589s] Level 1:colcon.colcon_core.environment:create_file_with_runtime_dependencies(/home/atharva/Learning_ROS2/install/radio_station_bringup/share/colcon-core/packages/radio_station_bringup)
[9.590s] DEBUG:colcon.colcon_parallel_executor.executor.parallel:closing loop
[9.590s] DEBUG:colcon.colcon_parallel_executor.executor.parallel:loop closed
[9.591s] DEBUG:colcon.colcon_parallel_executor.executor.parallel:run_until_complete finished with '0'
[9.591s] DEBUG:colcon.colcon_core.event_reactor:joining thread
[9.633s] INFO:colcon.colcon_core.plugin_system:Skipping extension 'colcon_notification.desktop_notification.terminal_notifier': Not used on non-Darwin systems
[9.634s] INFO:colcon.colcon_core.plugin_system:Skipping extension 'colcon_notification.desktop_notification.win32': Not used on non-Windows systems
[9.634s] INFO:colcon.colcon_notification.desktop_notification:Sending desktop notification using 'notify2'
[9.656s] DEBUG:colcon.colcon_core.event_reactor:joined thread
[9.684s] INFO:colcon.colcon_core.shell:Creating prefix script '/home/atharva/Learning_ROS2/install/local_setup.ps1'
[9.685s] INFO:colcon.colcon_core.shell:Creating prefix util module '/home/atharva/Learning_ROS2/install/_local_setup_util_ps1.py'
[9.687s] INFO:colcon.colcon_core.shell:Creating prefix chain script '/home/atharva/Learning_ROS2/install/setup.ps1'
[9.717s] INFO:colcon.colcon_core.shell:Creating prefix script '/home/atharva/Learning_ROS2/install/local_setup.sh'
[9.718s] INFO:colcon.colcon_core.shell:Creating prefix util module '/home/atharva/Learning_ROS2/install/_local_setup_util_sh.py'
[9.718s] INFO:colcon.colcon_core.shell:Creating prefix chain script '/home/atharva/Learning_ROS2/install/setup.sh'
[9.748s] INFO:colcon.colcon_core.shell:Creating prefix script '/home/atharva/Learning_ROS2/install/local_setup.bash'
[9.749s] INFO:colcon.colcon_core.shell:Creating prefix chain script '/home/atharva/Learning_ROS2/install/setup.bash'
[9.785s] INFO:colcon.colcon_core.shell:Creating prefix script '/home/atharva/Learning_ROS2/install/local_setup.zsh'
[9.786s] INFO:colcon.colcon_core.shell:Creating prefix chain script '/home/atharva/Learning_ROS2/install/setup.zsh'
