[0.044s] Invoking command in '/home/atharva/Learning_ROS2/ros2_ws/build/launches': CMAKE_PREFIX_PATH=${CMAKE_PREFIX_PATH}:/home/atharva/Learning_ROS2/ros2_ws/install/turtlesim_catch_em_all:/home/atharva/Learning_ROS2/ros2_ws/install/my_py_pkg:/opt/ros/humble /usr/bin/cmake /home/atharva/Learning_ROS2/ros2_ws/src/autocar/launches -DCMAKE_INSTALL_PREFIX=/home/atharva/Learning_ROS2/ros2_ws/install/launches
[0.049s] -- Found ament_cmake: 1.3.6 (/opt/ros/humble/share/ament_cmake/cmake)
[0.124s] -- Found ament_lint_auto: 0.12.9 (/opt/ros/humble/share/ament_lint_auto/cmake)
[0.166s] -- Configuring done
[0.167s] -- Generating done
[0.167s] -- Build files have been written to: /home/atharva/Learning_ROS2/ros2_ws/build/launches
[0.222s] Invoked command in '/home/atharva/Learning_ROS2/ros2_ws/build/launches' returned '0': CMAKE_PREFIX_PATH=${CMAKE_PREFIX_PATH}:/home/atharva/Learning_ROS2/ros2_ws/install/turtlesim_catch_em_all:/home/atharva/Learning_ROS2/ros2_ws/install/my_py_pkg:/opt/ros/humble /usr/bin/cmake /home/atharva/Learning_ROS2/ros2_ws/src/autocar/launches -DCMAKE_INSTALL_PREFIX=/home/atharva/Learning_ROS2/ros2_ws/install/launches
[0.223s] Invoking command in '/home/atharva/Learning_ROS2/ros2_ws/build/launches': CMAKE_PREFIX_PATH=${CMAKE_PREFIX_PATH}:/home/atharva/Learning_ROS2/ros2_ws/install/turtlesim_catch_em_all:/home/atharva/Learning_ROS2/ros2_ws/install/my_py_pkg:/opt/ros/humble /usr/bin/cmake --build /home/atharva/Learning_ROS2/ros2_ws/build/launches -- -j32 -l32
[0.247s] Invoked command in '/home/atharva/Learning_ROS2/ros2_ws/build/launches' returned '0': CMAKE_PREFIX_PATH=${CMAKE_PREFIX_PATH}:/home/atharva/Learning_ROS2/ros2_ws/install/turtlesim_catch_em_all:/home/atharva/Learning_ROS2/ros2_ws/install/my_py_pkg:/opt/ros/humble /usr/bin/cmake --build /home/atharva/Learning_ROS2/ros2_ws/build/launches -- -j32 -l32
[0.274s] Invoking command in '/home/atharva/Learning_ROS2/ros2_ws/build/launches': CMAKE_PREFIX_PATH=${CMAKE_PREFIX_PATH}:/home/atharva/Learning_ROS2/ros2_ws/install/turtlesim_catch_em_all:/home/atharva/Learning_ROS2/ros2_ws/install/my_py_pkg:/opt/ros/humble /usr/bin/cmake --install /home/atharva/Learning_ROS2/ros2_ws/build/launches
[0.279s] -- Install configuration: ""
[0.279s] -- Installing: /home/atharva/Learning_ROS2/ros2_ws/install/launches/share/launches/launch
[0.279s] -- Installing: /home/atharva/Learning_ROS2/ros2_ws/install/launches/share/launches/launch/click_launch.py
[0.279s] -- Installing: /home/atharva/Learning_ROS2/ros2_ws/install/launches/share/launches/launch/default_launch.py
[0.279s] -- Installing: /home/atharva/Learning_ROS2/ros2_ws/install/launches/share/ament_index/resource_index/package_run_dependencies/launches
[0.280s] -- Installing: /home/atharva/Learning_ROS2/ros2_ws/install/launches/share/ament_index/resource_index/parent_prefix_path/launches
[0.280s] -- Installing: /home/atharva/Learning_ROS2/ros2_ws/install/launches/share/launches/environment/ament_prefix_path.sh
[0.280s] -- Installing: /home/atharva/Learning_ROS2/ros2_ws/install/launches/share/launches/environment/ament_prefix_path.dsv
[0.280s] -- Installing: /home/atharva/Learning_ROS2/ros2_ws/install/launches/share/launches/environment/path.sh
[0.280s] -- Installing: /home/atharva/Learning_ROS2/ros2_ws/install/launches/share/launches/environment/path.dsv
[0.280s] -- Installing: /home/atharva/Learning_ROS2/ros2_ws/install/launches/share/launches/local_setup.bash
[0.280s] -- Installing: /home/atharva/Learning_ROS2/ros2_ws/install/launches/share/launches/local_setup.sh
[0.280s] -- Installing: /home/atharva/Learning_ROS2/ros2_ws/install/launches/share/launches/local_setup.zsh
[0.281s] -- Installing: /home/atharva/Learning_ROS2/ros2_ws/install/launches/share/launches/local_setup.dsv
[0.281s] -- Installing: /home/atharva/Learning_ROS2/ros2_ws/install/launches/share/launches/package.dsv
[0.281s] -- Installing: /home/atharva/Learning_ROS2/ros2_ws/install/launches/share/ament_index/resource_index/packages/launches
[0.281s] -- Installing: /home/atharva/Learning_ROS2/ros2_ws/install/launches/share/launches/cmake/launchesConfig.cmake
[0.281s] -- Installing: /home/atharva/Learning_ROS2/ros2_ws/install/launches/share/launches/cmake/launchesConfig-version.cmake
[0.282s] -- Installing: /home/atharva/Learning_ROS2/ros2_ws/install/launches/share/launches/package.xml
[0.283s] Invoked command in '/home/atharva/Learning_ROS2/ros2_ws/build/launches' returned '0': CMAKE_PREFIX_PATH=${CMAKE_PREFIX_PATH}:/home/atharva/Learning_ROS2/ros2_ws/install/turtlesim_catch_em_all:/home/atharva/Learning_ROS2/ros2_ws/install/my_py_pkg:/opt/ros/humble /usr/bin/cmake --install /home/atharva/Learning_ROS2/ros2_ws/build/launches
