[0.149s] Invoking command in '/home/atharva/Learning_ROS2/ros2_ws/build/my_robot_description': CMAKE_PREFIX_PATH=${CMAKE_PREFIX_PATH}:/home/atharva/Learning_ROS2/ros2_ws/install/turtlesim_catch_em_all:/home/atharva/Learning_ROS2/ros2_ws/install/my_py_pkg:/opt/ros/humble /usr/bin/cmake --build /home/atharva/Learning_ROS2/ros2_ws/build/my_robot_description -- -j4 -l4
[0.199s] Invoked command in '/home/atharva/Learning_ROS2/ros2_ws/build/my_robot_description' returned '0': CMAKE_PREFIX_PATH=${CMAKE_PREFIX_PATH}:/home/atharva/Learning_ROS2/ros2_ws/install/turtlesim_catch_em_all:/home/atharva/Learning_ROS2/ros2_ws/install/my_py_pkg:/opt/ros/humble /usr/bin/cmake --build /home/atharva/Learning_ROS2/ros2_ws/build/my_robot_description -- -j4 -l4
[0.304s] Invoking command in '/home/atharva/Learning_ROS2/ros2_ws/build/my_robot_description': CMAKE_PREFIX_PATH=${CMAKE_PREFIX_PATH}:/home/atharva/Learning_ROS2/ros2_ws/install/turtlesim_catch_em_all:/home/atharva/Learning_ROS2/ros2_ws/install/my_py_pkg:/opt/ros/humble /usr/bin/cmake --install /home/atharva/Learning_ROS2/ros2_ws/build/my_robot_description
[0.318s] -- Install configuration: ""
[0.319s] -- Execute custom install script
[0.319s] -- Up-to-date symlink: /home/atharva/Learning_ROS2/ros2_ws/install/my_robot_description/share/my_robot_description//urdf/common_properties.urdf.xacro
[0.319s] -- Up-to-date symlink: /home/atharva/Learning_ROS2/ros2_ws/install/my_robot_description/share/my_robot_description//urdf/mobile_base.urdf.xacro
[0.320s] -- Up-to-date symlink: /home/atharva/Learning_ROS2/ros2_ws/install/my_robot_description/share/my_robot_description//urdf/my_robot.urdf.xacro
[0.321s] -- Up-to-date symlink: /home/atharva/Learning_ROS2/ros2_ws/install/my_robot_description/share/my_robot_description//launch/display.launch.py
[0.321s] -- Up-to-date symlink: /home/atharva/Learning_ROS2/ros2_ws/install/my_robot_description/share/my_robot_description//launch/display.launch.xml
[0.322s] -- Up-to-date symlink: /home/atharva/Learning_ROS2/ros2_ws/install/my_robot_description/share/my_robot_description//rviz/urdf_config.rviz
[0.322s] -- Up-to-date symlink: /home/atharva/Learning_ROS2/ros2_ws/install/my_robot_description/share/ament_index/resource_index/package_run_dependencies/my_robot_description
[0.323s] -- Up-to-date symlink: /home/atharva/Learning_ROS2/ros2_ws/install/my_robot_description/share/ament_index/resource_index/parent_prefix_path/my_robot_description
[0.324s] -- Up-to-date symlink: /home/atharva/Learning_ROS2/ros2_ws/install/my_robot_description/share/my_robot_description/environment/ament_prefix_path.sh
[0.325s] -- Up-to-date symlink: /home/atharva/Learning_ROS2/ros2_ws/install/my_robot_description/share/my_robot_description/environment/ament_prefix_path.dsv
[0.326s] -- Up-to-date symlink: /home/atharva/Learning_ROS2/ros2_ws/install/my_robot_description/share/my_robot_description/environment/path.sh
[0.326s] -- Up-to-date symlink: /home/atharva/Learning_ROS2/ros2_ws/install/my_robot_description/share/my_robot_description/environment/path.dsv
[0.327s] -- Up-to-date symlink: /home/atharva/Learning_ROS2/ros2_ws/install/my_robot_description/share/my_robot_description/local_setup.bash
[0.328s] -- Up-to-date symlink: /home/atharva/Learning_ROS2/ros2_ws/install/my_robot_description/share/my_robot_description/local_setup.sh
[0.328s] -- Up-to-date symlink: /home/atharva/Learning_ROS2/ros2_ws/install/my_robot_description/share/my_robot_description/local_setup.zsh
[0.329s] -- Up-to-date symlink: /home/atharva/Learning_ROS2/ros2_ws/install/my_robot_description/share/my_robot_description/local_setup.dsv
[0.330s] -- Symlinking: /home/atharva/Learning_ROS2/ros2_ws/install/my_robot_description/share/my_robot_description/package.dsv
[0.346s] -- Up-to-date symlink: /home/atharva/Learning_ROS2/ros2_ws/install/my_robot_description/share/ament_index/resource_index/packages/my_robot_description
[0.346s] -- Up-to-date symlink: /home/atharva/Learning_ROS2/ros2_ws/install/my_robot_description/share/my_robot_description/cmake/my_robot_descriptionConfig.cmake
[0.346s] -- Up-to-date symlink: /home/atharva/Learning_ROS2/ros2_ws/install/my_robot_description/share/my_robot_description/cmake/my_robot_descriptionConfig-version.cmake
[0.347s] -- Up-to-date symlink: /home/atharva/Learning_ROS2/ros2_ws/install/my_robot_description/share/my_robot_description/package.xml
[0.350s] Invoked command in '/home/atharva/Learning_ROS2/ros2_ws/build/my_robot_description' returned '0': CMAKE_PREFIX_PATH=${CMAKE_PREFIX_PATH}:/home/atharva/Learning_ROS2/ros2_ws/install/turtlesim_catch_em_all:/home/atharva/Learning_ROS2/ros2_ws/install/my_py_pkg:/opt/ros/humble /usr/bin/cmake --install /home/atharva/Learning_ROS2/ros2_ws/build/my_robot_description
