[0.024s] Invoking command in '/home/atharva/Learning_ROS2/ros2_ws/build/mae_547': CMAKE_PREFIX_PATH=${CMAKE_PREFIX_PATH}:/home/atharva/Learning_ROS2/ros2_ws/install/turtlesim_catch_em_all:/home/atharva/Learning_ROS2/ros2_ws/install/my_py_pkg:/opt/ros/humble /usr/bin/cmake /home/atharva/Learning_ROS2/ros2_ws/src/mae_547 -DCMAKE_INSTALL_PREFIX=/home/atharva/Learning_ROS2/ros2_ws/install/mae_547
[0.048s] -- The C compiler identification is GNU 11.4.0
[0.074s] -- The CXX compiler identification is GNU 11.4.0
[0.078s] -- Detecting C compiler ABI info
[0.110s] -- Detecting C compiler ABI info - done
[0.114s] -- Check for working C compiler: /usr/bin/cc - skipped
[0.114s] -- Detecting C compile features
[0.114s] -- Detecting C compile features - done
[0.115s] -- Detecting CXX compiler ABI info
[0.150s] -- Detecting CXX compiler ABI info - done
[0.154s] -- Check for working CXX compiler: /usr/bin/c++ - skipped
[0.154s] -- Detecting CXX compile features
[0.154s] -- Detecting CXX compile features - done
[0.155s] -- Found ament_cmake: 1.3.6 (/opt/ros/humble/share/ament_cmake/cmake)
[0.226s] -- Found Python3: /usr/bin/python3.10 (found version "3.10.12") found components: Interpreter 
[0.293s] -- Configuring done
[0.294s] -- Generating done
[0.295s] -- Build files have been written to: /home/atharva/Learning_ROS2/ros2_ws/build/mae_547
[0.299s] Invoked command in '/home/atharva/Learning_ROS2/ros2_ws/build/mae_547' returned '0': CMAKE_PREFIX_PATH=${CMAKE_PREFIX_PATH}:/home/atharva/Learning_ROS2/ros2_ws/install/turtlesim_catch_em_all:/home/atharva/Learning_ROS2/ros2_ws/install/my_py_pkg:/opt/ros/humble /usr/bin/cmake /home/atharva/Learning_ROS2/ros2_ws/src/mae_547 -DCMAKE_INSTALL_PREFIX=/home/atharva/Learning_ROS2/ros2_ws/install/mae_547
[0.300s] Invoking command in '/home/atharva/Learning_ROS2/ros2_ws/build/mae_547': CMAKE_PREFIX_PATH=${CMAKE_PREFIX_PATH}:/home/atharva/Learning_ROS2/ros2_ws/install/turtlesim_catch_em_all:/home/atharva/Learning_ROS2/ros2_ws/install/my_py_pkg:/opt/ros/humble /usr/bin/cmake --build /home/atharva/Learning_ROS2/ros2_ws/build/mae_547 -- -j32 -l32
[0.317s] Invoked command in '/home/atharva/Learning_ROS2/ros2_ws/build/mae_547' returned '0': CMAKE_PREFIX_PATH=${CMAKE_PREFIX_PATH}:/home/atharva/Learning_ROS2/ros2_ws/install/turtlesim_catch_em_all:/home/atharva/Learning_ROS2/ros2_ws/install/my_py_pkg:/opt/ros/humble /usr/bin/cmake --build /home/atharva/Learning_ROS2/ros2_ws/build/mae_547 -- -j32 -l32
[0.330s] Invoking command in '/home/atharva/Learning_ROS2/ros2_ws/build/mae_547': CMAKE_PREFIX_PATH=${CMAKE_PREFIX_PATH}:/home/atharva/Learning_ROS2/ros2_ws/install/turtlesim_catch_em_all:/home/atharva/Learning_ROS2/ros2_ws/install/my_py_pkg:/opt/ros/humble /usr/bin/cmake --install /home/atharva/Learning_ROS2/ros2_ws/build/mae_547
[0.333s] -- Install configuration: ""
[0.333s] -- Installing: /home/atharva/Learning_ROS2/ros2_ws/install/mae_547/share/mae_547/urdf
[0.333s] -- Installing: /home/atharva/Learning_ROS2/ros2_ws/install/mae_547/share/mae_547/urdf/common_properties.xacro
[0.333s] -- Installing: /home/atharva/Learning_ROS2/ros2_ws/install/mae_547/share/mae_547/urdf/my_robot.urdf.xacro
[0.334s] -- Installing: /home/atharva/Learning_ROS2/ros2_ws/install/mae_547/share/mae_547/urdf/mobile_base.xacro
[0.334s] -- Installing: /home/atharva/Learning_ROS2/ros2_ws/install/mae_547/share/mae_547/urdf/mobile_base_gazebo.xacro
[0.334s] -- Installing: /home/atharva/Learning_ROS2/ros2_ws/install/mae_547/share/mae_547/launch
[0.334s] -- Installing: /home/atharva/Learning_ROS2/ros2_ws/install/mae_547/share/mae_547/launch/display.launch.xml
[0.334s] -- Installing: /home/atharva/Learning_ROS2/ros2_ws/install/mae_547/share/mae_547/rviz
[0.334s] -- Installing: /home/atharva/Learning_ROS2/ros2_ws/install/mae_547/share/mae_547/rviz/urdf_config.rviz
[0.334s] -- Installing: /home/atharva/Learning_ROS2/ros2_ws/install/mae_547/share/ament_index/resource_index/package_run_dependencies/mae_547
[0.334s] -- Installing: /home/atharva/Learning_ROS2/ros2_ws/install/mae_547/share/ament_index/resource_index/parent_prefix_path/mae_547
[0.334s] -- Installing: /home/atharva/Learning_ROS2/ros2_ws/install/mae_547/share/mae_547/environment/ament_prefix_path.sh
[0.334s] -- Installing: /home/atharva/Learning_ROS2/ros2_ws/install/mae_547/share/mae_547/environment/ament_prefix_path.dsv
[0.334s] -- Installing: /home/atharva/Learning_ROS2/ros2_ws/install/mae_547/share/mae_547/environment/path.sh
[0.334s] -- Installing: /home/atharva/Learning_ROS2/ros2_ws/install/mae_547/share/mae_547/environment/path.dsv
[0.334s] -- Installing: /home/atharva/Learning_ROS2/ros2_ws/install/mae_547/share/mae_547/local_setup.bash
[0.334s] -- Installing: /home/atharva/Learning_ROS2/ros2_ws/install/mae_547/share/mae_547/local_setup.sh
[0.334s] -- Installing: /home/atharva/Learning_ROS2/ros2_ws/install/mae_547/share/mae_547/local_setup.zsh
[0.334s] -- Installing: /home/atharva/Learning_ROS2/ros2_ws/install/mae_547/share/mae_547/local_setup.dsv
[0.334s] -- Installing: /home/atharva/Learning_ROS2/ros2_ws/install/mae_547/share/mae_547/package.dsv
[0.334s] -- Installing: /home/atharva/Learning_ROS2/ros2_ws/install/mae_547/share/ament_index/resource_index/packages/mae_547
[0.334s] -- Installing: /home/atharva/Learning_ROS2/ros2_ws/install/mae_547/share/mae_547/cmake/mae_547Config.cmake
[0.334s] -- Installing: /home/atharva/Learning_ROS2/ros2_ws/install/mae_547/share/mae_547/cmake/mae_547Config-version.cmake
[0.334s] -- Installing: /home/atharva/Learning_ROS2/ros2_ws/install/mae_547/share/mae_547/package.xml
[0.350s] Invoked command in '/home/atharva/Learning_ROS2/ros2_ws/build/mae_547' returned '0': CMAKE_PREFIX_PATH=${CMAKE_PREFIX_PATH}:/home/atharva/Learning_ROS2/ros2_ws/install/turtlesim_catch_em_all:/home/atharva/Learning_ROS2/ros2_ws/install/my_py_pkg:/opt/ros/humble /usr/bin/cmake --install /home/atharva/Learning_ROS2/ros2_ws/build/mae_547
