[0.153s] Invoking command in '/home/atharva/ros2_ws/build/my_robot_interfaces': /usr/bin/cmake --build /home/atharva/ros2_ws/build/my_robot_interfaces -- -j4 -l4
[0.309s] [  1%] Built target my_robot_interfaces__cpp
[0.327s] [ 12%] Built target my_robot_interfaces__rosidl_generator_c
[0.447s] [ 12%] Built target ament_cmake_python_copy_my_robot_interfaces
[0.462s] [ 23%] Built target my_robot_interfaces__rosidl_typesupport_introspection_cpp
[0.477s] [ 35%] Built target my_robot_interfaces__rosidl_typesupport_cpp
[0.538s] [ 46%] Built target my_robot_interfaces__rosidl_typesupport_introspection_c
[0.565s] [ 57%] Built target my_robot_interfaces__rosidl_typesupport_c
[0.585s] [ 80%] Built target my_robot_interfaces__rosidl_typesupport_fastrtps_c
[0.585s] [ 80%] Built target my_robot_interfaces__rosidl_typesupport_fastrtps_cpp
[0.607s] [ 80%] Built target my_robot_interfaces
[0.632s] [ 81%] Built target my_robot_interfaces__py
[0.675s] [ 91%] Built target my_robot_interfaces__rosidl_generator_py
[0.710s] [ 94%] Built target my_robot_interfaces__rosidl_typesupport_c__pyext
[0.711s] [ 97%] Built target my_robot_interfaces__rosidl_typesupport_introspection_c__pyext
[0.715s] [100%] Built target my_robot_interfaces__rosidl_typesupport_fastrtps_c__pyext
[0.943s] running egg_info
[0.944s] writing my_robot_interfaces.egg-info/PKG-INFO
[0.944s] writing dependency_links to my_robot_interfaces.egg-info/dependency_links.txt
[0.945s] writing top-level names to my_robot_interfaces.egg-info/top_level.txt
[0.959s] reading manifest file 'my_robot_interfaces.egg-info/SOURCES.txt'
[0.960s] writing manifest file 'my_robot_interfaces.egg-info/SOURCES.txt'
[0.990s] [100%] Built target ament_cmake_python_build_my_robot_interfaces_egg
[1.002s] Invoked command in '/home/atharva/ros2_ws/build/my_robot_interfaces' returned '0': /usr/bin/cmake --build /home/atharva/ros2_ws/build/my_robot_interfaces -- -j4 -l4
[1.169s] Invoking command in '/home/atharva/ros2_ws/build/my_robot_interfaces': /usr/bin/cmake --install /home/atharva/ros2_ws/build/my_robot_interfaces
[1.178s] -- Install configuration: ""
[1.179s] -- Up-to-date: /home/atharva/ros2_ws/install/my_robot_interfaces/share/ament_index/resource_index/rosidl_interfaces/my_robot_interfaces
[1.179s] -- Up-to-date: /home/atharva/ros2_ws/install/my_robot_interfaces/include/my_robot_interfaces/my_robot_interfaces
[1.179s] -- Up-to-date: /home/atharva/ros2_ws/install/my_robot_interfaces/include/my_robot_interfaces/my_robot_interfaces/srv
[1.180s] -- Up-to-date: /home/atharva/ros2_ws/install/my_robot_interfaces/include/my_robot_interfaces/my_robot_interfaces/srv/compute_rectangle_area.h
[1.180s] -- Up-to-date: /home/atharva/ros2_ws/install/my_robot_interfaces/include/my_robot_interfaces/my_robot_interfaces/srv/control_turtle.h
[1.180s] -- Up-to-date: /home/atharva/ros2_ws/install/my_robot_interfaces/include/my_robot_interfaces/my_robot_interfaces/srv/detail
[1.180s] -- Up-to-date: /home/atharva/ros2_ws/install/my_robot_interfaces/include/my_robot_interfaces/my_robot_interfaces/srv/detail/control_turtle__functions.h
[1.180s] -- Up-to-date: /home/atharva/ros2_ws/install/my_robot_interfaces/include/my_robot_interfaces/my_robot_interfaces/srv/detail/set_led__struct.h
[1.180s] -- Up-to-date: /home/atharva/ros2_ws/install/my_robot_interfaces/include/my_robot_interfaces/my_robot_interfaces/srv/detail/compute_rectangle_area__functions.h
[1.180s] -- Up-to-date: /home/atharva/ros2_ws/install/my_robot_interfaces/include/my_robot_interfaces/my_robot_interfaces/srv/detail/compute_rectangle_area__functions.c
[1.181s] -- Up-to-date: /home/atharva/ros2_ws/install/my_robot_interfaces/include/my_robot_interfaces/my_robot_interfaces/srv/detail/control_turtle__struct.h
[1.181s] -- Up-to-date: /home/atharva/ros2_ws/install/my_robot_interfaces/include/my_robot_interfaces/my_robot_interfaces/srv/detail/compute_rectangle_area__type_support.h
[1.181s] -- Up-to-date: /home/atharva/ros2_ws/install/my_robot_interfaces/include/my_robot_interfaces/my_robot_interfaces/srv/detail/set_led__type_support.h
[1.181s] -- Up-to-date: /home/atharva/ros2_ws/install/my_robot_interfaces/include/my_robot_interfaces/my_robot_interfaces/srv/detail/control_turtle__type_support.h
[1.181s] -- Up-to-date: /home/atharva/ros2_ws/install/my_robot_interfaces/include/my_robot_interfaces/my_robot_interfaces/srv/detail/set_led__functions.c
[1.181s] -- Up-to-date: /home/atharva/ros2_ws/install/my_robot_interfaces/include/my_robot_interfaces/my_robot_interfaces/srv/detail/control_turtle__functions.c
[1.181s] -- Up-to-date: /home/atharva/ros2_ws/install/my_robot_interfaces/include/my_robot_interfaces/my_robot_interfaces/srv/detail/compute_rectangle_area__struct.h
[1.181s] -- Up-to-date: /home/atharva/ros2_ws/install/my_robot_interfaces/include/my_robot_interfaces/my_robot_interfaces/srv/detail/set_led__functions.h
[1.181s] -- Up-to-date: /home/atharva/ros2_ws/install/my_robot_interfaces/include/my_robot_interfaces/my_robot_interfaces/srv/set_led.h
[1.182s] -- Up-to-date: /home/atharva/ros2_ws/install/my_robot_interfaces/include/my_robot_interfaces/my_robot_interfaces/msg
[1.182s] -- Up-to-date: /home/atharva/ros2_ws/install/my_robot_interfaces/include/my_robot_interfaces/my_robot_interfaces/msg/target_list.h
[1.182s] -- Up-to-date: /home/atharva/ros2_ws/install/my_robot_interfaces/include/my_robot_interfaces/my_robot_interfaces/msg/led_status.h
[1.182s] -- Up-to-date: /home/atharva/ros2_ws/install/my_robot_interfaces/include/my_robot_interfaces/my_robot_interfaces/msg/hardware_status.h
[1.182s] -- Up-to-date: /home/atharva/ros2_ws/install/my_robot_interfaces/include/my_robot_interfaces/my_robot_interfaces/msg/detail
[1.182s] -- Up-to-date: /home/atharva/ros2_ws/install/my_robot_interfaces/include/my_robot_interfaces/my_robot_interfaces/msg/detail/hardware_status__type_support.h
[1.182s] -- Up-to-date: /home/atharva/ros2_ws/install/my_robot_interfaces/include/my_robot_interfaces/my_robot_interfaces/msg/detail/led_status__functions.c
[1.182s] -- Up-to-date: /home/atharva/ros2_ws/install/my_robot_interfaces/include/my_robot_interfaces/my_robot_interfaces/msg/detail/target_list__functions.c
[1.182s] -- Up-to-date: /home/atharva/ros2_ws/install/my_robot_interfaces/include/my_robot_interfaces/my_robot_interfaces/msg/detail/led_status__functions.h
[1.183s] -- Up-to-date: /home/atharva/ros2_ws/install/my_robot_interfaces/include/my_robot_interfaces/my_robot_interfaces/msg/detail/target_list__functions.h
[1.183s] -- Up-to-date: /home/atharva/ros2_ws/install/my_robot_interfaces/include/my_robot_interfaces/my_robot_interfaces/msg/detail/led_status__type_support.h
[1.183s] -- Up-to-date: /home/atharva/ros2_ws/install/my_robot_interfaces/include/my_robot_interfaces/my_robot_interfaces/msg/detail/hardware_status__functions.c
[1.183s] -- Up-to-date: /home/atharva/ros2_ws/install/my_robot_interfaces/include/my_robot_interfaces/my_robot_interfaces/msg/detail/led_status__struct.h
[1.183s] -- Up-to-date: /home/atharva/ros2_ws/install/my_robot_interfaces/include/my_robot_interfaces/my_robot_interfaces/msg/detail/hardware_status__struct.h
[1.183s] -- Up-to-date: /home/atharva/ros2_ws/install/my_robot_interfaces/include/my_robot_interfaces/my_robot_interfaces/msg/detail/target_list__struct.h
[1.183s] -- Up-to-date: /home/atharva/ros2_ws/install/my_robot_interfaces/include/my_robot_interfaces/my_robot_interfaces/msg/detail/hardware_status__functions.h
[1.183s] -- Up-to-date: /home/atharva/ros2_ws/install/my_robot_interfaces/include/my_robot_interfaces/my_robot_interfaces/msg/detail/target_list__type_support.h
[1.183s] -- Up-to-date: /home/atharva/ros2_ws/install/my_robot_interfaces/include/my_robot_interfaces/my_robot_interfaces/msg/rosidl_generator_c__visibility_control.h
[1.184s] -- Up-to-date: /home/atharva/ros2_ws/install/my_robot_interfaces/share/my_robot_interfaces/environment/library_path.sh
[1.184s] -- Installing: /home/atharva/ros2_ws/install/my_robot_interfaces/share/my_robot_interfaces/environment/library_path.dsv
[1.215s] -- Up-to-date: /home/atharva/ros2_ws/install/my_robot_interfaces/lib/libmy_robot_interfaces__rosidl_generator_c.so
[1.215s] -- Up-to-date: /home/atharva/ros2_ws/install/my_robot_interfaces/include/my_robot_interfaces/my_robot_interfaces
[1.216s] -- Up-to-date: /home/atharva/ros2_ws/install/my_robot_interfaces/include/my_robot_interfaces/my_robot_interfaces/srv
[1.216s] -- Up-to-date: /home/atharva/ros2_ws/install/my_robot_interfaces/include/my_robot_interfaces/my_robot_interfaces/srv/detail
[1.216s] -- Up-to-date: /home/atharva/ros2_ws/install/my_robot_interfaces/include/my_robot_interfaces/my_robot_interfaces/srv/detail/compute_rectangle_area__rosidl_typesupport_fastrtps_c.h
[1.216s] -- Up-to-date: /home/atharva/ros2_ws/install/my_robot_interfaces/include/my_robot_interfaces/my_robot_interfaces/srv/detail/control_turtle__rosidl_typesupport_fastrtps_c.h
[1.216s] -- Up-to-date: /home/atharva/ros2_ws/install/my_robot_interfaces/include/my_robot_interfaces/my_robot_interfaces/srv/detail/set_led__rosidl_typesupport_fastrtps_c.h
[1.217s] -- Up-to-date: /home/atharva/ros2_ws/install/my_robot_interfaces/include/my_robot_interfaces/my_robot_interfaces/msg
[1.217s] -- Up-to-date: /home/atharva/ros2_ws/install/my_robot_interfaces/include/my_robot_interfaces/my_robot_interfaces/msg/detail
[1.217s] -- Up-to-date: /home/atharva/ros2_ws/install/my_robot_interfaces/include/my_robot_interfaces/my_robot_interfaces/msg/detail/target_list__rosidl_typesupport_fastrtps_c.h
[1.217s] -- Up-to-date: /home/atharva/ros2_ws/install/my_robot_interfaces/include/my_robot_interfaces/my_robot_interfaces/msg/detail/led_status__rosidl_typesupport_fastrtps_c.h
[1.217s] -- Up-to-date: /home/atharva/ros2_ws/install/my_robot_interfaces/include/my_robot_interfaces/my_robot_interfaces/msg/detail/hardware_status__rosidl_typesupport_fastrtps_c.h
[1.218s] -- Up-to-date: /home/atharva/ros2_ws/install/my_robot_interfaces/include/my_robot_interfaces/my_robot_interfaces/msg/rosidl_typesupport_fastrtps_c__visibility_control.h
[1.218s] -- Up-to-date: /home/atharva/ros2_ws/install/my_robot_interfaces/lib/libmy_robot_interfaces__rosidl_typesupport_fastrtps_c.so
[1.218s] -- Up-to-date: /home/atharva/ros2_ws/install/my_robot_interfaces/include/my_robot_interfaces/my_robot_interfaces
[1.218s] -- Up-to-date: /home/atharva/ros2_ws/install/my_robot_interfaces/include/my_robot_interfaces/my_robot_interfaces/srv
[1.218s] -- Up-to-date: /home/atharva/ros2_ws/install/my_robot_interfaces/include/my_robot_interfaces/my_robot_interfaces/srv/detail
[1.218s] -- Up-to-date: /home/atharva/ros2_ws/install/my_robot_interfaces/include/my_robot_interfaces/my_robot_interfaces/srv/detail/compute_rectangle_area__type_support.c
[1.218s] -- Up-to-date: /home/atharva/ros2_ws/install/my_robot_interfaces/include/my_robot_interfaces/my_robot_interfaces/srv/detail/control_turtle__rosidl_typesupport_introspection_c.h
[1.219s] -- Up-to-date: /home/atharva/ros2_ws/install/my_robot_interfaces/include/my_robot_interfaces/my_robot_interfaces/srv/detail/control_turtle__type_support.c
[1.219s] -- Up-to-date: /home/atharva/ros2_ws/install/my_robot_interfaces/include/my_robot_interfaces/my_robot_interfaces/srv/detail/set_led__type_support.c
[1.219s] -- Up-to-date: /home/atharva/ros2_ws/install/my_robot_interfaces/include/my_robot_interfaces/my_robot_interfaces/srv/detail/compute_rectangle_area__rosidl_typesupport_introspection_c.h
[1.219s] -- Up-to-date: /home/atharva/ros2_ws/install/my_robot_interfaces/include/my_robot_interfaces/my_robot_interfaces/srv/detail/set_led__rosidl_typesupport_introspection_c.h
[1.219s] -- Up-to-date: /home/atharva/ros2_ws/install/my_robot_interfaces/include/my_robot_interfaces/my_robot_interfaces/msg
[1.220s] -- Up-to-date: /home/atharva/ros2_ws/install/my_robot_interfaces/include/my_robot_interfaces/my_robot_interfaces/msg/rosidl_typesupport_introspection_c__visibility_control.h
[1.220s] -- Up-to-date: /home/atharva/ros2_ws/install/my_robot_interfaces/include/my_robot_interfaces/my_robot_interfaces/msg/detail
[1.220s] -- Up-to-date: /home/atharva/ros2_ws/install/my_robot_interfaces/include/my_robot_interfaces/my_robot_interfaces/msg/detail/target_list__type_support.c
[1.220s] -- Up-to-date: /home/atharva/ros2_ws/install/my_robot_interfaces/include/my_robot_interfaces/my_robot_interfaces/msg/detail/target_list__rosidl_typesupport_introspection_c.h
[1.221s] -- Up-to-date: /home/atharva/ros2_ws/install/my_robot_interfaces/include/my_robot_interfaces/my_robot_interfaces/msg/detail/led_status__rosidl_typesupport_introspection_c.h
[1.221s] -- Up-to-date: /home/atharva/ros2_ws/install/my_robot_interfaces/include/my_robot_interfaces/my_robot_interfaces/msg/detail/hardware_status__rosidl_typesupport_introspection_c.h
[1.221s] -- Up-to-date: /home/atharva/ros2_ws/install/my_robot_interfaces/include/my_robot_interfaces/my_robot_interfaces/msg/detail/led_status__type_support.c
[1.221s] -- Up-to-date: /home/atharva/ros2_ws/install/my_robot_interfaces/include/my_robot_interfaces/my_robot_interfaces/msg/detail/hardware_status__type_support.c
[1.221s] -- Up-to-date: /home/atharva/ros2_ws/install/my_robot_interfaces/lib/libmy_robot_interfaces__rosidl_typesupport_introspection_c.so
[1.222s] -- Up-to-date: /home/atharva/ros2_ws/install/my_robot_interfaces/lib/libmy_robot_interfaces__rosidl_typesupport_c.so
[1.222s] -- Up-to-date: /home/atharva/ros2_ws/install/my_robot_interfaces/include/my_robot_interfaces/my_robot_interfaces
[1.222s] -- Up-to-date: /home/atharva/ros2_ws/install/my_robot_interfaces/include/my_robot_interfaces/my_robot_interfaces/srv
[1.222s] -- Up-to-date: /home/atharva/ros2_ws/install/my_robot_interfaces/include/my_robot_interfaces/my_robot_interfaces/srv/compute_rectangle_area.hpp
[1.222s] -- Up-to-date: /home/atharva/ros2_ws/install/my_robot_interfaces/include/my_robot_interfaces/my_robot_interfaces/srv/detail
[1.222s] -- Up-to-date: /home/atharva/ros2_ws/install/my_robot_interfaces/include/my_robot_interfaces/my_robot_interfaces/srv/detail/control_turtle__struct.hpp
[1.222s] -- Up-to-date: /home/atharva/ros2_ws/install/my_robot_interfaces/include/my_robot_interfaces/my_robot_interfaces/srv/detail/compute_rectangle_area__traits.hpp
[1.222s] -- Up-to-date: /home/atharva/ros2_ws/install/my_robot_interfaces/include/my_robot_interfaces/my_robot_interfaces/srv/detail/control_turtle__builder.hpp
[1.222s] -- Up-to-date: /home/atharva/ros2_ws/install/my_robot_interfaces/include/my_robot_interfaces/my_robot_interfaces/srv/detail/compute_rectangle_area__struct.hpp
[1.223s] -- Up-to-date: /home/atharva/ros2_ws/install/my_robot_interfaces/include/my_robot_interfaces/my_robot_interfaces/srv/detail/set_led__traits.hpp
[1.223s] -- Up-to-date: /home/atharva/ros2_ws/install/my_robot_interfaces/include/my_robot_interfaces/my_robot_interfaces/srv/detail/control_turtle__traits.hpp
[1.223s] -- Up-to-date: /home/atharva/ros2_ws/install/my_robot_interfaces/include/my_robot_interfaces/my_robot_interfaces/srv/detail/compute_rectangle_area__builder.hpp
[1.223s] -- Up-to-date: /home/atharva/ros2_ws/install/my_robot_interfaces/include/my_robot_interfaces/my_robot_interfaces/srv/detail/set_led__builder.hpp
[1.223s] -- Up-to-date: /home/atharva/ros2_ws/install/my_robot_interfaces/include/my_robot_interfaces/my_robot_interfaces/srv/detail/set_led__struct.hpp
[1.223s] -- Up-to-date: /home/atharva/ros2_ws/install/my_robot_interfaces/include/my_robot_interfaces/my_robot_interfaces/srv/control_turtle.hpp
[1.223s] -- Up-to-date: /home/atharva/ros2_ws/install/my_robot_interfaces/include/my_robot_interfaces/my_robot_interfaces/srv/set_led.hpp
[1.223s] -- Up-to-date: /home/atharva/ros2_ws/install/my_robot_interfaces/include/my_robot_interfaces/my_robot_interfaces/msg
[1.223s] -- Up-to-date: /home/atharva/ros2_ws/install/my_robot_interfaces/include/my_robot_interfaces/my_robot_interfaces/msg/target_list.hpp
[1.224s] -- Up-to-date: /home/atharva/ros2_ws/install/my_robot_interfaces/include/my_robot_interfaces/my_robot_interfaces/msg/hardware_status.hpp
[1.224s] -- Up-to-date: /home/atharva/ros2_ws/install/my_robot_interfaces/include/my_robot_interfaces/my_robot_interfaces/msg/led_status.hpp
[1.224s] -- Up-to-date: /home/atharva/ros2_ws/install/my_robot_interfaces/include/my_robot_interfaces/my_robot_interfaces/msg/detail
[1.224s] -- Up-to-date: /home/atharva/ros2_ws/install/my_robot_interfaces/include/my_robot_interfaces/my_robot_interfaces/msg/detail/led_status__builder.hpp
[1.224s] -- Up-to-date: /home/atharva/ros2_ws/install/my_robot_interfaces/include/my_robot_interfaces/my_robot_interfaces/msg/detail/hardware_status__traits.hpp
[1.224s] -- Up-to-date: /home/atharva/ros2_ws/install/my_robot_interfaces/include/my_robot_interfaces/my_robot_interfaces/msg/detail/target_list__struct.hpp
[1.224s] -- Up-to-date: /home/atharva/ros2_ws/install/my_robot_interfaces/include/my_robot_interfaces/my_robot_interfaces/msg/detail/target_list__traits.hpp
[1.224s] -- Up-to-date: /home/atharva/ros2_ws/install/my_robot_interfaces/include/my_robot_interfaces/my_robot_interfaces/msg/detail/led_status__traits.hpp
[1.224s] -- Up-to-date: /home/atharva/ros2_ws/install/my_robot_interfaces/include/my_robot_interfaces/my_robot_interfaces/msg/detail/target_list__builder.hpp
[1.224s] -- Up-to-date: /home/atharva/ros2_ws/install/my_robot_interfaces/include/my_robot_interfaces/my_robot_interfaces/msg/detail/hardware_status__struct.hpp
[1.224s] -- Up-to-date: /home/atharva/ros2_ws/install/my_robot_interfaces/include/my_robot_interfaces/my_robot_interfaces/msg/detail/hardware_status__builder.hpp
[1.225s] -- Up-to-date: /home/atharva/ros2_ws/install/my_robot_interfaces/include/my_robot_interfaces/my_robot_interfaces/msg/detail/led_status__struct.hpp
[1.225s] -- Up-to-date: /home/atharva/ros2_ws/install/my_robot_interfaces/include/my_robot_interfaces/my_robot_interfaces
[1.225s] -- Up-to-date: /home/atharva/ros2_ws/install/my_robot_interfaces/include/my_robot_interfaces/my_robot_interfaces/srv
[1.225s] -- Up-to-date: /home/atharva/ros2_ws/install/my_robot_interfaces/include/my_robot_interfaces/my_robot_interfaces/srv/detail
[1.225s] -- Up-to-date: /home/atharva/ros2_ws/install/my_robot_interfaces/include/my_robot_interfaces/my_robot_interfaces/srv/detail/dds_fastrtps
[1.225s] -- Up-to-date: /home/atharva/ros2_ws/install/my_robot_interfaces/include/my_robot_interfaces/my_robot_interfaces/srv/detail/compute_rectangle_area__rosidl_typesupport_fastrtps_cpp.hpp
[1.225s] -- Up-to-date: /home/atharva/ros2_ws/install/my_robot_interfaces/include/my_robot_interfaces/my_robot_interfaces/srv/detail/control_turtle__rosidl_typesupport_fastrtps_cpp.hpp
[1.225s] -- Up-to-date: /home/atharva/ros2_ws/install/my_robot_interfaces/include/my_robot_interfaces/my_robot_interfaces/srv/detail/set_led__rosidl_typesupport_fastrtps_cpp.hpp
[1.225s] -- Up-to-date: /home/atharva/ros2_ws/install/my_robot_interfaces/include/my_robot_interfaces/my_robot_interfaces/msg
[1.225s] -- Up-to-date: /home/atharva/ros2_ws/install/my_robot_interfaces/include/my_robot_interfaces/my_robot_interfaces/msg/rosidl_typesupport_fastrtps_cpp__visibility_control.h
[1.225s] -- Up-to-date: /home/atharva/ros2_ws/install/my_robot_interfaces/include/my_robot_interfaces/my_robot_interfaces/msg/detail
[1.225s] -- Up-to-date: /home/atharva/ros2_ws/install/my_robot_interfaces/include/my_robot_interfaces/my_robot_interfaces/msg/detail/target_list__rosidl_typesupport_fastrtps_cpp.hpp
[1.225s] -- Up-to-date: /home/atharva/ros2_ws/install/my_robot_interfaces/include/my_robot_interfaces/my_robot_interfaces/msg/detail/dds_fastrtps
[1.225s] -- Up-to-date: /home/atharva/ros2_ws/install/my_robot_interfaces/include/my_robot_interfaces/my_robot_interfaces/msg/detail/led_status__rosidl_typesupport_fastrtps_cpp.hpp
[1.225s] -- Up-to-date: /home/atharva/ros2_ws/install/my_robot_interfaces/include/my_robot_interfaces/my_robot_interfaces/msg/detail/hardware_status__rosidl_typesupport_fastrtps_cpp.hpp
[1.240s] -- Up-to-date: /home/atharva/ros2_ws/install/my_robot_interfaces/lib/libmy_robot_interfaces__rosidl_typesupport_fastrtps_cpp.so
[1.241s] -- Up-to-date: /home/atharva/ros2_ws/install/my_robot_interfaces/include/my_robot_interfaces/my_robot_interfaces
[1.241s] -- Up-to-date: /home/atharva/ros2_ws/install/my_robot_interfaces/include/my_robot_interfaces/my_robot_interfaces/srv
[1.241s] -- Up-to-date: /home/atharva/ros2_ws/install/my_robot_interfaces/include/my_robot_interfaces/my_robot_interfaces/srv/detail
[1.242s] -- Up-to-date: /home/atharva/ros2_ws/install/my_robot_interfaces/include/my_robot_interfaces/my_robot_interfaces/srv/detail/compute_rectangle_area__rosidl_typesupport_introspection_cpp.hpp
[1.242s] -- Up-to-date: /home/atharva/ros2_ws/install/my_robot_interfaces/include/my_robot_interfaces/my_robot_interfaces/srv/detail/control_turtle__rosidl_typesupport_introspection_cpp.hpp
[1.242s] -- Up-to-date: /home/atharva/ros2_ws/install/my_robot_interfaces/include/my_robot_interfaces/my_robot_interfaces/srv/detail/compute_rectangle_area__type_support.cpp
[1.242s] -- Up-to-date: /home/atharva/ros2_ws/install/my_robot_interfaces/include/my_robot_interfaces/my_robot_interfaces/srv/detail/set_led__type_support.cpp
[1.242s] -- Up-to-date: /home/atharva/ros2_ws/install/my_robot_interfaces/include/my_robot_interfaces/my_robot_interfaces/srv/detail/control_turtle__type_support.cpp
[1.242s] -- Up-to-date: /home/atharva/ros2_ws/install/my_robot_interfaces/include/my_robot_interfaces/my_robot_interfaces/srv/detail/set_led__rosidl_typesupport_introspection_cpp.hpp
[1.242s] -- Up-to-date: /home/atharva/ros2_ws/install/my_robot_interfaces/include/my_robot_interfaces/my_robot_interfaces/msg
[1.242s] -- Up-to-date: /home/atharva/ros2_ws/install/my_robot_interfaces/include/my_robot_interfaces/my_robot_interfaces/msg/detail
[1.243s] -- Up-to-date: /home/atharva/ros2_ws/install/my_robot_interfaces/include/my_robot_interfaces/my_robot_interfaces/msg/detail/target_list__type_support.cpp
[1.243s] -- Up-to-date: /home/atharva/ros2_ws/install/my_robot_interfaces/include/my_robot_interfaces/my_robot_interfaces/msg/detail/hardware_status__type_support.cpp
[1.243s] -- Up-to-date: /home/atharva/ros2_ws/install/my_robot_interfaces/include/my_robot_interfaces/my_robot_interfaces/msg/detail/led_status__type_support.cpp
[1.243s] -- Up-to-date: /home/atharva/ros2_ws/install/my_robot_interfaces/include/my_robot_interfaces/my_robot_interfaces/msg/detail/led_status__rosidl_typesupport_introspection_cpp.hpp
[1.243s] -- Up-to-date: /home/atharva/ros2_ws/install/my_robot_interfaces/include/my_robot_interfaces/my_robot_interfaces/msg/detail/target_list__rosidl_typesupport_introspection_cpp.hpp
[1.243s] -- Up-to-date: /home/atharva/ros2_ws/install/my_robot_interfaces/include/my_robot_interfaces/my_robot_interfaces/msg/detail/hardware_status__rosidl_typesupport_introspection_cpp.hpp
[1.244s] -- Up-to-date: /home/atharva/ros2_ws/install/my_robot_interfaces/lib/libmy_robot_interfaces__rosidl_typesupport_introspection_cpp.so
[1.244s] -- Up-to-date: /home/atharva/ros2_ws/install/my_robot_interfaces/lib/libmy_robot_interfaces__rosidl_typesupport_cpp.so
[1.244s] -- Up-to-date: /home/atharva/ros2_ws/install/my_robot_interfaces/share/my_robot_interfaces/environment/pythonpath.sh
[1.244s] -- Installing: /home/atharva/ros2_ws/install/my_robot_interfaces/share/my_robot_interfaces/environment/pythonpath.dsv
[1.258s] -- Up-to-date: /home/atharva/ros2_ws/install/my_robot_interfaces/local/lib/python3.10/dist-packages/my_robot_interfaces-0.0.0-py3.10.egg-info
[1.258s] -- Installing: /home/atharva/ros2_ws/install/my_robot_interfaces/local/lib/python3.10/dist-packages/my_robot_interfaces-0.0.0-py3.10.egg-info/SOURCES.txt
[1.259s] -- Installing: /home/atharva/ros2_ws/install/my_robot_interfaces/local/lib/python3.10/dist-packages/my_robot_interfaces-0.0.0-py3.10.egg-info/dependency_links.txt
[1.259s] -- Installing: /home/atharva/ros2_ws/install/my_robot_interfaces/local/lib/python3.10/dist-packages/my_robot_interfaces-0.0.0-py3.10.egg-info/top_level.txt
[1.259s] -- Installing: /home/atharva/ros2_ws/install/my_robot_interfaces/local/lib/python3.10/dist-packages/my_robot_interfaces-0.0.0-py3.10.egg-info/PKG-INFO
[1.259s] -- Up-to-date: /home/atharva/ros2_ws/install/my_robot_interfaces/local/lib/python3.10/dist-packages/my_robot_interfaces
[1.259s] -- Up-to-date: /home/atharva/ros2_ws/install/my_robot_interfaces/local/lib/python3.10/dist-packages/my_robot_interfaces/my_robot_interfaces_s__rosidl_typesupport_fastrtps_c.cpython-310-x86_64-linux-gnu.so
[1.259s] -- Installing: /home/atharva/ros2_ws/install/my_robot_interfaces/local/lib/python3.10/dist-packages/my_robot_interfaces/__init__.py
[1.260s] -- Up-to-date: /home/atharva/ros2_ws/install/my_robot_interfaces/local/lib/python3.10/dist-packages/my_robot_interfaces/my_robot_interfaces_s__rosidl_typesupport_c.cpython-310-x86_64-linux-gnu.so
[1.260s] -- Up-to-date: /home/atharva/ros2_ws/install/my_robot_interfaces/local/lib/python3.10/dist-packages/my_robot_interfaces/libmy_robot_interfaces__rosidl_generator_py.so
[1.260s] -- Up-to-date: /home/atharva/ros2_ws/install/my_robot_interfaces/local/lib/python3.10/dist-packages/my_robot_interfaces/srv
[1.260s] -- Up-to-date: /home/atharva/ros2_ws/install/my_robot_interfaces/local/lib/python3.10/dist-packages/my_robot_interfaces/srv/_set_led_s.c
[1.260s] -- Up-to-date: /home/atharva/ros2_ws/install/my_robot_interfaces/local/lib/python3.10/dist-packages/my_robot_interfaces/srv/__init__.py
[1.260s] -- Up-to-date: /home/atharva/ros2_ws/install/my_robot_interfaces/local/lib/python3.10/dist-packages/my_robot_interfaces/srv/_set_led.py
[1.260s] -- Up-to-date: /home/atharva/ros2_ws/install/my_robot_interfaces/local/lib/python3.10/dist-packages/my_robot_interfaces/srv/_control_turtle.py
[1.260s] -- Up-to-date: /home/atharva/ros2_ws/install/my_robot_interfaces/local/lib/python3.10/dist-packages/my_robot_interfaces/srv/_compute_rectangle_area_s.c
[1.260s] -- Up-to-date: /home/atharva/ros2_ws/install/my_robot_interfaces/local/lib/python3.10/dist-packages/my_robot_interfaces/srv/_compute_rectangle_area.py
[1.260s] -- Up-to-date: /home/atharva/ros2_ws/install/my_robot_interfaces/local/lib/python3.10/dist-packages/my_robot_interfaces/srv/_control_turtle_s.c
[1.260s] -- Up-to-date: /home/atharva/ros2_ws/install/my_robot_interfaces/local/lib/python3.10/dist-packages/my_robot_interfaces/msg
[1.261s] -- Up-to-date: /home/atharva/ros2_ws/install/my_robot_interfaces/local/lib/python3.10/dist-packages/my_robot_interfaces/msg/_target_list_s.c
[1.261s] -- Up-to-date: /home/atharva/ros2_ws/install/my_robot_interfaces/local/lib/python3.10/dist-packages/my_robot_interfaces/msg/__init__.py
[1.261s] -- Up-to-date: /home/atharva/ros2_ws/install/my_robot_interfaces/local/lib/python3.10/dist-packages/my_robot_interfaces/msg/_led_status_s.c
[1.261s] -- Up-to-date: /home/atharva/ros2_ws/install/my_robot_interfaces/local/lib/python3.10/dist-packages/my_robot_interfaces/msg/_hardware_status.py
[1.261s] -- Up-to-date: /home/atharva/ros2_ws/install/my_robot_interfaces/local/lib/python3.10/dist-packages/my_robot_interfaces/msg/_hardware_status_s.c
[1.261s] -- Up-to-date: /home/atharva/ros2_ws/install/my_robot_interfaces/local/lib/python3.10/dist-packages/my_robot_interfaces/msg/_led_status.py
[1.261s] -- Up-to-date: /home/atharva/ros2_ws/install/my_robot_interfaces/local/lib/python3.10/dist-packages/my_robot_interfaces/msg/_target_list.py
[1.261s] -- Up-to-date: /home/atharva/ros2_ws/install/my_robot_interfaces/local/lib/python3.10/dist-packages/my_robot_interfaces/my_robot_interfaces_s__rosidl_typesupport_introspection_c.cpython-310-x86_64-linux-gnu.so
[1.261s] -- Up-to-date: /home/atharva/ros2_ws/install/my_robot_interfaces/local/lib/python3.10/dist-packages/my_robot_interfaces/_my_robot_interfaces_s.ep.rosidl_typesupport_fastrtps_c.c
[1.261s] -- Up-to-date: /home/atharva/ros2_ws/install/my_robot_interfaces/local/lib/python3.10/dist-packages/my_robot_interfaces/_my_robot_interfaces_s.ep.rosidl_typesupport_introspection_c.c
[1.261s] -- Up-to-date: /home/atharva/ros2_ws/install/my_robot_interfaces/local/lib/python3.10/dist-packages/my_robot_interfaces/_my_robot_interfaces_s.ep.rosidl_typesupport_c.c
[1.368s] Listing '/home/atharva/ros2_ws/install/my_robot_interfaces/local/lib/python3.10/dist-packages/my_robot_interfaces'...
[1.368s] Compiling '/home/atharva/ros2_ws/install/my_robot_interfaces/local/lib/python3.10/dist-packages/my_robot_interfaces/__init__.py'...
[1.368s] Listing '/home/atharva/ros2_ws/install/my_robot_interfaces/local/lib/python3.10/dist-packages/my_robot_interfaces/msg'...
[1.368s] Listing '/home/atharva/ros2_ws/install/my_robot_interfaces/local/lib/python3.10/dist-packages/my_robot_interfaces/srv'...
[1.383s] -- Up-to-date: /home/atharva/ros2_ws/install/my_robot_interfaces/local/lib/python3.10/dist-packages/my_robot_interfaces/my_robot_interfaces_s__rosidl_typesupport_fastrtps_c.cpython-310-x86_64-linux-gnu.so
[1.384s] -- Up-to-date: /home/atharva/ros2_ws/install/my_robot_interfaces/local/lib/python3.10/dist-packages/my_robot_interfaces/my_robot_interfaces_s__rosidl_typesupport_introspection_c.cpython-310-x86_64-linux-gnu.so
[1.385s] -- Up-to-date: /home/atharva/ros2_ws/install/my_robot_interfaces/local/lib/python3.10/dist-packages/my_robot_interfaces/my_robot_interfaces_s__rosidl_typesupport_c.cpython-310-x86_64-linux-gnu.so
[1.393s] -- Up-to-date: /home/atharva/ros2_ws/install/my_robot_interfaces/lib/libmy_robot_interfaces__rosidl_generator_py.so
[1.393s] -- Up-to-date: /home/atharva/ros2_ws/install/my_robot_interfaces/share/my_robot_interfaces/msg/HardwareStatus.idl
[1.394s] -- Up-to-date: /home/atharva/ros2_ws/install/my_robot_interfaces/share/my_robot_interfaces/srv/ComputeRectangleArea.idl
[1.394s] -- Up-to-date: /home/atharva/ros2_ws/install/my_robot_interfaces/share/my_robot_interfaces/srv/SetLed.idl
[1.394s] -- Up-to-date: /home/atharva/ros2_ws/install/my_robot_interfaces/share/my_robot_interfaces/msg/LedStatus.idl
[1.395s] -- Up-to-date: /home/atharva/ros2_ws/install/my_robot_interfaces/share/my_robot_interfaces/msg/TargetList.idl
[1.395s] -- Up-to-date: /home/atharva/ros2_ws/install/my_robot_interfaces/share/my_robot_interfaces/srv/ControlTurtle.idl
[1.395s] -- Up-to-date: /home/atharva/ros2_ws/install/my_robot_interfaces/share/my_robot_interfaces/msg/HardwareStatus.msg
[1.395s] -- Up-to-date: /home/atharva/ros2_ws/install/my_robot_interfaces/share/my_robot_interfaces/srv/ComputeRectangleArea.srv
[1.395s] -- Up-to-date: /home/atharva/ros2_ws/install/my_robot_interfaces/share/my_robot_interfaces/srv/ComputeRectangleArea_Request.msg
[1.395s] -- Up-to-date: /home/atharva/ros2_ws/install/my_robot_interfaces/share/my_robot_interfaces/srv/ComputeRectangleArea_Response.msg
[1.395s] -- Up-to-date: /home/atharva/ros2_ws/install/my_robot_interfaces/share/my_robot_interfaces/srv/SetLed.srv
[1.395s] -- Up-to-date: /home/atharva/ros2_ws/install/my_robot_interfaces/share/my_robot_interfaces/srv/SetLed_Request.msg
[1.395s] -- Up-to-date: /home/atharva/ros2_ws/install/my_robot_interfaces/share/my_robot_interfaces/srv/SetLed_Response.msg
[1.396s] -- Up-to-date: /home/atharva/ros2_ws/install/my_robot_interfaces/share/my_robot_interfaces/msg/LedStatus.msg
[1.396s] -- Installing: /home/atharva/ros2_ws/install/my_robot_interfaces/share/my_robot_interfaces/msg/TargetList.msg
[1.408s] -- Up-to-date: /home/atharva/ros2_ws/install/my_robot_interfaces/share/my_robot_interfaces/srv/ControlTurtle.srv
[1.408s] -- Up-to-date: /home/atharva/ros2_ws/install/my_robot_interfaces/share/my_robot_interfaces/srv/ControlTurtle_Request.msg
[1.408s] -- Up-to-date: /home/atharva/ros2_ws/install/my_robot_interfaces/share/my_robot_interfaces/srv/ControlTurtle_Response.msg
[1.408s] -- Up-to-date: /home/atharva/ros2_ws/install/my_robot_interfaces/share/ament_index/resource_index/package_run_dependencies/my_robot_interfaces
[1.409s] -- Up-to-date: /home/atharva/ros2_ws/install/my_robot_interfaces/share/ament_index/resource_index/parent_prefix_path/my_robot_interfaces
[1.409s] -- Up-to-date: /home/atharva/ros2_ws/install/my_robot_interfaces/share/my_robot_interfaces/environment/ament_prefix_path.sh
[1.409s] -- Installing: /home/atharva/ros2_ws/install/my_robot_interfaces/share/my_robot_interfaces/environment/ament_prefix_path.dsv
[1.409s] -- Up-to-date: /home/atharva/ros2_ws/install/my_robot_interfaces/share/my_robot_interfaces/environment/path.sh
[1.410s] -- Installing: /home/atharva/ros2_ws/install/my_robot_interfaces/share/my_robot_interfaces/environment/path.dsv
[1.410s] -- Up-to-date: /home/atharva/ros2_ws/install/my_robot_interfaces/share/my_robot_interfaces/local_setup.bash
[1.410s] -- Up-to-date: /home/atharva/ros2_ws/install/my_robot_interfaces/share/my_robot_interfaces/local_setup.sh
[1.410s] -- Up-to-date: /home/atharva/ros2_ws/install/my_robot_interfaces/share/my_robot_interfaces/local_setup.zsh
[1.410s] -- Installing: /home/atharva/ros2_ws/install/my_robot_interfaces/share/my_robot_interfaces/local_setup.dsv
[1.410s] -- Installing: /home/atharva/ros2_ws/install/my_robot_interfaces/share/my_robot_interfaces/package.dsv
[1.419s] -- Up-to-date: /home/atharva/ros2_ws/install/my_robot_interfaces/share/ament_index/resource_index/packages/my_robot_interfaces
[1.434s] -- Up-to-date: /home/atharva/ros2_ws/install/my_robot_interfaces/share/my_robot_interfaces/cmake/export_my_robot_interfaces__rosidl_generator_cExport.cmake
[1.434s] -- Up-to-date: /home/atharva/ros2_ws/install/my_robot_interfaces/share/my_robot_interfaces/cmake/export_my_robot_interfaces__rosidl_generator_cExport-noconfig.cmake
[1.434s] -- Up-to-date: /home/atharva/ros2_ws/install/my_robot_interfaces/share/my_robot_interfaces/cmake/export_my_robot_interfaces__rosidl_typesupport_fastrtps_cExport.cmake
[1.435s] -- Up-to-date: /home/atharva/ros2_ws/install/my_robot_interfaces/share/my_robot_interfaces/cmake/export_my_robot_interfaces__rosidl_typesupport_fastrtps_cExport-noconfig.cmake
[1.435s] -- Up-to-date: /home/atharva/ros2_ws/install/my_robot_interfaces/share/my_robot_interfaces/cmake/my_robot_interfaces__rosidl_typesupport_introspection_cExport.cmake
[1.435s] -- Up-to-date: /home/atharva/ros2_ws/install/my_robot_interfaces/share/my_robot_interfaces/cmake/my_robot_interfaces__rosidl_typesupport_introspection_cExport-noconfig.cmake
[1.435s] -- Up-to-date: /home/atharva/ros2_ws/install/my_robot_interfaces/share/my_robot_interfaces/cmake/my_robot_interfaces__rosidl_typesupport_cExport.cmake
[1.435s] -- Up-to-date: /home/atharva/ros2_ws/install/my_robot_interfaces/share/my_robot_interfaces/cmake/my_robot_interfaces__rosidl_typesupport_cExport-noconfig.cmake
[1.436s] -- Up-to-date: /home/atharva/ros2_ws/install/my_robot_interfaces/share/my_robot_interfaces/cmake/export_my_robot_interfaces__rosidl_generator_cppExport.cmake
[1.436s] -- Up-to-date: /home/atharva/ros2_ws/install/my_robot_interfaces/share/my_robot_interfaces/cmake/export_my_robot_interfaces__rosidl_typesupport_fastrtps_cppExport.cmake
[1.437s] -- Up-to-date: /home/atharva/ros2_ws/install/my_robot_interfaces/share/my_robot_interfaces/cmake/export_my_robot_interfaces__rosidl_typesupport_fastrtps_cppExport-noconfig.cmake
[1.437s] -- Up-to-date: /home/atharva/ros2_ws/install/my_robot_interfaces/share/my_robot_interfaces/cmake/my_robot_interfaces__rosidl_typesupport_introspection_cppExport.cmake
[1.437s] -- Up-to-date: /home/atharva/ros2_ws/install/my_robot_interfaces/share/my_robot_interfaces/cmake/my_robot_interfaces__rosidl_typesupport_introspection_cppExport-noconfig.cmake
[1.438s] -- Up-to-date: /home/atharva/ros2_ws/install/my_robot_interfaces/share/my_robot_interfaces/cmake/my_robot_interfaces__rosidl_typesupport_cppExport.cmake
[1.438s] -- Up-to-date: /home/atharva/ros2_ws/install/my_robot_interfaces/share/my_robot_interfaces/cmake/my_robot_interfaces__rosidl_typesupport_cppExport-noconfig.cmake
[1.438s] -- Up-to-date: /home/atharva/ros2_ws/install/my_robot_interfaces/share/my_robot_interfaces/cmake/export_my_robot_interfaces__rosidl_generator_pyExport.cmake
[1.439s] -- Up-to-date: /home/atharva/ros2_ws/install/my_robot_interfaces/share/my_robot_interfaces/cmake/export_my_robot_interfaces__rosidl_generator_pyExport-noconfig.cmake
[1.439s] -- Up-to-date: /home/atharva/ros2_ws/install/my_robot_interfaces/share/my_robot_interfaces/cmake/rosidl_cmake-extras.cmake
[1.439s] -- Up-to-date: /home/atharva/ros2_ws/install/my_robot_interfaces/share/my_robot_interfaces/cmake/ament_cmake_export_include_directories-extras.cmake
[1.439s] -- Up-to-date: /home/atharva/ros2_ws/install/my_robot_interfaces/share/my_robot_interfaces/cmake/ament_cmake_export_libraries-extras.cmake
[1.439s] -- Up-to-date: /home/atharva/ros2_ws/install/my_robot_interfaces/share/my_robot_interfaces/cmake/ament_cmake_export_targets-extras.cmake
[1.440s] -- Up-to-date: /home/atharva/ros2_ws/install/my_robot_interfaces/share/my_robot_interfaces/cmake/rosidl_cmake_export_typesupport_targets-extras.cmake
[1.440s] -- Up-to-date: /home/atharva/ros2_ws/install/my_robot_interfaces/share/my_robot_interfaces/cmake/ament_cmake_export_dependencies-extras.cmake
[1.440s] -- Up-to-date: /home/atharva/ros2_ws/install/my_robot_interfaces/share/my_robot_interfaces/cmake/rosidl_cmake_export_typesupport_libraries-extras.cmake
[1.440s] -- Up-to-date: /home/atharva/ros2_ws/install/my_robot_interfaces/share/my_robot_interfaces/cmake/my_robot_interfacesConfig.cmake
[1.440s] -- Up-to-date: /home/atharva/ros2_ws/install/my_robot_interfaces/share/my_robot_interfaces/cmake/my_robot_interfacesConfig-version.cmake
[1.440s] -- Up-to-date: /home/atharva/ros2_ws/install/my_robot_interfaces/share/my_robot_interfaces/package.xml
[1.442s] Invoked command in '/home/atharva/ros2_ws/build/my_robot_interfaces' returned '0': /usr/bin/cmake --install /home/atharva/ros2_ws/build/my_robot_interfaces
