[0.124s] Invoking command in '/home/atharva/Learning_ROS2/ros2_ws/build/my_robot_gazebo_bringup': CMAKE_PREFIX_PATH=/home/atharva/Learning_ROS2/ros2_ws/install/my_robot_description:/home/atharva/Learning_ROS2/ros2_ws/install/my_robot_gazebo_bringup:/home/atharva/ros2_ws/install/my_robot_gazebo_bringup:/home/atharva/ros2_ws/install/my_robot_description:/opt/ros/humble /usr/bin/cmake /home/atharva/Learning_ROS2/ros2_ws/src/my_robot_gazebo_bringup -DCMAKE_INSTALL_PREFIX=/home/atharva/Learning_ROS2/ros2_ws/install/my_robot_gazebo_bringup
[0.136s] -- Found ament_cmake: 1.3.5 (/opt/ros/humble/share/ament_cmake/cmake)
[0.302s] -- Override CMake install command with custom implementation using symlinks instead of copying resources
[0.393s] -- Configuring done
[0.396s] -- Generating done
[0.397s] -- Build files have been written to: /home/atharva/Learning_ROS2/ros2_ws/build/my_robot_gazebo_bringup
[0.400s] Invoked command in '/home/atharva/Learning_ROS2/ros2_ws/build/my_robot_gazebo_bringup' returned '0': CMAKE_PREFIX_PATH=/home/atharva/Learning_ROS2/ros2_ws/install/my_robot_description:/home/atharva/Learning_ROS2/ros2_ws/install/my_robot_gazebo_bringup:/home/atharva/ros2_ws/install/my_robot_gazebo_bringup:/home/atharva/ros2_ws/install/my_robot_description:/opt/ros/humble /usr/bin/cmake /home/atharva/Learning_ROS2/ros2_ws/src/my_robot_gazebo_bringup -DCMAKE_INSTALL_PREFIX=/home/atharva/Learning_ROS2/ros2_ws/install/my_robot_gazebo_bringup
[0.402s] Invoking command in '/home/atharva/Learning_ROS2/ros2_ws/build/my_robot_gazebo_bringup': CMAKE_PREFIX_PATH=/home/atharva/Learning_ROS2/ros2_ws/install/my_robot_description:/home/atharva/Learning_ROS2/ros2_ws/install/my_robot_gazebo_bringup:/home/atharva/ros2_ws/install/my_robot_gazebo_bringup:/home/atharva/ros2_ws/install/my_robot_description:/opt/ros/humble /usr/bin/cmake --build /home/atharva/Learning_ROS2/ros2_ws/build/my_robot_gazebo_bringup -- -j4 -l4
[0.442s] Invoked command in '/home/atharva/Learning_ROS2/ros2_ws/build/my_robot_gazebo_bringup' returned '0': CMAKE_PREFIX_PATH=/home/atharva/Learning_ROS2/ros2_ws/install/my_robot_description:/home/atharva/Learning_ROS2/ros2_ws/install/my_robot_gazebo_bringup:/home/atharva/ros2_ws/install/my_robot_gazebo_bringup:/home/atharva/ros2_ws/install/my_robot_description:/opt/ros/humble /usr/bin/cmake --build /home/atharva/Learning_ROS2/ros2_ws/build/my_robot_gazebo_bringup -- -j4 -l4
[0.466s] Invoking command in '/home/atharva/Learning_ROS2/ros2_ws/build/my_robot_gazebo_bringup': CMAKE_PREFIX_PATH=/home/atharva/Learning_ROS2/ros2_ws/install/my_robot_description:/home/atharva/Learning_ROS2/ros2_ws/install/my_robot_gazebo_bringup:/home/atharva/ros2_ws/install/my_robot_gazebo_bringup:/home/atharva/ros2_ws/install/my_robot_description:/opt/ros/humble /usr/bin/cmake --install /home/atharva/Learning_ROS2/ros2_ws/build/my_robot_gazebo_bringup
[0.475s] -- Install configuration: ""
[0.476s] -- Execute custom install script
[0.476s] -- Up-to-date symlink: /home/atharva/Learning_ROS2/ros2_ws/install/my_robot_gazebo_bringup/share/my_robot_gazebo_bringup//launch/my_robot_gazebo.launch.xml
[0.477s] -- Up-to-date symlink: /home/atharva/Learning_ROS2/ros2_ws/install/my_robot_gazebo_bringup/share/my_robot_gazebo_bringup//rviz/urdf_config.rviz
[0.477s] -- Up-to-date symlink: /home/atharva/Learning_ROS2/ros2_ws/install/my_robot_gazebo_bringup/share/ament_index/resource_index/package_run_dependencies/my_robot_gazebo_bringup
[0.477s] -- Up-to-date symlink: /home/atharva/Learning_ROS2/ros2_ws/install/my_robot_gazebo_bringup/share/ament_index/resource_index/parent_prefix_path/my_robot_gazebo_bringup
[0.477s] -- Up-to-date symlink: /home/atharva/Learning_ROS2/ros2_ws/install/my_robot_gazebo_bringup/share/my_robot_gazebo_bringup/environment/ament_prefix_path.sh
[0.478s] -- Up-to-date symlink: /home/atharva/Learning_ROS2/ros2_ws/install/my_robot_gazebo_bringup/share/my_robot_gazebo_bringup/environment/ament_prefix_path.dsv
[0.478s] -- Up-to-date symlink: /home/atharva/Learning_ROS2/ros2_ws/install/my_robot_gazebo_bringup/share/my_robot_gazebo_bringup/environment/path.sh
[0.478s] -- Up-to-date symlink: /home/atharva/Learning_ROS2/ros2_ws/install/my_robot_gazebo_bringup/share/my_robot_gazebo_bringup/environment/path.dsv
[0.478s] -- Up-to-date symlink: /home/atharva/Learning_ROS2/ros2_ws/install/my_robot_gazebo_bringup/share/my_robot_gazebo_bringup/local_setup.bash
[0.479s] -- Up-to-date symlink: /home/atharva/Learning_ROS2/ros2_ws/install/my_robot_gazebo_bringup/share/my_robot_gazebo_bringup/local_setup.sh
[0.479s] -- Up-to-date symlink: /home/atharva/Learning_ROS2/ros2_ws/install/my_robot_gazebo_bringup/share/my_robot_gazebo_bringup/local_setup.zsh
[0.479s] -- Up-to-date symlink: /home/atharva/Learning_ROS2/ros2_ws/install/my_robot_gazebo_bringup/share/my_robot_gazebo_bringup/local_setup.dsv
[0.479s] -- Symlinking: /home/atharva/Learning_ROS2/ros2_ws/install/my_robot_gazebo_bringup/share/my_robot_gazebo_bringup/package.dsv
[0.489s] -- Up-to-date symlink: /home/atharva/Learning_ROS2/ros2_ws/install/my_robot_gazebo_bringup/share/ament_index/resource_index/packages/my_robot_gazebo_bringup
[0.489s] -- Up-to-date symlink: /home/atharva/Learning_ROS2/ros2_ws/install/my_robot_gazebo_bringup/share/my_robot_gazebo_bringup/cmake/my_robot_gazebo_bringupConfig.cmake
[0.489s] -- Up-to-date symlink: /home/atharva/Learning_ROS2/ros2_ws/install/my_robot_gazebo_bringup/share/my_robot_gazebo_bringup/cmake/my_robot_gazebo_bringupConfig-version.cmake
[0.490s] -- Up-to-date symlink: /home/atharva/Learning_ROS2/ros2_ws/install/my_robot_gazebo_bringup/share/my_robot_gazebo_bringup/package.xml
[0.492s] Invoked command in '/home/atharva/Learning_ROS2/ros2_ws/build/my_robot_gazebo_bringup' returned '0': CMAKE_PREFIX_PATH=/home/atharva/Learning_ROS2/ros2_ws/install/my_robot_description:/home/atharva/Learning_ROS2/ros2_ws/install/my_robot_gazebo_bringup:/home/atharva/ros2_ws/install/my_robot_gazebo_bringup:/home/atharva/ros2_ws/install/my_robot_description:/opt/ros/humble /usr/bin/cmake --install /home/atharva/Learning_ROS2/ros2_ws/build/my_robot_gazebo_bringup
