[1.799s] DEBUG:colcon:Command line arguments: ['/usr/bin/colcon', 'build', '--symlink-install', '--cmake-args', '-DCMAKE_BUILD_TYPE=Debug']
[1.799s] DEBUG:colcon:Parsed command line arguments: Namespace(log_base=None, log_level=None, verb_name='build', build_base='build', install_base='install', merge_install=False, symlink_install=True, test_result_base=None, continue_on_error=False, executor='parallel', parallel_workers=4, event_handlers=None, ignore_user_meta=False, metas=['./colcon.meta'], base_paths=['.'], packages_ignore=None, packages_ignore_regex=None, paths=None, packages_up_to=None, packages_up_to_regex=None, packages_above=None, packages_above_and_dependencies=None, packages_above_depth=None, packages_select_by_dep=None, packages_skip_by_dep=None, packages_skip_up_to=None, packages_select_build_failed=False, packages_skip_build_finished=False, packages_select_test_failures=False, packages_skip_test_passed=False, packages_select=None, packages_skip=None, packages_select_regex=None, packages_skip_regex=None, packages_start=None, packages_end=None, allow_overriding=[], cmake_args=['-DCMAKE_BUILD_TYPE=Debug'], cmake_target=None, cmake_target_skip_unavailable=False, cmake_clean_cache=False, cmake_clean_first=False, cmake_force_configure=False, ament_cmake_args=None, catkin_cmake_args=None, catkin_skip_building_tests=False, verb_parser=<colcon_defaults.argument_parser.defaults.DefaultArgumentsDecorator object at 0x7fe9ec8177c0>, verb_extension=<colcon_core.verb.build.BuildVerb object at 0x7fe9ecc928f0>, main=<bound method BuildVerb.main of <colcon_core.verb.build.BuildVerb object at 0x7fe9ecc928f0>>)
[1.876s] Level 1:colcon.colcon_core.package_discovery:discover_packages(colcon_meta) check parameters
[1.876s] Level 1:colcon.colcon_core.package_discovery:discover_packages(recursive) check parameters
[1.876s] Level 1:colcon.colcon_core.package_discovery:discover_packages(ignore) check parameters
[1.876s] Level 1:colcon.colcon_core.package_discovery:discover_packages(path) check parameters
[1.877s] Level 1:colcon.colcon_core.package_discovery:discover_packages(colcon_meta) discover
[1.877s] Level 1:colcon.colcon_core.package_discovery:discover_packages(recursive) discover
[1.877s] INFO:colcon.colcon_core.package_discovery:Crawling recursively for packages in '/home/atharva/Learning_ROS2'
[1.877s] Level 1:colcon.colcon_core.package_identification:_identify(.) by extensions ['ignore', 'ignore_ament_install']
[1.877s] Level 1:colcon.colcon_core.package_identification:_identify(.) by extension 'ignore'
[1.877s] Level 1:colcon.colcon_core.package_identification:_identify(.) by extension 'ignore_ament_install'
[1.877s] Level 1:colcon.colcon_core.package_identification:_identify(.) by extensions ['colcon_pkg']
[1.877s] Level 1:colcon.colcon_core.package_identification:_identify(.) by extension 'colcon_pkg'
[1.877s] Level 1:colcon.colcon_core.package_identification:_identify(.) by extensions ['colcon_meta']
[1.877s] Level 1:colcon.colcon_core.package_identification:_identify(.) by extension 'colcon_meta'
[1.877s] Level 1:colcon.colcon_core.package_identification:_identify(.) by extensions ['ros']
[1.877s] Level 1:colcon.colcon_core.package_identification:_identify(.) by extension 'ros'
[1.893s] Level 1:colcon.colcon_core.package_identification:_identify(.) by extensions ['cmake', 'python']
[1.893s] Level 1:colcon.colcon_core.package_identification:_identify(.) by extension 'cmake'
[1.893s] Level 1:colcon.colcon_core.package_identification:_identify(.) by extension 'python'
[1.893s] Level 1:colcon.colcon_core.package_identification:_identify(.) by extensions ['python_setup_py']
[1.893s] Level 1:colcon.colcon_core.package_identification:_identify(.) by extension 'python_setup_py'
[1.893s] Level 1:colcon.colcon_core.package_identification:_identify(build) by extensions ['ignore', 'ignore_ament_install']
[1.894s] Level 1:colcon.colcon_core.package_identification:_identify(build) by extension 'ignore'
[1.894s] Level 1:colcon.colcon_core.package_identification:_identify(build) ignored
[1.894s] Level 1:colcon.colcon_core.package_identification:_identify(install) by extensions ['ignore', 'ignore_ament_install']
[1.894s] Level 1:colcon.colcon_core.package_identification:_identify(install) by extension 'ignore'
[1.894s] Level 1:colcon.colcon_core.package_identification:_identify(install) ignored
[1.894s] Level 1:colcon.colcon_core.package_identification:_identify(log) by extensions ['ignore', 'ignore_ament_install']
[1.894s] Level 1:colcon.colcon_core.package_identification:_identify(log) by extension 'ignore'
[1.894s] Level 1:colcon.colcon_core.package_identification:_identify(log) ignored
[1.895s] Level 1:colcon.colcon_core.package_identification:_identify(ros2_ws) by extensions ['ignore', 'ignore_ament_install']
[1.895s] Level 1:colcon.colcon_core.package_identification:_identify(ros2_ws) by extension 'ignore'
[1.895s] Level 1:colcon.colcon_core.package_identification:_identify(ros2_ws) by extension 'ignore_ament_install'
[1.895s] Level 1:colcon.colcon_core.package_identification:_identify(ros2_ws) by extensions ['colcon_pkg']
[1.895s] Level 1:colcon.colcon_core.package_identification:_identify(ros2_ws) by extension 'colcon_pkg'
[1.895s] Level 1:colcon.colcon_core.package_identification:_identify(ros2_ws) by extensions ['colcon_meta']
[1.895s] Level 1:colcon.colcon_core.package_identification:_identify(ros2_ws) by extension 'colcon_meta'
[1.895s] Level 1:colcon.colcon_core.package_identification:_identify(ros2_ws) by extensions ['ros']
[1.895s] Level 1:colcon.colcon_core.package_identification:_identify(ros2_ws) by extension 'ros'
[1.895s] Level 1:colcon.colcon_core.package_identification:_identify(ros2_ws) by extensions ['cmake', 'python']
[1.895s] Level 1:colcon.colcon_core.package_identification:_identify(ros2_ws) by extension 'cmake'
[1.895s] Level 1:colcon.colcon_core.package_identification:_identify(ros2_ws) by extension 'python'
[1.895s] Level 1:colcon.colcon_core.package_identification:_identify(ros2_ws) by extensions ['python_setup_py']
[1.895s] Level 1:colcon.colcon_core.package_identification:_identify(ros2_ws) by extension 'python_setup_py'
[1.895s] Level 1:colcon.colcon_core.package_identification:_identify(ros2_ws/build) by extensions ['ignore', 'ignore_ament_install']
[1.896s] Level 1:colcon.colcon_core.package_identification:_identify(ros2_ws/build) by extension 'ignore'
[1.896s] Level 1:colcon.colcon_core.package_identification:_identify(ros2_ws/build) ignored
[1.896s] Level 1:colcon.colcon_core.package_identification:_identify(ros2_ws/install) by extensions ['ignore', 'ignore_ament_install']
[1.896s] Level 1:colcon.colcon_core.package_identification:_identify(ros2_ws/install) by extension 'ignore'
[1.896s] Level 1:colcon.colcon_core.package_identification:_identify(ros2_ws/install) ignored
[1.896s] Level 1:colcon.colcon_core.package_identification:_identify(ros2_ws/log) by extensions ['ignore', 'ignore_ament_install']
[1.896s] Level 1:colcon.colcon_core.package_identification:_identify(ros2_ws/log) by extension 'ignore'
[1.896s] Level 1:colcon.colcon_core.package_identification:_identify(ros2_ws/log) ignored
[1.896s] Level 1:colcon.colcon_core.package_identification:_identify(ros2_ws/src) by extensions ['ignore', 'ignore_ament_install']
[1.896s] Level 1:colcon.colcon_core.package_identification:_identify(ros2_ws/src) by extension 'ignore'
[1.897s] Level 1:colcon.colcon_core.package_identification:_identify(ros2_ws/src) by extension 'ignore_ament_install'
[1.897s] Level 1:colcon.colcon_core.package_identification:_identify(ros2_ws/src) by extensions ['colcon_pkg']
[1.897s] Level 1:colcon.colcon_core.package_identification:_identify(ros2_ws/src) by extension 'colcon_pkg'
[1.897s] Level 1:colcon.colcon_core.package_identification:_identify(ros2_ws/src) by extensions ['colcon_meta']
[1.897s] Level 1:colcon.colcon_core.package_identification:_identify(ros2_ws/src) by extension 'colcon_meta'
[1.897s] Level 1:colcon.colcon_core.package_identification:_identify(ros2_ws/src) by extensions ['ros']
[1.897s] Level 1:colcon.colcon_core.package_identification:_identify(ros2_ws/src) by extension 'ros'
[1.897s] Level 1:colcon.colcon_core.package_identification:_identify(ros2_ws/src) by extensions ['cmake', 'python']
[1.897s] Level 1:colcon.colcon_core.package_identification:_identify(ros2_ws/src) by extension 'cmake'
[1.897s] Level 1:colcon.colcon_core.package_identification:_identify(ros2_ws/src) by extension 'python'
[1.897s] Level 1:colcon.colcon_core.package_identification:_identify(ros2_ws/src) by extensions ['python_setup_py']
[1.897s] Level 1:colcon.colcon_core.package_identification:_identify(ros2_ws/src) by extension 'python_setup_py'
[1.898s] Level 1:colcon.colcon_core.package_identification:_identify(ros2_ws/src/my_py_pkg) by extensions ['ignore', 'ignore_ament_install']
[1.898s] Level 1:colcon.colcon_core.package_identification:_identify(ros2_ws/src/my_py_pkg) by extension 'ignore'
[1.898s] Level 1:colcon.colcon_core.package_identification:_identify(ros2_ws/src/my_py_pkg) by extension 'ignore_ament_install'
[1.898s] Level 1:colcon.colcon_core.package_identification:_identify(ros2_ws/src/my_py_pkg) by extensions ['colcon_pkg']
[1.898s] Level 1:colcon.colcon_core.package_identification:_identify(ros2_ws/src/my_py_pkg) by extension 'colcon_pkg'
[1.898s] Level 1:colcon.colcon_core.package_identification:_identify(ros2_ws/src/my_py_pkg) by extensions ['colcon_meta']
[1.898s] Level 1:colcon.colcon_core.package_identification:_identify(ros2_ws/src/my_py_pkg) by extension 'colcon_meta'
[1.898s] Level 1:colcon.colcon_core.package_identification:_identify(ros2_ws/src/my_py_pkg) by extensions ['ros']
[1.898s] Level 1:colcon.colcon_core.package_identification:_identify(ros2_ws/src/my_py_pkg) by extension 'ros'
[1.903s] DEBUG:colcon.colcon_core.package_identification:Package 'ros2_ws/src/my_py_pkg' with type 'ros.ament_python' and name 'my_py_pkg'
[1.903s] Level 1:colcon.colcon_core.package_identification:_identify(ros2_ws/src/my_robot_bringup) by extensions ['ignore', 'ignore_ament_install']
[1.903s] Level 1:colcon.colcon_core.package_identification:_identify(ros2_ws/src/my_robot_bringup) by extension 'ignore'
[1.903s] Level 1:colcon.colcon_core.package_identification:_identify(ros2_ws/src/my_robot_bringup) by extension 'ignore_ament_install'
[1.903s] Level 1:colcon.colcon_core.package_identification:_identify(ros2_ws/src/my_robot_bringup) by extensions ['colcon_pkg']
[1.903s] Level 1:colcon.colcon_core.package_identification:_identify(ros2_ws/src/my_robot_bringup) by extension 'colcon_pkg'
[1.904s] Level 1:colcon.colcon_core.package_identification:_identify(ros2_ws/src/my_robot_bringup) by extensions ['colcon_meta']
[1.904s] Level 1:colcon.colcon_core.package_identification:_identify(ros2_ws/src/my_robot_bringup) by extension 'colcon_meta'
[1.904s] Level 1:colcon.colcon_core.package_identification:_identify(ros2_ws/src/my_robot_bringup) by extensions ['ros']
[1.904s] Level 1:colcon.colcon_core.package_identification:_identify(ros2_ws/src/my_robot_bringup) by extension 'ros'
[1.904s] DEBUG:colcon.colcon_core.package_identification:Package 'ros2_ws/src/my_robot_bringup' with type 'ros.ament_cmake' and name 'my_robot_bringup'
[1.904s] Level 1:colcon.colcon_core.package_identification:_identify(ros2_ws/src/my_robot_description) by extensions ['ignore', 'ignore_ament_install']
[1.905s] Level 1:colcon.colcon_core.package_identification:_identify(ros2_ws/src/my_robot_description) by extension 'ignore'
[1.905s] Level 1:colcon.colcon_core.package_identification:_identify(ros2_ws/src/my_robot_description) by extension 'ignore_ament_install'
[1.905s] Level 1:colcon.colcon_core.package_identification:_identify(ros2_ws/src/my_robot_description) by extensions ['colcon_pkg']
[1.905s] Level 1:colcon.colcon_core.package_identification:_identify(ros2_ws/src/my_robot_description) by extension 'colcon_pkg'
[1.905s] Level 1:colcon.colcon_core.package_identification:_identify(ros2_ws/src/my_robot_description) by extensions ['colcon_meta']
[1.905s] Level 1:colcon.colcon_core.package_identification:_identify(ros2_ws/src/my_robot_description) by extension 'colcon_meta'
[1.905s] Level 1:colcon.colcon_core.package_identification:_identify(ros2_ws/src/my_robot_description) by extensions ['ros']
[1.905s] Level 1:colcon.colcon_core.package_identification:_identify(ros2_ws/src/my_robot_description) by extension 'ros'
[1.906s] DEBUG:colcon.colcon_core.package_identification:Package 'ros2_ws/src/my_robot_description' with type 'ros.ament_cmake' and name 'my_robot_description'
[1.906s] Level 1:colcon.colcon_core.package_identification:_identify(ros2_ws/src/my_robot_gazebo_bringup) by extensions ['ignore', 'ignore_ament_install']
[1.906s] Level 1:colcon.colcon_core.package_identification:_identify(ros2_ws/src/my_robot_gazebo_bringup) by extension 'ignore'
[1.906s] Level 1:colcon.colcon_core.package_identification:_identify(ros2_ws/src/my_robot_gazebo_bringup) by extension 'ignore_ament_install'
[1.906s] Level 1:colcon.colcon_core.package_identification:_identify(ros2_ws/src/my_robot_gazebo_bringup) by extensions ['colcon_pkg']
[1.906s] Level 1:colcon.colcon_core.package_identification:_identify(ros2_ws/src/my_robot_gazebo_bringup) by extension 'colcon_pkg'
[1.906s] Level 1:colcon.colcon_core.package_identification:_identify(ros2_ws/src/my_robot_gazebo_bringup) by extensions ['colcon_meta']
[1.906s] Level 1:colcon.colcon_core.package_identification:_identify(ros2_ws/src/my_robot_gazebo_bringup) by extension 'colcon_meta'
[1.906s] Level 1:colcon.colcon_core.package_identification:_identify(ros2_ws/src/my_robot_gazebo_bringup) by extensions ['ros']
[1.906s] Level 1:colcon.colcon_core.package_identification:_identify(ros2_ws/src/my_robot_gazebo_bringup) by extension 'ros'
[1.907s] DEBUG:colcon.colcon_core.package_identification:Package 'ros2_ws/src/my_robot_gazebo_bringup' with type 'ros.ament_cmake' and name 'my_robot_gazebo_bringup'
[1.907s] Level 1:colcon.colcon_core.package_identification:_identify(ros2_ws/src/my_robot_interfaces) by extensions ['ignore', 'ignore_ament_install']
[1.907s] Level 1:colcon.colcon_core.package_identification:_identify(ros2_ws/src/my_robot_interfaces) by extension 'ignore'
[1.907s] Level 1:colcon.colcon_core.package_identification:_identify(ros2_ws/src/my_robot_interfaces) by extension 'ignore_ament_install'
[1.907s] Level 1:colcon.colcon_core.package_identification:_identify(ros2_ws/src/my_robot_interfaces) by extensions ['colcon_pkg']
[1.907s] Level 1:colcon.colcon_core.package_identification:_identify(ros2_ws/src/my_robot_interfaces) by extension 'colcon_pkg'
[1.907s] Level 1:colcon.colcon_core.package_identification:_identify(ros2_ws/src/my_robot_interfaces) by extensions ['colcon_meta']
[1.907s] Level 1:colcon.colcon_core.package_identification:_identify(ros2_ws/src/my_robot_interfaces) by extension 'colcon_meta'
[1.907s] Level 1:colcon.colcon_core.package_identification:_identify(ros2_ws/src/my_robot_interfaces) by extensions ['ros']
[1.907s] Level 1:colcon.colcon_core.package_identification:_identify(ros2_ws/src/my_robot_interfaces) by extension 'ros'
[1.908s] DEBUG:colcon.colcon_core.package_identification:Package 'ros2_ws/src/my_robot_interfaces' with type 'ros.ament_cmake' and name 'my_robot_interfaces'
[1.908s] Level 1:colcon.colcon_core.package_identification:_identify(ros2_ws/src/radio_station_bringup) by extensions ['ignore', 'ignore_ament_install']
[1.908s] Level 1:colcon.colcon_core.package_identification:_identify(ros2_ws/src/radio_station_bringup) by extension 'ignore'
[1.908s] Level 1:colcon.colcon_core.package_identification:_identify(ros2_ws/src/radio_station_bringup) by extension 'ignore_ament_install'
[1.908s] Level 1:colcon.colcon_core.package_identification:_identify(ros2_ws/src/radio_station_bringup) by extensions ['colcon_pkg']
[1.908s] Level 1:colcon.colcon_core.package_identification:_identify(ros2_ws/src/radio_station_bringup) by extension 'colcon_pkg'
[1.908s] Level 1:colcon.colcon_core.package_identification:_identify(ros2_ws/src/radio_station_bringup) by extensions ['colcon_meta']
[1.908s] Level 1:colcon.colcon_core.package_identification:_identify(ros2_ws/src/radio_station_bringup) by extension 'colcon_meta'
[1.909s] Level 1:colcon.colcon_core.package_identification:_identify(ros2_ws/src/radio_station_bringup) by extensions ['ros']
[1.909s] Level 1:colcon.colcon_core.package_identification:_identify(ros2_ws/src/radio_station_bringup) by extension 'ros'
[1.909s] DEBUG:colcon.colcon_core.package_identification:Package 'ros2_ws/src/radio_station_bringup' with type 'ros.ament_cmake' and name 'radio_station_bringup'
[1.909s] Level 1:colcon.colcon_core.package_identification:_identify(ros2_ws/src/turtlesim_catch_em_all) by extensions ['ignore', 'ignore_ament_install']
[1.910s] Level 1:colcon.colcon_core.package_identification:_identify(ros2_ws/src/turtlesim_catch_em_all) by extension 'ignore'
[1.910s] Level 1:colcon.colcon_core.package_identification:_identify(ros2_ws/src/turtlesim_catch_em_all) by extension 'ignore_ament_install'
[1.910s] Level 1:colcon.colcon_core.package_identification:_identify(ros2_ws/src/turtlesim_catch_em_all) by extensions ['colcon_pkg']
[1.910s] Level 1:colcon.colcon_core.package_identification:_identify(ros2_ws/src/turtlesim_catch_em_all) by extension 'colcon_pkg'
[1.910s] Level 1:colcon.colcon_core.package_identification:_identify(ros2_ws/src/turtlesim_catch_em_all) by extensions ['colcon_meta']
[1.910s] Level 1:colcon.colcon_core.package_identification:_identify(ros2_ws/src/turtlesim_catch_em_all) by extension 'colcon_meta'
[1.910s] Level 1:colcon.colcon_core.package_identification:_identify(ros2_ws/src/turtlesim_catch_em_all) by extensions ['ros']
[1.910s] Level 1:colcon.colcon_core.package_identification:_identify(ros2_ws/src/turtlesim_catch_em_all) by extension 'ros'
[1.911s] DEBUG:colcon.colcon_core.package_identification:Package 'ros2_ws/src/turtlesim_catch_em_all' with type 'ros.ament_python' and name 'turtlesim_catch_em_all'
[1.912s] Level 1:colcon.colcon_core.package_discovery:discover_packages(recursive) using defaults
[1.912s] Level 1:colcon.colcon_core.package_discovery:discover_packages(ignore) discover
[1.912s] Level 1:colcon.colcon_core.package_discovery:discover_packages(ignore) using defaults
[1.912s] Level 1:colcon.colcon_core.package_discovery:discover_packages(path) discover
[1.912s] Level 1:colcon.colcon_core.package_discovery:discover_packages(path) using defaults
[2.065s] Level 1:colcon.colcon_core.package_discovery:discover_packages(prefix_path) check parameters
[2.065s] Level 1:colcon.colcon_core.package_discovery:discover_packages(prefix_path) discover
[2.093s] WARNING:colcon.colcon_ros.prefix_path.catkin:The path '/home/atharva/ros2_ws/install/my_robot_gazebo_bringup' in the environment variable CMAKE_PREFIX_PATH doesn't exist
[2.093s] WARNING:colcon.colcon_ros.prefix_path.catkin:The path '/home/atharva/ros2_ws/install/my_robot_description' in the environment variable CMAKE_PREFIX_PATH doesn't exist
[2.120s] DEBUG:colcon.colcon_installed_package_information.package_discovery:Found 0 installed packages in /home/atharva/ros2_ws/install
[2.157s] DEBUG:colcon.colcon_installed_package_information.package_discovery:Found 7 installed packages in /home/atharva/Learning_ROS2/ros2_ws/install
[2.182s] DEBUG:colcon.colcon_installed_package_information.package_discovery:Found 319 installed packages in /opt/ros/humble
[2.185s] Level 1:colcon.colcon_core.package_discovery:discover_packages(prefix_path) using defaults
[2.332s] Level 5:colcon.colcon_core.verb:set package 'my_robot_description' build argument 'cmake_args' from command line to '['-DCMAKE_BUILD_TYPE=Debug']'
[2.332s] Level 5:colcon.colcon_core.verb:set package 'my_robot_description' build argument 'cmake_target' from command line to 'None'
[2.332s] Level 5:colcon.colcon_core.verb:set package 'my_robot_description' build argument 'cmake_target_skip_unavailable' from command line to 'False'
[2.332s] Level 5:colcon.colcon_core.verb:set package 'my_robot_description' build argument 'cmake_clean_cache' from command line to 'False'
[2.332s] Level 5:colcon.colcon_core.verb:set package 'my_robot_description' build argument 'cmake_clean_first' from command line to 'False'
[2.332s] Level 5:colcon.colcon_core.verb:set package 'my_robot_description' build argument 'cmake_force_configure' from command line to 'False'
[2.332s] Level 5:colcon.colcon_core.verb:set package 'my_robot_description' build argument 'ament_cmake_args' from command line to 'None'
[2.332s] Level 5:colcon.colcon_core.verb:set package 'my_robot_description' build argument 'catkin_cmake_args' from command line to 'None'
[2.332s] Level 5:colcon.colcon_core.verb:set package 'my_robot_description' build argument 'catkin_skip_building_tests' from command line to 'False'
[2.332s] DEBUG:colcon.colcon_core.verb:Building package 'my_robot_description' with the following arguments: {'ament_cmake_args': None, 'build_base': '/home/atharva/Learning_ROS2/build/my_robot_description', 'catkin_cmake_args': None, 'catkin_skip_building_tests': False, 'cmake_args': ['-DCMAKE_BUILD_TYPE=Debug'], 'cmake_clean_cache': False, 'cmake_clean_first': False, 'cmake_force_configure': False, 'cmake_target': None, 'cmake_target_skip_unavailable': False, 'install_base': '/home/atharva/Learning_ROS2/install/my_robot_description', 'merge_install': False, 'path': '/home/atharva/Learning_ROS2/ros2_ws/src/my_robot_description', 'symlink_install': True, 'test_result_base': None}
[2.358s] Level 5:colcon.colcon_core.verb:set package 'my_robot_interfaces' build argument 'cmake_args' from command line to '['-DCMAKE_BUILD_TYPE=Debug']'
[2.358s] Level 5:colcon.colcon_core.verb:set package 'my_robot_interfaces' build argument 'cmake_target' from command line to 'None'
[2.358s] Level 5:colcon.colcon_core.verb:set package 'my_robot_interfaces' build argument 'cmake_target_skip_unavailable' from command line to 'False'
[2.358s] Level 5:colcon.colcon_core.verb:set package 'my_robot_interfaces' build argument 'cmake_clean_cache' from command line to 'False'
[2.358s] Level 5:colcon.colcon_core.verb:set package 'my_robot_interfaces' build argument 'cmake_clean_first' from command line to 'False'
[2.358s] Level 5:colcon.colcon_core.verb:set package 'my_robot_interfaces' build argument 'cmake_force_configure' from command line to 'False'
[2.358s] Level 5:colcon.colcon_core.verb:set package 'my_robot_interfaces' build argument 'ament_cmake_args' from command line to 'None'
[2.358s] Level 5:colcon.colcon_core.verb:set package 'my_robot_interfaces' build argument 'catkin_cmake_args' from command line to 'None'
[2.358s] Level 5:colcon.colcon_core.verb:set package 'my_robot_interfaces' build argument 'catkin_skip_building_tests' from command line to 'False'
[2.358s] DEBUG:colcon.colcon_core.verb:Building package 'my_robot_interfaces' with the following arguments: {'ament_cmake_args': None, 'build_base': '/home/atharva/Learning_ROS2/build/my_robot_interfaces', 'catkin_cmake_args': None, 'catkin_skip_building_tests': False, 'cmake_args': ['-DCMAKE_BUILD_TYPE=Debug'], 'cmake_clean_cache': False, 'cmake_clean_first': False, 'cmake_force_configure': False, 'cmake_target': None, 'cmake_target_skip_unavailable': False, 'install_base': '/home/atharva/Learning_ROS2/install/my_robot_interfaces', 'merge_install': False, 'path': '/home/atharva/Learning_ROS2/ros2_ws/src/my_robot_interfaces', 'symlink_install': True, 'test_result_base': None}
[2.382s] Level 5:colcon.colcon_core.verb:set package 'my_py_pkg' build argument 'cmake_args' from command line to '['-DCMAKE_BUILD_TYPE=Debug']'
[2.382s] Level 5:colcon.colcon_core.verb:set package 'my_py_pkg' build argument 'cmake_target' from command line to 'None'
[2.382s] Level 5:colcon.colcon_core.verb:set package 'my_py_pkg' build argument 'cmake_target_skip_unavailable' from command line to 'False'
[2.383s] Level 5:colcon.colcon_core.verb:set package 'my_py_pkg' build argument 'cmake_clean_cache' from command line to 'False'
[2.383s] Level 5:colcon.colcon_core.verb:set package 'my_py_pkg' build argument 'cmake_clean_first' from command line to 'False'
[2.383s] Level 5:colcon.colcon_core.verb:set package 'my_py_pkg' build argument 'cmake_force_configure' from command line to 'False'
[2.383s] Level 5:colcon.colcon_core.verb:set package 'my_py_pkg' build argument 'ament_cmake_args' from command line to 'None'
[2.383s] Level 5:colcon.colcon_core.verb:set package 'my_py_pkg' build argument 'catkin_cmake_args' from command line to 'None'
[2.383s] Level 5:colcon.colcon_core.verb:set package 'my_py_pkg' build argument 'catkin_skip_building_tests' from command line to 'False'
[2.383s] DEBUG:colcon.colcon_core.verb:Building package 'my_py_pkg' with the following arguments: {'ament_cmake_args': None, 'build_base': '/home/atharva/Learning_ROS2/build/my_py_pkg', 'catkin_cmake_args': None, 'catkin_skip_building_tests': False, 'cmake_args': ['-DCMAKE_BUILD_TYPE=Debug'], 'cmake_clean_cache': False, 'cmake_clean_first': False, 'cmake_force_configure': False, 'cmake_target': None, 'cmake_target_skip_unavailable': False, 'install_base': '/home/atharva/Learning_ROS2/install/my_py_pkg', 'merge_install': False, 'path': '/home/atharva/Learning_ROS2/ros2_ws/src/my_py_pkg', 'symlink_install': True, 'test_result_base': None}
[2.408s] Level 5:colcon.colcon_core.verb:set package 'my_robot_gazebo_bringup' build argument 'cmake_args' from command line to '['-DCMAKE_BUILD_TYPE=Debug']'
[2.408s] Level 5:colcon.colcon_core.verb:set package 'my_robot_gazebo_bringup' build argument 'cmake_target' from command line to 'None'
[2.408s] Level 5:colcon.colcon_core.verb:set package 'my_robot_gazebo_bringup' build argument 'cmake_target_skip_unavailable' from command line to 'False'
[2.408s] Level 5:colcon.colcon_core.verb:set package 'my_robot_gazebo_bringup' build argument 'cmake_clean_cache' from command line to 'False'
[2.408s] Level 5:colcon.colcon_core.verb:set package 'my_robot_gazebo_bringup' build argument 'cmake_clean_first' from command line to 'False'
[2.408s] Level 5:colcon.colcon_core.verb:set package 'my_robot_gazebo_bringup' build argument 'cmake_force_configure' from command line to 'False'
[2.408s] Level 5:colcon.colcon_core.verb:set package 'my_robot_gazebo_bringup' build argument 'ament_cmake_args' from command line to 'None'
[2.408s] Level 5:colcon.colcon_core.verb:set package 'my_robot_gazebo_bringup' build argument 'catkin_cmake_args' from command line to 'None'
[2.408s] Level 5:colcon.colcon_core.verb:set package 'my_robot_gazebo_bringup' build argument 'catkin_skip_building_tests' from command line to 'False'
[2.409s] DEBUG:colcon.colcon_core.verb:Building package 'my_robot_gazebo_bringup' with the following arguments: {'ament_cmake_args': None, 'build_base': '/home/atharva/Learning_ROS2/build/my_robot_gazebo_bringup', 'catkin_cmake_args': None, 'catkin_skip_building_tests': False, 'cmake_args': ['-DCMAKE_BUILD_TYPE=Debug'], 'cmake_clean_cache': False, 'cmake_clean_first': False, 'cmake_force_configure': False, 'cmake_target': None, 'cmake_target_skip_unavailable': False, 'install_base': '/home/atharva/Learning_ROS2/install/my_robot_gazebo_bringup', 'merge_install': False, 'path': '/home/atharva/Learning_ROS2/ros2_ws/src/my_robot_gazebo_bringup', 'symlink_install': True, 'test_result_base': None}
[2.433s] Level 5:colcon.colcon_core.verb:set package 'turtlesim_catch_em_all' build argument 'cmake_args' from command line to '['-DCMAKE_BUILD_TYPE=Debug']'
[2.434s] Level 5:colcon.colcon_core.verb:set package 'turtlesim_catch_em_all' build argument 'cmake_target' from command line to 'None'
[2.434s] Level 5:colcon.colcon_core.verb:set package 'turtlesim_catch_em_all' build argument 'cmake_target_skip_unavailable' from command line to 'False'
[2.434s] Level 5:colcon.colcon_core.verb:set package 'turtlesim_catch_em_all' build argument 'cmake_clean_cache' from command line to 'False'
[2.434s] Level 5:colcon.colcon_core.verb:set package 'turtlesim_catch_em_all' build argument 'cmake_clean_first' from command line to 'False'
[2.434s] Level 5:colcon.colcon_core.verb:set package 'turtlesim_catch_em_all' build argument 'cmake_force_configure' from command line to 'False'
[2.434s] Level 5:colcon.colcon_core.verb:set package 'turtlesim_catch_em_all' build argument 'ament_cmake_args' from command line to 'None'
[2.434s] Level 5:colcon.colcon_core.verb:set package 'turtlesim_catch_em_all' build argument 'catkin_cmake_args' from command line to 'None'
[2.434s] Level 5:colcon.colcon_core.verb:set package 'turtlesim_catch_em_all' build argument 'catkin_skip_building_tests' from command line to 'False'
[2.434s] DEBUG:colcon.colcon_core.verb:Building package 'turtlesim_catch_em_all' with the following arguments: {'ament_cmake_args': None, 'build_base': '/home/atharva/Learning_ROS2/build/turtlesim_catch_em_all', 'catkin_cmake_args': None, 'catkin_skip_building_tests': False, 'cmake_args': ['-DCMAKE_BUILD_TYPE=Debug'], 'cmake_clean_cache': False, 'cmake_clean_first': False, 'cmake_force_configure': False, 'cmake_target': None, 'cmake_target_skip_unavailable': False, 'install_base': '/home/atharva/Learning_ROS2/install/turtlesim_catch_em_all', 'merge_install': False, 'path': '/home/atharva/Learning_ROS2/ros2_ws/src/turtlesim_catch_em_all', 'symlink_install': True, 'test_result_base': None}
[2.458s] Level 5:colcon.colcon_core.verb:set package 'my_robot_bringup' build argument 'cmake_args' from command line to '['-DCMAKE_BUILD_TYPE=Debug']'
[2.458s] Level 5:colcon.colcon_core.verb:set package 'my_robot_bringup' build argument 'cmake_target' from command line to 'None'
[2.458s] Level 5:colcon.colcon_core.verb:set package 'my_robot_bringup' build argument 'cmake_target_skip_unavailable' from command line to 'False'
[2.458s] Level 5:colcon.colcon_core.verb:set package 'my_robot_bringup' build argument 'cmake_clean_cache' from command line to 'False'
[2.459s] Level 5:colcon.colcon_core.verb:set package 'my_robot_bringup' build argument 'cmake_clean_first' from command line to 'False'
[2.459s] Level 5:colcon.colcon_core.verb:set package 'my_robot_bringup' build argument 'cmake_force_configure' from command line to 'False'
[2.459s] Level 5:colcon.colcon_core.verb:set package 'my_robot_bringup' build argument 'ament_cmake_args' from command line to 'None'
[2.459s] Level 5:colcon.colcon_core.verb:set package 'my_robot_bringup' build argument 'catkin_cmake_args' from command line to 'None'
[2.459s] Level 5:colcon.colcon_core.verb:set package 'my_robot_bringup' build argument 'catkin_skip_building_tests' from command line to 'False'
[2.459s] DEBUG:colcon.colcon_core.verb:Building package 'my_robot_bringup' with the following arguments: {'ament_cmake_args': None, 'build_base': '/home/atharva/Learning_ROS2/build/my_robot_bringup', 'catkin_cmake_args': None, 'catkin_skip_building_tests': False, 'cmake_args': ['-DCMAKE_BUILD_TYPE=Debug'], 'cmake_clean_cache': False, 'cmake_clean_first': False, 'cmake_force_configure': False, 'cmake_target': None, 'cmake_target_skip_unavailable': False, 'install_base': '/home/atharva/Learning_ROS2/install/my_robot_bringup', 'merge_install': False, 'path': '/home/atharva/Learning_ROS2/ros2_ws/src/my_robot_bringup', 'symlink_install': True, 'test_result_base': None}
[2.483s] Level 5:colcon.colcon_core.verb:set package 'radio_station_bringup' build argument 'cmake_args' from command line to '['-DCMAKE_BUILD_TYPE=Debug']'
[2.483s] Level 5:colcon.colcon_core.verb:set package 'radio_station_bringup' build argument 'cmake_target' from command line to 'None'
[2.483s] Level 5:colcon.colcon_core.verb:set package 'radio_station_bringup' build argument 'cmake_target_skip_unavailable' from command line to 'False'
[2.483s] Level 5:colcon.colcon_core.verb:set package 'radio_station_bringup' build argument 'cmake_clean_cache' from command line to 'False'
[2.483s] Level 5:colcon.colcon_core.verb:set package 'radio_station_bringup' build argument 'cmake_clean_first' from command line to 'False'
[2.484s] Level 5:colcon.colcon_core.verb:set package 'radio_station_bringup' build argument 'cmake_force_configure' from command line to 'False'
[2.484s] Level 5:colcon.colcon_core.verb:set package 'radio_station_bringup' build argument 'ament_cmake_args' from command line to 'None'
[2.484s] Level 5:colcon.colcon_core.verb:set package 'radio_station_bringup' build argument 'catkin_cmake_args' from command line to 'None'
[2.484s] Level 5:colcon.colcon_core.verb:set package 'radio_station_bringup' build argument 'catkin_skip_building_tests' from command line to 'False'
[2.484s] DEBUG:colcon.colcon_core.verb:Building package 'radio_station_bringup' with the following arguments: {'ament_cmake_args': None, 'build_base': '/home/atharva/Learning_ROS2/build/radio_station_bringup', 'catkin_cmake_args': None, 'catkin_skip_building_tests': False, 'cmake_args': ['-DCMAKE_BUILD_TYPE=Debug'], 'cmake_clean_cache': False, 'cmake_clean_first': False, 'cmake_force_configure': False, 'cmake_target': None, 'cmake_target_skip_unavailable': False, 'install_base': '/home/atharva/Learning_ROS2/install/radio_station_bringup', 'merge_install': False, 'path': '/home/atharva/Learning_ROS2/ros2_ws/src/radio_station_bringup', 'symlink_install': True, 'test_result_base': None}
[2.508s] INFO:colcon.colcon_core.executor:Executing jobs using 'parallel' executor
[2.533s] DEBUG:colcon.colcon_parallel_executor.executor.parallel:run_until_complete
[2.535s] INFO:colcon.colcon_ros.task.ament_cmake.build:Building ROS package in '/home/atharva/Learning_ROS2/ros2_ws/src/my_robot_interfaces' with build type 'ament_cmake'
[2.535s] INFO:colcon.colcon_cmake.task.cmake.build:Building CMake package in '/home/atharva/Learning_ROS2/ros2_ws/src/my_robot_interfaces'
[2.565s] INFO:colcon.colcon_core.plugin_system:Skipping extension 'colcon_core.shell.bat': Not used on non-Windows systems
[2.565s] INFO:colcon.colcon_core.shell:Skip shell extension 'powershell' for command environment: Not usable outside of PowerShell
[2.565s] DEBUG:colcon.colcon_core.shell:Skip shell extension 'dsv' for command environment
[2.672s] INFO:colcon.colcon_ros.task.ament_cmake.build:Building ROS package in '/home/atharva/Learning_ROS2/ros2_ws/src/my_robot_description' with build type 'ament_cmake'
[2.672s] INFO:colcon.colcon_cmake.task.cmake.build:Building CMake package in '/home/atharva/Learning_ROS2/ros2_ws/src/my_robot_description'
[2.702s] INFO:colcon.colcon_core.shell:Skip shell extension 'powershell' for command environment: Not usable outside of PowerShell
[2.702s] DEBUG:colcon.colcon_core.shell:Skip shell extension 'dsv' for command environment
[2.817s] DEBUG:colcon.colcon_core.event_handler.log_command:Invoking command in '/home/atharva/Learning_ROS2/build/my_robot_interfaces': CMAKE_PREFIX_PATH=${CMAKE_PREFIX_PATH}:/home/atharva/Learning_ROS2/ros2_ws/install/turtlesim_catch_em_all:/home/atharva/Learning_ROS2/ros2_ws/install/my_py_pkg:/opt/ros/humble: /usr/bin/cmake --build /home/atharva/Learning_ROS2/build/my_robot_interfaces -- -j4 -l4
[2.827s] DEBUG:colcon.colcon_core.event_handler.log_command:Invoking command in '/home/atharva/Learning_ROS2/build/my_robot_description': CMAKE_PREFIX_PATH=${CMAKE_PREFIX_PATH}:/home/atharva/Learning_ROS2/ros2_ws/install/turtlesim_catch_em_all:/home/atharva/Learning_ROS2/ros2_ws/install/my_py_pkg:/opt/ros/humble: /usr/bin/cmake --build /home/atharva/Learning_ROS2/build/my_robot_description -- -j4 -l4
[2.893s] DEBUG:colcon.colcon_core.event_handler.log_command:Invoked command in '/home/atharva/Learning_ROS2/build/my_robot_description' returned '0': CMAKE_PREFIX_PATH=${CMAKE_PREFIX_PATH}:/home/atharva/Learning_ROS2/ros2_ws/install/turtlesim_catch_em_all:/home/atharva/Learning_ROS2/ros2_ws/install/my_py_pkg:/opt/ros/humble: /usr/bin/cmake --build /home/atharva/Learning_ROS2/build/my_robot_description -- -j4 -l4
[3.018s] DEBUG:colcon.colcon_core.event_handler.log_command:Invoking command in '/home/atharva/Learning_ROS2/build/my_robot_description': CMAKE_PREFIX_PATH=${CMAKE_PREFIX_PATH}:/home/atharva/Learning_ROS2/ros2_ws/install/turtlesim_catch_em_all:/home/atharva/Learning_ROS2/ros2_ws/install/my_py_pkg:/opt/ros/humble: /usr/bin/cmake --install /home/atharva/Learning_ROS2/build/my_robot_description
[3.072s] Level 1:colcon.colcon_core.environment:create_environment_scripts_only(my_robot_description)
[3.077s] DEBUG:colcon.colcon_core.event_handler.log_command:Invoked command in '/home/atharva/Learning_ROS2/build/my_robot_description' returned '0': CMAKE_PREFIX_PATH=${CMAKE_PREFIX_PATH}:/home/atharva/Learning_ROS2/ros2_ws/install/turtlesim_catch_em_all:/home/atharva/Learning_ROS2/ros2_ws/install/my_py_pkg:/opt/ros/humble: /usr/bin/cmake --install /home/atharva/Learning_ROS2/build/my_robot_description
[3.138s] Level 1:colcon.colcon_core.environment:checking '/home/atharva/Learning_ROS2/install/my_robot_description' for CMake module files
[3.139s] Level 1:colcon.colcon_core.environment:checking '/home/atharva/Learning_ROS2/install/my_robot_description' for CMake config files
[3.140s] Level 1:colcon.colcon_core.shell:create_environment_hook('my_robot_description', 'cmake_prefix_path')
[3.179s] INFO:colcon.colcon_core.shell:Creating environment hook '/home/atharva/Learning_ROS2/install/my_robot_description/share/my_robot_description/hook/cmake_prefix_path.ps1'
[3.181s] INFO:colcon.colcon_core.shell:Creating environment descriptor '/home/atharva/Learning_ROS2/install/my_robot_description/share/my_robot_description/hook/cmake_prefix_path.dsv'
[3.182s] INFO:colcon.colcon_core.shell:Creating environment hook '/home/atharva/Learning_ROS2/install/my_robot_description/share/my_robot_description/hook/cmake_prefix_path.sh'
[3.183s] Level 1:colcon.colcon_core.environment:checking '/home/atharva/Learning_ROS2/install/my_robot_description/bin'
[3.183s] Level 1:colcon.colcon_core.environment:checking '/home/atharva/Learning_ROS2/install/my_robot_description/lib/pkgconfig/my_robot_description.pc'
[3.183s] Level 1:colcon.colcon_core.environment:checking '/home/atharva/Learning_ROS2/install/my_robot_description/lib/python3.10/site-packages'
[3.184s] Level 1:colcon.colcon_core.environment:checking '/home/atharva/Learning_ROS2/install/my_robot_description/bin'
[3.222s] INFO:colcon.colcon_core.shell:Creating package script '/home/atharva/Learning_ROS2/install/my_robot_description/share/my_robot_description/package.ps1'
[3.225s] INFO:colcon.colcon_core.shell:Creating package descriptor '/home/atharva/Learning_ROS2/install/my_robot_description/share/my_robot_description/package.dsv'
[3.228s] INFO:colcon.colcon_core.shell:Creating package script '/home/atharva/Learning_ROS2/install/my_robot_description/share/my_robot_description/package.sh'
[3.230s] INFO:colcon.colcon_core.shell:Creating package script '/home/atharva/Learning_ROS2/install/my_robot_description/share/my_robot_description/package.bash'
[3.232s] INFO:colcon.colcon_core.shell:Creating package script '/home/atharva/Learning_ROS2/install/my_robot_description/share/my_robot_description/package.zsh'
[3.234s] Level 1:colcon.colcon_core.environment:create_file_with_runtime_dependencies(/home/atharva/Learning_ROS2/install/my_robot_description/share/colcon-core/packages/my_robot_description)
[3.318s] Level 1:colcon.colcon_core.environment:create_environment_scripts_only(my_robot_description)
[3.364s] Level 1:colcon.colcon_core.environment:checking '/home/atharva/Learning_ROS2/install/my_robot_description' for CMake module files
[3.365s] Level 1:colcon.colcon_core.environment:checking '/home/atharva/Learning_ROS2/install/my_robot_description' for CMake config files
[3.365s] Level 1:colcon.colcon_core.shell:create_environment_hook('my_robot_description', 'cmake_prefix_path')
[3.410s] INFO:colcon.colcon_core.shell:Creating environment hook '/home/atharva/Learning_ROS2/install/my_robot_description/share/my_robot_description/hook/cmake_prefix_path.ps1'
[3.411s] INFO:colcon.colcon_core.shell:Creating environment descriptor '/home/atharva/Learning_ROS2/install/my_robot_description/share/my_robot_description/hook/cmake_prefix_path.dsv'
[3.412s] INFO:colcon.colcon_core.shell:Creating environment hook '/home/atharva/Learning_ROS2/install/my_robot_description/share/my_robot_description/hook/cmake_prefix_path.sh'
[3.414s] Level 1:colcon.colcon_core.environment:checking '/home/atharva/Learning_ROS2/install/my_robot_description/bin'
[3.414s] Level 1:colcon.colcon_core.environment:checking '/home/atharva/Learning_ROS2/install/my_robot_description/lib/pkgconfig/my_robot_description.pc'
[3.415s] Level 1:colcon.colcon_core.environment:checking '/home/atharva/Learning_ROS2/install/my_robot_description/lib/python3.10/site-packages'
[3.415s] Level 1:colcon.colcon_core.environment:checking '/home/atharva/Learning_ROS2/install/my_robot_description/bin'
[3.460s] INFO:colcon.colcon_core.shell:Creating package script '/home/atharva/Learning_ROS2/install/my_robot_description/share/my_robot_description/package.ps1'
[3.461s] INFO:colcon.colcon_core.shell:Creating package descriptor '/home/atharva/Learning_ROS2/install/my_robot_description/share/my_robot_description/package.dsv'
[3.462s] INFO:colcon.colcon_core.shell:Creating package script '/home/atharva/Learning_ROS2/install/my_robot_description/share/my_robot_description/package.sh'
[3.463s] INFO:colcon.colcon_core.shell:Creating package script '/home/atharva/Learning_ROS2/install/my_robot_description/share/my_robot_description/package.bash'
[3.464s] INFO:colcon.colcon_core.shell:Creating package script '/home/atharva/Learning_ROS2/install/my_robot_description/share/my_robot_description/package.zsh'
[3.465s] Level 1:colcon.colcon_core.environment:create_file_with_runtime_dependencies(/home/atharva/Learning_ROS2/install/my_robot_description/share/colcon-core/packages/my_robot_description)
[3.467s] INFO:colcon.colcon_ros.task.ament_cmake.build:Building ROS package in '/home/atharva/Learning_ROS2/ros2_ws/src/my_robot_gazebo_bringup' with build type 'ament_cmake'
[3.467s] INFO:colcon.colcon_cmake.task.cmake.build:Building CMake package in '/home/atharva/Learning_ROS2/ros2_ws/src/my_robot_gazebo_bringup'
[3.509s] INFO:colcon.colcon_core.shell:Skip shell extension 'powershell' for command environment: Not usable outside of PowerShell
[3.509s] DEBUG:colcon.colcon_core.shell:Skip shell extension 'dsv' for command environment
[3.696s] DEBUG:colcon.colcon_core.event_handler.log_command:Invoking command in '/home/atharva/Learning_ROS2/build/my_robot_gazebo_bringup': AMENT_PREFIX_PATH=/home/atharva/Learning_ROS2/install/my_robot_description:${AMENT_PREFIX_PATH} CMAKE_PREFIX_PATH=/home/atharva/Learning_ROS2/install/my_robot_description:/home/atharva/ros2_ws/install/my_robot_gazebo_bringup:/home/atharva/ros2_ws/install/my_robot_description:/home/atharva/Learning_ROS2/ros2_ws/install/radio_station_bringup:/home/atharva/Learning_ROS2/ros2_ws/install/my_robot_bringup:/home/atharva/Learning_ROS2/ros2_ws/install/my_robot_interfaces:/home/atharva/Learning_ROS2/ros2_ws/install/my_robot_gazebo_bringup:/home/atharva/Learning_ROS2/ros2_ws/install/my_robot_description:/home/atharva/Learning_ROS2/ros2_ws/install/turtlesim_catch_em_all:/home/atharva/Learning_ROS2/ros2_ws/install/my_py_pkg:/opt/ros/humble: /usr/bin/cmake --build /home/atharva/Learning_ROS2/build/my_robot_gazebo_bringup -- -j4 -l4
[3.749s] DEBUG:colcon.colcon_core.event_handler.log_command:Invoked command in '/home/atharva/Learning_ROS2/build/my_robot_interfaces' returned '0': CMAKE_PREFIX_PATH=${CMAKE_PREFIX_PATH}:/home/atharva/Learning_ROS2/ros2_ws/install/turtlesim_catch_em_all:/home/atharva/Learning_ROS2/ros2_ws/install/my_py_pkg:/opt/ros/humble: /usr/bin/cmake --build /home/atharva/Learning_ROS2/build/my_robot_interfaces -- -j4 -l4
[3.754s] DEBUG:colcon.colcon_core.event_handler.log_command:Invoked command in '/home/atharva/Learning_ROS2/build/my_robot_gazebo_bringup' returned '0': AMENT_PREFIX_PATH=/home/atharva/Learning_ROS2/install/my_robot_description:${AMENT_PREFIX_PATH} CMAKE_PREFIX_PATH=/home/atharva/Learning_ROS2/install/my_robot_description:/home/atharva/ros2_ws/install/my_robot_gazebo_bringup:/home/atharva/ros2_ws/install/my_robot_description:/home/atharva/Learning_ROS2/ros2_ws/install/radio_station_bringup:/home/atharva/Learning_ROS2/ros2_ws/install/my_robot_bringup:/home/atharva/Learning_ROS2/ros2_ws/install/my_robot_interfaces:/home/atharva/Learning_ROS2/ros2_ws/install/my_robot_gazebo_bringup:/home/atharva/Learning_ROS2/ros2_ws/install/my_robot_description:/home/atharva/Learning_ROS2/ros2_ws/install/turtlesim_catch_em_all:/home/atharva/Learning_ROS2/ros2_ws/install/my_py_pkg:/opt/ros/humble: /usr/bin/cmake --build /home/atharva/Learning_ROS2/build/my_robot_gazebo_bringup -- -j4 -l4
[3.786s] DEBUG:colcon.colcon_core.event_handler.log_command:Invoking command in '/home/atharva/Learning_ROS2/build/my_robot_gazebo_bringup': AMENT_PREFIX_PATH=/home/atharva/Learning_ROS2/install/my_robot_description:${AMENT_PREFIX_PATH} CMAKE_PREFIX_PATH=/home/atharva/Learning_ROS2/install/my_robot_description:/home/atharva/ros2_ws/install/my_robot_gazebo_bringup:/home/atharva/ros2_ws/install/my_robot_description:/home/atharva/Learning_ROS2/ros2_ws/install/radio_station_bringup:/home/atharva/Learning_ROS2/ros2_ws/install/my_robot_bringup:/home/atharva/Learning_ROS2/ros2_ws/install/my_robot_interfaces:/home/atharva/Learning_ROS2/ros2_ws/install/my_robot_gazebo_bringup:/home/atharva/Learning_ROS2/ros2_ws/install/my_robot_description:/home/atharva/Learning_ROS2/ros2_ws/install/turtlesim_catch_em_all:/home/atharva/Learning_ROS2/ros2_ws/install/my_py_pkg:/opt/ros/humble: /usr/bin/cmake --install /home/atharva/Learning_ROS2/build/my_robot_gazebo_bringup
[3.821s] Level 1:colcon.colcon_core.environment:create_environment_scripts_only(my_robot_gazebo_bringup)
[3.823s] DEBUG:colcon.colcon_core.event_handler.log_command:Invoked command in '/home/atharva/Learning_ROS2/build/my_robot_gazebo_bringup' returned '0': AMENT_PREFIX_PATH=/home/atharva/Learning_ROS2/install/my_robot_description:${AMENT_PREFIX_PATH} CMAKE_PREFIX_PATH=/home/atharva/Learning_ROS2/install/my_robot_description:/home/atharva/ros2_ws/install/my_robot_gazebo_bringup:/home/atharva/ros2_ws/install/my_robot_description:/home/atharva/Learning_ROS2/ros2_ws/install/radio_station_bringup:/home/atharva/Learning_ROS2/ros2_ws/install/my_robot_bringup:/home/atharva/Learning_ROS2/ros2_ws/install/my_robot_interfaces:/home/atharva/Learning_ROS2/ros2_ws/install/my_robot_gazebo_bringup:/home/atharva/Learning_ROS2/ros2_ws/install/my_robot_description:/home/atharva/Learning_ROS2/ros2_ws/install/turtlesim_catch_em_all:/home/atharva/Learning_ROS2/ros2_ws/install/my_py_pkg:/opt/ros/humble: /usr/bin/cmake --install /home/atharva/Learning_ROS2/build/my_robot_gazebo_bringup
[3.855s] Level 1:colcon.colcon_core.environment:checking '/home/atharva/Learning_ROS2/install/my_robot_gazebo_bringup' for CMake module files
[3.856s] Level 1:colcon.colcon_core.environment:checking '/home/atharva/Learning_ROS2/install/my_robot_gazebo_bringup' for CMake config files
[3.856s] Level 1:colcon.colcon_core.shell:create_environment_hook('my_robot_gazebo_bringup', 'cmake_prefix_path')
[3.887s] INFO:colcon.colcon_core.shell:Creating environment hook '/home/atharva/Learning_ROS2/install/my_robot_gazebo_bringup/share/my_robot_gazebo_bringup/hook/cmake_prefix_path.ps1'
[3.888s] INFO:colcon.colcon_core.shell:Creating environment descriptor '/home/atharva/Learning_ROS2/install/my_robot_gazebo_bringup/share/my_robot_gazebo_bringup/hook/cmake_prefix_path.dsv'
[3.889s] INFO:colcon.colcon_core.shell:Creating environment hook '/home/atharva/Learning_ROS2/install/my_robot_gazebo_bringup/share/my_robot_gazebo_bringup/hook/cmake_prefix_path.sh'
[3.890s] Level 1:colcon.colcon_core.environment:checking '/home/atharva/Learning_ROS2/install/my_robot_gazebo_bringup/bin'
[3.890s] Level 1:colcon.colcon_core.environment:checking '/home/atharva/Learning_ROS2/install/my_robot_gazebo_bringup/lib/pkgconfig/my_robot_gazebo_bringup.pc'
[3.891s] Level 1:colcon.colcon_core.environment:checking '/home/atharva/Learning_ROS2/install/my_robot_gazebo_bringup/lib/python3.10/site-packages'
[3.891s] Level 1:colcon.colcon_core.environment:checking '/home/atharva/Learning_ROS2/install/my_robot_gazebo_bringup/bin'
[3.930s] INFO:colcon.colcon_core.shell:Creating package script '/home/atharva/Learning_ROS2/install/my_robot_gazebo_bringup/share/my_robot_gazebo_bringup/package.ps1'
[3.931s] INFO:colcon.colcon_core.shell:Creating package descriptor '/home/atharva/Learning_ROS2/install/my_robot_gazebo_bringup/share/my_robot_gazebo_bringup/package.dsv'
[3.932s] INFO:colcon.colcon_core.shell:Creating package script '/home/atharva/Learning_ROS2/install/my_robot_gazebo_bringup/share/my_robot_gazebo_bringup/package.sh'
[3.933s] INFO:colcon.colcon_core.shell:Creating package script '/home/atharva/Learning_ROS2/install/my_robot_gazebo_bringup/share/my_robot_gazebo_bringup/package.bash'
[3.933s] INFO:colcon.colcon_core.shell:Creating package script '/home/atharva/Learning_ROS2/install/my_robot_gazebo_bringup/share/my_robot_gazebo_bringup/package.zsh'
[3.934s] Level 1:colcon.colcon_core.environment:create_file_with_runtime_dependencies(/home/atharva/Learning_ROS2/install/my_robot_gazebo_bringup/share/colcon-core/packages/my_robot_gazebo_bringup)
[3.997s] Level 1:colcon.colcon_core.environment:create_environment_scripts_only(my_robot_gazebo_bringup)
[4.024s] Level 1:colcon.colcon_core.environment:checking '/home/atharva/Learning_ROS2/install/my_robot_gazebo_bringup' for CMake module files
[4.025s] Level 1:colcon.colcon_core.environment:checking '/home/atharva/Learning_ROS2/install/my_robot_gazebo_bringup' for CMake config files
[4.025s] Level 1:colcon.colcon_core.shell:create_environment_hook('my_robot_gazebo_bringup', 'cmake_prefix_path')
[4.050s] INFO:colcon.colcon_core.shell:Creating environment hook '/home/atharva/Learning_ROS2/install/my_robot_gazebo_bringup/share/my_robot_gazebo_bringup/hook/cmake_prefix_path.ps1'
[4.051s] INFO:colcon.colcon_core.shell:Creating environment descriptor '/home/atharva/Learning_ROS2/install/my_robot_gazebo_bringup/share/my_robot_gazebo_bringup/hook/cmake_prefix_path.dsv'
[4.051s] INFO:colcon.colcon_core.shell:Creating environment hook '/home/atharva/Learning_ROS2/install/my_robot_gazebo_bringup/share/my_robot_gazebo_bringup/hook/cmake_prefix_path.sh'
[4.052s] Level 1:colcon.colcon_core.environment:checking '/home/atharva/Learning_ROS2/install/my_robot_gazebo_bringup/bin'
[4.052s] Level 1:colcon.colcon_core.environment:checking '/home/atharva/Learning_ROS2/install/my_robot_gazebo_bringup/lib/pkgconfig/my_robot_gazebo_bringup.pc'
[4.052s] Level 1:colcon.colcon_core.environment:checking '/home/atharva/Learning_ROS2/install/my_robot_gazebo_bringup/lib/python3.10/site-packages'
[4.052s] Level 1:colcon.colcon_core.environment:checking '/home/atharva/Learning_ROS2/install/my_robot_gazebo_bringup/bin'
[4.082s] INFO:colcon.colcon_core.shell:Creating package script '/home/atharva/Learning_ROS2/install/my_robot_gazebo_bringup/share/my_robot_gazebo_bringup/package.ps1'
[4.083s] INFO:colcon.colcon_core.shell:Creating package descriptor '/home/atharva/Learning_ROS2/install/my_robot_gazebo_bringup/share/my_robot_gazebo_bringup/package.dsv'
[4.084s] INFO:colcon.colcon_core.shell:Creating package script '/home/atharva/Learning_ROS2/install/my_robot_gazebo_bringup/share/my_robot_gazebo_bringup/package.sh'
[4.084s] INFO:colcon.colcon_core.shell:Creating package script '/home/atharva/Learning_ROS2/install/my_robot_gazebo_bringup/share/my_robot_gazebo_bringup/package.bash'
[4.084s] INFO:colcon.colcon_core.shell:Creating package script '/home/atharva/Learning_ROS2/install/my_robot_gazebo_bringup/share/my_robot_gazebo_bringup/package.zsh'
[4.085s] Level 1:colcon.colcon_core.environment:create_file_with_runtime_dependencies(/home/atharva/Learning_ROS2/install/my_robot_gazebo_bringup/share/colcon-core/packages/my_robot_gazebo_bringup)
[4.089s] DEBUG:colcon.colcon_core.event_handler.log_command:Invoking command in '/home/atharva/Learning_ROS2/build/my_robot_interfaces': CMAKE_PREFIX_PATH=${CMAKE_PREFIX_PATH}:/home/atharva/Learning_ROS2/ros2_ws/install/turtlesim_catch_em_all:/home/atharva/Learning_ROS2/ros2_ws/install/my_py_pkg:/opt/ros/humble: /usr/bin/cmake --install /home/atharva/Learning_ROS2/build/my_robot_interfaces
[4.229s] Level 1:colcon.colcon_core.environment:create_environment_scripts_only(my_robot_interfaces)
[4.230s] DEBUG:colcon.colcon_core.event_handler.log_command:Invoked command in '/home/atharva/Learning_ROS2/build/my_robot_interfaces' returned '0': CMAKE_PREFIX_PATH=${CMAKE_PREFIX_PATH}:/home/atharva/Learning_ROS2/ros2_ws/install/turtlesim_catch_em_all:/home/atharva/Learning_ROS2/ros2_ws/install/my_py_pkg:/opt/ros/humble: /usr/bin/cmake --install /home/atharva/Learning_ROS2/build/my_robot_interfaces
[4.254s] Level 1:colcon.colcon_core.environment:checking '/home/atharva/Learning_ROS2/install/my_robot_interfaces' for CMake module files
[4.255s] Level 1:colcon.colcon_core.environment:checking '/home/atharva/Learning_ROS2/install/my_robot_interfaces' for CMake config files
[4.256s] Level 1:colcon.colcon_core.shell:create_environment_hook('my_robot_interfaces', 'cmake_prefix_path')
[4.282s] INFO:colcon.colcon_core.shell:Creating environment hook '/home/atharva/Learning_ROS2/install/my_robot_interfaces/share/my_robot_interfaces/hook/cmake_prefix_path.ps1'
[4.283s] INFO:colcon.colcon_core.shell:Creating environment descriptor '/home/atharva/Learning_ROS2/install/my_robot_interfaces/share/my_robot_interfaces/hook/cmake_prefix_path.dsv'
[4.283s] INFO:colcon.colcon_core.shell:Creating environment hook '/home/atharva/Learning_ROS2/install/my_robot_interfaces/share/my_robot_interfaces/hook/cmake_prefix_path.sh'
[4.284s] Level 1:colcon.colcon_core.environment:checking '/home/atharva/Learning_ROS2/install/my_robot_interfaces/lib'
[4.284s] Level 1:colcon.colcon_core.shell:create_environment_hook('my_robot_interfaces', 'ld_library_path_lib')
[4.310s] INFO:colcon.colcon_core.shell:Creating environment hook '/home/atharva/Learning_ROS2/install/my_robot_interfaces/share/my_robot_interfaces/hook/ld_library_path_lib.ps1'
[4.311s] INFO:colcon.colcon_core.shell:Creating environment descriptor '/home/atharva/Learning_ROS2/install/my_robot_interfaces/share/my_robot_interfaces/hook/ld_library_path_lib.dsv'
[4.311s] INFO:colcon.colcon_core.shell:Creating environment hook '/home/atharva/Learning_ROS2/install/my_robot_interfaces/share/my_robot_interfaces/hook/ld_library_path_lib.sh'
[4.312s] Level 1:colcon.colcon_core.environment:checking '/home/atharva/Learning_ROS2/install/my_robot_interfaces/bin'
[4.312s] Level 1:colcon.colcon_core.environment:checking '/home/atharva/Learning_ROS2/install/my_robot_interfaces/lib/pkgconfig/my_robot_interfaces.pc'
[4.313s] Level 1:colcon.colcon_core.environment:checking '/home/atharva/Learning_ROS2/install/my_robot_interfaces/lib/python3.10/site-packages'
[4.313s] Level 1:colcon.colcon_core.environment:checking '/home/atharva/Learning_ROS2/install/my_robot_interfaces/bin'
[4.339s] INFO:colcon.colcon_core.shell:Creating package script '/home/atharva/Learning_ROS2/install/my_robot_interfaces/share/my_robot_interfaces/package.ps1'
[4.340s] INFO:colcon.colcon_core.shell:Creating package descriptor '/home/atharva/Learning_ROS2/install/my_robot_interfaces/share/my_robot_interfaces/package.dsv'
[4.341s] INFO:colcon.colcon_core.shell:Creating package script '/home/atharva/Learning_ROS2/install/my_robot_interfaces/share/my_robot_interfaces/package.sh'
[4.342s] INFO:colcon.colcon_core.shell:Creating package script '/home/atharva/Learning_ROS2/install/my_robot_interfaces/share/my_robot_interfaces/package.bash'
[4.343s] INFO:colcon.colcon_core.shell:Creating package script '/home/atharva/Learning_ROS2/install/my_robot_interfaces/share/my_robot_interfaces/package.zsh'
[4.344s] Level 1:colcon.colcon_core.environment:create_file_with_runtime_dependencies(/home/atharva/Learning_ROS2/install/my_robot_interfaces/share/colcon-core/packages/my_robot_interfaces)
[4.581s] Level 1:colcon.colcon_core.environment:create_environment_scripts_only(my_robot_interfaces)
[4.607s] Level 1:colcon.colcon_core.environment:checking '/home/atharva/Learning_ROS2/install/my_robot_interfaces' for CMake module files
[4.608s] Level 1:colcon.colcon_core.environment:checking '/home/atharva/Learning_ROS2/install/my_robot_interfaces' for CMake config files
[4.609s] Level 1:colcon.colcon_core.shell:create_environment_hook('my_robot_interfaces', 'cmake_prefix_path')
[4.635s] INFO:colcon.colcon_core.shell:Creating environment hook '/home/atharva/Learning_ROS2/install/my_robot_interfaces/share/my_robot_interfaces/hook/cmake_prefix_path.ps1'
[4.635s] INFO:colcon.colcon_core.shell:Creating environment descriptor '/home/atharva/Learning_ROS2/install/my_robot_interfaces/share/my_robot_interfaces/hook/cmake_prefix_path.dsv'
[4.636s] INFO:colcon.colcon_core.shell:Creating environment hook '/home/atharva/Learning_ROS2/install/my_robot_interfaces/share/my_robot_interfaces/hook/cmake_prefix_path.sh'
[4.636s] Level 1:colcon.colcon_core.environment:checking '/home/atharva/Learning_ROS2/install/my_robot_interfaces/lib'
[4.637s] Level 1:colcon.colcon_core.shell:create_environment_hook('my_robot_interfaces', 'ld_library_path_lib')
[4.664s] INFO:colcon.colcon_core.shell:Creating environment hook '/home/atharva/Learning_ROS2/install/my_robot_interfaces/share/my_robot_interfaces/hook/ld_library_path_lib.ps1'
[4.664s] INFO:colcon.colcon_core.shell:Creating environment descriptor '/home/atharva/Learning_ROS2/install/my_robot_interfaces/share/my_robot_interfaces/hook/ld_library_path_lib.dsv'
[4.665s] INFO:colcon.colcon_core.shell:Creating environment hook '/home/atharva/Learning_ROS2/install/my_robot_interfaces/share/my_robot_interfaces/hook/ld_library_path_lib.sh'
[4.665s] Level 1:colcon.colcon_core.environment:checking '/home/atharva/Learning_ROS2/install/my_robot_interfaces/bin'
[4.665s] Level 1:colcon.colcon_core.environment:checking '/home/atharva/Learning_ROS2/install/my_robot_interfaces/lib/pkgconfig/my_robot_interfaces.pc'
[4.666s] Level 1:colcon.colcon_core.environment:checking '/home/atharva/Learning_ROS2/install/my_robot_interfaces/lib/python3.10/site-packages'
[4.666s] Level 1:colcon.colcon_core.environment:checking '/home/atharva/Learning_ROS2/install/my_robot_interfaces/bin'
[4.690s] INFO:colcon.colcon_core.shell:Creating package script '/home/atharva/Learning_ROS2/install/my_robot_interfaces/share/my_robot_interfaces/package.ps1'
[4.691s] INFO:colcon.colcon_core.shell:Creating package descriptor '/home/atharva/Learning_ROS2/install/my_robot_interfaces/share/my_robot_interfaces/package.dsv'
[4.693s] INFO:colcon.colcon_core.shell:Creating package script '/home/atharva/Learning_ROS2/install/my_robot_interfaces/share/my_robot_interfaces/package.sh'
[4.694s] INFO:colcon.colcon_core.shell:Creating package script '/home/atharva/Learning_ROS2/install/my_robot_interfaces/share/my_robot_interfaces/package.bash'
[4.695s] INFO:colcon.colcon_core.shell:Creating package script '/home/atharva/Learning_ROS2/install/my_robot_interfaces/share/my_robot_interfaces/package.zsh'
[4.696s] Level 1:colcon.colcon_core.environment:create_file_with_runtime_dependencies(/home/atharva/Learning_ROS2/install/my_robot_interfaces/share/colcon-core/packages/my_robot_interfaces)
[4.696s] INFO:colcon.colcon_ros.task.ament_python.build:Building ROS package in '/home/atharva/Learning_ROS2/ros2_ws/src/my_py_pkg' with build type 'ament_python'
[4.697s] Level 1:colcon.colcon_core.shell:create_environment_hook('my_py_pkg', 'ament_prefix_path')
[4.722s] INFO:colcon.colcon_core.shell:Creating environment hook '/home/atharva/Learning_ROS2/install/my_py_pkg/share/my_py_pkg/hook/ament_prefix_path.ps1'
[4.723s] INFO:colcon.colcon_core.shell:Creating environment descriptor '/home/atharva/Learning_ROS2/install/my_py_pkg/share/my_py_pkg/hook/ament_prefix_path.dsv'
[4.724s] INFO:colcon.colcon_core.shell:Creating environment hook '/home/atharva/Learning_ROS2/install/my_py_pkg/share/my_py_pkg/hook/ament_prefix_path.sh'
[4.766s] INFO:colcon.colcon_core.shell:Skip shell extension 'powershell' for command environment: Not usable outside of PowerShell
[4.766s] DEBUG:colcon.colcon_core.shell:Skip shell extension 'dsv' for command environment
[4.876s] INFO:colcon.colcon_ros.task.ament_python.build:Building ROS package in '/home/atharva/Learning_ROS2/ros2_ws/src/turtlesim_catch_em_all' with build type 'ament_python'
[4.878s] Level 1:colcon.colcon_core.shell:create_environment_hook('turtlesim_catch_em_all', 'ament_prefix_path')
[4.906s] INFO:colcon.colcon_core.shell:Creating environment hook '/home/atharva/Learning_ROS2/install/turtlesim_catch_em_all/share/turtlesim_catch_em_all/hook/ament_prefix_path.ps1'
[4.906s] INFO:colcon.colcon_core.shell:Creating environment descriptor '/home/atharva/Learning_ROS2/install/turtlesim_catch_em_all/share/turtlesim_catch_em_all/hook/ament_prefix_path.dsv'
[4.907s] INFO:colcon.colcon_core.shell:Creating environment hook '/home/atharva/Learning_ROS2/install/turtlesim_catch_em_all/share/turtlesim_catch_em_all/hook/ament_prefix_path.sh'
[4.935s] INFO:colcon.colcon_core.shell:Skip shell extension 'powershell' for command environment: Not usable outside of PowerShell
[4.935s] DEBUG:colcon.colcon_core.shell:Skip shell extension 'dsv' for command environment
[5.489s] INFO:colcon.colcon_core.task.python.build:Building Python package in '/home/atharva/Learning_ROS2/ros2_ws/src/my_py_pkg'
[5.515s] INFO:colcon.colcon_core.shell:Skip shell extension 'powershell' for command environment: Not usable outside of PowerShell
[5.515s] DEBUG:colcon.colcon_core.shell:Skip shell extension 'dsv' for command environment
[6.076s] INFO:colcon.colcon_core.task.python.build:Building Python package in '/home/atharva/Learning_ROS2/ros2_ws/src/turtlesim_catch_em_all'
[6.103s] INFO:colcon.colcon_core.shell:Skip shell extension 'powershell' for command environment: Not usable outside of PowerShell
[6.103s] DEBUG:colcon.colcon_core.shell:Skip shell extension 'dsv' for command environment
[7.000s] DEBUG:colcon.colcon_core.event_handler.log_command:Invoking command in '/home/atharva/Learning_ROS2/build/my_py_pkg': AMENT_PREFIX_PATH=/home/atharva/Learning_ROS2/install/my_robot_interfaces:${AMENT_PREFIX_PATH} CMAKE_PREFIX_PATH=/home/atharva/Learning_ROS2/install/my_robot_interfaces:${CMAKE_PREFIX_PATH} LD_LIBRARY_PATH=/home/atharva/Learning_ROS2/install/my_robot_interfaces/lib:${LD_LIBRARY_PATH} PYTHONPATH=/home/atharva/Learning_ROS2/build/my_py_pkg/prefix_override:/home/atharva/Learning_ROS2/install/my_py_pkg/lib/python3.10/site-packages:/home/atharva/Learning_ROS2/install/my_robot_interfaces/local/lib/python3.10/dist-packages:${PYTHONPATH} /usr/bin/python3 setup.py develop --editable --build-directory /home/atharva/Learning_ROS2/build/my_py_pkg/build --no-deps install_data
[7.044s] DEBUG:colcon.colcon_core.event_handler.log_command:Invoking command in '/home/atharva/Learning_ROS2/build/turtlesim_catch_em_all': AMENT_PREFIX_PATH=/home/atharva/Learning_ROS2/install/my_robot_interfaces:${AMENT_PREFIX_PATH} CMAKE_PREFIX_PATH=/home/atharva/Learning_ROS2/install/my_robot_interfaces:${CMAKE_PREFIX_PATH} LD_LIBRARY_PATH=/home/atharva/Learning_ROS2/install/my_robot_interfaces/lib:${LD_LIBRARY_PATH} PYTHONPATH=/home/atharva/Learning_ROS2/build/turtlesim_catch_em_all/prefix_override:/home/atharva/Learning_ROS2/install/turtlesim_catch_em_all/lib/python3.10/site-packages:/home/atharva/Learning_ROS2/install/my_robot_interfaces/local/lib/python3.10/dist-packages:${PYTHONPATH} /usr/bin/python3 setup.py develop --editable --build-directory /home/atharva/Learning_ROS2/build/turtlesim_catch_em_all/build --no-deps install_data
[8.011s] Level 1:colcon.colcon_core.shell:create_environment_hook('turtlesim_catch_em_all', 'pythonpath_develop')
[8.012s] DEBUG:colcon.colcon_core.event_handler.log_command:Invoked command in '/home/atharva/Learning_ROS2/build/turtlesim_catch_em_all' returned '0': AMENT_PREFIX_PATH=/home/atharva/Learning_ROS2/install/my_robot_interfaces:${AMENT_PREFIX_PATH} CMAKE_PREFIX_PATH=/home/atharva/Learning_ROS2/install/my_robot_interfaces:${CMAKE_PREFIX_PATH} LD_LIBRARY_PATH=/home/atharva/Learning_ROS2/install/my_robot_interfaces/lib:${LD_LIBRARY_PATH} PYTHONPATH=/home/atharva/Learning_ROS2/build/turtlesim_catch_em_all/prefix_override:/home/atharva/Learning_ROS2/install/turtlesim_catch_em_all/lib/python3.10/site-packages:/home/atharva/Learning_ROS2/install/my_robot_interfaces/local/lib/python3.10/dist-packages:${PYTHONPATH} /usr/bin/python3 setup.py develop --editable --build-directory /home/atharva/Learning_ROS2/build/turtlesim_catch_em_all/build --no-deps install_data
[8.046s] INFO:colcon.colcon_core.shell:Creating environment hook '/home/atharva/Learning_ROS2/build/turtlesim_catch_em_all/share/turtlesim_catch_em_all/hook/pythonpath_develop.ps1'
[8.047s] INFO:colcon.colcon_core.shell:Creating environment descriptor '/home/atharva/Learning_ROS2/build/turtlesim_catch_em_all/share/turtlesim_catch_em_all/hook/pythonpath_develop.dsv'
[8.048s] INFO:colcon.colcon_core.shell:Creating environment hook '/home/atharva/Learning_ROS2/build/turtlesim_catch_em_all/share/turtlesim_catch_em_all/hook/pythonpath_develop.sh'
[8.079s] Level 1:colcon.colcon_core.environment:checking '/home/atharva/Learning_ROS2/install/turtlesim_catch_em_all' for CMake module files
[8.079s] Level 1:colcon.colcon_core.environment:checking '/home/atharva/Learning_ROS2/install/turtlesim_catch_em_all' for CMake config files
[8.080s] Level 1:colcon.colcon_core.environment:checking '/home/atharva/Learning_ROS2/install/turtlesim_catch_em_all/lib'
[8.080s] Level 1:colcon.colcon_core.environment:checking '/home/atharva/Learning_ROS2/install/turtlesim_catch_em_all/bin'
[8.080s] Level 1:colcon.colcon_core.environment:checking '/home/atharva/Learning_ROS2/install/turtlesim_catch_em_all/lib/pkgconfig/turtlesim_catch_em_all.pc'
[8.081s] Level 1:colcon.colcon_core.environment:checking '/home/atharva/Learning_ROS2/install/turtlesim_catch_em_all/lib/python3.10/site-packages'
[8.081s] Level 1:colcon.colcon_core.shell:create_environment_hook('turtlesim_catch_em_all', 'pythonpath')
[8.106s] INFO:colcon.colcon_core.shell:Creating environment hook '/home/atharva/Learning_ROS2/install/turtlesim_catch_em_all/share/turtlesim_catch_em_all/hook/pythonpath.ps1'
[8.107s] INFO:colcon.colcon_core.shell:Creating environment descriptor '/home/atharva/Learning_ROS2/install/turtlesim_catch_em_all/share/turtlesim_catch_em_all/hook/pythonpath.dsv'
[8.107s] INFO:colcon.colcon_core.shell:Creating environment hook '/home/atharva/Learning_ROS2/install/turtlesim_catch_em_all/share/turtlesim_catch_em_all/hook/pythonpath.sh'
[8.108s] Level 1:colcon.colcon_core.environment:checking '/home/atharva/Learning_ROS2/install/turtlesim_catch_em_all/bin'
[8.108s] Level 1:colcon.colcon_core.environment:create_environment_scripts_only(turtlesim_catch_em_all)
[8.132s] INFO:colcon.colcon_core.shell:Creating package script '/home/atharva/Learning_ROS2/install/turtlesim_catch_em_all/share/turtlesim_catch_em_all/package.ps1'
[8.133s] INFO:colcon.colcon_core.shell:Creating package descriptor '/home/atharva/Learning_ROS2/install/turtlesim_catch_em_all/share/turtlesim_catch_em_all/package.dsv'
[8.134s] INFO:colcon.colcon_core.shell:Creating package script '/home/atharva/Learning_ROS2/install/turtlesim_catch_em_all/share/turtlesim_catch_em_all/package.sh'
[8.134s] INFO:colcon.colcon_core.shell:Creating package script '/home/atharva/Learning_ROS2/install/turtlesim_catch_em_all/share/turtlesim_catch_em_all/package.bash'
[8.135s] INFO:colcon.colcon_core.shell:Creating package script '/home/atharva/Learning_ROS2/install/turtlesim_catch_em_all/share/turtlesim_catch_em_all/package.zsh'
[8.135s] Level 1:colcon.colcon_core.environment:create_file_with_runtime_dependencies(/home/atharva/Learning_ROS2/install/turtlesim_catch_em_all/share/colcon-core/packages/turtlesim_catch_em_all)
[8.136s] Level 1:colcon.colcon_core.shell:create_environment_hook('my_py_pkg', 'pythonpath_develop')
[8.139s] DEBUG:colcon.colcon_core.event_handler.log_command:Invoked command in '/home/atharva/Learning_ROS2/build/my_py_pkg' returned '0': AMENT_PREFIX_PATH=/home/atharva/Learning_ROS2/install/my_robot_interfaces:${AMENT_PREFIX_PATH} CMAKE_PREFIX_PATH=/home/atharva/Learning_ROS2/install/my_robot_interfaces:${CMAKE_PREFIX_PATH} LD_LIBRARY_PATH=/home/atharva/Learning_ROS2/install/my_robot_interfaces/lib:${LD_LIBRARY_PATH} PYTHONPATH=/home/atharva/Learning_ROS2/build/my_py_pkg/prefix_override:/home/atharva/Learning_ROS2/install/my_py_pkg/lib/python3.10/site-packages:/home/atharva/Learning_ROS2/install/my_robot_interfaces/local/lib/python3.10/dist-packages:${PYTHONPATH} /usr/bin/python3 setup.py develop --editable --build-directory /home/atharva/Learning_ROS2/build/my_py_pkg/build --no-deps install_data
[8.164s] INFO:colcon.colcon_core.shell:Creating environment hook '/home/atharva/Learning_ROS2/build/my_py_pkg/share/my_py_pkg/hook/pythonpath_develop.ps1'
[8.165s] INFO:colcon.colcon_core.shell:Creating environment descriptor '/home/atharva/Learning_ROS2/build/my_py_pkg/share/my_py_pkg/hook/pythonpath_develop.dsv'
[8.166s] INFO:colcon.colcon_core.shell:Creating environment hook '/home/atharva/Learning_ROS2/build/my_py_pkg/share/my_py_pkg/hook/pythonpath_develop.sh'
[8.194s] Level 1:colcon.colcon_core.environment:checking '/home/atharva/Learning_ROS2/install/my_py_pkg' for CMake module files
[8.194s] Level 1:colcon.colcon_core.environment:checking '/home/atharva/Learning_ROS2/install/my_py_pkg' for CMake config files
[8.195s] Level 1:colcon.colcon_core.environment:checking '/home/atharva/Learning_ROS2/install/my_py_pkg/lib'
[8.195s] Level 1:colcon.colcon_core.environment:checking '/home/atharva/Learning_ROS2/install/my_py_pkg/bin'
[8.195s] Level 1:colcon.colcon_core.environment:checking '/home/atharva/Learning_ROS2/install/my_py_pkg/lib/pkgconfig/my_py_pkg.pc'
[8.196s] Level 1:colcon.colcon_core.environment:checking '/home/atharva/Learning_ROS2/install/my_py_pkg/lib/python3.10/site-packages'
[8.196s] Level 1:colcon.colcon_core.shell:create_environment_hook('my_py_pkg', 'pythonpath')
[8.224s] INFO:colcon.colcon_core.shell:Creating environment hook '/home/atharva/Learning_ROS2/install/my_py_pkg/share/my_py_pkg/hook/pythonpath.ps1'
[8.224s] INFO:colcon.colcon_core.shell:Creating environment descriptor '/home/atharva/Learning_ROS2/install/my_py_pkg/share/my_py_pkg/hook/pythonpath.dsv'
[8.225s] INFO:colcon.colcon_core.shell:Creating environment hook '/home/atharva/Learning_ROS2/install/my_py_pkg/share/my_py_pkg/hook/pythonpath.sh'
[8.226s] Level 1:colcon.colcon_core.environment:checking '/home/atharva/Learning_ROS2/install/my_py_pkg/bin'
[8.226s] Level 1:colcon.colcon_core.environment:create_environment_scripts_only(my_py_pkg)
[8.254s] INFO:colcon.colcon_core.shell:Creating package script '/home/atharva/Learning_ROS2/install/my_py_pkg/share/my_py_pkg/package.ps1'
[8.255s] INFO:colcon.colcon_core.shell:Creating package descriptor '/home/atharva/Learning_ROS2/install/my_py_pkg/share/my_py_pkg/package.dsv'
[8.256s] INFO:colcon.colcon_core.shell:Creating package script '/home/atharva/Learning_ROS2/install/my_py_pkg/share/my_py_pkg/package.sh'
[8.257s] INFO:colcon.colcon_core.shell:Creating package script '/home/atharva/Learning_ROS2/install/my_py_pkg/share/my_py_pkg/package.bash'
[8.258s] INFO:colcon.colcon_core.shell:Creating package script '/home/atharva/Learning_ROS2/install/my_py_pkg/share/my_py_pkg/package.zsh'
[8.258s] Level 1:colcon.colcon_core.environment:create_file_with_runtime_dependencies(/home/atharva/Learning_ROS2/install/my_py_pkg/share/colcon-core/packages/my_py_pkg)
[8.259s] INFO:colcon.colcon_ros.task.ament_cmake.build:Building ROS package in '/home/atharva/Learning_ROS2/ros2_ws/src/my_robot_bringup' with build type 'ament_cmake'
[8.259s] INFO:colcon.colcon_cmake.task.cmake.build:Building CMake package in '/home/atharva/Learning_ROS2/ros2_ws/src/my_robot_bringup'
[8.289s] INFO:colcon.colcon_core.shell:Skip shell extension 'powershell' for command environment: Not usable outside of PowerShell
[8.289s] DEBUG:colcon.colcon_core.shell:Skip shell extension 'dsv' for command environment
[8.398s] INFO:colcon.colcon_ros.task.ament_cmake.build:Building ROS package in '/home/atharva/Learning_ROS2/ros2_ws/src/radio_station_bringup' with build type 'ament_cmake'
[8.398s] INFO:colcon.colcon_cmake.task.cmake.build:Building CMake package in '/home/atharva/Learning_ROS2/ros2_ws/src/radio_station_bringup'
[8.431s] INFO:colcon.colcon_core.shell:Skip shell extension 'powershell' for command environment: Not usable outside of PowerShell
[8.431s] DEBUG:colcon.colcon_core.shell:Skip shell extension 'dsv' for command environment
[8.540s] DEBUG:colcon.colcon_core.event_handler.log_command:Invoking command in '/home/atharva/Learning_ROS2/build/my_robot_bringup': AMENT_PREFIX_PATH=/home/atharva/Learning_ROS2/install/my_py_pkg:/home/atharva/Learning_ROS2/install/my_robot_interfaces:/home/atharva/Learning_ROS2/ros2_ws/install/my_robot_interfaces:/home/atharva/Learning_ROS2/ros2_ws/install/turtlesim_catch_em_all:/home/atharva/Learning_ROS2/ros2_ws/install/radio_station_bringup:/home/atharva/Learning_ROS2/ros2_ws/install/my_robot_bringup:/home/atharva/Learning_ROS2/ros2_ws/install/my_py_pkg:/home/atharva/Learning_ROS2/ros2_ws/install/my_robot_gazebo_bringup:/home/atharva/Learning_ROS2/ros2_ws/install/my_robot_description:/opt/ros/humble CMAKE_PREFIX_PATH=/home/atharva/Learning_ROS2/install/my_robot_interfaces:/home/atharva/ros2_ws/install/my_robot_gazebo_bringup:/home/atharva/ros2_ws/install/my_robot_description:/home/atharva/Learning_ROS2/ros2_ws/install/radio_station_bringup:/home/atharva/Learning_ROS2/ros2_ws/install/my_robot_bringup:/home/atharva/Learning_ROS2/ros2_ws/install/my_robot_interfaces:/home/atharva/Learning_ROS2/ros2_ws/install/my_robot_gazebo_bringup:/home/atharva/Learning_ROS2/ros2_ws/install/my_robot_description:/home/atharva/Learning_ROS2/ros2_ws/install/turtlesim_catch_em_all:/home/atharva/Learning_ROS2/ros2_ws/install/my_py_pkg:/opt/ros/humble: LD_LIBRARY_PATH=/home/atharva/Learning_ROS2/install/my_robot_interfaces/lib:${LD_LIBRARY_PATH} PYTHONPATH=/home/atharva/Learning_ROS2/build/my_py_pkg:/home/atharva/Learning_ROS2/install/my_py_pkg/lib/python3.10/site-packages:/home/atharva/Learning_ROS2/install/my_robot_interfaces/local/lib/python3.10/dist-packages:${PYTHONPATH} /usr/bin/cmake --build /home/atharva/Learning_ROS2/build/my_robot_bringup -- -j4 -l4
[8.549s] DEBUG:colcon.colcon_core.event_handler.log_command:Invoking command in '/home/atharva/Learning_ROS2/build/radio_station_bringup': AMENT_PREFIX_PATH=/home/atharva/Learning_ROS2/install/my_py_pkg:/home/atharva/Learning_ROS2/install/my_robot_interfaces:/home/atharva/Learning_ROS2/ros2_ws/install/my_robot_interfaces:/home/atharva/Learning_ROS2/ros2_ws/install/turtlesim_catch_em_all:/home/atharva/Learning_ROS2/ros2_ws/install/radio_station_bringup:/home/atharva/Learning_ROS2/ros2_ws/install/my_robot_bringup:/home/atharva/Learning_ROS2/ros2_ws/install/my_py_pkg:/home/atharva/Learning_ROS2/ros2_ws/install/my_robot_gazebo_bringup:/home/atharva/Learning_ROS2/ros2_ws/install/my_robot_description:/opt/ros/humble CMAKE_PREFIX_PATH=/home/atharva/Learning_ROS2/install/my_robot_interfaces:/home/atharva/ros2_ws/install/my_robot_gazebo_bringup:/home/atharva/ros2_ws/install/my_robot_description:/home/atharva/Learning_ROS2/ros2_ws/install/radio_station_bringup:/home/atharva/Learning_ROS2/ros2_ws/install/my_robot_bringup:/home/atharva/Learning_ROS2/ros2_ws/install/my_robot_interfaces:/home/atharva/Learning_ROS2/ros2_ws/install/my_robot_gazebo_bringup:/home/atharva/Learning_ROS2/ros2_ws/install/my_robot_description:/home/atharva/Learning_ROS2/ros2_ws/install/turtlesim_catch_em_all:/home/atharva/Learning_ROS2/ros2_ws/install/my_py_pkg:/opt/ros/humble: LD_LIBRARY_PATH=/home/atharva/Learning_ROS2/install/my_robot_interfaces/lib:${LD_LIBRARY_PATH} PYTHONPATH=/home/atharva/Learning_ROS2/build/my_py_pkg:/home/atharva/Learning_ROS2/install/my_py_pkg/lib/python3.10/site-packages:/home/atharva/Learning_ROS2/install/my_robot_interfaces/local/lib/python3.10/dist-packages:${PYTHONPATH} /usr/bin/cmake --build /home/atharva/Learning_ROS2/build/radio_station_bringup -- -j4 -l4
[8.598s] DEBUG:colcon.colcon_core.event_handler.log_command:Invoked command in '/home/atharva/Learning_ROS2/build/my_robot_bringup' returned '0': AMENT_PREFIX_PATH=/home/atharva/Learning_ROS2/install/my_py_pkg:/home/atharva/Learning_ROS2/install/my_robot_interfaces:/home/atharva/Learning_ROS2/ros2_ws/install/my_robot_interfaces:/home/atharva/Learning_ROS2/ros2_ws/install/turtlesim_catch_em_all:/home/atharva/Learning_ROS2/ros2_ws/install/radio_station_bringup:/home/atharva/Learning_ROS2/ros2_ws/install/my_robot_bringup:/home/atharva/Learning_ROS2/ros2_ws/install/my_py_pkg:/home/atharva/Learning_ROS2/ros2_ws/install/my_robot_gazebo_bringup:/home/atharva/Learning_ROS2/ros2_ws/install/my_robot_description:/opt/ros/humble CMAKE_PREFIX_PATH=/home/atharva/Learning_ROS2/install/my_robot_interfaces:/home/atharva/ros2_ws/install/my_robot_gazebo_bringup:/home/atharva/ros2_ws/install/my_robot_description:/home/atharva/Learning_ROS2/ros2_ws/install/radio_station_bringup:/home/atharva/Learning_ROS2/ros2_ws/install/my_robot_bringup:/home/atharva/Learning_ROS2/ros2_ws/install/my_robot_interfaces:/home/atharva/Learning_ROS2/ros2_ws/install/my_robot_gazebo_bringup:/home/atharva/Learning_ROS2/ros2_ws/install/my_robot_description:/home/atharva/Learning_ROS2/ros2_ws/install/turtlesim_catch_em_all:/home/atharva/Learning_ROS2/ros2_ws/install/my_py_pkg:/opt/ros/humble: LD_LIBRARY_PATH=/home/atharva/Learning_ROS2/install/my_robot_interfaces/lib:${LD_LIBRARY_PATH} PYTHONPATH=/home/atharva/Learning_ROS2/build/my_py_pkg:/home/atharva/Learning_ROS2/install/my_py_pkg/lib/python3.10/site-packages:/home/atharva/Learning_ROS2/install/my_robot_interfaces/local/lib/python3.10/dist-packages:${PYTHONPATH} /usr/bin/cmake --build /home/atharva/Learning_ROS2/build/my_robot_bringup -- -j4 -l4
[8.606s] DEBUG:colcon.colcon_core.event_handler.log_command:Invoked command in '/home/atharva/Learning_ROS2/build/radio_station_bringup' returned '0': AMENT_PREFIX_PATH=/home/atharva/Learning_ROS2/install/my_py_pkg:/home/atharva/Learning_ROS2/install/my_robot_interfaces:/home/atharva/Learning_ROS2/ros2_ws/install/my_robot_interfaces:/home/atharva/Learning_ROS2/ros2_ws/install/turtlesim_catch_em_all:/home/atharva/Learning_ROS2/ros2_ws/install/radio_station_bringup:/home/atharva/Learning_ROS2/ros2_ws/install/my_robot_bringup:/home/atharva/Learning_ROS2/ros2_ws/install/my_py_pkg:/home/atharva/Learning_ROS2/ros2_ws/install/my_robot_gazebo_bringup:/home/atharva/Learning_ROS2/ros2_ws/install/my_robot_description:/opt/ros/humble CMAKE_PREFIX_PATH=/home/atharva/Learning_ROS2/install/my_robot_interfaces:/home/atharva/ros2_ws/install/my_robot_gazebo_bringup:/home/atharva/ros2_ws/install/my_robot_description:/home/atharva/Learning_ROS2/ros2_ws/install/radio_station_bringup:/home/atharva/Learning_ROS2/ros2_ws/install/my_robot_bringup:/home/atharva/Learning_ROS2/ros2_ws/install/my_robot_interfaces:/home/atharva/Learning_ROS2/ros2_ws/install/my_robot_gazebo_bringup:/home/atharva/Learning_ROS2/ros2_ws/install/my_robot_description:/home/atharva/Learning_ROS2/ros2_ws/install/turtlesim_catch_em_all:/home/atharva/Learning_ROS2/ros2_ws/install/my_py_pkg:/opt/ros/humble: LD_LIBRARY_PATH=/home/atharva/Learning_ROS2/install/my_robot_interfaces/lib:${LD_LIBRARY_PATH} PYTHONPATH=/home/atharva/Learning_ROS2/build/my_py_pkg:/home/atharva/Learning_ROS2/install/my_py_pkg/lib/python3.10/site-packages:/home/atharva/Learning_ROS2/install/my_robot_interfaces/local/lib/python3.10/dist-packages:${PYTHONPATH} /usr/bin/cmake --build /home/atharva/Learning_ROS2/build/radio_station_bringup -- -j4 -l4
[8.633s] DEBUG:colcon.colcon_core.event_handler.log_command:Invoking command in '/home/atharva/Learning_ROS2/build/my_robot_bringup': AMENT_PREFIX_PATH=/home/atharva/Learning_ROS2/install/my_py_pkg:/home/atharva/Learning_ROS2/install/my_robot_interfaces:/home/atharva/Learning_ROS2/ros2_ws/install/my_robot_interfaces:/home/atharva/Learning_ROS2/ros2_ws/install/turtlesim_catch_em_all:/home/atharva/Learning_ROS2/ros2_ws/install/radio_station_bringup:/home/atharva/Learning_ROS2/ros2_ws/install/my_robot_bringup:/home/atharva/Learning_ROS2/ros2_ws/install/my_py_pkg:/home/atharva/Learning_ROS2/ros2_ws/install/my_robot_gazebo_bringup:/home/atharva/Learning_ROS2/ros2_ws/install/my_robot_description:/opt/ros/humble CMAKE_PREFIX_PATH=/home/atharva/Learning_ROS2/install/my_robot_interfaces:/home/atharva/ros2_ws/install/my_robot_gazebo_bringup:/home/atharva/ros2_ws/install/my_robot_description:/home/atharva/Learning_ROS2/ros2_ws/install/radio_station_bringup:/home/atharva/Learning_ROS2/ros2_ws/install/my_robot_bringup:/home/atharva/Learning_ROS2/ros2_ws/install/my_robot_interfaces:/home/atharva/Learning_ROS2/ros2_ws/install/my_robot_gazebo_bringup:/home/atharva/Learning_ROS2/ros2_ws/install/my_robot_description:/home/atharva/Learning_ROS2/ros2_ws/install/turtlesim_catch_em_all:/home/atharva/Learning_ROS2/ros2_ws/install/my_py_pkg:/opt/ros/humble: LD_LIBRARY_PATH=/home/atharva/Learning_ROS2/install/my_robot_interfaces/lib:${LD_LIBRARY_PATH} PYTHONPATH=/home/atharva/Learning_ROS2/build/my_py_pkg:/home/atharva/Learning_ROS2/install/my_py_pkg/lib/python3.10/site-packages:/home/atharva/Learning_ROS2/install/my_robot_interfaces/local/lib/python3.10/dist-packages:${PYTHONPATH} /usr/bin/cmake --install /home/atharva/Learning_ROS2/build/my_robot_bringup
[8.641s] DEBUG:colcon.colcon_core.event_handler.log_command:Invoking command in '/home/atharva/Learning_ROS2/build/radio_station_bringup': AMENT_PREFIX_PATH=/home/atharva/Learning_ROS2/install/my_py_pkg:/home/atharva/Learning_ROS2/install/my_robot_interfaces:/home/atharva/Learning_ROS2/ros2_ws/install/my_robot_interfaces:/home/atharva/Learning_ROS2/ros2_ws/install/turtlesim_catch_em_all:/home/atharva/Learning_ROS2/ros2_ws/install/radio_station_bringup:/home/atharva/Learning_ROS2/ros2_ws/install/my_robot_bringup:/home/atharva/Learning_ROS2/ros2_ws/install/my_py_pkg:/home/atharva/Learning_ROS2/ros2_ws/install/my_robot_gazebo_bringup:/home/atharva/Learning_ROS2/ros2_ws/install/my_robot_description:/opt/ros/humble CMAKE_PREFIX_PATH=/home/atharva/Learning_ROS2/install/my_robot_interfaces:/home/atharva/ros2_ws/install/my_robot_gazebo_bringup:/home/atharva/ros2_ws/install/my_robot_description:/home/atharva/Learning_ROS2/ros2_ws/install/radio_station_bringup:/home/atharva/Learning_ROS2/ros2_ws/install/my_robot_bringup:/home/atharva/Learning_ROS2/ros2_ws/install/my_robot_interfaces:/home/atharva/Learning_ROS2/ros2_ws/install/my_robot_gazebo_bringup:/home/atharva/Learning_ROS2/ros2_ws/install/my_robot_description:/home/atharva/Learning_ROS2/ros2_ws/install/turtlesim_catch_em_all:/home/atharva/Learning_ROS2/ros2_ws/install/my_py_pkg:/opt/ros/humble: LD_LIBRARY_PATH=/home/atharva/Learning_ROS2/install/my_robot_interfaces/lib:${LD_LIBRARY_PATH} PYTHONPATH=/home/atharva/Learning_ROS2/build/my_py_pkg:/home/atharva/Learning_ROS2/install/my_py_pkg/lib/python3.10/site-packages:/home/atharva/Learning_ROS2/install/my_robot_interfaces/local/lib/python3.10/dist-packages:${PYTHONPATH} /usr/bin/cmake --install /home/atharva/Learning_ROS2/build/radio_station_bringup
[8.670s] Level 1:colcon.colcon_core.environment:create_environment_scripts_only(radio_station_bringup)
[8.673s] DEBUG:colcon.colcon_core.event_handler.log_command:Invoked command in '/home/atharva/Learning_ROS2/build/radio_station_bringup' returned '0': AMENT_PREFIX_PATH=/home/atharva/Learning_ROS2/install/my_py_pkg:/home/atharva/Learning_ROS2/install/my_robot_interfaces:/home/atharva/Learning_ROS2/ros2_ws/install/my_robot_interfaces:/home/atharva/Learning_ROS2/ros2_ws/install/turtlesim_catch_em_all:/home/atharva/Learning_ROS2/ros2_ws/install/radio_station_bringup:/home/atharva/Learning_ROS2/ros2_ws/install/my_robot_bringup:/home/atharva/Learning_ROS2/ros2_ws/install/my_py_pkg:/home/atharva/Learning_ROS2/ros2_ws/install/my_robot_gazebo_bringup:/home/atharva/Learning_ROS2/ros2_ws/install/my_robot_description:/opt/ros/humble CMAKE_PREFIX_PATH=/home/atharva/Learning_ROS2/install/my_robot_interfaces:/home/atharva/ros2_ws/install/my_robot_gazebo_bringup:/home/atharva/ros2_ws/install/my_robot_description:/home/atharva/Learning_ROS2/ros2_ws/install/radio_station_bringup:/home/atharva/Learning_ROS2/ros2_ws/install/my_robot_bringup:/home/atharva/Learning_ROS2/ros2_ws/install/my_robot_interfaces:/home/atharva/Learning_ROS2/ros2_ws/install/my_robot_gazebo_bringup:/home/atharva/Learning_ROS2/ros2_ws/install/my_robot_description:/home/atharva/Learning_ROS2/ros2_ws/install/turtlesim_catch_em_all:/home/atharva/Learning_ROS2/ros2_ws/install/my_py_pkg:/opt/ros/humble: LD_LIBRARY_PATH=/home/atharva/Learning_ROS2/install/my_robot_interfaces/lib:${LD_LIBRARY_PATH} PYTHONPATH=/home/atharva/Learning_ROS2/build/my_py_pkg:/home/atharva/Learning_ROS2/install/my_py_pkg/lib/python3.10/site-packages:/home/atharva/Learning_ROS2/install/my_robot_interfaces/local/lib/python3.10/dist-packages:${PYTHONPATH} /usr/bin/cmake --install /home/atharva/Learning_ROS2/build/radio_station_bringup
[8.700s] Level 1:colcon.colcon_core.environment:checking '/home/atharva/Learning_ROS2/install/radio_station_bringup' for CMake module files
[8.701s] Level 1:colcon.colcon_core.environment:checking '/home/atharva/Learning_ROS2/install/radio_station_bringup' for CMake config files
[8.701s] Level 1:colcon.colcon_core.shell:create_environment_hook('radio_station_bringup', 'cmake_prefix_path')
[8.727s] INFO:colcon.colcon_core.shell:Creating environment hook '/home/atharva/Learning_ROS2/install/radio_station_bringup/share/radio_station_bringup/hook/cmake_prefix_path.ps1'
[8.728s] INFO:colcon.colcon_core.shell:Creating environment descriptor '/home/atharva/Learning_ROS2/install/radio_station_bringup/share/radio_station_bringup/hook/cmake_prefix_path.dsv'
[8.728s] INFO:colcon.colcon_core.shell:Creating environment hook '/home/atharva/Learning_ROS2/install/radio_station_bringup/share/radio_station_bringup/hook/cmake_prefix_path.sh'
[8.729s] Level 1:colcon.colcon_core.environment:checking '/home/atharva/Learning_ROS2/install/radio_station_bringup/bin'
[8.729s] Level 1:colcon.colcon_core.environment:checking '/home/atharva/Learning_ROS2/install/radio_station_bringup/lib/pkgconfig/radio_station_bringup.pc'
[8.730s] Level 1:colcon.colcon_core.environment:checking '/home/atharva/Learning_ROS2/install/radio_station_bringup/lib/python3.10/site-packages'
[8.730s] Level 1:colcon.colcon_core.environment:checking '/home/atharva/Learning_ROS2/install/radio_station_bringup/bin'
[8.754s] INFO:colcon.colcon_core.shell:Creating package script '/home/atharva/Learning_ROS2/install/radio_station_bringup/share/radio_station_bringup/package.ps1'
[8.755s] INFO:colcon.colcon_core.shell:Creating package descriptor '/home/atharva/Learning_ROS2/install/radio_station_bringup/share/radio_station_bringup/package.dsv'
[8.756s] INFO:colcon.colcon_core.shell:Creating package script '/home/atharva/Learning_ROS2/install/radio_station_bringup/share/radio_station_bringup/package.sh'
[8.757s] INFO:colcon.colcon_core.shell:Creating package script '/home/atharva/Learning_ROS2/install/radio_station_bringup/share/radio_station_bringup/package.bash'
[8.758s] INFO:colcon.colcon_core.shell:Creating package script '/home/atharva/Learning_ROS2/install/radio_station_bringup/share/radio_station_bringup/package.zsh'
[8.759s] Level 1:colcon.colcon_core.environment:create_file_with_runtime_dependencies(/home/atharva/Learning_ROS2/install/radio_station_bringup/share/colcon-core/packages/radio_station_bringup)
[8.762s] Level 1:colcon.colcon_core.environment:create_environment_scripts_only(my_robot_bringup)
[8.763s] DEBUG:colcon.colcon_core.event_handler.log_command:Invoked command in '/home/atharva/Learning_ROS2/build/my_robot_bringup' returned '0': AMENT_PREFIX_PATH=/home/atharva/Learning_ROS2/install/my_py_pkg:/home/atharva/Learning_ROS2/install/my_robot_interfaces:/home/atharva/Learning_ROS2/ros2_ws/install/my_robot_interfaces:/home/atharva/Learning_ROS2/ros2_ws/install/turtlesim_catch_em_all:/home/atharva/Learning_ROS2/ros2_ws/install/radio_station_bringup:/home/atharva/Learning_ROS2/ros2_ws/install/my_robot_bringup:/home/atharva/Learning_ROS2/ros2_ws/install/my_py_pkg:/home/atharva/Learning_ROS2/ros2_ws/install/my_robot_gazebo_bringup:/home/atharva/Learning_ROS2/ros2_ws/install/my_robot_description:/opt/ros/humble CMAKE_PREFIX_PATH=/home/atharva/Learning_ROS2/install/my_robot_interfaces:/home/atharva/ros2_ws/install/my_robot_gazebo_bringup:/home/atharva/ros2_ws/install/my_robot_description:/home/atharva/Learning_ROS2/ros2_ws/install/radio_station_bringup:/home/atharva/Learning_ROS2/ros2_ws/install/my_robot_bringup:/home/atharva/Learning_ROS2/ros2_ws/install/my_robot_interfaces:/home/atharva/Learning_ROS2/ros2_ws/install/my_robot_gazebo_bringup:/home/atharva/Learning_ROS2/ros2_ws/install/my_robot_description:/home/atharva/Learning_ROS2/ros2_ws/install/turtlesim_catch_em_all:/home/atharva/Learning_ROS2/ros2_ws/install/my_py_pkg:/opt/ros/humble: LD_LIBRARY_PATH=/home/atharva/Learning_ROS2/install/my_robot_interfaces/lib:${LD_LIBRARY_PATH} PYTHONPATH=/home/atharva/Learning_ROS2/build/my_py_pkg:/home/atharva/Learning_ROS2/install/my_py_pkg/lib/python3.10/site-packages:/home/atharva/Learning_ROS2/install/my_robot_interfaces/local/lib/python3.10/dist-packages:${PYTHONPATH} /usr/bin/cmake --install /home/atharva/Learning_ROS2/build/my_robot_bringup
[8.794s] Level 1:colcon.colcon_core.environment:checking '/home/atharva/Learning_ROS2/install/my_robot_bringup' for CMake module files
[8.794s] Level 1:colcon.colcon_core.environment:checking '/home/atharva/Learning_ROS2/install/my_robot_bringup' for CMake config files
[8.795s] Level 1:colcon.colcon_core.shell:create_environment_hook('my_robot_bringup', 'cmake_prefix_path')
[8.821s] INFO:colcon.colcon_core.shell:Creating environment hook '/home/atharva/Learning_ROS2/install/my_robot_bringup/share/my_robot_bringup/hook/cmake_prefix_path.ps1'
[8.822s] INFO:colcon.colcon_core.shell:Creating environment descriptor '/home/atharva/Learning_ROS2/install/my_robot_bringup/share/my_robot_bringup/hook/cmake_prefix_path.dsv'
[8.822s] INFO:colcon.colcon_core.shell:Creating environment hook '/home/atharva/Learning_ROS2/install/my_robot_bringup/share/my_robot_bringup/hook/cmake_prefix_path.sh'
[8.823s] Level 1:colcon.colcon_core.environment:checking '/home/atharva/Learning_ROS2/install/my_robot_bringup/bin'
[8.823s] Level 1:colcon.colcon_core.environment:checking '/home/atharva/Learning_ROS2/install/my_robot_bringup/lib/pkgconfig/my_robot_bringup.pc'
[8.824s] Level 1:colcon.colcon_core.environment:checking '/home/atharva/Learning_ROS2/install/my_robot_bringup/lib/python3.10/site-packages'
[8.824s] Level 1:colcon.colcon_core.environment:checking '/home/atharva/Learning_ROS2/install/my_robot_bringup/bin'
[8.852s] INFO:colcon.colcon_core.shell:Creating package script '/home/atharva/Learning_ROS2/install/my_robot_bringup/share/my_robot_bringup/package.ps1'
[8.852s] INFO:colcon.colcon_core.shell:Creating package descriptor '/home/atharva/Learning_ROS2/install/my_robot_bringup/share/my_robot_bringup/package.dsv'
[8.853s] INFO:colcon.colcon_core.shell:Creating package script '/home/atharva/Learning_ROS2/install/my_robot_bringup/share/my_robot_bringup/package.sh'
[8.853s] INFO:colcon.colcon_core.shell:Creating package script '/home/atharva/Learning_ROS2/install/my_robot_bringup/share/my_robot_bringup/package.bash'
[8.854s] INFO:colcon.colcon_core.shell:Creating package script '/home/atharva/Learning_ROS2/install/my_robot_bringup/share/my_robot_bringup/package.zsh'
[8.854s] Level 1:colcon.colcon_core.environment:create_file_with_runtime_dependencies(/home/atharva/Learning_ROS2/install/my_robot_bringup/share/colcon-core/packages/my_robot_bringup)
[8.887s] Level 1:colcon.colcon_core.environment:create_environment_scripts_only(radio_station_bringup)
[8.914s] Level 1:colcon.colcon_core.environment:checking '/home/atharva/Learning_ROS2/install/radio_station_bringup' for CMake module files
[8.915s] Level 1:colcon.colcon_core.environment:checking '/home/atharva/Learning_ROS2/install/radio_station_bringup' for CMake config files
[8.915s] Level 1:colcon.colcon_core.shell:create_environment_hook('radio_station_bringup', 'cmake_prefix_path')
[8.940s] INFO:colcon.colcon_core.shell:Creating environment hook '/home/atharva/Learning_ROS2/install/radio_station_bringup/share/radio_station_bringup/hook/cmake_prefix_path.ps1'
[8.941s] INFO:colcon.colcon_core.shell:Creating environment descriptor '/home/atharva/Learning_ROS2/install/radio_station_bringup/share/radio_station_bringup/hook/cmake_prefix_path.dsv'
[8.942s] INFO:colcon.colcon_core.shell:Creating environment hook '/home/atharva/Learning_ROS2/install/radio_station_bringup/share/radio_station_bringup/hook/cmake_prefix_path.sh'
[8.943s] Level 1:colcon.colcon_core.environment:checking '/home/atharva/Learning_ROS2/install/radio_station_bringup/bin'
[8.943s] Level 1:colcon.colcon_core.environment:checking '/home/atharva/Learning_ROS2/install/radio_station_bringup/lib/pkgconfig/radio_station_bringup.pc'
[8.944s] Level 1:colcon.colcon_core.environment:checking '/home/atharva/Learning_ROS2/install/radio_station_bringup/lib/python3.10/site-packages'
[8.944s] Level 1:colcon.colcon_core.environment:checking '/home/atharva/Learning_ROS2/install/radio_station_bringup/bin'
[8.970s] INFO:colcon.colcon_core.shell:Creating package script '/home/atharva/Learning_ROS2/install/radio_station_bringup/share/radio_station_bringup/package.ps1'
[8.971s] INFO:colcon.colcon_core.shell:Creating package descriptor '/home/atharva/Learning_ROS2/install/radio_station_bringup/share/radio_station_bringup/package.dsv'
[8.972s] INFO:colcon.colcon_core.shell:Creating package script '/home/atharva/Learning_ROS2/install/radio_station_bringup/share/radio_station_bringup/package.sh'
[8.973s] INFO:colcon.colcon_core.shell:Creating package script '/home/atharva/Learning_ROS2/install/radio_station_bringup/share/radio_station_bringup/package.bash'
[8.974s] INFO:colcon.colcon_core.shell:Creating package script '/home/atharva/Learning_ROS2/install/radio_station_bringup/share/radio_station_bringup/package.zsh'
[8.975s] Level 1:colcon.colcon_core.environment:create_file_with_runtime_dependencies(/home/atharva/Learning_ROS2/install/radio_station_bringup/share/colcon-core/packages/radio_station_bringup)
[9.002s] Level 1:colcon.colcon_core.environment:create_environment_scripts_only(my_robot_bringup)
[9.029s] Level 1:colcon.colcon_core.environment:checking '/home/atharva/Learning_ROS2/install/my_robot_bringup' for CMake module files
[9.030s] Level 1:colcon.colcon_core.environment:checking '/home/atharva/Learning_ROS2/install/my_robot_bringup' for CMake config files
[9.030s] Level 1:colcon.colcon_core.shell:create_environment_hook('my_robot_bringup', 'cmake_prefix_path')
[9.054s] INFO:colcon.colcon_core.shell:Creating environment hook '/home/atharva/Learning_ROS2/install/my_robot_bringup/share/my_robot_bringup/hook/cmake_prefix_path.ps1'
[9.054s] INFO:colcon.colcon_core.shell:Creating environment descriptor '/home/atharva/Learning_ROS2/install/my_robot_bringup/share/my_robot_bringup/hook/cmake_prefix_path.dsv'
[9.054s] INFO:colcon.colcon_core.shell:Creating environment hook '/home/atharva/Learning_ROS2/install/my_robot_bringup/share/my_robot_bringup/hook/cmake_prefix_path.sh'
[9.055s] Level 1:colcon.colcon_core.environment:checking '/home/atharva/Learning_ROS2/install/my_robot_bringup/bin'
[9.055s] Level 1:colcon.colcon_core.environment:checking '/home/atharva/Learning_ROS2/install/my_robot_bringup/lib/pkgconfig/my_robot_bringup.pc'
[9.056s] Level 1:colcon.colcon_core.environment:checking '/home/atharva/Learning_ROS2/install/my_robot_bringup/lib/python3.10/site-packages'
[9.056s] Level 1:colcon.colcon_core.environment:checking '/home/atharva/Learning_ROS2/install/my_robot_bringup/bin'
[9.083s] INFO:colcon.colcon_core.shell:Creating package script '/home/atharva/Learning_ROS2/install/my_robot_bringup/share/my_robot_bringup/package.ps1'
[9.083s] INFO:colcon.colcon_core.shell:Creating package descriptor '/home/atharva/Learning_ROS2/install/my_robot_bringup/share/my_robot_bringup/package.dsv'
[9.084s] INFO:colcon.colcon_core.shell:Creating package script '/home/atharva/Learning_ROS2/install/my_robot_bringup/share/my_robot_bringup/package.sh'
[9.085s] INFO:colcon.colcon_core.shell:Creating package script '/home/atharva/Learning_ROS2/install/my_robot_bringup/share/my_robot_bringup/package.bash'
[9.085s] INFO:colcon.colcon_core.shell:Creating package script '/home/atharva/Learning_ROS2/install/my_robot_bringup/share/my_robot_bringup/package.zsh'
[9.086s] Level 1:colcon.colcon_core.environment:create_file_with_runtime_dependencies(/home/atharva/Learning_ROS2/install/my_robot_bringup/share/colcon-core/packages/my_robot_bringup)
[9.086s] DEBUG:colcon.colcon_parallel_executor.executor.parallel:closing loop
[9.087s] DEBUG:colcon.colcon_parallel_executor.executor.parallel:loop closed
[9.087s] DEBUG:colcon.colcon_parallel_executor.executor.parallel:run_until_complete finished with '0'
[9.087s] DEBUG:colcon.colcon_core.event_reactor:joining thread
[9.127s] INFO:colcon.colcon_core.plugin_system:Skipping extension 'colcon_notification.desktop_notification.terminal_notifier': Not used on non-Darwin systems
[9.127s] INFO:colcon.colcon_core.plugin_system:Skipping extension 'colcon_notification.desktop_notification.win32': Not used on non-Windows systems
[9.127s] INFO:colcon.colcon_notification.desktop_notification:Sending desktop notification using 'notify2'
[9.142s] DEBUG:colcon.colcon_core.event_reactor:joined thread
[9.169s] INFO:colcon.colcon_core.shell:Creating prefix script '/home/atharva/Learning_ROS2/install/local_setup.ps1'
[9.170s] INFO:colcon.colcon_core.shell:Creating prefix util module '/home/atharva/Learning_ROS2/install/_local_setup_util_ps1.py'
[9.172s] INFO:colcon.colcon_core.shell:Creating prefix chain script '/home/atharva/Learning_ROS2/install/setup.ps1'
[9.202s] INFO:colcon.colcon_core.shell:Creating prefix script '/home/atharva/Learning_ROS2/install/local_setup.sh'
[9.203s] INFO:colcon.colcon_core.shell:Creating prefix util module '/home/atharva/Learning_ROS2/install/_local_setup_util_sh.py'
[9.204s] INFO:colcon.colcon_core.shell:Creating prefix chain script '/home/atharva/Learning_ROS2/install/setup.sh'
[9.235s] INFO:colcon.colcon_core.shell:Creating prefix script '/home/atharva/Learning_ROS2/install/local_setup.bash'
[9.235s] INFO:colcon.colcon_core.shell:Creating prefix chain script '/home/atharva/Learning_ROS2/install/setup.bash'
[9.264s] INFO:colcon.colcon_core.shell:Creating prefix script '/home/atharva/Learning_ROS2/install/local_setup.zsh'
[9.265s] INFO:colcon.colcon_core.shell:Creating prefix chain script '/home/atharva/Learning_ROS2/install/setup.zsh'
