[0.154s] Invoking command in '/home/atharva/Learning_ROS2/ros2_ws/build/autocar_nav': CMAKE_PREFIX_PATH=/home/atharva/Learning_ROS2/ros2_ws/install/autocar_msgs:/home/atharva/Learning_ROS2/ros2_ws/install/radio_station_bringup:/home/atharva/Learning_ROS2/ros2_ws/install/my_robot_interfaces:/home/atharva/Learning_ROS2/ros2_ws/install/my_robot_bringup:/home/atharva/Learning_ROS2/ros2_ws/install/mae547_bringup:/home/atharva/Learning_ROS2/ros2_ws/install/my_robot_description:/home/atharva/Learning_ROS2/ros2_ws/install/mae_547:/home/atharva/Learning_ROS2/ros2_ws/install/launches:/home/atharva/Learning_ROS2/ros2_ws/install/autocar_nav:/home/atharva/Learning_ROS2/ros2_ws/install/autocar_map:/home/atharva/Learning_ROS2/ros2_ws/install/autocar_gazebo:/home/atharva/Learning_ROS2/ros2_ws/install/autocar_description:/home/atharva/Learning_ROS2/ros2_ws/install/turtlesim_catch_em_all:/home/atharva/Learning_ROS2/ros2_ws/install/my_py_pkg:/opt/ros/humble LD_LIBRARY_PATH=/home/atharva/Learning_ROS2/ros2_ws/install/autocar_msgs/lib:/home/atharva/Learning_ROS2/ros2_ws/install/my_robot_interfaces/lib:/usr/lib/x86_64-linux-gnu/gazebo-11/plugins:/opt/ros/humble/opt/rviz_ogre_vendor/lib:/opt/ros/humble/lib/x86_64-linux-gnu:/opt/ros/humble/lib:/usr/lib/x86_64-linux-gnu/gazebo-11/plugins /usr/bin/cmake --build /home/atharva/Learning_ROS2/ros2_ws/build/autocar_nav -- -j32 -l32
[0.179s] Built target ament_cmake_python_copy_autocar_nav
[0.293s] running egg_info
[0.293s] writing autocar_nav.egg-info/PKG-INFO
[0.293s] writing dependency_links to autocar_nav.egg-info/dependency_links.txt
[0.293s] writing top-level names to autocar_nav.egg-info/top_level.txt
[0.295s] reading manifest file 'autocar_nav.egg-info/SOURCES.txt'
[0.295s] writing manifest file 'autocar_nav.egg-info/SOURCES.txt'
[0.307s] Built target ament_cmake_python_build_autocar_nav_egg
[0.444s] Invoked command in '/home/atharva/Learning_ROS2/ros2_ws/build/autocar_nav' returned '0': CMAKE_PREFIX_PATH=/home/atharva/Learning_ROS2/ros2_ws/install/autocar_msgs:/home/atharva/Learning_ROS2/ros2_ws/install/radio_station_bringup:/home/atharva/Learning_ROS2/ros2_ws/install/my_robot_interfaces:/home/atharva/Learning_ROS2/ros2_ws/install/my_robot_bringup:/home/atharva/Learning_ROS2/ros2_ws/install/mae547_bringup:/home/atharva/Learning_ROS2/ros2_ws/install/my_robot_description:/home/atharva/Learning_ROS2/ros2_ws/install/mae_547:/home/atharva/Learning_ROS2/ros2_ws/install/launches:/home/atharva/Learning_ROS2/ros2_ws/install/autocar_nav:/home/atharva/Learning_ROS2/ros2_ws/install/autocar_map:/home/atharva/Learning_ROS2/ros2_ws/install/autocar_gazebo:/home/atharva/Learning_ROS2/ros2_ws/install/autocar_description:/home/atharva/Learning_ROS2/ros2_ws/install/turtlesim_catch_em_all:/home/atharva/Learning_ROS2/ros2_ws/install/my_py_pkg:/opt/ros/humble LD_LIBRARY_PATH=/home/atharva/Learning_ROS2/ros2_ws/install/autocar_msgs/lib:/home/atharva/Learning_ROS2/ros2_ws/install/my_robot_interfaces/lib:/usr/lib/x86_64-linux-gnu/gazebo-11/plugins:/opt/ros/humble/opt/rviz_ogre_vendor/lib:/opt/ros/humble/lib/x86_64-linux-gnu:/opt/ros/humble/lib:/usr/lib/x86_64-linux-gnu/gazebo-11/plugins /usr/bin/cmake --build /home/atharva/Learning_ROS2/ros2_ws/build/autocar_nav -- -j32 -l32
[0.457s] Invoking command in '/home/atharva/Learning_ROS2/ros2_ws/build/autocar_nav': CMAKE_PREFIX_PATH=/home/atharva/Learning_ROS2/ros2_ws/install/autocar_msgs:/home/atharva/Learning_ROS2/ros2_ws/install/radio_station_bringup:/home/atharva/Learning_ROS2/ros2_ws/install/my_robot_interfaces:/home/atharva/Learning_ROS2/ros2_ws/install/my_robot_bringup:/home/atharva/Learning_ROS2/ros2_ws/install/mae547_bringup:/home/atharva/Learning_ROS2/ros2_ws/install/my_robot_description:/home/atharva/Learning_ROS2/ros2_ws/install/mae_547:/home/atharva/Learning_ROS2/ros2_ws/install/launches:/home/atharva/Learning_ROS2/ros2_ws/install/autocar_nav:/home/atharva/Learning_ROS2/ros2_ws/install/autocar_map:/home/atharva/Learning_ROS2/ros2_ws/install/autocar_gazebo:/home/atharva/Learning_ROS2/ros2_ws/install/autocar_description:/home/atharva/Learning_ROS2/ros2_ws/install/turtlesim_catch_em_all:/home/atharva/Learning_ROS2/ros2_ws/install/my_py_pkg:/opt/ros/humble LD_LIBRARY_PATH=/home/atharva/Learning_ROS2/ros2_ws/install/autocar_msgs/lib:/home/atharva/Learning_ROS2/ros2_ws/install/my_robot_interfaces/lib:/usr/lib/x86_64-linux-gnu/gazebo-11/plugins:/opt/ros/humble/opt/rviz_ogre_vendor/lib:/opt/ros/humble/lib/x86_64-linux-gnu:/opt/ros/humble/lib:/usr/lib/x86_64-linux-gnu/gazebo-11/plugins /usr/bin/cmake --install /home/atharva/Learning_ROS2/ros2_ws/build/autocar_nav
[0.460s] -- Install configuration: ""
[0.460s] -- Up-to-date: /home/atharva/Learning_ROS2/ros2_ws/install/autocar_nav/share/autocar_nav/environment/pythonpath.sh
[0.460s] -- Up-to-date: /home/atharva/Learning_ROS2/ros2_ws/install/autocar_nav/share/autocar_nav/environment/pythonpath.dsv
[0.460s] -- Up-to-date: /home/atharva/Learning_ROS2/ros2_ws/install/autocar_nav/local/lib/python3.10/dist-packages/autocar_nav-0.0.0-py3.10.egg-info
[0.461s] -- Installing: /home/atharva/Learning_ROS2/ros2_ws/install/autocar_nav/local/lib/python3.10/dist-packages/autocar_nav-0.0.0-py3.10.egg-info/PKG-INFO
[0.461s] -- Installing: /home/atharva/Learning_ROS2/ros2_ws/install/autocar_nav/local/lib/python3.10/dist-packages/autocar_nav-0.0.0-py3.10.egg-info/top_level.txt
[0.461s] -- Installing: /home/atharva/Learning_ROS2/ros2_ws/install/autocar_nav/local/lib/python3.10/dist-packages/autocar_nav-0.0.0-py3.10.egg-info/SOURCES.txt
[0.461s] -- Installing: /home/atharva/Learning_ROS2/ros2_ws/install/autocar_nav/local/lib/python3.10/dist-packages/autocar_nav-0.0.0-py3.10.egg-info/dependency_links.txt
[0.461s] -- Up-to-date: /home/atharva/Learning_ROS2/ros2_ws/install/autocar_nav/local/lib/python3.10/dist-packages/autocar_nav
[0.461s] -- Up-to-date: /home/atharva/Learning_ROS2/ros2_ws/install/autocar_nav/local/lib/python3.10/dist-packages/autocar_nav/__init__.py
[0.461s] -- Up-to-date: /home/atharva/Learning_ROS2/ros2_ws/install/autocar_nav/local/lib/python3.10/dist-packages/autocar_nav/normalise_angle.py
[0.461s] -- Up-to-date: /home/atharva/Learning_ROS2/ros2_ws/install/autocar_nav/local/lib/python3.10/dist-packages/autocar_nav/cubic_spline_interpolator.py
[0.461s] -- Up-to-date: /home/atharva/Learning_ROS2/ros2_ws/install/autocar_nav/local/lib/python3.10/dist-packages/autocar_nav/yaw_to_quaternion.py
[0.475s] Listing '/home/atharva/Learning_ROS2/ros2_ws/install/autocar_nav/local/lib/python3.10/dist-packages/autocar_nav'...
[0.478s] -- Up-to-date: /home/atharva/Learning_ROS2/ros2_ws/install/autocar_nav/share/autocar_nav/config
[0.478s] -- Up-to-date: /home/atharva/Learning_ROS2/ros2_ws/install/autocar_nav/share/autocar_nav/config/navigation_params.yaml
[0.478s] -- Up-to-date: /home/atharva/Learning_ROS2/ros2_ws/install/autocar_nav/share/autocar_nav/data
[0.478s] -- Up-to-date: /home/atharva/Learning_ROS2/ros2_ws/install/autocar_nav/share/autocar_nav/data/waypoints.csv
[0.478s] -- Up-to-date: /home/atharva/Learning_ROS2/ros2_ws/install/autocar_nav/lib/autocar_nav/globalplanner.py
[0.478s] -- Up-to-date: /home/atharva/Learning_ROS2/ros2_ws/install/autocar_nav/lib/autocar_nav/localisation.py
[0.478s] -- Up-to-date: /home/atharva/Learning_ROS2/ros2_ws/install/autocar_nav/lib/autocar_nav/localplanner.py
[0.478s] -- Up-to-date: /home/atharva/Learning_ROS2/ros2_ws/install/autocar_nav/lib/autocar_nav/clickplanner.py
[0.478s] -- Up-to-date: /home/atharva/Learning_ROS2/ros2_ws/install/autocar_nav/lib/autocar_nav/tracker.py
[0.478s] -- Up-to-date: /home/atharva/Learning_ROS2/ros2_ws/install/autocar_nav/share/ament_index/resource_index/package_run_dependencies/autocar_nav
[0.479s] -- Up-to-date: /home/atharva/Learning_ROS2/ros2_ws/install/autocar_nav/share/ament_index/resource_index/parent_prefix_path/autocar_nav
[0.479s] -- Up-to-date: /home/atharva/Learning_ROS2/ros2_ws/install/autocar_nav/share/autocar_nav/environment/ament_prefix_path.sh
[0.479s] -- Up-to-date: /home/atharva/Learning_ROS2/ros2_ws/install/autocar_nav/share/autocar_nav/environment/ament_prefix_path.dsv
[0.479s] -- Up-to-date: /home/atharva/Learning_ROS2/ros2_ws/install/autocar_nav/share/autocar_nav/environment/path.sh
[0.479s] -- Up-to-date: /home/atharva/Learning_ROS2/ros2_ws/install/autocar_nav/share/autocar_nav/environment/path.dsv
[0.479s] -- Up-to-date: /home/atharva/Learning_ROS2/ros2_ws/install/autocar_nav/share/autocar_nav/local_setup.bash
[0.479s] -- Up-to-date: /home/atharva/Learning_ROS2/ros2_ws/install/autocar_nav/share/autocar_nav/local_setup.sh
[0.480s] -- Up-to-date: /home/atharva/Learning_ROS2/ros2_ws/install/autocar_nav/share/autocar_nav/local_setup.zsh
[0.480s] -- Up-to-date: /home/atharva/Learning_ROS2/ros2_ws/install/autocar_nav/share/autocar_nav/local_setup.dsv
[0.480s] -- Up-to-date: /home/atharva/Learning_ROS2/ros2_ws/install/autocar_nav/share/autocar_nav/package.dsv
[0.480s] -- Up-to-date: /home/atharva/Learning_ROS2/ros2_ws/install/autocar_nav/share/ament_index/resource_index/packages/autocar_nav
[0.480s] -- Up-to-date: /home/atharva/Learning_ROS2/ros2_ws/install/autocar_nav/share/autocar_nav/cmake/autocar_navConfig.cmake
[0.480s] -- Up-to-date: /home/atharva/Learning_ROS2/ros2_ws/install/autocar_nav/share/autocar_nav/cmake/autocar_navConfig-version.cmake
[0.480s] -- Up-to-date: /home/atharva/Learning_ROS2/ros2_ws/install/autocar_nav/share/autocar_nav/package.xml
[0.481s] Invoked command in '/home/atharva/Learning_ROS2/ros2_ws/build/autocar_nav' returned '0': CMAKE_PREFIX_PATH=/home/atharva/Learning_ROS2/ros2_ws/install/autocar_msgs:/home/atharva/Learning_ROS2/ros2_ws/install/radio_station_bringup:/home/atharva/Learning_ROS2/ros2_ws/install/my_robot_interfaces:/home/atharva/Learning_ROS2/ros2_ws/install/my_robot_bringup:/home/atharva/Learning_ROS2/ros2_ws/install/mae547_bringup:/home/atharva/Learning_ROS2/ros2_ws/install/my_robot_description:/home/atharva/Learning_ROS2/ros2_ws/install/mae_547:/home/atharva/Learning_ROS2/ros2_ws/install/launches:/home/atharva/Learning_ROS2/ros2_ws/install/autocar_nav:/home/atharva/Learning_ROS2/ros2_ws/install/autocar_map:/home/atharva/Learning_ROS2/ros2_ws/install/autocar_gazebo:/home/atharva/Learning_ROS2/ros2_ws/install/autocar_description:/home/atharva/Learning_ROS2/ros2_ws/install/turtlesim_catch_em_all:/home/atharva/Learning_ROS2/ros2_ws/install/my_py_pkg:/opt/ros/humble LD_LIBRARY_PATH=/home/atharva/Learning_ROS2/ros2_ws/install/autocar_msgs/lib:/home/atharva/Learning_ROS2/ros2_ws/install/my_robot_interfaces/lib:/usr/lib/x86_64-linux-gnu/gazebo-11/plugins:/opt/ros/humble/opt/rviz_ogre_vendor/lib:/opt/ros/humble/lib/x86_64-linux-gnu:/opt/ros/humble/lib:/usr/lib/x86_64-linux-gnu/gazebo-11/plugins /usr/bin/cmake --install /home/atharva/Learning_ROS2/ros2_ws/build/autocar_nav
