[0.112s] Invoking command in '/home/atharva/ros2_ws/build/my_robot_description': CMAKE_PREFIX_PATH=${CMAKE_PREFIX_PATH}:/home/atharva/ros2_ws/install/turtlesim_proj:/home/atharva/ros2_ws/install/turtlesim_catch_em_all:/home/atharva/ros2_ws/install/turtle_catch_em_all:/home/atharva/ros2_ws/install/my_py_pkg:/opt/ros/humble /usr/bin/cmake /home/atharva/ros2_ws/src/my_robot_description -DCMAKE_INSTALL_PREFIX=/home/atharva/ros2_ws/install/my_robot_description
[0.829s] -- The C compiler identification is GNU 11.4.0
[1.232s] -- The CXX compiler identification is GNU 11.4.0
[1.327s] -- Detecting C compiler ABI info
[1.529s] -- Detecting C compiler ABI info - done
[1.541s] -- Check for working C compiler: /usr/bin/cc - skipped
[1.542s] -- Detecting C compile features
[1.553s] -- Detecting C compile features - done
[1.558s] -- Detecting CXX compiler ABI info
[1.688s] -- Detecting CXX compiler ABI info - done
[1.699s] -- Check for working CXX compiler: /usr/bin/c++ - skipped
[1.699s] -- Detecting CXX compile features
[1.700s] -- Detecting CXX compile features - done
[1.781s] -- Found ament_cmake: 1.3.5 (/opt/ros/humble/share/ament_cmake/cmake)
[2.120s] -- Found Python3: /usr/bin/python3.10 (found version "3.10.12") found components: Interpreter 
[2.443s] -- Configuring done
[2.447s] -- Generating done
[2.448s] -- Build files have been written to: /home/atharva/ros2_ws/build/my_robot_description
[2.454s] Invoked command in '/home/atharva/ros2_ws/build/my_robot_description' returned '0': CMAKE_PREFIX_PATH=${CMAKE_PREFIX_PATH}:/home/atharva/ros2_ws/install/turtlesim_proj:/home/atharva/ros2_ws/install/turtlesim_catch_em_all:/home/atharva/ros2_ws/install/turtle_catch_em_all:/home/atharva/ros2_ws/install/my_py_pkg:/opt/ros/humble /usr/bin/cmake /home/atharva/ros2_ws/src/my_robot_description -DCMAKE_INSTALL_PREFIX=/home/atharva/ros2_ws/install/my_robot_description
[2.456s] Invoking command in '/home/atharva/ros2_ws/build/my_robot_description': CMAKE_PREFIX_PATH=${CMAKE_PREFIX_PATH}:/home/atharva/ros2_ws/install/turtlesim_proj:/home/atharva/ros2_ws/install/turtlesim_catch_em_all:/home/atharva/ros2_ws/install/turtle_catch_em_all:/home/atharva/ros2_ws/install/my_py_pkg:/opt/ros/humble /usr/bin/cmake --build /home/atharva/ros2_ws/build/my_robot_description -- -j4 -l4
[2.494s] Invoked command in '/home/atharva/ros2_ws/build/my_robot_description' returned '0': CMAKE_PREFIX_PATH=${CMAKE_PREFIX_PATH}:/home/atharva/ros2_ws/install/turtlesim_proj:/home/atharva/ros2_ws/install/turtlesim_catch_em_all:/home/atharva/ros2_ws/install/turtle_catch_em_all:/home/atharva/ros2_ws/install/my_py_pkg:/opt/ros/humble /usr/bin/cmake --build /home/atharva/ros2_ws/build/my_robot_description -- -j4 -l4
[2.527s] Invoking command in '/home/atharva/ros2_ws/build/my_robot_description': CMAKE_PREFIX_PATH=${CMAKE_PREFIX_PATH}:/home/atharva/ros2_ws/install/turtlesim_proj:/home/atharva/ros2_ws/install/turtlesim_catch_em_all:/home/atharva/ros2_ws/install/turtle_catch_em_all:/home/atharva/ros2_ws/install/my_py_pkg:/opt/ros/humble /usr/bin/cmake --install /home/atharva/ros2_ws/build/my_robot_description
[2.535s] -- Install configuration: ""
[2.535s] -- Installing: /home/atharva/ros2_ws/install/my_robot_description/share/my_robot_description//urdf
[2.535s] -- Installing: /home/atharva/ros2_ws/install/my_robot_description/share/my_robot_description//urdf/my_robot.urdf
[2.536s] -- Installing: /home/atharva/ros2_ws/install/my_robot_description/share/ament_index/resource_index/package_run_dependencies/my_robot_description
[2.536s] -- Installing: /home/atharva/ros2_ws/install/my_robot_description/share/ament_index/resource_index/parent_prefix_path/my_robot_description
[2.536s] -- Installing: /home/atharva/ros2_ws/install/my_robot_description/share/my_robot_description/environment/ament_prefix_path.sh
[2.536s] -- Installing: /home/atharva/ros2_ws/install/my_robot_description/share/my_robot_description/environment/ament_prefix_path.dsv
[2.536s] -- Installing: /home/atharva/ros2_ws/install/my_robot_description/share/my_robot_description/environment/path.sh
[2.537s] -- Installing: /home/atharva/ros2_ws/install/my_robot_description/share/my_robot_description/environment/path.dsv
[2.537s] -- Installing: /home/atharva/ros2_ws/install/my_robot_description/share/my_robot_description/local_setup.bash
[2.537s] -- Installing: /home/atharva/ros2_ws/install/my_robot_description/share/my_robot_description/local_setup.sh
[2.537s] -- Installing: /home/atharva/ros2_ws/install/my_robot_description/share/my_robot_description/local_setup.zsh
[2.537s] -- Installing: /home/atharva/ros2_ws/install/my_robot_description/share/my_robot_description/local_setup.dsv
[2.538s] -- Installing: /home/atharva/ros2_ws/install/my_robot_description/share/my_robot_description/package.dsv
[2.538s] -- Installing: /home/atharva/ros2_ws/install/my_robot_description/share/ament_index/resource_index/packages/my_robot_description
[2.538s] -- Installing: /home/atharva/ros2_ws/install/my_robot_description/share/my_robot_description/cmake/my_robot_descriptionConfig.cmake
[2.538s] -- Installing: /home/atharva/ros2_ws/install/my_robot_description/share/my_robot_description/cmake/my_robot_descriptionConfig-version.cmake
[2.538s] -- Installing: /home/atharva/ros2_ws/install/my_robot_description/share/my_robot_description/package.xml
[2.540s] Invoked command in '/home/atharva/ros2_ws/build/my_robot_description' returned '0': CMAKE_PREFIX_PATH=${CMAKE_PREFIX_PATH}:/home/atharva/ros2_ws/install/turtlesim_proj:/home/atharva/ros2_ws/install/turtlesim_catch_em_all:/home/atharva/ros2_ws/install/turtle_catch_em_all:/home/atharva/ros2_ws/install/my_py_pkg:/opt/ros/humble /usr/bin/cmake --install /home/atharva/ros2_ws/build/my_robot_description
