-- Found ament_cmake: 1.3.6 (/opt/ros/humble/share/ament_cmake/cmake)
-- Override CMake install command with custom implementation using symlinks instead of copying resources
-- Configuring done
-- Generating done
-- Build files have been written to: /home/atharva/Learning_ROS2/ros2_ws/build/mae547_bringup
-- Install configuration: ""
-- Execute custom install script
-- Symlinking: /home/atharva/Learning_ROS2/ros2_ws/install/mae547_bringup/share/mae547_bringup/launch/mae_547_gazebo.launch.xml
-- Symlinking: /home/atharva/Learning_ROS2/ros2_ws/install/mae547_bringup/share/mae547_bringup/rviz/urdf_config.rviz
-- Symlinking: /home/atharva/Learning_ROS2/ros2_ws/install/mae547_bringup/share/ament_index/resource_index/package_run_dependencies/mae547_bringup
-- Symlinking: /home/atharva/Learning_ROS2/ros2_ws/install/mae547_bringup/share/ament_index/resource_index/parent_prefix_path/mae547_bringup
-- Symlinking: /home/atharva/Learning_ROS2/ros2_ws/install/mae547_bringup/share/mae547_bringup/environment/ament_prefix_path.sh
-- Symlinking: /home/atharva/Learning_ROS2/ros2_ws/install/mae547_bringup/share/mae547_bringup/environment/ament_prefix_path.dsv
-- Symlinking: /home/atharva/Learning_ROS2/ros2_ws/install/mae547_bringup/share/mae547_bringup/environment/path.sh
-- Symlinking: /home/atharva/Learning_ROS2/ros2_ws/install/mae547_bringup/share/mae547_bringup/environment/path.dsv
-- Symlinking: /home/atharva/Learning_ROS2/ros2_ws/install/mae547_bringup/share/mae547_bringup/local_setup.bash
-- Symlinking: /home/atharva/Learning_ROS2/ros2_ws/install/mae547_bringup/share/mae547_bringup/local_setup.sh
-- Symlinking: /home/atharva/Learning_ROS2/ros2_ws/install/mae547_bringup/share/mae547_bringup/local_setup.zsh
-- Symlinking: /home/atharva/Learning_ROS2/ros2_ws/install/mae547_bringup/share/mae547_bringup/local_setup.dsv
-- Symlinking: /home/atharva/Learning_ROS2/ros2_ws/install/mae547_bringup/share/mae547_bringup/package.dsv
-- Symlinking: /home/atharva/Learning_ROS2/ros2_ws/install/mae547_bringup/share/ament_index/resource_index/packages/mae547_bringup
-- Symlinking: /home/atharva/Learning_ROS2/ros2_ws/install/mae547_bringup/share/mae547_bringup/cmake/mae547_bringupConfig.cmake
-- Symlinking: /home/atharva/Learning_ROS2/ros2_ws/install/mae547_bringup/share/mae547_bringup/cmake/mae547_bringupConfig-version.cmake
-- Symlinking: /home/atharva/Learning_ROS2/ros2_ws/install/mae547_bringup/share/mae547_bringup/package.xml
