-- Install configuration: ""
-- Up-to-date: /home/atharva/Learning_ROS2/ros2_ws/install/mae547_bringup/share/mae547_bringup/launch
-- Up-to-date: /home/atharva/Learning_ROS2/ros2_ws/install/mae547_bringup/share/mae547_bringup/launch/mae_547_gazebo.launch.xml
-- Up-to-date: /home/atharva/Learning_ROS2/ros2_ws/install/mae547_bringup/share/mae547_bringup/rviz
-- Up-to-date: /home/atharva/Learning_ROS2/ros2_ws/install/mae547_bringup/share/mae547_bringup/rviz/urdf_config.rviz
-- Up-to-date: /home/atharva/Learning_ROS2/ros2_ws/install/mae547_bringup/share/ament_index/resource_index/package_run_dependencies/mae547_bringup
-- Up-to-date: /home/atharva/Learning_ROS2/ros2_ws/install/mae547_bringup/share/ament_index/resource_index/parent_prefix_path/mae547_bringup
-- Up-to-date: /home/atharva/Learning_ROS2/ros2_ws/install/mae547_bringup/share/mae547_bringup/environment/ament_prefix_path.sh
-- Up-to-date: /home/atharva/Learning_ROS2/ros2_ws/install/mae547_bringup/share/mae547_bringup/environment/ament_prefix_path.dsv
-- Up-to-date: /home/atharva/Learning_ROS2/ros2_ws/install/mae547_bringup/share/mae547_bringup/environment/path.sh
-- Up-to-date: /home/atharva/Learning_ROS2/ros2_ws/install/mae547_bringup/share/mae547_bringup/environment/path.dsv
-- Up-to-date: /home/atharva/Learning_ROS2/ros2_ws/install/mae547_bringup/share/mae547_bringup/local_setup.bash
-- Up-to-date: /home/atharva/Learning_ROS2/ros2_ws/install/mae547_bringup/share/mae547_bringup/local_setup.sh
-- Up-to-date: /home/atharva/Learning_ROS2/ros2_ws/install/mae547_bringup/share/mae547_bringup/local_setup.zsh
-- Up-to-date: /home/atharva/Learning_ROS2/ros2_ws/install/mae547_bringup/share/mae547_bringup/local_setup.dsv
-- Up-to-date: /home/atharva/Learning_ROS2/ros2_ws/install/mae547_bringup/share/mae547_bringup/package.dsv
-- Up-to-date: /home/atharva/Learning_ROS2/ros2_ws/install/mae547_bringup/share/ament_index/resource_index/packages/mae547_bringup
-- Up-to-date: /home/atharva/Learning_ROS2/ros2_ws/install/mae547_bringup/share/mae547_bringup/cmake/mae547_bringupConfig.cmake
-- Up-to-date: /home/atharva/Learning_ROS2/ros2_ws/install/mae547_bringup/share/mae547_bringup/cmake/mae547_bringupConfig-version.cmake
-- Up-to-date: /home/atharva/Learning_ROS2/ros2_ws/install/mae547_bringup/share/mae547_bringup/package.xml
