[0.107s] Invoking command in '/home/atharva/Learning_ROS2/ros2_ws/build/autocar_description': CMAKE_PREFIX_PATH=${CMAKE_PREFIX_PATH}:/opt/ros/humble /usr/bin/cmake /home/atharva/Learning_ROS2/ros2_ws/src/autocar/autocar_description -DCMAKE_INSTALL_PREFIX=/home/atharva/Learning_ROS2/ros2_ws/install/autocar_description
[0.139s] -- The C compiler identification is GNU 11.4.0
[0.166s] -- The CXX compiler identification is GNU 11.4.0
[0.174s] -- Detecting C compiler ABI info
[0.205s] -- Detecting C compiler ABI info - done
[0.210s] -- Check for working C compiler: /usr/bin/cc - skipped
[0.210s] -- Detecting C compile features
[0.210s] -- Detecting C compile features - done
[0.211s] -- Detecting CXX compiler ABI info
[0.253s] -- Detecting CXX compiler ABI info - done
[0.258s] -- Check for working CXX compiler: /usr/bin/c++ - skipped
[0.258s] -- Detecting CXX compile features
[0.259s] -- Detecting CXX compile features - done
[0.260s] -- Found ament_cmake: 1.3.6 (/opt/ros/humble/share/ament_cmake/cmake)
[0.344s] -- Found Python3: /usr/bin/python3.10 (found version "3.10.12") found components: Interpreter 
[0.409s] [31mCMake Error at CMakeLists.txt:25 (find_package):
[0.409s]   By not providing "Findament_lint_auto.cmake" in CMAKE_MODULE_PATH this
[0.409s]   project has asked CMake to find a package configuration file provided by
[0.409s]   "ament_lint_auto", but CMake did not find one.
[0.409s] 
[0.409s]   Could not find a package configuration file provided by "ament_lint_auto"
[0.409s]   with any of the following names:
[0.409s] 
[0.409s]     ament_lint_autoConfig.cmake
[0.409s]     ament_lint_auto-config.cmake
[0.409s] 
[0.409s]   Add the installation prefix of "ament_lint_auto" to CMAKE_PREFIX_PATH or
[0.409s]   set "ament_lint_auto_DIR" to a directory containing one of the above files.
[0.409s]   If "ament_lint_auto" provides a separate development package or SDK, be
[0.409s]   sure it has been installed.
[0.409s] 
[0.409s] [0m
[0.410s] -- Configuring incomplete, errors occurred!
[0.410s] See also "/home/atharva/Learning_ROS2/ros2_ws/build/autocar_description/CMakeFiles/CMakeOutput.log".
[0.452s] Invoked command in '/home/atharva/Learning_ROS2/ros2_ws/build/autocar_description' returned '1': CMAKE_PREFIX_PATH=${CMAKE_PREFIX_PATH}:/opt/ros/humble /usr/bin/cmake /home/atharva/Learning_ROS2/ros2_ws/src/autocar/autocar_description -DCMAKE_INSTALL_PREFIX=/home/atharva/Learning_ROS2/ros2_ws/install/autocar_description
