[0.059s] Invoking command in '/home/atharva/Learning_ROS2/ros2_ws/build/launches': CMAKE_PREFIX_PATH=${CMAKE_PREFIX_PATH}:/home/atharva/Learning_ROS2/ros2_ws/install/turtlesim_catch_em_all:/home/atharva/Learning_ROS2/ros2_ws/install/my_py_pkg:/opt/ros/humble /usr/bin/cmake --build /home/atharva/Learning_ROS2/ros2_ws/build/launches -- -j32 -l32
[0.078s] Invoked command in '/home/atharva/Learning_ROS2/ros2_ws/build/launches' returned '0': CMAKE_PREFIX_PATH=${CMAKE_PREFIX_PATH}:/home/atharva/Learning_ROS2/ros2_ws/install/turtlesim_catch_em_all:/home/atharva/Learning_ROS2/ros2_ws/install/my_py_pkg:/opt/ros/humble /usr/bin/cmake --build /home/atharva/Learning_ROS2/ros2_ws/build/launches -- -j32 -l32
[0.094s] Invoking command in '/home/atharva/Learning_ROS2/ros2_ws/build/launches': CMAKE_PREFIX_PATH=${CMAKE_PREFIX_PATH}:/home/atharva/Learning_ROS2/ros2_ws/install/turtlesim_catch_em_all:/home/atharva/Learning_ROS2/ros2_ws/install/my_py_pkg:/opt/ros/humble /usr/bin/cmake --install /home/atharva/Learning_ROS2/ros2_ws/build/launches
[0.116s] -- Install configuration: ""
[0.116s] -- Up-to-date: /home/atharva/Learning_ROS2/ros2_ws/install/launches/share/launches/launch
[0.116s] -- Up-to-date: /home/atharva/Learning_ROS2/ros2_ws/install/launches/share/launches/launch/click_launch.py
[0.117s] -- Up-to-date: /home/atharva/Learning_ROS2/ros2_ws/install/launches/share/launches/launch/default_launch.py
[0.117s] -- Up-to-date: /home/atharva/Learning_ROS2/ros2_ws/install/launches/share/ament_index/resource_index/package_run_dependencies/launches
[0.117s] -- Up-to-date: /home/atharva/Learning_ROS2/ros2_ws/install/launches/share/ament_index/resource_index/parent_prefix_path/launches
[0.118s] -- Up-to-date: /home/atharva/Learning_ROS2/ros2_ws/install/launches/share/launches/environment/ament_prefix_path.sh
[0.118s] -- Up-to-date: /home/atharva/Learning_ROS2/ros2_ws/install/launches/share/launches/environment/ament_prefix_path.dsv
[0.118s] -- Up-to-date: /home/atharva/Learning_ROS2/ros2_ws/install/launches/share/launches/environment/path.sh
[0.119s] -- Up-to-date: /home/atharva/Learning_ROS2/ros2_ws/install/launches/share/launches/environment/path.dsv
[0.119s] -- Up-to-date: /home/atharva/Learning_ROS2/ros2_ws/install/launches/share/launches/local_setup.bash
[0.119s] -- Up-to-date: /home/atharva/Learning_ROS2/ros2_ws/install/launches/share/launches/local_setup.sh
[0.119s] -- Up-to-date: /home/atharva/Learning_ROS2/ros2_ws/install/launches/share/launches/local_setup.zsh
[0.119s] -- Up-to-date: /home/atharva/Learning_ROS2/ros2_ws/install/launches/share/launches/local_setup.dsv
[0.119s] -- Up-to-date: /home/atharva/Learning_ROS2/ros2_ws/install/launches/share/launches/package.dsv
[0.119s] -- Up-to-date: /home/atharva/Learning_ROS2/ros2_ws/install/launches/share/ament_index/resource_index/packages/launches
[0.119s] -- Up-to-date: /home/atharva/Learning_ROS2/ros2_ws/install/launches/share/launches/cmake/launchesConfig.cmake
[0.119s] -- Up-to-date: /home/atharva/Learning_ROS2/ros2_ws/install/launches/share/launches/cmake/launchesConfig-version.cmake
[0.119s] -- Up-to-date: /home/atharva/Learning_ROS2/ros2_ws/install/launches/share/launches/package.xml
[0.186s] Invoked command in '/home/atharva/Learning_ROS2/ros2_ws/build/launches' returned '0': CMAKE_PREFIX_PATH=${CMAKE_PREFIX_PATH}:/home/atharva/Learning_ROS2/ros2_ws/install/turtlesim_catch_em_all:/home/atharva/Learning_ROS2/ros2_ws/install/my_py_pkg:/opt/ros/humble /usr/bin/cmake --install /home/atharva/Learning_ROS2/ros2_ws/build/launches
