[1.393s] DEBUG:colcon:Command line arguments: ['/usr/bin/colcon', 'build', '--packages-select', 'my_robot_description', 'my_robot_bringup', '--symlink-install']
[1.394s] DEBUG:colcon:Parsed command line arguments: Namespace(log_base=None, log_level=None, verb_name='build', build_base='build', install_base='install', merge_install=False, symlink_install=True, test_result_base=None, continue_on_error=False, executor='parallel', parallel_workers=4, event_handlers=None, ignore_user_meta=False, metas=['./colcon.meta'], base_paths=['.'], packages_ignore=None, packages_ignore_regex=None, paths=None, packages_up_to=None, packages_up_to_regex=None, packages_above=None, packages_above_and_dependencies=None, packages_above_depth=None, packages_select_by_dep=None, packages_skip_by_dep=None, packages_skip_up_to=None, packages_select_build_failed=False, packages_skip_build_finished=False, packages_select_test_failures=False, packages_skip_test_passed=False, packages_select=['my_robot_description', 'my_robot_bringup'], packages_skip=None, packages_select_regex=None, packages_skip_regex=None, packages_start=None, packages_end=None, allow_overriding=[], cmake_args=None, cmake_target=None, cmake_target_skip_unavailable=False, cmake_clean_cache=False, cmake_clean_first=False, cmake_force_configure=False, ament_cmake_args=None, catkin_cmake_args=None, catkin_skip_building_tests=False, verb_parser=<colcon_defaults.argument_parser.defaults.DefaultArgumentsDecorator object at 0x7efe86c02e60>, verb_extension=<colcon_core.verb.build.BuildVerb object at 0x7efe87011840>, main=<bound method BuildVerb.main of <colcon_core.verb.build.BuildVerb object at 0x7efe87011840>>)
[1.453s] Level 1:colcon.colcon_core.package_discovery:discover_packages(colcon_meta) check parameters
[1.453s] Level 1:colcon.colcon_core.package_discovery:discover_packages(recursive) check parameters
[1.453s] Level 1:colcon.colcon_core.package_discovery:discover_packages(ignore) check parameters
[1.453s] Level 1:colcon.colcon_core.package_discovery:discover_packages(path) check parameters
[1.453s] Level 1:colcon.colcon_core.package_discovery:discover_packages(colcon_meta) discover
[1.453s] Level 1:colcon.colcon_core.package_discovery:discover_packages(recursive) discover
[1.454s] INFO:colcon.colcon_core.package_discovery:Crawling recursively for packages in '/home/atharva/Learning_ROS2/ros2_ws'
[1.454s] Level 1:colcon.colcon_core.package_identification:_identify(.) by extensions ['ignore', 'ignore_ament_install']
[1.454s] Level 1:colcon.colcon_core.package_identification:_identify(.) by extension 'ignore'
[1.454s] Level 1:colcon.colcon_core.package_identification:_identify(.) by extension 'ignore_ament_install'
[1.454s] Level 1:colcon.colcon_core.package_identification:_identify(.) by extensions ['colcon_pkg']
[1.454s] Level 1:colcon.colcon_core.package_identification:_identify(.) by extension 'colcon_pkg'
[1.454s] Level 1:colcon.colcon_core.package_identification:_identify(.) by extensions ['colcon_meta']
[1.454s] Level 1:colcon.colcon_core.package_identification:_identify(.) by extension 'colcon_meta'
[1.454s] Level 1:colcon.colcon_core.package_identification:_identify(.) by extensions ['ros']
[1.454s] Level 1:colcon.colcon_core.package_identification:_identify(.) by extension 'ros'
[1.468s] Level 1:colcon.colcon_core.package_identification:_identify(.) by extensions ['cmake', 'python']
[1.468s] Level 1:colcon.colcon_core.package_identification:_identify(.) by extension 'cmake'
[1.468s] Level 1:colcon.colcon_core.package_identification:_identify(.) by extension 'python'
[1.468s] Level 1:colcon.colcon_core.package_identification:_identify(.) by extensions ['python_setup_py']
[1.468s] Level 1:colcon.colcon_core.package_identification:_identify(.) by extension 'python_setup_py'
[1.469s] Level 1:colcon.colcon_core.package_identification:_identify(build) by extensions ['ignore', 'ignore_ament_install']
[1.469s] Level 1:colcon.colcon_core.package_identification:_identify(build) by extension 'ignore'
[1.469s] Level 1:colcon.colcon_core.package_identification:_identify(build) ignored
[1.469s] Level 1:colcon.colcon_core.package_identification:_identify(install) by extensions ['ignore', 'ignore_ament_install']
[1.469s] Level 1:colcon.colcon_core.package_identification:_identify(install) by extension 'ignore'
[1.469s] Level 1:colcon.colcon_core.package_identification:_identify(install) ignored
[1.469s] Level 1:colcon.colcon_core.package_identification:_identify(log) by extensions ['ignore', 'ignore_ament_install']
[1.469s] Level 1:colcon.colcon_core.package_identification:_identify(log) by extension 'ignore'
[1.469s] Level 1:colcon.colcon_core.package_identification:_identify(log) ignored
[1.469s] Level 1:colcon.colcon_core.package_identification:_identify(src) by extensions ['ignore', 'ignore_ament_install']
[1.470s] Level 1:colcon.colcon_core.package_identification:_identify(src) by extension 'ignore'
[1.470s] Level 1:colcon.colcon_core.package_identification:_identify(src) by extension 'ignore_ament_install'
[1.470s] Level 1:colcon.colcon_core.package_identification:_identify(src) by extensions ['colcon_pkg']
[1.470s] Level 1:colcon.colcon_core.package_identification:_identify(src) by extension 'colcon_pkg'
[1.470s] Level 1:colcon.colcon_core.package_identification:_identify(src) by extensions ['colcon_meta']
[1.470s] Level 1:colcon.colcon_core.package_identification:_identify(src) by extension 'colcon_meta'
[1.470s] Level 1:colcon.colcon_core.package_identification:_identify(src) by extensions ['ros']
[1.470s] Level 1:colcon.colcon_core.package_identification:_identify(src) by extension 'ros'
[1.470s] Level 1:colcon.colcon_core.package_identification:_identify(src) by extensions ['cmake', 'python']
[1.470s] Level 1:colcon.colcon_core.package_identification:_identify(src) by extension 'cmake'
[1.470s] Level 1:colcon.colcon_core.package_identification:_identify(src) by extension 'python'
[1.470s] Level 1:colcon.colcon_core.package_identification:_identify(src) by extensions ['python_setup_py']
[1.470s] Level 1:colcon.colcon_core.package_identification:_identify(src) by extension 'python_setup_py'
[1.470s] Level 1:colcon.colcon_core.package_identification:_identify(src/my_py_pkg) by extensions ['ignore', 'ignore_ament_install']
[1.471s] Level 1:colcon.colcon_core.package_identification:_identify(src/my_py_pkg) by extension 'ignore'
[1.471s] Level 1:colcon.colcon_core.package_identification:_identify(src/my_py_pkg) by extension 'ignore_ament_install'
[1.471s] Level 1:colcon.colcon_core.package_identification:_identify(src/my_py_pkg) by extensions ['colcon_pkg']
[1.471s] Level 1:colcon.colcon_core.package_identification:_identify(src/my_py_pkg) by extension 'colcon_pkg'
[1.471s] Level 1:colcon.colcon_core.package_identification:_identify(src/my_py_pkg) by extensions ['colcon_meta']
[1.471s] Level 1:colcon.colcon_core.package_identification:_identify(src/my_py_pkg) by extension 'colcon_meta'
[1.471s] Level 1:colcon.colcon_core.package_identification:_identify(src/my_py_pkg) by extensions ['ros']
[1.471s] Level 1:colcon.colcon_core.package_identification:_identify(src/my_py_pkg) by extension 'ros'
[1.474s] DEBUG:colcon.colcon_core.package_identification:Package 'src/my_py_pkg' with type 'ros.ament_python' and name 'my_py_pkg'
[1.474s] Level 1:colcon.colcon_core.package_identification:_identify(src/my_robot_bringup) by extensions ['ignore', 'ignore_ament_install']
[1.475s] Level 1:colcon.colcon_core.package_identification:_identify(src/my_robot_bringup) by extension 'ignore'
[1.475s] Level 1:colcon.colcon_core.package_identification:_identify(src/my_robot_bringup) by extension 'ignore_ament_install'
[1.475s] Level 1:colcon.colcon_core.package_identification:_identify(src/my_robot_bringup) by extensions ['colcon_pkg']
[1.475s] Level 1:colcon.colcon_core.package_identification:_identify(src/my_robot_bringup) by extension 'colcon_pkg'
[1.475s] Level 1:colcon.colcon_core.package_identification:_identify(src/my_robot_bringup) by extensions ['colcon_meta']
[1.475s] Level 1:colcon.colcon_core.package_identification:_identify(src/my_robot_bringup) by extension 'colcon_meta'
[1.475s] Level 1:colcon.colcon_core.package_identification:_identify(src/my_robot_bringup) by extensions ['ros']
[1.475s] Level 1:colcon.colcon_core.package_identification:_identify(src/my_robot_bringup) by extension 'ros'
[1.475s] DEBUG:colcon.colcon_core.package_identification:Package 'src/my_robot_bringup' with type 'ros.ament_cmake' and name 'my_robot_bringup'
[1.476s] Level 1:colcon.colcon_core.package_identification:_identify(src/my_robot_description) by extensions ['ignore', 'ignore_ament_install']
[1.476s] Level 1:colcon.colcon_core.package_identification:_identify(src/my_robot_description) by extension 'ignore'
[1.476s] Level 1:colcon.colcon_core.package_identification:_identify(src/my_robot_description) by extension 'ignore_ament_install'
[1.476s] Level 1:colcon.colcon_core.package_identification:_identify(src/my_robot_description) by extensions ['colcon_pkg']
[1.476s] Level 1:colcon.colcon_core.package_identification:_identify(src/my_robot_description) by extension 'colcon_pkg'
[1.476s] Level 1:colcon.colcon_core.package_identification:_identify(src/my_robot_description) by extensions ['colcon_meta']
[1.476s] Level 1:colcon.colcon_core.package_identification:_identify(src/my_robot_description) by extension 'colcon_meta'
[1.476s] Level 1:colcon.colcon_core.package_identification:_identify(src/my_robot_description) by extensions ['ros']
[1.476s] Level 1:colcon.colcon_core.package_identification:_identify(src/my_robot_description) by extension 'ros'
[1.477s] DEBUG:colcon.colcon_core.package_identification:Package 'src/my_robot_description' with type 'ros.ament_cmake' and name 'my_robot_description'
[1.477s] Level 1:colcon.colcon_core.package_identification:_identify(src/my_robot_interfaces) by extensions ['ignore', 'ignore_ament_install']
[1.477s] Level 1:colcon.colcon_core.package_identification:_identify(src/my_robot_interfaces) by extension 'ignore'
[1.477s] Level 1:colcon.colcon_core.package_identification:_identify(src/my_robot_interfaces) by extension 'ignore_ament_install'
[1.477s] Level 1:colcon.colcon_core.package_identification:_identify(src/my_robot_interfaces) by extensions ['colcon_pkg']
[1.477s] Level 1:colcon.colcon_core.package_identification:_identify(src/my_robot_interfaces) by extension 'colcon_pkg'
[1.477s] Level 1:colcon.colcon_core.package_identification:_identify(src/my_robot_interfaces) by extensions ['colcon_meta']
[1.477s] Level 1:colcon.colcon_core.package_identification:_identify(src/my_robot_interfaces) by extension 'colcon_meta'
[1.477s] Level 1:colcon.colcon_core.package_identification:_identify(src/my_robot_interfaces) by extensions ['ros']
[1.477s] Level 1:colcon.colcon_core.package_identification:_identify(src/my_robot_interfaces) by extension 'ros'
[1.478s] DEBUG:colcon.colcon_core.package_identification:Package 'src/my_robot_interfaces' with type 'ros.ament_cmake' and name 'my_robot_interfaces'
[1.478s] Level 1:colcon.colcon_core.package_identification:_identify(src/radio_station_bringup) by extensions ['ignore', 'ignore_ament_install']
[1.478s] Level 1:colcon.colcon_core.package_identification:_identify(src/radio_station_bringup) by extension 'ignore'
[1.478s] Level 1:colcon.colcon_core.package_identification:_identify(src/radio_station_bringup) by extension 'ignore_ament_install'
[1.478s] Level 1:colcon.colcon_core.package_identification:_identify(src/radio_station_bringup) by extensions ['colcon_pkg']
[1.478s] Level 1:colcon.colcon_core.package_identification:_identify(src/radio_station_bringup) by extension 'colcon_pkg'
[1.478s] Level 1:colcon.colcon_core.package_identification:_identify(src/radio_station_bringup) by extensions ['colcon_meta']
[1.478s] Level 1:colcon.colcon_core.package_identification:_identify(src/radio_station_bringup) by extension 'colcon_meta'
[1.478s] Level 1:colcon.colcon_core.package_identification:_identify(src/radio_station_bringup) by extensions ['ros']
[1.478s] Level 1:colcon.colcon_core.package_identification:_identify(src/radio_station_bringup) by extension 'ros'
[1.479s] DEBUG:colcon.colcon_core.package_identification:Package 'src/radio_station_bringup' with type 'ros.ament_cmake' and name 'radio_station_bringup'
[1.479s] Level 1:colcon.colcon_core.package_identification:_identify(src/turtlesim_catch_em_all) by extensions ['ignore', 'ignore_ament_install']
[1.479s] Level 1:colcon.colcon_core.package_identification:_identify(src/turtlesim_catch_em_all) by extension 'ignore'
[1.479s] Level 1:colcon.colcon_core.package_identification:_identify(src/turtlesim_catch_em_all) by extension 'ignore_ament_install'
[1.479s] Level 1:colcon.colcon_core.package_identification:_identify(src/turtlesim_catch_em_all) by extensions ['colcon_pkg']
[1.479s] Level 1:colcon.colcon_core.package_identification:_identify(src/turtlesim_catch_em_all) by extension 'colcon_pkg'
[1.479s] Level 1:colcon.colcon_core.package_identification:_identify(src/turtlesim_catch_em_all) by extensions ['colcon_meta']
[1.479s] Level 1:colcon.colcon_core.package_identification:_identify(src/turtlesim_catch_em_all) by extension 'colcon_meta'
[1.479s] Level 1:colcon.colcon_core.package_identification:_identify(src/turtlesim_catch_em_all) by extensions ['ros']
[1.479s] Level 1:colcon.colcon_core.package_identification:_identify(src/turtlesim_catch_em_all) by extension 'ros'
[1.480s] DEBUG:colcon.colcon_core.package_identification:Package 'src/turtlesim_catch_em_all' with type 'ros.ament_python' and name 'turtlesim_catch_em_all'
[1.480s] Level 1:colcon.colcon_core.package_discovery:discover_packages(recursive) using defaults
[1.480s] Level 1:colcon.colcon_core.package_discovery:discover_packages(ignore) discover
[1.480s] Level 1:colcon.colcon_core.package_discovery:discover_packages(ignore) using defaults
[1.480s] Level 1:colcon.colcon_core.package_discovery:discover_packages(path) discover
[1.480s] Level 1:colcon.colcon_core.package_discovery:discover_packages(path) using defaults
[1.564s] INFO:colcon.colcon_core.package_selection:Skipping not selected package 'my_robot_interfaces' in 'src/my_robot_interfaces'
[1.564s] INFO:colcon.colcon_core.package_selection:Skipping not selected package 'my_py_pkg' in 'src/my_py_pkg'
[1.564s] INFO:colcon.colcon_core.package_selection:Skipping not selected package 'turtlesim_catch_em_all' in 'src/turtlesim_catch_em_all'
[1.564s] INFO:colcon.colcon_core.package_selection:Skipping not selected package 'radio_station_bringup' in 'src/radio_station_bringup'
[1.603s] Level 1:colcon.colcon_core.package_discovery:discover_packages(prefix_path) check parameters
[1.603s] Level 1:colcon.colcon_core.package_discovery:discover_packages(prefix_path) discover
[1.623s] WARNING:colcon.colcon_ros.prefix_path.ament:The path '/home/atharva/Learning_ROS2/ros2_ws/install/turtlesim_catch_em_all' in the environment variable AMENT_PREFIX_PATH doesn't exist
[1.623s] WARNING:colcon.colcon_ros.prefix_path.ament:The path '/home/atharva/Learning_ROS2/ros2_ws/install/radio_station_bringup' in the environment variable AMENT_PREFIX_PATH doesn't exist
[1.623s] WARNING:colcon.colcon_ros.prefix_path.ament:The path '/home/atharva/Learning_ROS2/ros2_ws/install/my_robot_bringup' in the environment variable AMENT_PREFIX_PATH doesn't exist
[1.623s] WARNING:colcon.colcon_ros.prefix_path.ament:The path '/home/atharva/Learning_ROS2/ros2_ws/install/my_py_pkg' in the environment variable AMENT_PREFIX_PATH doesn't exist
[1.623s] WARNING:colcon.colcon_ros.prefix_path.ament:The path '/home/atharva/Learning_ROS2/ros2_ws/install/my_robot_interfaces' in the environment variable AMENT_PREFIX_PATH doesn't exist
[1.624s] WARNING:colcon.colcon_ros.prefix_path.ament:The path '/home/atharva/Learning_ROS2/ros2_ws/install/my_robot_gazebo_bringup' in the environment variable AMENT_PREFIX_PATH doesn't exist
[1.624s] WARNING:colcon.colcon_ros.prefix_path.ament:The path '/home/atharva/Learning_ROS2/ros2_ws/install/my_robot_description' in the environment variable AMENT_PREFIX_PATH doesn't exist
[1.624s] WARNING:colcon.colcon_ros.prefix_path.catkin:The path '/home/atharva/Learning_ROS2/ros2_ws/install/radio_station_bringup' in the environment variable CMAKE_PREFIX_PATH doesn't exist
[1.624s] WARNING:colcon.colcon_ros.prefix_path.catkin:The path '/home/atharva/Learning_ROS2/ros2_ws/install/my_robot_bringup' in the environment variable CMAKE_PREFIX_PATH doesn't exist
[1.624s] WARNING:colcon.colcon_ros.prefix_path.catkin:The path '/home/atharva/Learning_ROS2/ros2_ws/install/my_robot_interfaces' in the environment variable CMAKE_PREFIX_PATH doesn't exist
[1.624s] WARNING:colcon.colcon_ros.prefix_path.catkin:The path '/home/atharva/Learning_ROS2/ros2_ws/install/my_robot_gazebo_bringup' in the environment variable CMAKE_PREFIX_PATH doesn't exist
[1.624s] WARNING:colcon.colcon_ros.prefix_path.catkin:The path '/home/atharva/Learning_ROS2/ros2_ws/install/my_robot_description' in the environment variable CMAKE_PREFIX_PATH doesn't exist
[1.648s] DEBUG:colcon.colcon_installed_package_information.package_discovery:Found 0 installed packages in /home/atharva/ros2_ws/install
[1.681s] DEBUG:colcon.colcon_installed_package_information.package_discovery:Found 0 installed packages in /home/atharva/Learning_ROS2/ros2_ws/install
[1.702s] DEBUG:colcon.colcon_installed_package_information.package_discovery:Found 321 installed packages in /opt/ros/humble
[1.704s] Level 1:colcon.colcon_core.package_discovery:discover_packages(prefix_path) using defaults
[1.821s] Level 5:colcon.colcon_core.verb:set package 'my_robot_description' build argument 'cmake_args' from command line to 'None'
[1.821s] Level 5:colcon.colcon_core.verb:set package 'my_robot_description' build argument 'cmake_target' from command line to 'None'
[1.821s] Level 5:colcon.colcon_core.verb:set package 'my_robot_description' build argument 'cmake_target_skip_unavailable' from command line to 'False'
[1.821s] Level 5:colcon.colcon_core.verb:set package 'my_robot_description' build argument 'cmake_clean_cache' from command line to 'False'
[1.822s] Level 5:colcon.colcon_core.verb:set package 'my_robot_description' build argument 'cmake_clean_first' from command line to 'False'
[1.822s] Level 5:colcon.colcon_core.verb:set package 'my_robot_description' build argument 'cmake_force_configure' from command line to 'False'
[1.822s] Level 5:colcon.colcon_core.verb:set package 'my_robot_description' build argument 'ament_cmake_args' from command line to 'None'
[1.822s] Level 5:colcon.colcon_core.verb:set package 'my_robot_description' build argument 'catkin_cmake_args' from command line to 'None'
[1.822s] Level 5:colcon.colcon_core.verb:set package 'my_robot_description' build argument 'catkin_skip_building_tests' from command line to 'False'
[1.822s] DEBUG:colcon.colcon_core.verb:Building package 'my_robot_description' with the following arguments: {'ament_cmake_args': None, 'build_base': '/home/atharva/Learning_ROS2/ros2_ws/build/my_robot_description', 'catkin_cmake_args': None, 'catkin_skip_building_tests': False, 'cmake_args': None, 'cmake_clean_cache': False, 'cmake_clean_first': False, 'cmake_force_configure': False, 'cmake_target': None, 'cmake_target_skip_unavailable': False, 'install_base': '/home/atharva/Learning_ROS2/ros2_ws/install/my_robot_description', 'merge_install': False, 'path': '/home/atharva/Learning_ROS2/ros2_ws/src/my_robot_description', 'symlink_install': True, 'test_result_base': None}
[1.842s] Level 5:colcon.colcon_core.verb:set package 'my_robot_bringup' build argument 'cmake_args' from command line to 'None'
[1.842s] Level 5:colcon.colcon_core.verb:set package 'my_robot_bringup' build argument 'cmake_target' from command line to 'None'
[1.842s] Level 5:colcon.colcon_core.verb:set package 'my_robot_bringup' build argument 'cmake_target_skip_unavailable' from command line to 'False'
[1.842s] Level 5:colcon.colcon_core.verb:set package 'my_robot_bringup' build argument 'cmake_clean_cache' from command line to 'False'
[1.842s] Level 5:colcon.colcon_core.verb:set package 'my_robot_bringup' build argument 'cmake_clean_first' from command line to 'False'
[1.842s] Level 5:colcon.colcon_core.verb:set package 'my_robot_bringup' build argument 'cmake_force_configure' from command line to 'False'
[1.842s] Level 5:colcon.colcon_core.verb:set package 'my_robot_bringup' build argument 'ament_cmake_args' from command line to 'None'
[1.842s] Level 5:colcon.colcon_core.verb:set package 'my_robot_bringup' build argument 'catkin_cmake_args' from command line to 'None'
[1.842s] Level 5:colcon.colcon_core.verb:set package 'my_robot_bringup' build argument 'catkin_skip_building_tests' from command line to 'False'
[1.842s] DEBUG:colcon.colcon_core.verb:Building package 'my_robot_bringup' with the following arguments: {'ament_cmake_args': None, 'build_base': '/home/atharva/Learning_ROS2/ros2_ws/build/my_robot_bringup', 'catkin_cmake_args': None, 'catkin_skip_building_tests': False, 'cmake_args': None, 'cmake_clean_cache': False, 'cmake_clean_first': False, 'cmake_force_configure': False, 'cmake_target': None, 'cmake_target_skip_unavailable': False, 'install_base': '/home/atharva/Learning_ROS2/ros2_ws/install/my_robot_bringup', 'merge_install': False, 'path': '/home/atharva/Learning_ROS2/ros2_ws/src/my_robot_bringup', 'symlink_install': True, 'test_result_base': None}
[1.861s] INFO:colcon.colcon_core.executor:Executing jobs using 'parallel' executor
[1.883s] DEBUG:colcon.colcon_parallel_executor.executor.parallel:run_until_complete
[1.883s] INFO:colcon.colcon_ros.task.ament_cmake.build:Building ROS package in '/home/atharva/Learning_ROS2/ros2_ws/src/my_robot_description' with build type 'ament_cmake'
[1.884s] INFO:colcon.colcon_cmake.task.cmake.build:Building CMake package in '/home/atharva/Learning_ROS2/ros2_ws/src/my_robot_description'
[1.906s] INFO:colcon.colcon_core.plugin_system:Skipping extension 'colcon_core.shell.bat': Not used on non-Windows systems
[1.907s] INFO:colcon.colcon_core.shell:Skip shell extension 'powershell' for command environment: Not usable outside of PowerShell
[1.907s] DEBUG:colcon.colcon_core.shell:Skip shell extension 'dsv' for command environment
[2.009s] DEBUG:colcon.colcon_core.event_handler.log_command:Invoking command in '/home/atharva/Learning_ROS2/ros2_ws/build/my_robot_description': CMAKE_PREFIX_PATH=${CMAKE_PREFIX_PATH}:/home/atharva/Learning_ROS2/ros2_ws/install/turtlesim_catch_em_all:/home/atharva/Learning_ROS2/ros2_ws/install/my_py_pkg:/opt/ros/humble /usr/bin/cmake /home/atharva/Learning_ROS2/ros2_ws/src/my_robot_description -DAMENT_CMAKE_SYMLINK_INSTALL=1 -DCMAKE_INSTALL_PREFIX=/home/atharva/Learning_ROS2/ros2_ws/install/my_robot_description
[2.771s] DEBUG:colcon.colcon_core.event_handler.log_command:Invoked command in '/home/atharva/Learning_ROS2/ros2_ws/build/my_robot_description' returned '0': CMAKE_PREFIX_PATH=${CMAKE_PREFIX_PATH}:/home/atharva/Learning_ROS2/ros2_ws/install/turtlesim_catch_em_all:/home/atharva/Learning_ROS2/ros2_ws/install/my_py_pkg:/opt/ros/humble /usr/bin/cmake /home/atharva/Learning_ROS2/ros2_ws/src/my_robot_description -DAMENT_CMAKE_SYMLINK_INSTALL=1 -DCMAKE_INSTALL_PREFIX=/home/atharva/Learning_ROS2/ros2_ws/install/my_robot_description
[2.774s] DEBUG:colcon.colcon_core.event_handler.log_command:Invoking command in '/home/atharva/Learning_ROS2/ros2_ws/build/my_robot_description': CMAKE_PREFIX_PATH=${CMAKE_PREFIX_PATH}:/home/atharva/Learning_ROS2/ros2_ws/install/turtlesim_catch_em_all:/home/atharva/Learning_ROS2/ros2_ws/install/my_py_pkg:/opt/ros/humble /usr/bin/cmake --build /home/atharva/Learning_ROS2/ros2_ws/build/my_robot_description -- -j4 -l4
[2.818s] DEBUG:colcon.colcon_core.event_handler.log_command:Invoked command in '/home/atharva/Learning_ROS2/ros2_ws/build/my_robot_description' returned '0': CMAKE_PREFIX_PATH=${CMAKE_PREFIX_PATH}:/home/atharva/Learning_ROS2/ros2_ws/install/turtlesim_catch_em_all:/home/atharva/Learning_ROS2/ros2_ws/install/my_py_pkg:/opt/ros/humble /usr/bin/cmake --build /home/atharva/Learning_ROS2/ros2_ws/build/my_robot_description -- -j4 -l4
[2.853s] DEBUG:colcon.colcon_core.event_handler.log_command:Invoking command in '/home/atharva/Learning_ROS2/ros2_ws/build/my_robot_description': CMAKE_PREFIX_PATH=${CMAKE_PREFIX_PATH}:/home/atharva/Learning_ROS2/ros2_ws/install/turtlesim_catch_em_all:/home/atharva/Learning_ROS2/ros2_ws/install/my_py_pkg:/opt/ros/humble /usr/bin/cmake --install /home/atharva/Learning_ROS2/ros2_ws/build/my_robot_description
[3.105s] Level 1:colcon.colcon_core.environment:create_environment_scripts_only(my_robot_description)
[3.106s] DEBUG:colcon.colcon_core.event_handler.log_command:Invoked command in '/home/atharva/Learning_ROS2/ros2_ws/build/my_robot_description' returned '0': CMAKE_PREFIX_PATH=${CMAKE_PREFIX_PATH}:/home/atharva/Learning_ROS2/ros2_ws/install/turtlesim_catch_em_all:/home/atharva/Learning_ROS2/ros2_ws/install/my_py_pkg:/opt/ros/humble /usr/bin/cmake --install /home/atharva/Learning_ROS2/ros2_ws/build/my_robot_description
[3.131s] Level 1:colcon.colcon_core.environment:checking '/home/atharva/Learning_ROS2/ros2_ws/install/my_robot_description' for CMake module files
[3.132s] Level 1:colcon.colcon_core.environment:checking '/home/atharva/Learning_ROS2/ros2_ws/install/my_robot_description' for CMake config files
[3.132s] Level 1:colcon.colcon_core.shell:create_environment_hook('my_robot_description', 'cmake_prefix_path')
[3.153s] INFO:colcon.colcon_core.shell:Creating environment hook '/home/atharva/Learning_ROS2/ros2_ws/install/my_robot_description/share/my_robot_description/hook/cmake_prefix_path.ps1'
[3.153s] INFO:colcon.colcon_core.shell:Creating environment descriptor '/home/atharva/Learning_ROS2/ros2_ws/install/my_robot_description/share/my_robot_description/hook/cmake_prefix_path.dsv'
[3.154s] INFO:colcon.colcon_core.shell:Creating environment hook '/home/atharva/Learning_ROS2/ros2_ws/install/my_robot_description/share/my_robot_description/hook/cmake_prefix_path.sh'
[3.155s] Level 1:colcon.colcon_core.environment:checking '/home/atharva/Learning_ROS2/ros2_ws/install/my_robot_description/bin'
[3.155s] Level 1:colcon.colcon_core.environment:checking '/home/atharva/Learning_ROS2/ros2_ws/install/my_robot_description/lib/pkgconfig/my_robot_description.pc'
[3.155s] Level 1:colcon.colcon_core.environment:checking '/home/atharva/Learning_ROS2/ros2_ws/install/my_robot_description/lib/python3.10/site-packages'
[3.155s] Level 1:colcon.colcon_core.environment:checking '/home/atharva/Learning_ROS2/ros2_ws/install/my_robot_description/bin'
[3.177s] INFO:colcon.colcon_core.shell:Creating package script '/home/atharva/Learning_ROS2/ros2_ws/install/my_robot_description/share/my_robot_description/package.ps1'
[3.178s] INFO:colcon.colcon_core.shell:Creating package descriptor '/home/atharva/Learning_ROS2/ros2_ws/install/my_robot_description/share/my_robot_description/package.dsv'
[3.178s] INFO:colcon.colcon_core.shell:Creating package script '/home/atharva/Learning_ROS2/ros2_ws/install/my_robot_description/share/my_robot_description/package.sh'
[3.179s] INFO:colcon.colcon_core.shell:Creating package script '/home/atharva/Learning_ROS2/ros2_ws/install/my_robot_description/share/my_robot_description/package.bash'
[3.180s] INFO:colcon.colcon_core.shell:Creating package script '/home/atharva/Learning_ROS2/ros2_ws/install/my_robot_description/share/my_robot_description/package.zsh'
[3.180s] Level 1:colcon.colcon_core.environment:create_file_with_runtime_dependencies(/home/atharva/Learning_ROS2/ros2_ws/install/my_robot_description/share/colcon-core/packages/my_robot_description)
[3.226s] Level 1:colcon.colcon_core.environment:create_environment_scripts_only(my_robot_description)
[3.249s] Level 1:colcon.colcon_core.environment:checking '/home/atharva/Learning_ROS2/ros2_ws/install/my_robot_description' for CMake module files
[3.250s] Level 1:colcon.colcon_core.environment:checking '/home/atharva/Learning_ROS2/ros2_ws/install/my_robot_description' for CMake config files
[3.250s] Level 1:colcon.colcon_core.shell:create_environment_hook('my_robot_description', 'cmake_prefix_path')
[3.270s] INFO:colcon.colcon_core.shell:Creating environment hook '/home/atharva/Learning_ROS2/ros2_ws/install/my_robot_description/share/my_robot_description/hook/cmake_prefix_path.ps1'
[3.271s] INFO:colcon.colcon_core.shell:Creating environment descriptor '/home/atharva/Learning_ROS2/ros2_ws/install/my_robot_description/share/my_robot_description/hook/cmake_prefix_path.dsv'
[3.271s] INFO:colcon.colcon_core.shell:Creating environment hook '/home/atharva/Learning_ROS2/ros2_ws/install/my_robot_description/share/my_robot_description/hook/cmake_prefix_path.sh'
[3.272s] Level 1:colcon.colcon_core.environment:checking '/home/atharva/Learning_ROS2/ros2_ws/install/my_robot_description/bin'
[3.272s] Level 1:colcon.colcon_core.environment:checking '/home/atharva/Learning_ROS2/ros2_ws/install/my_robot_description/lib/pkgconfig/my_robot_description.pc'
[3.272s] Level 1:colcon.colcon_core.environment:checking '/home/atharva/Learning_ROS2/ros2_ws/install/my_robot_description/lib/python3.10/site-packages'
[3.272s] Level 1:colcon.colcon_core.environment:checking '/home/atharva/Learning_ROS2/ros2_ws/install/my_robot_description/bin'
[3.294s] INFO:colcon.colcon_core.shell:Creating package script '/home/atharva/Learning_ROS2/ros2_ws/install/my_robot_description/share/my_robot_description/package.ps1'
[3.295s] INFO:colcon.colcon_core.shell:Creating package descriptor '/home/atharva/Learning_ROS2/ros2_ws/install/my_robot_description/share/my_robot_description/package.dsv'
[3.296s] INFO:colcon.colcon_core.shell:Creating package script '/home/atharva/Learning_ROS2/ros2_ws/install/my_robot_description/share/my_robot_description/package.sh'
[3.296s] INFO:colcon.colcon_core.shell:Creating package script '/home/atharva/Learning_ROS2/ros2_ws/install/my_robot_description/share/my_robot_description/package.bash'
[3.296s] INFO:colcon.colcon_core.shell:Creating package script '/home/atharva/Learning_ROS2/ros2_ws/install/my_robot_description/share/my_robot_description/package.zsh'
[3.297s] Level 1:colcon.colcon_core.environment:create_file_with_runtime_dependencies(/home/atharva/Learning_ROS2/ros2_ws/install/my_robot_description/share/colcon-core/packages/my_robot_description)
[3.297s] INFO:colcon.colcon_ros.task.ament_cmake.build:Building ROS package in '/home/atharva/Learning_ROS2/ros2_ws/src/my_robot_bringup' with build type 'ament_cmake'
[3.297s] INFO:colcon.colcon_cmake.task.cmake.build:Building CMake package in '/home/atharva/Learning_ROS2/ros2_ws/src/my_robot_bringup'
[3.320s] INFO:colcon.colcon_core.shell:Skip shell extension 'powershell' for command environment: Not usable outside of PowerShell
[3.320s] DEBUG:colcon.colcon_core.shell:Skip shell extension 'dsv' for command environment
[3.411s] DEBUG:colcon.colcon_core.event_handler.log_command:Invoking command in '/home/atharva/Learning_ROS2/ros2_ws/build/my_robot_bringup': CMAKE_PREFIX_PATH=/home/atharva/Learning_ROS2/ros2_ws/install/my_robot_description:/home/atharva/Learning_ROS2/ros2_ws/install/radio_station_bringup:/home/atharva/Learning_ROS2/ros2_ws/install/my_robot_bringup:/home/atharva/Learning_ROS2/ros2_ws/install/my_robot_interfaces:/home/atharva/Learning_ROS2/ros2_ws/install/my_robot_gazebo_bringup:/home/atharva/Learning_ROS2/ros2_ws/install/turtlesim_catch_em_all:/home/atharva/Learning_ROS2/ros2_ws/install/my_py_pkg:/opt/ros/humble /usr/bin/cmake /home/atharva/Learning_ROS2/ros2_ws/src/my_robot_bringup -DAMENT_CMAKE_SYMLINK_INSTALL=1 -DCMAKE_INSTALL_PREFIX=/home/atharva/Learning_ROS2/ros2_ws/install/my_robot_bringup
[4.149s] DEBUG:colcon.colcon_core.event_handler.log_command:Invoked command in '/home/atharva/Learning_ROS2/ros2_ws/build/my_robot_bringup' returned '0': CMAKE_PREFIX_PATH=/home/atharva/Learning_ROS2/ros2_ws/install/my_robot_description:/home/atharva/Learning_ROS2/ros2_ws/install/radio_station_bringup:/home/atharva/Learning_ROS2/ros2_ws/install/my_robot_bringup:/home/atharva/Learning_ROS2/ros2_ws/install/my_robot_interfaces:/home/atharva/Learning_ROS2/ros2_ws/install/my_robot_gazebo_bringup:/home/atharva/Learning_ROS2/ros2_ws/install/turtlesim_catch_em_all:/home/atharva/Learning_ROS2/ros2_ws/install/my_py_pkg:/opt/ros/humble /usr/bin/cmake /home/atharva/Learning_ROS2/ros2_ws/src/my_robot_bringup -DAMENT_CMAKE_SYMLINK_INSTALL=1 -DCMAKE_INSTALL_PREFIX=/home/atharva/Learning_ROS2/ros2_ws/install/my_robot_bringup
[4.151s] DEBUG:colcon.colcon_core.event_handler.log_command:Invoking command in '/home/atharva/Learning_ROS2/ros2_ws/build/my_robot_bringup': CMAKE_PREFIX_PATH=/home/atharva/Learning_ROS2/ros2_ws/install/my_robot_description:/home/atharva/Learning_ROS2/ros2_ws/install/radio_station_bringup:/home/atharva/Learning_ROS2/ros2_ws/install/my_robot_bringup:/home/atharva/Learning_ROS2/ros2_ws/install/my_robot_interfaces:/home/atharva/Learning_ROS2/ros2_ws/install/my_robot_gazebo_bringup:/home/atharva/Learning_ROS2/ros2_ws/install/turtlesim_catch_em_all:/home/atharva/Learning_ROS2/ros2_ws/install/my_py_pkg:/opt/ros/humble /usr/bin/cmake --build /home/atharva/Learning_ROS2/ros2_ws/build/my_robot_bringup -- -j4 -l4
[4.193s] DEBUG:colcon.colcon_core.event_handler.log_command:Invoked command in '/home/atharva/Learning_ROS2/ros2_ws/build/my_robot_bringup' returned '0': CMAKE_PREFIX_PATH=/home/atharva/Learning_ROS2/ros2_ws/install/my_robot_description:/home/atharva/Learning_ROS2/ros2_ws/install/radio_station_bringup:/home/atharva/Learning_ROS2/ros2_ws/install/my_robot_bringup:/home/atharva/Learning_ROS2/ros2_ws/install/my_robot_interfaces:/home/atharva/Learning_ROS2/ros2_ws/install/my_robot_gazebo_bringup:/home/atharva/Learning_ROS2/ros2_ws/install/turtlesim_catch_em_all:/home/atharva/Learning_ROS2/ros2_ws/install/my_py_pkg:/opt/ros/humble /usr/bin/cmake --build /home/atharva/Learning_ROS2/ros2_ws/build/my_robot_bringup -- -j4 -l4
[4.219s] DEBUG:colcon.colcon_core.event_handler.log_command:Invoking command in '/home/atharva/Learning_ROS2/ros2_ws/build/my_robot_bringup': CMAKE_PREFIX_PATH=/home/atharva/Learning_ROS2/ros2_ws/install/my_robot_description:/home/atharva/Learning_ROS2/ros2_ws/install/radio_station_bringup:/home/atharva/Learning_ROS2/ros2_ws/install/my_robot_bringup:/home/atharva/Learning_ROS2/ros2_ws/install/my_robot_interfaces:/home/atharva/Learning_ROS2/ros2_ws/install/my_robot_gazebo_bringup:/home/atharva/Learning_ROS2/ros2_ws/install/turtlesim_catch_em_all:/home/atharva/Learning_ROS2/ros2_ws/install/my_py_pkg:/opt/ros/humble /usr/bin/cmake --install /home/atharva/Learning_ROS2/ros2_ws/build/my_robot_bringup
[4.404s] Level 1:colcon.colcon_core.environment:create_environment_scripts_only(my_robot_bringup)
[4.405s] DEBUG:colcon.colcon_core.event_handler.log_command:Invoked command in '/home/atharva/Learning_ROS2/ros2_ws/build/my_robot_bringup' returned '0': CMAKE_PREFIX_PATH=/home/atharva/Learning_ROS2/ros2_ws/install/my_robot_description:/home/atharva/Learning_ROS2/ros2_ws/install/radio_station_bringup:/home/atharva/Learning_ROS2/ros2_ws/install/my_robot_bringup:/home/atharva/Learning_ROS2/ros2_ws/install/my_robot_interfaces:/home/atharva/Learning_ROS2/ros2_ws/install/my_robot_gazebo_bringup:/home/atharva/Learning_ROS2/ros2_ws/install/turtlesim_catch_em_all:/home/atharva/Learning_ROS2/ros2_ws/install/my_py_pkg:/opt/ros/humble /usr/bin/cmake --install /home/atharva/Learning_ROS2/ros2_ws/build/my_robot_bringup
[4.427s] Level 1:colcon.colcon_core.environment:checking '/home/atharva/Learning_ROS2/ros2_ws/install/my_robot_bringup' for CMake module files
[4.427s] Level 1:colcon.colcon_core.environment:checking '/home/atharva/Learning_ROS2/ros2_ws/install/my_robot_bringup' for CMake config files
[4.427s] Level 1:colcon.colcon_core.shell:create_environment_hook('my_robot_bringup', 'cmake_prefix_path')
[4.447s] INFO:colcon.colcon_core.shell:Creating environment hook '/home/atharva/Learning_ROS2/ros2_ws/install/my_robot_bringup/share/my_robot_bringup/hook/cmake_prefix_path.ps1'
[4.448s] INFO:colcon.colcon_core.shell:Creating environment descriptor '/home/atharva/Learning_ROS2/ros2_ws/install/my_robot_bringup/share/my_robot_bringup/hook/cmake_prefix_path.dsv'
[4.448s] INFO:colcon.colcon_core.shell:Creating environment hook '/home/atharva/Learning_ROS2/ros2_ws/install/my_robot_bringup/share/my_robot_bringup/hook/cmake_prefix_path.sh'
[4.448s] Level 1:colcon.colcon_core.environment:checking '/home/atharva/Learning_ROS2/ros2_ws/install/my_robot_bringup/bin'
[4.449s] Level 1:colcon.colcon_core.environment:checking '/home/atharva/Learning_ROS2/ros2_ws/install/my_robot_bringup/lib/pkgconfig/my_robot_bringup.pc'
[4.449s] Level 1:colcon.colcon_core.environment:checking '/home/atharva/Learning_ROS2/ros2_ws/install/my_robot_bringup/lib/python3.10/site-packages'
[4.449s] Level 1:colcon.colcon_core.environment:checking '/home/atharva/Learning_ROS2/ros2_ws/install/my_robot_bringup/bin'
[4.469s] INFO:colcon.colcon_core.shell:Creating package script '/home/atharva/Learning_ROS2/ros2_ws/install/my_robot_bringup/share/my_robot_bringup/package.ps1'
[4.470s] INFO:colcon.colcon_core.shell:Creating package descriptor '/home/atharva/Learning_ROS2/ros2_ws/install/my_robot_bringup/share/my_robot_bringup/package.dsv'
[4.470s] INFO:colcon.colcon_core.shell:Creating package script '/home/atharva/Learning_ROS2/ros2_ws/install/my_robot_bringup/share/my_robot_bringup/package.sh'
[4.470s] INFO:colcon.colcon_core.shell:Creating package script '/home/atharva/Learning_ROS2/ros2_ws/install/my_robot_bringup/share/my_robot_bringup/package.bash'
[4.471s] INFO:colcon.colcon_core.shell:Creating package script '/home/atharva/Learning_ROS2/ros2_ws/install/my_robot_bringup/share/my_robot_bringup/package.zsh'
[4.471s] Level 1:colcon.colcon_core.environment:create_file_with_runtime_dependencies(/home/atharva/Learning_ROS2/ros2_ws/install/my_robot_bringup/share/colcon-core/packages/my_robot_bringup)
[4.517s] Level 1:colcon.colcon_core.environment:create_environment_scripts_only(my_robot_bringup)
[4.538s] Level 1:colcon.colcon_core.environment:checking '/home/atharva/Learning_ROS2/ros2_ws/install/my_robot_bringup' for CMake module files
[4.538s] Level 1:colcon.colcon_core.environment:checking '/home/atharva/Learning_ROS2/ros2_ws/install/my_robot_bringup' for CMake config files
[4.539s] Level 1:colcon.colcon_core.shell:create_environment_hook('my_robot_bringup', 'cmake_prefix_path')
[4.558s] INFO:colcon.colcon_core.shell:Creating environment hook '/home/atharva/Learning_ROS2/ros2_ws/install/my_robot_bringup/share/my_robot_bringup/hook/cmake_prefix_path.ps1'
[4.559s] INFO:colcon.colcon_core.shell:Creating environment descriptor '/home/atharva/Learning_ROS2/ros2_ws/install/my_robot_bringup/share/my_robot_bringup/hook/cmake_prefix_path.dsv'
[4.559s] INFO:colcon.colcon_core.shell:Creating environment hook '/home/atharva/Learning_ROS2/ros2_ws/install/my_robot_bringup/share/my_robot_bringup/hook/cmake_prefix_path.sh'
[4.560s] Level 1:colcon.colcon_core.environment:checking '/home/atharva/Learning_ROS2/ros2_ws/install/my_robot_bringup/bin'
[4.560s] Level 1:colcon.colcon_core.environment:checking '/home/atharva/Learning_ROS2/ros2_ws/install/my_robot_bringup/lib/pkgconfig/my_robot_bringup.pc'
[4.560s] Level 1:colcon.colcon_core.environment:checking '/home/atharva/Learning_ROS2/ros2_ws/install/my_robot_bringup/lib/python3.10/site-packages'
[4.560s] Level 1:colcon.colcon_core.environment:checking '/home/atharva/Learning_ROS2/ros2_ws/install/my_robot_bringup/bin'
[4.580s] INFO:colcon.colcon_core.shell:Creating package script '/home/atharva/Learning_ROS2/ros2_ws/install/my_robot_bringup/share/my_robot_bringup/package.ps1'
[4.581s] INFO:colcon.colcon_core.shell:Creating package descriptor '/home/atharva/Learning_ROS2/ros2_ws/install/my_robot_bringup/share/my_robot_bringup/package.dsv'
[4.581s] INFO:colcon.colcon_core.shell:Creating package script '/home/atharva/Learning_ROS2/ros2_ws/install/my_robot_bringup/share/my_robot_bringup/package.sh'
[4.582s] INFO:colcon.colcon_core.shell:Creating package script '/home/atharva/Learning_ROS2/ros2_ws/install/my_robot_bringup/share/my_robot_bringup/package.bash'
[4.582s] INFO:colcon.colcon_core.shell:Creating package script '/home/atharva/Learning_ROS2/ros2_ws/install/my_robot_bringup/share/my_robot_bringup/package.zsh'
[4.583s] Level 1:colcon.colcon_core.environment:create_file_with_runtime_dependencies(/home/atharva/Learning_ROS2/ros2_ws/install/my_robot_bringup/share/colcon-core/packages/my_robot_bringup)
[4.583s] DEBUG:colcon.colcon_parallel_executor.executor.parallel:closing loop
[4.584s] DEBUG:colcon.colcon_parallel_executor.executor.parallel:loop closed
[4.584s] DEBUG:colcon.colcon_parallel_executor.executor.parallel:run_until_complete finished with '0'
[4.584s] DEBUG:colcon.colcon_core.event_reactor:joining thread
[4.611s] INFO:colcon.colcon_core.plugin_system:Skipping extension 'colcon_notification.desktop_notification.terminal_notifier': Not used on non-Darwin systems
[4.611s] INFO:colcon.colcon_core.plugin_system:Skipping extension 'colcon_notification.desktop_notification.win32': Not used on non-Windows systems
[4.611s] INFO:colcon.colcon_notification.desktop_notification:Sending desktop notification using 'notify2'
[4.624s] DEBUG:colcon.colcon_core.event_reactor:joined thread
[4.645s] INFO:colcon.colcon_core.shell:Creating prefix script '/home/atharva/Learning_ROS2/ros2_ws/install/local_setup.ps1'
[4.646s] INFO:colcon.colcon_core.shell:Creating prefix util module '/home/atharva/Learning_ROS2/ros2_ws/install/_local_setup_util_ps1.py'
[4.647s] INFO:colcon.colcon_core.shell:Creating prefix chain script '/home/atharva/Learning_ROS2/ros2_ws/install/setup.ps1'
[4.669s] INFO:colcon.colcon_core.shell:Creating prefix script '/home/atharva/Learning_ROS2/ros2_ws/install/local_setup.sh'
[4.670s] INFO:colcon.colcon_core.shell:Creating prefix util module '/home/atharva/Learning_ROS2/ros2_ws/install/_local_setup_util_sh.py'
[4.670s] INFO:colcon.colcon_core.shell:Creating prefix chain script '/home/atharva/Learning_ROS2/ros2_ws/install/setup.sh'
[4.692s] INFO:colcon.colcon_core.shell:Creating prefix script '/home/atharva/Learning_ROS2/ros2_ws/install/local_setup.bash'
[4.692s] INFO:colcon.colcon_core.shell:Creating prefix chain script '/home/atharva/Learning_ROS2/ros2_ws/install/setup.bash'
[4.715s] INFO:colcon.colcon_core.shell:Creating prefix script '/home/atharva/Learning_ROS2/ros2_ws/install/local_setup.zsh'
[4.716s] INFO:colcon.colcon_core.shell:Creating prefix chain script '/home/atharva/Learning_ROS2/ros2_ws/install/setup.zsh'
