[0.034s] Invoking command in '/home/atharva/Learning_ROS2/ros2_ws/build/mae_547': CMAKE_PREFIX_PATH=${CMAKE_PREFIX_PATH}:/home/atharva/Learning_ROS2/ros2_ws/install/turtlesim_catch_em_all:/home/atharva/Learning_ROS2/ros2_ws/install/my_py_pkg:/opt/ros/humble /usr/bin/cmake /home/atharva/Learning_ROS2/ros2_ws/src/mae_547 -DCMAKE_INSTALL_PREFIX=/home/atharva/Learning_ROS2/ros2_ws/install/mae_547
[0.121s] -- The C compiler identification is GNU 11.4.0
[0.172s] -- The CXX compiler identification is GNU 11.4.0
[0.176s] -- Detecting C compiler ABI info
[0.213s] -- Detecting C compiler ABI info - done
[0.219s] -- Check for working C compiler: /usr/bin/cc - skipped
[0.219s] -- Detecting C compile features
[0.219s] -- Detecting C compile features - done
[0.221s] -- Detecting CXX compiler ABI info
[0.263s] -- Detecting CXX compiler ABI info - done
[0.269s] -- Check for working CXX compiler: /usr/bin/c++ - skipped
[0.269s] -- Detecting CXX compile features
[0.270s] -- Detecting CXX compile features - done
[0.271s] -- Found ament_cmake: 1.3.6 (/opt/ros/humble/share/ament_cmake/cmake)
[0.366s] -- Found Python3: /usr/bin/python3.10 (found version "3.10.12") found components: Interpreter 
[0.442s] -- Configuring done
[0.444s] -- Generating done
[0.444s] -- Build files have been written to: /home/atharva/Learning_ROS2/ros2_ws/build/mae_547
[0.448s] Invoked command in '/home/atharva/Learning_ROS2/ros2_ws/build/mae_547' returned '0': CMAKE_PREFIX_PATH=${CMAKE_PREFIX_PATH}:/home/atharva/Learning_ROS2/ros2_ws/install/turtlesim_catch_em_all:/home/atharva/Learning_ROS2/ros2_ws/install/my_py_pkg:/opt/ros/humble /usr/bin/cmake /home/atharva/Learning_ROS2/ros2_ws/src/mae_547 -DCMAKE_INSTALL_PREFIX=/home/atharva/Learning_ROS2/ros2_ws/install/mae_547
[0.448s] Invoking command in '/home/atharva/Learning_ROS2/ros2_ws/build/mae_547': CMAKE_PREFIX_PATH=${CMAKE_PREFIX_PATH}:/home/atharva/Learning_ROS2/ros2_ws/install/turtlesim_catch_em_all:/home/atharva/Learning_ROS2/ros2_ws/install/my_py_pkg:/opt/ros/humble /usr/bin/cmake --build /home/atharva/Learning_ROS2/ros2_ws/build/mae_547 -- -j32 -l32
[0.467s] Invoked command in '/home/atharva/Learning_ROS2/ros2_ws/build/mae_547' returned '0': CMAKE_PREFIX_PATH=${CMAKE_PREFIX_PATH}:/home/atharva/Learning_ROS2/ros2_ws/install/turtlesim_catch_em_all:/home/atharva/Learning_ROS2/ros2_ws/install/my_py_pkg:/opt/ros/humble /usr/bin/cmake --build /home/atharva/Learning_ROS2/ros2_ws/build/mae_547 -- -j32 -l32
[0.482s] Invoking command in '/home/atharva/Learning_ROS2/ros2_ws/build/mae_547': CMAKE_PREFIX_PATH=${CMAKE_PREFIX_PATH}:/home/atharva/Learning_ROS2/ros2_ws/install/turtlesim_catch_em_all:/home/atharva/Learning_ROS2/ros2_ws/install/my_py_pkg:/opt/ros/humble /usr/bin/cmake --install /home/atharva/Learning_ROS2/ros2_ws/build/mae_547
[0.485s] -- Install configuration: ""
[0.485s] -- Installing: /home/atharva/Learning_ROS2/ros2_ws/install/mae_547/share/mae_547/urdf
[0.486s] -- Installing: /home/atharva/Learning_ROS2/ros2_ws/install/mae_547/share/mae_547/urdf/common_properties.xacro
[0.487s] -- Installing: /home/atharva/Learning_ROS2/ros2_ws/install/mae_547/share/mae_547/urdf/my_robot.urdf.xacro
[0.487s] -- Installing: /home/atharva/Learning_ROS2/ros2_ws/install/mae_547/share/mae_547/urdf/mobile_base.xacro
[0.487s] -- Installing: /home/atharva/Learning_ROS2/ros2_ws/install/mae_547/share/mae_547/urdf/mobile_base_gazebo.xacro
[0.487s] -- Installing: /home/atharva/Learning_ROS2/ros2_ws/install/mae_547/share/mae_547/launch
[0.487s] -- Installing: /home/atharva/Learning_ROS2/ros2_ws/install/mae_547/share/mae_547/launch/display.launch.xml
[0.487s] -- Installing: /home/atharva/Learning_ROS2/ros2_ws/install/mae_547/share/mae_547/rviz
[0.487s] -- Installing: /home/atharva/Learning_ROS2/ros2_ws/install/mae_547/share/mae_547/rviz/urdf_config.rviz
[0.487s] -- Installing: /home/atharva/Learning_ROS2/ros2_ws/install/mae_547/share/ament_index/resource_index/package_run_dependencies/mae_547
[0.487s] -- Installing: /home/atharva/Learning_ROS2/ros2_ws/install/mae_547/share/ament_index/resource_index/parent_prefix_path/mae_547
[0.487s] -- Installing: /home/atharva/Learning_ROS2/ros2_ws/install/mae_547/share/mae_547/environment/ament_prefix_path.sh
[0.488s] -- Installing: /home/atharva/Learning_ROS2/ros2_ws/install/mae_547/share/mae_547/environment/ament_prefix_path.dsv
[0.488s] -- Installing: /home/atharva/Learning_ROS2/ros2_ws/install/mae_547/share/mae_547/environment/path.sh
[0.488s] -- Installing: /home/atharva/Learning_ROS2/ros2_ws/install/mae_547/share/mae_547/environment/path.dsv
[0.488s] -- Installing: /home/atharva/Learning_ROS2/ros2_ws/install/mae_547/share/mae_547/local_setup.bash
[0.488s] -- Installing: /home/atharva/Learning_ROS2/ros2_ws/install/mae_547/share/mae_547/local_setup.sh
[0.490s] -- Installing: /home/atharva/Learning_ROS2/ros2_ws/install/mae_547/share/mae_547/local_setup.zsh
[0.490s] -- Installing: /home/atharva/Learning_ROS2/ros2_ws/install/mae_547/share/mae_547/local_setup.dsv
[0.490s] -- Installing: /home/atharva/Learning_ROS2/ros2_ws/install/mae_547/share/mae_547/package.dsv
[0.490s] -- Installing: /home/atharva/Learning_ROS2/ros2_ws/install/mae_547/share/ament_index/resource_index/packages/mae_547
[0.490s] -- Installing: /home/atharva/Learning_ROS2/ros2_ws/install/mae_547/share/mae_547/cmake/mae_547Config.cmake
[0.491s] -- Installing: /home/atharva/Learning_ROS2/ros2_ws/install/mae_547/share/mae_547/cmake/mae_547Config-version.cmake
[0.491s] -- Installing: /home/atharva/Learning_ROS2/ros2_ws/install/mae_547/share/mae_547/package.xml
[0.492s] Invoked command in '/home/atharva/Learning_ROS2/ros2_ws/build/mae_547' returned '0': CMAKE_PREFIX_PATH=${CMAKE_PREFIX_PATH}:/home/atharva/Learning_ROS2/ros2_ws/install/turtlesim_catch_em_all:/home/atharva/Learning_ROS2/ros2_ws/install/my_py_pkg:/opt/ros/humble /usr/bin/cmake --install /home/atharva/Learning_ROS2/ros2_ws/build/mae_547
