[1.736s] Invoking command in '/home/atharva/ros2_ws/build/my_py_pkg': AMENT_PREFIX_PATH=/home/atharva/ros2_ws/install/my_robot_interfaces CMAKE_PREFIX_PATH=/home/atharva/ros2_ws/install/my_robot_interfaces:/home/atharva/ros2_ws/install/radio_station_bringup:/home/atharva/ros2_ws/install/my_robot_bringup:/home/atharva/ros2_ws/install/my_robot_description PYTHONPATH=/home/atharva/ros2_ws/build/my_py_pkg/prefix_override:/home/atharva/ros2_ws/install/my_py_pkg/lib/python3.10/site-packages:${PYTHONPATH} /usr/bin/python3 setup.py develop --uninstall --editable --build-directory /home/atharva/ros2_ws/build/my_py_pkg/build
[2.086s] running develop
[2.354s] Invoked command in '/home/atharva/ros2_ws/build/my_py_pkg' returned '0': AMENT_PREFIX_PATH=/home/atharva/ros2_ws/install/my_robot_interfaces CMAKE_PREFIX_PATH=/home/atharva/ros2_ws/install/my_robot_interfaces:/home/atharva/ros2_ws/install/radio_station_bringup:/home/atharva/ros2_ws/install/my_robot_bringup:/home/atharva/ros2_ws/install/my_robot_description PYTHONPATH=/home/atharva/ros2_ws/build/my_py_pkg/prefix_override:/home/atharva/ros2_ws/install/my_py_pkg/lib/python3.10/site-packages:${PYTHONPATH} /usr/bin/python3 setup.py develop --uninstall --editable --build-directory /home/atharva/ros2_ws/build/my_py_pkg/build
[2.356s] Invoking command in '/home/atharva/ros2_ws/src/my_py_pkg': AMENT_PREFIX_PATH=/home/atharva/ros2_ws/install/my_robot_interfaces CMAKE_PREFIX_PATH=/home/atharva/ros2_ws/install/my_robot_interfaces:/home/atharva/ros2_ws/install/radio_station_bringup:/home/atharva/ros2_ws/install/my_robot_bringup:/home/atharva/ros2_ws/install/my_robot_description PYTHONPATH=/home/atharva/ros2_ws/build/my_py_pkg/prefix_override:/home/atharva/ros2_ws/install/my_py_pkg/lib/python3.10/site-packages:${PYTHONPATH} /usr/bin/python3 setup.py egg_info --egg-base ../../build/my_py_pkg build --build-base /home/atharva/ros2_ws/build/my_py_pkg/build install --record /home/atharva/ros2_ws/build/my_py_pkg/install.log --single-version-externally-managed
[2.689s] running egg_info
[2.690s] writing ../../build/my_py_pkg/my_py_pkg.egg-info/PKG-INFO
[2.690s] writing dependency_links to ../../build/my_py_pkg/my_py_pkg.egg-info/dependency_links.txt
[2.691s] writing entry points to ../../build/my_py_pkg/my_py_pkg.egg-info/entry_points.txt
[2.691s] writing requirements to ../../build/my_py_pkg/my_py_pkg.egg-info/requires.txt
[2.691s] writing top-level names to ../../build/my_py_pkg/my_py_pkg.egg-info/top_level.txt
[2.695s] reading manifest file '../../build/my_py_pkg/my_py_pkg.egg-info/SOURCES.txt'
[2.695s] adding license file 'LICENSE'
[2.697s] writing manifest file '../../build/my_py_pkg/my_py_pkg.egg-info/SOURCES.txt'
[2.697s] running build
[2.697s] running build_py
[2.699s] running install
[2.700s] running install_lib
[2.702s] running install_data
[2.702s] running install_egg_info
[2.704s] removing '/home/atharva/ros2_ws/install/my_py_pkg/lib/python3.10/site-packages/my_py_pkg-0.0.0-py3.10.egg-info' (and everything under it)
[2.714s] Copying ../../build/my_py_pkg/my_py_pkg.egg-info to /home/atharva/ros2_ws/install/my_py_pkg/lib/python3.10/site-packages/my_py_pkg-0.0.0-py3.10.egg-info
[2.723s] running install_scripts
[2.751s] Installing add_two_ints_client script to /home/atharva/ros2_ws/install/my_py_pkg/lib/my_py_pkg
[2.751s] Installing add_two_ints_client_no_oop script to /home/atharva/ros2_ws/install/my_py_pkg/lib/my_py_pkg
[2.751s] Installing add_two_ints_server script to /home/atharva/ros2_ws/install/my_py_pkg/lib/my_py_pkg
[2.751s] Installing battery script to /home/atharva/ros2_ws/install/my_py_pkg/lib/my_py_pkg
[2.751s] Installing hw_status_publisher script to /home/atharva/ros2_ws/install/my_py_pkg/lib/my_py_pkg
[2.751s] Installing led_panel script to /home/atharva/ros2_ws/install/my_py_pkg/lib/my_py_pkg
[2.752s] Installing number_counter script to /home/atharva/ros2_ws/install/my_py_pkg/lib/my_py_pkg
[2.752s] Installing number_counter_reset script to /home/atharva/ros2_ws/install/my_py_pkg/lib/my_py_pkg
[2.752s] Installing number_counter_server script to /home/atharva/ros2_ws/install/my_py_pkg/lib/my_py_pkg
[2.752s] Installing number_publisher script to /home/atharva/ros2_ws/install/my_py_pkg/lib/my_py_pkg
[2.752s] Installing py_node script to /home/atharva/ros2_ws/install/my_py_pkg/lib/my_py_pkg
[2.752s] Installing rectangle_area_client script to /home/atharva/ros2_ws/install/my_py_pkg/lib/my_py_pkg
[2.752s] Installing rectangle_area_server script to /home/atharva/ros2_ws/install/my_py_pkg/lib/my_py_pkg
[2.753s] Installing robot_news_station script to /home/atharva/ros2_ws/install/my_py_pkg/lib/my_py_pkg
[2.753s] Installing smartphone script to /home/atharva/ros2_ws/install/my_py_pkg/lib/my_py_pkg
[2.753s] writing list of installed files to '/home/atharva/ros2_ws/build/my_py_pkg/install.log'
[2.790s] Invoked command in '/home/atharva/ros2_ws/src/my_py_pkg' returned '0': AMENT_PREFIX_PATH=/home/atharva/ros2_ws/install/my_robot_interfaces CMAKE_PREFIX_PATH=/home/atharva/ros2_ws/install/my_robot_interfaces:/home/atharva/ros2_ws/install/radio_station_bringup:/home/atharva/ros2_ws/install/my_robot_bringup:/home/atharva/ros2_ws/install/my_robot_description PYTHONPATH=/home/atharva/ros2_ws/build/my_py_pkg/prefix_override:/home/atharva/ros2_ws/install/my_py_pkg/lib/python3.10/site-packages:${PYTHONPATH} /usr/bin/python3 setup.py egg_info --egg-base ../../build/my_py_pkg build --build-base /home/atharva/ros2_ws/build/my_py_pkg/build install --record /home/atharva/ros2_ws/build/my_py_pkg/install.log --single-version-externally-managed
