[1.499s] Invoking command in '/home/atharva/Learning_ROS2/ros2_ws/src/my_py_pkg': AMENT_PREFIX_PATH=/home/atharva/Learning_ROS2/ros2_ws/install/my_robot_interfaces:${AMENT_PREFIX_PATH} CMAKE_PREFIX_PATH=/home/atharva/Learning_ROS2/ros2_ws/install/my_robot_interfaces:${CMAKE_PREFIX_PATH} LD_LIBRARY_PATH=/home/atharva/Learning_ROS2/ros2_ws/install/my_robot_interfaces/lib:${LD_LIBRARY_PATH} PYTHONPATH=/home/atharva/Learning_ROS2/ros2_ws/build/my_py_pkg/prefix_override:/home/atharva/Learning_ROS2/ros2_ws/install/my_py_pkg/lib/python3.10/site-packages:/home/atharva/Learning_ROS2/ros2_ws/install/my_robot_interfaces/local/lib/python3.10/dist-packages:${PYTHONPATH} /usr/bin/python3 setup.py egg_info --egg-base ../../build/my_py_pkg build --build-base /home/atharva/Learning_ROS2/ros2_ws/build/my_py_pkg/build install --record /home/atharva/Learning_ROS2/ros2_ws/build/my_py_pkg/install.log --single-version-externally-managed
[1.821s] running egg_info
[1.821s] creating ../../build/my_py_pkg/my_py_pkg.egg-info
[1.822s] writing ../../build/my_py_pkg/my_py_pkg.egg-info/PKG-INFO
[1.822s] writing dependency_links to ../../build/my_py_pkg/my_py_pkg.egg-info/dependency_links.txt
[1.823s] writing entry points to ../../build/my_py_pkg/my_py_pkg.egg-info/entry_points.txt
[1.823s] writing requirements to ../../build/my_py_pkg/my_py_pkg.egg-info/requires.txt
[1.823s] writing top-level names to ../../build/my_py_pkg/my_py_pkg.egg-info/top_level.txt
[1.823s] writing manifest file '../../build/my_py_pkg/my_py_pkg.egg-info/SOURCES.txt'
[1.830s] reading manifest file '../../build/my_py_pkg/my_py_pkg.egg-info/SOURCES.txt'
[1.830s] adding license file 'LICENSE'
[1.830s] writing manifest file '../../build/my_py_pkg/my_py_pkg.egg-info/SOURCES.txt'
[1.831s] running build
[1.831s] running build_py
[1.831s] creating /home/atharva/Learning_ROS2/ros2_ws/build/my_py_pkg/build
[1.831s] creating /home/atharva/Learning_ROS2/ros2_ws/build/my_py_pkg/build/lib
[1.831s] creating /home/atharva/Learning_ROS2/ros2_ws/build/my_py_pkg/build/lib/my_py_pkg
[1.831s] copying my_py_pkg/my_first_node.py -> /home/atharva/Learning_ROS2/ros2_ws/build/my_py_pkg/build/lib/my_py_pkg
[1.832s] copying my_py_pkg/add_two_ints_client_no_oop.py -> /home/atharva/Learning_ROS2/ros2_ws/build/my_py_pkg/build/lib/my_py_pkg
[1.832s] copying my_py_pkg/__init__.py -> /home/atharva/Learning_ROS2/ros2_ws/build/my_py_pkg/build/lib/my_py_pkg
[1.832s] copying my_py_pkg/rectangle_area_client.py -> /home/atharva/Learning_ROS2/ros2_ws/build/my_py_pkg/build/lib/my_py_pkg
[1.832s] copying my_py_pkg/battery.py -> /home/atharva/Learning_ROS2/ros2_ws/build/my_py_pkg/build/lib/my_py_pkg
[1.832s] copying my_py_pkg/robot_news_station.py -> /home/atharva/Learning_ROS2/ros2_ws/build/my_py_pkg/build/lib/my_py_pkg
[1.833s] copying my_py_pkg/number_counter.py -> /home/atharva/Learning_ROS2/ros2_ws/build/my_py_pkg/build/lib/my_py_pkg
[1.833s] copying my_py_pkg/add_two_ints_server.py -> /home/atharva/Learning_ROS2/ros2_ws/build/my_py_pkg/build/lib/my_py_pkg
[1.833s] copying my_py_pkg/number_publisher.py -> /home/atharva/Learning_ROS2/ros2_ws/build/my_py_pkg/build/lib/my_py_pkg
[1.833s] copying my_py_pkg/number_counter_reset.py -> /home/atharva/Learning_ROS2/ros2_ws/build/my_py_pkg/build/lib/my_py_pkg
[1.833s] copying my_py_pkg/add_two_ints_client.py -> /home/atharva/Learning_ROS2/ros2_ws/build/my_py_pkg/build/lib/my_py_pkg
[1.833s] copying my_py_pkg/python_template.py -> /home/atharva/Learning_ROS2/ros2_ws/build/my_py_pkg/build/lib/my_py_pkg
[1.833s] copying my_py_pkg/led_panel.py -> /home/atharva/Learning_ROS2/ros2_ws/build/my_py_pkg/build/lib/my_py_pkg
[1.834s] copying my_py_pkg/number_counter_server.py -> /home/atharva/Learning_ROS2/ros2_ws/build/my_py_pkg/build/lib/my_py_pkg
[1.834s] copying my_py_pkg/hw_status_publisher.py -> /home/atharva/Learning_ROS2/ros2_ws/build/my_py_pkg/build/lib/my_py_pkg
[1.836s] copying my_py_pkg/smartphone.py -> /home/atharva/Learning_ROS2/ros2_ws/build/my_py_pkg/build/lib/my_py_pkg
[1.837s] copying my_py_pkg/rectangle_area_server.py -> /home/atharva/Learning_ROS2/ros2_ws/build/my_py_pkg/build/lib/my_py_pkg
[1.837s] running install
[1.837s] running install_lib
[1.838s] creating /home/atharva/Learning_ROS2/ros2_ws/install/my_py_pkg/lib/python3.10/site-packages/my_py_pkg
[1.838s] copying /home/atharva/Learning_ROS2/ros2_ws/build/my_py_pkg/build/lib/my_py_pkg/my_first_node.py -> /home/atharva/Learning_ROS2/ros2_ws/install/my_py_pkg/lib/python3.10/site-packages/my_py_pkg
[1.838s] copying /home/atharva/Learning_ROS2/ros2_ws/build/my_py_pkg/build/lib/my_py_pkg/add_two_ints_client_no_oop.py -> /home/atharva/Learning_ROS2/ros2_ws/install/my_py_pkg/lib/python3.10/site-packages/my_py_pkg
[1.838s] copying /home/atharva/Learning_ROS2/ros2_ws/build/my_py_pkg/build/lib/my_py_pkg/__init__.py -> /home/atharva/Learning_ROS2/ros2_ws/install/my_py_pkg/lib/python3.10/site-packages/my_py_pkg
[1.838s] copying /home/atharva/Learning_ROS2/ros2_ws/build/my_py_pkg/build/lib/my_py_pkg/rectangle_area_client.py -> /home/atharva/Learning_ROS2/ros2_ws/install/my_py_pkg/lib/python3.10/site-packages/my_py_pkg
[1.839s] copying /home/atharva/Learning_ROS2/ros2_ws/build/my_py_pkg/build/lib/my_py_pkg/battery.py -> /home/atharva/Learning_ROS2/ros2_ws/install/my_py_pkg/lib/python3.10/site-packages/my_py_pkg
[1.839s] copying /home/atharva/Learning_ROS2/ros2_ws/build/my_py_pkg/build/lib/my_py_pkg/robot_news_station.py -> /home/atharva/Learning_ROS2/ros2_ws/install/my_py_pkg/lib/python3.10/site-packages/my_py_pkg
[1.839s] copying /home/atharva/Learning_ROS2/ros2_ws/build/my_py_pkg/build/lib/my_py_pkg/number_counter.py -> /home/atharva/Learning_ROS2/ros2_ws/install/my_py_pkg/lib/python3.10/site-packages/my_py_pkg
[1.840s] copying /home/atharva/Learning_ROS2/ros2_ws/build/my_py_pkg/build/lib/my_py_pkg/add_two_ints_server.py -> /home/atharva/Learning_ROS2/ros2_ws/install/my_py_pkg/lib/python3.10/site-packages/my_py_pkg
[1.840s] copying /home/atharva/Learning_ROS2/ros2_ws/build/my_py_pkg/build/lib/my_py_pkg/number_publisher.py -> /home/atharva/Learning_ROS2/ros2_ws/install/my_py_pkg/lib/python3.10/site-packages/my_py_pkg
[1.841s] copying /home/atharva/Learning_ROS2/ros2_ws/build/my_py_pkg/build/lib/my_py_pkg/number_counter_reset.py -> /home/atharva/Learning_ROS2/ros2_ws/install/my_py_pkg/lib/python3.10/site-packages/my_py_pkg
[1.841s] copying /home/atharva/Learning_ROS2/ros2_ws/build/my_py_pkg/build/lib/my_py_pkg/add_two_ints_client.py -> /home/atharva/Learning_ROS2/ros2_ws/install/my_py_pkg/lib/python3.10/site-packages/my_py_pkg
[1.841s] copying /home/atharva/Learning_ROS2/ros2_ws/build/my_py_pkg/build/lib/my_py_pkg/python_template.py -> /home/atharva/Learning_ROS2/ros2_ws/install/my_py_pkg/lib/python3.10/site-packages/my_py_pkg
[1.841s] copying /home/atharva/Learning_ROS2/ros2_ws/build/my_py_pkg/build/lib/my_py_pkg/led_panel.py -> /home/atharva/Learning_ROS2/ros2_ws/install/my_py_pkg/lib/python3.10/site-packages/my_py_pkg
[1.841s] copying /home/atharva/Learning_ROS2/ros2_ws/build/my_py_pkg/build/lib/my_py_pkg/number_counter_server.py -> /home/atharva/Learning_ROS2/ros2_ws/install/my_py_pkg/lib/python3.10/site-packages/my_py_pkg
[1.841s] copying /home/atharva/Learning_ROS2/ros2_ws/build/my_py_pkg/build/lib/my_py_pkg/hw_status_publisher.py -> /home/atharva/Learning_ROS2/ros2_ws/install/my_py_pkg/lib/python3.10/site-packages/my_py_pkg
[1.842s] copying /home/atharva/Learning_ROS2/ros2_ws/build/my_py_pkg/build/lib/my_py_pkg/smartphone.py -> /home/atharva/Learning_ROS2/ros2_ws/install/my_py_pkg/lib/python3.10/site-packages/my_py_pkg
[1.842s] copying /home/atharva/Learning_ROS2/ros2_ws/build/my_py_pkg/build/lib/my_py_pkg/rectangle_area_server.py -> /home/atharva/Learning_ROS2/ros2_ws/install/my_py_pkg/lib/python3.10/site-packages/my_py_pkg
[1.842s] byte-compiling /home/atharva/Learning_ROS2/ros2_ws/install/my_py_pkg/lib/python3.10/site-packages/my_py_pkg/my_first_node.py to my_first_node.cpython-310.pyc
[1.842s] byte-compiling /home/atharva/Learning_ROS2/ros2_ws/install/my_py_pkg/lib/python3.10/site-packages/my_py_pkg/add_two_ints_client_no_oop.py to add_two_ints_client_no_oop.cpython-310.pyc
[1.843s] byte-compiling /home/atharva/Learning_ROS2/ros2_ws/install/my_py_pkg/lib/python3.10/site-packages/my_py_pkg/__init__.py to __init__.cpython-310.pyc
[1.843s] byte-compiling /home/atharva/Learning_ROS2/ros2_ws/install/my_py_pkg/lib/python3.10/site-packages/my_py_pkg/rectangle_area_client.py to rectangle_area_client.cpython-310.pyc
[1.843s] byte-compiling /home/atharva/Learning_ROS2/ros2_ws/install/my_py_pkg/lib/python3.10/site-packages/my_py_pkg/battery.py to battery.cpython-310.pyc
[1.845s] byte-compiling /home/atharva/Learning_ROS2/ros2_ws/install/my_py_pkg/lib/python3.10/site-packages/my_py_pkg/robot_news_station.py to robot_news_station.cpython-310.pyc
[1.845s] byte-compiling /home/atharva/Learning_ROS2/ros2_ws/install/my_py_pkg/lib/python3.10/site-packages/my_py_pkg/number_counter.py to number_counter.cpython-310.pyc
[1.846s] byte-compiling /home/atharva/Learning_ROS2/ros2_ws/install/my_py_pkg/lib/python3.10/site-packages/my_py_pkg/add_two_ints_server.py to add_two_ints_server.cpython-310.pyc
[1.846s] byte-compiling /home/atharva/Learning_ROS2/ros2_ws/install/my_py_pkg/lib/python3.10/site-packages/my_py_pkg/number_publisher.py to number_publisher.cpython-310.pyc
[1.846s] byte-compiling /home/atharva/Learning_ROS2/ros2_ws/install/my_py_pkg/lib/python3.10/site-packages/my_py_pkg/number_counter_reset.py to number_counter_reset.cpython-310.pyc
[1.847s] byte-compiling /home/atharva/Learning_ROS2/ros2_ws/install/my_py_pkg/lib/python3.10/site-packages/my_py_pkg/add_two_ints_client.py to add_two_ints_client.cpython-310.pyc
[1.848s] byte-compiling /home/atharva/Learning_ROS2/ros2_ws/install/my_py_pkg/lib/python3.10/site-packages/my_py_pkg/python_template.py to python_template.cpython-310.pyc
[1.848s] byte-compiling /home/atharva/Learning_ROS2/ros2_ws/install/my_py_pkg/lib/python3.10/site-packages/my_py_pkg/led_panel.py to led_panel.cpython-310.pyc
[1.848s] byte-compiling /home/atharva/Learning_ROS2/ros2_ws/install/my_py_pkg/lib/python3.10/site-packages/my_py_pkg/number_counter_server.py to number_counter_server.cpython-310.pyc
[1.848s] byte-compiling /home/atharva/Learning_ROS2/ros2_ws/install/my_py_pkg/lib/python3.10/site-packages/my_py_pkg/hw_status_publisher.py to hw_status_publisher.cpython-310.pyc
[1.849s] byte-compiling /home/atharva/Learning_ROS2/ros2_ws/install/my_py_pkg/lib/python3.10/site-packages/my_py_pkg/smartphone.py to smartphone.cpython-310.pyc
[1.849s] byte-compiling /home/atharva/Learning_ROS2/ros2_ws/install/my_py_pkg/lib/python3.10/site-packages/my_py_pkg/rectangle_area_server.py to rectangle_area_server.cpython-310.pyc
[1.850s] running install_data
[1.851s] creating /home/atharva/Learning_ROS2/ros2_ws/install/my_py_pkg/share/ament_index
[1.851s] creating /home/atharva/Learning_ROS2/ros2_ws/install/my_py_pkg/share/ament_index/resource_index
[1.851s] creating /home/atharva/Learning_ROS2/ros2_ws/install/my_py_pkg/share/ament_index/resource_index/packages
[1.851s] copying resource/my_py_pkg -> /home/atharva/Learning_ROS2/ros2_ws/install/my_py_pkg/share/ament_index/resource_index/packages
[1.851s] copying package.xml -> /home/atharva/Learning_ROS2/ros2_ws/install/my_py_pkg/share/my_py_pkg
[1.852s] running install_egg_info
[1.854s] Copying ../../build/my_py_pkg/my_py_pkg.egg-info to /home/atharva/Learning_ROS2/ros2_ws/install/my_py_pkg/lib/python3.10/site-packages/my_py_pkg-0.0.0-py3.10.egg-info
[1.855s] running install_scripts
[1.892s] Installing add_two_ints_client script to /home/atharva/Learning_ROS2/ros2_ws/install/my_py_pkg/lib/my_py_pkg
[1.892s] Installing add_two_ints_client_no_oop script to /home/atharva/Learning_ROS2/ros2_ws/install/my_py_pkg/lib/my_py_pkg
[1.892s] Installing add_two_ints_server script to /home/atharva/Learning_ROS2/ros2_ws/install/my_py_pkg/lib/my_py_pkg
[1.893s] Installing battery script to /home/atharva/Learning_ROS2/ros2_ws/install/my_py_pkg/lib/my_py_pkg
[1.893s] Installing hw_status_publisher script to /home/atharva/Learning_ROS2/ros2_ws/install/my_py_pkg/lib/my_py_pkg
[1.893s] Installing led_panel script to /home/atharva/Learning_ROS2/ros2_ws/install/my_py_pkg/lib/my_py_pkg
[1.893s] Installing number_counter script to /home/atharva/Learning_ROS2/ros2_ws/install/my_py_pkg/lib/my_py_pkg
[1.893s] Installing number_counter_reset script to /home/atharva/Learning_ROS2/ros2_ws/install/my_py_pkg/lib/my_py_pkg
[1.893s] Installing number_counter_server script to /home/atharva/Learning_ROS2/ros2_ws/install/my_py_pkg/lib/my_py_pkg
[1.893s] Installing number_publisher script to /home/atharva/Learning_ROS2/ros2_ws/install/my_py_pkg/lib/my_py_pkg
[1.894s] Installing py_node script to /home/atharva/Learning_ROS2/ros2_ws/install/my_py_pkg/lib/my_py_pkg
[1.894s] Installing rectangle_area_client script to /home/atharva/Learning_ROS2/ros2_ws/install/my_py_pkg/lib/my_py_pkg
[1.894s] Installing rectangle_area_server script to /home/atharva/Learning_ROS2/ros2_ws/install/my_py_pkg/lib/my_py_pkg
[1.895s] Installing robot_news_station script to /home/atharva/Learning_ROS2/ros2_ws/install/my_py_pkg/lib/my_py_pkg
[1.895s] Installing smartphone script to /home/atharva/Learning_ROS2/ros2_ws/install/my_py_pkg/lib/my_py_pkg
[1.897s] writing list of installed files to '/home/atharva/Learning_ROS2/ros2_ws/build/my_py_pkg/install.log'
[1.997s] Invoked command in '/home/atharva/Learning_ROS2/ros2_ws/src/my_py_pkg' returned '0': AMENT_PREFIX_PATH=/home/atharva/Learning_ROS2/ros2_ws/install/my_robot_interfaces:${AMENT_PREFIX_PATH} CMAKE_PREFIX_PATH=/home/atharva/Learning_ROS2/ros2_ws/install/my_robot_interfaces:${CMAKE_PREFIX_PATH} LD_LIBRARY_PATH=/home/atharva/Learning_ROS2/ros2_ws/install/my_robot_interfaces/lib:${LD_LIBRARY_PATH} PYTHONPATH=/home/atharva/Learning_ROS2/ros2_ws/build/my_py_pkg/prefix_override:/home/atharva/Learning_ROS2/ros2_ws/install/my_py_pkg/lib/python3.10/site-packages:/home/atharva/Learning_ROS2/ros2_ws/install/my_robot_interfaces/local/lib/python3.10/dist-packages:${PYTHONPATH} /usr/bin/python3 setup.py egg_info --egg-base ../../build/my_py_pkg build --build-base /home/atharva/Learning_ROS2/ros2_ws/build/my_py_pkg/build install --record /home/atharva/Learning_ROS2/ros2_ws/build/my_py_pkg/install.log --single-version-externally-managed
