[0.128s] Invoking command in '/home/atharva/Learning_ROS2/ros2_ws/build/mae_547': CMAKE_PREFIX_PATH=${CMAKE_PREFIX_PATH}:/home/atharva/Learning_ROS2/ros2_ws/install/turtlesim_catch_em_all:/home/atharva/Learning_ROS2/ros2_ws/install/my_py_pkg:/opt/ros/humble /usr/bin/cmake --build /home/atharva/Learning_ROS2/ros2_ws/build/mae_547 -- -j4 -l4
[0.169s] Invoked command in '/home/atharva/Learning_ROS2/ros2_ws/build/mae_547' returned '0': CMAKE_PREFIX_PATH=${CMAKE_PREFIX_PATH}:/home/atharva/Learning_ROS2/ros2_ws/install/turtlesim_catch_em_all:/home/atharva/Learning_ROS2/ros2_ws/install/my_py_pkg:/opt/ros/humble /usr/bin/cmake --build /home/atharva/Learning_ROS2/ros2_ws/build/mae_547 -- -j4 -l4
[0.206s] Invoking command in '/home/atharva/Learning_ROS2/ros2_ws/build/mae_547': CMAKE_PREFIX_PATH=${CMAKE_PREFIX_PATH}:/home/atharva/Learning_ROS2/ros2_ws/install/turtlesim_catch_em_all:/home/atharva/Learning_ROS2/ros2_ws/install/my_py_pkg:/opt/ros/humble /usr/bin/cmake --install /home/atharva/Learning_ROS2/ros2_ws/build/mae_547
[0.215s] -- Install configuration: ""
[0.215s] -- Execute custom install script
[0.216s] -- Up-to-date symlink: /home/atharva/Learning_ROS2/ros2_ws/install/mae_547/share/mae_547/urdf/common_properties.xacro
[0.217s] -- Up-to-date symlink: /home/atharva/Learning_ROS2/ros2_ws/install/mae_547/share/mae_547/urdf/mobile_base.xacro
[0.217s] -- Up-to-date symlink: /home/atharva/Learning_ROS2/ros2_ws/install/mae_547/share/mae_547/urdf/mobile_base_gazebo.xacro
[0.217s] -- Up-to-date symlink: /home/atharva/Learning_ROS2/ros2_ws/install/mae_547/share/mae_547/urdf/my_robot.urdf.xacro
[0.218s] -- Up-to-date symlink: /home/atharva/Learning_ROS2/ros2_ws/install/mae_547/share/mae_547/launch/display.launch.xml
[0.218s] -- Up-to-date symlink: /home/atharva/Learning_ROS2/ros2_ws/install/mae_547/share/mae_547/rviz/urdf_config.rviz
[0.218s] -- Up-to-date symlink: /home/atharva/Learning_ROS2/ros2_ws/install/mae_547/share/ament_index/resource_index/package_run_dependencies/mae_547
[0.219s] -- Up-to-date symlink: /home/atharva/Learning_ROS2/ros2_ws/install/mae_547/share/ament_index/resource_index/parent_prefix_path/mae_547
[0.219s] -- Up-to-date symlink: /home/atharva/Learning_ROS2/ros2_ws/install/mae_547/share/mae_547/environment/ament_prefix_path.sh
[0.219s] -- Up-to-date symlink: /home/atharva/Learning_ROS2/ros2_ws/install/mae_547/share/mae_547/environment/ament_prefix_path.dsv
[0.220s] -- Up-to-date symlink: /home/atharva/Learning_ROS2/ros2_ws/install/mae_547/share/mae_547/environment/path.sh
[0.220s] -- Up-to-date symlink: /home/atharva/Learning_ROS2/ros2_ws/install/mae_547/share/mae_547/environment/path.dsv
[0.220s] -- Up-to-date symlink: /home/atharva/Learning_ROS2/ros2_ws/install/mae_547/share/mae_547/local_setup.bash
[0.221s] -- Up-to-date symlink: /home/atharva/Learning_ROS2/ros2_ws/install/mae_547/share/mae_547/local_setup.sh
[0.221s] -- Up-to-date symlink: /home/atharva/Learning_ROS2/ros2_ws/install/mae_547/share/mae_547/local_setup.zsh
[0.221s] -- Up-to-date symlink: /home/atharva/Learning_ROS2/ros2_ws/install/mae_547/share/mae_547/local_setup.dsv
[0.221s] -- Symlinking: /home/atharva/Learning_ROS2/ros2_ws/install/mae_547/share/mae_547/package.dsv
[0.234s] -- Up-to-date symlink: /home/atharva/Learning_ROS2/ros2_ws/install/mae_547/share/ament_index/resource_index/packages/mae_547
[0.235s] -- Up-to-date symlink: /home/atharva/Learning_ROS2/ros2_ws/install/mae_547/share/mae_547/cmake/mae_547Config.cmake
[0.235s] -- Up-to-date symlink: /home/atharva/Learning_ROS2/ros2_ws/install/mae_547/share/mae_547/cmake/mae_547Config-version.cmake
[0.235s] -- Up-to-date symlink: /home/atharva/Learning_ROS2/ros2_ws/install/mae_547/share/mae_547/package.xml
[0.238s] Invoked command in '/home/atharva/Learning_ROS2/ros2_ws/build/mae_547' returned '0': CMAKE_PREFIX_PATH=${CMAKE_PREFIX_PATH}:/home/atharva/Learning_ROS2/ros2_ws/install/turtlesim_catch_em_all:/home/atharva/Learning_ROS2/ros2_ws/install/my_py_pkg:/opt/ros/humble /usr/bin/cmake --install /home/atharva/Learning_ROS2/ros2_ws/build/mae_547
