[0.084s] Invoking command in '/home/atharva/Learning_ROS2/ros2_ws/build/my_robot_description': CMAKE_PREFIX_PATH=${CMAKE_PREFIX_PATH}:/home/atharva/ros2_ws/install/turtlesim_catch_em_all:/home/atharva/ros2_ws/install/my_py_pkg:/opt/ros/humble: /usr/bin/cmake /home/atharva/Learning_ROS2/ros2_ws/src/my_robot_description -DCMAKE_INSTALL_PREFIX=/home/atharva/Learning_ROS2/ros2_ws/install/my_robot_description
[0.695s] -- The C compiler identification is GNU 11.4.0
[1.283s] -- The CXX compiler identification is GNU 11.4.0
[1.367s] -- Detecting C compiler ABI info
[1.540s] -- Detecting C compiler ABI info - done
[1.556s] -- Check for working C compiler: /usr/bin/cc - skipped
[1.556s] -- Detecting C compile features
[1.567s] -- Detecting C compile features - done
[1.578s] -- Detecting CXX compiler ABI info
[1.704s] -- Detecting CXX compiler ABI info - done
[1.714s] -- Check for working CXX compiler: /usr/bin/c++ - skipped
[1.714s] -- Detecting CXX compile features
[1.715s] -- Detecting CXX compile features - done
[1.737s] -- Found ament_cmake: 1.3.5 (/opt/ros/humble/share/ament_cmake/cmake)
[2.003s] -- Found Python3: /usr/bin/python3.10 (found version "3.10.12") found components: Interpreter 
[2.288s] -- Configuring done
[2.293s] -- Generating done
[2.294s] -- Build files have been written to: /home/atharva/Learning_ROS2/ros2_ws/build/my_robot_description
[2.300s] Invoked command in '/home/atharva/Learning_ROS2/ros2_ws/build/my_robot_description' returned '0': CMAKE_PREFIX_PATH=${CMAKE_PREFIX_PATH}:/home/atharva/ros2_ws/install/turtlesim_catch_em_all:/home/atharva/ros2_ws/install/my_py_pkg:/opt/ros/humble: /usr/bin/cmake /home/atharva/Learning_ROS2/ros2_ws/src/my_robot_description -DCMAKE_INSTALL_PREFIX=/home/atharva/Learning_ROS2/ros2_ws/install/my_robot_description
[2.303s] Invoking command in '/home/atharva/Learning_ROS2/ros2_ws/build/my_robot_description': CMAKE_PREFIX_PATH=${CMAKE_PREFIX_PATH}:/home/atharva/ros2_ws/install/turtlesim_catch_em_all:/home/atharva/ros2_ws/install/my_py_pkg:/opt/ros/humble: /usr/bin/cmake --build /home/atharva/Learning_ROS2/ros2_ws/build/my_robot_description -- -j4 -l4
[2.344s] Invoked command in '/home/atharva/Learning_ROS2/ros2_ws/build/my_robot_description' returned '0': CMAKE_PREFIX_PATH=${CMAKE_PREFIX_PATH}:/home/atharva/ros2_ws/install/turtlesim_catch_em_all:/home/atharva/ros2_ws/install/my_py_pkg:/opt/ros/humble: /usr/bin/cmake --build /home/atharva/Learning_ROS2/ros2_ws/build/my_robot_description -- -j4 -l4
[2.380s] Invoking command in '/home/atharva/Learning_ROS2/ros2_ws/build/my_robot_description': CMAKE_PREFIX_PATH=${CMAKE_PREFIX_PATH}:/home/atharva/ros2_ws/install/turtlesim_catch_em_all:/home/atharva/ros2_ws/install/my_py_pkg:/opt/ros/humble: /usr/bin/cmake --install /home/atharva/Learning_ROS2/ros2_ws/build/my_robot_description
[2.388s] -- Install configuration: ""
[2.390s] -- Installing: /home/atharva/Learning_ROS2/ros2_ws/install/my_robot_description/share/my_robot_description//urdf
[2.390s] -- Installing: /home/atharva/Learning_ROS2/ros2_ws/install/my_robot_description/share/my_robot_description//urdf/my_robot.urdf
[2.390s] -- Installing: /home/atharva/Learning_ROS2/ros2_ws/install/my_robot_description/share/my_robot_description//launch
[2.391s] -- Installing: /home/atharva/Learning_ROS2/ros2_ws/install/my_robot_description/share/my_robot_description//launch/display.launch.xml
[2.391s] -- Installing: /home/atharva/Learning_ROS2/ros2_ws/install/my_robot_description/share/my_robot_description//launch/display.launch.py
[2.391s] -- Installing: /home/atharva/Learning_ROS2/ros2_ws/install/my_robot_description/share/ament_index/resource_index/package_run_dependencies/my_robot_description
[2.391s] -- Installing: /home/atharva/Learning_ROS2/ros2_ws/install/my_robot_description/share/ament_index/resource_index/parent_prefix_path/my_robot_description
[2.391s] -- Installing: /home/atharva/Learning_ROS2/ros2_ws/install/my_robot_description/share/my_robot_description/environment/ament_prefix_path.sh
[2.392s] -- Installing: /home/atharva/Learning_ROS2/ros2_ws/install/my_robot_description/share/my_robot_description/environment/ament_prefix_path.dsv
[2.392s] -- Installing: /home/atharva/Learning_ROS2/ros2_ws/install/my_robot_description/share/my_robot_description/environment/path.sh
[2.392s] -- Installing: /home/atharva/Learning_ROS2/ros2_ws/install/my_robot_description/share/my_robot_description/environment/path.dsv
[2.392s] -- Installing: /home/atharva/Learning_ROS2/ros2_ws/install/my_robot_description/share/my_robot_description/local_setup.bash
[2.392s] -- Installing: /home/atharva/Learning_ROS2/ros2_ws/install/my_robot_description/share/my_robot_description/local_setup.sh
[2.392s] -- Installing: /home/atharva/Learning_ROS2/ros2_ws/install/my_robot_description/share/my_robot_description/local_setup.zsh
[2.392s] -- Installing: /home/atharva/Learning_ROS2/ros2_ws/install/my_robot_description/share/my_robot_description/local_setup.dsv
[2.393s] -- Installing: /home/atharva/Learning_ROS2/ros2_ws/install/my_robot_description/share/my_robot_description/package.dsv
[2.393s] -- Installing: /home/atharva/Learning_ROS2/ros2_ws/install/my_robot_description/share/ament_index/resource_index/packages/my_robot_description
[2.393s] -- Installing: /home/atharva/Learning_ROS2/ros2_ws/install/my_robot_description/share/my_robot_description/cmake/my_robot_descriptionConfig.cmake
[2.393s] -- Installing: /home/atharva/Learning_ROS2/ros2_ws/install/my_robot_description/share/my_robot_description/cmake/my_robot_descriptionConfig-version.cmake
[2.393s] -- Installing: /home/atharva/Learning_ROS2/ros2_ws/install/my_robot_description/share/my_robot_description/package.xml
[2.395s] Invoked command in '/home/atharva/Learning_ROS2/ros2_ws/build/my_robot_description' returned '0': CMAKE_PREFIX_PATH=${CMAKE_PREFIX_PATH}:/home/atharva/ros2_ws/install/turtlesim_catch_em_all:/home/atharva/ros2_ws/install/my_py_pkg:/opt/ros/humble: /usr/bin/cmake --install /home/atharva/Learning_ROS2/ros2_ws/build/my_robot_description
