[2.199s] Invoking command in '/home/atharva/Learning_ROS2/build/turtlesim_catch_em_all': AMENT_PREFIX_PATH=/home/atharva/Learning_ROS2/install/my_robot_interfaces:${AMENT_PREFIX_PATH} CMAKE_PREFIX_PATH=/home/atharva/Learning_ROS2/install/my_robot_interfaces:${CMAKE_PREFIX_PATH} LD_LIBRARY_PATH=/home/atharva/Learning_ROS2/install/my_robot_interfaces/lib:${LD_LIBRARY_PATH} PYTHONPATH=/home/atharva/Learning_ROS2/build/turtlesim_catch_em_all/prefix_override:/home/atharva/Learning_ROS2/install/turtlesim_catch_em_all/lib/python3.10/site-packages:/home/atharva/Learning_ROS2/install/my_robot_interfaces/local/lib/python3.10/dist-packages:${PYTHONPATH} /usr/bin/python3 setup.py develop --editable --build-directory /home/atharva/Learning_ROS2/build/turtlesim_catch_em_all/build --no-deps install_data
[2.644s] running develop
[3.131s] running egg_info
[3.132s] creating turtlesim_catch_em_all.egg-info
[3.133s] writing turtlesim_catch_em_all.egg-info/PKG-INFO
[3.135s] writing dependency_links to turtlesim_catch_em_all.egg-info/dependency_links.txt
[3.136s] writing entry points to turtlesim_catch_em_all.egg-info/entry_points.txt
[3.137s] writing requirements to turtlesim_catch_em_all.egg-info/requires.txt
[3.138s] writing top-level names to turtlesim_catch_em_all.egg-info/top_level.txt
[3.140s] writing manifest file 'turtlesim_catch_em_all.egg-info/SOURCES.txt'
[3.144s] reading manifest file 'turtlesim_catch_em_all.egg-info/SOURCES.txt'
[3.146s] writing manifest file 'turtlesim_catch_em_all.egg-info/SOURCES.txt'
[3.149s] running build_ext
[3.150s] Creating /home/atharva/Learning_ROS2/install/turtlesim_catch_em_all/lib/python3.10/site-packages/turtlesim-catch-em-all.egg-link (link to .)
[3.152s] Installing turtle_catcher script to /home/atharva/Learning_ROS2/install/turtlesim_catch_em_all/lib/turtlesim_catch_em_all
[3.153s] Installing turtle_controller script to /home/atharva/Learning_ROS2/install/turtlesim_catch_em_all/lib/turtlesim_catch_em_all
[3.154s] Installing turtle_spawner script to /home/atharva/Learning_ROS2/install/turtlesim_catch_em_all/lib/turtlesim_catch_em_all
[3.156s] 
[3.156s] Installed /home/atharva/Learning_ROS2/build/turtlesim_catch_em_all
[3.158s] running install_data
[3.158s] creating /home/atharva/Learning_ROS2/install/turtlesim_catch_em_all/share/ament_index
[3.159s] creating /home/atharva/Learning_ROS2/install/turtlesim_catch_em_all/share/ament_index/resource_index
[3.159s] creating /home/atharva/Learning_ROS2/install/turtlesim_catch_em_all/share/ament_index/resource_index/packages
[3.160s] copying resource/turtlesim_catch_em_all -> /home/atharva/Learning_ROS2/install/turtlesim_catch_em_all/share/ament_index/resource_index/packages
[3.160s] copying package.xml -> /home/atharva/Learning_ROS2/install/turtlesim_catch_em_all/share/turtlesim_catch_em_all
[3.272s] Invoked command in '/home/atharva/Learning_ROS2/build/turtlesim_catch_em_all' returned '0': AMENT_PREFIX_PATH=/home/atharva/Learning_ROS2/install/my_robot_interfaces:${AMENT_PREFIX_PATH} CMAKE_PREFIX_PATH=/home/atharva/Learning_ROS2/install/my_robot_interfaces:${CMAKE_PREFIX_PATH} LD_LIBRARY_PATH=/home/atharva/Learning_ROS2/install/my_robot_interfaces/lib:${LD_LIBRARY_PATH} PYTHONPATH=/home/atharva/Learning_ROS2/build/turtlesim_catch_em_all/prefix_override:/home/atharva/Learning_ROS2/install/turtlesim_catch_em_all/lib/python3.10/site-packages:/home/atharva/Learning_ROS2/install/my_robot_interfaces/local/lib/python3.10/dist-packages:${PYTHONPATH} /usr/bin/python3 setup.py develop --editable --build-directory /home/atharva/Learning_ROS2/build/turtlesim_catch_em_all/build --no-deps install_data
