[0.246s] Invoking command in '/home/atharva/Learning_ROS2/ros2_ws/build/mae547_bringup': CMAKE_PREFIX_PATH=${CMAKE_PREFIX_PATH}:/home/atharva/Learning_ROS2/ros2_ws/install/turtlesim_catch_em_all:/home/atharva/Learning_ROS2/ros2_ws/install/my_py_pkg:/opt/ros/humble /usr/bin/cmake --build /home/atharva/Learning_ROS2/ros2_ws/build/mae547_bringup -- -j4 -l4
[0.291s] Invoked command in '/home/atharva/Learning_ROS2/ros2_ws/build/mae547_bringup' returned '0': CMAKE_PREFIX_PATH=${CMAKE_PREFIX_PATH}:/home/atharva/Learning_ROS2/ros2_ws/install/turtlesim_catch_em_all:/home/atharva/Learning_ROS2/ros2_ws/install/my_py_pkg:/opt/ros/humble /usr/bin/cmake --build /home/atharva/Learning_ROS2/ros2_ws/build/mae547_bringup -- -j4 -l4
[0.327s] Invoking command in '/home/atharva/Learning_ROS2/ros2_ws/build/mae547_bringup': CMAKE_PREFIX_PATH=${CMAKE_PREFIX_PATH}:/home/atharva/Learning_ROS2/ros2_ws/install/turtlesim_catch_em_all:/home/atharva/Learning_ROS2/ros2_ws/install/my_py_pkg:/opt/ros/humble /usr/bin/cmake --install /home/atharva/Learning_ROS2/ros2_ws/build/mae547_bringup
[0.337s] -- Install configuration: ""
[0.337s] -- Execute custom install script
[0.338s] -- Symlinking: /home/atharva/Learning_ROS2/ros2_ws/install/mae547_bringup/share/mae547_bringup/launch/mae_547_gazebo.launch.xml
[0.351s] -- Up-to-date symlink: /home/atharva/Learning_ROS2/ros2_ws/install/mae547_bringup/share/mae547_bringup/rviz/urdf_config.rviz
[0.351s] -- Up-to-date symlink: /home/atharva/Learning_ROS2/ros2_ws/install/mae547_bringup/share/ament_index/resource_index/package_run_dependencies/mae547_bringup
[0.352s] -- Up-to-date symlink: /home/atharva/Learning_ROS2/ros2_ws/install/mae547_bringup/share/ament_index/resource_index/parent_prefix_path/mae547_bringup
[0.352s] -- Up-to-date symlink: /home/atharva/Learning_ROS2/ros2_ws/install/mae547_bringup/share/mae547_bringup/environment/ament_prefix_path.sh
[0.352s] -- Up-to-date symlink: /home/atharva/Learning_ROS2/ros2_ws/install/mae547_bringup/share/mae547_bringup/environment/ament_prefix_path.dsv
[0.352s] -- Up-to-date symlink: /home/atharva/Learning_ROS2/ros2_ws/install/mae547_bringup/share/mae547_bringup/environment/path.sh
[0.353s] -- Up-to-date symlink: /home/atharva/Learning_ROS2/ros2_ws/install/mae547_bringup/share/mae547_bringup/environment/path.dsv
[0.353s] -- Up-to-date symlink: /home/atharva/Learning_ROS2/ros2_ws/install/mae547_bringup/share/mae547_bringup/local_setup.bash
[0.353s] -- Up-to-date symlink: /home/atharva/Learning_ROS2/ros2_ws/install/mae547_bringup/share/mae547_bringup/local_setup.sh
[0.354s] -- Up-to-date symlink: /home/atharva/Learning_ROS2/ros2_ws/install/mae547_bringup/share/mae547_bringup/local_setup.zsh
[0.354s] -- Up-to-date symlink: /home/atharva/Learning_ROS2/ros2_ws/install/mae547_bringup/share/mae547_bringup/local_setup.dsv
[0.354s] -- Symlinking: /home/atharva/Learning_ROS2/ros2_ws/install/mae547_bringup/share/mae547_bringup/package.dsv
[0.366s] -- Up-to-date symlink: /home/atharva/Learning_ROS2/ros2_ws/install/mae547_bringup/share/ament_index/resource_index/packages/mae547_bringup
[0.367s] -- Up-to-date symlink: /home/atharva/Learning_ROS2/ros2_ws/install/mae547_bringup/share/mae547_bringup/cmake/mae547_bringupConfig.cmake
[0.367s] -- Up-to-date symlink: /home/atharva/Learning_ROS2/ros2_ws/install/mae547_bringup/share/mae547_bringup/cmake/mae547_bringupConfig-version.cmake
[0.368s] -- Up-to-date symlink: /home/atharva/Learning_ROS2/ros2_ws/install/mae547_bringup/share/mae547_bringup/package.xml
[0.445s] Invoked command in '/home/atharva/Learning_ROS2/ros2_ws/build/mae547_bringup' returned '0': CMAKE_PREFIX_PATH=${CMAKE_PREFIX_PATH}:/home/atharva/Learning_ROS2/ros2_ws/install/turtlesim_catch_em_all:/home/atharva/Learning_ROS2/ros2_ws/install/my_py_pkg:/opt/ros/humble /usr/bin/cmake --install /home/atharva/Learning_ROS2/ros2_ws/build/mae547_bringup
