[0.091s] Invoking command in '/home/atharva/Learning_ROS2/ros2_ws/build/my_robot_description': /usr/bin/cmake /home/atharva/Learning_ROS2/ros2_ws/src/my_robot_description -DAMENT_CMAKE_SYMLINK_INSTALL=1 -DCMAKE_INSTALL_PREFIX=/home/atharva/Learning_ROS2/ros2_ws/install/my_robot_description
[0.103s] -- Found ament_cmake: 1.3.5 (/opt/ros/humble/share/ament_cmake/cmake)
[0.269s] -- Override CMake install command with custom implementation using symlinks instead of copying resources
[0.358s] -- Configuring done
[0.362s] -- Generating done
[0.363s] -- Build files have been written to: /home/atharva/Learning_ROS2/ros2_ws/build/my_robot_description
[0.367s] Invoked command in '/home/atharva/Learning_ROS2/ros2_ws/build/my_robot_description' returned '0': /usr/bin/cmake /home/atharva/Learning_ROS2/ros2_ws/src/my_robot_description -DAMENT_CMAKE_SYMLINK_INSTALL=1 -DCMAKE_INSTALL_PREFIX=/home/atharva/Learning_ROS2/ros2_ws/install/my_robot_description
[0.370s] Invoking command in '/home/atharva/Learning_ROS2/ros2_ws/build/my_robot_description': /usr/bin/cmake --build /home/atharva/Learning_ROS2/ros2_ws/build/my_robot_description -- -j4 -l4
[0.410s] Invoked command in '/home/atharva/Learning_ROS2/ros2_ws/build/my_robot_description' returned '0': /usr/bin/cmake --build /home/atharva/Learning_ROS2/ros2_ws/build/my_robot_description -- -j4 -l4
[0.444s] Invoking command in '/home/atharva/Learning_ROS2/ros2_ws/build/my_robot_description': /usr/bin/cmake --install /home/atharva/Learning_ROS2/ros2_ws/build/my_robot_description
[0.452s] -- Install configuration: ""
[0.452s] -- Execute custom install script
[0.453s] -- Symlinking: /home/atharva/Learning_ROS2/ros2_ws/install/my_robot_description/share/my_robot_description//urdf/common_properties.urdf.xacro
[0.462s] -- Symlinking: /home/atharva/Learning_ROS2/ros2_ws/install/my_robot_description/share/my_robot_description//urdf/mobile_base.urdf.xacro
[0.471s] -- Symlinking: /home/atharva/Learning_ROS2/ros2_ws/install/my_robot_description/share/my_robot_description//urdf/my_robot.urdf.xacro
[0.481s] -- Symlinking: /home/atharva/Learning_ROS2/ros2_ws/install/my_robot_description/share/my_robot_description//launch/display.launch.py
[0.490s] -- Symlinking: /home/atharva/Learning_ROS2/ros2_ws/install/my_robot_description/share/my_robot_description//launch/display.launch.xml
[0.499s] -- Symlinking: /home/atharva/Learning_ROS2/ros2_ws/install/my_robot_description/share/my_robot_description//rviz/urdf_config.rviz
[0.509s] -- Symlinking: /home/atharva/Learning_ROS2/ros2_ws/install/my_robot_description/share/ament_index/resource_index/package_run_dependencies/my_robot_description
[0.518s] -- Symlinking: /home/atharva/Learning_ROS2/ros2_ws/install/my_robot_description/share/ament_index/resource_index/parent_prefix_path/my_robot_description
[0.528s] -- Symlinking: /home/atharva/Learning_ROS2/ros2_ws/install/my_robot_description/share/my_robot_description/environment/ament_prefix_path.sh
[0.537s] -- Symlinking: /home/atharva/Learning_ROS2/ros2_ws/install/my_robot_description/share/my_robot_description/environment/ament_prefix_path.dsv
[0.546s] -- Symlinking: /home/atharva/Learning_ROS2/ros2_ws/install/my_robot_description/share/my_robot_description/environment/path.sh
[0.555s] -- Symlinking: /home/atharva/Learning_ROS2/ros2_ws/install/my_robot_description/share/my_robot_description/environment/path.dsv
[0.564s] -- Symlinking: /home/atharva/Learning_ROS2/ros2_ws/install/my_robot_description/share/my_robot_description/local_setup.bash
[0.574s] -- Symlinking: /home/atharva/Learning_ROS2/ros2_ws/install/my_robot_description/share/my_robot_description/local_setup.sh
[0.583s] -- Symlinking: /home/atharva/Learning_ROS2/ros2_ws/install/my_robot_description/share/my_robot_description/local_setup.zsh
[0.592s] -- Symlinking: /home/atharva/Learning_ROS2/ros2_ws/install/my_robot_description/share/my_robot_description/local_setup.dsv
[0.601s] -- Symlinking: /home/atharva/Learning_ROS2/ros2_ws/install/my_robot_description/share/my_robot_description/package.dsv
[0.610s] -- Symlinking: /home/atharva/Learning_ROS2/ros2_ws/install/my_robot_description/share/ament_index/resource_index/packages/my_robot_description
[0.619s] -- Symlinking: /home/atharva/Learning_ROS2/ros2_ws/install/my_robot_description/share/my_robot_description/cmake/my_robot_descriptionConfig.cmake
[0.629s] -- Symlinking: /home/atharva/Learning_ROS2/ros2_ws/install/my_robot_description/share/my_robot_description/cmake/my_robot_descriptionConfig-version.cmake
[0.638s] -- Symlinking: /home/atharva/Learning_ROS2/ros2_ws/install/my_robot_description/share/my_robot_description/package.xml
[0.649s] Invoked command in '/home/atharva/Learning_ROS2/ros2_ws/build/my_robot_description' returned '0': /usr/bin/cmake --install /home/atharva/Learning_ROS2/ros2_ws/build/my_robot_description
