[0.430s] Invoking command in '/home/atharva/Learning_ROS2/ros2_ws/src/turtlesim_catch_em_all': AMENT_PREFIX_PATH=/home/atharva/Learning_ROS2/ros2_ws/install/my_robot_interfaces:${AMENT_PREFIX_PATH} CMAKE_PREFIX_PATH=/home/atharva/Learning_ROS2/ros2_ws/install/my_robot_interfaces:/home/atharva/Learning_ROS2/ros2_ws/install/radio_station_bringup:/home/atharva/Learning_ROS2/ros2_ws/install/my_robot_bringup:/home/atharva/Learning_ROS2/ros2_ws/install/mae547_bringup:/home/atharva/Learning_ROS2/ros2_ws/install/my_robot_description:/home/atharva/Learning_ROS2/ros2_ws/install/mae_547 PYTHONPATH=/home/atharva/Learning_ROS2/ros2_ws/build/turtlesim_catch_em_all/prefix_override:/home/atharva/Learning_ROS2/ros2_ws/install/turtlesim_catch_em_all/lib/python3.10/site-packages:/home/atharva/Learning_ROS2/ros2_ws/install/my_robot_interfaces/local/lib/python3.10/dist-packages:${PYTHONPATH} /usr/bin/python3 setup.py egg_info --egg-base ../../build/turtlesim_catch_em_all build --build-base /home/atharva/Learning_ROS2/ros2_ws/build/turtlesim_catch_em_all/build install --record /home/atharva/Learning_ROS2/ros2_ws/build/turtlesim_catch_em_all/install.log --single-version-externally-managed
[0.535s] running egg_info
[0.536s] writing ../../build/turtlesim_catch_em_all/turtlesim_catch_em_all.egg-info/PKG-INFO
[0.536s] writing dependency_links to ../../build/turtlesim_catch_em_all/turtlesim_catch_em_all.egg-info/dependency_links.txt
[0.536s] writing entry points to ../../build/turtlesim_catch_em_all/turtlesim_catch_em_all.egg-info/entry_points.txt
[0.536s] writing requirements to ../../build/turtlesim_catch_em_all/turtlesim_catch_em_all.egg-info/requires.txt
[0.536s] writing top-level names to ../../build/turtlesim_catch_em_all/turtlesim_catch_em_all.egg-info/top_level.txt
[0.537s] reading manifest file '../../build/turtlesim_catch_em_all/turtlesim_catch_em_all.egg-info/SOURCES.txt'
[0.537s] adding license file 'LICENSE'
[0.537s] writing manifest file '../../build/turtlesim_catch_em_all/turtlesim_catch_em_all.egg-info/SOURCES.txt'
[0.537s] running build
[0.538s] running build_py
[0.538s] running install
[0.538s] running install_lib
[0.538s] running install_data
[0.538s] running install_egg_info
[0.539s] removing '/home/atharva/Learning_ROS2/ros2_ws/install/turtlesim_catch_em_all/lib/python3.10/site-packages/turtlesim_catch_em_all-0.0.0-py3.10.egg-info' (and everything under it)
[0.539s] Copying ../../build/turtlesim_catch_em_all/turtlesim_catch_em_all.egg-info to /home/atharva/Learning_ROS2/ros2_ws/install/turtlesim_catch_em_all/lib/python3.10/site-packages/turtlesim_catch_em_all-0.0.0-py3.10.egg-info
[0.540s] running install_scripts
[0.551s] Installing turtle_catcher script to /home/atharva/Learning_ROS2/ros2_ws/install/turtlesim_catch_em_all/lib/turtlesim_catch_em_all
[0.551s] Installing turtle_controller script to /home/atharva/Learning_ROS2/ros2_ws/install/turtlesim_catch_em_all/lib/turtlesim_catch_em_all
[0.551s] Installing turtle_spawner script to /home/atharva/Learning_ROS2/ros2_ws/install/turtlesim_catch_em_all/lib/turtlesim_catch_em_all
[0.551s] writing list of installed files to '/home/atharva/Learning_ROS2/ros2_ws/build/turtlesim_catch_em_all/install.log'
[0.601s] Invoked command in '/home/atharva/Learning_ROS2/ros2_ws/src/turtlesim_catch_em_all' returned '0': AMENT_PREFIX_PATH=/home/atharva/Learning_ROS2/ros2_ws/install/my_robot_interfaces:${AMENT_PREFIX_PATH} CMAKE_PREFIX_PATH=/home/atharva/Learning_ROS2/ros2_ws/install/my_robot_interfaces:/home/atharva/Learning_ROS2/ros2_ws/install/radio_station_bringup:/home/atharva/Learning_ROS2/ros2_ws/install/my_robot_bringup:/home/atharva/Learning_ROS2/ros2_ws/install/mae547_bringup:/home/atharva/Learning_ROS2/ros2_ws/install/my_robot_description:/home/atharva/Learning_ROS2/ros2_ws/install/mae_547 PYTHONPATH=/home/atharva/Learning_ROS2/ros2_ws/build/turtlesim_catch_em_all/prefix_override:/home/atharva/Learning_ROS2/ros2_ws/install/turtlesim_catch_em_all/lib/python3.10/site-packages:/home/atharva/Learning_ROS2/ros2_ws/install/my_robot_interfaces/local/lib/python3.10/dist-packages:${PYTHONPATH} /usr/bin/python3 setup.py egg_info --egg-base ../../build/turtlesim_catch_em_all build --build-base /home/atharva/Learning_ROS2/ros2_ws/build/turtlesim_catch_em_all/build install --record /home/atharva/Learning_ROS2/ros2_ws/build/turtlesim_catch_em_all/install.log --single-version-externally-managed
