[0.256s] Invoking command in '/home/atharva/Learning_ROS2/ros2_ws/build/my_robot_interfaces': CMAKE_PREFIX_PATH=${CMAKE_PREFIX_PATH}:/home/atharva/Learning_ROS2/ros2_ws/install/turtlesim_catch_em_all:/home/atharva/Learning_ROS2/ros2_ws/install/my_py_pkg:/opt/ros/humble /usr/bin/cmake --build /home/atharva/Learning_ROS2/ros2_ws/build/my_robot_interfaces -- -j4 -l4
[0.666s] [35m[1mConsolidate compiler generated dependencies of target my_robot_interfaces__rosidl_generator_c[0m
[0.694s] [  1%] Built target my_robot_interfaces__cpp
[0.802s] [ 12%] Built target my_robot_interfaces__rosidl_generator_c
[0.807s] [35m[1mConsolidate compiler generated dependencies of target my_robot_interfaces__rosidl_typesupport_cpp[0m
[0.809s] [35m[1mConsolidate compiler generated dependencies of target my_robot_interfaces__rosidl_typesupport_fastrtps_cpp[0m
[0.833s] [ 23%] Built target my_robot_interfaces__rosidl_typesupport_cpp
[0.842s] [35m[1mConsolidate compiler generated dependencies of target my_robot_interfaces__rosidl_typesupport_introspection_cpp[0m
[0.857s] [ 23%] Built target ament_cmake_python_copy_my_robot_interfaces
[0.889s] [35m[1mConsolidate compiler generated dependencies of target my_robot_interfaces__rosidl_typesupport_fastrtps_c[0m
[0.900s] [ 39%] Built target my_robot_interfaces__rosidl_typesupport_introspection_cpp
[0.901s] [ 46%] Built target my_robot_interfaces__rosidl_typesupport_fastrtps_cpp
[0.914s] [35m[1mConsolidate compiler generated dependencies of target my_robot_interfaces__rosidl_typesupport_introspection_c[0m
[0.937s] [35m[1mConsolidate compiler generated dependencies of target my_robot_interfaces__rosidl_typesupport_c[0m
[0.965s] [ 73%] Built target my_robot_interfaces__rosidl_typesupport_fastrtps_c
[0.965s] [ 74%] Built target my_robot_interfaces__rosidl_typesupport_c
[0.967s] [ 80%] Built target my_robot_interfaces__rosidl_typesupport_introspection_c
[0.996s] [ 80%] Built target my_robot_interfaces
[1.081s] [ 81%] Built target my_robot_interfaces__py
[1.099s] [35m[1mConsolidate compiler generated dependencies of target my_robot_interfaces__rosidl_generator_py[0m
[1.152s] [ 91%] Built target my_robot_interfaces__rosidl_generator_py
[1.179s] [35m[1mConsolidate compiler generated dependencies of target my_robot_interfaces__rosidl_typesupport_fastrtps_c__pyext[0m
[1.212s] [35m[1mConsolidate compiler generated dependencies of target my_robot_interfaces__rosidl_typesupport_c__pyext[0m
[1.217s] [ 94%] Built target my_robot_interfaces__rosidl_typesupport_fastrtps_c__pyext
[1.234s] [ 97%] Built target my_robot_interfaces__rosidl_typesupport_c__pyext
[1.246s] [35m[1mConsolidate compiler generated dependencies of target my_robot_interfaces__rosidl_typesupport_introspection_c__pyext[0m
[1.271s] [100%] Built target my_robot_interfaces__rosidl_typesupport_introspection_c__pyext
[1.554s] running egg_info
[1.555s] writing my_robot_interfaces.egg-info/PKG-INFO
[1.555s] writing dependency_links to my_robot_interfaces.egg-info/dependency_links.txt
[1.556s] writing top-level names to my_robot_interfaces.egg-info/top_level.txt
[1.578s] reading manifest file 'my_robot_interfaces.egg-info/SOURCES.txt'
[1.600s] writing manifest file 'my_robot_interfaces.egg-info/SOURCES.txt'
[1.631s] [100%] Built target ament_cmake_python_build_my_robot_interfaces_egg
[1.646s] Invoked command in '/home/atharva/Learning_ROS2/ros2_ws/build/my_robot_interfaces' returned '0': CMAKE_PREFIX_PATH=${CMAKE_PREFIX_PATH}:/home/atharva/Learning_ROS2/ros2_ws/install/turtlesim_catch_em_all:/home/atharva/Learning_ROS2/ros2_ws/install/my_py_pkg:/opt/ros/humble /usr/bin/cmake --build /home/atharva/Learning_ROS2/ros2_ws/build/my_robot_interfaces -- -j4 -l4
[1.853s] Invoking command in '/home/atharva/Learning_ROS2/ros2_ws/build/my_robot_interfaces': CMAKE_PREFIX_PATH=${CMAKE_PREFIX_PATH}:/home/atharva/Learning_ROS2/ros2_ws/install/turtlesim_catch_em_all:/home/atharva/Learning_ROS2/ros2_ws/install/my_py_pkg:/opt/ros/humble /usr/bin/cmake --install /home/atharva/Learning_ROS2/ros2_ws/build/my_robot_interfaces
[1.891s] -- Install configuration: ""
[1.891s] -- Up-to-date: /home/atharva/Learning_ROS2/ros2_ws/install/my_robot_interfaces/share/ament_index/resource_index/rosidl_interfaces/my_robot_interfaces
[1.891s] -- Up-to-date: /home/atharva/Learning_ROS2/ros2_ws/install/my_robot_interfaces/include/my_robot_interfaces/my_robot_interfaces
[1.891s] -- Up-to-date: /home/atharva/Learning_ROS2/ros2_ws/install/my_robot_interfaces/include/my_robot_interfaces/my_robot_interfaces/srv
[1.891s] -- Up-to-date: /home/atharva/Learning_ROS2/ros2_ws/install/my_robot_interfaces/include/my_robot_interfaces/my_robot_interfaces/srv/compute_rectangle_area.h
[1.892s] -- Up-to-date: /home/atharva/Learning_ROS2/ros2_ws/install/my_robot_interfaces/include/my_robot_interfaces/my_robot_interfaces/srv/control_turtle.h
[1.892s] -- Up-to-date: /home/atharva/Learning_ROS2/ros2_ws/install/my_robot_interfaces/include/my_robot_interfaces/my_robot_interfaces/srv/detail
[1.893s] -- Up-to-date: /home/atharva/Learning_ROS2/ros2_ws/install/my_robot_interfaces/include/my_robot_interfaces/my_robot_interfaces/srv/detail/control_turtle__functions.h
[1.893s] -- Up-to-date: /home/atharva/Learning_ROS2/ros2_ws/install/my_robot_interfaces/include/my_robot_interfaces/my_robot_interfaces/srv/detail/set_led__struct.h
[1.893s] -- Up-to-date: /home/atharva/Learning_ROS2/ros2_ws/install/my_robot_interfaces/include/my_robot_interfaces/my_robot_interfaces/srv/detail/compute_rectangle_area__functions.h
[1.893s] -- Up-to-date: /home/atharva/Learning_ROS2/ros2_ws/install/my_robot_interfaces/include/my_robot_interfaces/my_robot_interfaces/srv/detail/compute_rectangle_area__functions.c
[1.893s] -- Up-to-date: /home/atharva/Learning_ROS2/ros2_ws/install/my_robot_interfaces/include/my_robot_interfaces/my_robot_interfaces/srv/detail/control_turtle__struct.h
[1.893s] -- Up-to-date: /home/atharva/Learning_ROS2/ros2_ws/install/my_robot_interfaces/include/my_robot_interfaces/my_robot_interfaces/srv/detail/compute_rectangle_area__type_support.h
[1.894s] -- Up-to-date: /home/atharva/Learning_ROS2/ros2_ws/install/my_robot_interfaces/include/my_robot_interfaces/my_robot_interfaces/srv/detail/set_led__type_support.h
[1.894s] -- Up-to-date: /home/atharva/Learning_ROS2/ros2_ws/install/my_robot_interfaces/include/my_robot_interfaces/my_robot_interfaces/srv/detail/control_turtle__type_support.h
[1.894s] -- Up-to-date: /home/atharva/Learning_ROS2/ros2_ws/install/my_robot_interfaces/include/my_robot_interfaces/my_robot_interfaces/srv/detail/set_led__functions.c
[1.894s] -- Up-to-date: /home/atharva/Learning_ROS2/ros2_ws/install/my_robot_interfaces/include/my_robot_interfaces/my_robot_interfaces/srv/detail/control_turtle__functions.c
[1.894s] -- Up-to-date: /home/atharva/Learning_ROS2/ros2_ws/install/my_robot_interfaces/include/my_robot_interfaces/my_robot_interfaces/srv/detail/compute_rectangle_area__struct.h
[1.894s] -- Up-to-date: /home/atharva/Learning_ROS2/ros2_ws/install/my_robot_interfaces/include/my_robot_interfaces/my_robot_interfaces/srv/detail/set_led__functions.h
[1.895s] -- Up-to-date: /home/atharva/Learning_ROS2/ros2_ws/install/my_robot_interfaces/include/my_robot_interfaces/my_robot_interfaces/srv/set_led.h
[1.895s] -- Up-to-date: /home/atharva/Learning_ROS2/ros2_ws/install/my_robot_interfaces/include/my_robot_interfaces/my_robot_interfaces/msg
[1.895s] -- Up-to-date: /home/atharva/Learning_ROS2/ros2_ws/install/my_robot_interfaces/include/my_robot_interfaces/my_robot_interfaces/msg/target_list.h
[1.895s] -- Up-to-date: /home/atharva/Learning_ROS2/ros2_ws/install/my_robot_interfaces/include/my_robot_interfaces/my_robot_interfaces/msg/led_status.h
[1.895s] -- Up-to-date: /home/atharva/Learning_ROS2/ros2_ws/install/my_robot_interfaces/include/my_robot_interfaces/my_robot_interfaces/msg/hardware_status.h
[1.895s] -- Up-to-date: /home/atharva/Learning_ROS2/ros2_ws/install/my_robot_interfaces/include/my_robot_interfaces/my_robot_interfaces/msg/detail
[1.895s] -- Up-to-date: /home/atharva/Learning_ROS2/ros2_ws/install/my_robot_interfaces/include/my_robot_interfaces/my_robot_interfaces/msg/detail/hardware_status__type_support.h
[1.896s] -- Up-to-date: /home/atharva/Learning_ROS2/ros2_ws/install/my_robot_interfaces/include/my_robot_interfaces/my_robot_interfaces/msg/detail/led_status__functions.c
[1.896s] -- Up-to-date: /home/atharva/Learning_ROS2/ros2_ws/install/my_robot_interfaces/include/my_robot_interfaces/my_robot_interfaces/msg/detail/target_list__functions.c
[1.896s] -- Up-to-date: /home/atharva/Learning_ROS2/ros2_ws/install/my_robot_interfaces/include/my_robot_interfaces/my_robot_interfaces/msg/detail/led_status__functions.h
[1.896s] -- Up-to-date: /home/atharva/Learning_ROS2/ros2_ws/install/my_robot_interfaces/include/my_robot_interfaces/my_robot_interfaces/msg/detail/target_list__functions.h
[1.896s] -- Up-to-date: /home/atharva/Learning_ROS2/ros2_ws/install/my_robot_interfaces/include/my_robot_interfaces/my_robot_interfaces/msg/detail/led_status__type_support.h
[1.896s] -- Up-to-date: /home/atharva/Learning_ROS2/ros2_ws/install/my_robot_interfaces/include/my_robot_interfaces/my_robot_interfaces/msg/detail/hardware_status__functions.c
[1.896s] -- Up-to-date: /home/atharva/Learning_ROS2/ros2_ws/install/my_robot_interfaces/include/my_robot_interfaces/my_robot_interfaces/msg/detail/led_status__struct.h
[1.897s] -- Up-to-date: /home/atharva/Learning_ROS2/ros2_ws/install/my_robot_interfaces/include/my_robot_interfaces/my_robot_interfaces/msg/detail/hardware_status__struct.h
[1.897s] -- Up-to-date: /home/atharva/Learning_ROS2/ros2_ws/install/my_robot_interfaces/include/my_robot_interfaces/my_robot_interfaces/msg/detail/target_list__struct.h
[1.897s] -- Up-to-date: /home/atharva/Learning_ROS2/ros2_ws/install/my_robot_interfaces/include/my_robot_interfaces/my_robot_interfaces/msg/detail/hardware_status__functions.h
[1.897s] -- Up-to-date: /home/atharva/Learning_ROS2/ros2_ws/install/my_robot_interfaces/include/my_robot_interfaces/my_robot_interfaces/msg/detail/target_list__type_support.h
[1.897s] -- Up-to-date: /home/atharva/Learning_ROS2/ros2_ws/install/my_robot_interfaces/include/my_robot_interfaces/my_robot_interfaces/msg/rosidl_generator_c__visibility_control.h
[1.897s] -- Up-to-date: /home/atharva/Learning_ROS2/ros2_ws/install/my_robot_interfaces/share/my_robot_interfaces/environment/library_path.sh
[1.898s] -- Up-to-date: /home/atharva/Learning_ROS2/ros2_ws/install/my_robot_interfaces/share/my_robot_interfaces/environment/library_path.dsv
[2.027s] -- Up-to-date: /home/atharva/Learning_ROS2/ros2_ws/install/my_robot_interfaces/lib/libmy_robot_interfaces__rosidl_generator_c.so
[2.027s] -- Up-to-date: /home/atharva/Learning_ROS2/ros2_ws/install/my_robot_interfaces/include/my_robot_interfaces/my_robot_interfaces
[2.027s] -- Up-to-date: /home/atharva/Learning_ROS2/ros2_ws/install/my_robot_interfaces/include/my_robot_interfaces/my_robot_interfaces/srv
[2.027s] -- Up-to-date: /home/atharva/Learning_ROS2/ros2_ws/install/my_robot_interfaces/include/my_robot_interfaces/my_robot_interfaces/srv/detail
[2.028s] -- Up-to-date: /home/atharva/Learning_ROS2/ros2_ws/install/my_robot_interfaces/include/my_robot_interfaces/my_robot_interfaces/srv/detail/compute_rectangle_area__rosidl_typesupport_fastrtps_c.h
[2.028s] -- Up-to-date: /home/atharva/Learning_ROS2/ros2_ws/install/my_robot_interfaces/include/my_robot_interfaces/my_robot_interfaces/srv/detail/control_turtle__rosidl_typesupport_fastrtps_c.h
[2.028s] -- Up-to-date: /home/atharva/Learning_ROS2/ros2_ws/install/my_robot_interfaces/include/my_robot_interfaces/my_robot_interfaces/srv/detail/set_led__rosidl_typesupport_fastrtps_c.h
[2.028s] -- Up-to-date: /home/atharva/Learning_ROS2/ros2_ws/install/my_robot_interfaces/include/my_robot_interfaces/my_robot_interfaces/msg
[2.028s] -- Up-to-date: /home/atharva/Learning_ROS2/ros2_ws/install/my_robot_interfaces/include/my_robot_interfaces/my_robot_interfaces/msg/detail
[2.028s] -- Up-to-date: /home/atharva/Learning_ROS2/ros2_ws/install/my_robot_interfaces/include/my_robot_interfaces/my_robot_interfaces/msg/detail/target_list__rosidl_typesupport_fastrtps_c.h
[2.028s] -- Up-to-date: /home/atharva/Learning_ROS2/ros2_ws/install/my_robot_interfaces/include/my_robot_interfaces/my_robot_interfaces/msg/detail/led_status__rosidl_typesupport_fastrtps_c.h
[2.028s] -- Up-to-date: /home/atharva/Learning_ROS2/ros2_ws/install/my_robot_interfaces/include/my_robot_interfaces/my_robot_interfaces/msg/detail/hardware_status__rosidl_typesupport_fastrtps_c.h
[2.029s] -- Up-to-date: /home/atharva/Learning_ROS2/ros2_ws/install/my_robot_interfaces/include/my_robot_interfaces/my_robot_interfaces/msg/rosidl_typesupport_fastrtps_c__visibility_control.h
[2.029s] -- Up-to-date: /home/atharva/Learning_ROS2/ros2_ws/install/my_robot_interfaces/lib/libmy_robot_interfaces__rosidl_typesupport_fastrtps_c.so
[2.029s] -- Up-to-date: /home/atharva/Learning_ROS2/ros2_ws/install/my_robot_interfaces/include/my_robot_interfaces/my_robot_interfaces
[2.029s] -- Up-to-date: /home/atharva/Learning_ROS2/ros2_ws/install/my_robot_interfaces/include/my_robot_interfaces/my_robot_interfaces/srv
[2.029s] -- Up-to-date: /home/atharva/Learning_ROS2/ros2_ws/install/my_robot_interfaces/include/my_robot_interfaces/my_robot_interfaces/srv/detail
[2.029s] -- Up-to-date: /home/atharva/Learning_ROS2/ros2_ws/install/my_robot_interfaces/include/my_robot_interfaces/my_robot_interfaces/srv/detail/compute_rectangle_area__type_support.c
[2.030s] -- Up-to-date: /home/atharva/Learning_ROS2/ros2_ws/install/my_robot_interfaces/include/my_robot_interfaces/my_robot_interfaces/srv/detail/control_turtle__rosidl_typesupport_introspection_c.h
[2.030s] -- Up-to-date: /home/atharva/Learning_ROS2/ros2_ws/install/my_robot_interfaces/include/my_robot_interfaces/my_robot_interfaces/srv/detail/control_turtle__type_support.c
[2.030s] -- Up-to-date: /home/atharva/Learning_ROS2/ros2_ws/install/my_robot_interfaces/include/my_robot_interfaces/my_robot_interfaces/srv/detail/set_led__type_support.c
[2.030s] -- Up-to-date: /home/atharva/Learning_ROS2/ros2_ws/install/my_robot_interfaces/include/my_robot_interfaces/my_robot_interfaces/srv/detail/compute_rectangle_area__rosidl_typesupport_introspection_c.h
[2.030s] -- Up-to-date: /home/atharva/Learning_ROS2/ros2_ws/install/my_robot_interfaces/include/my_robot_interfaces/my_robot_interfaces/srv/detail/set_led__rosidl_typesupport_introspection_c.h
[2.030s] -- Up-to-date: /home/atharva/Learning_ROS2/ros2_ws/install/my_robot_interfaces/include/my_robot_interfaces/my_robot_interfaces/msg
[2.030s] -- Up-to-date: /home/atharva/Learning_ROS2/ros2_ws/install/my_robot_interfaces/include/my_robot_interfaces/my_robot_interfaces/msg/rosidl_typesupport_introspection_c__visibility_control.h
[2.031s] -- Up-to-date: /home/atharva/Learning_ROS2/ros2_ws/install/my_robot_interfaces/include/my_robot_interfaces/my_robot_interfaces/msg/detail
[2.031s] -- Up-to-date: /home/atharva/Learning_ROS2/ros2_ws/install/my_robot_interfaces/include/my_robot_interfaces/my_robot_interfaces/msg/detail/target_list__type_support.c
[2.031s] -- Up-to-date: /home/atharva/Learning_ROS2/ros2_ws/install/my_robot_interfaces/include/my_robot_interfaces/my_robot_interfaces/msg/detail/target_list__rosidl_typesupport_introspection_c.h
[2.031s] -- Up-to-date: /home/atharva/Learning_ROS2/ros2_ws/install/my_robot_interfaces/include/my_robot_interfaces/my_robot_interfaces/msg/detail/led_status__rosidl_typesupport_introspection_c.h
[2.031s] -- Up-to-date: /home/atharva/Learning_ROS2/ros2_ws/install/my_robot_interfaces/include/my_robot_interfaces/my_robot_interfaces/msg/detail/hardware_status__rosidl_typesupport_introspection_c.h
[2.031s] -- Up-to-date: /home/atharva/Learning_ROS2/ros2_ws/install/my_robot_interfaces/include/my_robot_interfaces/my_robot_interfaces/msg/detail/led_status__type_support.c
[2.031s] -- Up-to-date: /home/atharva/Learning_ROS2/ros2_ws/install/my_robot_interfaces/include/my_robot_interfaces/my_robot_interfaces/msg/detail/hardware_status__type_support.c
[2.033s] -- Up-to-date: /home/atharva/Learning_ROS2/ros2_ws/install/my_robot_interfaces/lib/libmy_robot_interfaces__rosidl_typesupport_introspection_c.so
[2.033s] -- Up-to-date: /home/atharva/Learning_ROS2/ros2_ws/install/my_robot_interfaces/lib/libmy_robot_interfaces__rosidl_typesupport_c.so
[2.037s] -- Up-to-date: /home/atharva/Learning_ROS2/ros2_ws/install/my_robot_interfaces/include/my_robot_interfaces/my_robot_interfaces
[2.038s] -- Up-to-date: /home/atharva/Learning_ROS2/ros2_ws/install/my_robot_interfaces/include/my_robot_interfaces/my_robot_interfaces/srv
[2.038s] -- Up-to-date: /home/atharva/Learning_ROS2/ros2_ws/install/my_robot_interfaces/include/my_robot_interfaces/my_robot_interfaces/srv/compute_rectangle_area.hpp
[2.038s] -- Up-to-date: /home/atharva/Learning_ROS2/ros2_ws/install/my_robot_interfaces/include/my_robot_interfaces/my_robot_interfaces/srv/detail
[2.038s] -- Up-to-date: /home/atharva/Learning_ROS2/ros2_ws/install/my_robot_interfaces/include/my_robot_interfaces/my_robot_interfaces/srv/detail/control_turtle__struct.hpp
[2.038s] -- Up-to-date: /home/atharva/Learning_ROS2/ros2_ws/install/my_robot_interfaces/include/my_robot_interfaces/my_robot_interfaces/srv/detail/compute_rectangle_area__traits.hpp
[2.038s] -- Up-to-date: /home/atharva/Learning_ROS2/ros2_ws/install/my_robot_interfaces/include/my_robot_interfaces/my_robot_interfaces/srv/detail/control_turtle__builder.hpp
[2.038s] -- Up-to-date: /home/atharva/Learning_ROS2/ros2_ws/install/my_robot_interfaces/include/my_robot_interfaces/my_robot_interfaces/srv/detail/compute_rectangle_area__struct.hpp
[2.038s] -- Up-to-date: /home/atharva/Learning_ROS2/ros2_ws/install/my_robot_interfaces/include/my_robot_interfaces/my_robot_interfaces/srv/detail/set_led__traits.hpp
[2.038s] -- Up-to-date: /home/atharva/Learning_ROS2/ros2_ws/install/my_robot_interfaces/include/my_robot_interfaces/my_robot_interfaces/srv/detail/control_turtle__traits.hpp
[2.039s] -- Up-to-date: /home/atharva/Learning_ROS2/ros2_ws/install/my_robot_interfaces/include/my_robot_interfaces/my_robot_interfaces/srv/detail/compute_rectangle_area__builder.hpp
[2.039s] -- Up-to-date: /home/atharva/Learning_ROS2/ros2_ws/install/my_robot_interfaces/include/my_robot_interfaces/my_robot_interfaces/srv/detail/set_led__builder.hpp
[2.039s] -- Up-to-date: /home/atharva/Learning_ROS2/ros2_ws/install/my_robot_interfaces/include/my_robot_interfaces/my_robot_interfaces/srv/detail/set_led__struct.hpp
[2.039s] -- Up-to-date: /home/atharva/Learning_ROS2/ros2_ws/install/my_robot_interfaces/include/my_robot_interfaces/my_robot_interfaces/srv/control_turtle.hpp
[2.039s] -- Up-to-date: /home/atharva/Learning_ROS2/ros2_ws/install/my_robot_interfaces/include/my_robot_interfaces/my_robot_interfaces/srv/set_led.hpp
[2.040s] -- Up-to-date: /home/atharva/Learning_ROS2/ros2_ws/install/my_robot_interfaces/include/my_robot_interfaces/my_robot_interfaces/msg
[2.040s] -- Up-to-date: /home/atharva/Learning_ROS2/ros2_ws/install/my_robot_interfaces/include/my_robot_interfaces/my_robot_interfaces/msg/target_list.hpp
[2.040s] -- Up-to-date: /home/atharva/Learning_ROS2/ros2_ws/install/my_robot_interfaces/include/my_robot_interfaces/my_robot_interfaces/msg/hardware_status.hpp
[2.040s] -- Up-to-date: /home/atharva/Learning_ROS2/ros2_ws/install/my_robot_interfaces/include/my_robot_interfaces/my_robot_interfaces/msg/led_status.hpp
[2.040s] -- Up-to-date: /home/atharva/Learning_ROS2/ros2_ws/install/my_robot_interfaces/include/my_robot_interfaces/my_robot_interfaces/msg/detail
[2.040s] -- Up-to-date: /home/atharva/Learning_ROS2/ros2_ws/install/my_robot_interfaces/include/my_robot_interfaces/my_robot_interfaces/msg/detail/led_status__builder.hpp
[2.040s] -- Up-to-date: /home/atharva/Learning_ROS2/ros2_ws/install/my_robot_interfaces/include/my_robot_interfaces/my_robot_interfaces/msg/detail/hardware_status__traits.hpp
[2.041s] -- Up-to-date: /home/atharva/Learning_ROS2/ros2_ws/install/my_robot_interfaces/include/my_robot_interfaces/my_robot_interfaces/msg/detail/target_list__struct.hpp
[2.041s] -- Up-to-date: /home/atharva/Learning_ROS2/ros2_ws/install/my_robot_interfaces/include/my_robot_interfaces/my_robot_interfaces/msg/detail/target_list__traits.hpp
[2.041s] -- Up-to-date: /home/atharva/Learning_ROS2/ros2_ws/install/my_robot_interfaces/include/my_robot_interfaces/my_robot_interfaces/msg/detail/led_status__traits.hpp
[2.041s] -- Up-to-date: /home/atharva/Learning_ROS2/ros2_ws/install/my_robot_interfaces/include/my_robot_interfaces/my_robot_interfaces/msg/detail/target_list__builder.hpp
[2.041s] -- Up-to-date: /home/atharva/Learning_ROS2/ros2_ws/install/my_robot_interfaces/include/my_robot_interfaces/my_robot_interfaces/msg/detail/hardware_status__struct.hpp
[2.041s] -- Up-to-date: /home/atharva/Learning_ROS2/ros2_ws/install/my_robot_interfaces/include/my_robot_interfaces/my_robot_interfaces/msg/detail/hardware_status__builder.hpp
[2.042s] -- Up-to-date: /home/atharva/Learning_ROS2/ros2_ws/install/my_robot_interfaces/include/my_robot_interfaces/my_robot_interfaces/msg/detail/led_status__struct.hpp
[2.042s] -- Up-to-date: /home/atharva/Learning_ROS2/ros2_ws/install/my_robot_interfaces/include/my_robot_interfaces/my_robot_interfaces
[2.042s] -- Up-to-date: /home/atharva/Learning_ROS2/ros2_ws/install/my_robot_interfaces/include/my_robot_interfaces/my_robot_interfaces/srv
[2.042s] -- Up-to-date: /home/atharva/Learning_ROS2/ros2_ws/install/my_robot_interfaces/include/my_robot_interfaces/my_robot_interfaces/srv/detail
[2.042s] -- Up-to-date: /home/atharva/Learning_ROS2/ros2_ws/install/my_robot_interfaces/include/my_robot_interfaces/my_robot_interfaces/srv/detail/dds_fastrtps
[2.042s] -- Up-to-date: /home/atharva/Learning_ROS2/ros2_ws/install/my_robot_interfaces/include/my_robot_interfaces/my_robot_interfaces/srv/detail/compute_rectangle_area__rosidl_typesupport_fastrtps_cpp.hpp
[2.042s] -- Up-to-date: /home/atharva/Learning_ROS2/ros2_ws/install/my_robot_interfaces/include/my_robot_interfaces/my_robot_interfaces/srv/detail/control_turtle__rosidl_typesupport_fastrtps_cpp.hpp
[2.043s] -- Up-to-date: /home/atharva/Learning_ROS2/ros2_ws/install/my_robot_interfaces/include/my_robot_interfaces/my_robot_interfaces/srv/detail/set_led__rosidl_typesupport_fastrtps_cpp.hpp
[2.043s] -- Up-to-date: /home/atharva/Learning_ROS2/ros2_ws/install/my_robot_interfaces/include/my_robot_interfaces/my_robot_interfaces/msg
[2.043s] -- Up-to-date: /home/atharva/Learning_ROS2/ros2_ws/install/my_robot_interfaces/include/my_robot_interfaces/my_robot_interfaces/msg/rosidl_typesupport_fastrtps_cpp__visibility_control.h
[2.043s] -- Up-to-date: /home/atharva/Learning_ROS2/ros2_ws/install/my_robot_interfaces/include/my_robot_interfaces/my_robot_interfaces/msg/detail
[2.043s] -- Up-to-date: /home/atharva/Learning_ROS2/ros2_ws/install/my_robot_interfaces/include/my_robot_interfaces/my_robot_interfaces/msg/detail/target_list__rosidl_typesupport_fastrtps_cpp.hpp
[2.043s] -- Up-to-date: /home/atharva/Learning_ROS2/ros2_ws/install/my_robot_interfaces/include/my_robot_interfaces/my_robot_interfaces/msg/detail/dds_fastrtps
[2.044s] -- Up-to-date: /home/atharva/Learning_ROS2/ros2_ws/install/my_robot_interfaces/include/my_robot_interfaces/my_robot_interfaces/msg/detail/led_status__rosidl_typesupport_fastrtps_cpp.hpp
[2.044s] -- Up-to-date: /home/atharva/Learning_ROS2/ros2_ws/install/my_robot_interfaces/include/my_robot_interfaces/my_robot_interfaces/msg/detail/hardware_status__rosidl_typesupport_fastrtps_cpp.hpp
[2.051s] -- Up-to-date: /home/atharva/Learning_ROS2/ros2_ws/install/my_robot_interfaces/lib/libmy_robot_interfaces__rosidl_typesupport_fastrtps_cpp.so
[2.051s] -- Up-to-date: /home/atharva/Learning_ROS2/ros2_ws/install/my_robot_interfaces/include/my_robot_interfaces/my_robot_interfaces
[2.052s] -- Up-to-date: /home/atharva/Learning_ROS2/ros2_ws/install/my_robot_interfaces/include/my_robot_interfaces/my_robot_interfaces/srv
[2.052s] -- Up-to-date: /home/atharva/Learning_ROS2/ros2_ws/install/my_robot_interfaces/include/my_robot_interfaces/my_robot_interfaces/srv/detail
[2.052s] -- Up-to-date: /home/atharva/Learning_ROS2/ros2_ws/install/my_robot_interfaces/include/my_robot_interfaces/my_robot_interfaces/srv/detail/compute_rectangle_area__rosidl_typesupport_introspection_cpp.hpp
[2.052s] -- Up-to-date: /home/atharva/Learning_ROS2/ros2_ws/install/my_robot_interfaces/include/my_robot_interfaces/my_robot_interfaces/srv/detail/control_turtle__rosidl_typesupport_introspection_cpp.hpp
[2.052s] -- Up-to-date: /home/atharva/Learning_ROS2/ros2_ws/install/my_robot_interfaces/include/my_robot_interfaces/my_robot_interfaces/srv/detail/compute_rectangle_area__type_support.cpp
[2.053s] -- Up-to-date: /home/atharva/Learning_ROS2/ros2_ws/install/my_robot_interfaces/include/my_robot_interfaces/my_robot_interfaces/srv/detail/set_led__type_support.cpp
[2.053s] -- Up-to-date: /home/atharva/Learning_ROS2/ros2_ws/install/my_robot_interfaces/include/my_robot_interfaces/my_robot_interfaces/srv/detail/control_turtle__type_support.cpp
[2.053s] -- Up-to-date: /home/atharva/Learning_ROS2/ros2_ws/install/my_robot_interfaces/include/my_robot_interfaces/my_robot_interfaces/srv/detail/set_led__rosidl_typesupport_introspection_cpp.hpp
[2.053s] -- Up-to-date: /home/atharva/Learning_ROS2/ros2_ws/install/my_robot_interfaces/include/my_robot_interfaces/my_robot_interfaces/msg
[2.053s] -- Up-to-date: /home/atharva/Learning_ROS2/ros2_ws/install/my_robot_interfaces/include/my_robot_interfaces/my_robot_interfaces/msg/detail
[2.053s] -- Up-to-date: /home/atharva/Learning_ROS2/ros2_ws/install/my_robot_interfaces/include/my_robot_interfaces/my_robot_interfaces/msg/detail/target_list__type_support.cpp
[2.054s] -- Up-to-date: /home/atharva/Learning_ROS2/ros2_ws/install/my_robot_interfaces/include/my_robot_interfaces/my_robot_interfaces/msg/detail/hardware_status__type_support.cpp
[2.054s] -- Up-to-date: /home/atharva/Learning_ROS2/ros2_ws/install/my_robot_interfaces/include/my_robot_interfaces/my_robot_interfaces/msg/detail/led_status__type_support.cpp
[2.054s] -- Up-to-date: /home/atharva/Learning_ROS2/ros2_ws/install/my_robot_interfaces/include/my_robot_interfaces/my_robot_interfaces/msg/detail/led_status__rosidl_typesupport_introspection_cpp.hpp
[2.054s] -- Up-to-date: /home/atharva/Learning_ROS2/ros2_ws/install/my_robot_interfaces/include/my_robot_interfaces/my_robot_interfaces/msg/detail/target_list__rosidl_typesupport_introspection_cpp.hpp
[2.054s] -- Up-to-date: /home/atharva/Learning_ROS2/ros2_ws/install/my_robot_interfaces/include/my_robot_interfaces/my_robot_interfaces/msg/detail/hardware_status__rosidl_typesupport_introspection_cpp.hpp
[2.067s] -- Up-to-date: /home/atharva/Learning_ROS2/ros2_ws/install/my_robot_interfaces/lib/libmy_robot_interfaces__rosidl_typesupport_introspection_cpp.so
[2.068s] -- Up-to-date: /home/atharva/Learning_ROS2/ros2_ws/install/my_robot_interfaces/lib/libmy_robot_interfaces__rosidl_typesupport_cpp.so
[2.068s] -- Up-to-date: /home/atharva/Learning_ROS2/ros2_ws/install/my_robot_interfaces/share/my_robot_interfaces/environment/pythonpath.sh
[2.068s] -- Up-to-date: /home/atharva/Learning_ROS2/ros2_ws/install/my_robot_interfaces/share/my_robot_interfaces/environment/pythonpath.dsv
[2.069s] -- Up-to-date: /home/atharva/Learning_ROS2/ros2_ws/install/my_robot_interfaces/local/lib/python3.10/dist-packages/my_robot_interfaces-0.0.0-py3.10.egg-info
[2.069s] -- Installing: /home/atharva/Learning_ROS2/ros2_ws/install/my_robot_interfaces/local/lib/python3.10/dist-packages/my_robot_interfaces-0.0.0-py3.10.egg-info/SOURCES.txt
[2.069s] -- Installing: /home/atharva/Learning_ROS2/ros2_ws/install/my_robot_interfaces/local/lib/python3.10/dist-packages/my_robot_interfaces-0.0.0-py3.10.egg-info/dependency_links.txt
[2.069s] -- Installing: /home/atharva/Learning_ROS2/ros2_ws/install/my_robot_interfaces/local/lib/python3.10/dist-packages/my_robot_interfaces-0.0.0-py3.10.egg-info/top_level.txt
[2.069s] -- Installing: /home/atharva/Learning_ROS2/ros2_ws/install/my_robot_interfaces/local/lib/python3.10/dist-packages/my_robot_interfaces-0.0.0-py3.10.egg-info/PKG-INFO
[2.070s] -- Up-to-date: /home/atharva/Learning_ROS2/ros2_ws/install/my_robot_interfaces/local/lib/python3.10/dist-packages/my_robot_interfaces
[2.070s] -- Up-to-date: /home/atharva/Learning_ROS2/ros2_ws/install/my_robot_interfaces/local/lib/python3.10/dist-packages/my_robot_interfaces/my_robot_interfaces_s__rosidl_typesupport_fastrtps_c.cpython-310-x86_64-linux-gnu.so
[2.070s] -- Up-to-date: /home/atharva/Learning_ROS2/ros2_ws/install/my_robot_interfaces/local/lib/python3.10/dist-packages/my_robot_interfaces/__init__.py
[2.071s] -- Up-to-date: /home/atharva/Learning_ROS2/ros2_ws/install/my_robot_interfaces/local/lib/python3.10/dist-packages/my_robot_interfaces/my_robot_interfaces_s__rosidl_typesupport_c.cpython-310-x86_64-linux-gnu.so
[2.071s] -- Up-to-date: /home/atharva/Learning_ROS2/ros2_ws/install/my_robot_interfaces/local/lib/python3.10/dist-packages/my_robot_interfaces/libmy_robot_interfaces__rosidl_generator_py.so
[2.071s] -- Up-to-date: /home/atharva/Learning_ROS2/ros2_ws/install/my_robot_interfaces/local/lib/python3.10/dist-packages/my_robot_interfaces/srv
[2.071s] -- Up-to-date: /home/atharva/Learning_ROS2/ros2_ws/install/my_robot_interfaces/local/lib/python3.10/dist-packages/my_robot_interfaces/srv/_set_led_s.c
[2.071s] -- Up-to-date: /home/atharva/Learning_ROS2/ros2_ws/install/my_robot_interfaces/local/lib/python3.10/dist-packages/my_robot_interfaces/srv/__init__.py
[2.071s] -- Up-to-date: /home/atharva/Learning_ROS2/ros2_ws/install/my_robot_interfaces/local/lib/python3.10/dist-packages/my_robot_interfaces/srv/_set_led.py
[2.071s] -- Up-to-date: /home/atharva/Learning_ROS2/ros2_ws/install/my_robot_interfaces/local/lib/python3.10/dist-packages/my_robot_interfaces/srv/_control_turtle.py
[2.072s] -- Up-to-date: /home/atharva/Learning_ROS2/ros2_ws/install/my_robot_interfaces/local/lib/python3.10/dist-packages/my_robot_interfaces/srv/_compute_rectangle_area_s.c
[2.072s] -- Up-to-date: /home/atharva/Learning_ROS2/ros2_ws/install/my_robot_interfaces/local/lib/python3.10/dist-packages/my_robot_interfaces/srv/_compute_rectangle_area.py
[2.072s] -- Up-to-date: /home/atharva/Learning_ROS2/ros2_ws/install/my_robot_interfaces/local/lib/python3.10/dist-packages/my_robot_interfaces/srv/_control_turtle_s.c
[2.072s] -- Up-to-date: /home/atharva/Learning_ROS2/ros2_ws/install/my_robot_interfaces/local/lib/python3.10/dist-packages/my_robot_interfaces/msg
[2.072s] -- Up-to-date: /home/atharva/Learning_ROS2/ros2_ws/install/my_robot_interfaces/local/lib/python3.10/dist-packages/my_robot_interfaces/msg/_target_list_s.c
[2.072s] -- Up-to-date: /home/atharva/Learning_ROS2/ros2_ws/install/my_robot_interfaces/local/lib/python3.10/dist-packages/my_robot_interfaces/msg/__init__.py
[2.072s] -- Up-to-date: /home/atharva/Learning_ROS2/ros2_ws/install/my_robot_interfaces/local/lib/python3.10/dist-packages/my_robot_interfaces/msg/_led_status_s.c
[2.072s] -- Up-to-date: /home/atharva/Learning_ROS2/ros2_ws/install/my_robot_interfaces/local/lib/python3.10/dist-packages/my_robot_interfaces/msg/_hardware_status.py
[2.073s] -- Up-to-date: /home/atharva/Learning_ROS2/ros2_ws/install/my_robot_interfaces/local/lib/python3.10/dist-packages/my_robot_interfaces/msg/_hardware_status_s.c
[2.073s] -- Up-to-date: /home/atharva/Learning_ROS2/ros2_ws/install/my_robot_interfaces/local/lib/python3.10/dist-packages/my_robot_interfaces/msg/_led_status.py
[2.073s] -- Up-to-date: /home/atharva/Learning_ROS2/ros2_ws/install/my_robot_interfaces/local/lib/python3.10/dist-packages/my_robot_interfaces/msg/_target_list.py
[2.073s] -- Up-to-date: /home/atharva/Learning_ROS2/ros2_ws/install/my_robot_interfaces/local/lib/python3.10/dist-packages/my_robot_interfaces/my_robot_interfaces_s__rosidl_typesupport_introspection_c.cpython-310-x86_64-linux-gnu.so
[2.073s] -- Up-to-date: /home/atharva/Learning_ROS2/ros2_ws/install/my_robot_interfaces/local/lib/python3.10/dist-packages/my_robot_interfaces/_my_robot_interfaces_s.ep.rosidl_typesupport_fastrtps_c.c
[2.073s] -- Up-to-date: /home/atharva/Learning_ROS2/ros2_ws/install/my_robot_interfaces/local/lib/python3.10/dist-packages/my_robot_interfaces/_my_robot_interfaces_s.ep.rosidl_typesupport_introspection_c.c
[2.073s] -- Up-to-date: /home/atharva/Learning_ROS2/ros2_ws/install/my_robot_interfaces/local/lib/python3.10/dist-packages/my_robot_interfaces/_my_robot_interfaces_s.ep.rosidl_typesupport_c.c
[2.200s] Listing '/home/atharva/Learning_ROS2/ros2_ws/install/my_robot_interfaces/local/lib/python3.10/dist-packages/my_robot_interfaces'...
[2.200s] Listing '/home/atharva/Learning_ROS2/ros2_ws/install/my_robot_interfaces/local/lib/python3.10/dist-packages/my_robot_interfaces/msg'...
[2.200s] Listing '/home/atharva/Learning_ROS2/ros2_ws/install/my_robot_interfaces/local/lib/python3.10/dist-packages/my_robot_interfaces/srv'...
[2.210s] -- Up-to-date: /home/atharva/Learning_ROS2/ros2_ws/install/my_robot_interfaces/local/lib/python3.10/dist-packages/my_robot_interfaces/my_robot_interfaces_s__rosidl_typesupport_fastrtps_c.cpython-310-x86_64-linux-gnu.so
[2.217s] -- Up-to-date: /home/atharva/Learning_ROS2/ros2_ws/install/my_robot_interfaces/local/lib/python3.10/dist-packages/my_robot_interfaces/my_robot_interfaces_s__rosidl_typesupport_introspection_c.cpython-310-x86_64-linux-gnu.so
[2.218s] -- Up-to-date: /home/atharva/Learning_ROS2/ros2_ws/install/my_robot_interfaces/local/lib/python3.10/dist-packages/my_robot_interfaces/my_robot_interfaces_s__rosidl_typesupport_c.cpython-310-x86_64-linux-gnu.so
[2.224s] -- Up-to-date: /home/atharva/Learning_ROS2/ros2_ws/install/my_robot_interfaces/lib/libmy_robot_interfaces__rosidl_generator_py.so
[2.224s] -- Up-to-date: /home/atharva/Learning_ROS2/ros2_ws/install/my_robot_interfaces/share/my_robot_interfaces/msg/HardwareStatus.idl
[2.224s] -- Up-to-date: /home/atharva/Learning_ROS2/ros2_ws/install/my_robot_interfaces/share/my_robot_interfaces/srv/ComputeRectangleArea.idl
[2.224s] -- Up-to-date: /home/atharva/Learning_ROS2/ros2_ws/install/my_robot_interfaces/share/my_robot_interfaces/srv/SetLed.idl
[2.224s] -- Up-to-date: /home/atharva/Learning_ROS2/ros2_ws/install/my_robot_interfaces/share/my_robot_interfaces/msg/LedStatus.idl
[2.224s] -- Up-to-date: /home/atharva/Learning_ROS2/ros2_ws/install/my_robot_interfaces/share/my_robot_interfaces/msg/TargetList.idl
[2.224s] -- Up-to-date: /home/atharva/Learning_ROS2/ros2_ws/install/my_robot_interfaces/share/my_robot_interfaces/srv/ControlTurtle.idl
[2.225s] -- Up-to-date: /home/atharva/Learning_ROS2/ros2_ws/install/my_robot_interfaces/share/my_robot_interfaces/msg/HardwareStatus.msg
[2.225s] -- Up-to-date: /home/atharva/Learning_ROS2/ros2_ws/install/my_robot_interfaces/share/my_robot_interfaces/srv/ComputeRectangleArea.srv
[2.225s] -- Up-to-date: /home/atharva/Learning_ROS2/ros2_ws/install/my_robot_interfaces/share/my_robot_interfaces/srv/ComputeRectangleArea_Request.msg
[2.225s] -- Up-to-date: /home/atharva/Learning_ROS2/ros2_ws/install/my_robot_interfaces/share/my_robot_interfaces/srv/ComputeRectangleArea_Response.msg
[2.225s] -- Up-to-date: /home/atharva/Learning_ROS2/ros2_ws/install/my_robot_interfaces/share/my_robot_interfaces/srv/SetLed.srv
[2.225s] -- Up-to-date: /home/atharva/Learning_ROS2/ros2_ws/install/my_robot_interfaces/share/my_robot_interfaces/srv/SetLed_Request.msg
[2.226s] -- Up-to-date: /home/atharva/Learning_ROS2/ros2_ws/install/my_robot_interfaces/share/my_robot_interfaces/srv/SetLed_Response.msg
[2.226s] -- Up-to-date: /home/atharva/Learning_ROS2/ros2_ws/install/my_robot_interfaces/share/my_robot_interfaces/msg/LedStatus.msg
[2.226s] -- Up-to-date: /home/atharva/Learning_ROS2/ros2_ws/install/my_robot_interfaces/share/my_robot_interfaces/msg/TargetList.msg
[2.226s] -- Up-to-date: /home/atharva/Learning_ROS2/ros2_ws/install/my_robot_interfaces/share/my_robot_interfaces/srv/ControlTurtle.srv
[2.226s] -- Up-to-date: /home/atharva/Learning_ROS2/ros2_ws/install/my_robot_interfaces/share/my_robot_interfaces/srv/ControlTurtle_Request.msg
[2.226s] -- Up-to-date: /home/atharva/Learning_ROS2/ros2_ws/install/my_robot_interfaces/share/my_robot_interfaces/srv/ControlTurtle_Response.msg
[2.226s] -- Up-to-date: /home/atharva/Learning_ROS2/ros2_ws/install/my_robot_interfaces/share/ament_index/resource_index/package_run_dependencies/my_robot_interfaces
[2.227s] -- Up-to-date: /home/atharva/Learning_ROS2/ros2_ws/install/my_robot_interfaces/share/ament_index/resource_index/parent_prefix_path/my_robot_interfaces
[2.227s] -- Up-to-date: /home/atharva/Learning_ROS2/ros2_ws/install/my_robot_interfaces/share/my_robot_interfaces/environment/ament_prefix_path.sh
[2.227s] -- Up-to-date: /home/atharva/Learning_ROS2/ros2_ws/install/my_robot_interfaces/share/my_robot_interfaces/environment/ament_prefix_path.dsv
[2.227s] -- Up-to-date: /home/atharva/Learning_ROS2/ros2_ws/install/my_robot_interfaces/share/my_robot_interfaces/environment/path.sh
[2.227s] -- Up-to-date: /home/atharva/Learning_ROS2/ros2_ws/install/my_robot_interfaces/share/my_robot_interfaces/environment/path.dsv
[2.228s] -- Up-to-date: /home/atharva/Learning_ROS2/ros2_ws/install/my_robot_interfaces/share/my_robot_interfaces/local_setup.bash
[2.228s] -- Up-to-date: /home/atharva/Learning_ROS2/ros2_ws/install/my_robot_interfaces/share/my_robot_interfaces/local_setup.sh
[2.228s] -- Up-to-date: /home/atharva/Learning_ROS2/ros2_ws/install/my_robot_interfaces/share/my_robot_interfaces/local_setup.zsh
[2.228s] -- Up-to-date: /home/atharva/Learning_ROS2/ros2_ws/install/my_robot_interfaces/share/my_robot_interfaces/local_setup.dsv
[2.228s] -- Installing: /home/atharva/Learning_ROS2/ros2_ws/install/my_robot_interfaces/share/my_robot_interfaces/package.dsv
[2.237s] -- Up-to-date: /home/atharva/Learning_ROS2/ros2_ws/install/my_robot_interfaces/share/ament_index/resource_index/packages/my_robot_interfaces
[2.241s] -- Up-to-date: /home/atharva/Learning_ROS2/ros2_ws/install/my_robot_interfaces/share/my_robot_interfaces/cmake/export_my_robot_interfaces__rosidl_generator_cExport.cmake
[2.241s] -- Up-to-date: /home/atharva/Learning_ROS2/ros2_ws/install/my_robot_interfaces/share/my_robot_interfaces/cmake/export_my_robot_interfaces__rosidl_generator_cExport-noconfig.cmake
[2.244s] -- Up-to-date: /home/atharva/Learning_ROS2/ros2_ws/install/my_robot_interfaces/share/my_robot_interfaces/cmake/export_my_robot_interfaces__rosidl_typesupport_fastrtps_cExport.cmake
[2.245s] -- Up-to-date: /home/atharva/Learning_ROS2/ros2_ws/install/my_robot_interfaces/share/my_robot_interfaces/cmake/export_my_robot_interfaces__rosidl_typesupport_fastrtps_cExport-noconfig.cmake
[2.246s] -- Up-to-date: /home/atharva/Learning_ROS2/ros2_ws/install/my_robot_interfaces/share/my_robot_interfaces/cmake/my_robot_interfaces__rosidl_typesupport_introspection_cExport.cmake
[2.246s] -- Up-to-date: /home/atharva/Learning_ROS2/ros2_ws/install/my_robot_interfaces/share/my_robot_interfaces/cmake/my_robot_interfaces__rosidl_typesupport_introspection_cExport-noconfig.cmake
[2.248s] -- Up-to-date: /home/atharva/Learning_ROS2/ros2_ws/install/my_robot_interfaces/share/my_robot_interfaces/cmake/my_robot_interfaces__rosidl_typesupport_cExport.cmake
[2.248s] -- Up-to-date: /home/atharva/Learning_ROS2/ros2_ws/install/my_robot_interfaces/share/my_robot_interfaces/cmake/my_robot_interfaces__rosidl_typesupport_cExport-noconfig.cmake
[2.249s] -- Up-to-date: /home/atharva/Learning_ROS2/ros2_ws/install/my_robot_interfaces/share/my_robot_interfaces/cmake/export_my_robot_interfaces__rosidl_generator_cppExport.cmake
[2.249s] -- Up-to-date: /home/atharva/Learning_ROS2/ros2_ws/install/my_robot_interfaces/share/my_robot_interfaces/cmake/export_my_robot_interfaces__rosidl_typesupport_fastrtps_cppExport.cmake
[2.250s] -- Up-to-date: /home/atharva/Learning_ROS2/ros2_ws/install/my_robot_interfaces/share/my_robot_interfaces/cmake/export_my_robot_interfaces__rosidl_typesupport_fastrtps_cppExport-noconfig.cmake
[2.251s] -- Up-to-date: /home/atharva/Learning_ROS2/ros2_ws/install/my_robot_interfaces/share/my_robot_interfaces/cmake/my_robot_interfaces__rosidl_typesupport_introspection_cppExport.cmake
[2.252s] -- Up-to-date: /home/atharva/Learning_ROS2/ros2_ws/install/my_robot_interfaces/share/my_robot_interfaces/cmake/my_robot_interfaces__rosidl_typesupport_introspection_cppExport-noconfig.cmake
[2.252s] -- Up-to-date: /home/atharva/Learning_ROS2/ros2_ws/install/my_robot_interfaces/share/my_robot_interfaces/cmake/my_robot_interfaces__rosidl_typesupport_cppExport.cmake
[2.253s] -- Up-to-date: /home/atharva/Learning_ROS2/ros2_ws/install/my_robot_interfaces/share/my_robot_interfaces/cmake/my_robot_interfaces__rosidl_typesupport_cppExport-noconfig.cmake
[2.255s] -- Up-to-date: /home/atharva/Learning_ROS2/ros2_ws/install/my_robot_interfaces/share/my_robot_interfaces/cmake/export_my_robot_interfaces__rosidl_generator_pyExport.cmake
[2.256s] -- Up-to-date: /home/atharva/Learning_ROS2/ros2_ws/install/my_robot_interfaces/share/my_robot_interfaces/cmake/export_my_robot_interfaces__rosidl_generator_pyExport-noconfig.cmake
[2.256s] -- Up-to-date: /home/atharva/Learning_ROS2/ros2_ws/install/my_robot_interfaces/share/my_robot_interfaces/cmake/rosidl_cmake-extras.cmake
[2.257s] -- Up-to-date: /home/atharva/Learning_ROS2/ros2_ws/install/my_robot_interfaces/share/my_robot_interfaces/cmake/ament_cmake_export_include_directories-extras.cmake
[2.257s] -- Up-to-date: /home/atharva/Learning_ROS2/ros2_ws/install/my_robot_interfaces/share/my_robot_interfaces/cmake/ament_cmake_export_libraries-extras.cmake
[2.257s] -- Up-to-date: /home/atharva/Learning_ROS2/ros2_ws/install/my_robot_interfaces/share/my_robot_interfaces/cmake/ament_cmake_export_targets-extras.cmake
[2.258s] -- Up-to-date: /home/atharva/Learning_ROS2/ros2_ws/install/my_robot_interfaces/share/my_robot_interfaces/cmake/rosidl_cmake_export_typesupport_targets-extras.cmake
[2.258s] -- Up-to-date: /home/atharva/Learning_ROS2/ros2_ws/install/my_robot_interfaces/share/my_robot_interfaces/cmake/ament_cmake_export_dependencies-extras.cmake
[2.258s] -- Up-to-date: /home/atharva/Learning_ROS2/ros2_ws/install/my_robot_interfaces/share/my_robot_interfaces/cmake/rosidl_cmake_export_typesupport_libraries-extras.cmake
[2.258s] -- Up-to-date: /home/atharva/Learning_ROS2/ros2_ws/install/my_robot_interfaces/share/my_robot_interfaces/cmake/my_robot_interfacesConfig.cmake
[2.259s] -- Up-to-date: /home/atharva/Learning_ROS2/ros2_ws/install/my_robot_interfaces/share/my_robot_interfaces/cmake/my_robot_interfacesConfig-version.cmake
[2.259s] -- Up-to-date: /home/atharva/Learning_ROS2/ros2_ws/install/my_robot_interfaces/share/my_robot_interfaces/package.xml
[2.503s] Invoked command in '/home/atharva/Learning_ROS2/ros2_ws/build/my_robot_interfaces' returned '0': CMAKE_PREFIX_PATH=${CMAKE_PREFIX_PATH}:/home/atharva/Learning_ROS2/ros2_ws/install/turtlesim_catch_em_all:/home/atharva/Learning_ROS2/ros2_ws/install/my_py_pkg:/opt/ros/humble /usr/bin/cmake --install /home/atharva/Learning_ROS2/ros2_ws/build/my_robot_interfaces
