[0.561s] Invoking command in '/home/atharva/Learning_ROS2/ros2_ws/src/my_py_pkg': CMAKE_PREFIX_PATH=/home/atharva/Learning_ROS2/ros2_ws/install/my_robot_interfaces:/home/atharva/Learning_ROS2/ros2_ws/install/radio_station_bringup:/home/atharva/Learning_ROS2/ros2_ws/install/my_robot_bringup:/home/atharva/Learning_ROS2/ros2_ws/install/mae547_bringup:/home/atharva/Learning_ROS2/ros2_ws/install/my_robot_description:/home/atharva/Learning_ROS2/ros2_ws/install/mae_547:/home/atharva/Learning_ROS2/ros2_ws/install/launches:/home/atharva/Learning_ROS2/ros2_ws/install/autocar_nav:/home/atharva/Learning_ROS2/ros2_ws/install/autocar_msgs:/home/atharva/Learning_ROS2/ros2_ws/install/autocar_map:/home/atharva/Learning_ROS2/ros2_ws/install/autocar_gazebo:/home/atharva/Learning_ROS2/ros2_ws/install/autocar_description PYTHONPATH=/home/atharva/Learning_ROS2/ros2_ws/build/my_py_pkg/prefix_override:/home/atharva/Learning_ROS2/ros2_ws/install/my_py_pkg/lib/python3.10/site-packages:${PYTHONPATH} /usr/bin/python3 setup.py egg_info --egg-base ../../build/my_py_pkg build --build-base /home/atharva/Learning_ROS2/ros2_ws/build/my_py_pkg/build install --record /home/atharva/Learning_ROS2/ros2_ws/build/my_py_pkg/install.log --single-version-externally-managed
[0.675s] running egg_info
[0.675s] writing ../../build/my_py_pkg/my_py_pkg.egg-info/PKG-INFO
[0.675s] writing dependency_links to ../../build/my_py_pkg/my_py_pkg.egg-info/dependency_links.txt
[0.675s] writing entry points to ../../build/my_py_pkg/my_py_pkg.egg-info/entry_points.txt
[0.675s] writing requirements to ../../build/my_py_pkg/my_py_pkg.egg-info/requires.txt
[0.675s] writing top-level names to ../../build/my_py_pkg/my_py_pkg.egg-info/top_level.txt
[0.676s] reading manifest file '../../build/my_py_pkg/my_py_pkg.egg-info/SOURCES.txt'
[0.676s] adding license file 'LICENSE'
[0.677s] writing manifest file '../../build/my_py_pkg/my_py_pkg.egg-info/SOURCES.txt'
[0.677s] running build
[0.677s] running build_py
[0.677s] running install
[0.677s] running install_lib
[0.678s] running install_data
[0.678s] running install_egg_info
[0.679s] removing '/home/atharva/Learning_ROS2/ros2_ws/install/my_py_pkg/lib/python3.10/site-packages/my_py_pkg-0.0.0-py3.10.egg-info' (and everything under it)
[0.679s] Copying ../../build/my_py_pkg/my_py_pkg.egg-info to /home/atharva/Learning_ROS2/ros2_ws/install/my_py_pkg/lib/python3.10/site-packages/my_py_pkg-0.0.0-py3.10.egg-info
[0.679s] running install_scripts
[0.689s] Installing add_two_ints_client script to /home/atharva/Learning_ROS2/ros2_ws/install/my_py_pkg/lib/my_py_pkg
[0.689s] Installing add_two_ints_client_no_oop script to /home/atharva/Learning_ROS2/ros2_ws/install/my_py_pkg/lib/my_py_pkg
[0.689s] Installing add_two_ints_server script to /home/atharva/Learning_ROS2/ros2_ws/install/my_py_pkg/lib/my_py_pkg
[0.689s] Installing battery script to /home/atharva/Learning_ROS2/ros2_ws/install/my_py_pkg/lib/my_py_pkg
[0.689s] Installing hw_status_publisher script to /home/atharva/Learning_ROS2/ros2_ws/install/my_py_pkg/lib/my_py_pkg
[0.689s] Installing led_panel script to /home/atharva/Learning_ROS2/ros2_ws/install/my_py_pkg/lib/my_py_pkg
[0.689s] Installing number_counter script to /home/atharva/Learning_ROS2/ros2_ws/install/my_py_pkg/lib/my_py_pkg
[0.689s] Installing number_counter_reset script to /home/atharva/Learning_ROS2/ros2_ws/install/my_py_pkg/lib/my_py_pkg
[0.689s] Installing number_counter_server script to /home/atharva/Learning_ROS2/ros2_ws/install/my_py_pkg/lib/my_py_pkg
[0.689s] Installing number_publisher script to /home/atharva/Learning_ROS2/ros2_ws/install/my_py_pkg/lib/my_py_pkg
[0.690s] Installing py_node script to /home/atharva/Learning_ROS2/ros2_ws/install/my_py_pkg/lib/my_py_pkg
[0.690s] Installing rectangle_area_client script to /home/atharva/Learning_ROS2/ros2_ws/install/my_py_pkg/lib/my_py_pkg
[0.690s] Installing rectangle_area_server script to /home/atharva/Learning_ROS2/ros2_ws/install/my_py_pkg/lib/my_py_pkg
[0.690s] Installing robot_news_station script to /home/atharva/Learning_ROS2/ros2_ws/install/my_py_pkg/lib/my_py_pkg
[0.690s] Installing smartphone script to /home/atharva/Learning_ROS2/ros2_ws/install/my_py_pkg/lib/my_py_pkg
[0.690s] writing list of installed files to '/home/atharva/Learning_ROS2/ros2_ws/build/my_py_pkg/install.log'
[0.721s] Invoked command in '/home/atharva/Learning_ROS2/ros2_ws/src/my_py_pkg' returned '0': CMAKE_PREFIX_PATH=/home/atharva/Learning_ROS2/ros2_ws/install/my_robot_interfaces:/home/atharva/Learning_ROS2/ros2_ws/install/radio_station_bringup:/home/atharva/Learning_ROS2/ros2_ws/install/my_robot_bringup:/home/atharva/Learning_ROS2/ros2_ws/install/mae547_bringup:/home/atharva/Learning_ROS2/ros2_ws/install/my_robot_description:/home/atharva/Learning_ROS2/ros2_ws/install/mae_547:/home/atharva/Learning_ROS2/ros2_ws/install/launches:/home/atharva/Learning_ROS2/ros2_ws/install/autocar_nav:/home/atharva/Learning_ROS2/ros2_ws/install/autocar_msgs:/home/atharva/Learning_ROS2/ros2_ws/install/autocar_map:/home/atharva/Learning_ROS2/ros2_ws/install/autocar_gazebo:/home/atharva/Learning_ROS2/ros2_ws/install/autocar_description PYTHONPATH=/home/atharva/Learning_ROS2/ros2_ws/build/my_py_pkg/prefix_override:/home/atharva/Learning_ROS2/ros2_ws/install/my_py_pkg/lib/python3.10/site-packages:${PYTHONPATH} /usr/bin/python3 setup.py egg_info --egg-base ../../build/my_py_pkg build --build-base /home/atharva/Learning_ROS2/ros2_ws/build/my_py_pkg/build install --record /home/atharva/Learning_ROS2/ros2_ws/build/my_py_pkg/install.log --single-version-externally-managed
