[0.052s] Invoking command in '/home/atharva/Learning_ROS2/ros2_ws/build/mae547_bringup': CMAKE_PREFIX_PATH=/home/atharva/Learning_ROS2/ros2_ws/install/my_robot_description:/home/atharva/Learning_ROS2/ros2_ws/install/radio_station_bringup:/home/atharva/Learning_ROS2/ros2_ws/install/my_robot_interfaces:/home/atharva/Learning_ROS2/ros2_ws/install/my_robot_bringup:/home/atharva/Learning_ROS2/ros2_ws/install/mae547_bringup:/home/atharva/Learning_ROS2/ros2_ws/install/mae_547:/home/atharva/Learning_ROS2/ros2_ws/install/turtlesim_catch_em_all:/home/atharva/Learning_ROS2/ros2_ws/install/my_py_pkg:/opt/ros/humble /usr/bin/cmake /home/atharva/Learning_ROS2/ros2_ws/src/mae547_bringup -DCMAKE_INSTALL_PREFIX=/home/atharva/Learning_ROS2/ros2_ws/install/mae547_bringup
[0.077s] -- The C compiler identification is GNU 11.4.0
[0.103s] -- The CXX compiler identification is GNU 11.4.0
[0.107s] -- Detecting C compiler ABI info
[0.139s] -- Detecting C compiler ABI info - done
[0.144s] -- Check for working C compiler: /usr/bin/cc - skipped
[0.144s] -- Detecting C compile features
[0.144s] -- Detecting C compile features - done
[0.145s] -- Detecting CXX compiler ABI info
[0.183s] -- Detecting CXX compiler ABI info - done
[0.187s] -- Check for working CXX compiler: /usr/bin/c++ - skipped
[0.187s] -- Detecting CXX compile features
[0.187s] -- Detecting CXX compile features - done
[0.188s] -- Found ament_cmake: 1.3.6 (/opt/ros/humble/share/ament_cmake/cmake)
[0.257s] -- Found Python3: /usr/bin/python3.10 (found version "3.10.12") found components: Interpreter 
[0.331s] -- Configuring done
[0.332s] -- Generating done
[0.332s] -- Build files have been written to: /home/atharva/Learning_ROS2/ros2_ws/build/mae547_bringup
[0.334s] Invoked command in '/home/atharva/Learning_ROS2/ros2_ws/build/mae547_bringup' returned '0': CMAKE_PREFIX_PATH=/home/atharva/Learning_ROS2/ros2_ws/install/my_robot_description:/home/atharva/Learning_ROS2/ros2_ws/install/radio_station_bringup:/home/atharva/Learning_ROS2/ros2_ws/install/my_robot_interfaces:/home/atharva/Learning_ROS2/ros2_ws/install/my_robot_bringup:/home/atharva/Learning_ROS2/ros2_ws/install/mae547_bringup:/home/atharva/Learning_ROS2/ros2_ws/install/mae_547:/home/atharva/Learning_ROS2/ros2_ws/install/turtlesim_catch_em_all:/home/atharva/Learning_ROS2/ros2_ws/install/my_py_pkg:/opt/ros/humble /usr/bin/cmake /home/atharva/Learning_ROS2/ros2_ws/src/mae547_bringup -DCMAKE_INSTALL_PREFIX=/home/atharva/Learning_ROS2/ros2_ws/install/mae547_bringup
[0.335s] Invoking command in '/home/atharva/Learning_ROS2/ros2_ws/build/mae547_bringup': CMAKE_PREFIX_PATH=/home/atharva/Learning_ROS2/ros2_ws/install/my_robot_description:/home/atharva/Learning_ROS2/ros2_ws/install/radio_station_bringup:/home/atharva/Learning_ROS2/ros2_ws/install/my_robot_interfaces:/home/atharva/Learning_ROS2/ros2_ws/install/my_robot_bringup:/home/atharva/Learning_ROS2/ros2_ws/install/mae547_bringup:/home/atharva/Learning_ROS2/ros2_ws/install/mae_547:/home/atharva/Learning_ROS2/ros2_ws/install/turtlesim_catch_em_all:/home/atharva/Learning_ROS2/ros2_ws/install/my_py_pkg:/opt/ros/humble /usr/bin/cmake --build /home/atharva/Learning_ROS2/ros2_ws/build/mae547_bringup -- -j32 -l32
[0.355s] Invoked command in '/home/atharva/Learning_ROS2/ros2_ws/build/mae547_bringup' returned '0': CMAKE_PREFIX_PATH=/home/atharva/Learning_ROS2/ros2_ws/install/my_robot_description:/home/atharva/Learning_ROS2/ros2_ws/install/radio_station_bringup:/home/atharva/Learning_ROS2/ros2_ws/install/my_robot_interfaces:/home/atharva/Learning_ROS2/ros2_ws/install/my_robot_bringup:/home/atharva/Learning_ROS2/ros2_ws/install/mae547_bringup:/home/atharva/Learning_ROS2/ros2_ws/install/mae_547:/home/atharva/Learning_ROS2/ros2_ws/install/turtlesim_catch_em_all:/home/atharva/Learning_ROS2/ros2_ws/install/my_py_pkg:/opt/ros/humble /usr/bin/cmake --build /home/atharva/Learning_ROS2/ros2_ws/build/mae547_bringup -- -j32 -l32
[0.368s] Invoking command in '/home/atharva/Learning_ROS2/ros2_ws/build/mae547_bringup': CMAKE_PREFIX_PATH=/home/atharva/Learning_ROS2/ros2_ws/install/my_robot_description:/home/atharva/Learning_ROS2/ros2_ws/install/radio_station_bringup:/home/atharva/Learning_ROS2/ros2_ws/install/my_robot_interfaces:/home/atharva/Learning_ROS2/ros2_ws/install/my_robot_bringup:/home/atharva/Learning_ROS2/ros2_ws/install/mae547_bringup:/home/atharva/Learning_ROS2/ros2_ws/install/mae_547:/home/atharva/Learning_ROS2/ros2_ws/install/turtlesim_catch_em_all:/home/atharva/Learning_ROS2/ros2_ws/install/my_py_pkg:/opt/ros/humble /usr/bin/cmake --install /home/atharva/Learning_ROS2/ros2_ws/build/mae547_bringup
[0.373s] -- Install configuration: ""
[0.373s] -- Installing: /home/atharva/Learning_ROS2/ros2_ws/install/mae547_bringup/share/mae547_bringup/launch
[0.373s] -- Installing: /home/atharva/Learning_ROS2/ros2_ws/install/mae547_bringup/share/mae547_bringup/launch/mae_547_gazebo.launch.xml
[0.373s] -- Installing: /home/atharva/Learning_ROS2/ros2_ws/install/mae547_bringup/share/mae547_bringup/rviz
[0.373s] -- Installing: /home/atharva/Learning_ROS2/ros2_ws/install/mae547_bringup/share/mae547_bringup/rviz/urdf_config.rviz
[0.373s] -- Installing: /home/atharva/Learning_ROS2/ros2_ws/install/mae547_bringup/share/ament_index/resource_index/package_run_dependencies/mae547_bringup
[0.374s] -- Installing: /home/atharva/Learning_ROS2/ros2_ws/install/mae547_bringup/share/ament_index/resource_index/parent_prefix_path/mae547_bringup
[0.374s] -- Installing: /home/atharva/Learning_ROS2/ros2_ws/install/mae547_bringup/share/mae547_bringup/environment/ament_prefix_path.sh
[0.374s] -- Installing: /home/atharva/Learning_ROS2/ros2_ws/install/mae547_bringup/share/mae547_bringup/environment/ament_prefix_path.dsv
[0.374s] -- Installing: /home/atharva/Learning_ROS2/ros2_ws/install/mae547_bringup/share/mae547_bringup/environment/path.sh
[0.374s] -- Installing: /home/atharva/Learning_ROS2/ros2_ws/install/mae547_bringup/share/mae547_bringup/environment/path.dsv
[0.374s] -- Installing: /home/atharva/Learning_ROS2/ros2_ws/install/mae547_bringup/share/mae547_bringup/local_setup.bash
[0.374s] -- Installing: /home/atharva/Learning_ROS2/ros2_ws/install/mae547_bringup/share/mae547_bringup/local_setup.sh
[0.375s] -- Installing: /home/atharva/Learning_ROS2/ros2_ws/install/mae547_bringup/share/mae547_bringup/local_setup.zsh
[0.375s] -- Installing: /home/atharva/Learning_ROS2/ros2_ws/install/mae547_bringup/share/mae547_bringup/local_setup.dsv
[0.375s] -- Installing: /home/atharva/Learning_ROS2/ros2_ws/install/mae547_bringup/share/mae547_bringup/package.dsv
[0.375s] -- Installing: /home/atharva/Learning_ROS2/ros2_ws/install/mae547_bringup/share/ament_index/resource_index/packages/mae547_bringup
[0.375s] -- Installing: /home/atharva/Learning_ROS2/ros2_ws/install/mae547_bringup/share/mae547_bringup/cmake/mae547_bringupConfig.cmake
[0.375s] -- Installing: /home/atharva/Learning_ROS2/ros2_ws/install/mae547_bringup/share/mae547_bringup/cmake/mae547_bringupConfig-version.cmake
[0.375s] -- Installing: /home/atharva/Learning_ROS2/ros2_ws/install/mae547_bringup/share/mae547_bringup/package.xml
[0.375s] Invoked command in '/home/atharva/Learning_ROS2/ros2_ws/build/mae547_bringup' returned '0': CMAKE_PREFIX_PATH=/home/atharva/Learning_ROS2/ros2_ws/install/my_robot_description:/home/atharva/Learning_ROS2/ros2_ws/install/radio_station_bringup:/home/atharva/Learning_ROS2/ros2_ws/install/my_robot_interfaces:/home/atharva/Learning_ROS2/ros2_ws/install/my_robot_bringup:/home/atharva/Learning_ROS2/ros2_ws/install/mae547_bringup:/home/atharva/Learning_ROS2/ros2_ws/install/mae_547:/home/atharva/Learning_ROS2/ros2_ws/install/turtlesim_catch_em_all:/home/atharva/Learning_ROS2/ros2_ws/install/my_py_pkg:/opt/ros/humble /usr/bin/cmake --install /home/atharva/Learning_ROS2/ros2_ws/build/mae547_bringup
