[0.123s] Invoking command in '/home/atharva/Learning_ROS2/build/my_robot_description': CMAKE_PREFIX_PATH=${CMAKE_PREFIX_PATH}:/home/atharva/Learning_ROS2/ros2_ws/install/turtlesim_catch_em_all:/home/atharva/Learning_ROS2/ros2_ws/install/my_py_pkg:/opt/ros/humble: /usr/bin/cmake /home/atharva/Learning_ROS2/ros2_ws/src/my_robot_description -DCMAKE_BUILD_TYPE=Debug -DAMENT_CMAKE_SYMLINK_INSTALL=1 -DCMAKE_INSTALL_PREFIX=/home/atharva/Learning_ROS2/install/my_robot_description
[0.197s] -- The C compiler identification is GNU 11.4.0
[0.275s] -- The CXX compiler identification is GNU 11.4.0
[0.286s] -- Detecting C compiler ABI info
[0.377s] -- Detecting C compiler ABI info - done
[0.391s] -- Check for working C compiler: /usr/bin/cc - skipped
[0.391s] -- Detecting C compile features
[0.392s] -- Detecting C compile features - done
[0.397s] -- Detecting CXX compiler ABI info
[0.510s] -- Detecting CXX compiler ABI info - done
[0.522s] -- Check for working CXX compiler: /usr/bin/c++ - skipped
[0.523s] -- Detecting CXX compile features
[0.524s] -- Detecting CXX compile features - done
[0.528s] -- Found ament_cmake: 1.3.5 (/opt/ros/humble/share/ament_cmake/cmake)
[0.816s] -- Found Python3: /usr/bin/python3.10 (found version "3.10.12") found components: Interpreter 
[0.942s] -- Override CMake install command with custom implementation using symlinks instead of copying resources
[1.086s] -- Configuring done
[1.091s] -- Generating done
[1.093s] -- Build files have been written to: /home/atharva/Learning_ROS2/build/my_robot_description
[1.100s] Invoked command in '/home/atharva/Learning_ROS2/build/my_robot_description' returned '0': CMAKE_PREFIX_PATH=${CMAKE_PREFIX_PATH}:/home/atharva/Learning_ROS2/ros2_ws/install/turtlesim_catch_em_all:/home/atharva/Learning_ROS2/ros2_ws/install/my_py_pkg:/opt/ros/humble: /usr/bin/cmake /home/atharva/Learning_ROS2/ros2_ws/src/my_robot_description -DCMAKE_BUILD_TYPE=Debug -DAMENT_CMAKE_SYMLINK_INSTALL=1 -DCMAKE_INSTALL_PREFIX=/home/atharva/Learning_ROS2/install/my_robot_description
[1.102s] Invoking command in '/home/atharva/Learning_ROS2/build/my_robot_description': CMAKE_PREFIX_PATH=${CMAKE_PREFIX_PATH}:/home/atharva/Learning_ROS2/ros2_ws/install/turtlesim_catch_em_all:/home/atharva/Learning_ROS2/ros2_ws/install/my_py_pkg:/opt/ros/humble: /usr/bin/cmake --build /home/atharva/Learning_ROS2/build/my_robot_description -- -j4 -l4
[1.155s] Invoked command in '/home/atharva/Learning_ROS2/build/my_robot_description' returned '0': CMAKE_PREFIX_PATH=${CMAKE_PREFIX_PATH}:/home/atharva/Learning_ROS2/ros2_ws/install/turtlesim_catch_em_all:/home/atharva/Learning_ROS2/ros2_ws/install/my_py_pkg:/opt/ros/humble: /usr/bin/cmake --build /home/atharva/Learning_ROS2/build/my_robot_description -- -j4 -l4
[1.193s] Invoking command in '/home/atharva/Learning_ROS2/build/my_robot_description': CMAKE_PREFIX_PATH=${CMAKE_PREFIX_PATH}:/home/atharva/Learning_ROS2/ros2_ws/install/turtlesim_catch_em_all:/home/atharva/Learning_ROS2/ros2_ws/install/my_py_pkg:/opt/ros/humble: /usr/bin/cmake --install /home/atharva/Learning_ROS2/build/my_robot_description
[1.202s] -- Install configuration: "Debug"
[1.203s] -- Execute custom install script
[1.203s] -- Symlinking: /home/atharva/Learning_ROS2/install/my_robot_description/share/my_robot_description//urdf/common_properties.urdf.xacro
[1.215s] -- Symlinking: /home/atharva/Learning_ROS2/install/my_robot_description/share/my_robot_description//urdf/mobile_base.urdf.xacro
[1.225s] -- Symlinking: /home/atharva/Learning_ROS2/install/my_robot_description/share/my_robot_description//urdf/my_robot.urdf.xacro
[1.236s] -- Symlinking: /home/atharva/Learning_ROS2/install/my_robot_description/share/my_robot_description//launch/display.launch.py
[1.246s] -- Symlinking: /home/atharva/Learning_ROS2/install/my_robot_description/share/my_robot_description//launch/display.launch.xml
[1.257s] -- Symlinking: /home/atharva/Learning_ROS2/install/my_robot_description/share/my_robot_description//rviz/urdf_config.rviz
[1.274s] -- Symlinking: /home/atharva/Learning_ROS2/install/my_robot_description/share/ament_index/resource_index/package_run_dependencies/my_robot_description
[1.287s] -- Symlinking: /home/atharva/Learning_ROS2/install/my_robot_description/share/ament_index/resource_index/parent_prefix_path/my_robot_description
[1.297s] -- Symlinking: /home/atharva/Learning_ROS2/install/my_robot_description/share/my_robot_description/environment/ament_prefix_path.sh
[1.308s] -- Symlinking: /home/atharva/Learning_ROS2/install/my_robot_description/share/my_robot_description/environment/ament_prefix_path.dsv
[1.318s] -- Symlinking: /home/atharva/Learning_ROS2/install/my_robot_description/share/my_robot_description/environment/path.sh
[1.330s] -- Symlinking: /home/atharva/Learning_ROS2/install/my_robot_description/share/my_robot_description/environment/path.dsv
[1.340s] -- Symlinking: /home/atharva/Learning_ROS2/install/my_robot_description/share/my_robot_description/local_setup.bash
[1.350s] -- Symlinking: /home/atharva/Learning_ROS2/install/my_robot_description/share/my_robot_description/local_setup.sh
[1.361s] -- Symlinking: /home/atharva/Learning_ROS2/install/my_robot_description/share/my_robot_description/local_setup.zsh
[1.371s] -- Symlinking: /home/atharva/Learning_ROS2/install/my_robot_description/share/my_robot_description/local_setup.dsv
[1.381s] -- Symlinking: /home/atharva/Learning_ROS2/install/my_robot_description/share/my_robot_description/package.dsv
[1.391s] -- Symlinking: /home/atharva/Learning_ROS2/install/my_robot_description/share/ament_index/resource_index/packages/my_robot_description
[1.402s] -- Symlinking: /home/atharva/Learning_ROS2/install/my_robot_description/share/my_robot_description/cmake/my_robot_descriptionConfig.cmake
[1.415s] -- Symlinking: /home/atharva/Learning_ROS2/install/my_robot_description/share/my_robot_description/cmake/my_robot_descriptionConfig-version.cmake
[1.426s] -- Symlinking: /home/atharva/Learning_ROS2/install/my_robot_description/share/my_robot_description/package.xml
[1.438s] Invoked command in '/home/atharva/Learning_ROS2/build/my_robot_description' returned '0': CMAKE_PREFIX_PATH=${CMAKE_PREFIX_PATH}:/home/atharva/Learning_ROS2/ros2_ws/install/turtlesim_catch_em_all:/home/atharva/Learning_ROS2/ros2_ws/install/my_py_pkg:/opt/ros/humble: /usr/bin/cmake --install /home/atharva/Learning_ROS2/build/my_robot_description
