[1.697s] Invoking command in '/home/atharva/Learning_ROS2/ros2_ws/src/turtlesim_catch_em_all': CMAKE_PREFIX_PATH=/home/atharva/Learning_ROS2/ros2_ws/install/my_robot_interfaces:/home/atharva/Learning_ROS2/ros2_ws/install/radio_station_bringup:/home/atharva/Learning_ROS2/ros2_ws/install/my_robot_bringup:/home/atharva/Learning_ROS2/ros2_ws/install/my_robot_description PYTHONPATH=/home/atharva/Learning_ROS2/ros2_ws/build/turtlesim_catch_em_all/prefix_override:/home/atharva/Learning_ROS2/ros2_ws/install/turtlesim_catch_em_all/lib/python3.10/site-packages:${PYTHONPATH} /usr/bin/python3 setup.py egg_info --egg-base ../../build/turtlesim_catch_em_all build --build-base /home/atharva/Learning_ROS2/ros2_ws/build/turtlesim_catch_em_all/build install --record /home/atharva/Learning_ROS2/ros2_ws/build/turtlesim_catch_em_all/install.log --single-version-externally-managed
[2.059s] running egg_info
[2.060s] writing ../../build/turtlesim_catch_em_all/turtlesim_catch_em_all.egg-info/PKG-INFO
[2.061s] writing dependency_links to ../../build/turtlesim_catch_em_all/turtlesim_catch_em_all.egg-info/dependency_links.txt
[2.061s] writing entry points to ../../build/turtlesim_catch_em_all/turtlesim_catch_em_all.egg-info/entry_points.txt
[2.061s] writing requirements to ../../build/turtlesim_catch_em_all/turtlesim_catch_em_all.egg-info/requires.txt
[2.061s] writing top-level names to ../../build/turtlesim_catch_em_all/turtlesim_catch_em_all.egg-info/top_level.txt
[2.065s] reading manifest file '../../build/turtlesim_catch_em_all/turtlesim_catch_em_all.egg-info/SOURCES.txt'
[2.065s] adding license file 'LICENSE'
[2.067s] writing manifest file '../../build/turtlesim_catch_em_all/turtlesim_catch_em_all.egg-info/SOURCES.txt'
[2.067s] running build
[2.067s] running build_py
[2.067s] running install
[2.068s] running install_lib
[2.070s] running install_data
[2.072s] running install_egg_info
[2.074s] removing '/home/atharva/Learning_ROS2/ros2_ws/install/turtlesim_catch_em_all/lib/python3.10/site-packages/turtlesim_catch_em_all-0.0.0-py3.10.egg-info' (and everything under it)
[2.075s] Copying ../../build/turtlesim_catch_em_all/turtlesim_catch_em_all.egg-info to /home/atharva/Learning_ROS2/ros2_ws/install/turtlesim_catch_em_all/lib/python3.10/site-packages/turtlesim_catch_em_all-0.0.0-py3.10.egg-info
[2.076s] running install_scripts
[2.107s] Installing turtle_catcher script to /home/atharva/Learning_ROS2/ros2_ws/install/turtlesim_catch_em_all/lib/turtlesim_catch_em_all
[2.107s] Installing turtle_controller script to /home/atharva/Learning_ROS2/ros2_ws/install/turtlesim_catch_em_all/lib/turtlesim_catch_em_all
[2.107s] Installing turtle_spawner script to /home/atharva/Learning_ROS2/ros2_ws/install/turtlesim_catch_em_all/lib/turtlesim_catch_em_all
[2.108s] writing list of installed files to '/home/atharva/Learning_ROS2/ros2_ws/build/turtlesim_catch_em_all/install.log'
[2.152s] Invoked command in '/home/atharva/Learning_ROS2/ros2_ws/src/turtlesim_catch_em_all' returned '0': CMAKE_PREFIX_PATH=/home/atharva/Learning_ROS2/ros2_ws/install/my_robot_interfaces:/home/atharva/Learning_ROS2/ros2_ws/install/radio_station_bringup:/home/atharva/Learning_ROS2/ros2_ws/install/my_robot_bringup:/home/atharva/Learning_ROS2/ros2_ws/install/my_robot_description PYTHONPATH=/home/atharva/Learning_ROS2/ros2_ws/build/turtlesim_catch_em_all/prefix_override:/home/atharva/Learning_ROS2/ros2_ws/install/turtlesim_catch_em_all/lib/python3.10/site-packages:${PYTHONPATH} /usr/bin/python3 setup.py egg_info --egg-base ../../build/turtlesim_catch_em_all build --build-base /home/atharva/Learning_ROS2/ros2_ws/build/turtlesim_catch_em_all/build install --record /home/atharva/Learning_ROS2/ros2_ws/build/turtlesim_catch_em_all/install.log --single-version-externally-managed
