[0.213s] Invoking command in '/home/atharva/Learning_ROS2/ros2_ws/build/my_robot_interfaces': CMAKE_PREFIX_PATH=${CMAKE_PREFIX_PATH}:/home/atharva/Learning_ROS2/ros2_ws/install/turtlesim_catch_em_all:/home/atharva/Learning_ROS2/ros2_ws/install/my_py_pkg:/opt/ros/humble /usr/bin/cmake --build /home/atharva/Learning_ROS2/ros2_ws/build/my_robot_interfaces -- -j4 -l4
[0.284s] [  1%] Built target my_robot_interfaces__cpp
[0.286s] [ 12%] Built target my_robot_interfaces__rosidl_generator_c
[0.301s] [ 12%] Built target ament_cmake_python_copy_my_robot_interfaces
[0.342s] [ 23%] Built target my_robot_interfaces__rosidl_typesupport_fastrtps_cpp
[0.352s] [ 35%] Built target my_robot_interfaces__rosidl_typesupport_cpp
[0.353s] [ 46%] Built target my_robot_interfaces__rosidl_typesupport_introspection_cpp
[0.367s] [ 57%] Built target my_robot_interfaces__rosidl_typesupport_fastrtps_c
[0.401s] [ 69%] Built target my_robot_interfaces__rosidl_typesupport_c
[0.413s] [ 80%] Built target my_robot_interfaces__rosidl_typesupport_introspection_c
[0.460s] [ 80%] Built target my_robot_interfaces
[0.481s] [ 81%] Built target my_robot_interfaces__py
[0.532s] [ 91%] Built target my_robot_interfaces__rosidl_generator_py
[0.583s] [ 94%] Built target my_robot_interfaces__rosidl_typesupport_fastrtps_c__pyext
[0.603s] [ 98%] Built target my_robot_interfaces__rosidl_typesupport_c__pyext
[0.605s] [100%] Built target my_robot_interfaces__rosidl_typesupport_introspection_c__pyext
[0.988s] running egg_info
[0.992s] writing my_robot_interfaces.egg-info/PKG-INFO
[0.992s] writing dependency_links to my_robot_interfaces.egg-info/dependency_links.txt
[0.992s] writing top-level names to my_robot_interfaces.egg-info/top_level.txt
[0.994s] reading manifest file 'my_robot_interfaces.egg-info/SOURCES.txt'
[0.996s] writing manifest file 'my_robot_interfaces.egg-info/SOURCES.txt'
[1.046s] [100%] Built target ament_cmake_python_build_my_robot_interfaces_egg
