[0.121s] Invoking command in '/home/atharva/Learning_ROS2/ros2_ws/build/autocar_description': CMAKE_PREFIX_PATH=${CMAKE_PREFIX_PATH}:/home/atharva/Learning_ROS2/ros2_ws/install/turtlesim_catch_em_all:/home/atharva/Learning_ROS2/ros2_ws/install/my_py_pkg:/opt/ros/humble /usr/bin/cmake /home/atharva/Learning_ROS2/ros2_ws/src/autocar/autocar_description -DCMAKE_INSTALL_PREFIX=/home/atharva/Learning_ROS2/ros2_ws/install/autocar_description
[0.214s] -- The C compiler identification is GNU 11.4.0
[0.263s] -- The CXX compiler identification is GNU 11.4.0
[0.267s] -- Detecting C compiler ABI info
[0.305s] -- Detecting C compiler ABI info - done
[0.310s] -- Check for working C compiler: /usr/bin/cc - skipped
[0.310s] -- Detecting C compile features
[0.310s] -- Detecting C compile features - done
[0.312s] -- Detecting CXX compiler ABI info
[0.355s] -- Detecting CXX compiler ABI info - done
[0.362s] -- Check for working CXX compiler: /usr/bin/c++ - skipped
[0.362s] -- Detecting CXX compile features
[0.362s] -- Detecting CXX compile features - done
[0.364s] -- Found ament_cmake: 1.3.6 (/opt/ros/humble/share/ament_cmake/cmake)
[0.459s] -- Found Python3: /usr/bin/python3.10 (found version "3.10.12") found components: Interpreter 
[0.504s] -- Found ament_lint_auto: 0.12.9 (/opt/ros/humble/share/ament_lint_auto/cmake)
[0.547s] -- Added test 'copyright' to check source files copyright and LICENSE
[0.548s] -- Added test 'lint_cmake' to check CMake code style
[0.549s] -- Added test 'xmllint' to check XML markup files
[0.550s] -- Configuring done
[0.551s] -- Generating done
[0.552s] -- Build files have been written to: /home/atharva/Learning_ROS2/ros2_ws/build/autocar_description
[0.554s] Invoked command in '/home/atharva/Learning_ROS2/ros2_ws/build/autocar_description' returned '0': CMAKE_PREFIX_PATH=${CMAKE_PREFIX_PATH}:/home/atharva/Learning_ROS2/ros2_ws/install/turtlesim_catch_em_all:/home/atharva/Learning_ROS2/ros2_ws/install/my_py_pkg:/opt/ros/humble /usr/bin/cmake /home/atharva/Learning_ROS2/ros2_ws/src/autocar/autocar_description -DCMAKE_INSTALL_PREFIX=/home/atharva/Learning_ROS2/ros2_ws/install/autocar_description
[0.556s] Invoking command in '/home/atharva/Learning_ROS2/ros2_ws/build/autocar_description': CMAKE_PREFIX_PATH=${CMAKE_PREFIX_PATH}:/home/atharva/Learning_ROS2/ros2_ws/install/turtlesim_catch_em_all:/home/atharva/Learning_ROS2/ros2_ws/install/my_py_pkg:/opt/ros/humble /usr/bin/cmake --build /home/atharva/Learning_ROS2/ros2_ws/build/autocar_description -- -j32 -l32
[0.578s] Invoked command in '/home/atharva/Learning_ROS2/ros2_ws/build/autocar_description' returned '0': CMAKE_PREFIX_PATH=${CMAKE_PREFIX_PATH}:/home/atharva/Learning_ROS2/ros2_ws/install/turtlesim_catch_em_all:/home/atharva/Learning_ROS2/ros2_ws/install/my_py_pkg:/opt/ros/humble /usr/bin/cmake --build /home/atharva/Learning_ROS2/ros2_ws/build/autocar_description -- -j32 -l32
[0.635s] Invoking command in '/home/atharva/Learning_ROS2/ros2_ws/build/autocar_description': CMAKE_PREFIX_PATH=${CMAKE_PREFIX_PATH}:/home/atharva/Learning_ROS2/ros2_ws/install/turtlesim_catch_em_all:/home/atharva/Learning_ROS2/ros2_ws/install/my_py_pkg:/opt/ros/humble /usr/bin/cmake --install /home/atharva/Learning_ROS2/ros2_ws/build/autocar_description
[0.665s] -- Install configuration: ""
[0.665s] -- Installing: /home/atharva/Learning_ROS2/ros2_ws/install/autocar_description/share/autocar_description//meshes
[0.665s] -- Installing: /home/atharva/Learning_ROS2/ros2_ws/install/autocar_description/share/autocar_description//meshes/spoiler.stl
[0.665s] -- Installing: /home/atharva/Learning_ROS2/ros2_ws/install/autocar_description/share/autocar_description//meshes/fr_1.stl
[0.665s] -- Installing: /home/atharva/Learning_ROS2/ros2_ws/install/autocar_description/share/autocar_description//meshes/bl_1.stl
[0.665s] -- Installing: /home/atharva/Learning_ROS2/ros2_ws/install/autocar_description/share/autocar_description//meshes/br_1.stl
[0.665s] -- Installing: /home/atharva/Learning_ROS2/ros2_ws/install/autocar_description/share/autocar_description//meshes/tire.dae
[0.665s] -- Installing: /home/atharva/Learning_ROS2/ros2_ws/install/autocar_description/share/autocar_description//meshes/hokuyo.dae
[0.665s] -- Installing: /home/atharva/Learning_ROS2/ros2_ws/install/autocar_description/share/autocar_description//meshes/lds.dae
[0.665s] -- Installing: /home/atharva/Learning_ROS2/ros2_ws/install/autocar_description/share/autocar_description//meshes/chassis_link.stl
[0.665s] -- Installing: /home/atharva/Learning_ROS2/ros2_ws/install/autocar_description/share/autocar_description//meshes/fl_1.stl
[0.666s] -- Installing: /home/atharva/Learning_ROS2/ros2_ws/install/autocar_description/share/autocar_description//urdf
[0.666s] -- Installing: /home/atharva/Learning_ROS2/ros2_ws/install/autocar_description/share/autocar_description//urdf/autocar.xacro
[0.666s] -- Installing: /home/atharva/Learning_ROS2/ros2_ws/install/autocar_description/share/autocar_description//rviz
[0.666s] -- Installing: /home/atharva/Learning_ROS2/ros2_ws/install/autocar_description/share/autocar_description//rviz/view.rviz
[0.666s] -- Installing: /home/atharva/Learning_ROS2/ros2_ws/install/autocar_description/share/ament_index/resource_index/package_run_dependencies/autocar_description
[0.666s] -- Installing: /home/atharva/Learning_ROS2/ros2_ws/install/autocar_description/share/ament_index/resource_index/parent_prefix_path/autocar_description
[0.666s] -- Installing: /home/atharva/Learning_ROS2/ros2_ws/install/autocar_description/share/autocar_description/environment/ament_prefix_path.sh
[0.666s] -- Installing: /home/atharva/Learning_ROS2/ros2_ws/install/autocar_description/share/autocar_description/environment/ament_prefix_path.dsv
[0.666s] -- Installing: /home/atharva/Learning_ROS2/ros2_ws/install/autocar_description/share/autocar_description/environment/path.sh
[0.666s] -- Installing: /home/atharva/Learning_ROS2/ros2_ws/install/autocar_description/share/autocar_description/environment/path.dsv
[0.666s] -- Installing: /home/atharva/Learning_ROS2/ros2_ws/install/autocar_description/share/autocar_description/local_setup.bash
[0.666s] -- Installing: /home/atharva/Learning_ROS2/ros2_ws/install/autocar_description/share/autocar_description/local_setup.sh
[0.666s] -- Installing: /home/atharva/Learning_ROS2/ros2_ws/install/autocar_description/share/autocar_description/local_setup.zsh
[0.666s] -- Installing: /home/atharva/Learning_ROS2/ros2_ws/install/autocar_description/share/autocar_description/local_setup.dsv
[0.666s] -- Installing: /home/atharva/Learning_ROS2/ros2_ws/install/autocar_description/share/autocar_description/package.dsv
[0.666s] -- Installing: /home/atharva/Learning_ROS2/ros2_ws/install/autocar_description/share/ament_index/resource_index/packages/autocar_description
[0.666s] -- Installing: /home/atharva/Learning_ROS2/ros2_ws/install/autocar_description/share/autocar_description/cmake/autocar_descriptionConfig.cmake
[0.666s] -- Installing: /home/atharva/Learning_ROS2/ros2_ws/install/autocar_description/share/autocar_description/cmake/autocar_descriptionConfig-version.cmake
[0.666s] -- Installing: /home/atharva/Learning_ROS2/ros2_ws/install/autocar_description/share/autocar_description/package.xml
[0.742s] Invoked command in '/home/atharva/Learning_ROS2/ros2_ws/build/autocar_description' returned '0': CMAKE_PREFIX_PATH=${CMAKE_PREFIX_PATH}:/home/atharva/Learning_ROS2/ros2_ws/install/turtlesim_catch_em_all:/home/atharva/Learning_ROS2/ros2_ws/install/my_py_pkg:/opt/ros/humble /usr/bin/cmake --install /home/atharva/Learning_ROS2/ros2_ws/build/autocar_description
