[0.283s] Invoking command in '/home/atharva/Learning_ROS2/build/my_robot_interfaces': CMAKE_PREFIX_PATH=${CMAKE_PREFIX_PATH}:/home/atharva/Learning_ROS2/ros2_ws/install/turtlesim_catch_em_all:/home/atharva/Learning_ROS2/ros2_ws/install/my_py_pkg:/opt/ros/humble: /usr/bin/cmake --build /home/atharva/Learning_ROS2/build/my_robot_interfaces -- -j4 -l4
[0.352s] [35m[1mConsolidate compiler generated dependencies of target my_robot_interfaces__rosidl_generator_c[0m
[0.362s] [  1%] Built target my_robot_interfaces__cpp
[0.384s] [ 12%] Built target my_robot_interfaces__rosidl_generator_c
[0.388s] [35m[1mConsolidate compiler generated dependencies of target my_robot_interfaces__rosidl_typesupport_cpp[0m
[0.389s] [35m[1mConsolidate compiler generated dependencies of target my_robot_interfaces__rosidl_typesupport_fastrtps_cpp[0m
[0.395s] [ 12%] Built target ament_cmake_python_symlink_my_robot_interfaces
[0.423s] [35m[1mConsolidate compiler generated dependencies of target my_robot_interfaces__rosidl_typesupport_introspection_cpp[0m
[0.432s] [ 23%] Built target my_robot_interfaces__rosidl_typesupport_fastrtps_cpp
[0.435s] [35m[1mConsolidate compiler generated dependencies of target my_robot_interfaces__rosidl_typesupport_fastrtps_c[0m
[0.439s] [ 35%] Built target my_robot_interfaces__rosidl_typesupport_cpp
[0.464s] [35m[1mConsolidate compiler generated dependencies of target my_robot_interfaces__rosidl_typesupport_introspection_c[0m
[0.468s] [35m[1mConsolidate compiler generated dependencies of target my_robot_interfaces__rosidl_typesupport_c[0m
[0.492s] [ 46%] Built target my_robot_interfaces__rosidl_typesupport_introspection_cpp
[0.504s] [ 57%] Built target my_robot_interfaces__rosidl_typesupport_introspection_c
[0.511s] [ 69%] Built target my_robot_interfaces__rosidl_typesupport_c
[0.517s] [ 80%] Built target my_robot_interfaces__rosidl_typesupport_fastrtps_c
[0.561s] [ 80%] Built target my_robot_interfaces
[0.604s] [ 81%] Built target my_robot_interfaces__py
[0.628s] [35m[1mConsolidate compiler generated dependencies of target my_robot_interfaces__rosidl_generator_py[0m
[0.667s] [ 91%] Built target my_robot_interfaces__rosidl_generator_py
[0.705s] [35m[1mConsolidate compiler generated dependencies of target my_robot_interfaces__rosidl_typesupport_introspection_c__pyext[0m
[0.708s] [35m[1mConsolidate compiler generated dependencies of target my_robot_interfaces__rosidl_typesupport_fastrtps_c__pyext[0m
[0.744s] [ 94%] Built target my_robot_interfaces__rosidl_typesupport_introspection_c__pyext
[0.749s] [35m[1mConsolidate compiler generated dependencies of target my_robot_interfaces__rosidl_typesupport_c__pyext[0m
[0.758s] [ 97%] Built target my_robot_interfaces__rosidl_typesupport_fastrtps_c__pyext
[0.779s] [100%] Built target my_robot_interfaces__rosidl_typesupport_c__pyext
[1.073s] running egg_info
[1.075s] writing my_robot_interfaces.egg-info/PKG-INFO
[1.076s] writing dependency_links to my_robot_interfaces.egg-info/dependency_links.txt
[1.076s] writing top-level names to my_robot_interfaces.egg-info/top_level.txt
[1.080s] reading manifest file 'my_robot_interfaces.egg-info/SOURCES.txt'
[1.083s] writing manifest file 'my_robot_interfaces.egg-info/SOURCES.txt'
[1.127s] [100%] Built target ament_cmake_python_build_my_robot_interfaces_egg
[1.154s] Invoked command in '/home/atharva/Learning_ROS2/build/my_robot_interfaces' returned '0': CMAKE_PREFIX_PATH=${CMAKE_PREFIX_PATH}:/home/atharva/Learning_ROS2/ros2_ws/install/turtlesim_catch_em_all:/home/atharva/Learning_ROS2/ros2_ws/install/my_py_pkg:/opt/ros/humble: /usr/bin/cmake --build /home/atharva/Learning_ROS2/build/my_robot_interfaces -- -j4 -l4
[1.568s] Invoking command in '/home/atharva/Learning_ROS2/build/my_robot_interfaces': CMAKE_PREFIX_PATH=${CMAKE_PREFIX_PATH}:/home/atharva/Learning_ROS2/ros2_ws/install/turtlesim_catch_em_all:/home/atharva/Learning_ROS2/ros2_ws/install/my_py_pkg:/opt/ros/humble: /usr/bin/cmake --install /home/atharva/Learning_ROS2/build/my_robot_interfaces
[1.577s] -- Install configuration: "Debug"
[1.578s] -- Execute custom install script
[1.578s] -- Up-to-date symlink: /home/atharva/Learning_ROS2/install/my_robot_interfaces/share/ament_index/resource_index/rosidl_interfaces/my_robot_interfaces
[1.579s] -- Up-to-date symlink: /home/atharva/Learning_ROS2/install/my_robot_interfaces/include/my_robot_interfaces/my_robot_interfaces/msg/detail/hardware_status__functions.h
[1.580s] -- Up-to-date symlink: /home/atharva/Learning_ROS2/install/my_robot_interfaces/include/my_robot_interfaces/my_robot_interfaces/msg/detail/hardware_status__struct.h
[1.580s] -- Up-to-date symlink: /home/atharva/Learning_ROS2/install/my_robot_interfaces/include/my_robot_interfaces/my_robot_interfaces/msg/detail/hardware_status__type_support.h
[1.581s] -- Up-to-date symlink: /home/atharva/Learning_ROS2/install/my_robot_interfaces/include/my_robot_interfaces/my_robot_interfaces/msg/detail/led_status__functions.h
[1.581s] -- Up-to-date symlink: /home/atharva/Learning_ROS2/install/my_robot_interfaces/include/my_robot_interfaces/my_robot_interfaces/msg/detail/led_status__struct.h
[1.581s] -- Up-to-date symlink: /home/atharva/Learning_ROS2/install/my_robot_interfaces/include/my_robot_interfaces/my_robot_interfaces/msg/detail/led_status__type_support.h
[1.581s] -- Up-to-date symlink: /home/atharva/Learning_ROS2/install/my_robot_interfaces/include/my_robot_interfaces/my_robot_interfaces/msg/detail/target_list__functions.h
[1.581s] -- Up-to-date symlink: /home/atharva/Learning_ROS2/install/my_robot_interfaces/include/my_robot_interfaces/my_robot_interfaces/msg/detail/target_list__struct.h
[1.582s] -- Up-to-date symlink: /home/atharva/Learning_ROS2/install/my_robot_interfaces/include/my_robot_interfaces/my_robot_interfaces/msg/detail/target_list__type_support.h
[1.582s] -- Up-to-date symlink: /home/atharva/Learning_ROS2/install/my_robot_interfaces/include/my_robot_interfaces/my_robot_interfaces/msg/hardware_status.h
[1.582s] -- Up-to-date symlink: /home/atharva/Learning_ROS2/install/my_robot_interfaces/include/my_robot_interfaces/my_robot_interfaces/msg/led_status.h
[1.582s] -- Up-to-date symlink: /home/atharva/Learning_ROS2/install/my_robot_interfaces/include/my_robot_interfaces/my_robot_interfaces/msg/rosidl_generator_c__visibility_control.h
[1.582s] -- Up-to-date symlink: /home/atharva/Learning_ROS2/install/my_robot_interfaces/include/my_robot_interfaces/my_robot_interfaces/msg/target_list.h
[1.583s] -- Up-to-date symlink: /home/atharva/Learning_ROS2/install/my_robot_interfaces/include/my_robot_interfaces/my_robot_interfaces/srv/compute_rectangle_area.h
[1.583s] -- Up-to-date symlink: /home/atharva/Learning_ROS2/install/my_robot_interfaces/include/my_robot_interfaces/my_robot_interfaces/srv/control_turtle.h
[1.583s] -- Up-to-date symlink: /home/atharva/Learning_ROS2/install/my_robot_interfaces/include/my_robot_interfaces/my_robot_interfaces/srv/detail/compute_rectangle_area__functions.h
[1.583s] -- Up-to-date symlink: /home/atharva/Learning_ROS2/install/my_robot_interfaces/include/my_robot_interfaces/my_robot_interfaces/srv/detail/compute_rectangle_area__struct.h
[1.583s] -- Up-to-date symlink: /home/atharva/Learning_ROS2/install/my_robot_interfaces/include/my_robot_interfaces/my_robot_interfaces/srv/detail/compute_rectangle_area__type_support.h
[1.584s] -- Up-to-date symlink: /home/atharva/Learning_ROS2/install/my_robot_interfaces/include/my_robot_interfaces/my_robot_interfaces/srv/detail/control_turtle__functions.h
[1.584s] -- Up-to-date symlink: /home/atharva/Learning_ROS2/install/my_robot_interfaces/include/my_robot_interfaces/my_robot_interfaces/srv/detail/control_turtle__struct.h
[1.584s] -- Up-to-date symlink: /home/atharva/Learning_ROS2/install/my_robot_interfaces/include/my_robot_interfaces/my_robot_interfaces/srv/detail/control_turtle__type_support.h
[1.585s] -- Up-to-date symlink: /home/atharva/Learning_ROS2/install/my_robot_interfaces/include/my_robot_interfaces/my_robot_interfaces/srv/detail/set_led__functions.h
[1.585s] -- Up-to-date symlink: /home/atharva/Learning_ROS2/install/my_robot_interfaces/include/my_robot_interfaces/my_robot_interfaces/srv/detail/set_led__struct.h
[1.585s] -- Up-to-date symlink: /home/atharva/Learning_ROS2/install/my_robot_interfaces/include/my_robot_interfaces/my_robot_interfaces/srv/detail/set_led__type_support.h
[1.585s] -- Up-to-date symlink: /home/atharva/Learning_ROS2/install/my_robot_interfaces/include/my_robot_interfaces/my_robot_interfaces/srv/set_led.h
[1.585s] -- Up-to-date symlink: /home/atharva/Learning_ROS2/install/my_robot_interfaces/share/my_robot_interfaces/environment/library_path.sh
[1.586s] -- Up-to-date symlink: /home/atharva/Learning_ROS2/install/my_robot_interfaces/share/my_robot_interfaces/environment/library_path.dsv
[1.587s] -- Up-to-date symlink: /home/atharva/Learning_ROS2/install/my_robot_interfaces/include/my_robot_interfaces/my_robot_interfaces/msg/detail/hardware_status__rosidl_typesupport_fastrtps_c.h
[1.588s] -- Up-to-date symlink: /home/atharva/Learning_ROS2/install/my_robot_interfaces/include/my_robot_interfaces/my_robot_interfaces/msg/detail/led_status__rosidl_typesupport_fastrtps_c.h
[1.588s] -- Up-to-date symlink: /home/atharva/Learning_ROS2/install/my_robot_interfaces/include/my_robot_interfaces/my_robot_interfaces/msg/detail/target_list__rosidl_typesupport_fastrtps_c.h
[1.588s] -- Up-to-date symlink: /home/atharva/Learning_ROS2/install/my_robot_interfaces/include/my_robot_interfaces/my_robot_interfaces/msg/rosidl_typesupport_fastrtps_c__visibility_control.h
[1.589s] -- Up-to-date symlink: /home/atharva/Learning_ROS2/install/my_robot_interfaces/include/my_robot_interfaces/my_robot_interfaces/srv/detail/compute_rectangle_area__rosidl_typesupport_fastrtps_c.h
[1.589s] -- Up-to-date symlink: /home/atharva/Learning_ROS2/install/my_robot_interfaces/include/my_robot_interfaces/my_robot_interfaces/srv/detail/control_turtle__rosidl_typesupport_fastrtps_c.h
[1.589s] -- Up-to-date symlink: /home/atharva/Learning_ROS2/install/my_robot_interfaces/include/my_robot_interfaces/my_robot_interfaces/srv/detail/set_led__rosidl_typesupport_fastrtps_c.h
[1.589s] -- Up-to-date symlink: /home/atharva/Learning_ROS2/install/my_robot_interfaces/include/my_robot_interfaces/my_robot_interfaces/msg/detail/hardware_status__rosidl_typesupport_introspection_c.h
[1.589s] -- Up-to-date symlink: /home/atharva/Learning_ROS2/install/my_robot_interfaces/include/my_robot_interfaces/my_robot_interfaces/msg/detail/led_status__rosidl_typesupport_introspection_c.h
[1.590s] -- Up-to-date symlink: /home/atharva/Learning_ROS2/install/my_robot_interfaces/include/my_robot_interfaces/my_robot_interfaces/msg/detail/target_list__rosidl_typesupport_introspection_c.h
[1.590s] -- Up-to-date symlink: /home/atharva/Learning_ROS2/install/my_robot_interfaces/include/my_robot_interfaces/my_robot_interfaces/msg/rosidl_typesupport_introspection_c__visibility_control.h
[1.590s] -- Up-to-date symlink: /home/atharva/Learning_ROS2/install/my_robot_interfaces/include/my_robot_interfaces/my_robot_interfaces/srv/detail/compute_rectangle_area__rosidl_typesupport_introspection_c.h
[1.590s] -- Up-to-date symlink: /home/atharva/Learning_ROS2/install/my_robot_interfaces/include/my_robot_interfaces/my_robot_interfaces/srv/detail/control_turtle__rosidl_typesupport_introspection_c.h
[1.590s] -- Up-to-date symlink: /home/atharva/Learning_ROS2/install/my_robot_interfaces/include/my_robot_interfaces/my_robot_interfaces/srv/detail/set_led__rosidl_typesupport_introspection_c.h
[1.591s] -- Up-to-date symlink: /home/atharva/Learning_ROS2/install/my_robot_interfaces/include/my_robot_interfaces/my_robot_interfaces/msg/detail/hardware_status__builder.hpp
[1.592s] -- Up-to-date symlink: /home/atharva/Learning_ROS2/install/my_robot_interfaces/include/my_robot_interfaces/my_robot_interfaces/msg/detail/hardware_status__struct.hpp
[1.592s] -- Up-to-date symlink: /home/atharva/Learning_ROS2/install/my_robot_interfaces/include/my_robot_interfaces/my_robot_interfaces/msg/detail/hardware_status__traits.hpp
[1.592s] -- Up-to-date symlink: /home/atharva/Learning_ROS2/install/my_robot_interfaces/include/my_robot_interfaces/my_robot_interfaces/msg/detail/led_status__builder.hpp
[1.592s] -- Up-to-date symlink: /home/atharva/Learning_ROS2/install/my_robot_interfaces/include/my_robot_interfaces/my_robot_interfaces/msg/detail/led_status__struct.hpp
[1.593s] -- Up-to-date symlink: /home/atharva/Learning_ROS2/install/my_robot_interfaces/include/my_robot_interfaces/my_robot_interfaces/msg/detail/led_status__traits.hpp
[1.593s] -- Up-to-date symlink: /home/atharva/Learning_ROS2/install/my_robot_interfaces/include/my_robot_interfaces/my_robot_interfaces/msg/detail/target_list__builder.hpp
[1.593s] -- Up-to-date symlink: /home/atharva/Learning_ROS2/install/my_robot_interfaces/include/my_robot_interfaces/my_robot_interfaces/msg/detail/target_list__struct.hpp
[1.593s] -- Up-to-date symlink: /home/atharva/Learning_ROS2/install/my_robot_interfaces/include/my_robot_interfaces/my_robot_interfaces/msg/detail/target_list__traits.hpp
[1.593s] -- Up-to-date symlink: /home/atharva/Learning_ROS2/install/my_robot_interfaces/include/my_robot_interfaces/my_robot_interfaces/msg/hardware_status.hpp
[1.594s] -- Up-to-date symlink: /home/atharva/Learning_ROS2/install/my_robot_interfaces/include/my_robot_interfaces/my_robot_interfaces/msg/led_status.hpp
[1.594s] -- Up-to-date symlink: /home/atharva/Learning_ROS2/install/my_robot_interfaces/include/my_robot_interfaces/my_robot_interfaces/msg/target_list.hpp
[1.594s] -- Up-to-date symlink: /home/atharva/Learning_ROS2/install/my_robot_interfaces/include/my_robot_interfaces/my_robot_interfaces/srv/compute_rectangle_area.hpp
[1.594s] -- Up-to-date symlink: /home/atharva/Learning_ROS2/install/my_robot_interfaces/include/my_robot_interfaces/my_robot_interfaces/srv/control_turtle.hpp
[1.595s] -- Up-to-date symlink: /home/atharva/Learning_ROS2/install/my_robot_interfaces/include/my_robot_interfaces/my_robot_interfaces/srv/detail/compute_rectangle_area__builder.hpp
[1.595s] -- Up-to-date symlink: /home/atharva/Learning_ROS2/install/my_robot_interfaces/include/my_robot_interfaces/my_robot_interfaces/srv/detail/compute_rectangle_area__struct.hpp
[1.595s] -- Up-to-date symlink: /home/atharva/Learning_ROS2/install/my_robot_interfaces/include/my_robot_interfaces/my_robot_interfaces/srv/detail/compute_rectangle_area__traits.hpp
[1.595s] -- Up-to-date symlink: /home/atharva/Learning_ROS2/install/my_robot_interfaces/include/my_robot_interfaces/my_robot_interfaces/srv/detail/control_turtle__builder.hpp
[1.595s] -- Up-to-date symlink: /home/atharva/Learning_ROS2/install/my_robot_interfaces/include/my_robot_interfaces/my_robot_interfaces/srv/detail/control_turtle__struct.hpp
[1.596s] -- Up-to-date symlink: /home/atharva/Learning_ROS2/install/my_robot_interfaces/include/my_robot_interfaces/my_robot_interfaces/srv/detail/control_turtle__traits.hpp
[1.596s] -- Up-to-date symlink: /home/atharva/Learning_ROS2/install/my_robot_interfaces/include/my_robot_interfaces/my_robot_interfaces/srv/detail/set_led__builder.hpp
[1.596s] -- Up-to-date symlink: /home/atharva/Learning_ROS2/install/my_robot_interfaces/include/my_robot_interfaces/my_robot_interfaces/srv/detail/set_led__struct.hpp
[1.596s] -- Up-to-date symlink: /home/atharva/Learning_ROS2/install/my_robot_interfaces/include/my_robot_interfaces/my_robot_interfaces/srv/detail/set_led__traits.hpp
[1.596s] -- Up-to-date symlink: /home/atharva/Learning_ROS2/install/my_robot_interfaces/include/my_robot_interfaces/my_robot_interfaces/srv/set_led.hpp
[1.597s] -- Up-to-date symlink: /home/atharva/Learning_ROS2/install/my_robot_interfaces/include/my_robot_interfaces/my_robot_interfaces/msg/detail/hardware_status__rosidl_typesupport_fastrtps_cpp.hpp
[1.598s] -- Up-to-date symlink: /home/atharva/Learning_ROS2/install/my_robot_interfaces/include/my_robot_interfaces/my_robot_interfaces/msg/detail/led_status__rosidl_typesupport_fastrtps_cpp.hpp
[1.598s] -- Up-to-date symlink: /home/atharva/Learning_ROS2/install/my_robot_interfaces/include/my_robot_interfaces/my_robot_interfaces/msg/detail/target_list__rosidl_typesupport_fastrtps_cpp.hpp
[1.598s] -- Up-to-date symlink: /home/atharva/Learning_ROS2/install/my_robot_interfaces/include/my_robot_interfaces/my_robot_interfaces/msg/rosidl_typesupport_fastrtps_cpp__visibility_control.h
[1.598s] -- Up-to-date symlink: /home/atharva/Learning_ROS2/install/my_robot_interfaces/include/my_robot_interfaces/my_robot_interfaces/srv/detail/compute_rectangle_area__rosidl_typesupport_fastrtps_cpp.hpp
[1.598s] -- Up-to-date symlink: /home/atharva/Learning_ROS2/install/my_robot_interfaces/include/my_robot_interfaces/my_robot_interfaces/srv/detail/control_turtle__rosidl_typesupport_fastrtps_cpp.hpp
[1.599s] -- Up-to-date symlink: /home/atharva/Learning_ROS2/install/my_robot_interfaces/include/my_robot_interfaces/my_robot_interfaces/srv/detail/set_led__rosidl_typesupport_fastrtps_cpp.hpp
[1.599s] -- Up-to-date symlink: /home/atharva/Learning_ROS2/install/my_robot_interfaces/include/my_robot_interfaces/my_robot_interfaces/msg/detail/hardware_status__rosidl_typesupport_introspection_cpp.hpp
[1.600s] -- Up-to-date symlink: /home/atharva/Learning_ROS2/install/my_robot_interfaces/include/my_robot_interfaces/my_robot_interfaces/msg/detail/led_status__rosidl_typesupport_introspection_cpp.hpp
[1.600s] -- Up-to-date symlink: /home/atharva/Learning_ROS2/install/my_robot_interfaces/include/my_robot_interfaces/my_robot_interfaces/msg/detail/target_list__rosidl_typesupport_introspection_cpp.hpp
[1.600s] -- Up-to-date symlink: /home/atharva/Learning_ROS2/install/my_robot_interfaces/include/my_robot_interfaces/my_robot_interfaces/srv/detail/compute_rectangle_area__rosidl_typesupport_introspection_cpp.hpp
[1.600s] -- Up-to-date symlink: /home/atharva/Learning_ROS2/install/my_robot_interfaces/include/my_robot_interfaces/my_robot_interfaces/srv/detail/control_turtle__rosidl_typesupport_introspection_cpp.hpp
[1.601s] -- Up-to-date symlink: /home/atharva/Learning_ROS2/install/my_robot_interfaces/include/my_robot_interfaces/my_robot_interfaces/srv/detail/set_led__rosidl_typesupport_introspection_cpp.hpp
[1.601s] -- Up-to-date symlink: /home/atharva/Learning_ROS2/install/my_robot_interfaces/share/my_robot_interfaces/environment/pythonpath.sh
[1.601s] -- Up-to-date symlink: /home/atharva/Learning_ROS2/install/my_robot_interfaces/share/my_robot_interfaces/environment/pythonpath.dsv
[1.601s] -- Up-to-date symlink: /home/atharva/Learning_ROS2/install/my_robot_interfaces/local/lib/python3.10/dist-packages/my_robot_interfaces-0.0.0-py3.10.egg-info/PKG-INFO
[1.602s] -- Up-to-date symlink: /home/atharva/Learning_ROS2/install/my_robot_interfaces/local/lib/python3.10/dist-packages/my_robot_interfaces-0.0.0-py3.10.egg-info/SOURCES.txt
[1.602s] -- Up-to-date symlink: /home/atharva/Learning_ROS2/install/my_robot_interfaces/local/lib/python3.10/dist-packages/my_robot_interfaces-0.0.0-py3.10.egg-info/dependency_links.txt
[1.602s] -- Up-to-date symlink: /home/atharva/Learning_ROS2/install/my_robot_interfaces/local/lib/python3.10/dist-packages/my_robot_interfaces-0.0.0-py3.10.egg-info/top_level.txt
[1.603s] -- Up-to-date symlink: /home/atharva/Learning_ROS2/install/my_robot_interfaces/local/lib/python3.10/dist-packages/my_robot_interfaces/__init__.py
[1.603s] -- Up-to-date symlink: /home/atharva/Learning_ROS2/install/my_robot_interfaces/local/lib/python3.10/dist-packages/my_robot_interfaces/_my_robot_interfaces_s.ep.rosidl_typesupport_c.c
[1.604s] -- Up-to-date symlink: /home/atharva/Learning_ROS2/install/my_robot_interfaces/local/lib/python3.10/dist-packages/my_robot_interfaces/_my_robot_interfaces_s.ep.rosidl_typesupport_fastrtps_c.c
[1.604s] -- Up-to-date symlink: /home/atharva/Learning_ROS2/install/my_robot_interfaces/local/lib/python3.10/dist-packages/my_robot_interfaces/_my_robot_interfaces_s.ep.rosidl_typesupport_introspection_c.c
[1.604s] -- Up-to-date symlink: /home/atharva/Learning_ROS2/install/my_robot_interfaces/local/lib/python3.10/dist-packages/my_robot_interfaces/libmy_robot_interfaces__rosidl_generator_py.so
[1.605s] -- Up-to-date symlink: /home/atharva/Learning_ROS2/install/my_robot_interfaces/local/lib/python3.10/dist-packages/my_robot_interfaces/msg/__init__.py
[1.606s] -- Up-to-date symlink: /home/atharva/Learning_ROS2/install/my_robot_interfaces/local/lib/python3.10/dist-packages/my_robot_interfaces/msg/_hardware_status.py
[1.607s] -- Up-to-date symlink: /home/atharva/Learning_ROS2/install/my_robot_interfaces/local/lib/python3.10/dist-packages/my_robot_interfaces/msg/_hardware_status_s.c
[1.607s] -- Up-to-date symlink: /home/atharva/Learning_ROS2/install/my_robot_interfaces/local/lib/python3.10/dist-packages/my_robot_interfaces/msg/_led_status.py
[1.608s] -- Up-to-date symlink: /home/atharva/Learning_ROS2/install/my_robot_interfaces/local/lib/python3.10/dist-packages/my_robot_interfaces/msg/_led_status_s.c
[1.608s] -- Up-to-date symlink: /home/atharva/Learning_ROS2/install/my_robot_interfaces/local/lib/python3.10/dist-packages/my_robot_interfaces/msg/_target_list.py
[1.609s] -- Up-to-date symlink: /home/atharva/Learning_ROS2/install/my_robot_interfaces/local/lib/python3.10/dist-packages/my_robot_interfaces/msg/_target_list_s.c
[1.609s] -- Up-to-date symlink: /home/atharva/Learning_ROS2/install/my_robot_interfaces/local/lib/python3.10/dist-packages/my_robot_interfaces/my_robot_interfaces_s__rosidl_typesupport_c.cpython-310-x86_64-linux-gnu.so
[1.609s] -- Up-to-date symlink: /home/atharva/Learning_ROS2/install/my_robot_interfaces/local/lib/python3.10/dist-packages/my_robot_interfaces/my_robot_interfaces_s__rosidl_typesupport_fastrtps_c.cpython-310-x86_64-linux-gnu.so
[1.610s] -- Up-to-date symlink: /home/atharva/Learning_ROS2/install/my_robot_interfaces/local/lib/python3.10/dist-packages/my_robot_interfaces/my_robot_interfaces_s__rosidl_typesupport_introspection_c.cpython-310-x86_64-linux-gnu.so
[1.610s] -- Up-to-date symlink: /home/atharva/Learning_ROS2/install/my_robot_interfaces/local/lib/python3.10/dist-packages/my_robot_interfaces/srv/__init__.py
[1.610s] -- Up-to-date symlink: /home/atharva/Learning_ROS2/install/my_robot_interfaces/local/lib/python3.10/dist-packages/my_robot_interfaces/srv/_compute_rectangle_area.py
[1.610s] -- Up-to-date symlink: /home/atharva/Learning_ROS2/install/my_robot_interfaces/local/lib/python3.10/dist-packages/my_robot_interfaces/srv/_compute_rectangle_area_s.c
[1.611s] -- Up-to-date symlink: /home/atharva/Learning_ROS2/install/my_robot_interfaces/local/lib/python3.10/dist-packages/my_robot_interfaces/srv/_control_turtle.py
[1.611s] -- Up-to-date symlink: /home/atharva/Learning_ROS2/install/my_robot_interfaces/local/lib/python3.10/dist-packages/my_robot_interfaces/srv/_control_turtle_s.c
[1.611s] -- Up-to-date symlink: /home/atharva/Learning_ROS2/install/my_robot_interfaces/local/lib/python3.10/dist-packages/my_robot_interfaces/srv/_set_led.py
[1.611s] -- Up-to-date symlink: /home/atharva/Learning_ROS2/install/my_robot_interfaces/local/lib/python3.10/dist-packages/my_robot_interfaces/srv/_set_led_s.c
[1.611s] -- Up-to-date symlink: /home/atharva/Learning_ROS2/install/my_robot_interfaces/local/lib/python3.10/dist-packages/my_robot_interfaces/my_robot_interfaces_s__rosidl_typesupport_fastrtps_c.cpython-310-x86_64-linux-gnu.so
[1.612s] -- Up-to-date symlink: /home/atharva/Learning_ROS2/install/my_robot_interfaces/local/lib/python3.10/dist-packages/my_robot_interfaces/my_robot_interfaces_s__rosidl_typesupport_introspection_c.cpython-310-x86_64-linux-gnu.so
[1.612s] -- Up-to-date symlink: /home/atharva/Learning_ROS2/install/my_robot_interfaces/local/lib/python3.10/dist-packages/my_robot_interfaces/my_robot_interfaces_s__rosidl_typesupport_c.cpython-310-x86_64-linux-gnu.so
[1.612s] -- Up-to-date symlink: /home/atharva/Learning_ROS2/install/my_robot_interfaces/share/my_robot_interfaces/msg/HardwareStatus.idl
[1.612s] -- Up-to-date symlink: /home/atharva/Learning_ROS2/install/my_robot_interfaces/share/my_robot_interfaces/srv/ComputeRectangleArea.idl
[1.612s] -- Up-to-date symlink: /home/atharva/Learning_ROS2/install/my_robot_interfaces/share/my_robot_interfaces/srv/SetLed.idl
[1.612s] -- Up-to-date symlink: /home/atharva/Learning_ROS2/install/my_robot_interfaces/share/my_robot_interfaces/msg/LedStatus.idl
[1.612s] -- Up-to-date symlink: /home/atharva/Learning_ROS2/install/my_robot_interfaces/share/my_robot_interfaces/msg/TargetList.idl
[1.613s] -- Up-to-date symlink: /home/atharva/Learning_ROS2/install/my_robot_interfaces/share/my_robot_interfaces/srv/ControlTurtle.idl
[1.613s] -- Up-to-date symlink: /home/atharva/Learning_ROS2/install/my_robot_interfaces/share/my_robot_interfaces/msg/HardwareStatus.msg
[1.613s] -- Up-to-date symlink: /home/atharva/Learning_ROS2/install/my_robot_interfaces/share/my_robot_interfaces/srv/ComputeRectangleArea.srv
[1.613s] -- Up-to-date symlink: /home/atharva/Learning_ROS2/install/my_robot_interfaces/share/my_robot_interfaces/srv/ComputeRectangleArea_Request.msg
[1.614s] -- Up-to-date symlink: /home/atharva/Learning_ROS2/install/my_robot_interfaces/share/my_robot_interfaces/srv/ComputeRectangleArea_Response.msg
[1.614s] -- Up-to-date symlink: /home/atharva/Learning_ROS2/install/my_robot_interfaces/share/my_robot_interfaces/srv/SetLed.srv
[1.614s] -- Up-to-date symlink: /home/atharva/Learning_ROS2/install/my_robot_interfaces/share/my_robot_interfaces/srv/SetLed_Request.msg
[1.615s] -- Up-to-date symlink: /home/atharva/Learning_ROS2/install/my_robot_interfaces/share/my_robot_interfaces/srv/SetLed_Response.msg
[1.615s] -- Up-to-date symlink: /home/atharva/Learning_ROS2/install/my_robot_interfaces/share/my_robot_interfaces/msg/LedStatus.msg
[1.615s] -- Up-to-date symlink: /home/atharva/Learning_ROS2/install/my_robot_interfaces/share/my_robot_interfaces/msg/TargetList.msg
[1.616s] -- Up-to-date symlink: /home/atharva/Learning_ROS2/install/my_robot_interfaces/share/my_robot_interfaces/srv/ControlTurtle.srv
[1.616s] -- Up-to-date symlink: /home/atharva/Learning_ROS2/install/my_robot_interfaces/share/my_robot_interfaces/srv/ControlTurtle_Request.msg
[1.616s] -- Up-to-date symlink: /home/atharva/Learning_ROS2/install/my_robot_interfaces/share/my_robot_interfaces/srv/ControlTurtle_Response.msg
[1.617s] -- Up-to-date symlink: /home/atharva/Learning_ROS2/install/my_robot_interfaces/share/ament_index/resource_index/package_run_dependencies/my_robot_interfaces
[1.617s] -- Up-to-date symlink: /home/atharva/Learning_ROS2/install/my_robot_interfaces/share/ament_index/resource_index/parent_prefix_path/my_robot_interfaces
[1.617s] -- Up-to-date symlink: /home/atharva/Learning_ROS2/install/my_robot_interfaces/share/my_robot_interfaces/environment/ament_prefix_path.sh
[1.617s] -- Up-to-date symlink: /home/atharva/Learning_ROS2/install/my_robot_interfaces/share/my_robot_interfaces/environment/ament_prefix_path.dsv
[1.618s] -- Up-to-date symlink: /home/atharva/Learning_ROS2/install/my_robot_interfaces/share/my_robot_interfaces/environment/path.sh
[1.618s] -- Up-to-date symlink: /home/atharva/Learning_ROS2/install/my_robot_interfaces/share/my_robot_interfaces/environment/path.dsv
[1.618s] -- Up-to-date symlink: /home/atharva/Learning_ROS2/install/my_robot_interfaces/share/my_robot_interfaces/local_setup.bash
[1.619s] -- Up-to-date symlink: /home/atharva/Learning_ROS2/install/my_robot_interfaces/share/my_robot_interfaces/local_setup.sh
[1.619s] -- Up-to-date symlink: /home/atharva/Learning_ROS2/install/my_robot_interfaces/share/my_robot_interfaces/local_setup.zsh
[1.619s] -- Up-to-date symlink: /home/atharva/Learning_ROS2/install/my_robot_interfaces/share/my_robot_interfaces/local_setup.dsv
[1.620s] -- Symlinking: /home/atharva/Learning_ROS2/install/my_robot_interfaces/share/my_robot_interfaces/package.dsv
[1.631s] -- Up-to-date symlink: /home/atharva/Learning_ROS2/install/my_robot_interfaces/share/ament_index/resource_index/packages/my_robot_interfaces
[1.632s] -- Up-to-date symlink: /home/atharva/Learning_ROS2/install/my_robot_interfaces/share/my_robot_interfaces/cmake/rosidl_cmake-extras.cmake
[1.632s] -- Up-to-date symlink: /home/atharva/Learning_ROS2/install/my_robot_interfaces/share/my_robot_interfaces/cmake/ament_cmake_export_include_directories-extras.cmake
[1.632s] -- Up-to-date symlink: /home/atharva/Learning_ROS2/install/my_robot_interfaces/share/my_robot_interfaces/cmake/ament_cmake_export_libraries-extras.cmake
[1.632s] -- Up-to-date symlink: /home/atharva/Learning_ROS2/install/my_robot_interfaces/share/my_robot_interfaces/cmake/ament_cmake_export_targets-extras.cmake
[1.633s] -- Up-to-date symlink: /home/atharva/Learning_ROS2/install/my_robot_interfaces/share/my_robot_interfaces/cmake/rosidl_cmake_export_typesupport_targets-extras.cmake
[1.633s] -- Up-to-date symlink: /home/atharva/Learning_ROS2/install/my_robot_interfaces/share/my_robot_interfaces/cmake/ament_cmake_export_dependencies-extras.cmake
[1.633s] -- Up-to-date symlink: /home/atharva/Learning_ROS2/install/my_robot_interfaces/share/my_robot_interfaces/cmake/rosidl_cmake_export_typesupport_libraries-extras.cmake
[1.634s] -- Up-to-date symlink: /home/atharva/Learning_ROS2/install/my_robot_interfaces/share/my_robot_interfaces/cmake/my_robot_interfacesConfig.cmake
[1.634s] -- Up-to-date symlink: /home/atharva/Learning_ROS2/install/my_robot_interfaces/share/my_robot_interfaces/cmake/my_robot_interfacesConfig-version.cmake
[1.634s] -- Up-to-date symlink: /home/atharva/Learning_ROS2/install/my_robot_interfaces/share/my_robot_interfaces/package.xml
[1.635s] -- Up-to-date: /home/atharva/Learning_ROS2/install/my_robot_interfaces/lib/libmy_robot_interfaces__rosidl_generator_c.so
[1.635s] -- Up-to-date: /home/atharva/Learning_ROS2/install/my_robot_interfaces/lib/libmy_robot_interfaces__rosidl_typesupport_fastrtps_c.so
[1.636s] -- Up-to-date: /home/atharva/Learning_ROS2/install/my_robot_interfaces/lib/libmy_robot_interfaces__rosidl_typesupport_introspection_c.so
[1.636s] -- Up-to-date: /home/atharva/Learning_ROS2/install/my_robot_interfaces/lib/libmy_robot_interfaces__rosidl_typesupport_c.so
[1.637s] -- Up-to-date: /home/atharva/Learning_ROS2/install/my_robot_interfaces/lib/libmy_robot_interfaces__rosidl_typesupport_fastrtps_cpp.so
[1.638s] -- Up-to-date: /home/atharva/Learning_ROS2/install/my_robot_interfaces/lib/libmy_robot_interfaces__rosidl_typesupport_introspection_cpp.so
[1.639s] -- Up-to-date: /home/atharva/Learning_ROS2/install/my_robot_interfaces/lib/libmy_robot_interfaces__rosidl_typesupport_cpp.so
[1.682s] Listing '/home/atharva/Learning_ROS2/install/my_robot_interfaces/local/lib/python3.10/dist-packages/my_robot_interfaces'...
[1.682s] Listing '/home/atharva/Learning_ROS2/install/my_robot_interfaces/local/lib/python3.10/dist-packages/my_robot_interfaces/msg'...
[1.682s] Listing '/home/atharva/Learning_ROS2/install/my_robot_interfaces/local/lib/python3.10/dist-packages/my_robot_interfaces/srv'...
[1.689s] -- Up-to-date: /home/atharva/Learning_ROS2/install/my_robot_interfaces/lib/libmy_robot_interfaces__rosidl_generator_py.so
[1.689s] -- Up-to-date: /home/atharva/Learning_ROS2/install/my_robot_interfaces/share/my_robot_interfaces/cmake/export_my_robot_interfaces__rosidl_generator_cExport.cmake
[1.689s] -- Up-to-date: /home/atharva/Learning_ROS2/install/my_robot_interfaces/share/my_robot_interfaces/cmake/export_my_robot_interfaces__rosidl_generator_cExport-debug.cmake
[1.689s] -- Up-to-date: /home/atharva/Learning_ROS2/install/my_robot_interfaces/share/my_robot_interfaces/cmake/export_my_robot_interfaces__rosidl_typesupport_fastrtps_cExport.cmake
[1.690s] -- Up-to-date: /home/atharva/Learning_ROS2/install/my_robot_interfaces/share/my_robot_interfaces/cmake/export_my_robot_interfaces__rosidl_typesupport_fastrtps_cExport-debug.cmake
[1.690s] -- Up-to-date: /home/atharva/Learning_ROS2/install/my_robot_interfaces/share/my_robot_interfaces/cmake/my_robot_interfaces__rosidl_typesupport_introspection_cExport.cmake
[1.690s] -- Up-to-date: /home/atharva/Learning_ROS2/install/my_robot_interfaces/share/my_robot_interfaces/cmake/my_robot_interfaces__rosidl_typesupport_introspection_cExport-debug.cmake
[1.690s] -- Up-to-date: /home/atharva/Learning_ROS2/install/my_robot_interfaces/share/my_robot_interfaces/cmake/my_robot_interfaces__rosidl_typesupport_cExport.cmake
[1.690s] -- Up-to-date: /home/atharva/Learning_ROS2/install/my_robot_interfaces/share/my_robot_interfaces/cmake/my_robot_interfaces__rosidl_typesupport_cExport-debug.cmake
[1.691s] -- Up-to-date: /home/atharva/Learning_ROS2/install/my_robot_interfaces/share/my_robot_interfaces/cmake/export_my_robot_interfaces__rosidl_generator_cppExport.cmake
[1.691s] -- Up-to-date: /home/atharva/Learning_ROS2/install/my_robot_interfaces/share/my_robot_interfaces/cmake/export_my_robot_interfaces__rosidl_typesupport_fastrtps_cppExport.cmake
[1.691s] -- Up-to-date: /home/atharva/Learning_ROS2/install/my_robot_interfaces/share/my_robot_interfaces/cmake/export_my_robot_interfaces__rosidl_typesupport_fastrtps_cppExport-debug.cmake
[1.691s] -- Up-to-date: /home/atharva/Learning_ROS2/install/my_robot_interfaces/share/my_robot_interfaces/cmake/my_robot_interfaces__rosidl_typesupport_introspection_cppExport.cmake
[1.691s] -- Up-to-date: /home/atharva/Learning_ROS2/install/my_robot_interfaces/share/my_robot_interfaces/cmake/my_robot_interfaces__rosidl_typesupport_introspection_cppExport-debug.cmake
[1.691s] -- Up-to-date: /home/atharva/Learning_ROS2/install/my_robot_interfaces/share/my_robot_interfaces/cmake/my_robot_interfaces__rosidl_typesupport_cppExport.cmake
[1.691s] -- Up-to-date: /home/atharva/Learning_ROS2/install/my_robot_interfaces/share/my_robot_interfaces/cmake/my_robot_interfaces__rosidl_typesupport_cppExport-debug.cmake
[1.691s] -- Up-to-date: /home/atharva/Learning_ROS2/install/my_robot_interfaces/share/my_robot_interfaces/cmake/export_my_robot_interfaces__rosidl_generator_pyExport.cmake
[1.692s] -- Up-to-date: /home/atharva/Learning_ROS2/install/my_robot_interfaces/share/my_robot_interfaces/cmake/export_my_robot_interfaces__rosidl_generator_pyExport-debug.cmake
[1.696s] Invoked command in '/home/atharva/Learning_ROS2/build/my_robot_interfaces' returned '0': CMAKE_PREFIX_PATH=${CMAKE_PREFIX_PATH}:/home/atharva/Learning_ROS2/ros2_ws/install/turtlesim_catch_em_all:/home/atharva/Learning_ROS2/ros2_ws/install/my_py_pkg:/opt/ros/humble: /usr/bin/cmake --install /home/atharva/Learning_ROS2/build/my_robot_interfaces
