[0.117s] Invoking command in '/home/atharva/Learning_ROS2/ros2_ws/build/MAE547': CMAKE_PREFIX_PATH=/home/atharva/Learning_ROS2/ros2_ws/install/my_robot_description:/home/atharva/Learning_ROS2/ros2_ws/install/radio_station_bringup:/home/atharva/Learning_ROS2/ros2_ws/install/my_robot_bringup:/home/atharva/Learning_ROS2/ros2_ws/install/my_robot_interfaces:/home/atharva/Learning_ROS2/ros2_ws/install/my_robot_gazebo_bringup:/home/atharva/Learning_ROS2/ros2_ws/install/MAE547:/home/atharva/Learning_ROS2/ros2_ws/install/turtlesim_catch_em_all:/home/atharva/Learning_ROS2/ros2_ws/install/my_py_pkg:/opt/ros/humble /usr/bin/cmake --build /home/atharva/Learning_ROS2/ros2_ws/build/MAE547 -- -j4 -l4
[0.158s] Invoked command in '/home/atharva/Learning_ROS2/ros2_ws/build/MAE547' returned '0': CMAKE_PREFIX_PATH=/home/atharva/Learning_ROS2/ros2_ws/install/my_robot_description:/home/atharva/Learning_ROS2/ros2_ws/install/radio_station_bringup:/home/atharva/Learning_ROS2/ros2_ws/install/my_robot_bringup:/home/atharva/Learning_ROS2/ros2_ws/install/my_robot_interfaces:/home/atharva/Learning_ROS2/ros2_ws/install/my_robot_gazebo_bringup:/home/atharva/Learning_ROS2/ros2_ws/install/MAE547:/home/atharva/Learning_ROS2/ros2_ws/install/turtlesim_catch_em_all:/home/atharva/Learning_ROS2/ros2_ws/install/my_py_pkg:/opt/ros/humble /usr/bin/cmake --build /home/atharva/Learning_ROS2/ros2_ws/build/MAE547 -- -j4 -l4
[0.192s] Invoking command in '/home/atharva/Learning_ROS2/ros2_ws/build/MAE547': CMAKE_PREFIX_PATH=/home/atharva/Learning_ROS2/ros2_ws/install/my_robot_description:/home/atharva/Learning_ROS2/ros2_ws/install/radio_station_bringup:/home/atharva/Learning_ROS2/ros2_ws/install/my_robot_bringup:/home/atharva/Learning_ROS2/ros2_ws/install/my_robot_interfaces:/home/atharva/Learning_ROS2/ros2_ws/install/my_robot_gazebo_bringup:/home/atharva/Learning_ROS2/ros2_ws/install/MAE547:/home/atharva/Learning_ROS2/ros2_ws/install/turtlesim_catch_em_all:/home/atharva/Learning_ROS2/ros2_ws/install/my_py_pkg:/opt/ros/humble /usr/bin/cmake --install /home/atharva/Learning_ROS2/ros2_ws/build/MAE547
[0.200s] -- Install configuration: ""
[0.200s] -- Execute custom install script
[0.201s] -- Up-to-date symlink: /home/atharva/Learning_ROS2/ros2_ws/install/MAE547/share/MAE547//urdf/common_properties.xacro
[0.201s] -- Up-to-date symlink: /home/atharva/Learning_ROS2/ros2_ws/install/MAE547/share/MAE547//urdf/mobile_base.xacro
[0.201s] -- Up-to-date symlink: /home/atharva/Learning_ROS2/ros2_ws/install/MAE547/share/MAE547//urdf/mobile_base_gazebo.xacro
[0.202s] -- Up-to-date symlink: /home/atharva/Learning_ROS2/ros2_ws/install/MAE547/share/MAE547//urdf/my_robot.xacro
[0.202s] -- Up-to-date symlink: /home/atharva/Learning_ROS2/ros2_ws/install/MAE547/share/MAE547//launch/MAE547.launch.xml
[0.202s] -- Up-to-date symlink: /home/atharva/Learning_ROS2/ros2_ws/install/MAE547/share/MAE547//launch/display.launch.py
[0.202s] -- Up-to-date symlink: /home/atharva/Learning_ROS2/ros2_ws/install/MAE547/share/MAE547//launch/display.launch.xml
[0.203s] -- Up-to-date symlink: /home/atharva/Learning_ROS2/ros2_ws/install/MAE547/share/MAE547//rviz/urdf_config.rviz
[0.203s] -- Up-to-date symlink: /home/atharva/Learning_ROS2/ros2_ws/install/MAE547/share/ament_index/resource_index/package_run_dependencies/MAE547
[0.203s] -- Up-to-date symlink: /home/atharva/Learning_ROS2/ros2_ws/install/MAE547/share/ament_index/resource_index/parent_prefix_path/MAE547
[0.204s] -- Up-to-date symlink: /home/atharva/Learning_ROS2/ros2_ws/install/MAE547/share/MAE547/environment/ament_prefix_path.sh
[0.204s] -- Up-to-date symlink: /home/atharva/Learning_ROS2/ros2_ws/install/MAE547/share/MAE547/environment/ament_prefix_path.dsv
[0.204s] -- Up-to-date symlink: /home/atharva/Learning_ROS2/ros2_ws/install/MAE547/share/MAE547/environment/path.sh
[0.205s] -- Up-to-date symlink: /home/atharva/Learning_ROS2/ros2_ws/install/MAE547/share/MAE547/environment/path.dsv
[0.205s] -- Up-to-date symlink: /home/atharva/Learning_ROS2/ros2_ws/install/MAE547/share/MAE547/local_setup.bash
[0.205s] -- Up-to-date symlink: /home/atharva/Learning_ROS2/ros2_ws/install/MAE547/share/MAE547/local_setup.sh
[0.206s] -- Up-to-date symlink: /home/atharva/Learning_ROS2/ros2_ws/install/MAE547/share/MAE547/local_setup.zsh
[0.206s] -- Up-to-date symlink: /home/atharva/Learning_ROS2/ros2_ws/install/MAE547/share/MAE547/local_setup.dsv
[0.206s] -- Symlinking: /home/atharva/Learning_ROS2/ros2_ws/install/MAE547/share/MAE547/package.dsv
[0.216s] -- Up-to-date symlink: /home/atharva/Learning_ROS2/ros2_ws/install/MAE547/share/ament_index/resource_index/packages/MAE547
[0.216s] -- Up-to-date symlink: /home/atharva/Learning_ROS2/ros2_ws/install/MAE547/share/MAE547/cmake/MAE547Config.cmake
[0.216s] -- Up-to-date symlink: /home/atharva/Learning_ROS2/ros2_ws/install/MAE547/share/MAE547/cmake/MAE547Config-version.cmake
[0.217s] -- Up-to-date symlink: /home/atharva/Learning_ROS2/ros2_ws/install/MAE547/share/MAE547/package.xml
[0.219s] Invoked command in '/home/atharva/Learning_ROS2/ros2_ws/build/MAE547' returned '0': CMAKE_PREFIX_PATH=/home/atharva/Learning_ROS2/ros2_ws/install/my_robot_description:/home/atharva/Learning_ROS2/ros2_ws/install/radio_station_bringup:/home/atharva/Learning_ROS2/ros2_ws/install/my_robot_bringup:/home/atharva/Learning_ROS2/ros2_ws/install/my_robot_interfaces:/home/atharva/Learning_ROS2/ros2_ws/install/my_robot_gazebo_bringup:/home/atharva/Learning_ROS2/ros2_ws/install/MAE547:/home/atharva/Learning_ROS2/ros2_ws/install/turtlesim_catch_em_all:/home/atharva/Learning_ROS2/ros2_ws/install/my_py_pkg:/opt/ros/humble /usr/bin/cmake --install /home/atharva/Learning_ROS2/ros2_ws/build/MAE547
