[1.131s] DEBUG:colcon:Command line arguments: ['/usr/bin/colcon', 'list']
[1.132s] DEBUG:colcon:Parsed command line arguments: Namespace(log_base=None, log_level=None, verb_name='list', build_base='build', ignore_user_meta=False, metas=['./colcon.meta'], base_paths=['.'], packages_ignore=None, packages_ignore_regex=None, paths=None, packages_up_to=None, packages_up_to_regex=None, packages_above=None, packages_above_and_dependencies=None, packages_above_depth=None, packages_select_by_dep=None, packages_skip_by_dep=None, packages_skip_up_to=None, packages_select_build_failed=False, packages_skip_build_finished=False, packages_select_test_failures=False, packages_skip_test_passed=False, packages_select=None, packages_skip=None, packages_select_regex=None, packages_skip_regex=None, packages_start=None, packages_end=None, allow_overriding=[], topological_order=False, names_only=False, paths_only=False, topological_graph=False, topological_graph_dot=False, topological_graph_density=False, topological_graph_legend=False, topological_graph_dot_cluster=False, topological_graph_dot_include_skipped=False, verb_parser=<colcon_defaults.argument_parser.defaults.DefaultArgumentsDecorator object at 0x7feeddff68c0>, verb_extension=<colcon_package_information.verb.list.ListVerb object at 0x7feede15f3d0>, main=<bound method ListVerb.main of <colcon_package_information.verb.list.ListVerb object at 0x7feede15f3d0>>)
[1.193s] Level 1:colcon.colcon_core.package_discovery:discover_packages(colcon_meta) check parameters
[1.193s] Level 1:colcon.colcon_core.package_discovery:discover_packages(recursive) check parameters
[1.193s] Level 1:colcon.colcon_core.package_discovery:discover_packages(ignore) check parameters
[1.193s] Level 1:colcon.colcon_core.package_discovery:discover_packages(path) check parameters
[1.193s] Level 1:colcon.colcon_core.package_discovery:discover_packages(colcon_meta) discover
[1.193s] Level 1:colcon.colcon_core.package_discovery:discover_packages(recursive) discover
[1.193s] INFO:colcon.colcon_core.package_discovery:Crawling recursively for packages in '/home/atharva/Learning_ROS2/ros2_ws'
[1.193s] Level 1:colcon.colcon_core.package_identification:_identify(.) by extensions ['ignore', 'ignore_ament_install']
[1.193s] Level 1:colcon.colcon_core.package_identification:_identify(.) by extension 'ignore'
[1.194s] Level 1:colcon.colcon_core.package_identification:_identify(.) by extension 'ignore_ament_install'
[1.194s] Level 1:colcon.colcon_core.package_identification:_identify(.) by extensions ['colcon_pkg']
[1.194s] Level 1:colcon.colcon_core.package_identification:_identify(.) by extension 'colcon_pkg'
[1.194s] Level 1:colcon.colcon_core.package_identification:_identify(.) by extensions ['colcon_meta']
[1.194s] Level 1:colcon.colcon_core.package_identification:_identify(.) by extension 'colcon_meta'
[1.194s] Level 1:colcon.colcon_core.package_identification:_identify(.) by extensions ['ros']
[1.194s] Level 1:colcon.colcon_core.package_identification:_identify(.) by extension 'ros'
[1.207s] Level 1:colcon.colcon_core.package_identification:_identify(.) by extensions ['cmake', 'python']
[1.207s] Level 1:colcon.colcon_core.package_identification:_identify(.) by extension 'cmake'
[1.207s] Level 1:colcon.colcon_core.package_identification:_identify(.) by extension 'python'
[1.207s] Level 1:colcon.colcon_core.package_identification:_identify(.) by extensions ['python_setup_py']
[1.207s] Level 1:colcon.colcon_core.package_identification:_identify(.) by extension 'python_setup_py'
[1.207s] Level 1:colcon.colcon_core.package_identification:_identify(build) by extensions ['ignore', 'ignore_ament_install']
[1.207s] Level 1:colcon.colcon_core.package_identification:_identify(build) by extension 'ignore'
[1.207s] Level 1:colcon.colcon_core.package_identification:_identify(build) ignored
[1.208s] Level 1:colcon.colcon_core.package_identification:_identify(install) by extensions ['ignore', 'ignore_ament_install']
[1.208s] Level 1:colcon.colcon_core.package_identification:_identify(install) by extension 'ignore'
[1.208s] Level 1:colcon.colcon_core.package_identification:_identify(install) ignored
[1.208s] Level 1:colcon.colcon_core.package_identification:_identify(log) by extensions ['ignore', 'ignore_ament_install']
[1.208s] Level 1:colcon.colcon_core.package_identification:_identify(log) by extension 'ignore'
[1.208s] Level 1:colcon.colcon_core.package_identification:_identify(log) ignored
[1.208s] Level 1:colcon.colcon_core.package_identification:_identify(src) by extensions ['ignore', 'ignore_ament_install']
[1.208s] Level 1:colcon.colcon_core.package_identification:_identify(src) by extension 'ignore'
[1.208s] Level 1:colcon.colcon_core.package_identification:_identify(src) by extension 'ignore_ament_install'
[1.208s] Level 1:colcon.colcon_core.package_identification:_identify(src) by extensions ['colcon_pkg']
[1.209s] Level 1:colcon.colcon_core.package_identification:_identify(src) by extension 'colcon_pkg'
[1.209s] Level 1:colcon.colcon_core.package_identification:_identify(src) by extensions ['colcon_meta']
[1.209s] Level 1:colcon.colcon_core.package_identification:_identify(src) by extension 'colcon_meta'
[1.209s] Level 1:colcon.colcon_core.package_identification:_identify(src) by extensions ['ros']
[1.209s] Level 1:colcon.colcon_core.package_identification:_identify(src) by extension 'ros'
[1.209s] Level 1:colcon.colcon_core.package_identification:_identify(src) by extensions ['cmake', 'python']
[1.209s] Level 1:colcon.colcon_core.package_identification:_identify(src) by extension 'cmake'
[1.209s] Level 1:colcon.colcon_core.package_identification:_identify(src) by extension 'python'
[1.209s] Level 1:colcon.colcon_core.package_identification:_identify(src) by extensions ['python_setup_py']
[1.209s] Level 1:colcon.colcon_core.package_identification:_identify(src) by extension 'python_setup_py'
[1.209s] Level 1:colcon.colcon_core.package_identification:_identify(src/my_py_pkg) by extensions ['ignore', 'ignore_ament_install']
[1.210s] Level 1:colcon.colcon_core.package_identification:_identify(src/my_py_pkg) by extension 'ignore'
[1.210s] Level 1:colcon.colcon_core.package_identification:_identify(src/my_py_pkg) by extension 'ignore_ament_install'
[1.210s] Level 1:colcon.colcon_core.package_identification:_identify(src/my_py_pkg) by extensions ['colcon_pkg']
[1.210s] Level 1:colcon.colcon_core.package_identification:_identify(src/my_py_pkg) by extension 'colcon_pkg'
[1.210s] Level 1:colcon.colcon_core.package_identification:_identify(src/my_py_pkg) by extensions ['colcon_meta']
[1.210s] Level 1:colcon.colcon_core.package_identification:_identify(src/my_py_pkg) by extension 'colcon_meta'
[1.210s] Level 1:colcon.colcon_core.package_identification:_identify(src/my_py_pkg) by extensions ['ros']
[1.210s] Level 1:colcon.colcon_core.package_identification:_identify(src/my_py_pkg) by extension 'ros'
[1.213s] DEBUG:colcon.colcon_core.package_identification:Package 'src/my_py_pkg' with type 'ros.ament_python' and name 'my_py_pkg'
[1.213s] Level 1:colcon.colcon_core.package_identification:_identify(src/my_robot_bringup) by extensions ['ignore', 'ignore_ament_install']
[1.214s] Level 1:colcon.colcon_core.package_identification:_identify(src/my_robot_bringup) by extension 'ignore'
[1.214s] Level 1:colcon.colcon_core.package_identification:_identify(src/my_robot_bringup) by extension 'ignore_ament_install'
[1.214s] Level 1:colcon.colcon_core.package_identification:_identify(src/my_robot_bringup) by extensions ['colcon_pkg']
[1.214s] Level 1:colcon.colcon_core.package_identification:_identify(src/my_robot_bringup) by extension 'colcon_pkg'
[1.214s] Level 1:colcon.colcon_core.package_identification:_identify(src/my_robot_bringup) by extensions ['colcon_meta']
[1.214s] Level 1:colcon.colcon_core.package_identification:_identify(src/my_robot_bringup) by extension 'colcon_meta'
[1.214s] Level 1:colcon.colcon_core.package_identification:_identify(src/my_robot_bringup) by extensions ['ros']
[1.214s] Level 1:colcon.colcon_core.package_identification:_identify(src/my_robot_bringup) by extension 'ros'
[1.215s] DEBUG:colcon.colcon_core.package_identification:Package 'src/my_robot_bringup' with type 'ros.ament_cmake' and name 'my_robot_bringup'
[1.215s] Level 1:colcon.colcon_core.package_identification:_identify(src/my_robot_description) by extensions ['ignore', 'ignore_ament_install']
[1.215s] Level 1:colcon.colcon_core.package_identification:_identify(src/my_robot_description) by extension 'ignore'
[1.215s] Level 1:colcon.colcon_core.package_identification:_identify(src/my_robot_description) by extension 'ignore_ament_install'
[1.215s] Level 1:colcon.colcon_core.package_identification:_identify(src/my_robot_description) by extensions ['colcon_pkg']
[1.215s] Level 1:colcon.colcon_core.package_identification:_identify(src/my_robot_description) by extension 'colcon_pkg'
[1.215s] Level 1:colcon.colcon_core.package_identification:_identify(src/my_robot_description) by extensions ['colcon_meta']
[1.215s] Level 1:colcon.colcon_core.package_identification:_identify(src/my_robot_description) by extension 'colcon_meta'
[1.215s] Level 1:colcon.colcon_core.package_identification:_identify(src/my_robot_description) by extensions ['ros']
[1.215s] Level 1:colcon.colcon_core.package_identification:_identify(src/my_robot_description) by extension 'ros'
[1.216s] DEBUG:colcon.colcon_core.package_identification:Package 'src/my_robot_description' with type 'ros.ament_cmake' and name 'my_robot_description'
[1.216s] Level 1:colcon.colcon_core.package_identification:_identify(src/my_robot_gazebo_bringup) by extensions ['ignore', 'ignore_ament_install']
[1.216s] Level 1:colcon.colcon_core.package_identification:_identify(src/my_robot_gazebo_bringup) by extension 'ignore'
[1.216s] Level 1:colcon.colcon_core.package_identification:_identify(src/my_robot_gazebo_bringup) by extension 'ignore_ament_install'
[1.216s] Level 1:colcon.colcon_core.package_identification:_identify(src/my_robot_gazebo_bringup) by extensions ['colcon_pkg']
[1.216s] Level 1:colcon.colcon_core.package_identification:_identify(src/my_robot_gazebo_bringup) by extension 'colcon_pkg'
[1.216s] Level 1:colcon.colcon_core.package_identification:_identify(src/my_robot_gazebo_bringup) by extensions ['colcon_meta']
[1.216s] Level 1:colcon.colcon_core.package_identification:_identify(src/my_robot_gazebo_bringup) by extension 'colcon_meta'
[1.216s] Level 1:colcon.colcon_core.package_identification:_identify(src/my_robot_gazebo_bringup) by extensions ['ros']
[1.216s] Level 1:colcon.colcon_core.package_identification:_identify(src/my_robot_gazebo_bringup) by extension 'ros'
[1.217s] DEBUG:colcon.colcon_core.package_identification:Package 'src/my_robot_gazebo_bringup' with type 'ros.ament_cmake' and name 'my_robot_gazebo_bringup'
[1.217s] Level 1:colcon.colcon_core.package_identification:_identify(src/my_robot_interfaces) by extensions ['ignore', 'ignore_ament_install']
[1.217s] Level 1:colcon.colcon_core.package_identification:_identify(src/my_robot_interfaces) by extension 'ignore'
[1.217s] Level 1:colcon.colcon_core.package_identification:_identify(src/my_robot_interfaces) by extension 'ignore_ament_install'
[1.217s] Level 1:colcon.colcon_core.package_identification:_identify(src/my_robot_interfaces) by extensions ['colcon_pkg']
[1.217s] Level 1:colcon.colcon_core.package_identification:_identify(src/my_robot_interfaces) by extension 'colcon_pkg'
[1.217s] Level 1:colcon.colcon_core.package_identification:_identify(src/my_robot_interfaces) by extensions ['colcon_meta']
[1.217s] Level 1:colcon.colcon_core.package_identification:_identify(src/my_robot_interfaces) by extension 'colcon_meta'
[1.217s] Level 1:colcon.colcon_core.package_identification:_identify(src/my_robot_interfaces) by extensions ['ros']
[1.217s] Level 1:colcon.colcon_core.package_identification:_identify(src/my_robot_interfaces) by extension 'ros'
[1.218s] DEBUG:colcon.colcon_core.package_identification:Package 'src/my_robot_interfaces' with type 'ros.ament_cmake' and name 'my_robot_interfaces'
[1.218s] Level 1:colcon.colcon_core.package_identification:_identify(src/radio_station_bringup) by extensions ['ignore', 'ignore_ament_install']
[1.218s] Level 1:colcon.colcon_core.package_identification:_identify(src/radio_station_bringup) by extension 'ignore'
[1.218s] Level 1:colcon.colcon_core.package_identification:_identify(src/radio_station_bringup) by extension 'ignore_ament_install'
[1.218s] Level 1:colcon.colcon_core.package_identification:_identify(src/radio_station_bringup) by extensions ['colcon_pkg']
[1.218s] Level 1:colcon.colcon_core.package_identification:_identify(src/radio_station_bringup) by extension 'colcon_pkg'
[1.218s] Level 1:colcon.colcon_core.package_identification:_identify(src/radio_station_bringup) by extensions ['colcon_meta']
[1.218s] Level 1:colcon.colcon_core.package_identification:_identify(src/radio_station_bringup) by extension 'colcon_meta'
[1.219s] Level 1:colcon.colcon_core.package_identification:_identify(src/radio_station_bringup) by extensions ['ros']
[1.219s] Level 1:colcon.colcon_core.package_identification:_identify(src/radio_station_bringup) by extension 'ros'
[1.219s] DEBUG:colcon.colcon_core.package_identification:Package 'src/radio_station_bringup' with type 'ros.ament_cmake' and name 'radio_station_bringup'
[1.219s] Level 1:colcon.colcon_core.package_identification:_identify(src/turtlesim_catch_em_all) by extensions ['ignore', 'ignore_ament_install']
[1.219s] Level 1:colcon.colcon_core.package_identification:_identify(src/turtlesim_catch_em_all) by extension 'ignore'
[1.219s] Level 1:colcon.colcon_core.package_identification:_identify(src/turtlesim_catch_em_all) by extension 'ignore_ament_install'
[1.220s] Level 1:colcon.colcon_core.package_identification:_identify(src/turtlesim_catch_em_all) by extensions ['colcon_pkg']
[1.220s] Level 1:colcon.colcon_core.package_identification:_identify(src/turtlesim_catch_em_all) by extension 'colcon_pkg'
[1.220s] Level 1:colcon.colcon_core.package_identification:_identify(src/turtlesim_catch_em_all) by extensions ['colcon_meta']
[1.220s] Level 1:colcon.colcon_core.package_identification:_identify(src/turtlesim_catch_em_all) by extension 'colcon_meta'
[1.220s] Level 1:colcon.colcon_core.package_identification:_identify(src/turtlesim_catch_em_all) by extensions ['ros']
[1.220s] Level 1:colcon.colcon_core.package_identification:_identify(src/turtlesim_catch_em_all) by extension 'ros'
[1.221s] DEBUG:colcon.colcon_core.package_identification:Package 'src/turtlesim_catch_em_all' with type 'ros.ament_python' and name 'turtlesim_catch_em_all'
[1.221s] Level 1:colcon.colcon_core.package_discovery:discover_packages(recursive) using defaults
[1.221s] Level 1:colcon.colcon_core.package_discovery:discover_packages(ignore) discover
[1.221s] Level 1:colcon.colcon_core.package_discovery:discover_packages(ignore) using defaults
[1.221s] Level 1:colcon.colcon_core.package_discovery:discover_packages(path) discover
[1.221s] Level 1:colcon.colcon_core.package_discovery:discover_packages(path) using defaults
