[35m[1mConsolidate compiler generated dependencies of target bof[0m
[100%] Built target bof
-- Install configuration: ""
-- Installing: /home/atharva/Learning_ROS2/ros2_ws/install/autocar_map/lib/autocar_map/bof
-- Set runtime path of "/home/atharva/Learning_ROS2/ros2_ws/install/autocar_map/lib/autocar_map/bof" to ""
-- Installing: /home/atharva/Learning_ROS2/ros2_ws/install/autocar_map/share/ament_index/resource_index/package_run_dependencies/autocar_map
-- Installing: /home/atharva/Learning_ROS2/ros2_ws/install/autocar_map/share/ament_index/resource_index/parent_prefix_path/autocar_map
-- Installing: /home/atharva/Learning_ROS2/ros2_ws/install/autocar_map/share/autocar_map/environment/ament_prefix_path.sh
-- Installing: /home/atharva/Learning_ROS2/ros2_ws/install/autocar_map/share/autocar_map/environment/ament_prefix_path.dsv
-- Installing: /home/atharva/Learning_ROS2/ros2_ws/install/autocar_map/share/autocar_map/environment/path.sh
-- Installing: /home/atharva/Learning_ROS2/ros2_ws/install/autocar_map/share/autocar_map/environment/path.dsv
-- Installing: /home/atharva/Learning_ROS2/ros2_ws/install/autocar_map/share/autocar_map/local_setup.bash
-- Installing: /home/atharva/Learning_ROS2/ros2_ws/install/autocar_map/share/autocar_map/local_setup.sh
-- Installing: /home/atharva/Learning_ROS2/ros2_ws/install/autocar_map/share/autocar_map/local_setup.zsh
-- Installing: /home/atharva/Learning_ROS2/ros2_ws/install/autocar_map/share/autocar_map/local_setup.dsv
-- Installing: /home/atharva/Learning_ROS2/ros2_ws/install/autocar_map/share/autocar_map/package.dsv
-- Installing: /home/atharva/Learning_ROS2/ros2_ws/install/autocar_map/share/ament_index/resource_index/packages/autocar_map
-- Installing: /home/atharva/Learning_ROS2/ros2_ws/install/autocar_map/share/autocar_map/cmake/autocar_mapConfig.cmake
-- Installing: /home/atharva/Learning_ROS2/ros2_ws/install/autocar_map/share/autocar_map/cmake/autocar_mapConfig-version.cmake
-- Installing: /home/atharva/Learning_ROS2/ros2_ws/install/autocar_map/share/autocar_map/package.xml
