[0.059s] Invoking command in '/home/atharva/Learning_ROS2/ros2_ws/build/autocar_map': CMAKE_PREFIX_PATH=${CMAKE_PREFIX_PATH}:/home/atharva/Learning_ROS2/ros2_ws/install/turtlesim_catch_em_all:/home/atharva/Learning_ROS2/ros2_ws/install/my_py_pkg:/opt/ros/humble /usr/bin/cmake --build /home/atharva/Learning_ROS2/ros2_ws/build/autocar_map -- -j32 -l32
[0.080s] [35m[1mConsolidate compiler generated dependencies of target bof[0m
[0.093s] [100%] Built target bof
[0.121s] Invoked command in '/home/atharva/Learning_ROS2/ros2_ws/build/autocar_map' returned '0': CMAKE_PREFIX_PATH=${CMAKE_PREFIX_PATH}:/home/atharva/Learning_ROS2/ros2_ws/install/turtlesim_catch_em_all:/home/atharva/Learning_ROS2/ros2_ws/install/my_py_pkg:/opt/ros/humble /usr/bin/cmake --build /home/atharva/Learning_ROS2/ros2_ws/build/autocar_map -- -j32 -l32
[0.172s] Invoking command in '/home/atharva/Learning_ROS2/ros2_ws/build/autocar_map': CMAKE_PREFIX_PATH=${CMAKE_PREFIX_PATH}:/home/atharva/Learning_ROS2/ros2_ws/install/turtlesim_catch_em_all:/home/atharva/Learning_ROS2/ros2_ws/install/my_py_pkg:/opt/ros/humble /usr/bin/cmake --install /home/atharva/Learning_ROS2/ros2_ws/build/autocar_map
[0.214s] -- Install configuration: ""
[0.215s] -- Installing: /home/atharva/Learning_ROS2/ros2_ws/install/autocar_map/lib/autocar_map/bof
[0.216s] -- Set runtime path of "/home/atharva/Learning_ROS2/ros2_ws/install/autocar_map/lib/autocar_map/bof" to ""
[0.216s] -- Installing: /home/atharva/Learning_ROS2/ros2_ws/install/autocar_map/share/ament_index/resource_index/package_run_dependencies/autocar_map
[0.216s] -- Installing: /home/atharva/Learning_ROS2/ros2_ws/install/autocar_map/share/ament_index/resource_index/parent_prefix_path/autocar_map
[0.216s] -- Installing: /home/atharva/Learning_ROS2/ros2_ws/install/autocar_map/share/autocar_map/environment/ament_prefix_path.sh
[0.217s] -- Installing: /home/atharva/Learning_ROS2/ros2_ws/install/autocar_map/share/autocar_map/environment/ament_prefix_path.dsv
[0.217s] -- Installing: /home/atharva/Learning_ROS2/ros2_ws/install/autocar_map/share/autocar_map/environment/path.sh
[0.218s] -- Installing: /home/atharva/Learning_ROS2/ros2_ws/install/autocar_map/share/autocar_map/environment/path.dsv
[0.218s] -- Installing: /home/atharva/Learning_ROS2/ros2_ws/install/autocar_map/share/autocar_map/local_setup.bash
[0.218s] -- Installing: /home/atharva/Learning_ROS2/ros2_ws/install/autocar_map/share/autocar_map/local_setup.sh
[0.218s] -- Installing: /home/atharva/Learning_ROS2/ros2_ws/install/autocar_map/share/autocar_map/local_setup.zsh
[0.219s] -- Installing: /home/atharva/Learning_ROS2/ros2_ws/install/autocar_map/share/autocar_map/local_setup.dsv
[0.219s] -- Installing: /home/atharva/Learning_ROS2/ros2_ws/install/autocar_map/share/autocar_map/package.dsv
[0.219s] -- Installing: /home/atharva/Learning_ROS2/ros2_ws/install/autocar_map/share/ament_index/resource_index/packages/autocar_map
[0.219s] -- Installing: /home/atharva/Learning_ROS2/ros2_ws/install/autocar_map/share/autocar_map/cmake/autocar_mapConfig.cmake
[0.220s] -- Installing: /home/atharva/Learning_ROS2/ros2_ws/install/autocar_map/share/autocar_map/cmake/autocar_mapConfig-version.cmake
[0.220s] -- Installing: /home/atharva/Learning_ROS2/ros2_ws/install/autocar_map/share/autocar_map/package.xml
[0.240s] Invoked command in '/home/atharva/Learning_ROS2/ros2_ws/build/autocar_map' returned '0': CMAKE_PREFIX_PATH=${CMAKE_PREFIX_PATH}:/home/atharva/Learning_ROS2/ros2_ws/install/turtlesim_catch_em_all:/home/atharva/Learning_ROS2/ros2_ws/install/my_py_pkg:/opt/ros/humble /usr/bin/cmake --install /home/atharva/Learning_ROS2/ros2_ws/build/autocar_map
