[0.255s] Invoking command in '/home/atharva/Learning_ROS2/ros2_ws/build/my_robot_interfaces': CMAKE_PREFIX_PATH=${CMAKE_PREFIX_PATH}:/home/atharva/Learning_ROS2/ros2_ws/install/turtlesim_catch_em_all:/home/atharva/Learning_ROS2/ros2_ws/install/my_py_pkg:/opt/ros/humble /usr/bin/cmake --build /home/atharva/Learning_ROS2/ros2_ws/build/my_robot_interfaces -- -j4 -l4
[0.328s] [  4%] Built target my_robot_interfaces__cpp
[0.328s] [ 12%] Built target my_robot_interfaces__rosidl_generator_c
[0.343s] [ 12%] Built target ament_cmake_python_copy_my_robot_interfaces
[0.378s] [ 23%] Built target my_robot_interfaces__rosidl_typesupport_introspection_c
[0.379s] [ 35%] Built target my_robot_interfaces__rosidl_typesupport_fastrtps_c
[0.387s] [ 46%] Built target my_robot_interfaces__rosidl_typesupport_fastrtps_cpp
[0.393s] [ 57%] Built target my_robot_interfaces__rosidl_typesupport_c
[0.434s] [ 69%] Built target my_robot_interfaces__rosidl_typesupport_introspection_cpp
[0.461s] [ 80%] Built target my_robot_interfaces__rosidl_typesupport_cpp
[0.490s] [ 80%] Built target my_robot_interfaces
[0.522s] [ 81%] Built target my_robot_interfaces__py
[0.562s] [ 91%] Built target my_robot_interfaces__rosidl_generator_py
[0.618s] [ 94%] Built target my_robot_interfaces__rosidl_typesupport_fastrtps_c__pyext
[0.633s] [ 97%] Built target my_robot_interfaces__rosidl_typesupport_introspection_c__pyext
[0.648s] [100%] Built target my_robot_interfaces__rosidl_typesupport_c__pyext
[1.016s] running egg_info
[1.017s] writing my_robot_interfaces.egg-info/PKG-INFO
[1.018s] writing dependency_links to my_robot_interfaces.egg-info/dependency_links.txt
[1.018s] writing top-level names to my_robot_interfaces.egg-info/top_level.txt
[1.024s] reading manifest file 'my_robot_interfaces.egg-info/SOURCES.txt'
[1.024s] writing manifest file 'my_robot_interfaces.egg-info/SOURCES.txt'
[1.072s] [100%] Built target ament_cmake_python_build_my_robot_interfaces_egg
[1.095s] Invoked command in '/home/atharva/Learning_ROS2/ros2_ws/build/my_robot_interfaces' returned '0': CMAKE_PREFIX_PATH=${CMAKE_PREFIX_PATH}:/home/atharva/Learning_ROS2/ros2_ws/install/turtlesim_catch_em_all:/home/atharva/Learning_ROS2/ros2_ws/install/my_py_pkg:/opt/ros/humble /usr/bin/cmake --build /home/atharva/Learning_ROS2/ros2_ws/build/my_robot_interfaces -- -j4 -l4
