-- The C compiler identification is GNU 11.4.0
-- The CXX compiler identification is GNU 11.4.0
-- Detecting C compiler ABI info
-- Detecting C compiler ABI info - done
-- Check for working C compiler: /usr/bin/cc - skipped
-- Detecting C compile features
-- Detecting C compile features - done
-- Detecting CXX compiler ABI info
-- Detecting CXX compiler ABI info - done
-- Check for working CXX compiler: /usr/bin/c++ - skipped
-- Detecting CXX compile features
-- Detecting CXX compile features - done
-- Found ament_cmake: 1.3.5 (/opt/ros/humble/share/ament_cmake/cmake)
-- Found Python3: /usr/bin/python3.10 (found version "3.10.12") found components: Interpreter 
-- Override CMake install command with custom implementation using symlinks instead of copying resources
WARNING: Package name "MAE547" does not follow the naming conventions. It should start with a lower case letter and only contain lower case letters, digits, underscores, and dashes.
-- Configuring done
-- Generating done
-- Build files have been written to: /home/atharva/Learning_ROS2/ros2_ws/build/MAE547
-- Install configuration: ""
-- Execute custom install script
-- Symlinking: /home/atharva/Learning_ROS2/ros2_ws/install/MAE547/share/MAE547//urdf/common_properties.xacro
-- Symlinking: /home/atharva/Learning_ROS2/ros2_ws/install/MAE547/share/MAE547//urdf/mobile_base.xacro
-- Symlinking: /home/atharva/Learning_ROS2/ros2_ws/install/MAE547/share/MAE547//urdf/mobile_base_gazebo.xacro
-- Symlinking: /home/atharva/Learning_ROS2/ros2_ws/install/MAE547/share/MAE547//urdf/my_robot.xacro
-- Symlinking: /home/atharva/Learning_ROS2/ros2_ws/install/MAE547/share/MAE547//launch/MAE547.launch.xml
-- Symlinking: /home/atharva/Learning_ROS2/ros2_ws/install/MAE547/share/MAE547//launch/display.launch.py
-- Symlinking: /home/atharva/Learning_ROS2/ros2_ws/install/MAE547/share/MAE547//launch/display.launch.xml
-- Symlinking: /home/atharva/Learning_ROS2/ros2_ws/install/MAE547/share/MAE547//rviz/urdf_config.rviz
-- Symlinking: /home/atharva/Learning_ROS2/ros2_ws/install/MAE547/share/ament_index/resource_index/package_run_dependencies/MAE547
-- Symlinking: /home/atharva/Learning_ROS2/ros2_ws/install/MAE547/share/ament_index/resource_index/parent_prefix_path/MAE547
-- Symlinking: /home/atharva/Learning_ROS2/ros2_ws/install/MAE547/share/MAE547/environment/ament_prefix_path.sh
-- Symlinking: /home/atharva/Learning_ROS2/ros2_ws/install/MAE547/share/MAE547/environment/ament_prefix_path.dsv
-- Symlinking: /home/atharva/Learning_ROS2/ros2_ws/install/MAE547/share/MAE547/environment/path.sh
-- Symlinking: /home/atharva/Learning_ROS2/ros2_ws/install/MAE547/share/MAE547/environment/path.dsv
-- Symlinking: /home/atharva/Learning_ROS2/ros2_ws/install/MAE547/share/MAE547/local_setup.bash
-- Symlinking: /home/atharva/Learning_ROS2/ros2_ws/install/MAE547/share/MAE547/local_setup.sh
-- Symlinking: /home/atharva/Learning_ROS2/ros2_ws/install/MAE547/share/MAE547/local_setup.zsh
-- Symlinking: /home/atharva/Learning_ROS2/ros2_ws/install/MAE547/share/MAE547/local_setup.dsv
-- Symlinking: /home/atharva/Learning_ROS2/ros2_ws/install/MAE547/share/MAE547/package.dsv
-- Symlinking: /home/atharva/Learning_ROS2/ros2_ws/install/MAE547/share/ament_index/resource_index/packages/MAE547
-- Symlinking: /home/atharva/Learning_ROS2/ros2_ws/install/MAE547/share/MAE547/cmake/MAE547Config.cmake
-- Symlinking: /home/atharva/Learning_ROS2/ros2_ws/install/MAE547/share/MAE547/cmake/MAE547Config-version.cmake
-- Symlinking: /home/atharva/Learning_ROS2/ros2_ws/install/MAE547/share/MAE547/package.xml
