[0.114s] Invoking command in '/home/atharva/Learning_ROS2/ros2_ws/build/MAE547': CMAKE_PREFIX_PATH=/home/atharva/Learning_ROS2/ros2_ws/install/my_robot_description:/home/atharva/Learning_ROS2/ros2_ws/install/radio_station_bringup:/home/atharva/Learning_ROS2/ros2_ws/install/my_robot_bringup:/home/atharva/Learning_ROS2/ros2_ws/install/my_robot_interfaces:/home/atharva/Learning_ROS2/ros2_ws/install/my_robot_gazebo_bringup:/home/atharva/Learning_ROS2/ros2_ws/install/MAE547:/home/atharva/Learning_ROS2/ros2_ws/install/turtlesim_catch_em_all:/home/atharva/Learning_ROS2/ros2_ws/install/my_py_pkg:/opt/ros/humble /usr/bin/cmake /home/atharva/Learning_ROS2/ros2_ws/src/MAE547 -DAMENT_CMAKE_SYMLINK_INSTALL=1 -DCMAKE_INSTALL_PREFIX=/home/atharva/Learning_ROS2/ros2_ws/install/MAE547
[1.757s] -- The C compiler identification is GNU 11.4.0
[2.394s] -- The CXX compiler identification is GNU 11.4.0
[2.484s] -- Detecting C compiler ABI info
[2.624s] -- Detecting C compiler ABI info - done
[2.633s] -- Check for working C compiler: /usr/bin/cc - skipped
[2.635s] -- Detecting C compile features
[2.678s] -- Detecting C compile features - done
[2.682s] -- Detecting CXX compiler ABI info
[2.799s] -- Detecting CXX compiler ABI info - done
[2.810s] -- Check for working CXX compiler: /usr/bin/c++ - skipped
[2.811s] -- Detecting CXX compile features
[2.811s] -- Detecting CXX compile features - done
[2.888s] -- Found ament_cmake: 1.3.5 (/opt/ros/humble/share/ament_cmake/cmake)
[3.177s] -- Found Python3: /usr/bin/python3.10 (found version "3.10.12") found components: Interpreter 
[3.310s] -- Override CMake install command with custom implementation using symlinks instead of copying resources
[3.451s] WARNING: Package name "MAE547" does not follow the naming conventions. It should start with a lower case letter and only contain lower case letters, digits, underscores, and dashes.
[3.468s] -- Configuring done
[3.471s] -- Generating done
[3.472s] -- Build files have been written to: /home/atharva/Learning_ROS2/ros2_ws/build/MAE547
[3.478s] Invoked command in '/home/atharva/Learning_ROS2/ros2_ws/build/MAE547' returned '0': CMAKE_PREFIX_PATH=/home/atharva/Learning_ROS2/ros2_ws/install/my_robot_description:/home/atharva/Learning_ROS2/ros2_ws/install/radio_station_bringup:/home/atharva/Learning_ROS2/ros2_ws/install/my_robot_bringup:/home/atharva/Learning_ROS2/ros2_ws/install/my_robot_interfaces:/home/atharva/Learning_ROS2/ros2_ws/install/my_robot_gazebo_bringup:/home/atharva/Learning_ROS2/ros2_ws/install/MAE547:/home/atharva/Learning_ROS2/ros2_ws/install/turtlesim_catch_em_all:/home/atharva/Learning_ROS2/ros2_ws/install/my_py_pkg:/opt/ros/humble /usr/bin/cmake /home/atharva/Learning_ROS2/ros2_ws/src/MAE547 -DAMENT_CMAKE_SYMLINK_INSTALL=1 -DCMAKE_INSTALL_PREFIX=/home/atharva/Learning_ROS2/ros2_ws/install/MAE547
[3.480s] Invoking command in '/home/atharva/Learning_ROS2/ros2_ws/build/MAE547': CMAKE_PREFIX_PATH=/home/atharva/Learning_ROS2/ros2_ws/install/my_robot_description:/home/atharva/Learning_ROS2/ros2_ws/install/radio_station_bringup:/home/atharva/Learning_ROS2/ros2_ws/install/my_robot_bringup:/home/atharva/Learning_ROS2/ros2_ws/install/my_robot_interfaces:/home/atharva/Learning_ROS2/ros2_ws/install/my_robot_gazebo_bringup:/home/atharva/Learning_ROS2/ros2_ws/install/MAE547:/home/atharva/Learning_ROS2/ros2_ws/install/turtlesim_catch_em_all:/home/atharva/Learning_ROS2/ros2_ws/install/my_py_pkg:/opt/ros/humble /usr/bin/cmake --build /home/atharva/Learning_ROS2/ros2_ws/build/MAE547 -- -j4 -l4
[3.520s] Invoked command in '/home/atharva/Learning_ROS2/ros2_ws/build/MAE547' returned '0': CMAKE_PREFIX_PATH=/home/atharva/Learning_ROS2/ros2_ws/install/my_robot_description:/home/atharva/Learning_ROS2/ros2_ws/install/radio_station_bringup:/home/atharva/Learning_ROS2/ros2_ws/install/my_robot_bringup:/home/atharva/Learning_ROS2/ros2_ws/install/my_robot_interfaces:/home/atharva/Learning_ROS2/ros2_ws/install/my_robot_gazebo_bringup:/home/atharva/Learning_ROS2/ros2_ws/install/MAE547:/home/atharva/Learning_ROS2/ros2_ws/install/turtlesim_catch_em_all:/home/atharva/Learning_ROS2/ros2_ws/install/my_py_pkg:/opt/ros/humble /usr/bin/cmake --build /home/atharva/Learning_ROS2/ros2_ws/build/MAE547 -- -j4 -l4
[3.555s] Invoking command in '/home/atharva/Learning_ROS2/ros2_ws/build/MAE547': CMAKE_PREFIX_PATH=/home/atharva/Learning_ROS2/ros2_ws/install/my_robot_description:/home/atharva/Learning_ROS2/ros2_ws/install/radio_station_bringup:/home/atharva/Learning_ROS2/ros2_ws/install/my_robot_bringup:/home/atharva/Learning_ROS2/ros2_ws/install/my_robot_interfaces:/home/atharva/Learning_ROS2/ros2_ws/install/my_robot_gazebo_bringup:/home/atharva/Learning_ROS2/ros2_ws/install/MAE547:/home/atharva/Learning_ROS2/ros2_ws/install/turtlesim_catch_em_all:/home/atharva/Learning_ROS2/ros2_ws/install/my_py_pkg:/opt/ros/humble /usr/bin/cmake --install /home/atharva/Learning_ROS2/ros2_ws/build/MAE547
[3.562s] -- Install configuration: ""
[3.563s] -- Execute custom install script
[3.563s] -- Symlinking: /home/atharva/Learning_ROS2/ros2_ws/install/MAE547/share/MAE547//urdf/common_properties.xacro
[3.573s] -- Symlinking: /home/atharva/Learning_ROS2/ros2_ws/install/MAE547/share/MAE547//urdf/mobile_base.xacro
[3.582s] -- Symlinking: /home/atharva/Learning_ROS2/ros2_ws/install/MAE547/share/MAE547//urdf/mobile_base_gazebo.xacro
[3.594s] -- Symlinking: /home/atharva/Learning_ROS2/ros2_ws/install/MAE547/share/MAE547//urdf/my_robot.xacro
[3.603s] -- Symlinking: /home/atharva/Learning_ROS2/ros2_ws/install/MAE547/share/MAE547//launch/MAE547.launch.xml
[3.612s] -- Symlinking: /home/atharva/Learning_ROS2/ros2_ws/install/MAE547/share/MAE547//launch/display.launch.py
[3.623s] -- Symlinking: /home/atharva/Learning_ROS2/ros2_ws/install/MAE547/share/MAE547//launch/display.launch.xml
[3.632s] -- Symlinking: /home/atharva/Learning_ROS2/ros2_ws/install/MAE547/share/MAE547//rviz/urdf_config.rviz
[3.642s] -- Symlinking: /home/atharva/Learning_ROS2/ros2_ws/install/MAE547/share/ament_index/resource_index/package_run_dependencies/MAE547
[3.651s] -- Symlinking: /home/atharva/Learning_ROS2/ros2_ws/install/MAE547/share/ament_index/resource_index/parent_prefix_path/MAE547
[3.661s] -- Symlinking: /home/atharva/Learning_ROS2/ros2_ws/install/MAE547/share/MAE547/environment/ament_prefix_path.sh
[3.671s] -- Symlinking: /home/atharva/Learning_ROS2/ros2_ws/install/MAE547/share/MAE547/environment/ament_prefix_path.dsv
[3.680s] -- Symlinking: /home/atharva/Learning_ROS2/ros2_ws/install/MAE547/share/MAE547/environment/path.sh
[3.689s] -- Symlinking: /home/atharva/Learning_ROS2/ros2_ws/install/MAE547/share/MAE547/environment/path.dsv
[3.699s] -- Symlinking: /home/atharva/Learning_ROS2/ros2_ws/install/MAE547/share/MAE547/local_setup.bash
[3.708s] -- Symlinking: /home/atharva/Learning_ROS2/ros2_ws/install/MAE547/share/MAE547/local_setup.sh
[3.717s] -- Symlinking: /home/atharva/Learning_ROS2/ros2_ws/install/MAE547/share/MAE547/local_setup.zsh
[3.727s] -- Symlinking: /home/atharva/Learning_ROS2/ros2_ws/install/MAE547/share/MAE547/local_setup.dsv
[3.736s] -- Symlinking: /home/atharva/Learning_ROS2/ros2_ws/install/MAE547/share/MAE547/package.dsv
[3.746s] -- Symlinking: /home/atharva/Learning_ROS2/ros2_ws/install/MAE547/share/ament_index/resource_index/packages/MAE547
[3.756s] -- Symlinking: /home/atharva/Learning_ROS2/ros2_ws/install/MAE547/share/MAE547/cmake/MAE547Config.cmake
[3.765s] -- Symlinking: /home/atharva/Learning_ROS2/ros2_ws/install/MAE547/share/MAE547/cmake/MAE547Config-version.cmake
[3.774s] -- Symlinking: /home/atharva/Learning_ROS2/ros2_ws/install/MAE547/share/MAE547/package.xml
[3.786s] Invoked command in '/home/atharva/Learning_ROS2/ros2_ws/build/MAE547' returned '0': CMAKE_PREFIX_PATH=/home/atharva/Learning_ROS2/ros2_ws/install/my_robot_description:/home/atharva/Learning_ROS2/ros2_ws/install/radio_station_bringup:/home/atharva/Learning_ROS2/ros2_ws/install/my_robot_bringup:/home/atharva/Learning_ROS2/ros2_ws/install/my_robot_interfaces:/home/atharva/Learning_ROS2/ros2_ws/install/my_robot_gazebo_bringup:/home/atharva/Learning_ROS2/ros2_ws/install/MAE547:/home/atharva/Learning_ROS2/ros2_ws/install/turtlesim_catch_em_all:/home/atharva/Learning_ROS2/ros2_ws/install/my_py_pkg:/opt/ros/humble /usr/bin/cmake --install /home/atharva/Learning_ROS2/ros2_ws/build/MAE547
