[0.086s] Invoking command in '/home/atharva/Learning_ROS2/ros2_ws/build/autocar_map': CMAKE_PREFIX_PATH=${CMAKE_PREFIX_PATH}:/home/atharva/Learning_ROS2/ros2_ws/install/turtlesim_catch_em_all:/home/atharva/Learning_ROS2/ros2_ws/install/my_py_pkg:/opt/ros/humble /usr/bin/cmake --build /home/atharva/Learning_ROS2/ros2_ws/build/autocar_map -- -j32 -l32
[0.112s] [100%] Built target bof
[0.134s] Invoked command in '/home/atharva/Learning_ROS2/ros2_ws/build/autocar_map' returned '0': CMAKE_PREFIX_PATH=${CMAKE_PREFIX_PATH}:/home/atharva/Learning_ROS2/ros2_ws/install/turtlesim_catch_em_all:/home/atharva/Learning_ROS2/ros2_ws/install/my_py_pkg:/opt/ros/humble /usr/bin/cmake --build /home/atharva/Learning_ROS2/ros2_ws/build/autocar_map -- -j32 -l32
[0.201s] Invoking command in '/home/atharva/Learning_ROS2/ros2_ws/build/autocar_map': CMAKE_PREFIX_PATH=${CMAKE_PREFIX_PATH}:/home/atharva/Learning_ROS2/ros2_ws/install/turtlesim_catch_em_all:/home/atharva/Learning_ROS2/ros2_ws/install/my_py_pkg:/opt/ros/humble /usr/bin/cmake --install /home/atharva/Learning_ROS2/ros2_ws/build/autocar_map
[0.227s] -- Install configuration: ""
[0.228s] -- Up-to-date: /home/atharva/Learning_ROS2/ros2_ws/install/autocar_map/lib/autocar_map/bof
[0.228s] -- Up-to-date: /home/atharva/Learning_ROS2/ros2_ws/install/autocar_map/share/ament_index/resource_index/package_run_dependencies/autocar_map
[0.228s] -- Up-to-date: /home/atharva/Learning_ROS2/ros2_ws/install/autocar_map/share/ament_index/resource_index/parent_prefix_path/autocar_map
[0.228s] -- Up-to-date: /home/atharva/Learning_ROS2/ros2_ws/install/autocar_map/share/autocar_map/environment/ament_prefix_path.sh
[0.228s] -- Up-to-date: /home/atharva/Learning_ROS2/ros2_ws/install/autocar_map/share/autocar_map/environment/ament_prefix_path.dsv
[0.228s] -- Up-to-date: /home/atharva/Learning_ROS2/ros2_ws/install/autocar_map/share/autocar_map/environment/path.sh
[0.228s] -- Up-to-date: /home/atharva/Learning_ROS2/ros2_ws/install/autocar_map/share/autocar_map/environment/path.dsv
[0.228s] -- Up-to-date: /home/atharva/Learning_ROS2/ros2_ws/install/autocar_map/share/autocar_map/local_setup.bash
[0.228s] -- Up-to-date: /home/atharva/Learning_ROS2/ros2_ws/install/autocar_map/share/autocar_map/local_setup.sh
[0.228s] -- Up-to-date: /home/atharva/Learning_ROS2/ros2_ws/install/autocar_map/share/autocar_map/local_setup.zsh
[0.229s] -- Up-to-date: /home/atharva/Learning_ROS2/ros2_ws/install/autocar_map/share/autocar_map/local_setup.dsv
[0.229s] -- Installing: /home/atharva/Learning_ROS2/ros2_ws/install/autocar_map/share/autocar_map/package.dsv
[0.229s] -- Up-to-date: /home/atharva/Learning_ROS2/ros2_ws/install/autocar_map/share/ament_index/resource_index/packages/autocar_map
[0.229s] -- Up-to-date: /home/atharva/Learning_ROS2/ros2_ws/install/autocar_map/share/autocar_map/cmake/autocar_mapConfig.cmake
[0.229s] -- Up-to-date: /home/atharva/Learning_ROS2/ros2_ws/install/autocar_map/share/autocar_map/cmake/autocar_mapConfig-version.cmake
[0.229s] -- Up-to-date: /home/atharva/Learning_ROS2/ros2_ws/install/autocar_map/share/autocar_map/package.xml
[0.337s] Invoked command in '/home/atharva/Learning_ROS2/ros2_ws/build/autocar_map' returned '0': CMAKE_PREFIX_PATH=${CMAKE_PREFIX_PATH}:/home/atharva/Learning_ROS2/ros2_ws/install/turtlesim_catch_em_all:/home/atharva/Learning_ROS2/ros2_ws/install/my_py_pkg:/opt/ros/humble /usr/bin/cmake --install /home/atharva/Learning_ROS2/ros2_ws/build/autocar_map
