[0.419s] Invoking command in '/home/atharva/Learning_ROS2/ros2_ws/build/actions_py': CMAKE_PREFIX_PATH=/home/atharva/Learning_ROS2/ros2_ws/install/my_robot_interfaces:/home/atharva/Learning_ROS2/ros2_ws/install/radio_station_bringup:/home/atharva/Learning_ROS2/ros2_ws/install/my_robot_bringup:/home/atharva/Learning_ROS2/ros2_ws/install/mae547_bringup:/home/atharva/Learning_ROS2/ros2_ws/install/my_robot_description:/home/atharva/Learning_ROS2/ros2_ws/install/mae_547:/home/atharva/Learning_ROS2/ros2_ws/install/launches:/home/atharva/Learning_ROS2/ros2_ws/install/autocar_nav:/home/atharva/Learning_ROS2/ros2_ws/install/autocar_msgs:/home/atharva/Learning_ROS2/ros2_ws/install/autocar_map:/home/atharva/Learning_ROS2/ros2_ws/install/autocar_gazebo:/home/atharva/Learning_ROS2/ros2_ws/install/autocar_description LD_LIBRARY_PATH=/home/atharva/Learning_ROS2/ros2_ws/install/my_robot_interfaces/lib:/home/atharva/Learning_ROS2/ros2_ws/install/autocar_msgs/lib:/usr/lib/x86_64-linux-gnu/gazebo-11/plugins:/opt/ros/humble/opt/rviz_ogre_vendor/lib:/opt/ros/humble/lib/x86_64-linux-gnu:/opt/ros/humble/lib:/usr/lib/x86_64-linux-gnu/gazebo-11/plugins:/usr/lib/x86_64-linux-gnu/gazebo-11/plugins:/usr/lib/x86_64-linux-gnu/gazebo-11/plugins PYTHONPATH=/home/atharva/Learning_ROS2/ros2_ws/build/actions_py/prefix_override:/home/atharva/Learning_ROS2/ros2_ws/install/actions_py/lib/python3.10/site-packages:${PYTHONPATH} /usr/bin/python3 setup.py develop --editable --build-directory /home/atharva/Learning_ROS2/ros2_ws/build/actions_py/build --no-deps install_data
[0.553s] running develop
[0.628s] running egg_info
[0.628s] creating actions_py.egg-info
[0.628s] writing actions_py.egg-info/PKG-INFO
[0.628s] writing dependency_links to actions_py.egg-info/dependency_links.txt
[0.628s] writing entry points to actions_py.egg-info/entry_points.txt
[0.628s] writing requirements to actions_py.egg-info/requires.txt
[0.628s] writing top-level names to actions_py.egg-info/top_level.txt
[0.628s] writing manifest file 'actions_py.egg-info/SOURCES.txt'
[0.629s] reading manifest file 'actions_py.egg-info/SOURCES.txt'
[0.629s] writing manifest file 'actions_py.egg-info/SOURCES.txt'
[0.630s] running build_ext
[0.630s] Creating /home/atharva/Learning_ROS2/ros2_ws/install/actions_py/lib/python3.10/site-packages/actions-py.egg-link (link to .)
[0.630s] Installing count_until_server script to /home/atharva/Learning_ROS2/ros2_ws/install/actions_py/lib/actions_py
[0.630s] 
[0.630s] Installed /home/atharva/Learning_ROS2/ros2_ws/build/actions_py
[0.630s] running install_data
[0.630s] creating /home/atharva/Learning_ROS2/ros2_ws/install/actions_py/share/ament_index
[0.630s] creating /home/atharva/Learning_ROS2/ros2_ws/install/actions_py/share/ament_index/resource_index
[0.630s] creating /home/atharva/Learning_ROS2/ros2_ws/install/actions_py/share/ament_index/resource_index/packages
[0.630s] copying resource/actions_py -> /home/atharva/Learning_ROS2/ros2_ws/install/actions_py/share/ament_index/resource_index/packages
[0.630s] copying package.xml -> /home/atharva/Learning_ROS2/ros2_ws/install/actions_py/share/actions_py
[0.644s] Invoked command in '/home/atharva/Learning_ROS2/ros2_ws/build/actions_py' returned '0': CMAKE_PREFIX_PATH=/home/atharva/Learning_ROS2/ros2_ws/install/my_robot_interfaces:/home/atharva/Learning_ROS2/ros2_ws/install/radio_station_bringup:/home/atharva/Learning_ROS2/ros2_ws/install/my_robot_bringup:/home/atharva/Learning_ROS2/ros2_ws/install/mae547_bringup:/home/atharva/Learning_ROS2/ros2_ws/install/my_robot_description:/home/atharva/Learning_ROS2/ros2_ws/install/mae_547:/home/atharva/Learning_ROS2/ros2_ws/install/launches:/home/atharva/Learning_ROS2/ros2_ws/install/autocar_nav:/home/atharva/Learning_ROS2/ros2_ws/install/autocar_msgs:/home/atharva/Learning_ROS2/ros2_ws/install/autocar_map:/home/atharva/Learning_ROS2/ros2_ws/install/autocar_gazebo:/home/atharva/Learning_ROS2/ros2_ws/install/autocar_description LD_LIBRARY_PATH=/home/atharva/Learning_ROS2/ros2_ws/install/my_robot_interfaces/lib:/home/atharva/Learning_ROS2/ros2_ws/install/autocar_msgs/lib:/usr/lib/x86_64-linux-gnu/gazebo-11/plugins:/opt/ros/humble/opt/rviz_ogre_vendor/lib:/opt/ros/humble/lib/x86_64-linux-gnu:/opt/ros/humble/lib:/usr/lib/x86_64-linux-gnu/gazebo-11/plugins:/usr/lib/x86_64-linux-gnu/gazebo-11/plugins:/usr/lib/x86_64-linux-gnu/gazebo-11/plugins PYTHONPATH=/home/atharva/Learning_ROS2/ros2_ws/build/actions_py/prefix_override:/home/atharva/Learning_ROS2/ros2_ws/install/actions_py/lib/python3.10/site-packages:${PYTHONPATH} /usr/bin/python3 setup.py develop --editable --build-directory /home/atharva/Learning_ROS2/ros2_ws/build/actions_py/build --no-deps install_data
