[2.477s] DEBUG:colcon:Command line arguments: ['/usr/bin/colcon', 'list', '-p', '--base-paths', '/home/atharva/Learning_ROS2/ros2_ws']
[2.477s] DEBUG:colcon:Parsed command line arguments: Namespace(log_base=None, log_level=None, verb_name='list', build_base='build', ignore_user_meta=False, metas=['./colcon.meta'], base_paths=['/home/atharva/Learning_ROS2/ros2_ws'], packages_ignore=None, packages_ignore_regex=None, paths=None, packages_up_to=None, packages_up_to_regex=None, packages_above=None, packages_above_and_dependencies=None, packages_above_depth=None, packages_select_by_dep=None, packages_skip_by_dep=None, packages_skip_up_to=None, packages_select_build_failed=False, packages_skip_build_finished=False, packages_select_test_failures=False, packages_skip_test_passed=False, packages_select=None, packages_skip=None, packages_select_regex=None, packages_skip_regex=None, packages_start=None, packages_end=None, allow_overriding=[], topological_order=False, names_only=False, paths_only=True, topological_graph=False, topological_graph_dot=False, topological_graph_density=False, topological_graph_legend=False, topological_graph_dot_cluster=False, topological_graph_dot_include_skipped=False, verb_parser=<colcon_defaults.argument_parser.defaults.DefaultArgumentsDecorator object at 0x7f72402a7490>, verb_extension=<colcon_package_information.verb.list.ListVerb object at 0x7f72402a4520>, main=<bound method ListVerb.main of <colcon_package_information.verb.list.ListVerb object at 0x7f72402a4520>>)
[2.601s] Level 1:colcon.colcon_core.package_discovery:discover_packages(colcon_meta) check parameters
[2.601s] Level 1:colcon.colcon_core.package_discovery:discover_packages(recursive) check parameters
[2.601s] Level 1:colcon.colcon_core.package_discovery:discover_packages(ignore) check parameters
[2.601s] Level 1:colcon.colcon_core.package_discovery:discover_packages(path) check parameters
[2.601s] Level 1:colcon.colcon_core.package_discovery:discover_packages(recursive) discover
[2.602s] INFO:colcon.colcon_core.package_discovery:Crawling recursively for packages in '/home/atharva/Learning_ROS2/ros2_ws'
[2.602s] Level 1:colcon.colcon_core.package_identification:_identify(/home/atharva/Learning_ROS2/ros2_ws) by extensions ['ignore', 'ignore_ament_install']
[2.602s] Level 1:colcon.colcon_core.package_identification:_identify(/home/atharva/Learning_ROS2/ros2_ws) by extension 'ignore'
[2.602s] Level 1:colcon.colcon_core.package_identification:_identify(/home/atharva/Learning_ROS2/ros2_ws) by extension 'ignore_ament_install'
[2.602s] Level 1:colcon.colcon_core.package_identification:_identify(/home/atharva/Learning_ROS2/ros2_ws) by extensions ['colcon_pkg']
[2.602s] Level 1:colcon.colcon_core.package_identification:_identify(/home/atharva/Learning_ROS2/ros2_ws) by extension 'colcon_pkg'
[2.602s] Level 1:colcon.colcon_core.package_identification:_identify(/home/atharva/Learning_ROS2/ros2_ws) by extensions ['colcon_meta']
[2.602s] Level 1:colcon.colcon_core.package_identification:_identify(/home/atharva/Learning_ROS2/ros2_ws) by extension 'colcon_meta'
[2.603s] Level 1:colcon.colcon_core.package_identification:_identify(/home/atharva/Learning_ROS2/ros2_ws) by extensions ['ros']
[2.603s] Level 1:colcon.colcon_core.package_identification:_identify(/home/atharva/Learning_ROS2/ros2_ws) by extension 'ros'
[2.623s] Level 1:colcon.colcon_core.package_identification:_identify(/home/atharva/Learning_ROS2/ros2_ws) by extensions ['cmake', 'python']
[2.623s] Level 1:colcon.colcon_core.package_identification:_identify(/home/atharva/Learning_ROS2/ros2_ws) by extension 'cmake'
[2.623s] Level 1:colcon.colcon_core.package_identification:_identify(/home/atharva/Learning_ROS2/ros2_ws) by extension 'python'
[2.623s] Level 1:colcon.colcon_core.package_identification:_identify(/home/atharva/Learning_ROS2/ros2_ws) by extensions ['python_setup_py']
[2.623s] Level 1:colcon.colcon_core.package_identification:_identify(/home/atharva/Learning_ROS2/ros2_ws) by extension 'python_setup_py'
[2.623s] Level 1:colcon.colcon_core.package_identification:_identify(/home/atharva/Learning_ROS2/ros2_ws/build) by extensions ['ignore', 'ignore_ament_install']
[2.623s] Level 1:colcon.colcon_core.package_identification:_identify(/home/atharva/Learning_ROS2/ros2_ws/build) by extension 'ignore'
[2.624s] Level 1:colcon.colcon_core.package_identification:_identify(/home/atharva/Learning_ROS2/ros2_ws/build) ignored
[2.624s] Level 1:colcon.colcon_core.package_identification:_identify(/home/atharva/Learning_ROS2/ros2_ws/install) by extensions ['ignore', 'ignore_ament_install']
[2.624s] Level 1:colcon.colcon_core.package_identification:_identify(/home/atharva/Learning_ROS2/ros2_ws/install) by extension 'ignore'
[2.624s] Level 1:colcon.colcon_core.package_identification:_identify(/home/atharva/Learning_ROS2/ros2_ws/install) ignored
[2.624s] Level 1:colcon.colcon_core.package_identification:_identify(/home/atharva/Learning_ROS2/ros2_ws/log) by extensions ['ignore', 'ignore_ament_install']
[2.625s] Level 1:colcon.colcon_core.package_identification:_identify(/home/atharva/Learning_ROS2/ros2_ws/log) by extension 'ignore'
[2.625s] Level 1:colcon.colcon_core.package_identification:_identify(/home/atharva/Learning_ROS2/ros2_ws/log) ignored
[2.625s] Level 1:colcon.colcon_core.package_identification:_identify(/home/atharva/Learning_ROS2/ros2_ws/src) by extensions ['ignore', 'ignore_ament_install']
[2.625s] Level 1:colcon.colcon_core.package_identification:_identify(/home/atharva/Learning_ROS2/ros2_ws/src) by extension 'ignore'
[2.625s] Level 1:colcon.colcon_core.package_identification:_identify(/home/atharva/Learning_ROS2/ros2_ws/src) by extension 'ignore_ament_install'
[2.625s] Level 1:colcon.colcon_core.package_identification:_identify(/home/atharva/Learning_ROS2/ros2_ws/src) by extensions ['colcon_pkg']
[2.625s] Level 1:colcon.colcon_core.package_identification:_identify(/home/atharva/Learning_ROS2/ros2_ws/src) by extension 'colcon_pkg'
[2.625s] Level 1:colcon.colcon_core.package_identification:_identify(/home/atharva/Learning_ROS2/ros2_ws/src) by extensions ['colcon_meta']
[2.625s] Level 1:colcon.colcon_core.package_identification:_identify(/home/atharva/Learning_ROS2/ros2_ws/src) by extension 'colcon_meta'
[2.625s] Level 1:colcon.colcon_core.package_identification:_identify(/home/atharva/Learning_ROS2/ros2_ws/src) by extensions ['ros']
[2.625s] Level 1:colcon.colcon_core.package_identification:_identify(/home/atharva/Learning_ROS2/ros2_ws/src) by extension 'ros'
[2.626s] Level 1:colcon.colcon_core.package_identification:_identify(/home/atharva/Learning_ROS2/ros2_ws/src) by extensions ['cmake', 'python']
[2.626s] Level 1:colcon.colcon_core.package_identification:_identify(/home/atharva/Learning_ROS2/ros2_ws/src) by extension 'cmake'
[2.626s] Level 1:colcon.colcon_core.package_identification:_identify(/home/atharva/Learning_ROS2/ros2_ws/src) by extension 'python'
[2.626s] Level 1:colcon.colcon_core.package_identification:_identify(/home/atharva/Learning_ROS2/ros2_ws/src) by extensions ['python_setup_py']
[2.626s] Level 1:colcon.colcon_core.package_identification:_identify(/home/atharva/Learning_ROS2/ros2_ws/src) by extension 'python_setup_py'
[2.626s] Level 1:colcon.colcon_core.package_identification:_identify(/home/atharva/Learning_ROS2/ros2_ws/src/my_py_pkg) by extensions ['ignore', 'ignore_ament_install']
[2.626s] Level 1:colcon.colcon_core.package_identification:_identify(/home/atharva/Learning_ROS2/ros2_ws/src/my_py_pkg) by extension 'ignore'
[2.626s] Level 1:colcon.colcon_core.package_identification:_identify(/home/atharva/Learning_ROS2/ros2_ws/src/my_py_pkg) by extension 'ignore_ament_install'
[2.626s] Level 1:colcon.colcon_core.package_identification:_identify(/home/atharva/Learning_ROS2/ros2_ws/src/my_py_pkg) by extensions ['colcon_pkg']
[2.626s] Level 1:colcon.colcon_core.package_identification:_identify(/home/atharva/Learning_ROS2/ros2_ws/src/my_py_pkg) by extension 'colcon_pkg'
[2.626s] Level 1:colcon.colcon_core.package_identification:_identify(/home/atharva/Learning_ROS2/ros2_ws/src/my_py_pkg) by extensions ['colcon_meta']
[2.626s] Level 1:colcon.colcon_core.package_identification:_identify(/home/atharva/Learning_ROS2/ros2_ws/src/my_py_pkg) by extension 'colcon_meta'
[2.626s] Level 1:colcon.colcon_core.package_identification:_identify(/home/atharva/Learning_ROS2/ros2_ws/src/my_py_pkg) by extensions ['ros']
[2.626s] Level 1:colcon.colcon_core.package_identification:_identify(/home/atharva/Learning_ROS2/ros2_ws/src/my_py_pkg) by extension 'ros'
[2.631s] DEBUG:colcon.colcon_core.package_identification:Package '/home/atharva/Learning_ROS2/ros2_ws/src/my_py_pkg' with type 'ros.ament_python' and name 'my_py_pkg'
[2.631s] Level 1:colcon.colcon_core.package_identification:_identify(/home/atharva/Learning_ROS2/ros2_ws/src/my_robot_bringup) by extensions ['ignore', 'ignore_ament_install']
[2.631s] Level 1:colcon.colcon_core.package_identification:_identify(/home/atharva/Learning_ROS2/ros2_ws/src/my_robot_bringup) by extension 'ignore'
[2.632s] Level 1:colcon.colcon_core.package_identification:_identify(/home/atharva/Learning_ROS2/ros2_ws/src/my_robot_bringup) by extension 'ignore_ament_install'
[2.632s] Level 1:colcon.colcon_core.package_identification:_identify(/home/atharva/Learning_ROS2/ros2_ws/src/my_robot_bringup) by extensions ['colcon_pkg']
[2.632s] Level 1:colcon.colcon_core.package_identification:_identify(/home/atharva/Learning_ROS2/ros2_ws/src/my_robot_bringup) by extension 'colcon_pkg'
[2.632s] Level 1:colcon.colcon_core.package_identification:_identify(/home/atharva/Learning_ROS2/ros2_ws/src/my_robot_bringup) by extensions ['colcon_meta']
[2.632s] Level 1:colcon.colcon_core.package_identification:_identify(/home/atharva/Learning_ROS2/ros2_ws/src/my_robot_bringup) by extension 'colcon_meta'
[2.632s] Level 1:colcon.colcon_core.package_identification:_identify(/home/atharva/Learning_ROS2/ros2_ws/src/my_robot_bringup) by extensions ['ros']
[2.632s] Level 1:colcon.colcon_core.package_identification:_identify(/home/atharva/Learning_ROS2/ros2_ws/src/my_robot_bringup) by extension 'ros'
[2.633s] DEBUG:colcon.colcon_core.package_identification:Package '/home/atharva/Learning_ROS2/ros2_ws/src/my_robot_bringup' with type 'ros.ament_cmake' and name 'my_robot_bringup'
[2.633s] Level 1:colcon.colcon_core.package_identification:_identify(/home/atharva/Learning_ROS2/ros2_ws/src/my_robot_description) by extensions ['ignore', 'ignore_ament_install']
[2.634s] Level 1:colcon.colcon_core.package_identification:_identify(/home/atharva/Learning_ROS2/ros2_ws/src/my_robot_description) by extension 'ignore'
[2.634s] Level 1:colcon.colcon_core.package_identification:_identify(/home/atharva/Learning_ROS2/ros2_ws/src/my_robot_description) by extension 'ignore_ament_install'
[2.634s] Level 1:colcon.colcon_core.package_identification:_identify(/home/atharva/Learning_ROS2/ros2_ws/src/my_robot_description) by extensions ['colcon_pkg']
[2.634s] Level 1:colcon.colcon_core.package_identification:_identify(/home/atharva/Learning_ROS2/ros2_ws/src/my_robot_description) by extension 'colcon_pkg'
[2.634s] Level 1:colcon.colcon_core.package_identification:_identify(/home/atharva/Learning_ROS2/ros2_ws/src/my_robot_description) by extensions ['colcon_meta']
[2.634s] Level 1:colcon.colcon_core.package_identification:_identify(/home/atharva/Learning_ROS2/ros2_ws/src/my_robot_description) by extension 'colcon_meta'
[2.634s] Level 1:colcon.colcon_core.package_identification:_identify(/home/atharva/Learning_ROS2/ros2_ws/src/my_robot_description) by extensions ['ros']
[2.634s] Level 1:colcon.colcon_core.package_identification:_identify(/home/atharva/Learning_ROS2/ros2_ws/src/my_robot_description) by extension 'ros'
[2.635s] DEBUG:colcon.colcon_core.package_identification:Package '/home/atharva/Learning_ROS2/ros2_ws/src/my_robot_description' with type 'ros.ament_cmake' and name 'my_robot_description'
[2.635s] Level 1:colcon.colcon_core.package_identification:_identify(/home/atharva/Learning_ROS2/ros2_ws/src/my_robot_interfaces) by extensions ['ignore', 'ignore_ament_install']
[2.635s] Level 1:colcon.colcon_core.package_identification:_identify(/home/atharva/Learning_ROS2/ros2_ws/src/my_robot_interfaces) by extension 'ignore'
[2.636s] Level 1:colcon.colcon_core.package_identification:_identify(/home/atharva/Learning_ROS2/ros2_ws/src/my_robot_interfaces) by extension 'ignore_ament_install'
[2.636s] Level 1:colcon.colcon_core.package_identification:_identify(/home/atharva/Learning_ROS2/ros2_ws/src/my_robot_interfaces) by extensions ['colcon_pkg']
[2.636s] Level 1:colcon.colcon_core.package_identification:_identify(/home/atharva/Learning_ROS2/ros2_ws/src/my_robot_interfaces) by extension 'colcon_pkg'
[2.636s] Level 1:colcon.colcon_core.package_identification:_identify(/home/atharva/Learning_ROS2/ros2_ws/src/my_robot_interfaces) by extensions ['colcon_meta']
[2.636s] Level 1:colcon.colcon_core.package_identification:_identify(/home/atharva/Learning_ROS2/ros2_ws/src/my_robot_interfaces) by extension 'colcon_meta'
[2.636s] Level 1:colcon.colcon_core.package_identification:_identify(/home/atharva/Learning_ROS2/ros2_ws/src/my_robot_interfaces) by extensions ['ros']
[2.636s] Level 1:colcon.colcon_core.package_identification:_identify(/home/atharva/Learning_ROS2/ros2_ws/src/my_robot_interfaces) by extension 'ros'
[2.637s] DEBUG:colcon.colcon_core.package_identification:Package '/home/atharva/Learning_ROS2/ros2_ws/src/my_robot_interfaces' with type 'ros.ament_cmake' and name 'my_robot_interfaces'
[2.637s] Level 1:colcon.colcon_core.package_identification:_identify(/home/atharva/Learning_ROS2/ros2_ws/src/radio_station_bringup) by extensions ['ignore', 'ignore_ament_install']
[2.637s] Level 1:colcon.colcon_core.package_identification:_identify(/home/atharva/Learning_ROS2/ros2_ws/src/radio_station_bringup) by extension 'ignore'
[2.637s] Level 1:colcon.colcon_core.package_identification:_identify(/home/atharva/Learning_ROS2/ros2_ws/src/radio_station_bringup) by extension 'ignore_ament_install'
[2.637s] Level 1:colcon.colcon_core.package_identification:_identify(/home/atharva/Learning_ROS2/ros2_ws/src/radio_station_bringup) by extensions ['colcon_pkg']
[2.637s] Level 1:colcon.colcon_core.package_identification:_identify(/home/atharva/Learning_ROS2/ros2_ws/src/radio_station_bringup) by extension 'colcon_pkg'
[2.637s] Level 1:colcon.colcon_core.package_identification:_identify(/home/atharva/Learning_ROS2/ros2_ws/src/radio_station_bringup) by extensions ['colcon_meta']
[2.637s] Level 1:colcon.colcon_core.package_identification:_identify(/home/atharva/Learning_ROS2/ros2_ws/src/radio_station_bringup) by extension 'colcon_meta'
[2.637s] Level 1:colcon.colcon_core.package_identification:_identify(/home/atharva/Learning_ROS2/ros2_ws/src/radio_station_bringup) by extensions ['ros']
[2.637s] Level 1:colcon.colcon_core.package_identification:_identify(/home/atharva/Learning_ROS2/ros2_ws/src/radio_station_bringup) by extension 'ros'
[2.638s] DEBUG:colcon.colcon_core.package_identification:Package '/home/atharva/Learning_ROS2/ros2_ws/src/radio_station_bringup' with type 'ros.ament_cmake' and name 'radio_station_bringup'
[2.638s] Level 1:colcon.colcon_core.package_identification:_identify(/home/atharva/Learning_ROS2/ros2_ws/src/turtlesim_catch_em_all) by extensions ['ignore', 'ignore_ament_install']
[2.638s] Level 1:colcon.colcon_core.package_identification:_identify(/home/atharva/Learning_ROS2/ros2_ws/src/turtlesim_catch_em_all) by extension 'ignore'
[2.638s] Level 1:colcon.colcon_core.package_identification:_identify(/home/atharva/Learning_ROS2/ros2_ws/src/turtlesim_catch_em_all) by extension 'ignore_ament_install'
[2.638s] Level 1:colcon.colcon_core.package_identification:_identify(/home/atharva/Learning_ROS2/ros2_ws/src/turtlesim_catch_em_all) by extensions ['colcon_pkg']
[2.638s] Level 1:colcon.colcon_core.package_identification:_identify(/home/atharva/Learning_ROS2/ros2_ws/src/turtlesim_catch_em_all) by extension 'colcon_pkg'
[2.638s] Level 1:colcon.colcon_core.package_identification:_identify(/home/atharva/Learning_ROS2/ros2_ws/src/turtlesim_catch_em_all) by extensions ['colcon_meta']
[2.638s] Level 1:colcon.colcon_core.package_identification:_identify(/home/atharva/Learning_ROS2/ros2_ws/src/turtlesim_catch_em_all) by extension 'colcon_meta'
[2.638s] Level 1:colcon.colcon_core.package_identification:_identify(/home/atharva/Learning_ROS2/ros2_ws/src/turtlesim_catch_em_all) by extensions ['ros']
[2.639s] Level 1:colcon.colcon_core.package_identification:_identify(/home/atharva/Learning_ROS2/ros2_ws/src/turtlesim_catch_em_all) by extension 'ros'
[2.642s] DEBUG:colcon.colcon_core.package_identification:Package '/home/atharva/Learning_ROS2/ros2_ws/src/turtlesim_catch_em_all' with type 'ros.ament_python' and name 'turtlesim_catch_em_all'
[2.642s] Level 1:colcon.colcon_core.package_discovery:discover_packages(recursive) using defaults
