[0.210s] Invoking command in '/home/atharva/ros2_ws/build/radio_station_bringup': AMENT_PREFIX_PATH=/home/atharva/ros2_ws/install/my_py_pkg:/home/atharva/ros2_ws/install/my_robot_interfaces CMAKE_PREFIX_PATH=/home/atharva/ros2_ws/install/my_robot_interfaces:/home/atharva/ros2_ws/install/radio_station_bringup:/home/atharva/ros2_ws/install/my_robot_bringup:/home/atharva/ros2_ws/install/my_robot_description PYTHONPATH=/home/atharva/ros2_ws/install/my_py_pkg/lib/python3.10/site-packages:/home/atharva/ros2_ws/build/turtlesim_catch_em_all:/home/atharva/ros2_ws/install/turtlesim_catch_em_all/lib/python3.10/site-packages:/home/atharva/ros2_ws/install/my_robot_interfaces/local/lib/python3.10/dist-packages:/opt/ros/humble/lib/python3.10/site-packages:/opt/ros/humble/local/lib/python3.10/dist-packages /usr/bin/cmake --build /home/atharva/ros2_ws/build/radio_station_bringup -- -j4 -l4
[0.292s] Invoked command in '/home/atharva/ros2_ws/build/radio_station_bringup' returned '0': AMENT_PREFIX_PATH=/home/atharva/ros2_ws/install/my_py_pkg:/home/atharva/ros2_ws/install/my_robot_interfaces CMAKE_PREFIX_PATH=/home/atharva/ros2_ws/install/my_robot_interfaces:/home/atharva/ros2_ws/install/radio_station_bringup:/home/atharva/ros2_ws/install/my_robot_bringup:/home/atharva/ros2_ws/install/my_robot_description PYTHONPATH=/home/atharva/ros2_ws/install/my_py_pkg/lib/python3.10/site-packages:/home/atharva/ros2_ws/build/turtlesim_catch_em_all:/home/atharva/ros2_ws/install/turtlesim_catch_em_all/lib/python3.10/site-packages:/home/atharva/ros2_ws/install/my_robot_interfaces/local/lib/python3.10/dist-packages:/opt/ros/humble/lib/python3.10/site-packages:/opt/ros/humble/local/lib/python3.10/dist-packages /usr/bin/cmake --build /home/atharva/ros2_ws/build/radio_station_bringup -- -j4 -l4
[0.323s] Invoking command in '/home/atharva/ros2_ws/build/radio_station_bringup': AMENT_PREFIX_PATH=/home/atharva/ros2_ws/install/my_py_pkg:/home/atharva/ros2_ws/install/my_robot_interfaces CMAKE_PREFIX_PATH=/home/atharva/ros2_ws/install/my_robot_interfaces:/home/atharva/ros2_ws/install/radio_station_bringup:/home/atharva/ros2_ws/install/my_robot_bringup:/home/atharva/ros2_ws/install/my_robot_description PYTHONPATH=/home/atharva/ros2_ws/install/my_py_pkg/lib/python3.10/site-packages:/home/atharva/ros2_ws/build/turtlesim_catch_em_all:/home/atharva/ros2_ws/install/turtlesim_catch_em_all/lib/python3.10/site-packages:/home/atharva/ros2_ws/install/my_robot_interfaces/local/lib/python3.10/dist-packages:/opt/ros/humble/lib/python3.10/site-packages:/opt/ros/humble/local/lib/python3.10/dist-packages /usr/bin/cmake --install /home/atharva/ros2_ws/build/radio_station_bringup
[0.332s] -- Install configuration: ""
[0.337s] -- Execute custom install script
[0.337s] -- Up-to-date symlink: /home/atharva/ros2_ws/install/radio_station_bringup/share/radio_station_bringup/launch/radio_station_app.launch.py
[0.337s] -- Up-to-date symlink: /home/atharva/ros2_ws/install/radio_station_bringup/share/ament_index/resource_index/package_run_dependencies/radio_station_bringup
[0.338s] -- Up-to-date symlink: /home/atharva/ros2_ws/install/radio_station_bringup/share/ament_index/resource_index/parent_prefix_path/radio_station_bringup
[0.338s] -- Up-to-date symlink: /home/atharva/ros2_ws/install/radio_station_bringup/share/radio_station_bringup/environment/ament_prefix_path.sh
[0.339s] -- Up-to-date symlink: /home/atharva/ros2_ws/install/radio_station_bringup/share/radio_station_bringup/environment/ament_prefix_path.dsv
[0.339s] -- Up-to-date symlink: /home/atharva/ros2_ws/install/radio_station_bringup/share/radio_station_bringup/environment/path.sh
[0.339s] -- Up-to-date symlink: /home/atharva/ros2_ws/install/radio_station_bringup/share/radio_station_bringup/environment/path.dsv
[0.339s] -- Up-to-date symlink: /home/atharva/ros2_ws/install/radio_station_bringup/share/radio_station_bringup/local_setup.bash
[0.339s] -- Up-to-date symlink: /home/atharva/ros2_ws/install/radio_station_bringup/share/radio_station_bringup/local_setup.sh
[0.340s] -- Up-to-date symlink: /home/atharva/ros2_ws/install/radio_station_bringup/share/radio_station_bringup/local_setup.zsh
[0.340s] -- Up-to-date symlink: /home/atharva/ros2_ws/install/radio_station_bringup/share/radio_station_bringup/local_setup.dsv
[0.340s] -- Symlinking: /home/atharva/ros2_ws/install/radio_station_bringup/share/radio_station_bringup/package.dsv
[0.365s] -- Up-to-date symlink: /home/atharva/ros2_ws/install/radio_station_bringup/share/ament_index/resource_index/packages/radio_station_bringup
[0.366s] -- Up-to-date symlink: /home/atharva/ros2_ws/install/radio_station_bringup/share/radio_station_bringup/cmake/radio_station_bringupConfig.cmake
[0.366s] -- Up-to-date symlink: /home/atharva/ros2_ws/install/radio_station_bringup/share/radio_station_bringup/cmake/radio_station_bringupConfig-version.cmake
[0.366s] -- Up-to-date symlink: /home/atharva/ros2_ws/install/radio_station_bringup/share/radio_station_bringup/package.xml
[0.368s] Invoked command in '/home/atharva/ros2_ws/build/radio_station_bringup' returned '0': AMENT_PREFIX_PATH=/home/atharva/ros2_ws/install/my_py_pkg:/home/atharva/ros2_ws/install/my_robot_interfaces CMAKE_PREFIX_PATH=/home/atharva/ros2_ws/install/my_robot_interfaces:/home/atharva/ros2_ws/install/radio_station_bringup:/home/atharva/ros2_ws/install/my_robot_bringup:/home/atharva/ros2_ws/install/my_robot_description PYTHONPATH=/home/atharva/ros2_ws/install/my_py_pkg/lib/python3.10/site-packages:/home/atharva/ros2_ws/build/turtlesim_catch_em_all:/home/atharva/ros2_ws/install/turtlesim_catch_em_all/lib/python3.10/site-packages:/home/atharva/ros2_ws/install/my_robot_interfaces/local/lib/python3.10/dist-packages:/opt/ros/humble/lib/python3.10/site-packages:/opt/ros/humble/local/lib/python3.10/dist-packages /usr/bin/cmake --install /home/atharva/ros2_ws/build/radio_station_bringup
