[0.226s] Invoking command in '/home/atharva/Learning_ROS2/ros2_ws/build/radio_station_bringup': AMENT_PREFIX_PATH=/home/atharva/Learning_ROS2/ros2_ws/install/my_py_pkg:/home/atharva/Learning_ROS2/ros2_ws/install/my_robot_interfaces:${AMENT_PREFIX_PATH} CMAKE_PREFIX_PATH=/home/atharva/Learning_ROS2/ros2_ws/install/my_robot_interfaces:/home/atharva/ros2_ws/install/turtlesim_catch_em_all:/home/atharva/ros2_ws/install/radio_station_bringup:/home/atharva/ros2_ws/install/my_robot_bringup:/home/atharva/ros2_ws/install/my_py_pkg:/home/atharva/ros2_ws/install/my_robot_interfaces:/home/atharva/ros2_ws/install/my_robot_description:/opt/ros/humble LD_LIBRARY_PATH=/home/atharva/Learning_ROS2/ros2_ws/install/my_robot_interfaces/lib:${LD_LIBRARY_PATH} PYTHONPATH=/home/atharva/Learning_ROS2/ros2_ws/install/my_py_pkg/lib/python3.10/site-packages:/home/atharva/Learning_ROS2/ros2_ws/install/my_robot_interfaces/local/lib/python3.10/dist-packages:${PYTHONPATH} /usr/bin/cmake /home/atharva/Learning_ROS2/ros2_ws/src/radio_station_bringup -DCMAKE_INSTALL_PREFIX=/home/atharva/Learning_ROS2/ros2_ws/install/radio_station_bringup
[0.354s] -- The C compiler identification is GNU 11.4.0
[0.472s] -- The CXX compiler identification is GNU 11.4.0
[0.484s] -- Detecting C compiler ABI info
[0.591s] -- Detecting C compiler ABI info - done
[0.603s] -- Check for working C compiler: /usr/bin/cc - skipped
[0.606s] -- Detecting C compile features
[0.607s] -- Detecting C compile features - done
[0.609s] -- Detecting CXX compiler ABI info
[0.728s] -- Detecting CXX compiler ABI info - done
[0.742s] -- Check for working CXX compiler: /usr/bin/c++ - skipped
[0.742s] -- Detecting CXX compile features
[0.743s] -- Detecting CXX compile features - done
[0.753s] -- Found ament_cmake: 1.3.5 (/opt/ros/humble/share/ament_cmake/cmake)
[1.072s] -- Found Python3: /usr/bin/python3.10 (found version "3.10.12") found components: Interpreter 
[1.385s] -- Configuring done
[1.386s] -- Generating done
[1.386s] -- Build files have been written to: /home/atharva/Learning_ROS2/ros2_ws/build/radio_station_bringup
[1.394s] Invoked command in '/home/atharva/Learning_ROS2/ros2_ws/build/radio_station_bringup' returned '0': AMENT_PREFIX_PATH=/home/atharva/Learning_ROS2/ros2_ws/install/my_py_pkg:/home/atharva/Learning_ROS2/ros2_ws/install/my_robot_interfaces:${AMENT_PREFIX_PATH} CMAKE_PREFIX_PATH=/home/atharva/Learning_ROS2/ros2_ws/install/my_robot_interfaces:/home/atharva/ros2_ws/install/turtlesim_catch_em_all:/home/atharva/ros2_ws/install/radio_station_bringup:/home/atharva/ros2_ws/install/my_robot_bringup:/home/atharva/ros2_ws/install/my_py_pkg:/home/atharva/ros2_ws/install/my_robot_interfaces:/home/atharva/ros2_ws/install/my_robot_description:/opt/ros/humble LD_LIBRARY_PATH=/home/atharva/Learning_ROS2/ros2_ws/install/my_robot_interfaces/lib:${LD_LIBRARY_PATH} PYTHONPATH=/home/atharva/Learning_ROS2/ros2_ws/install/my_py_pkg/lib/python3.10/site-packages:/home/atharva/Learning_ROS2/ros2_ws/install/my_robot_interfaces/local/lib/python3.10/dist-packages:${PYTHONPATH} /usr/bin/cmake /home/atharva/Learning_ROS2/ros2_ws/src/radio_station_bringup -DCMAKE_INSTALL_PREFIX=/home/atharva/Learning_ROS2/ros2_ws/install/radio_station_bringup
[1.395s] Invoking command in '/home/atharva/Learning_ROS2/ros2_ws/build/radio_station_bringup': AMENT_PREFIX_PATH=/home/atharva/Learning_ROS2/ros2_ws/install/my_py_pkg:/home/atharva/Learning_ROS2/ros2_ws/install/my_robot_interfaces:${AMENT_PREFIX_PATH} CMAKE_PREFIX_PATH=/home/atharva/Learning_ROS2/ros2_ws/install/my_robot_interfaces:/home/atharva/ros2_ws/install/turtlesim_catch_em_all:/home/atharva/ros2_ws/install/radio_station_bringup:/home/atharva/ros2_ws/install/my_robot_bringup:/home/atharva/ros2_ws/install/my_py_pkg:/home/atharva/ros2_ws/install/my_robot_interfaces:/home/atharva/ros2_ws/install/my_robot_description:/opt/ros/humble LD_LIBRARY_PATH=/home/atharva/Learning_ROS2/ros2_ws/install/my_robot_interfaces/lib:${LD_LIBRARY_PATH} PYTHONPATH=/home/atharva/Learning_ROS2/ros2_ws/install/my_py_pkg/lib/python3.10/site-packages:/home/atharva/Learning_ROS2/ros2_ws/install/my_robot_interfaces/local/lib/python3.10/dist-packages:${PYTHONPATH} /usr/bin/cmake --build /home/atharva/Learning_ROS2/ros2_ws/build/radio_station_bringup -- -j4 -l4
[1.517s] Invoked command in '/home/atharva/Learning_ROS2/ros2_ws/build/radio_station_bringup' returned '0': AMENT_PREFIX_PATH=/home/atharva/Learning_ROS2/ros2_ws/install/my_py_pkg:/home/atharva/Learning_ROS2/ros2_ws/install/my_robot_interfaces:${AMENT_PREFIX_PATH} CMAKE_PREFIX_PATH=/home/atharva/Learning_ROS2/ros2_ws/install/my_robot_interfaces:/home/atharva/ros2_ws/install/turtlesim_catch_em_all:/home/atharva/ros2_ws/install/radio_station_bringup:/home/atharva/ros2_ws/install/my_robot_bringup:/home/atharva/ros2_ws/install/my_py_pkg:/home/atharva/ros2_ws/install/my_robot_interfaces:/home/atharva/ros2_ws/install/my_robot_description:/opt/ros/humble LD_LIBRARY_PATH=/home/atharva/Learning_ROS2/ros2_ws/install/my_robot_interfaces/lib:${LD_LIBRARY_PATH} PYTHONPATH=/home/atharva/Learning_ROS2/ros2_ws/install/my_py_pkg/lib/python3.10/site-packages:/home/atharva/Learning_ROS2/ros2_ws/install/my_robot_interfaces/local/lib/python3.10/dist-packages:${PYTHONPATH} /usr/bin/cmake --build /home/atharva/Learning_ROS2/ros2_ws/build/radio_station_bringup -- -j4 -l4
[1.630s] Invoking command in '/home/atharva/Learning_ROS2/ros2_ws/build/radio_station_bringup': AMENT_PREFIX_PATH=/home/atharva/Learning_ROS2/ros2_ws/install/my_py_pkg:/home/atharva/Learning_ROS2/ros2_ws/install/my_robot_interfaces:${AMENT_PREFIX_PATH} CMAKE_PREFIX_PATH=/home/atharva/Learning_ROS2/ros2_ws/install/my_robot_interfaces:/home/atharva/ros2_ws/install/turtlesim_catch_em_all:/home/atharva/ros2_ws/install/radio_station_bringup:/home/atharva/ros2_ws/install/my_robot_bringup:/home/atharva/ros2_ws/install/my_py_pkg:/home/atharva/ros2_ws/install/my_robot_interfaces:/home/atharva/ros2_ws/install/my_robot_description:/opt/ros/humble LD_LIBRARY_PATH=/home/atharva/Learning_ROS2/ros2_ws/install/my_robot_interfaces/lib:${LD_LIBRARY_PATH} PYTHONPATH=/home/atharva/Learning_ROS2/ros2_ws/install/my_py_pkg/lib/python3.10/site-packages:/home/atharva/Learning_ROS2/ros2_ws/install/my_robot_interfaces/local/lib/python3.10/dist-packages:${PYTHONPATH} /usr/bin/cmake --install /home/atharva/Learning_ROS2/ros2_ws/build/radio_station_bringup
[1.637s] -- Install configuration: ""
[1.638s] -- Installing: /home/atharva/Learning_ROS2/ros2_ws/install/radio_station_bringup/share/radio_station_bringup/launch
[1.638s] -- Installing: /home/atharva/Learning_ROS2/ros2_ws/install/radio_station_bringup/share/radio_station_bringup/launch/radio_station_app.launch.py
[1.638s] -- Installing: /home/atharva/Learning_ROS2/ros2_ws/install/radio_station_bringup/share/ament_index/resource_index/package_run_dependencies/radio_station_bringup
[1.639s] -- Installing: /home/atharva/Learning_ROS2/ros2_ws/install/radio_station_bringup/share/ament_index/resource_index/parent_prefix_path/radio_station_bringup
[1.639s] -- Installing: /home/atharva/Learning_ROS2/ros2_ws/install/radio_station_bringup/share/radio_station_bringup/environment/ament_prefix_path.sh
[1.639s] -- Installing: /home/atharva/Learning_ROS2/ros2_ws/install/radio_station_bringup/share/radio_station_bringup/environment/ament_prefix_path.dsv
[1.640s] -- Installing: /home/atharva/Learning_ROS2/ros2_ws/install/radio_station_bringup/share/radio_station_bringup/environment/path.sh
[1.640s] -- Installing: /home/atharva/Learning_ROS2/ros2_ws/install/radio_station_bringup/share/radio_station_bringup/environment/path.dsv
[1.640s] -- Installing: /home/atharva/Learning_ROS2/ros2_ws/install/radio_station_bringup/share/radio_station_bringup/local_setup.bash
[1.640s] -- Installing: /home/atharva/Learning_ROS2/ros2_ws/install/radio_station_bringup/share/radio_station_bringup/local_setup.sh
[1.641s] -- Installing: /home/atharva/Learning_ROS2/ros2_ws/install/radio_station_bringup/share/radio_station_bringup/local_setup.zsh
[1.641s] -- Installing: /home/atharva/Learning_ROS2/ros2_ws/install/radio_station_bringup/share/radio_station_bringup/local_setup.dsv
[1.641s] -- Installing: /home/atharva/Learning_ROS2/ros2_ws/install/radio_station_bringup/share/radio_station_bringup/package.dsv
[1.641s] -- Installing: /home/atharva/Learning_ROS2/ros2_ws/install/radio_station_bringup/share/ament_index/resource_index/packages/radio_station_bringup
[1.642s] -- Installing: /home/atharva/Learning_ROS2/ros2_ws/install/radio_station_bringup/share/radio_station_bringup/cmake/radio_station_bringupConfig.cmake
[1.642s] -- Installing: /home/atharva/Learning_ROS2/ros2_ws/install/radio_station_bringup/share/radio_station_bringup/cmake/radio_station_bringupConfig-version.cmake
[1.642s] -- Installing: /home/atharva/Learning_ROS2/ros2_ws/install/radio_station_bringup/share/radio_station_bringup/package.xml
[1.644s] Invoked command in '/home/atharva/Learning_ROS2/ros2_ws/build/radio_station_bringup' returned '0': AMENT_PREFIX_PATH=/home/atharva/Learning_ROS2/ros2_ws/install/my_py_pkg:/home/atharva/Learning_ROS2/ros2_ws/install/my_robot_interfaces:${AMENT_PREFIX_PATH} CMAKE_PREFIX_PATH=/home/atharva/Learning_ROS2/ros2_ws/install/my_robot_interfaces:/home/atharva/ros2_ws/install/turtlesim_catch_em_all:/home/atharva/ros2_ws/install/radio_station_bringup:/home/atharva/ros2_ws/install/my_robot_bringup:/home/atharva/ros2_ws/install/my_py_pkg:/home/atharva/ros2_ws/install/my_robot_interfaces:/home/atharva/ros2_ws/install/my_robot_description:/opt/ros/humble LD_LIBRARY_PATH=/home/atharva/Learning_ROS2/ros2_ws/install/my_robot_interfaces/lib:${LD_LIBRARY_PATH} PYTHONPATH=/home/atharva/Learning_ROS2/ros2_ws/install/my_py_pkg/lib/python3.10/site-packages:/home/atharva/Learning_ROS2/ros2_ws/install/my_robot_interfaces/local/lib/python3.10/dist-packages:${PYTHONPATH} /usr/bin/cmake --install /home/atharva/Learning_ROS2/ros2_ws/build/radio_station_bringup
