[0.102s] Invoking command in '/home/atharva/ros2_ws/build/my_robot_description': /usr/bin/cmake --build /home/atharva/ros2_ws/build/my_robot_description -- -j4 -l4
[0.171s] Invoked command in '/home/atharva/ros2_ws/build/my_robot_description' returned '0': /usr/bin/cmake --build /home/atharva/ros2_ws/build/my_robot_description -- -j4 -l4
[0.247s] Invoking command in '/home/atharva/ros2_ws/build/my_robot_description': /usr/bin/cmake --install /home/atharva/ros2_ws/build/my_robot_description
[0.260s] -- Install configuration: ""
[0.261s] -- Up-to-date: /home/atharva/ros2_ws/install/my_robot_description/share/my_robot_description//urdf
[0.261s] -- Up-to-date: /home/atharva/ros2_ws/install/my_robot_description/share/my_robot_description//urdf/my_robot.urdf
[0.262s] -- Up-to-date: /home/atharva/ros2_ws/install/my_robot_description/share/ament_index/resource_index/package_run_dependencies/my_robot_description
[0.262s] -- Up-to-date: /home/atharva/ros2_ws/install/my_robot_description/share/ament_index/resource_index/parent_prefix_path/my_robot_description
[0.262s] -- Up-to-date: /home/atharva/ros2_ws/install/my_robot_description/share/my_robot_description/environment/ament_prefix_path.sh
[0.263s] -- Up-to-date: /home/atharva/ros2_ws/install/my_robot_description/share/my_robot_description/environment/ament_prefix_path.dsv
[0.263s] -- Up-to-date: /home/atharva/ros2_ws/install/my_robot_description/share/my_robot_description/environment/path.sh
[0.263s] -- Up-to-date: /home/atharva/ros2_ws/install/my_robot_description/share/my_robot_description/environment/path.dsv
[0.264s] -- Up-to-date: /home/atharva/ros2_ws/install/my_robot_description/share/my_robot_description/local_setup.bash
[0.264s] -- Up-to-date: /home/atharva/ros2_ws/install/my_robot_description/share/my_robot_description/local_setup.sh
[0.264s] -- Up-to-date: /home/atharva/ros2_ws/install/my_robot_description/share/my_robot_description/local_setup.zsh
[0.264s] -- Up-to-date: /home/atharva/ros2_ws/install/my_robot_description/share/my_robot_description/local_setup.dsv
[0.264s] -- Installing: /home/atharva/ros2_ws/install/my_robot_description/share/my_robot_description/package.dsv
[0.264s] -- Up-to-date: /home/atharva/ros2_ws/install/my_robot_description/share/ament_index/resource_index/packages/my_robot_description
[0.265s] -- Up-to-date: /home/atharva/ros2_ws/install/my_robot_description/share/my_robot_description/cmake/my_robot_descriptionConfig.cmake
[0.265s] -- Up-to-date: /home/atharva/ros2_ws/install/my_robot_description/share/my_robot_description/cmake/my_robot_descriptionConfig-version.cmake
[0.265s] -- Up-to-date: /home/atharva/ros2_ws/install/my_robot_description/share/my_robot_description/package.xml
[0.269s] Invoked command in '/home/atharva/ros2_ws/build/my_robot_description' returned '0': /usr/bin/cmake --install /home/atharva/ros2_ws/build/my_robot_description
