[0.052s] Invoking command in '/home/atharva/Learning_ROS2/ros2_ws/build/launches': CMAKE_PREFIX_PATH=${CMAKE_PREFIX_PATH}:/opt/ros/humble /usr/bin/cmake /home/atharva/Learning_ROS2/ros2_ws/src/autocar/launches -DCMAKE_INSTALL_PREFIX=/home/atharva/Learning_ROS2/ros2_ws/install/launches
[0.075s] -- The C compiler identification is GNU 11.4.0
[0.114s] -- The CXX compiler identification is GNU 11.4.0
[0.114s] -- Detecting C compiler ABI info
[0.145s] -- Detecting C compiler ABI info - done
[0.150s] -- Check for working C compiler: /usr/bin/cc - skipped
[0.150s] -- Detecting C compile features
[0.151s] -- Detecting C compile features - done
[0.152s] -- Detecting CXX compiler ABI info
[0.191s] -- Detecting CXX compiler ABI info - done
[0.195s] -- Check for working CXX compiler: /usr/bin/c++ - skipped
[0.195s] -- Detecting CXX compile features
[0.196s] -- Detecting CXX compile features - done
[0.197s] -- Found ament_cmake: 1.3.6 (/opt/ros/humble/share/ament_cmake/cmake)
[0.272s] -- Found Python3: /usr/bin/python3.10 (found version "3.10.12") found components: Interpreter 
[0.347s] [31mCMake Error at CMakeLists.txt:27 (find_package):
[0.347s]   By not providing "Findament_lint_auto.cmake" in CMAKE_MODULE_PATH this
[0.347s]   project has asked CMake to find a package configuration file provided by
[0.347s]   "ament_lint_auto", but CMake did not find one.
[0.347s] 
[0.347s]   Could not find a package configuration file provided by "ament_lint_auto"
[0.347s]   with any of the following names:
[0.347s] 
[0.347s]     ament_lint_autoConfig.cmake
[0.347s]     ament_lint_auto-config.cmake
[0.348s] 
[0.348s]   Add the installation prefix of "ament_lint_auto" to CMAKE_PREFIX_PATH or
[0.348s]   set "ament_lint_auto_DIR" to a directory containing one of the above files.
[0.348s]   If "ament_lint_auto" provides a separate development package or SDK, be
[0.348s]   sure it has been installed.
[0.348s] 
[0.348s] [0m
[0.348s] -- Configuring incomplete, errors occurred!
[0.348s] See also "/home/atharva/Learning_ROS2/ros2_ws/build/launches/CMakeFiles/CMakeOutput.log".
[0.363s] Invoked command in '/home/atharva/Learning_ROS2/ros2_ws/build/launches' returned '1': CMAKE_PREFIX_PATH=${CMAKE_PREFIX_PATH}:/opt/ros/humble /usr/bin/cmake /home/atharva/Learning_ROS2/ros2_ws/src/autocar/launches -DCMAKE_INSTALL_PREFIX=/home/atharva/Learning_ROS2/ros2_ws/install/launches
