[0.093s] Invoking command in '/home/atharva/Learning_ROS2/ros2_ws/build/my_robot_gazebo_bringup': AMENT_PREFIX_PATH=${AMENT_PREFIX_PATH}/my_robot_description:/home/atharva/Learning_ROS2/ros2_ws/install CMAKE_PREFIX_PATH=/home/atharva/Learning_ROS2/ros2_ws/install/my_robot_description:/home/atharva/Learning_ROS2/ros2_ws/install/radio_station_bringup:/home/atharva/Learning_ROS2/ros2_ws/install/my_robot_bringup:/home/atharva/Learning_ROS2/ros2_ws/install/my_robot_interfaces:/home/atharva/Learning_ROS2/ros2_ws/install/my_robot_gazebo_bringup:/home/atharva/Learning_ROS2/ros2_ws/install /usr/bin/cmake --build /home/atharva/Learning_ROS2/ros2_ws/build/my_robot_gazebo_bringup -- -j4 -l4
[0.132s] Invoked command in '/home/atharva/Learning_ROS2/ros2_ws/build/my_robot_gazebo_bringup' returned '0': AMENT_PREFIX_PATH=${AMENT_PREFIX_PATH}/my_robot_description:/home/atharva/Learning_ROS2/ros2_ws/install CMAKE_PREFIX_PATH=/home/atharva/Learning_ROS2/ros2_ws/install/my_robot_description:/home/atharva/Learning_ROS2/ros2_ws/install/radio_station_bringup:/home/atharva/Learning_ROS2/ros2_ws/install/my_robot_bringup:/home/atharva/Learning_ROS2/ros2_ws/install/my_robot_interfaces:/home/atharva/Learning_ROS2/ros2_ws/install/my_robot_gazebo_bringup:/home/atharva/Learning_ROS2/ros2_ws/install /usr/bin/cmake --build /home/atharva/Learning_ROS2/ros2_ws/build/my_robot_gazebo_bringup -- -j4 -l4
[0.175s] Invoking command in '/home/atharva/Learning_ROS2/ros2_ws/build/my_robot_gazebo_bringup': AMENT_PREFIX_PATH=${AMENT_PREFIX_PATH}/my_robot_description:/home/atharva/Learning_ROS2/ros2_ws/install CMAKE_PREFIX_PATH=/home/atharva/Learning_ROS2/ros2_ws/install/my_robot_description:/home/atharva/Learning_ROS2/ros2_ws/install/radio_station_bringup:/home/atharva/Learning_ROS2/ros2_ws/install/my_robot_bringup:/home/atharva/Learning_ROS2/ros2_ws/install/my_robot_interfaces:/home/atharva/Learning_ROS2/ros2_ws/install/my_robot_gazebo_bringup:/home/atharva/Learning_ROS2/ros2_ws/install /usr/bin/cmake --install /home/atharva/Learning_ROS2/ros2_ws/build/my_robot_gazebo_bringup
[0.188s] -- Install configuration: ""
[0.189s] -- Execute custom install script
[0.190s] -- Up-to-date symlink: /home/atharva/Learning_ROS2/ros2_ws/install/my_robot_gazebo_bringup/share/my_robot_gazebo_bringup//launch/my_robot_gazebo.launch.xml
[0.190s] -- Up-to-date symlink: /home/atharva/Learning_ROS2/ros2_ws/install/my_robot_gazebo_bringup/share/my_robot_gazebo_bringup//rviz/urdf_config.rviz
[0.190s] -- Up-to-date symlink: /home/atharva/Learning_ROS2/ros2_ws/install/my_robot_gazebo_bringup/share/ament_index/resource_index/package_run_dependencies/my_robot_gazebo_bringup
[0.191s] -- Up-to-date symlink: /home/atharva/Learning_ROS2/ros2_ws/install/my_robot_gazebo_bringup/share/ament_index/resource_index/parent_prefix_path/my_robot_gazebo_bringup
[0.191s] -- Up-to-date symlink: /home/atharva/Learning_ROS2/ros2_ws/install/my_robot_gazebo_bringup/share/my_robot_gazebo_bringup/environment/ament_prefix_path.sh
[0.191s] -- Up-to-date symlink: /home/atharva/Learning_ROS2/ros2_ws/install/my_robot_gazebo_bringup/share/my_robot_gazebo_bringup/environment/ament_prefix_path.dsv
[0.191s] -- Up-to-date symlink: /home/atharva/Learning_ROS2/ros2_ws/install/my_robot_gazebo_bringup/share/my_robot_gazebo_bringup/environment/path.sh
[0.192s] -- Up-to-date symlink: /home/atharva/Learning_ROS2/ros2_ws/install/my_robot_gazebo_bringup/share/my_robot_gazebo_bringup/environment/path.dsv
[0.192s] -- Up-to-date symlink: /home/atharva/Learning_ROS2/ros2_ws/install/my_robot_gazebo_bringup/share/my_robot_gazebo_bringup/local_setup.bash
[0.192s] -- Up-to-date symlink: /home/atharva/Learning_ROS2/ros2_ws/install/my_robot_gazebo_bringup/share/my_robot_gazebo_bringup/local_setup.sh
[0.193s] -- Up-to-date symlink: /home/atharva/Learning_ROS2/ros2_ws/install/my_robot_gazebo_bringup/share/my_robot_gazebo_bringup/local_setup.zsh
[0.193s] -- Up-to-date symlink: /home/atharva/Learning_ROS2/ros2_ws/install/my_robot_gazebo_bringup/share/my_robot_gazebo_bringup/local_setup.dsv
[0.193s] -- Symlinking: /home/atharva/Learning_ROS2/ros2_ws/install/my_robot_gazebo_bringup/share/my_robot_gazebo_bringup/package.dsv
[0.205s] -- Up-to-date symlink: /home/atharva/Learning_ROS2/ros2_ws/install/my_robot_gazebo_bringup/share/ament_index/resource_index/packages/my_robot_gazebo_bringup
[0.205s] -- Up-to-date symlink: /home/atharva/Learning_ROS2/ros2_ws/install/my_robot_gazebo_bringup/share/my_robot_gazebo_bringup/cmake/my_robot_gazebo_bringupConfig.cmake
[0.206s] -- Up-to-date symlink: /home/atharva/Learning_ROS2/ros2_ws/install/my_robot_gazebo_bringup/share/my_robot_gazebo_bringup/cmake/my_robot_gazebo_bringupConfig-version.cmake
[0.206s] -- Up-to-date symlink: /home/atharva/Learning_ROS2/ros2_ws/install/my_robot_gazebo_bringup/share/my_robot_gazebo_bringup/package.xml
[0.209s] Invoked command in '/home/atharva/Learning_ROS2/ros2_ws/build/my_robot_gazebo_bringup' returned '0': AMENT_PREFIX_PATH=${AMENT_PREFIX_PATH}/my_robot_description:/home/atharva/Learning_ROS2/ros2_ws/install CMAKE_PREFIX_PATH=/home/atharva/Learning_ROS2/ros2_ws/install/my_robot_description:/home/atharva/Learning_ROS2/ros2_ws/install/radio_station_bringup:/home/atharva/Learning_ROS2/ros2_ws/install/my_robot_bringup:/home/atharva/Learning_ROS2/ros2_ws/install/my_robot_interfaces:/home/atharva/Learning_ROS2/ros2_ws/install/my_robot_gazebo_bringup:/home/atharva/Learning_ROS2/ros2_ws/install /usr/bin/cmake --install /home/atharva/Learning_ROS2/ros2_ws/build/my_robot_gazebo_bringup
